#
# A fatal error has been detected by the Java Runtime Environment:
#
#  EXCEPTION_ACCESS_VIOLATION (0xc0000005) at pc=0x00007ffdbbf162a9, pid=12220, tid=2492
#
# JRE version: Java(TM) SE Runtime Environment (17.0.9+11) (build 17.0.9+11-LTS-201)
# Java VM: Java HotSpot(TM) 64-Bit Server VM (17.0.9+11-LTS-201, mixed mode, sharing, tiered, compressed oops, compressed class ptrs, g1 gc, windows-amd64)
# Problematic frame:
# V  [jvm.dll+0x3062a9]
#
# No core dump will be written. Minidumps are not enabled by default on client versions of Windows
#
# If you would like to submit a bug report, please visit:
#   https://bugreport.java.com/bugreport/crash.jsp
#

---------------  S U M M A R Y ------------

Command Line: -DwatchParentProcess=false -XX:+ExitOnOutOfMemoryError -XX:+HeapDumpOnOutOfMemoryError -XX:HeapDumpPath=c:\Users\SXRBS\AppData\Roaming\Code\User\globalStorage\redhat.vscode-xml -Xmx64M org.eclipse.lemminx.XMLServerLauncher

Host: Intel(R) Core(TM) i7-7700 CPU @ 3.60GHz, 8 cores, 31G,  Windows 10 , 64 bit Build 17763 (10.0.17763.4974)
Time: Tue Feb 27 08:02:20 2024 中国标准时间 elapsed time: 7.611468 seconds (0d 0h 0m 7s)

---------------  T H R E A D  ---------------

Current thread (0x00000118fc40c680):  GCTaskThread "GC Thread#6" [stack: 0x000000055df00000,0x000000055e000000] [id=2492]

Stack: [0x000000055df00000,0x000000055e000000],  sp=0x000000055dfffb70,  free space=1022k
Native frames: (J=compiled Java code, j=interpreted, Vv=VM code, C=native code)
V  [jvm.dll+0x3062a9]
V  [jvm.dll+0x2d98c5]
V  [jvm.dll+0x2d9fea]
V  [jvm.dll+0x2da0e7]
V  [jvm.dll+0x2df56b]
V  [jvm.dll+0x807b5b]
V  [jvm.dll+0x807ba6]
V  [jvm.dll+0x78998a]
V  [jvm.dll+0x677875]
C  [ucrtbase.dll+0x2268a]
C  [KERNEL32.DLL+0x17ac4]
C  [ntdll.dll+0x5a4e1]


siginfo: EXCEPTION_ACCESS_VIOLATION (0xc0000005), reading address 0x0000000000000008


Register to memory mapping:

RIP=0x00007ffdbbf162a9 jvm.dll
RAX=0x0000000000000021 is an unknown value
RBX=0x00000000fc7e4989 is pointing into object: org.apache.xerces.impl.xs.opti.ElementImpl 
{0x00000000fc7e4948} - klass: 'org/apache/xerces/impl/xs/opti/ElementImpl'
 - ---- fields (total size 9 words):
 - 'nodeType' 'S' @12  1
 - 'hidden' 'Z' @14  false
 - 'prefix' 'Ljava/lang/String;' @16  "xs"{0x00000000fc6802e0} (fc6802e0)
 - 'localpart' 'Ljava/lang/String;' @20  "annotation"{0x00000000fc6b6050} (fc6b6050)
 - 'rawname' 'Ljava/lang/String;' @24  "xs:annotation"{0x00000000fc75e288} (fc75e288)
 - 'uri' 'Ljava/lang/String;' @28  "http://www.w3.org/2001/XMLSchema"{0x00000000fc28c8d8} (fc28c8d8)
 - 'row' 'I' @32  209 (d1)
 - 'col' 'I' @36  1
 - 'parentRow' 'I' @40  210 (d2)
 - 'line' 'I' @44  896 (380)
 - 'column' 'I' @48  24 (18)
 - 'charOffset' 'I' @52  45029 (afe5)
 - 'schemaDOM' 'Lorg/apache/xerces/impl/xs/opti/SchemaDOM;' @56  a 'org/apache/xerces/impl/xs/opti/SchemaDOM'{0x00000000fc75d6f8} (fc75d6f8)
 - 'attrs' '[Lorg/w3c/dom/Attr;' @60  a 'org/w3c/dom/Attr'[0] {0x00000000fc7e4990} (fc7e4990)
 - 'fAnnotation' 'Ljava/lang/String;' @64  
[error occurred during error reporting (printing register info), id 0xc0000005, EXCEPTION_ACCESS_VIOLATION (0xc0000005) at pc=0x00007ffdbbf9f7ce]

Registers:
RAX=0x0000000000000021, RBX=0x00000000fc7e4989, RCX=0x0000000000000014, RDX=0x00000000000021a0
RSP=0x000000055dfffb70, RBP=0x0000000000000128, RSI=0x00000000fc7e4988, RDI=0x00000118fd35ae60
R8 =0x00000000fe2e5ce8, R9 =0x1fffffffffffffff, R10=0x0000000000000008, R11=0x00007ffdebe515c3
R12=0x00000118fccf3628, R13=0x00000118fd35ae60, R14=0x0000000000000000, R15=0x0000000000000000
RIP=0x00007ffdbbf162a9, EFLAGS=0x0000000000010206

Top of Stack: (sp=0x000000055dfffb70)
0x000000055dfffb70:   00000118fccf0000 0000000000000001
0x000000055dfffb80:   0000000000000008 0000000000000001
0x000000055dfffb90:   00000118fccf3250 00000118fc4f4c10
0x000000055dfffba0:   000000055dfffc90 0000000000000013
0x000000055dfffbb0:   000000055dfffc20 00007ffdbbee98c5
0x000000055dfffbc0:   000000000000001e 00000118fd35ae60
0x000000055dfffbd0:   0000000000000006 00007ffdbbf0aa57
0x000000055dfffbe0:   000000055c7fe860 00007ffdbc28208f
0x000000055dfffbf0:   0000000000000000 0000000000000000
0x000000055dfffc00:   0000000000000000 0000000000000000
0x000000055dfffc10:   0000000000000000 00007ffdbc3a8157
0x000000055dfffc20:   00000118fccf3250 00000118fc4f4c10
0x000000055dfffc30:   00000000000003d8 00000118fccf3628
0x000000055dfffc40:   0000000000000002 00007ffdbbee9fea
0x000000055dfffc50:   00000118fd35ae60 0000000000000013
0x000000055dfffc60:   000000055c7fe860 0000000000000000 

Instructions: (pc=0x00007ffdbbf162a9)
0x00007ffdbbf161a9:   ff 48 8d 53 fe 48 8b cf e8 5a f4 ff ff e9 35 fd
0x00007ffdbbf161b9:   ff ff 0f 1f 44 00 00 48 8b 77 10 8b ae 80 00 00
0x00007ffdbbf161c9:   00 8b cd 8b 86 00 01 00 00 2b c8 81 e1 ff ff 01
0x00007ffdbbf161d9:   00 41 3b ce 0f 86 e9 02 00 00 ff cd 81 e5 ff ff
0x00007ffdbbf161e9:   01 00 89 ae 80 00 00 00 e8 1a 3b 36 00 90 8b d5
0x00007ffdbbf161f9:   8b 86 00 01 00 00 8b cd 48 8b 9e 80 01 00 00 2b
0x00007ffdbbf16209:   c8 81 e1 ff ff 01 00 81 f9 ff ff 01 00 48 8b 1c
0x00007ffdbbf16219:   eb 41 0f 44 cf 85 c9 75 3d 90 89 6c 24 50 48 8b
0x00007ffdbbf16229:   86 00 01 00 00 48 8b c8 48 c1 e9 20 ff c1 89 4c
0x00007ffdbbf16239:   24 54 3b e8 0f 85 77 02 00 00 48 c1 e1 20 48 0b
0x00007ffdbbf16249:   ca f0 48 0f b1 8e 00 01 00 00 0f 85 61 02 00 00
0x00007ffdbbf16259:   8b 86 00 01 00 00 f6 c3 01 0f 84 2f 01 00 00 8b
0x00007ffdbbf16269:   0d 4a c0 79 00 48 8d 73 ff 48 8b 47 08 44 8b 16
0x00007ffdbbf16279:   49 d3 e2 4c 03 15 2d c0 79 00 8b 88 90 05 00 00
0x00007ffdbbf16289:   49 8b d2 48 8b 80 80 05 00 00 48 d3 ea 0f b7 14
0x00007ffdbbf16299:   50 0f b7 c2 66 c1 e8 08 84 c0 0f 88 17 ff ff ff
0x00007ffdbbf162a9:   4d 8b 02 41 0f b6 c0 24 03 3c 03 75 1e 44 38 3d
0x00007ffdbbf162b9:   88 3c 80 00 74 0f 41 0f b6 c0 24 07 3c 05 75 05
0x00007ffdbbf162c9:   4d 8b c7 eb 17 49 83 e0 fc eb 11 4d 8b c8 48 8b
0x00007ffdbbf162d9:   cf 4d 8b c2 e8 6e ee ff ff 4c 8b c0 8b 0d cd bf
0x00007ffdbbf162e9:   79 00 49 8b d0 48 2b 15 bb bf 79 00 48 d3 ea 89
0x00007ffdbbf162f9:   16 49 8b d0 8b 0d ed 44 80 00 48 33 d6 48 d3 ea
0x00007ffdbbf16309:   48 85 d2 0f 84 ae fe ff ff 48 8b 47 08 48 8b d6
0x00007ffdbbf16319:   8b 88 c0 01 00 00 48 8b 80 b0 01 00 00 48 d3 ea
0x00007ffdbbf16329:   48 8b 0c d0 8b 81 94 00 00 00 d1 e8 a8 01 0f 85
0x00007ffdbbf16339:   83 fe ff ff 48 8b 47 08 8b 88 90 05 00 00 48 8b
0x00007ffdbbf16349:   80 80 05 00 00 49 d3 e8 46 38 3c 40 0f 84 65 fe
0x00007ffdbbf16359:   ff ff 48 8b 47 60 48 c1 ee 09 48 8b 58 40 48 8b
0x00007ffdbbf16369:   48 38 48 03 de 48 2b d9 48 39 9f b0 01 00 00 0f
0x00007ffdbbf16379:   84 42 fe ff ff 48 8d 14 0b 48 8d 4f 18 e8 65 40
0x00007ffdbbf16389:   00 00 48 89 9f b0 01 00 00 e9 29 fe ff ff f6 c3
0x00007ffdbbf16399:   03 0f 85 09 01 00 00 48 8b 47 08 4c 8b 13 49 8b 


Stack slot to memory mapping:
stack at sp + 0 slots: 0x00000118fccf0000 points into unknown readable memory: 0x0000000000000000 | 00 00 00 00 00 00 00 00
stack at sp + 1 slots: 0x0000000000000001 is an unknown value
stack at sp + 2 slots: 0x0000000000000008 is an unknown value
stack at sp + 3 slots: 0x0000000000000001 is an unknown value
stack at sp + 4 slots: 0x00000118fccf3250 points into unknown readable memory: 0x636170612e67726f | 6f 72 67 2e 61 70 61 63
stack at sp + 5 slots: 0x00000118fc4f4c10 points into unknown readable memory: 0x7d35444300000008 | 08 00 00 00 43 44 35 7d
stack at sp + 6 slots: 0x000000055dfffc90 points into unknown readable memory: 0x00007ffdbc509720 | 20 97 50 bc fd 7f 00 00
stack at sp + 7 slots: 0x0000000000000013 is an unknown value


---------------  P R O C E S S  ---------------

Threads class SMR info:
_java_thread_list=0x00000118fe4cd640, length=24, elements={
0x00000118b6df0360, 0x00000118b6df10f0, 0x00000118b6e05310, 0x00000118b6e06cf0,
0x00000118b6e077c0, 0x00000118b6e0a0a0, 0x00000118b6e0aca0, 0x00000118b6e744f0,
0x00000118b6e7a9d0, 0x00000118fc08ff50, 0x00000118fc09aef0, 0x00000118fc3226a0,
0x000001189cb65640, 0x00000118fc4f13e0, 0x00000118fc4fd260, 0x00000118fc444aa0,
0x00000118fc5b9eb0, 0x00000118fce8ae70, 0x00000118fcf0b170, 0x00000118fcf0cac0,
0x00000118fcf0b680, 0x00000118fcf0a750, 0x00000118fc442510, 0x00000118fce0a440
}

Java Threads: ( => current thread )
  0x00000118b6df0360 JavaThread "Reference Handler" daemon [_thread_blocked, id=17440, stack(0x000000055c800000,0x000000055c900000)]
  0x00000118b6df10f0 JavaThread "Finalizer" daemon [_thread_blocked, id=11032, stack(0x000000055c900000,0x000000055ca00000)]
  0x00000118b6e05310 JavaThread "Signal Dispatcher" daemon [_thread_blocked, id=13024, stack(0x000000055ca00000,0x000000055cb00000)]
  0x00000118b6e06cf0 JavaThread "Attach Listener" daemon [_thread_blocked, id=15740, stack(0x000000055cb00000,0x000000055cc00000)]
  0x00000118b6e077c0 JavaThread "Service Thread" daemon [_thread_blocked, id=8924, stack(0x000000055cc00000,0x000000055cd00000)]
  0x00000118b6e0a0a0 JavaThread "Monitor Deflation Thread" daemon [_thread_blocked, id=13560, stack(0x000000055cd00000,0x000000055ce00000)]
  0x00000118b6e0aca0 JavaThread "C2 CompilerThread0" daemon [_thread_in_native, id=17012, stack(0x000000055ce00000,0x000000055cf00000)]
  0x00000118b6e744f0 JavaThread "C1 CompilerThread0" daemon [_thread_blocked, id=4068, stack(0x000000055cf00000,0x000000055d000000)]
  0x00000118b6e7a9d0 JavaThread "Sweeper thread" daemon [_thread_blocked, id=16684, stack(0x000000055d000000,0x000000055d100000)]
  0x00000118fc08ff50 JavaThread "Notification Thread" daemon [_thread_blocked, id=14272, stack(0x000000055d100000,0x000000055d200000)]
  0x00000118fc09aef0 JavaThread "Common-Cleaner" daemon [_thread_blocked, id=17708, stack(0x000000055d300000,0x000000055d400000)]
  0x00000118fc3226a0 JavaThread "pool-4-thread-1" [_thread_in_native, id=13904, stack(0x000000055d400000,0x000000055d500000)]
  0x000001189cb65640 JavaThread "DestroyJavaVM" [_thread_blocked, id=16164, stack(0x000000055c100000,0x000000055c200000)]
  0x00000118fc4f13e0 JavaThread "pool-5-thread-1" [_thread_blocked, id=7488, stack(0x000000055d500000,0x000000055d600000)]
  0x00000118fc4fd260 JavaThread "ForkJoinPool.commonPool-worker-1" daemon [_thread_blocked, id=2612, stack(0x000000055d600000,0x000000055d700000)]
  0x00000118fc444aa0 JavaThread "ForkJoinPool.commonPool-worker-2" daemon [_thread_blocked, id=15888, stack(0x000000055d700000,0x000000055d800000)]
  0x00000118fc5b9eb0 JavaThread "ForkJoinPool.commonPool-worker-3" daemon [_thread_blocked, id=3740, stack(0x000000055d900000,0x000000055da00000)]
  0x00000118fce8ae70 JavaThread "ForkJoinPool.commonPool-worker-4" daemon [_thread_blocked, id=16496, stack(0x000000055e100000,0x000000055e200000)]
  0x00000118fcf0b170 JavaThread "ForkJoinPool.commonPool-worker-5" daemon [_thread_blocked, id=18392, stack(0x000000055e200000,0x000000055e300000)]
  0x00000118fcf0cac0 JavaThread "ForkJoinPool.commonPool-worker-6" daemon [_thread_blocked, id=17476, stack(0x000000055e300000,0x000000055e400000)]
  0x00000118fcf0b680 JavaThread "ForkJoinPool.commonPool-worker-7" daemon [_thread_blocked, id=18364, stack(0x000000055e400000,0x000000055e500000)]
  0x00000118fcf0a750 JavaThread "Keep-Alive-Timer" daemon [_thread_blocked, id=11784, stack(0x000000055e600000,0x000000055e700000)]
  0x00000118fc442510 JavaThread "C2 CompilerThread1" daemon [_thread_blocked, id=17088, stack(0x000000055d800000,0x000000055d900000)]
  0x00000118fce0a440 JavaThread "C2 CompilerThread2" daemon [_thread_blocked, id=18080, stack(0x000000055e500000,0x000000055e600000)]

Other Threads:
  0x00000118b6de90e0 VMThread "VM Thread" [stack: 0x000000055c700000,0x000000055c800000] [id=8552]
  0x00000118fc09a850 WatcherThread [stack: 0x000000055d200000,0x000000055d300000] [id=17648]
  0x000001189cb88630 GCTaskThread "GC Thread#0" [stack: 0x000000055c200000,0x000000055c300000] [id=948]
  0x00000118fc40c3c0 GCTaskThread "GC Thread#1" [stack: 0x000000055da00000,0x000000055db00000] [id=14376]
  0x00000118fc40c100 GCTaskThread "GC Thread#2" [stack: 0x000000055db00000,0x000000055dc00000] [id=13824]
  0x00000118fc40c940 GCTaskThread "GC Thread#3" [stack: 0x000000055dc00000,0x000000055dd00000] [id=7016]
  0x00000118fc40d180 GCTaskThread "GC Thread#4" [stack: 0x000000055dd00000,0x000000055de00000] [id=13424]
  0x00000118fc40cec0 GCTaskThread "GC Thread#5" [stack: 0x000000055de00000,0x000000055df00000] [id=15472]
=>0x00000118fc40c680 GCTaskThread "GC Thread#6" [stack: 0x000000055df00000,0x000000055e000000] [id=2492]
  0x00000118fc40d440 GCTaskThread "GC Thread#7" [stack: 0x000000055e000000,0x000000055e100000] [id=9164]
  0x000001189cb833f0 ConcurrentGCThread "G1 Main Marker" [stack: 0x000000055c300000,0x000000055c400000] [id=3852]
  0x000001189cb8b2f0 ConcurrentGCThread "G1 Conc#0" [stack: 0x000000055c400000,0x000000055c500000] [id=1956]
  0x000001189cbee820 ConcurrentGCThread "G1 Refine#0" [stack: 0x000000055c500000,0x000000055c600000] [id=12916]
  0x00000118b6cb02e0 ConcurrentGCThread "G1 Service" [stack: 0x000000055c600000,0x000000055c700000] [id=16248]

Threads with active compile tasks:
C2 CompilerThread0     7725 3237 % !   4       org.eclipse.lemminx.dom.DOMParser::parse @ 117 (3383 bytes)
C1 CompilerThread0     7725 3272       3       org.apache.xerces.util.URI::initialize (396 bytes)
C2 CompilerThread1     7725 3264       4       org.apache.xerces.impl.XMLScanner::scanAttributeValue (996 bytes)
C2 CompilerThread2     7725 3263       4       org.apache.xerces.impl.XMLNSDocumentScannerImpl::scanStartElement (873 bytes)

VM state: at safepoint (normal execution)

VM Mutex/Monitor currently owned by a thread:  ([mutex/lock_event])
[0x000001189cb62790] Threads_lock - owner thread: 0x00000118b6de90e0
[0x000001189cb628b0] Heap_lock - owner thread: 0x00000118fc444aa0

Heap address: 0x00000000fc000000, size: 64 MB, Compressed Oops mode: 32-bit

CDS archive(s) mapped at: [0x00000118b7000000-0x00000118b7bd0000-0x00000118b7bd0000), size 12386304, SharedBaseAddress: 0x00000118b7000000, ArchiveRelocationMode: 1.
Compressed class space mapped at: 0x00000118b8000000-0x00000118f8000000, reserved size: 1073741824
Narrow klass base: 0x00000118b7000000, Narrow klass shift: 0, Narrow klass range: 0x100000000

GC Precious Log:
 CPUs: 8 total, 8 available
 Memory: 32674M
 Large Page Support: Disabled
 NUMA Support: Disabled
 Compressed Oops: Enabled (32-bit)
 Heap Region Size: 1M
 Heap Min Capacity: 8M
 Heap Initial Capacity: 64M
 Heap Max Capacity: 64M
 Pre-touch: Disabled
 Parallel Workers: 8
 Concurrent Workers: 2
 Concurrent Refinement Workers: 8
 Periodic GC: Disabled

Heap:
 garbage-first heap   total 65536K, used 46726K [0x00000000fc000000, 0x0000000100000000)
  region size 1024K, 30 young (30720K), 4 survivors (4096K)
 Metaspace       used 18160K, committed 18368K, reserved 1114112K
  class space    used 2069K, committed 2176K, reserved 1048576K

Heap Regions: E=young(eden), S=young(survivor), O=old, HS=humongous(starts), HC=humongous(continues), CS=collection set, F=free, OA=open archive, CA=closed archive, TAMS=top-at-mark-start (previous, next)
|   0|0x00000000fc000000, 0x00000000fc100000, 0x00000000fc100000|100%|HS|  |TAMS 0x00000000fc000000, 0x00000000fc000000| Complete 
|   1|0x00000000fc100000, 0x00000000fc200000, 0x00000000fc200000|100%| O|  |TAMS 0x00000000fc100000, 0x00000000fc100000| Untracked 
|   2|0x00000000fc200000, 0x00000000fc300000, 0x00000000fc300000|100%| O|  |TAMS 0x00000000fc200000, 0x00000000fc200000| Untracked 
|   3|0x00000000fc300000, 0x00000000fc400000, 0x00000000fc400000|100%| O|  |TAMS 0x00000000fc300000, 0x00000000fc300000| Untracked 
|   4|0x00000000fc400000, 0x00000000fc500000, 0x00000000fc500000|100%| O|  |TAMS 0x00000000fc400000, 0x00000000fc400000| Untracked 
|   5|0x00000000fc500000, 0x00000000fc600000, 0x00000000fc600000|100%| O|  |TAMS 0x00000000fc500000, 0x00000000fc500000| Untracked 
|   6|0x00000000fc600000, 0x00000000fc700000, 0x00000000fc700000|100%| O|  |TAMS 0x00000000fc600000, 0x00000000fc600000| Untracked 
|   7|0x00000000fc700000, 0x00000000fc800000, 0x00000000fc800000|100%| O|  |TAMS 0x00000000fc700000, 0x00000000fc700000| Untracked 
|   8|0x00000000fc800000, 0x00000000fc900000, 0x00000000fc900000|100%| O|  |TAMS 0x00000000fc800000, 0x00000000fc800000| Untracked 
|   9|0x00000000fc900000, 0x00000000fca00000, 0x00000000fca00000|100%| O|  |TAMS 0x00000000fc900000, 0x00000000fc900000| Untracked 
|  10|0x00000000fca00000, 0x00000000fcb00000, 0x00000000fcb00000|100%|HS|  |TAMS 0x00000000fca00000, 0x00000000fca00000| Complete 
|  11|0x00000000fcb00000, 0x00000000fcc00000, 0x00000000fcc00000|100%|HS|  |TAMS 0x00000000fcb00000, 0x00000000fcb00000| Complete 
|  12|0x00000000fcc00000, 0x00000000fcd00000, 0x00000000fcd00000|100%|HS|  |TAMS 0x00000000fcc00000, 0x00000000fcc00000| Complete 
|  13|0x00000000fcd00000, 0x00000000fce00000, 0x00000000fce00000|100%|HS|  |TAMS 0x00000000fcd00000, 0x00000000fcd00000| Complete 
|  14|0x00000000fce00000, 0x00000000fcf00000, 0x00000000fcf00000|100%|HC|  |TAMS 0x00000000fce00000, 0x00000000fce00000| Complete 
|  15|0x00000000fcf00000, 0x00000000fd000000, 0x00000000fd000000|100%|HS|  |TAMS 0x00000000fcf00000, 0x00000000fcf00000| Complete 
|  16|0x00000000fd000000, 0x00000000fd100000, 0x00000000fd100000|100%| O|  |TAMS 0x00000000fd000000, 0x00000000fd000000| Untracked 
|  17|0x00000000fd100000, 0x00000000fd200000, 0x00000000fd200000|100%| O|  |TAMS 0x00000000fd100000, 0x00000000fd100000| Untracked 
|  18|0x00000000fd200000, 0x00000000fd300000, 0x00000000fd300000|100%| O|  |TAMS 0x00000000fd200000, 0x00000000fd200000| Untracked 
|  19|0x00000000fd300000, 0x00000000fd400000, 0x00000000fd400000|100%| O|  |TAMS 0x00000000fd300000, 0x00000000fd300000| Untracked 
|  20|0x00000000fd400000, 0x00000000fd500000, 0x00000000fd500000|100%| O|  |TAMS 0x00000000fd400000, 0x00000000fd400000| Untracked 
|  21|0x00000000fd500000, 0x00000000fd600000, 0x00000000fd600000|100%| O|  |TAMS 0x00000000fd500000, 0x00000000fd500000| Untracked 
|  22|0x00000000fd600000, 0x00000000fd700000, 0x00000000fd700000|100%| O|  |TAMS 0x00000000fd600000, 0x00000000fd600000| Untracked 
|  23|0x00000000fd700000, 0x00000000fd800000, 0x00000000fd800000|100%| O|  |TAMS 0x00000000fd700000, 0x00000000fd700000| Untracked 
|  24|0x00000000fd800000, 0x00000000fd800000, 0x00000000fd900000|  0%| F|  |TAMS 0x00000000fd800000, 0x00000000fd800000| Untracked 
|  25|0x00000000fd900000, 0x00000000fd900000, 0x00000000fda00000|  0%| F|  |TAMS 0x00000000fd900000, 0x00000000fd900000| Untracked 
|  26|0x00000000fda00000, 0x00000000fda00000, 0x00000000fdb00000|  0%| F|  |TAMS 0x00000000fda00000, 0x00000000fda00000| Untracked 
|  27|0x00000000fdb00000, 0x00000000fdb00000, 0x00000000fdc00000|  0%| F|  |TAMS 0x00000000fdb00000, 0x00000000fdb00000| Untracked 
|  28|0x00000000fdc00000, 0x00000000fdc00000, 0x00000000fdd00000|  0%| F|  |TAMS 0x00000000fdc00000, 0x00000000fdc00000| Untracked 
|  29|0x00000000fdd00000, 0x00000000fdd00000, 0x00000000fde00000|  0%| F|  |TAMS 0x00000000fdd00000, 0x00000000fdd00000| Untracked 
|  30|0x00000000fde00000, 0x00000000fded4798, 0x00000000fdf00000| 82%| E|CS|TAMS 0x00000000fde00000, 0x00000000fde00000| Complete 
|  31|0x00000000fdf00000, 0x00000000fe000000, 0x00000000fe000000|100%| E|CS|TAMS 0x00000000fdf00000, 0x00000000fdf00000| Complete 
|  32|0x00000000fe000000, 0x00000000fe100000, 0x00000000fe100000|100%| S|  |TAMS 0x00000000fe000000, 0x00000000fe000000| Complete 
|  33|0x00000000fe100000, 0x00000000fe200000, 0x00000000fe200000|100%| S|  |TAMS 0x00000000fe100000, 0x00000000fe100000| Complete 
|  34|0x00000000fe200000, 0x00000000fe300000, 0x00000000fe300000|100%| S|  |TAMS 0x00000000fe200000, 0x00000000fe200000| Complete 
|  35|0x00000000fe300000, 0x00000000fe400000, 0x00000000fe400000|100%| S|  |TAMS 0x00000000fe300000, 0x00000000fe300000| Complete 
|  36|0x00000000fe400000, 0x00000000fe500000, 0x00000000fe500000|100%| E|CS|TAMS 0x00000000fe400000, 0x00000000fe400000| Complete 
|  37|0x00000000fe500000, 0x00000000fe600000, 0x00000000fe600000|100%| E|CS|TAMS 0x00000000fe500000, 0x00000000fe500000| Complete 
|  38|0x00000000fe600000, 0x00000000fe700000, 0x00000000fe700000|100%| E|CS|TAMS 0x00000000fe600000, 0x00000000fe600000| Complete 
|  39|0x00000000fe700000, 0x00000000fe800000, 0x00000000fe800000|100%| E|CS|TAMS 0x00000000fe700000, 0x00000000fe700000| Complete 
|  40|0x00000000fe800000, 0x00000000fe900000, 0x00000000fe900000|100%| E|CS|TAMS 0x00000000fe800000, 0x00000000fe800000| Complete 
|  41|0x00000000fe900000, 0x00000000fea00000, 0x00000000fea00000|100%| E|CS|TAMS 0x00000000fe900000, 0x00000000fe900000| Complete 
|  42|0x00000000fea00000, 0x00000000feb00000, 0x00000000feb00000|100%| E|CS|TAMS 0x00000000fea00000, 0x00000000fea00000| Complete 
|  43|0x00000000feb00000, 0x00000000fec00000, 0x00000000fec00000|100%| E|CS|TAMS 0x00000000feb00000, 0x00000000feb00000| Complete 
|  44|0x00000000fec00000, 0x00000000fed00000, 0x00000000fed00000|100%| E|CS|TAMS 0x00000000fec00000, 0x00000000fec00000| Complete 
|  45|0x00000000fed00000, 0x00000000fee00000, 0x00000000fee00000|100%| E|CS|TAMS 0x00000000fed00000, 0x00000000fed00000| Complete 
|  46|0x00000000fee00000, 0x00000000fef00000, 0x00000000fef00000|100%| E|CS|TAMS 0x00000000fee00000, 0x00000000fee00000| Complete 
|  47|0x00000000fef00000, 0x00000000ff000000, 0x00000000ff000000|100%| E|CS|TAMS 0x00000000fef00000, 0x00000000fef00000| Complete 
|  48|0x00000000ff000000, 0x00000000ff100000, 0x00000000ff100000|100%| E|CS|TAMS 0x00000000ff000000, 0x00000000ff000000| Complete 
|  49|0x00000000ff100000, 0x00000000ff200000, 0x00000000ff200000|100%| E|CS|TAMS 0x00000000ff100000, 0x00000000ff100000| Complete 
|  50|0x00000000ff200000, 0x00000000ff300000, 0x00000000ff300000|100%| E|CS|TAMS 0x00000000ff200000, 0x00000000ff200000| Complete 
|  51|0x00000000ff300000, 0x00000000ff400000, 0x00000000ff400000|100%| E|CS|TAMS 0x00000000ff300000, 0x00000000ff300000| Complete 
|  52|0x00000000ff400000, 0x00000000ff500000, 0x00000000ff500000|100%| E|CS|TAMS 0x00000000ff400000, 0x00000000ff400000| Complete 
|  53|0x00000000ff500000, 0x00000000ff600000, 0x00000000ff600000|100%| E|CS|TAMS 0x00000000ff500000, 0x00000000ff500000| Complete 
|  54|0x00000000ff600000, 0x00000000ff700000, 0x00000000ff700000|100%| E|CS|TAMS 0x00000000ff600000, 0x00000000ff600000| Complete 
|  55|0x00000000ff700000, 0x00000000ff800000, 0x00000000ff800000|100%| E|CS|TAMS 0x00000000ff700000, 0x00000000ff700000| Complete 
|  56|0x00000000ff800000, 0x00000000ff900000, 0x00000000ff900000|100%| E|CS|TAMS 0x00000000ff800000, 0x00000000ff800000| Complete 
|  57|0x00000000ff900000, 0x00000000ffa00000, 0x00000000ffa00000|100%| E|CS|TAMS 0x00000000ff900000, 0x00000000ff900000| Complete 
|  58|0x00000000ffa00000, 0x00000000ffb00000, 0x00000000ffb00000|100%| E|CS|TAMS 0x00000000ffa00000, 0x00000000ffa00000| Complete 
|  59|0x00000000ffb00000, 0x00000000ffc00000, 0x00000000ffc00000|100%| E|CS|TAMS 0x00000000ffb00000, 0x00000000ffb00000| Complete 
|  60|0x00000000ffc00000, 0x00000000ffd00000, 0x00000000ffd00000|100%| E|CS|TAMS 0x00000000ffc00000, 0x00000000ffc00000| Complete 
|  61|0x00000000ffd00000, 0x00000000ffe00000, 0x00000000ffe00000|100%| E|CS|TAMS 0x00000000ffd00000, 0x00000000ffd00000| Complete 
|  62|0x00000000ffe00000, 0x00000000fff00000, 0x00000000fff00000|100%| E|CS|TAMS 0x00000000ffe00000, 0x00000000ffe00000| Complete 
|  63|0x00000000fff00000, 0x0000000100000000, 0x0000000100000000|100%| E|CS|TAMS 0x00000000fff00000, 0x00000000fff00000| Complete 

Card table byte_map: [0x000001189b2e0000,0x000001189b300000] _byte_map_base: 0x000001189ab00000

Marking Bits (Prev, Next): (CMBitMap*) 0x000001189cb89b70, (CMBitMap*) 0x000001189cb89bb0
 Prev Bits: [0x00000118b4230000, 0x00000118b4330000)
 Next Bits: [0x00000118b4330000, 0x00000118b4430000)

Polling page: 0x000001189b270000

Metaspace:

Usage:
  Non-class:     15.71 MB used.
      Class:      2.02 MB used.
       Both:     17.73 MB used.

Virtual space:
  Non-class space:       64.00 MB reserved,      15.81 MB ( 25%) committed,  1 nodes.
      Class space:        1.00 GB reserved,       2.13 MB ( <1%) committed,  1 nodes.
             Both:        1.06 GB reserved,      17.94 MB (  2%) committed. 

Chunk freelists:
   Non-Class:  103.00 KB
       Class:  13.74 MB
        Both:  13.84 MB

MaxMetaspaceSize: unlimited
CompressedClassSpaceSize: 1.00 GB
Initial GC threshold: 21.00 MB
Current GC threshold: 21.00 MB
CDS: on
MetaspaceReclaimPolicy: balanced
 - commit_granule_bytes: 65536.
 - commit_granule_words: 8192.
 - virtual_space_node_default_size: 8388608.
 - enlarge_chunks_in_place: 1.
 - new_chunks_are_fully_committed: 0.
 - uncommit_free_chunks: 1.
 - use_allocation_guard: 0.
 - handle_deallocations: 1.


Internal statistics:

num_allocs_failed_limit: 0.
num_arena_births: 114.
num_arena_deaths: 0.
num_vsnodes_births: 2.
num_vsnodes_deaths: 0.
num_space_committed: 287.
num_space_uncommitted: 0.
num_chunks_returned_to_freelist: 0.
num_chunks_taken_from_freelist: 541.
num_chunk_merges: 0.
num_chunk_splits: 343.
num_chunks_enlarged: 250.
num_inconsistent_stats: 0.

CodeHeap 'non-profiled nmethods': size=120000Kb used=1560Kb max_used=1560Kb free=118439Kb
 bounds [0x00000118ac290000, 0x00000118ac500000, 0x00000118b37c0000]
CodeHeap 'profiled nmethods': size=120000Kb used=7179Kb max_used=7179Kb free=112820Kb
 bounds [0x00000118a47c0000, 0x00000118a4ed0000, 0x00000118abcf0000]
CodeHeap 'non-nmethods': size=5760Kb used=1243Kb max_used=1326Kb free=4516Kb
 bounds [0x00000118abcf0000, 0x00000118abf60000, 0x00000118ac290000]
 total_blobs=3761 nmethods=3216 adapters=457
 compilation: enabled
              stopped_count=0, restarted_count=0
 full_count=0

Compilation events (20 events):
Event: 7.438 Thread 0x00000118b6e744f0 nmethod 3258 0x00000118a4ec0d10 code [0x00000118a4ec0ee0, 0x00000118a4ec12e8]
Event: 7.502 Thread 0x00000118fc442510 3243       4       org.apache.xerces.impl.XMLEntityScanner::scanLiteral (758 bytes)
Event: 7.525 Thread 0x00000118fce0a440 3263       4       org.apache.xerces.impl.XMLNSDocumentScannerImpl::scanStartElement (873 bytes)
Event: 7.527 Thread 0x00000118fc442510 nmethod 3243 0x00000118ac413790 code [0x00000118ac4139a0, 0x00000118ac414b30]
Event: 7.527 Thread 0x00000118fc442510 3259       4       org.apache.xerces.impl.XMLEntityScanner::skipSpaces (285 bytes)
Event: 7.535 Thread 0x00000118fc442510 nmethod 3259 0x00000118ac415610 code [0x00000118ac4157e0, 0x00000118ac415c68]
Event: 7.536 Thread 0x00000118fc442510 3264       4       org.apache.xerces.impl.XMLScanner::scanAttributeValue (996 bytes)
Event: 7.591 Thread 0x00000118b6e744f0 3266       3       com.google.gson.Gson::fromJson (10 bytes)
Event: 7.592 Thread 0x00000118b6e744f0 nmethod 3266 0x00000118a4ec1490 code [0x00000118a4ec1640, 0x00000118a4ec1898]
Event: 7.592 Thread 0x00000118b6e744f0 3267       3       java.util.regex.Pattern$$Lambda$19/0x800000025::is (9 bytes)
Event: 7.592 Thread 0x00000118b6e744f0 nmethod 3267 0x00000118a4ec1990 code [0x00000118a4ec1b20, 0x00000118a4ec1cf8]
Event: 7.592 Thread 0x00000118b6e744f0 3268       3       java.util.regex.Pattern::lambda$Single$7 (11 bytes)
Event: 7.592 Thread 0x00000118b6e744f0 nmethod 3268 0x00000118a4ec1d90 code [0x00000118a4ec1f20, 0x00000118a4ec2078]
Event: 7.593 Thread 0x00000118b6e744f0 3269       3       org.apache.xerces.impl.XMLErrorReporter::<init> (21 bytes)
Event: 7.593 Thread 0x00000118b6e744f0 nmethod 3269 0x00000118a4ec2110 code [0x00000118a4ec22e0, 0x00000118a4ec25e8]
Event: 7.593 Thread 0x00000118b6e744f0 3270       3       java.util.Properties::getProperty (16 bytes)
Event: 7.593 Thread 0x00000118b6e744f0 nmethod 3270 0x00000118a4ec2710 code [0x00000118a4ec28c0, 0x00000118a4ec2ae8]
Event: 7.593 Thread 0x00000118b6e744f0 3271       3       org.apache.xerces.impl.XMLEntityManager$Entity::<init> (15 bytes)
Event: 7.593 Thread 0x00000118b6e744f0 nmethod 3271 0x00000118a4ec2b90 code [0x00000118a4ec2d20, 0x00000118a4ec2ef8]
Event: 7.594 Thread 0x00000118b6e744f0 3272       3       org.apache.xerces.util.URI::initialize (396 bytes)

GC Heap History (7 events):
Event: 2.852 GC heap before
{Heap before GC invocations=0 (full 0):
 garbage-first heap   total 65536K, used 24576K [0x00000000fc000000, 0x0000000100000000)
  region size 1024K, 23 young (23552K), 0 survivors (0K)
 Metaspace       used 7677K, committed 7872K, reserved 1114112K
  class space    used 922K, committed 1024K, reserved 1048576K
}
Event: 3.046 GC heap after
{Heap after GC invocations=1 (full 0):
 garbage-first heap   total 65536K, used 5515K [0x00000000fc000000, 0x0000000100000000)
  region size 1024K, 3 young (3072K), 3 survivors (3072K)
 Metaspace       used 7677K, committed 7872K, reserved 1114112K
  class space    used 922K, committed 1024K, reserved 1048576K
}
Event: 3.909 GC heap before
{Heap before GC invocations=1 (full 0):
 garbage-first heap   total 65536K, used 31115K [0x00000000fc000000, 0x0000000100000000)
  region size 1024K, 28 young (28672K), 3 survivors (3072K)
 Metaspace       used 13463K, committed 13632K, reserved 1114112K
  class space    used 1569K, committed 1664K, reserved 1048576K
}
Event: 3.916 GC heap after
{Heap after GC invocations=2 (full 0):
 garbage-first heap   total 65536K, used 10658K [0x00000000fc000000, 0x0000000100000000)
  region size 1024K, 4 young (4096K), 4 survivors (4096K)
 Metaspace       used 13463K, committed 13632K, reserved 1114112K
  class space    used 1569K, committed 1664K, reserved 1048576K
}
Event: 4.316 GC heap before
{Heap before GC invocations=2 (full 0):
 garbage-first heap   total 65536K, used 37282K [0x00000000fc000000, 0x0000000100000000)
  region size 1024K, 30 young (30720K), 4 survivors (4096K)
 Metaspace       used 15373K, committed 15616K, reserved 1114112K
  class space    used 1756K, committed 1856K, reserved 1048576K
}
Event: 4.321 GC heap after
{Heap after GC invocations=3 (full 0):
 garbage-first heap   total 65536K, used 13958K [0x00000000fc000000, 0x0000000100000000)
  region size 1024K, 4 young (4096K), 4 survivors (4096K)
 Metaspace       used 15373K, committed 15616K, reserved 1114112K
  class space    used 1756K, committed 1856K, reserved 1048576K
}
Event: 7.594 GC heap before
{Heap before GC invocations=3 (full 0):
 garbage-first heap   total 65536K, used 45702K [0x00000000fc000000, 0x0000000100000000)
  region size 1024K, 30 young (30720K), 4 survivors (4096K)
 Metaspace       used 18160K, committed 18368K, reserved 1114112K
  class space    used 2069K, committed 2176K, reserved 1048576K
}

Deoptimization events (20 events):
Event: 5.001 Thread 0x00000118fc4fd260 DEOPT PACKING pc=0x00000118a4e29ad6 sp=0x000000055d6fec90
Event: 5.001 Thread 0x00000118fc4fd260 DEOPT UNPACKING pc=0x00000118abd42b43 sp=0x000000055d6fe130 mode 0
Event: 5.006 Thread 0x00000118fc4fd260 DEOPT PACKING pc=0x00000118a4e29ad6 sp=0x000000055d6fec90
Event: 5.006 Thread 0x00000118fc4fd260 DEOPT UNPACKING pc=0x00000118abd42b43 sp=0x000000055d6fe130 mode 0
Event: 5.011 Thread 0x00000118fc4fd260 DEOPT PACKING pc=0x00000118a4e29ad6 sp=0x000000055d6fec90
Event: 5.011 Thread 0x00000118fc4fd260 DEOPT UNPACKING pc=0x00000118abd42b43 sp=0x000000055d6fe130 mode 0
Event: 5.019 Thread 0x00000118fc5b9eb0 DEOPT PACKING pc=0x00000118a4e29ad6 sp=0x000000055d9feca0
Event: 5.019 Thread 0x00000118fc5b9eb0 DEOPT UNPACKING pc=0x00000118abd42b43 sp=0x000000055d9fe140 mode 0
Event: 5.103 Thread 0x00000118fc444aa0 DEOPT PACKING pc=0x00000118a4d90228 sp=0x000000055d7fdf80
Event: 5.103 Thread 0x00000118fc444aa0 DEOPT UNPACKING pc=0x00000118abd42b43 sp=0x000000055d7fd3c0 mode 0
Event: 5.103 Thread 0x00000118fc444aa0 DEOPT PACKING pc=0x00000118a4d90228 sp=0x000000055d7fdf80
Event: 5.103 Thread 0x00000118fc444aa0 DEOPT UNPACKING pc=0x00000118abd42b43 sp=0x000000055d7fd3c0 mode 0
Event: 5.103 Thread 0x00000118fc444aa0 DEOPT PACKING pc=0x00000118a4d90228 sp=0x000000055d7fdf80
Event: 5.103 Thread 0x00000118fc444aa0 DEOPT UNPACKING pc=0x00000118abd42b43 sp=0x000000055d7fd3c0 mode 0
Event: 7.359 Thread 0x00000118fc3226a0 DEOPT PACKING pc=0x00000118a4e29ad6 sp=0x000000055d4feda0
Event: 7.359 Thread 0x00000118fc3226a0 DEOPT UNPACKING pc=0x00000118abd42b43 sp=0x000000055d4fe228 mode 0
Event: 7.403 Thread 0x00000118fc444aa0 DEOPT PACKING pc=0x00000118a4a85098 sp=0x000000055d7fe820
Event: 7.403 Thread 0x00000118fc444aa0 DEOPT UNPACKING pc=0x00000118abd42b43 sp=0x000000055d7fdd28 mode 0
Event: 7.405 Thread 0x00000118fc444aa0 DEOPT PACKING pc=0x00000118a4a85098 sp=0x000000055d7fe820
Event: 7.405 Thread 0x00000118fc444aa0 DEOPT UNPACKING pc=0x00000118abd42b43 sp=0x000000055d7fdd28 mode 0

Classes unloaded (0 events):
No events

Classes redefined (0 events):
No events

Internal exceptions (20 events):
Event: 5.198 Thread 0x00000118fc444aa0 Exception <a 'sun/nio/fs/WindowsException'{0x00000000ff0d47c0}> (0x00000000ff0d47c0) 
thrown [s\open\src\hotspot\share\prims\jni.cpp, line 516]
Event: 5.198 Thread 0x00000118fc444aa0 Exception <a 'sun/nio/fs/WindowsException'{0x00000000ff0d4ac0}> (0x00000000ff0d4ac0) 
thrown [s\open\src\hotspot\share\prims\jni.cpp, line 516]
Event: 5.198 Thread 0x00000118fc444aa0 Exception <a 'sun/nio/fs/WindowsException'{0x00000000ff0d6ce0}> (0x00000000ff0d6ce0) 
thrown [s\open\src\hotspot\share\prims\jni.cpp, line 516]
Event: 5.198 Thread 0x00000118fc444aa0 Exception <a 'sun/nio/fs/WindowsException'{0x00000000ff0d6fe0}> (0x00000000ff0d6fe0) 
thrown [s\open\src\hotspot\share\prims\jni.cpp, line 516]
Event: 5.198 Thread 0x00000118fc444aa0 Exception <a 'sun/nio/fs/WindowsException'{0x00000000ff0d9230}> (0x00000000ff0d9230) 
thrown [s\open\src\hotspot\share\prims\jni.cpp, line 516]
Event: 5.199 Thread 0x00000118fc444aa0 Exception <a 'sun/nio/fs/WindowsException'{0x00000000ff0d9530}> (0x00000000ff0d9530) 
thrown [s\open\src\hotspot\share\prims\jni.cpp, line 516]
Event: 5.199 Thread 0x00000118fc444aa0 Exception <a 'sun/nio/fs/WindowsException'{0x00000000ff0db768}> (0x00000000ff0db768) 
thrown [s\open\src\hotspot\share\prims\jni.cpp, line 516]
Event: 5.199 Thread 0x00000118fc444aa0 Exception <a 'sun/nio/fs/WindowsException'{0x00000000ff0dba68}> (0x00000000ff0dba68) 
thrown [s\open\src\hotspot\share\prims\jni.cpp, line 516]
Event: 5.200 Thread 0x00000118fc444aa0 Exception <a 'sun/nio/fs/WindowsException'{0x00000000ff0ddc78}> (0x00000000ff0ddc78) 
thrown [s\open\src\hotspot\share\prims\jni.cpp, line 516]
Event: 5.200 Thread 0x00000118fc444aa0 Exception <a 'sun/nio/fs/WindowsException'{0x00000000ff0ddf78}> (0x00000000ff0ddf78) 
thrown [s\open\src\hotspot\share\prims\jni.cpp, line 516]
Event: 5.200 Thread 0x00000118fc444aa0 Exception <a 'sun/nio/fs/WindowsException'{0x00000000ff0e01b0}> (0x00000000ff0e01b0) 
thrown [s\open\src\hotspot\share\prims\jni.cpp, line 516]
Event: 5.200 Thread 0x00000118fc444aa0 Exception <a 'sun/nio/fs/WindowsException'{0x00000000ff0e04b0}> (0x00000000ff0e04b0) 
thrown [s\open\src\hotspot\share\prims\jni.cpp, line 516]
Event: 5.201 Thread 0x00000118fc444aa0 Exception <a 'sun/nio/fs/WindowsException'{0x00000000ff0e26b8}> (0x00000000ff0e26b8) 
thrown [s\open\src\hotspot\share\prims\jni.cpp, line 516]
Event: 5.201 Thread 0x00000118fc444aa0 Exception <a 'sun/nio/fs/WindowsException'{0x00000000ff0e29b8}> (0x00000000ff0e29b8) 
thrown [s\open\src\hotspot\share\prims\jni.cpp, line 516]
Event: 5.201 Thread 0x00000118fc444aa0 Exception <a 'sun/nio/fs/WindowsException'{0x00000000ff0e4c00}> (0x00000000ff0e4c00) 
thrown [s\open\src\hotspot\share\prims\jni.cpp, line 516]
Event: 5.201 Thread 0x00000118fc444aa0 Exception <a 'sun/nio/fs/WindowsException'{0x00000000ff0e4f00}> (0x00000000ff0e4f00) 
thrown [s\open\src\hotspot\share\prims\jni.cpp, line 516]
Event: 5.201 Thread 0x00000118fc444aa0 Exception <a 'sun/nio/fs/WindowsException'{0x00000000ff0e7408}> (0x00000000ff0e7408) 
thrown [s\open\src\hotspot\share\prims\jni.cpp, line 516]
Event: 5.201 Thread 0x00000118fc444aa0 Exception <a 'sun/nio/fs/WindowsException'{0x00000000ff0e7708}> (0x00000000ff0e7708) 
thrown [s\open\src\hotspot\share\prims\jni.cpp, line 516]
Event: 7.594 Thread 0x00000118fc444aa0 Exception <a 'sun/nio/fs/WindowsException'{0x00000000fe6f7ff0}> (0x00000000fe6f7ff0) 
thrown [s\open\src\hotspot\share\prims\jni.cpp, line 516]
Event: 7.594 Thread 0x00000118fc444aa0 Exception <a 'sun/nio/fs/WindowsException'{0x00000000fe6f8360}> (0x00000000fe6f8360) 
thrown [s\open\src\hotspot\share\prims\jni.cpp, line 516]

VM Operations (20 events):
Event: 3.940 Executing VM operation: G1CollectForAllocation done
Event: 4.126 Executing VM operation: HandshakeAllThreads
Event: 4.160 Executing VM operation: HandshakeAllThreads done
Event: 4.316 Executing VM operation: G1CollectForAllocation
Event: 4.321 Executing VM operation: G1CollectForAllocation done
Event: 4.588 Executing VM operation: HandshakeAllThreads
Event: 4.595 Executing VM operation: HandshakeAllThreads done
Event: 4.602 Executing VM operation: ICBufferFull
Event: 4.605 Executing VM operation: ICBufferFull done
Event: 4.620 Executing VM operation: HandshakeAllThreads
Event: 4.620 Executing VM operation: HandshakeAllThreads done
Event: 4.838 Executing VM operation: HandshakeAllThreads
Event: 4.838 Executing VM operation: HandshakeAllThreads done
Event: 4.940 Executing VM operation: HandshakeAllThreads
Event: 4.943 Executing VM operation: HandshakeAllThreads done
Event: 4.986 Executing VM operation: HandshakeAllThreads
Event: 4.988 Executing VM operation: HandshakeAllThreads done
Event: 5.988 Executing VM operation: Cleanup
Event: 5.990 Executing VM operation: Cleanup done
Event: 7.594 Executing VM operation: G1CollectForAllocation

Events (20 events):
Event: 4.980 loading class sun/net/www/protocol/http/HttpURLConnection$10 done
Event: 4.984 loading class sun/net/www/http/ChunkedInputStream
Event: 4.984 loading class sun/net/www/http/ChunkedInputStream done
Event: 4.984 loading class sun/net/www/http/KeepAliveCache$1
Event: 4.984 loading class sun/net/www/http/KeepAliveCache$1 done
Event: 4.985 Thread 0x00000118fcf0a750 Thread added: 0x00000118fcf0a750
Event: 4.985 loading class sun/net/www/http/ClientVector
Event: 4.985 loading class sun/net/www/http/ClientVector done
Event: 4.988 loading class sun/net/www/http/KeepAliveEntry
Event: 4.988 loading class sun/net/www/http/KeepAliveEntry done
Event: 4.989 loading class java/util/concurrent/CompletionException
Event: 4.989 loading class java/util/concurrent/CompletionException done
Event: 5.100 loading class com/sun/crypto/provider/HmacCore$HmacSHA384
Event: 5.100 loading class com/sun/crypto/provider/HmacCore$HmacSHA384 done
Event: 5.126 Thread 0x00000118fcf0cfd0 Thread added: 0x00000118fcf0cfd0
Event: 5.176 Thread 0x00000118fcf0cfd0 Thread exited: 0x00000118fcf0cfd0
Event: 7.359 Thread 0x00000118fce0a440 Thread exited: 0x00000118fce0a440
Event: 7.359 Thread 0x00000118fc442510 Thread exited: 0x00000118fc442510
Event: 7.432 Thread 0x00000118fc442510 Thread added: 0x00000118fc442510
Event: 7.434 Thread 0x00000118fce0a440 Thread added: 0x00000118fce0a440


Dynamic libraries:
0x00007ff601020000 - 0x00007ff601030000 	C:\Program Files\Java\jdk-17\bin\java.exe
0x00007ffdf4f20000 - 0x00007ffdf510e000 	C:\Windows\SYSTEM32\ntdll.dll
0x00007ffdf4d30000 - 0x00007ffdf4de3000 	C:\Windows\System32\KERNEL32.DLL
0x00007ffdf1a20000 - 0x00007ffdf1cbd000 	C:\Windows\System32\KERNELBASE.dll
0x00007ffdf1e10000 - 0x00007ffdf1f0a000 	C:\Windows\System32\ucrtbase.dll
0x00007ffdebb50000 - 0x00007ffdebb69000 	C:\Program Files\Java\jdk-17\bin\jli.dll
0x00007ffdf2490000 - 0x00007ffdf2538000 	C:\Windows\System32\ADVAPI32.dll
0x00007ffdf4c10000 - 0x00007ffdf4cae000 	C:\Windows\System32\msvcrt.dll
0x00007ffdf2670000 - 0x00007ffdf2712000 	C:\Windows\System32\sechost.dll
0x00007ffdf2140000 - 0x00007ffdf225d000 	C:\Windows\System32\RPCRT4.dll
0x00007ffdf2110000 - 0x00007ffdf2136000 	C:\Windows\System32\bcrypt.dll
0x00007ffdf49b0000 - 0x00007ffdf4b47000 	C:\Windows\System32\USER32.dll
0x00007ffdf1200000 - 0x00007ffdf1220000 	C:\Windows\System32\win32u.dll
0x00007ffdf4be0000 - 0x00007ffdf4c09000 	C:\Windows\System32\GDI32.dll
0x00007ffdf0ff0000 - 0x00007ffdf119a000 	C:\Windows\System32\gdi32full.dll
0x00007ffdf1cc0000 - 0x00007ffdf1d60000 	C:\Windows\System32\msvcp_win.dll
0x00007ffdebe50000 - 0x00007ffdebe6b000 	C:\Program Files\Java\jdk-17\bin\VCRUNTIME140.dll
0x00007ffde0410000 - 0x00007ffde0689000 	C:\Windows\WinSxS\amd64_microsoft.windows.common-controls_6595b64144ccf1df_6.0.17763.5458_none_de7234b4534a7f0e\COMCTL32.dll
0x00007ffdf4510000 - 0x00007ffdf483b000 	C:\Windows\System32\combase.dll
0x00007ffdf0c70000 - 0x00007ffdf0c7a000 	C:\Windows\SYSTEM32\VERSION.dll
0x00007ffdf1d80000 - 0x00007ffdf1e02000 	C:\Windows\System32\bcryptPrimitives.dll
0x00007ffdf4bb0000 - 0x00007ffdf4bde000 	C:\Windows\System32\IMM32.DLL
0x00000000510f0000 - 0x00000000510fd000 	C:\Program Files (x86)\360\360Safe\safemon\SafeWrapper.dll
0x00007ffddd050000 - 0x00007ffddd0fc000 	C:\Program Files (x86)\360\360Safe\safemon\libzdtp64.dll
0x00007ffdf2c10000 - 0x00007ffdf4108000 	C:\Windows\System32\SHELL32.dll
0x00007ffdf0fa0000 - 0x00007ffdf0fea000 	C:\Windows\System32\cfgmgr32.dll
0x00007ffdf2280000 - 0x00007ffdf2327000 	C:\Windows\System32\shcore.dll
0x00007ffdf12d0000 - 0x00007ffdf1a17000 	C:\Windows\System32\windows.storage.dll
0x00007ffdf0f70000 - 0x00007ffdf0f93000 	C:\Windows\System32\profapi.dll
0x00007ffdf0ef0000 - 0x00007ffdf0f4d000 	C:\Windows\System32\powrprof.dll
0x00007ffdf4b50000 - 0x00007ffdf4ba2000 	C:\Windows\System32\shlwapi.dll
0x00007ffdf0ed0000 - 0x00007ffdf0ee1000 	C:\Windows\System32\kernel.appcore.dll
0x00007ffdf1d60000 - 0x00007ffdf1d7b000 	C:\Windows\System32\cryptsp.dll
0x00007ffde9d00000 - 0x00007ffde9d0c000 	C:\Program Files\Java\jdk-17\bin\vcruntime140_1.dll
0x00007ffdcea30000 - 0x00007ffdceabe000 	C:\Program Files\Java\jdk-17\bin\msvcp140.dll
0x00007ffdbbc10000 - 0x00007ffdbc7f1000 	C:\Program Files\Java\jdk-17\bin\server\jvm.dll
0x00007ffdf2c00000 - 0x00007ffdf2c08000 	C:\Windows\System32\PSAPI.DLL
0x00007ffde9160000 - 0x00007ffde9169000 	C:\Windows\SYSTEM32\WSOCK32.dll
0x00007ffdf4e80000 - 0x00007ffdf4eed000 	C:\Windows\System32\WS2_32.dll
0x00007ffdeecb0000 - 0x00007ffdeecd4000 	C:\Windows\SYSTEM32\WINMM.dll
0x00007ffdeeb90000 - 0x00007ffdeebbd000 	C:\Windows\SYSTEM32\WINMMBASE.dll
0x00007ffde9150000 - 0x00007ffde915a000 	C:\Program Files\Java\jdk-17\bin\jimage.dll
0x00007ffdf07a0000 - 0x00007ffdf098d000 	C:\Windows\SYSTEM32\DBGHELP.DLL
0x00007ffdf06f0000 - 0x00007ffdf071a000 	C:\Windows\SYSTEM32\dbgcore.DLL
0x00007ffdd5aa0000 - 0x00007ffdd5ac5000 	C:\Program Files\Java\jdk-17\bin\java.dll
0x00007ffdbcb80000 - 0x00007ffdbcc57000 	C:\Program Files\Java\jdk-17\bin\jsvml.dll
0x00007ffdda130000 - 0x00007ffdda149000 	C:\Program Files\Java\jdk-17\bin\net.dll
0x00007ffde5210000 - 0x00007ffde530d000 	C:\Windows\SYSTEM32\WINHTTP.dll
0x00007ffdf0170000 - 0x00007ffdf01d7000 	C:\Windows\system32\mswsock.dll
0x00007ffdda860000 - 0x00007ffdda876000 	C:\Program Files\Java\jdk-17\bin\nio.dll
0x00007ffdd9d80000 - 0x00007ffdd9d98000 	C:\Program Files\Java\jdk-17\bin\zip.dll
0x00007ffdefd50000 - 0x00007ffdefd83000 	C:\Windows\system32\rsaenh.dll
0x00007ffdf0e00000 - 0x00007ffdf0e29000 	C:\Windows\SYSTEM32\USERENV.dll
0x00007ffdf0340000 - 0x00007ffdf034c000 	C:\Windows\SYSTEM32\CRYPTBASE.dll
0x00007ffdf0410000 - 0x00007ffdf044d000 	C:\Windows\SYSTEM32\IPHLPAPI.DLL
0x00007ffdf4e70000 - 0x00007ffdf4e78000 	C:\Windows\System32\NSI.dll
0x00007ffde9c80000 - 0x00007ffde9c96000 	C:\Windows\SYSTEM32\dhcpcsvc6.DLL
0x00007ffde9bb0000 - 0x00007ffde9bcc000 	C:\Windows\SYSTEM32\dhcpcsvc.DLL
0x00007ffdefee0000 - 0x00007ffdeffa6000 	C:\Windows\SYSTEM32\DNSAPI.dll
0x00007ffde5180000 - 0x00007ffde518a000 	C:\Windows\System32\rasadhlp.dll
0x00007ffde3fe0000 - 0x00007ffde4059000 	C:\Windows\System32\fwpuclnt.dll
0x00007ffde9c40000 - 0x00007ffde9c4e000 	C:\Program Files\Java\jdk-17\bin\sunmscapi.dll
0x00007ffdf1f10000 - 0x00007ffdf210e000 	C:\Windows\System32\CRYPT32.dll
0x00007ffdf0f50000 - 0x00007ffdf0f62000 	C:\Windows\System32\MSASN1.dll
0x00007ffdf05a0000 - 0x00007ffdf05cc000 	C:\Windows\SYSTEM32\ncrypt.dll
0x00007ffdf0560000 - 0x00007ffdf059c000 	C:\Windows\SYSTEM32\NTASN1.dll

dbghelp: loaded successfully - version: 4.0.5 - missing functions: none
symbol engine: initialized successfully - sym options: 0x614 - pdb path: .;C:\Program Files\Java\jdk-17\bin;C:\Windows\SYSTEM32;C:\Windows\WinSxS\amd64_microsoft.windows.common-controls_6595b64144ccf1df_6.0.17763.5458_none_de7234b4534a7f0e;C:\Program Files (x86)\360\360Safe\safemon;C:\Program Files\Java\jdk-17\bin\server

VM Arguments:
jvm_args: -DwatchParentProcess=false -XX:+ExitOnOutOfMemoryError -XX:+HeapDumpOnOutOfMemoryError -XX:HeapDumpPath=c:\Users\SXRBS\AppData\Roaming\Code\User\globalStorage\redhat.vscode-xml -Xmx64M 
java_command: org.eclipse.lemminx.XMLServerLauncher
java_class_path (initial): c:\Users\SXRBS\.vscode\extensions\redhat.vscode-xml-0.26.1-win32-x64\server\org.eclipse.lemminx-0.26.1-uber.jar
Launcher Type: SUN_STANDARD

[Global flags]
     intx CICompilerCount                          = 4                                         {product} {ergonomic}
     uint ConcGCThreads                            = 2                                         {product} {ergonomic}
     bool ExitOnOutOfMemoryError                   = true                                      {product} {command line}
     uint G1ConcRefinementThreads                  = 8                                         {product} {ergonomic}
   size_t G1HeapRegionSize                         = 1048576                                   {product} {ergonomic}
    uintx GCDrainStackTargetSize                   = 64                                        {product} {ergonomic}
     bool HeapDumpOnOutOfMemoryError               = true                                   {manageable} {command line}
    ccstr HeapDumpPath                             = c:\Users\SXRBS\AppData\Roaming\Code\User\globalStorage\redhat.vscode-xml         {manageable} {command line}
   size_t InitialHeapSize                          = 67108864                                  {product} {ergonomic}
   size_t MarkStackSize                            = 4194304                                   {product} {ergonomic}
   size_t MaxHeapSize                              = 67108864                                  {product} {command line}
   size_t MaxNewSize                               = 39845888                                  {product} {ergonomic}
   size_t MinHeapDeltaBytes                        = 1048576                                   {product} {ergonomic}
   size_t MinHeapSize                              = 8388608                                   {product} {ergonomic}
    uintx NonNMethodCodeHeapSize                   = 5839372                                {pd product} {ergonomic}
    uintx NonProfiledCodeHeapSize                  = 122909434                              {pd product} {ergonomic}
    uintx ProfiledCodeHeapSize                     = 122909434                              {pd product} {ergonomic}
    uintx ReservedCodeCacheSize                    = 251658240                              {pd product} {ergonomic}
     bool SegmentedCodeCache                       = true                                      {product} {ergonomic}
   size_t SoftMaxHeapSize                          = 67108864                               {manageable} {ergonomic}
     bool UseCompressedClassPointers               = true                           {product lp64_product} {ergonomic}
     bool UseCompressedOops                        = true                           {product lp64_product} {ergonomic}
     bool UseG1GC                                  = true                                      {product} {ergonomic}
     bool UseLargePagesIndividualAllocation        = false                                  {pd product} {ergonomic}

Logging:
Log output configuration:
 #0: stdout all=warning uptime,level,tags
 #1: stderr all=off uptime,level,tags

Environment Variables:
JAVA_HOME=C:\Program Files\Java\jdk-17
PATH=C:\Program Files\Common Files\Oracle\Java\javapath;C:\Windows\system32;C:\Windows;C:\Windows\System32\Wbem;C:\Windows\System32\WindowsPowerShell\v1.0\;C:\Windows\System32\OpenSSH\;C:\Program Files\Java\jdk-17\bin;C:\Program Files\nodejs\;C:\Program Files\Redis;C:\Program Files\Microsoft SQL Server\150\Tools\Binn\;C:\Program Files\Microsoft SQL Server\Client SDK\ODBC\170\Tools\Binn\;C:\Program Files\dotnet\;C:\Program Files (x86)\Microsoft SQL Server\160\DTS\Binn\;C:\Program Files\Azure Data Studio\bin;C:\Program Files (x86)\NetSarang\Xshell 7\;C:\Program Files (x86)\NetSarang\Xftp 7\;C:\Users\SXRBS\AppData\Local\Microsoft\WindowsApps;C:\Users\SXRBS\AppData\Roaming\npm;C:\Users\SXRBS\.dotnet\tools;C:\Program Files\Azure Data Studio\bin;C:\Users\SXRBS\AppData\Local\Programs\Microsoft VS Code\bin
USERNAME=SXRBS
OS=Windows_NT
PROCESSOR_IDENTIFIER=Intel64 Family 6 Model 158 Stepping 9, GenuineIntel



---------------  S Y S T E M  ---------------

OS:
 Windows 10 , 64 bit Build 17763 (10.0.17763.4974)
OS uptime: 0 days 0:37 hours

CPU: total 8 (initial active 8) (4 cores per cpu, 2 threads per core) family 6 model 158 stepping 9 microcode 0x8e, cx8, cmov, fxsr, ht, mmx, 3dnowpref, sse, sse2, sse3, ssse3, sse4.1, sse4.2, popcnt, lzcnt, tsc, tscinvbit, avx, avx2, aes, erms, clmul, bmi1, bmi2, rtm, adx, fma, vzeroupper, clflush, clflushopt

Memory: 4k page, system-wide physical 32674M (20946M free)
TotalPageFile size 65442M (AvailPageFile size 50553M)
current process WorkingSet (physical memory assigned to process): 156M, peak: 160M
current process commit charge ("private bytes"): 206M, peak: 220M

vm_info: Java HotSpot(TM) 64-Bit Server VM (17.0.9+11-LTS-201) for windows-amd64 JRE (17.0.9+11-LTS-201), built on Oct 10 2023 23:16:06 by "mach5one" with MS VC++ 17.1 (VS2022)

END.
