#
# A fatal error has been detected by the Java Runtime Environment:
#
#  EXCEPTION_ACCESS_VIOLATION (0xc0000005) at pc=0x00007ffffb6f62a9, pid=1032, tid=1264
#
# JRE version: Java(TM) SE Runtime Environment (17.0.9+11) (build 17.0.9+11-LTS-201)
# Java VM: Java HotSpot(TM) 64-Bit Server VM (17.0.9+11-LTS-201, mixed mode, sharing, tiered, compressed oops, compressed class ptrs, g1 gc, windows-amd64)
# Problematic frame:
# V  [jvm.dll+0x3062a9]
#
# No core dump will be written. Minidumps are not enabled by default on client versions of Windows
#
# If you would like to submit a bug report, please visit:
#   https://bugreport.java.com/bugreport/crash.jsp
#

---------------  S U M M A R Y ------------

Command Line: --add-opens=java.base/java.util=ALL-UNNAMED --add-opens=java.base/java.lang=ALL-UNNAMED --add-opens=java.base/java.lang.invoke=ALL-UNNAMED --add-opens=java.prefs/java.util.prefs=ALL-UNNAMED --add-opens=java.base/java.nio.charset=ALL-UNNAMED --add-opens=java.base/java.net=ALL-UNNAMED --add-opens=java.base/java.util.concurrent.atomic=ALL-UNNAMED -XX:MaxMetaspaceSize=384m -XX:+HeapDumpOnOutOfMemoryError -Xms256m -Xmx512m -Dfile.encoding=GBK -Duser.country=CN -Duser.language=zh -Duser.variant -javaagent:C:\Users\SXRBS\.gradle\wrapper\dists\gradle-8.5-bin\5t9huq95ubn472n8rpzujfbqh\gradle-8.5\lib\agents\gradle-instrumentation-agent-8.5.jar org.gradle.launcher.daemon.bootstrap.GradleDaemon 8.5

Host: Intel(R) Core(TM) i7-7700 CPU @ 3.60GHz, 8 cores, 31G,  Windows 10 , 64 bit Build 17763 (10.0.17763.4974)
Time: Wed Jan 31 08:51:39 2024 中国标准时间 elapsed time: 3.183552 seconds (0d 0h 0m 3s)

---------------  T H R E A D  ---------------

Current thread (0x0000019ed32e1e60):  GCTaskThread "GC Thread#1" [stack: 0x0000009814900000,0x0000009814a00000] [id=1264]

Stack: [0x0000009814900000,0x0000009814a00000],  sp=0x00000098149ffa20,  free space=1022k
Native frames: (J=compiled Java code, j=interpreted, Vv=VM code, C=native code)
V  [jvm.dll+0x3062a9]
V  [jvm.dll+0x302fee]
V  [jvm.dll+0x311823]
V  [jvm.dll+0x31370b]
V  [jvm.dll+0x311e3d]
V  [jvm.dll+0x3132aa]
V  [jvm.dll+0x2ddc93]
V  [jvm.dll+0x2df55b]
V  [jvm.dll+0x807b5b]
V  [jvm.dll+0x807ba6]
V  [jvm.dll+0x78998a]
V  [jvm.dll+0x677875]
C  [ucrtbase.dll+0x2268a]
C  [KERNEL32.DLL+0x17ac4]
C  [ntdll.dll+0x5a4e1]


siginfo: EXCEPTION_ACCESS_VIOLATION (0xc0000005), reading address 0x00000000000000e9


Register to memory mapping:

RIP=0x00007ffffb6f62a9 jvm.dll
RAX=0x0 is NULL
RBX=0x00000000e80fede9 is pointing into object: java.util.HashMap$Node 
{0x00000000e80fedd0} - klass: 'java/util/HashMap$Node'
 - ---- fields (total size 4 words):
 - final 'hash' 'I' @12  598016311 (23a50137)
 - final 'key' 'Ljava/lang/Object;' @16  a 'java/io/File'{0x00000000e80fec58} (e80fec58)
 - 'value' 'Ljava/lang/Object;' @20  a 'java/lang/Object'{0x00000000e07c5fb0} (e07c5fb0)
 - 'next' 'Ljava/util/HashMap$Node;' @24  
[error occurred during error reporting (printing register info), id 0xc0000005, EXCEPTION_ACCESS_VIOLATION (0xc0000005) at pc=0x00007ffffb77f7ce]

Registers:
RAX=0x0000000000000000, RBX=0x00000000e80fede9, RCX=0x0000000000000014, RDX=0x0000000000000000
RSP=0x00000098149ffa20, RBP=0x00000000000000c8, RSI=0x00000000e80fede8, RDI=0x0000019eb9efc9f0
R8 =0x00000000e80fec58, R9 =0x00000000e07c5fb0, R10=0x00000000000000e9, R11=0x0000000000000001
R12=0x00000098149ffc80, R13=0x0000019e9dfe17c0, R14=0x0000000000000040, R15=0x0000000000000000
RIP=0x00007ffffb6f62a9, EFLAGS=0x0000000000010246

Top of Stack: (sp=0x00000098149ffa20)
0x00000098149ffa20:   00000000ee150000 0000000000000001
0x00000098149ffa30:   0000000000000010 0000000000000009
0x00000098149ffa40:   0000019eb56c3ae0 0000000000000006
0x00000098149ffa50:   000000000000017f 00000098149ffc80
0x00000098149ffa60:   00000000e075c008 00007ffffb6f2fee
0x00000098149ffa70:   00000000e075a000 0000019eb9efc9f0
0x00000098149ffa80:   0000019e9dfe17c0 0000019eb56c3ae0
0x00000098149ffa90:   0000000001e358ce 00000002a3f75077
0x00000098149ffaa0:   00000098149ffc80 00000000e075c008
0x00000098149ffab0:   00000000e075cdb0 00007ffffb701823
0x00000098149ffac0:   00000000e075c008 00000098149ffae0
0x00000098149ffad0:   00000098149ffaf0 00000098149ffc80
0x00000098149ffae0:   00000000e075c008 000000000000017f
0x00000098149ffaf0:   00007ffffbcf0dc8 0000000000000000
0x00000098149ffb00:   0000019e9dfd9ef0 0000019eb9efc9f0
0x00000098149ffb10:   0000019eb56c3b00 00007ffffb70370b 

Instructions: (pc=0x00007ffffb6f62a9)
0x00007ffffb6f61a9:   ff 48 8d 53 fe 48 8b cf e8 5a f4 ff ff e9 35 fd
0x00007ffffb6f61b9:   ff ff 0f 1f 44 00 00 48 8b 77 10 8b ae 80 00 00
0x00007ffffb6f61c9:   00 8b cd 8b 86 00 01 00 00 2b c8 81 e1 ff ff 01
0x00007ffffb6f61d9:   00 41 3b ce 0f 86 e9 02 00 00 ff cd 81 e5 ff ff
0x00007ffffb6f61e9:   01 00 89 ae 80 00 00 00 e8 1a 3b 36 00 90 8b d5
0x00007ffffb6f61f9:   8b 86 00 01 00 00 8b cd 48 8b 9e 80 01 00 00 2b
0x00007ffffb6f6209:   c8 81 e1 ff ff 01 00 81 f9 ff ff 01 00 48 8b 1c
0x00007ffffb6f6219:   eb 41 0f 44 cf 85 c9 75 3d 90 89 6c 24 50 48 8b
0x00007ffffb6f6229:   86 00 01 00 00 48 8b c8 48 c1 e9 20 ff c1 89 4c
0x00007ffffb6f6239:   24 54 3b e8 0f 85 77 02 00 00 48 c1 e1 20 48 0b
0x00007ffffb6f6249:   ca f0 48 0f b1 8e 00 01 00 00 0f 85 61 02 00 00
0x00007ffffb6f6259:   8b 86 00 01 00 00 f6 c3 01 0f 84 2f 01 00 00 8b
0x00007ffffb6f6269:   0d 4a c0 79 00 48 8d 73 ff 48 8b 47 08 44 8b 16
0x00007ffffb6f6279:   49 d3 e2 4c 03 15 2d c0 79 00 8b 88 90 05 00 00
0x00007ffffb6f6289:   49 8b d2 48 8b 80 80 05 00 00 48 d3 ea 0f b7 14
0x00007ffffb6f6299:   50 0f b7 c2 66 c1 e8 08 84 c0 0f 88 17 ff ff ff
0x00007ffffb6f62a9:   4d 8b 02 41 0f b6 c0 24 03 3c 03 75 1e 44 38 3d
0x00007ffffb6f62b9:   88 3c 80 00 74 0f 41 0f b6 c0 24 07 3c 05 75 05
0x00007ffffb6f62c9:   4d 8b c7 eb 17 49 83 e0 fc eb 11 4d 8b c8 48 8b
0x00007ffffb6f62d9:   cf 4d 8b c2 e8 6e ee ff ff 4c 8b c0 8b 0d cd bf
0x00007ffffb6f62e9:   79 00 49 8b d0 48 2b 15 bb bf 79 00 48 d3 ea 89
0x00007ffffb6f62f9:   16 49 8b d0 8b 0d ed 44 80 00 48 33 d6 48 d3 ea
0x00007ffffb6f6309:   48 85 d2 0f 84 ae fe ff ff 48 8b 47 08 48 8b d6
0x00007ffffb6f6319:   8b 88 c0 01 00 00 48 8b 80 b0 01 00 00 48 d3 ea
0x00007ffffb6f6329:   48 8b 0c d0 8b 81 94 00 00 00 d1 e8 a8 01 0f 85
0x00007ffffb6f6339:   83 fe ff ff 48 8b 47 08 8b 88 90 05 00 00 48 8b
0x00007ffffb6f6349:   80 80 05 00 00 49 d3 e8 46 38 3c 40 0f 84 65 fe
0x00007ffffb6f6359:   ff ff 48 8b 47 60 48 c1 ee 09 48 8b 58 40 48 8b
0x00007ffffb6f6369:   48 38 48 03 de 48 2b d9 48 39 9f b0 01 00 00 0f
0x00007ffffb6f6379:   84 42 fe ff ff 48 8d 14 0b 48 8d 4f 18 e8 65 40
0x00007ffffb6f6389:   00 00 48 89 9f b0 01 00 00 e9 29 fe ff ff f6 c3
0x00007ffffb6f6399:   03 0f 85 09 01 00 00 48 8b 47 08 4c 8b 13 49 8b 


Stack slot to memory mapping:
stack at sp + 0 slots: 0x00000000ee150000 is an oop: java.util.HashMap$Node 
{0x00000000ee150000} - klass: 'java/util/HashMap$Node'
 - ---- fields (total size 4 words):
 - final 'hash' 'I' @12  339204115 (1437d813)
 - final 'key' 'Ljava/lang/Object;' @16  "gradle-ide"{0x00000000ee150020} (ee150020)
 - 'value' 'Ljava/lang/Object;' @20  a 'org/gradle/api/internal/classpath/DefaultModuleRegistry$DefaultModule'{0x00000000ee150058} (ee150058)
 - 'next' 'Ljava/util/HashMap$Node;' @24  NULL (0)
stack at sp + 1 slots: 0x0000000000000001 is an unknown value
stack at sp + 2 slots: 0x0000000000000010 is an unknown value
stack at sp + 3 slots: 0x0000000000000009 is an unknown value
stack at sp + 4 slots: 0x0000019eb56c3ae0 points into unknown readable memory: 0xffffffffffffffff | ff ff ff ff ff ff ff ff
stack at sp + 5 slots: 0x0000000000000006 is an unknown value
stack at sp + 6 slots: 0x000000000000017f is an unknown value
stack at sp + 7 slots: 0x00000098149ffc80 points into unknown readable memory: 0x00007ffffbcf0fb8 | b8 0f cf fb ff 7f 00 00


---------------  P R O C E S S  ---------------

Threads class SMR info:
_java_thread_list=0x0000019ed5114490, length=37, elements={
0x0000019e9dfca870, 0x0000019eb9314e20, 0x0000019eb9315ca0, 0x0000019eb932f4f0,
0x0000019eb932ffc0, 0x0000019eb9330b80, 0x0000019eb9333550, 0x0000019eb933e9b0,
0x0000019eb9349fc0, 0x0000019eb934c5e0, 0x0000019eb9303980, 0x0000019eb95209a0,
0x0000019ed3eaf8d0, 0x0000019ed4513ba0, 0x0000019ed478b620, 0x0000019ed39a18b0,
0x0000019ed5197d30, 0x0000019ed42d7030, 0x0000019ed4577ed0, 0x0000019ed3a12350,
0x0000019ed3a12860, 0x0000019ed3a0f0b0, 0x0000019ed3a11930, 0x0000019ed3a0fad0,
0x0000019ed3a11420, 0x0000019ed4817fc0, 0x0000019ed559fcc0, 0x0000019ed559de60,
0x0000019ed4b48030, 0x0000019ed55a06e0, 0x0000019ed559d950, 0x0000019ed559cf30,
0x0000019ed559d440, 0x0000019ed55a1100, 0x0000019ed559e370, 0x0000019ed559e880,
0x0000019ed559ed90
}

Java Threads: ( => current thread )
  0x0000019e9dfca870 JavaThread "main" [_thread_blocked, id=11584, stack(0x0000009813400000,0x0000009813500000)]
  0x0000019eb9314e20 JavaThread "Reference Handler" daemon [_thread_blocked, id=6288, stack(0x0000009813b00000,0x0000009813c00000)]
  0x0000019eb9315ca0 JavaThread "Finalizer" daemon [_thread_blocked, id=11544, stack(0x0000009813c00000,0x0000009813d00000)]
  0x0000019eb932f4f0 JavaThread "Signal Dispatcher" daemon [_thread_blocked, id=5408, stack(0x0000009813d00000,0x0000009813e00000)]
  0x0000019eb932ffc0 JavaThread "Attach Listener" daemon [_thread_blocked, id=8016, stack(0x0000009813e00000,0x0000009813f00000)]
  0x0000019eb9330b80 JavaThread "Service Thread" daemon [_thread_blocked, id=3276, stack(0x0000009813f00000,0x0000009814000000)]
  0x0000019eb9333550 JavaThread "Monitor Deflation Thread" daemon [_thread_blocked, id=2504, stack(0x0000009814000000,0x0000009814100000)]
  0x0000019eb933e9b0 JavaThread "C2 CompilerThread0" daemon [_thread_blocked, id=8512, stack(0x0000009814100000,0x0000009814200000)]
  0x0000019eb9349fc0 JavaThread "C1 CompilerThread0" daemon [_thread_blocked, id=2104, stack(0x0000009814200000,0x0000009814300000)]
  0x0000019eb934c5e0 JavaThread "Sweeper thread" daemon [_thread_blocked, id=8420, stack(0x0000009814300000,0x0000009814400000)]
  0x0000019eb9303980 JavaThread "Common-Cleaner" daemon [_thread_blocked, id=14056, stack(0x0000009814400000,0x0000009814500000)]
  0x0000019eb95209a0 JavaThread "Notification Thread" daemon [_thread_blocked, id=13508, stack(0x0000009814600000,0x0000009814700000)]
  0x0000019ed3eaf8d0 JavaThread "Daemon health stats" [_thread_blocked, id=13680, stack(0x0000009814e00000,0x0000009814f00000)]
  0x0000019ed4513ba0 JavaThread "Incoming local TCP Connector on port 50658" [_thread_in_native, id=3376, stack(0x0000009814500000,0x0000009814600000)]
  0x0000019ed478b620 JavaThread "Daemon periodic checks" [_thread_blocked, id=5592, stack(0x0000009814800000,0x0000009814900000)]
  0x0000019ed39a18b0 JavaThread "Daemon" [_thread_blocked, id=2916, stack(0x0000009814f00000,0x0000009815000000)]
  0x0000019ed5197d30 JavaThread "Handler for socket connection from /127.0.0.1:50658 to /127.0.0.1:50659" [_thread_in_native, id=3096, stack(0x0000009815000000,0x0000009815100000)]
  0x0000019ed42d7030 JavaThread "Cancel handler" [_thread_blocked, id=2148, stack(0x0000009815100000,0x0000009815200000)]
  0x0000019ed4577ed0 JavaThread "Daemon worker" [_thread_blocked, id=7784, stack(0x0000009815200000,0x0000009815300000)]
  0x0000019ed3a12350 JavaThread "Asynchronous log dispatcher for DefaultDaemonConnection: socket connection from /127.0.0.1:50658 to /127.0.0.1:50659" [_thread_blocked, id=13676, stack(0x0000009815300000,0x0000009815400000)]
  0x0000019ed3a12860 JavaThread "Stdin handler" [_thread_blocked, id=6576, stack(0x0000009815400000,0x0000009815500000)]
  0x0000019ed3a0f0b0 JavaThread "Daemon client event forwarder" [_thread_blocked, id=14240, stack(0x0000009815500000,0x0000009815600000)]
  0x0000019ed3a11930 JavaThread "Cache worker for journal cache (C:\Users\SXRBS\.gradle\caches\journal-1)" [_thread_blocked, id=11920, stack(0x0000009815600000,0x0000009815700000)]
  0x0000019ed3a0fad0 JavaThread "File lock request listener" [_thread_in_native, id=6476, stack(0x0000009815700000,0x0000009815800000)]
  0x0000019ed3a11420 JavaThread "Cache worker for file hash cache (C:\Users\SXRBS\.gradle\caches\8.5\fileHashes)" [_thread_blocked, id=1092, stack(0x0000009815800000,0x0000009815900000)]
  0x0000019ed4817fc0 JavaThread "C2 CompilerThread1" daemon [_thread_blocked, id=2576, stack(0x0000009815900000,0x0000009815a00000)]
  0x0000019ed559fcc0 JavaThread "File watcher server" daemon [_thread_in_native, id=2084, stack(0x0000009815a00000,0x0000009815b00000)]
  0x0000019ed559de60 JavaThread "File watcher consumer" daemon [_thread_blocked, id=13292, stack(0x0000009815b00000,0x0000009815c00000)]
  0x0000019ed4b48030 JavaThread "C2 CompilerThread2" daemon [_thread_blocked, id=13876, stack(0x0000009815c00000,0x0000009815d00000)]
  0x0000019ed55a06e0 JavaThread "jar transforms" [_thread_blocked, id=2392, stack(0x0000009815d00000,0x0000009815e00000)]
  0x0000019ed559d950 JavaThread "jar transforms Thread 2" [_thread_blocked, id=3180, stack(0x0000009815e00000,0x0000009815f00000)]
  0x0000019ed559cf30 JavaThread "jar transforms Thread 3" [_thread_blocked, id=10432, stack(0x0000009815f00000,0x0000009816000000)]
  0x0000019ed559d440 JavaThread "jar transforms Thread 4" [_thread_blocked, id=12232, stack(0x0000009816000000,0x0000009816100000)]
  0x0000019ed55a1100 JavaThread "jar transforms Thread 5" [_thread_blocked, id=12660, stack(0x0000009816100000,0x0000009816200000)]
  0x0000019ed559e370 JavaThread "jar transforms Thread 6" [_thread_blocked, id=14176, stack(0x0000009816200000,0x0000009816300000)]
  0x0000019ed559e880 JavaThread "jar transforms Thread 7" [_thread_blocked, id=14196, stack(0x0000009816300000,0x0000009816400000)]
  0x0000019ed559ed90 JavaThread "jar transforms Thread 8" [_thread_blocked, id=14256, stack(0x0000009816400000,0x0000009816500000)]

Other Threads:
  0x0000019eb9313230 VMThread "VM Thread" [stack: 0x0000009813a00000,0x0000009813b00000] [id=13156]
  0x0000019e9e003460 WatcherThread [stack: 0x0000009814700000,0x0000009814800000] [id=11268]
  0x0000019e9dff5900 GCTaskThread "GC Thread#0" [stack: 0x0000009813500000,0x0000009813600000] [id=6852]
=>0x0000019ed32e1e60 GCTaskThread "GC Thread#1" [stack: 0x0000009814900000,0x0000009814a00000] [id=1264]
  0x0000019ed35dc460 GCTaskThread "GC Thread#2" [stack: 0x0000009814a00000,0x0000009814b00000] [id=6600]
  0x0000019ed32d18d0 GCTaskThread "GC Thread#3" [stack: 0x0000009814b00000,0x0000009814c00000] [id=11908]
  0x0000019ed32d1b90 GCTaskThread "GC Thread#4" [stack: 0x0000009814c00000,0x0000009814d00000] [id=4944]
  0x0000019eb9e781a0 GCTaskThread "GC Thread#5" [stack: 0x0000009814d00000,0x0000009814e00000] [id=14080]
  0x0000019ed303e6c0 GCTaskThread "GC Thread#6" [stack: 0x0000009816500000,0x0000009816600000] [id=14260]
  0x0000019ed303fa00 GCTaskThread "GC Thread#7" [stack: 0x0000009816600000,0x0000009816700000] [id=14264]
  0x0000019e9dffb860 ConcurrentGCThread "G1 Main Marker" [stack: 0x0000009813600000,0x0000009813700000] [id=9592]
  0x0000019e9dffc270 ConcurrentGCThread "G1 Conc#0" [stack: 0x0000009813700000,0x0000009813800000] [id=13408]
  0x0000019e9e04eb70 ConcurrentGCThread "G1 Refine#0" [stack: 0x0000009813800000,0x0000009813900000] [id=10768]
  0x0000019eb91d67e0 ConcurrentGCThread "G1 Service" [stack: 0x0000009813900000,0x0000009813a00000] [id=4156]

Threads with active compile tasks:
C2 CompilerThread0     3275 2605       4       java.net.URLClassLoader$1::run (5 bytes)
C1 CompilerThread0     3275 2755       3       sun.security.provider.ByteArrayAccess::b2iBig64 (231 bytes)
C2 CompilerThread1     3276 2625   !   4       java.net.URLClassLoader::findClass (47 bytes)
C2 CompilerThread2     3276 2606   !   4       java.net.URLClassLoader$1::run (81 bytes)

VM state: at safepoint (normal execution)

VM Mutex/Monitor currently owned by a thread:  ([mutex/lock_event])
[0x0000019e9dfc6850] Threads_lock - owner thread: 0x0000019eb9313230
[0x0000019e9dfc5bf0] Heap_lock - owner thread: 0x0000019ed4577ed0

Heap address: 0x00000000e0000000, size: 512 MB, Compressed Oops mode: 32-bit

CDS archive(s) mapped at: [0x0000019eba000000-0x0000019ebabd0000-0x0000019ebabd0000), size 12386304, SharedBaseAddress: 0x0000019eba000000, ArchiveRelocationMode: 1.
Compressed class space mapped at: 0x0000019ebb000000-0x0000019ecf000000, reserved size: 335544320
Narrow klass base: 0x0000019eba000000, Narrow klass shift: 0, Narrow klass range: 0x100000000

GC Precious Log:
 CPUs: 8 total, 8 available
 Memory: 32674M
 Large Page Support: Disabled
 NUMA Support: Disabled
 Compressed Oops: Enabled (32-bit)
 Heap Region Size: 1M
 Heap Min Capacity: 256M
 Heap Initial Capacity: 256M
 Heap Max Capacity: 512M
 Pre-touch: Disabled
 Parallel Workers: 8
 Concurrent Workers: 2
 Concurrent Refinement Workers: 8
 Periodic GC: Disabled

Heap:
 garbage-first heap   total 262144K, used 136788K [0x00000000e0000000, 0x0000000100000000)
  region size 1024K, 132 young (135168K), 13 survivors (13312K)
 Metaspace       used 21185K, committed 21504K, reserved 393216K
  class space    used 3149K, committed 3328K, reserved 327680K

Heap Regions: E=young(eden), S=young(survivor), O=old, HS=humongous(starts), HC=humongous(continues), CS=collection set, F=free, OA=open archive, CA=closed archive, TAMS=top-at-mark-start (previous, next)
|   0|0x00000000e0000000, 0x00000000e0100000, 0x00000000e0100000|100%|HS|  |TAMS 0x00000000e0000000, 0x00000000e0100000| Complete 
|   1|0x00000000e0100000, 0x00000000e0200000, 0x00000000e0200000|100%|HC|  |TAMS 0x00000000e0100000, 0x00000000e0200000| Complete 
|   2|0x00000000e0200000, 0x00000000e0300000, 0x00000000e0300000|100%|HC|  |TAMS 0x00000000e0200000, 0x00000000e0300000| Complete 
|   3|0x00000000e0300000, 0x00000000e0400000, 0x00000000e0400000|100%|HC|  |TAMS 0x00000000e0300000, 0x00000000e0400000| Complete 
|   4|0x00000000e0400000, 0x00000000e0500000, 0x00000000e0500000|100%| O|  |TAMS 0x00000000e0400000, 0x00000000e0500000| Untracked 
|   5|0x00000000e0500000, 0x00000000e0600000, 0x00000000e0600000|100%| O|  |TAMS 0x00000000e0500000, 0x00000000e0600000| Untracked 
|   6|0x00000000e0600000, 0x00000000e0700000, 0x00000000e0700000|100%| O|  |TAMS 0x00000000e0600000, 0x00000000e0700000| Untracked 
|   7|0x00000000e0700000, 0x00000000e0800000, 0x00000000e0800000|100%| O|  |TAMS 0x00000000e0700000, 0x00000000e0800000| Untracked 
|   8|0x00000000e0800000, 0x00000000e0900000, 0x00000000e0900000|100%| O|  |TAMS 0x00000000e0800000, 0x00000000e0900000| Untracked 
|   9|0x00000000e0900000, 0x00000000e0a00000, 0x00000000e0a00000|100%| O|  |TAMS 0x00000000e0900000, 0x00000000e0a00000| Untracked 
|  10|0x00000000e0a00000, 0x00000000e0ad1000, 0x00000000e0b00000| 81%| O|  |TAMS 0x00000000e0a00000, 0x00000000e0ad1000| Untracked 
|  11|0x00000000e0b00000, 0x00000000e0c00000, 0x00000000e0c00000|100%|HS|  |TAMS 0x00000000e0b00000, 0x00000000e0c00000| Complete 
|  12|0x00000000e0c00000, 0x00000000e0d00000, 0x00000000e0d00000|100%|HS|  |TAMS 0x00000000e0c00000, 0x00000000e0d00000| Complete 
|  13|0x00000000e0d00000, 0x00000000e0e00000, 0x00000000e0e00000|100%|HC|  |TAMS 0x00000000e0d00000, 0x00000000e0e00000| Complete 
|  14|0x00000000e0e00000, 0x00000000e0e00000, 0x00000000e0f00000|  0%| F|  |TAMS 0x00000000e0e00000, 0x00000000e0e00000| Untracked 
|  15|0x00000000e0f00000, 0x00000000e0f00000, 0x00000000e1000000|  0%| F|  |TAMS 0x00000000e0f00000, 0x00000000e0f00000| Untracked 
|  16|0x00000000e1000000, 0x00000000e1000000, 0x00000000e1100000|  0%| F|  |TAMS 0x00000000e1000000, 0x00000000e1000000| Untracked 
|  17|0x00000000e1100000, 0x00000000e1100000, 0x00000000e1200000|  0%| F|  |TAMS 0x00000000e1100000, 0x00000000e1100000| Untracked 
|  18|0x00000000e1200000, 0x00000000e1200000, 0x00000000e1300000|  0%| F|  |TAMS 0x00000000e1200000, 0x00000000e1200000| Untracked 
|  19|0x00000000e1300000, 0x00000000e1300000, 0x00000000e1400000|  0%| F|  |TAMS 0x00000000e1300000, 0x00000000e1300000| Untracked 
|  20|0x00000000e1400000, 0x00000000e1400000, 0x00000000e1500000|  0%| F|  |TAMS 0x00000000e1400000, 0x00000000e1400000| Untracked 
|  21|0x00000000e1500000, 0x00000000e1500000, 0x00000000e1600000|  0%| F|  |TAMS 0x00000000e1500000, 0x00000000e1500000| Untracked 
|  22|0x00000000e1600000, 0x00000000e1600000, 0x00000000e1700000|  0%| F|  |TAMS 0x00000000e1600000, 0x00000000e1600000| Untracked 
|  23|0x00000000e1700000, 0x00000000e1700000, 0x00000000e1800000|  0%| F|  |TAMS 0x00000000e1700000, 0x00000000e1700000| Untracked 
|  24|0x00000000e1800000, 0x00000000e1800000, 0x00000000e1900000|  0%| F|  |TAMS 0x00000000e1800000, 0x00000000e1800000| Untracked 
|  25|0x00000000e1900000, 0x00000000e1900000, 0x00000000e1a00000|  0%| F|  |TAMS 0x00000000e1900000, 0x00000000e1900000| Untracked 
|  26|0x00000000e1a00000, 0x00000000e1a00000, 0x00000000e1b00000|  0%| F|  |TAMS 0x00000000e1a00000, 0x00000000e1a00000| Untracked 
|  27|0x00000000e1b00000, 0x00000000e1b00000, 0x00000000e1c00000|  0%| F|  |TAMS 0x00000000e1b00000, 0x00000000e1b00000| Untracked 
|  28|0x00000000e1c00000, 0x00000000e1c00000, 0x00000000e1d00000|  0%| F|  |TAMS 0x00000000e1c00000, 0x00000000e1c00000| Untracked 
|  29|0x00000000e1d00000, 0x00000000e1d00000, 0x00000000e1e00000|  0%| F|  |TAMS 0x00000000e1d00000, 0x00000000e1d00000| Untracked 
|  30|0x00000000e1e00000, 0x00000000e1e00000, 0x00000000e1f00000|  0%| F|  |TAMS 0x00000000e1e00000, 0x00000000e1e00000| Untracked 
|  31|0x00000000e1f00000, 0x00000000e1f00000, 0x00000000e2000000|  0%| F|  |TAMS 0x00000000e1f00000, 0x00000000e1f00000| Untracked 
|  32|0x00000000e2000000, 0x00000000e2000000, 0x00000000e2100000|  0%| F|  |TAMS 0x00000000e2000000, 0x00000000e2000000| Untracked 
|  33|0x00000000e2100000, 0x00000000e2100000, 0x00000000e2200000|  0%| F|  |TAMS 0x00000000e2100000, 0x00000000e2100000| Untracked 
|  34|0x00000000e2200000, 0x00000000e2200000, 0x00000000e2300000|  0%| F|  |TAMS 0x00000000e2200000, 0x00000000e2200000| Untracked 
|  35|0x00000000e2300000, 0x00000000e2300000, 0x00000000e2400000|  0%| F|  |TAMS 0x00000000e2300000, 0x00000000e2300000| Untracked 
|  36|0x00000000e2400000, 0x00000000e2400000, 0x00000000e2500000|  0%| F|  |TAMS 0x00000000e2400000, 0x00000000e2400000| Untracked 
|  37|0x00000000e2500000, 0x00000000e2500000, 0x00000000e2600000|  0%| F|  |TAMS 0x00000000e2500000, 0x00000000e2500000| Untracked 
|  38|0x00000000e2600000, 0x00000000e2600000, 0x00000000e2700000|  0%| F|  |TAMS 0x00000000e2600000, 0x00000000e2600000| Untracked 
|  39|0x00000000e2700000, 0x00000000e2700000, 0x00000000e2800000|  0%| F|  |TAMS 0x00000000e2700000, 0x00000000e2700000| Untracked 
|  40|0x00000000e2800000, 0x00000000e2800000, 0x00000000e2900000|  0%| F|  |TAMS 0x00000000e2800000, 0x00000000e2800000| Untracked 
|  41|0x00000000e2900000, 0x00000000e2900000, 0x00000000e2a00000|  0%| F|  |TAMS 0x00000000e2900000, 0x00000000e2900000| Untracked 
|  42|0x00000000e2a00000, 0x00000000e2a00000, 0x00000000e2b00000|  0%| F|  |TAMS 0x00000000e2a00000, 0x00000000e2a00000| Untracked 
|  43|0x00000000e2b00000, 0x00000000e2b00000, 0x00000000e2c00000|  0%| F|  |TAMS 0x00000000e2b00000, 0x00000000e2b00000| Untracked 
|  44|0x00000000e2c00000, 0x00000000e2c00000, 0x00000000e2d00000|  0%| F|  |TAMS 0x00000000e2c00000, 0x00000000e2c00000| Untracked 
|  45|0x00000000e2d00000, 0x00000000e2d00000, 0x00000000e2e00000|  0%| F|  |TAMS 0x00000000e2d00000, 0x00000000e2d00000| Untracked 
|  46|0x00000000e2e00000, 0x00000000e2e00000, 0x00000000e2f00000|  0%| F|  |TAMS 0x00000000e2e00000, 0x00000000e2e00000| Untracked 
|  47|0x00000000e2f00000, 0x00000000e2f00000, 0x00000000e3000000|  0%| F|  |TAMS 0x00000000e2f00000, 0x00000000e2f00000| Untracked 
|  48|0x00000000e3000000, 0x00000000e3000000, 0x00000000e3100000|  0%| F|  |TAMS 0x00000000e3000000, 0x00000000e3000000| Untracked 
|  49|0x00000000e3100000, 0x00000000e3100000, 0x00000000e3200000|  0%| F|  |TAMS 0x00000000e3100000, 0x00000000e3100000| Untracked 
|  50|0x00000000e3200000, 0x00000000e3200000, 0x00000000e3300000|  0%| F|  |TAMS 0x00000000e3200000, 0x00000000e3200000| Untracked 
|  51|0x00000000e3300000, 0x00000000e3300000, 0x00000000e3400000|  0%| F|  |TAMS 0x00000000e3300000, 0x00000000e3300000| Untracked 
|  52|0x00000000e3400000, 0x00000000e3400000, 0x00000000e3500000|  0%| F|  |TAMS 0x00000000e3400000, 0x00000000e3400000| Untracked 
|  53|0x00000000e3500000, 0x00000000e3500000, 0x00000000e3600000|  0%| F|  |TAMS 0x00000000e3500000, 0x00000000e3500000| Untracked 
|  54|0x00000000e3600000, 0x00000000e3600000, 0x00000000e3700000|  0%| F|  |TAMS 0x00000000e3600000, 0x00000000e3600000| Untracked 
|  55|0x00000000e3700000, 0x00000000e3700000, 0x00000000e3800000|  0%| F|  |TAMS 0x00000000e3700000, 0x00000000e3700000| Untracked 
|  56|0x00000000e3800000, 0x00000000e3800000, 0x00000000e3900000|  0%| F|  |TAMS 0x00000000e3800000, 0x00000000e3800000| Untracked 
|  57|0x00000000e3900000, 0x00000000e3900000, 0x00000000e3a00000|  0%| F|  |TAMS 0x00000000e3900000, 0x00000000e3900000| Untracked 
|  58|0x00000000e3a00000, 0x00000000e3a00000, 0x00000000e3b00000|  0%| F|  |TAMS 0x00000000e3a00000, 0x00000000e3a00000| Untracked 
|  59|0x00000000e3b00000, 0x00000000e3b00000, 0x00000000e3c00000|  0%| F|  |TAMS 0x00000000e3b00000, 0x00000000e3b00000| Untracked 
|  60|0x00000000e3c00000, 0x00000000e3c00000, 0x00000000e3d00000|  0%| F|  |TAMS 0x00000000e3c00000, 0x00000000e3c00000| Untracked 
|  61|0x00000000e3d00000, 0x00000000e3d00000, 0x00000000e3e00000|  0%| F|  |TAMS 0x00000000e3d00000, 0x00000000e3d00000| Untracked 
|  62|0x00000000e3e00000, 0x00000000e3e00000, 0x00000000e3f00000|  0%| F|  |TAMS 0x00000000e3e00000, 0x00000000e3e00000| Untracked 
|  63|0x00000000e3f00000, 0x00000000e3f00000, 0x00000000e4000000|  0%| F|  |TAMS 0x00000000e3f00000, 0x00000000e3f00000| Untracked 
|  64|0x00000000e4000000, 0x00000000e4000000, 0x00000000e4100000|  0%| F|  |TAMS 0x00000000e4000000, 0x00000000e4000000| Untracked 
|  65|0x00000000e4100000, 0x00000000e4100000, 0x00000000e4200000|  0%| F|  |TAMS 0x00000000e4100000, 0x00000000e4100000| Untracked 
|  66|0x00000000e4200000, 0x00000000e4200000, 0x00000000e4300000|  0%| F|  |TAMS 0x00000000e4200000, 0x00000000e4200000| Untracked 
|  67|0x00000000e4300000, 0x00000000e4300000, 0x00000000e4400000|  0%| F|  |TAMS 0x00000000e4300000, 0x00000000e4300000| Untracked 
|  68|0x00000000e4400000, 0x00000000e4400000, 0x00000000e4500000|  0%| F|  |TAMS 0x00000000e4400000, 0x00000000e4400000| Untracked 
|  69|0x00000000e4500000, 0x00000000e4500000, 0x00000000e4600000|  0%| F|  |TAMS 0x00000000e4500000, 0x00000000e4500000| Untracked 
|  70|0x00000000e4600000, 0x00000000e4600000, 0x00000000e4700000|  0%| F|  |TAMS 0x00000000e4600000, 0x00000000e4600000| Untracked 
|  71|0x00000000e4700000, 0x00000000e4700000, 0x00000000e4800000|  0%| F|  |TAMS 0x00000000e4700000, 0x00000000e4700000| Untracked 
|  72|0x00000000e4800000, 0x00000000e4800000, 0x00000000e4900000|  0%| F|  |TAMS 0x00000000e4800000, 0x00000000e4800000| Untracked 
|  73|0x00000000e4900000, 0x00000000e4900000, 0x00000000e4a00000|  0%| F|  |TAMS 0x00000000e4900000, 0x00000000e4900000| Untracked 
|  74|0x00000000e4a00000, 0x00000000e4a00000, 0x00000000e4b00000|  0%| F|  |TAMS 0x00000000e4a00000, 0x00000000e4a00000| Untracked 
|  75|0x00000000e4b00000, 0x00000000e4b00000, 0x00000000e4c00000|  0%| F|  |TAMS 0x00000000e4b00000, 0x00000000e4b00000| Untracked 
|  76|0x00000000e4c00000, 0x00000000e4c00000, 0x00000000e4d00000|  0%| F|  |TAMS 0x00000000e4c00000, 0x00000000e4c00000| Untracked 
|  77|0x00000000e4d00000, 0x00000000e4d00000, 0x00000000e4e00000|  0%| F|  |TAMS 0x00000000e4d00000, 0x00000000e4d00000| Untracked 
|  78|0x00000000e4e00000, 0x00000000e4e00000, 0x00000000e4f00000|  0%| F|  |TAMS 0x00000000e4e00000, 0x00000000e4e00000| Untracked 
|  79|0x00000000e4f00000, 0x00000000e4f00000, 0x00000000e5000000|  0%| F|  |TAMS 0x00000000e4f00000, 0x00000000e4f00000| Untracked 
|  80|0x00000000e5000000, 0x00000000e5000000, 0x00000000e5100000|  0%| F|  |TAMS 0x00000000e5000000, 0x00000000e5000000| Untracked 
|  81|0x00000000e5100000, 0x00000000e5100000, 0x00000000e5200000|  0%| F|  |TAMS 0x00000000e5100000, 0x00000000e5100000| Untracked 
|  82|0x00000000e5200000, 0x00000000e5200000, 0x00000000e5300000|  0%| F|  |TAMS 0x00000000e5200000, 0x00000000e5200000| Untracked 
|  83|0x00000000e5300000, 0x00000000e5300000, 0x00000000e5400000|  0%| F|  |TAMS 0x00000000e5300000, 0x00000000e5300000| Untracked 
|  84|0x00000000e5400000, 0x00000000e5400000, 0x00000000e5500000|  0%| F|  |TAMS 0x00000000e5400000, 0x00000000e5400000| Untracked 
|  85|0x00000000e5500000, 0x00000000e5500000, 0x00000000e5600000|  0%| F|  |TAMS 0x00000000e5500000, 0x00000000e5500000| Untracked 
|  86|0x00000000e5600000, 0x00000000e5600000, 0x00000000e5700000|  0%| F|  |TAMS 0x00000000e5600000, 0x00000000e5600000| Untracked 
|  87|0x00000000e5700000, 0x00000000e5700000, 0x00000000e5800000|  0%| F|  |TAMS 0x00000000e5700000, 0x00000000e5700000| Untracked 
|  88|0x00000000e5800000, 0x00000000e5800000, 0x00000000e5900000|  0%| F|  |TAMS 0x00000000e5800000, 0x00000000e5800000| Untracked 
|  89|0x00000000e5900000, 0x00000000e5900000, 0x00000000e5a00000|  0%| F|  |TAMS 0x00000000e5900000, 0x00000000e5900000| Untracked 
|  90|0x00000000e5a00000, 0x00000000e5a00000, 0x00000000e5b00000|  0%| F|  |TAMS 0x00000000e5a00000, 0x00000000e5a00000| Untracked 
|  91|0x00000000e5b00000, 0x00000000e5b00000, 0x00000000e5c00000|  0%| F|  |TAMS 0x00000000e5b00000, 0x00000000e5b00000| Untracked 
|  92|0x00000000e5c00000, 0x00000000e5c00000, 0x00000000e5d00000|  0%| F|  |TAMS 0x00000000e5c00000, 0x00000000e5c00000| Untracked 
|  93|0x00000000e5d00000, 0x00000000e5d00000, 0x00000000e5e00000|  0%| F|  |TAMS 0x00000000e5d00000, 0x00000000e5d00000| Untracked 
|  94|0x00000000e5e00000, 0x00000000e5e00000, 0x00000000e5f00000|  0%| F|  |TAMS 0x00000000e5e00000, 0x00000000e5e00000| Untracked 
|  95|0x00000000e5f00000, 0x00000000e5f00000, 0x00000000e6000000|  0%| F|  |TAMS 0x00000000e5f00000, 0x00000000e5f00000| Untracked 
|  96|0x00000000e6000000, 0x00000000e6000000, 0x00000000e6100000|  0%| F|  |TAMS 0x00000000e6000000, 0x00000000e6000000| Untracked 
|  97|0x00000000e6100000, 0x00000000e6100000, 0x00000000e6200000|  0%| F|  |TAMS 0x00000000e6100000, 0x00000000e6100000| Untracked 
|  98|0x00000000e6200000, 0x00000000e6200000, 0x00000000e6300000|  0%| F|  |TAMS 0x00000000e6200000, 0x00000000e6200000| Untracked 
|  99|0x00000000e6300000, 0x00000000e6300000, 0x00000000e6400000|  0%| F|  |TAMS 0x00000000e6300000, 0x00000000e6300000| Untracked 
| 100|0x00000000e6400000, 0x00000000e6400000, 0x00000000e6500000|  0%| F|  |TAMS 0x00000000e6400000, 0x00000000e6400000| Untracked 
| 101|0x00000000e6500000, 0x00000000e6500000, 0x00000000e6600000|  0%| F|  |TAMS 0x00000000e6500000, 0x00000000e6500000| Untracked 
| 102|0x00000000e6600000, 0x00000000e6600000, 0x00000000e6700000|  0%| F|  |TAMS 0x00000000e6600000, 0x00000000e6600000| Untracked 
| 103|0x00000000e6700000, 0x00000000e6700000, 0x00000000e6800000|  0%| F|  |TAMS 0x00000000e6700000, 0x00000000e6700000| Untracked 
| 104|0x00000000e6800000, 0x00000000e6800000, 0x00000000e6900000|  0%| F|  |TAMS 0x00000000e6800000, 0x00000000e6800000| Untracked 
| 105|0x00000000e6900000, 0x00000000e6900000, 0x00000000e6a00000|  0%| F|  |TAMS 0x00000000e6900000, 0x00000000e6900000| Untracked 
| 106|0x00000000e6a00000, 0x00000000e6a00000, 0x00000000e6b00000|  0%| F|  |TAMS 0x00000000e6a00000, 0x00000000e6a00000| Untracked 
| 107|0x00000000e6b00000, 0x00000000e6b00000, 0x00000000e6c00000|  0%| F|  |TAMS 0x00000000e6b00000, 0x00000000e6b00000| Untracked 
| 108|0x00000000e6c00000, 0x00000000e6c00000, 0x00000000e6d00000|  0%| F|  |TAMS 0x00000000e6c00000, 0x00000000e6c00000| Untracked 
| 109|0x00000000e6d00000, 0x00000000e6d00000, 0x00000000e6e00000|  0%| F|  |TAMS 0x00000000e6d00000, 0x00000000e6d00000| Untracked 
| 110|0x00000000e6e00000, 0x00000000e6e00000, 0x00000000e6f00000|  0%| F|  |TAMS 0x00000000e6e00000, 0x00000000e6e00000| Untracked 
| 111|0x00000000e6f00000, 0x00000000e6f00000, 0x00000000e7000000|  0%| F|  |TAMS 0x00000000e6f00000, 0x00000000e6f00000| Untracked 
| 112|0x00000000e7000000, 0x00000000e7000000, 0x00000000e7100000|  0%| F|  |TAMS 0x00000000e7000000, 0x00000000e7000000| Untracked 
| 113|0x00000000e7100000, 0x00000000e7100000, 0x00000000e7200000|  0%| F|  |TAMS 0x00000000e7100000, 0x00000000e7100000| Untracked 
| 114|0x00000000e7200000, 0x00000000e7200000, 0x00000000e7300000|  0%| F|  |TAMS 0x00000000e7200000, 0x00000000e7200000| Untracked 
| 115|0x00000000e7300000, 0x00000000e7300000, 0x00000000e7400000|  0%| F|  |TAMS 0x00000000e7300000, 0x00000000e7300000| Untracked 
| 116|0x00000000e7400000, 0x00000000e7400000, 0x00000000e7500000|  0%| F|  |TAMS 0x00000000e7400000, 0x00000000e7400000| Untracked 
| 117|0x00000000e7500000, 0x00000000e7500000, 0x00000000e7600000|  0%| F|  |TAMS 0x00000000e7500000, 0x00000000e7500000| Untracked 
| 118|0x00000000e7600000, 0x00000000e7600000, 0x00000000e7700000|  0%| F|  |TAMS 0x00000000e7600000, 0x00000000e7600000| Untracked 
| 119|0x00000000e7700000, 0x00000000e7700000, 0x00000000e7800000|  0%| F|  |TAMS 0x00000000e7700000, 0x00000000e7700000| Untracked 
| 120|0x00000000e7800000, 0x00000000e7800000, 0x00000000e7900000|  0%| F|  |TAMS 0x00000000e7800000, 0x00000000e7800000| Untracked 
| 121|0x00000000e7900000, 0x00000000e7900000, 0x00000000e7a00000|  0%| F|  |TAMS 0x00000000e7900000, 0x00000000e7900000| Untracked 
| 122|0x00000000e7a00000, 0x00000000e7a00000, 0x00000000e7b00000|  0%| F|  |TAMS 0x00000000e7a00000, 0x00000000e7a00000| Untracked 
| 123|0x00000000e7b00000, 0x00000000e7b33120, 0x00000000e7c00000| 19%| S|  |TAMS 0x00000000e7b00000, 0x00000000e7b00000| Complete 
| 124|0x00000000e7c00000, 0x00000000e7d00000, 0x00000000e7d00000|100%| S|  |TAMS 0x00000000e7c00000, 0x00000000e7c00000| Complete 
| 125|0x00000000e7d00000, 0x00000000e7e00000, 0x00000000e7e00000|100%| S|  |TAMS 0x00000000e7d00000, 0x00000000e7d00000| Complete 
| 126|0x00000000e7e00000, 0x00000000e7f00000, 0x00000000e7f00000|100%| S|  |TAMS 0x00000000e7e00000, 0x00000000e7e00000| Complete 
| 127|0x00000000e7f00000, 0x00000000e8000000, 0x00000000e8000000|100%| S|  |TAMS 0x00000000e7f00000, 0x00000000e7f00000| Complete 
| 128|0x00000000e8000000, 0x00000000e8100000, 0x00000000e8100000|100%| S|  |TAMS 0x00000000e8000000, 0x00000000e8000000| Complete 
| 129|0x00000000e8100000, 0x00000000e8200000, 0x00000000e8200000|100%| S|  |TAMS 0x00000000e8100000, 0x00000000e8100000| Complete 
| 130|0x00000000e8200000, 0x00000000e8300000, 0x00000000e8300000|100%| S|  |TAMS 0x00000000e8200000, 0x00000000e8200000| Complete 
| 131|0x00000000e8300000, 0x00000000e8400000, 0x00000000e8400000|100%| S|  |TAMS 0x00000000e8300000, 0x00000000e8300000| Complete 
| 132|0x00000000e8400000, 0x00000000e8500000, 0x00000000e8500000|100%| S|  |TAMS 0x00000000e8400000, 0x00000000e8400000| Complete 
| 133|0x00000000e8500000, 0x00000000e8600000, 0x00000000e8600000|100%| S|  |TAMS 0x00000000e8500000, 0x00000000e8500000| Complete 
| 134|0x00000000e8600000, 0x00000000e8700000, 0x00000000e8700000|100%| S|  |TAMS 0x00000000e8600000, 0x00000000e8600000| Complete 
| 135|0x00000000e8700000, 0x00000000e8800000, 0x00000000e8800000|100%| S|  |TAMS 0x00000000e8700000, 0x00000000e8700000| Complete 
| 136|0x00000000e8800000, 0x00000000e8900000, 0x00000000e8900000|100%| E|CS|TAMS 0x00000000e8800000, 0x00000000e8900000| Complete 
| 137|0x00000000e8900000, 0x00000000e8a00000, 0x00000000e8a00000|100%| E|CS|TAMS 0x00000000e8900000, 0x00000000e8a00000| Complete 
| 138|0x00000000e8a00000, 0x00000000e8b00000, 0x00000000e8b00000|100%| E|CS|TAMS 0x00000000e8a00000, 0x00000000e8b00000| Complete 
| 139|0x00000000e8b00000, 0x00000000e8c00000, 0x00000000e8c00000|100%| E|CS|TAMS 0x00000000e8b00000, 0x00000000e8c00000| Complete 
| 140|0x00000000e8c00000, 0x00000000e8d00000, 0x00000000e8d00000|100%| E|CS|TAMS 0x00000000e8c00000, 0x00000000e8d00000| Complete 
| 141|0x00000000e8d00000, 0x00000000e8e00000, 0x00000000e8e00000|100%| E|CS|TAMS 0x00000000e8d00000, 0x00000000e8e00000| Complete 
| 142|0x00000000e8e00000, 0x00000000e8f00000, 0x00000000e8f00000|100%| E|CS|TAMS 0x00000000e8e00000, 0x00000000e8f00000| Complete 
| 143|0x00000000e8f00000, 0x00000000e9000000, 0x00000000e9000000|100%| E|CS|TAMS 0x00000000e8f00000, 0x00000000e9000000| Complete 
| 144|0x00000000e9000000, 0x00000000e9100000, 0x00000000e9100000|100%| E|CS|TAMS 0x00000000e9000000, 0x00000000e9100000| Complete 
| 145|0x00000000e9100000, 0x00000000e9200000, 0x00000000e9200000|100%| E|CS|TAMS 0x00000000e9100000, 0x00000000e9200000| Complete 
| 146|0x00000000e9200000, 0x00000000e9300000, 0x00000000e9300000|100%| E|CS|TAMS 0x00000000e9200000, 0x00000000e9300000| Complete 
| 147|0x00000000e9300000, 0x00000000e9400000, 0x00000000e9400000|100%| E|CS|TAMS 0x00000000e9300000, 0x00000000e9400000| Complete 
| 148|0x00000000e9400000, 0x00000000e9500000, 0x00000000e9500000|100%| E|CS|TAMS 0x00000000e9400000, 0x00000000e9500000| Complete 
| 149|0x00000000e9500000, 0x00000000e9600000, 0x00000000e9600000|100%| E|CS|TAMS 0x00000000e9500000, 0x00000000e9600000| Complete 
| 150|0x00000000e9600000, 0x00000000e9700000, 0x00000000e9700000|100%| E|CS|TAMS 0x00000000e9600000, 0x00000000e9700000| Complete 
| 151|0x00000000e9700000, 0x00000000e9800000, 0x00000000e9800000|100%| E|CS|TAMS 0x00000000e9700000, 0x00000000e9800000| Complete 
| 152|0x00000000e9800000, 0x00000000e9900000, 0x00000000e9900000|100%| E|CS|TAMS 0x00000000e9800000, 0x00000000e9900000| Complete 
| 153|0x00000000e9900000, 0x00000000e9a00000, 0x00000000e9a00000|100%| E|CS|TAMS 0x00000000e9900000, 0x00000000e9a00000| Complete 
| 154|0x00000000e9a00000, 0x00000000e9b00000, 0x00000000e9b00000|100%| E|CS|TAMS 0x00000000e9a00000, 0x00000000e9b00000| Complete 
| 155|0x00000000e9b00000, 0x00000000e9c00000, 0x00000000e9c00000|100%| E|CS|TAMS 0x00000000e9b00000, 0x00000000e9c00000| Complete 
| 156|0x00000000e9c00000, 0x00000000e9d00000, 0x00000000e9d00000|100%| E|CS|TAMS 0x00000000e9c00000, 0x00000000e9d00000| Complete 
| 157|0x00000000e9d00000, 0x00000000e9e00000, 0x00000000e9e00000|100%| E|CS|TAMS 0x00000000e9d00000, 0x00000000e9e00000| Complete 
| 158|0x00000000e9e00000, 0x00000000e9f00000, 0x00000000e9f00000|100%| E|CS|TAMS 0x00000000e9e00000, 0x00000000e9f00000| Complete 
| 159|0x00000000e9f00000, 0x00000000ea000000, 0x00000000ea000000|100%| E|CS|TAMS 0x00000000e9f00000, 0x00000000ea000000| Complete 
| 160|0x00000000ea000000, 0x00000000ea100000, 0x00000000ea100000|100%| E|CS|TAMS 0x00000000ea000000, 0x00000000ea100000| Complete 
| 161|0x00000000ea100000, 0x00000000ea200000, 0x00000000ea200000|100%| E|CS|TAMS 0x00000000ea100000, 0x00000000ea200000| Complete 
| 162|0x00000000ea200000, 0x00000000ea300000, 0x00000000ea300000|100%| E|CS|TAMS 0x00000000ea200000, 0x00000000ea300000| Complete 
| 163|0x00000000ea300000, 0x00000000ea400000, 0x00000000ea400000|100%| E|CS|TAMS 0x00000000ea300000, 0x00000000ea400000| Complete 
| 164|0x00000000ea400000, 0x00000000ea500000, 0x00000000ea500000|100%| E|CS|TAMS 0x00000000ea400000, 0x00000000ea500000| Complete 
| 165|0x00000000ea500000, 0x00000000ea600000, 0x00000000ea600000|100%| E|CS|TAMS 0x00000000ea500000, 0x00000000ea600000| Complete 
| 166|0x00000000ea600000, 0x00000000ea700000, 0x00000000ea700000|100%| E|CS|TAMS 0x00000000ea600000, 0x00000000ea700000| Complete 
| 167|0x00000000ea700000, 0x00000000ea800000, 0x00000000ea800000|100%| E|CS|TAMS 0x00000000ea700000, 0x00000000ea800000| Complete 
| 168|0x00000000ea800000, 0x00000000ea900000, 0x00000000ea900000|100%| E|CS|TAMS 0x00000000ea800000, 0x00000000ea900000| Complete 
| 169|0x00000000ea900000, 0x00000000eaa00000, 0x00000000eaa00000|100%| E|CS|TAMS 0x00000000ea900000, 0x00000000eaa00000| Complete 
| 170|0x00000000eaa00000, 0x00000000eab00000, 0x00000000eab00000|100%| E|CS|TAMS 0x00000000eaa00000, 0x00000000eab00000| Complete 
| 171|0x00000000eab00000, 0x00000000eac00000, 0x00000000eac00000|100%| E|CS|TAMS 0x00000000eab00000, 0x00000000eac00000| Complete 
| 172|0x00000000eac00000, 0x00000000ead00000, 0x00000000ead00000|100%| E|CS|TAMS 0x00000000eac00000, 0x00000000ead00000| Complete 
| 173|0x00000000ead00000, 0x00000000eae00000, 0x00000000eae00000|100%| E|CS|TAMS 0x00000000ead00000, 0x00000000eae00000| Complete 
| 174|0x00000000eae00000, 0x00000000eaf00000, 0x00000000eaf00000|100%| E|CS|TAMS 0x00000000eae00000, 0x00000000eaf00000| Complete 
| 175|0x00000000eaf00000, 0x00000000eb000000, 0x00000000eb000000|100%| E|CS|TAMS 0x00000000eaf00000, 0x00000000eb000000| Complete 
| 176|0x00000000eb000000, 0x00000000eb100000, 0x00000000eb100000|100%| E|CS|TAMS 0x00000000eb000000, 0x00000000eb100000| Complete 
| 177|0x00000000eb100000, 0x00000000eb200000, 0x00000000eb200000|100%| E|CS|TAMS 0x00000000eb100000, 0x00000000eb200000| Complete 
| 178|0x00000000eb200000, 0x00000000eb300000, 0x00000000eb300000|100%| E|CS|TAMS 0x00000000eb200000, 0x00000000eb300000| Complete 
| 179|0x00000000eb300000, 0x00000000eb400000, 0x00000000eb400000|100%| E|CS|TAMS 0x00000000eb300000, 0x00000000eb400000| Complete 
| 180|0x00000000eb400000, 0x00000000eb500000, 0x00000000eb500000|100%| E|CS|TAMS 0x00000000eb400000, 0x00000000eb500000| Complete 
| 181|0x00000000eb500000, 0x00000000eb600000, 0x00000000eb600000|100%| E|CS|TAMS 0x00000000eb500000, 0x00000000eb600000| Complete 
| 182|0x00000000eb600000, 0x00000000eb700000, 0x00000000eb700000|100%| E|CS|TAMS 0x00000000eb600000, 0x00000000eb700000| Complete 
| 183|0x00000000eb700000, 0x00000000eb800000, 0x00000000eb800000|100%| E|CS|TAMS 0x00000000eb700000, 0x00000000eb800000| Complete 
| 184|0x00000000eb800000, 0x00000000eb900000, 0x00000000eb900000|100%| E|CS|TAMS 0x00000000eb800000, 0x00000000eb900000| Complete 
| 185|0x00000000eb900000, 0x00000000eba00000, 0x00000000eba00000|100%| E|CS|TAMS 0x00000000eb900000, 0x00000000eba00000| Complete 
| 186|0x00000000eba00000, 0x00000000ebb00000, 0x00000000ebb00000|100%| E|CS|TAMS 0x00000000eba00000, 0x00000000ebb00000| Complete 
| 187|0x00000000ebb00000, 0x00000000ebc00000, 0x00000000ebc00000|100%| E|CS|TAMS 0x00000000ebb00000, 0x00000000ebc00000| Complete 
| 188|0x00000000ebc00000, 0x00000000ebd00000, 0x00000000ebd00000|100%| E|CS|TAMS 0x00000000ebc00000, 0x00000000ebd00000| Complete 
| 189|0x00000000ebd00000, 0x00000000ebe00000, 0x00000000ebe00000|100%| E|CS|TAMS 0x00000000ebd00000, 0x00000000ebe00000| Complete 
| 190|0x00000000ebe00000, 0x00000000ebf00000, 0x00000000ebf00000|100%| E|CS|TAMS 0x00000000ebe00000, 0x00000000ebf00000| Complete 
| 191|0x00000000ebf00000, 0x00000000ec000000, 0x00000000ec000000|100%| E|CS|TAMS 0x00000000ebf00000, 0x00000000ec000000| Complete 
| 192|0x00000000ec000000, 0x00000000ec100000, 0x00000000ec100000|100%| E|CS|TAMS 0x00000000ec000000, 0x00000000ec100000| Complete 
| 193|0x00000000ec100000, 0x00000000ec200000, 0x00000000ec200000|100%| E|CS|TAMS 0x00000000ec100000, 0x00000000ec200000| Complete 
| 194|0x00000000ec200000, 0x00000000ec300000, 0x00000000ec300000|100%| E|CS|TAMS 0x00000000ec200000, 0x00000000ec300000| Complete 
| 195|0x00000000ec300000, 0x00000000ec400000, 0x00000000ec400000|100%| E|CS|TAMS 0x00000000ec300000, 0x00000000ec400000| Complete 
| 196|0x00000000ec400000, 0x00000000ec500000, 0x00000000ec500000|100%| E|CS|TAMS 0x00000000ec400000, 0x00000000ec500000| Complete 
| 197|0x00000000ec500000, 0x00000000ec600000, 0x00000000ec600000|100%| E|CS|TAMS 0x00000000ec500000, 0x00000000ec600000| Complete 
| 198|0x00000000ec600000, 0x00000000ec700000, 0x00000000ec700000|100%| E|CS|TAMS 0x00000000ec600000, 0x00000000ec700000| Complete 
| 199|0x00000000ec700000, 0x00000000ec800000, 0x00000000ec800000|100%| E|CS|TAMS 0x00000000ec700000, 0x00000000ec800000| Complete 
| 200|0x00000000ec800000, 0x00000000ec900000, 0x00000000ec900000|100%| E|CS|TAMS 0x00000000ec800000, 0x00000000ec900000| Complete 
| 201|0x00000000ec900000, 0x00000000eca00000, 0x00000000eca00000|100%| E|CS|TAMS 0x00000000ec900000, 0x00000000eca00000| Complete 
| 202|0x00000000eca00000, 0x00000000ecb00000, 0x00000000ecb00000|100%| E|CS|TAMS 0x00000000eca00000, 0x00000000ecb00000| Complete 
| 203|0x00000000ecb00000, 0x00000000ecc00000, 0x00000000ecc00000|100%| E|CS|TAMS 0x00000000ecb00000, 0x00000000ecc00000| Complete 
| 204|0x00000000ecc00000, 0x00000000ecd00000, 0x00000000ecd00000|100%| E|CS|TAMS 0x00000000ecc00000, 0x00000000ecd00000| Complete 
| 205|0x00000000ecd00000, 0x00000000ece00000, 0x00000000ece00000|100%| E|CS|TAMS 0x00000000ecd00000, 0x00000000ece00000| Complete 
| 206|0x00000000ece00000, 0x00000000ecf00000, 0x00000000ecf00000|100%| E|CS|TAMS 0x00000000ece00000, 0x00000000ecf00000| Complete 
| 207|0x00000000ecf00000, 0x00000000ed000000, 0x00000000ed000000|100%| E|CS|TAMS 0x00000000ecf00000, 0x00000000ed000000| Complete 
| 208|0x00000000ed000000, 0x00000000ed100000, 0x00000000ed100000|100%| E|CS|TAMS 0x00000000ed000000, 0x00000000ed100000| Complete 
| 209|0x00000000ed100000, 0x00000000ed200000, 0x00000000ed200000|100%| E|CS|TAMS 0x00000000ed100000, 0x00000000ed200000| Complete 
| 210|0x00000000ed200000, 0x00000000ed300000, 0x00000000ed300000|100%| E|CS|TAMS 0x00000000ed200000, 0x00000000ed300000| Complete 
| 211|0x00000000ed300000, 0x00000000ed400000, 0x00000000ed400000|100%| E|CS|TAMS 0x00000000ed300000, 0x00000000ed400000| Complete 
| 212|0x00000000ed400000, 0x00000000ed500000, 0x00000000ed500000|100%| E|CS|TAMS 0x00000000ed400000, 0x00000000ed500000| Complete 
| 213|0x00000000ed500000, 0x00000000ed600000, 0x00000000ed600000|100%| E|CS|TAMS 0x00000000ed500000, 0x00000000ed600000| Complete 
| 214|0x00000000ed600000, 0x00000000ed700000, 0x00000000ed700000|100%| E|CS|TAMS 0x00000000ed600000, 0x00000000ed700000| Complete 
| 215|0x00000000ed700000, 0x00000000ed800000, 0x00000000ed800000|100%| E|CS|TAMS 0x00000000ed700000, 0x00000000ed800000| Complete 
| 216|0x00000000ed800000, 0x00000000ed900000, 0x00000000ed900000|100%| E|CS|TAMS 0x00000000ed800000, 0x00000000ed900000| Complete 
| 217|0x00000000ed900000, 0x00000000eda00000, 0x00000000eda00000|100%| E|CS|TAMS 0x00000000ed900000, 0x00000000eda00000| Complete 
| 218|0x00000000eda00000, 0x00000000edb00000, 0x00000000edb00000|100%| E|CS|TAMS 0x00000000eda00000, 0x00000000edb00000| Complete 
| 219|0x00000000edb00000, 0x00000000edc00000, 0x00000000edc00000|100%| E|CS|TAMS 0x00000000edb00000, 0x00000000edc00000| Complete 
| 220|0x00000000edc00000, 0x00000000edd00000, 0x00000000edd00000|100%| E|CS|TAMS 0x00000000edc00000, 0x00000000edd00000| Complete 
| 221|0x00000000edd00000, 0x00000000ede00000, 0x00000000ede00000|100%| E|CS|TAMS 0x00000000edd00000, 0x00000000ede00000| Complete 
| 222|0x00000000ede00000, 0x00000000edf00000, 0x00000000edf00000|100%| E|CS|TAMS 0x00000000ede00000, 0x00000000edf00000| Complete 
| 223|0x00000000edf00000, 0x00000000ee000000, 0x00000000ee000000|100%| E|CS|TAMS 0x00000000edf00000, 0x00000000ee000000| Complete 
| 224|0x00000000ee000000, 0x00000000ee100000, 0x00000000ee100000|100%| E|CS|TAMS 0x00000000ee000000, 0x00000000ee100000| Complete 
| 225|0x00000000ee100000, 0x00000000ee1c4188, 0x00000000ee200000| 76%| E|CS|TAMS 0x00000000ee100000, 0x00000000ee1c4188| Complete 
| 226|0x00000000ee200000, 0x00000000ee300000, 0x00000000ee300000|100%| E|CS|TAMS 0x00000000ee200000, 0x00000000ee300000| Complete 
| 227|0x00000000ee300000, 0x00000000ee400000, 0x00000000ee400000|100%| E|CS|TAMS 0x00000000ee300000, 0x00000000ee400000| Complete 
| 228|0x00000000ee400000, 0x00000000ee500000, 0x00000000ee500000|100%| E|CS|TAMS 0x00000000ee400000, 0x00000000ee500000| Complete 
| 229|0x00000000ee500000, 0x00000000ee600000, 0x00000000ee600000|100%| E|CS|TAMS 0x00000000ee500000, 0x00000000ee600000| Complete 
| 230|0x00000000ee600000, 0x00000000ee700000, 0x00000000ee700000|100%| E|CS|TAMS 0x00000000ee600000, 0x00000000ee700000| Complete 
| 231|0x00000000ee700000, 0x00000000ee800000, 0x00000000ee800000|100%| E|CS|TAMS 0x00000000ee700000, 0x00000000ee800000| Complete 
| 232|0x00000000ee800000, 0x00000000ee900000, 0x00000000ee900000|100%| E|CS|TAMS 0x00000000ee800000, 0x00000000ee900000| Complete 
| 233|0x00000000ee900000, 0x00000000eea00000, 0x00000000eea00000|100%| E|CS|TAMS 0x00000000ee900000, 0x00000000eea00000| Complete 
| 234|0x00000000eea00000, 0x00000000eeb00000, 0x00000000eeb00000|100%| E|CS|TAMS 0x00000000eea00000, 0x00000000eeb00000| Complete 
| 235|0x00000000eeb00000, 0x00000000eec00000, 0x00000000eec00000|100%| E|CS|TAMS 0x00000000eeb00000, 0x00000000eec00000| Complete 
| 236|0x00000000eec00000, 0x00000000eed00000, 0x00000000eed00000|100%| E|CS|TAMS 0x00000000eec00000, 0x00000000eed00000| Complete 
| 237|0x00000000eed00000, 0x00000000eee00000, 0x00000000eee00000|100%| E|CS|TAMS 0x00000000eed00000, 0x00000000eee00000| Complete 
| 238|0x00000000eee00000, 0x00000000eef00000, 0x00000000eef00000|100%| E|CS|TAMS 0x00000000eee00000, 0x00000000eef00000| Complete 
| 239|0x00000000eef00000, 0x00000000ef000000, 0x00000000ef000000|100%| E|CS|TAMS 0x00000000eef00000, 0x00000000ef000000| Complete 
| 240|0x00000000ef000000, 0x00000000ef100000, 0x00000000ef100000|100%| E|CS|TAMS 0x00000000ef000000, 0x00000000ef100000| Complete 
| 241|0x00000000ef100000, 0x00000000ef200000, 0x00000000ef200000|100%| E|CS|TAMS 0x00000000ef100000, 0x00000000ef200000| Complete 
| 242|0x00000000ef200000, 0x00000000ef300000, 0x00000000ef300000|100%| E|CS|TAMS 0x00000000ef200000, 0x00000000ef300000| Complete 
| 243|0x00000000ef300000, 0x00000000ef400000, 0x00000000ef400000|100%| E|CS|TAMS 0x00000000ef300000, 0x00000000ef400000| Complete 
| 244|0x00000000ef400000, 0x00000000ef500000, 0x00000000ef500000|100%| E|CS|TAMS 0x00000000ef400000, 0x00000000ef500000| Complete 
| 245|0x00000000ef500000, 0x00000000ef600000, 0x00000000ef600000|100%| E|CS|TAMS 0x00000000ef500000, 0x00000000ef600000| Complete 
| 246|0x00000000ef600000, 0x00000000ef700000, 0x00000000ef700000|100%| E|CS|TAMS 0x00000000ef600000, 0x00000000ef700000| Complete 
| 247|0x00000000ef700000, 0x00000000ef800000, 0x00000000ef800000|100%| E|CS|TAMS 0x00000000ef700000, 0x00000000ef800000| Complete 
| 248|0x00000000ef800000, 0x00000000ef900000, 0x00000000ef900000|100%| E|CS|TAMS 0x00000000ef800000, 0x00000000ef900000| Complete 
| 249|0x00000000ef900000, 0x00000000efa00000, 0x00000000efa00000|100%| E|CS|TAMS 0x00000000ef900000, 0x00000000efa00000| Complete 
| 250|0x00000000efa00000, 0x00000000efb00000, 0x00000000efb00000|100%| E|CS|TAMS 0x00000000efa00000, 0x00000000efb00000| Complete 
| 251|0x00000000efb00000, 0x00000000efc00000, 0x00000000efc00000|100%| E|CS|TAMS 0x00000000efb00000, 0x00000000efc00000| Complete 
| 252|0x00000000efc00000, 0x00000000efd00000, 0x00000000efd00000|100%| E|CS|TAMS 0x00000000efc00000, 0x00000000efd00000| Complete 
| 253|0x00000000efd00000, 0x00000000efe00000, 0x00000000efe00000|100%| E|CS|TAMS 0x00000000efd00000, 0x00000000efe00000| Complete 
| 254|0x00000000efe00000, 0x00000000eff00000, 0x00000000eff00000|100%| E|CS|TAMS 0x00000000efe00000, 0x00000000eff00000| Complete 
| 255|0x00000000eff00000, 0x00000000f0000000, 0x00000000f0000000|100%| E|CS|TAMS 0x00000000eff00000, 0x00000000f0000000| Complete 

Card table byte_map: [0x0000019eb56c0000,0x0000019eb57c0000] _byte_map_base: 0x0000019eb4fc0000

Marking Bits (Prev, Next): (CMBitMap*) 0x0000019e9dff5f20, (CMBitMap*) 0x0000019e9dff5f60
 Prev Bits: [0x0000019eb58c0000, 0x0000019eb60c0000)
 Next Bits: [0x0000019eb60c0000, 0x0000019eb68c0000)

Polling page: 0x0000019e9c5c0000

Metaspace:

Usage:
  Non-class:     17.61 MB used.
      Class:      3.08 MB used.
       Both:     20.69 MB used.

Virtual space:
  Non-class space:       64.00 MB reserved,      17.75 MB ( 28%) committed,  1 nodes.
      Class space:      320.00 MB reserved,       3.25 MB (  1%) committed,  1 nodes.
             Both:      384.00 MB reserved,      21.00 MB (  5%) committed. 

Chunk freelists:
   Non-Class:  13.44 MB
       Class:  12.60 MB
        Both:  26.04 MB

MaxMetaspaceSize: 384.00 MB
CompressedClassSpaceSize: 320.00 MB
Initial GC threshold: 21.00 MB
Current GC threshold: 21.00 MB
CDS: on
MetaspaceReclaimPolicy: balanced
 - commit_granule_bytes: 65536.
 - commit_granule_words: 8192.
 - virtual_space_node_default_size: 8388608.
 - enlarge_chunks_in_place: 1.
 - new_chunks_are_fully_committed: 0.
 - uncommit_free_chunks: 1.
 - use_allocation_guard: 0.
 - handle_deallocations: 1.


Internal statistics:

num_allocs_failed_limit: 3.
num_arena_births: 272.
num_arena_deaths: 0.
num_vsnodes_births: 2.
num_vsnodes_deaths: 0.
num_space_committed: 336.
num_space_uncommitted: 0.
num_chunks_returned_to_freelist: 3.
num_chunks_taken_from_freelist: 1000.
num_chunk_merges: 3.
num_chunk_splits: 679.
num_chunks_enlarged: 493.
num_inconsistent_stats: 0.

CodeHeap 'non-profiled nmethods': size=120000Kb used=1411Kb max_used=1411Kb free=118588Kb
 bounds [0x0000019ead720000, 0x0000019ead990000, 0x0000019eb4c50000]
CodeHeap 'profiled nmethods': size=120000Kb used=5682Kb max_used=5682Kb free=114317Kb
 bounds [0x0000019ea5c50000, 0x0000019ea61e0000, 0x0000019ead180000]
CodeHeap 'non-nmethods': size=5760Kb used=1232Kb max_used=1300Kb free=4527Kb
 bounds [0x0000019ead180000, 0x0000019ead3f0000, 0x0000019ead720000]
 total_blobs=3287 nmethods=2741 adapters=458
 compilation: enabled
              stopped_count=0, restarted_count=0
 full_count=0

Compilation events (20 events):
Event: 3.157 Thread 0x0000019eb9349fc0 nmethod 2743 0x0000019ead87fa90 code [0x0000019ead87fc20, 0x0000019ead87fcf8]
Event: 3.158 Thread 0x0000019eb9349fc0 2744       3       java.lang.invoke.VarHandleGuards::guard_LL_V (125 bytes)
Event: 3.160 Thread 0x0000019eb9349fc0 nmethod 2744 0x0000019ea61d7110 code [0x0000019ea61d7560, 0x0000019ea61da158]
Event: 3.160 Thread 0x0000019eb9349fc0 2746  s    3       java.io.ByteArrayOutputStream::write (32 bytes)
Event: 3.161 Thread 0x0000019eb9349fc0 nmethod 2746 0x0000019ea61dad90 code [0x0000019ea61daf40, 0x0000019ea61db188]
Event: 3.161 Thread 0x0000019eb9349fc0 2749       3       java.util.concurrent.ConcurrentLinkedQueue::add (6 bytes)
Event: 3.161 Thread 0x0000019eb9349fc0 nmethod 2749 0x0000019ea61db290 code [0x0000019ea61db440, 0x0000019ea61db588]
Event: 3.161 Thread 0x0000019eb9349fc0 2748       1       org.gradle.cache.internal.btree.FileBackedBlockStore::access$500 (5 bytes)
Event: 3.161 Thread 0x0000019eb9349fc0 nmethod 2748 0x0000019ead880090 code [0x0000019ead880220, 0x0000019ead8802d8]
Event: 3.161 Thread 0x0000019eb9349fc0 2745       1       java.lang.Long::longValue (5 bytes)
Event: 3.161 Thread 0x0000019eb9349fc0 nmethod 2745 0x0000019ead880390 code [0x0000019ead880520, 0x0000019ead8805f8]
Event: 3.161 Thread 0x0000019eb9349fc0 2747       1       com.google.common.cache.CacheBuilder$3::read (2 bytes)
Event: 3.161 Thread 0x0000019eb9349fc0 nmethod 2747 0x0000019ead880690 code [0x0000019ead880820, 0x0000019ead8808f8]
Event: 3.162 Thread 0x0000019eb9349fc0 2752       3       jdk.internal.reflect.ClassFileAssembler::emitConstantPoolMethodref (28 bytes)
Event: 3.163 Thread 0x0000019eb9349fc0 nmethod 2752 0x0000019ea61db610 code [0x0000019ea61db840, 0x0000019ea61dbf08]
Event: 3.163 Thread 0x0000019eb9349fc0 2754       3       java.io.ObjectStreamField::getSignature (39 bytes)
Event: 3.163 Thread 0x0000019eb9349fc0 nmethod 2754 0x0000019ea61dc290 code [0x0000019ea61dc4a0, 0x0000019ea61dc968]
Event: 3.163 Thread 0x0000019eb9349fc0 2753       1       jdk.internal.reflect.ClassFileAssembler::getStack (5 bytes)
Event: 3.163 Thread 0x0000019eb9349fc0 nmethod 2753 0x0000019ead880990 code [0x0000019ead880b20, 0x0000019ead880bf8]
Event: 3.163 Thread 0x0000019eb9349fc0 2755       3       sun.security.provider.ByteArrayAccess::b2iBig64 (231 bytes)

GC Heap History (5 events):
Event: 0.706 GC heap before
{Heap before GC invocations=0 (full 0):
 garbage-first heap   total 262144K, used 26624K [0x00000000e0000000, 0x0000000100000000)
  region size 1024K, 23 young (23552K), 0 survivors (0K)
 Metaspace       used 3020K, committed 3200K, reserved 393216K
  class space    used 386K, committed 448K, reserved 327680K
}
Event: 0.710 GC heap after
{Heap after GC invocations=1 (full 0):
 garbage-first heap   total 262144K, used 11030K [0x00000000e0000000, 0x0000000100000000)
  region size 1024K, 3 young (3072K), 3 survivors (3072K)
 Metaspace       used 3020K, committed 3200K, reserved 393216K
  class space    used 386K, committed 448K, reserved 327680K
}
Event: 1.257 GC heap before
{Heap before GC invocations=1 (full 0):
 garbage-first heap   total 262144K, used 38678K [0x00000000e0000000, 0x0000000100000000)
  region size 1024K, 30 young (30720K), 3 survivors (3072K)
 Metaspace       used 4030K, committed 4160K, reserved 393216K
  class space    used 496K, committed 576K, reserved 327680K
}
Event: 1.260 GC heap after
{Heap after GC invocations=2 (full 0):
 garbage-first heap   total 262144K, used 11860K [0x00000000e0000000, 0x0000000100000000)
  region size 1024K, 1 young (1024K), 1 survivors (1024K)
 Metaspace       used 4030K, committed 4160K, reserved 393216K
  class space    used 496K, committed 576K, reserved 327680K
}
Event: 3.165 GC heap before
{Heap before GC invocations=2 (full 0):
 garbage-first heap   total 262144K, used 135764K [0x00000000e0000000, 0x0000000100000000)
  region size 1024K, 120 young (122880K), 1 survivors (1024K)
 Metaspace       used 21185K, committed 21504K, reserved 393216K
  class space    used 3149K, committed 3328K, reserved 327680K
}

Deoptimization events (20 events):
Event: 3.151 Thread 0x0000019ed3a11930 Uncommon trap: trap_request=0xffffff45 fr.pc=0x0000019ead820094 relative=0x0000000000000154
Event: 3.151 Thread 0x0000019ed3a11930 Uncommon trap: reason=unstable_if action=reinterpret pc=0x0000019ead820094 method=java.util.concurrent.ConcurrentHashMap.addCount(JI)V @ 7 c2
Event: 3.151 Thread 0x0000019ed3a11930 DEOPT PACKING pc=0x0000019ead820094 sp=0x00000098156fdda0
Event: 3.151 Thread 0x0000019ed3a11930 DEOPT UNPACKING pc=0x0000019ead1d23a3 sp=0x00000098156fdd00 mode 2
Event: 3.155 Thread 0x0000019ed4577ed0 Uncommon trap: trap_request=0xffffffc6 fr.pc=0x0000019ead862078 relative=0x0000000000003118
Event: 3.155 Thread 0x0000019ed4577ed0 Uncommon trap: reason=bimorphic_or_optimized_type_check action=maybe_recompile pc=0x0000019ead862078 method=java.lang.ClassLoader.loadClass(Ljava/lang/String;Z)Ljava/lang/Class; @ 38 c2
Event: 3.155 Thread 0x0000019ed4577ed0 DEOPT PACKING pc=0x0000019ead862078 sp=0x00000098152fbec0
Event: 3.155 Thread 0x0000019ed4577ed0 DEOPT UNPACKING pc=0x0000019ead1d23a3 sp=0x00000098152fbed0 mode 2
Event: 3.161 Thread 0x0000019ed4577ed0 Uncommon trap: trap_request=0xffffffc6 fr.pc=0x0000019ead862078 relative=0x0000000000003118
Event: 3.161 Thread 0x0000019ed4577ed0 Uncommon trap: reason=bimorphic_or_optimized_type_check action=maybe_recompile pc=0x0000019ead862078 method=java.lang.ClassLoader.loadClass(Ljava/lang/String;Z)Ljava/lang/Class; @ 38 c2
Event: 3.161 Thread 0x0000019ed4577ed0 DEOPT PACKING pc=0x0000019ead862078 sp=0x00000098152fa2b0
Event: 3.161 Thread 0x0000019ed4577ed0 DEOPT UNPACKING pc=0x0000019ead1d23a3 sp=0x00000098152fa2c0 mode 2
Event: 3.162 Thread 0x0000019ed4577ed0 Uncommon trap: trap_request=0xffffffc6 fr.pc=0x0000019ead862078 relative=0x0000000000003118
Event: 3.162 Thread 0x0000019ed4577ed0 Uncommon trap: reason=bimorphic_or_optimized_type_check action=maybe_recompile pc=0x0000019ead862078 method=java.lang.ClassLoader.loadClass(Ljava/lang/String;Z)Ljava/lang/Class; @ 38 c2
Event: 3.162 Thread 0x0000019ed4577ed0 DEOPT PACKING pc=0x0000019ead862078 sp=0x00000098152fa500
Event: 3.162 Thread 0x0000019ed4577ed0 DEOPT UNPACKING pc=0x0000019ead1d23a3 sp=0x00000098152fa510 mode 2
Event: 3.162 Thread 0x0000019ed4577ed0 Uncommon trap: trap_request=0xffffffc6 fr.pc=0x0000019ead862078 relative=0x0000000000003118
Event: 3.162 Thread 0x0000019ed4577ed0 Uncommon trap: reason=bimorphic_or_optimized_type_check action=maybe_recompile pc=0x0000019ead862078 method=java.lang.ClassLoader.loadClass(Ljava/lang/String;Z)Ljava/lang/Class; @ 38 c2
Event: 3.162 Thread 0x0000019ed4577ed0 DEOPT PACKING pc=0x0000019ead862078 sp=0x00000098152fb850
Event: 3.162 Thread 0x0000019ed4577ed0 DEOPT UNPACKING pc=0x0000019ead1d23a3 sp=0x00000098152fb860 mode 2

Classes unloaded (0 events):
No events

Classes redefined (0 events):
No events

Internal exceptions (20 events):
Event: 2.666 Thread 0x0000019ed4577ed0 Exception <a 'java/lang/IncompatibleClassChangeError'{0x00000000eaffd1f0}: Found class java.lang.Object, but interface was expected> (0x00000000eaffd1f0) 
thrown [s\open\src\hotspot\share\interpreter\linkResolver.cpp, line 826]
Event: 2.698 Thread 0x0000019ed4577ed0 Exception <a 'java/lang/NoSuchMethodError'{0x00000000eac59788}: 'int java.lang.invoke.DirectMethodHandle$Holder.invokeStatic(java.lang.Object, java.lang.Object, java.lang.Object, java.lang.Object)'> (0x00000000eac59788) 
thrown [s\open\src\hotspot\share\interpreter\linkResolver.cpp, line 759]
Event: 2.698 Thread 0x0000019ed4577ed0 Exception <a 'java/lang/NoSuchMethodError'{0x00000000eac5d3b0}: 'java.lang.Object java.lang.invoke.Invokers$Holder.invokeExact_MT(java.lang.Object, java.lang.Object, java.lang.Object, java.lang.Object, java.lang.Object, java.lang.Object)'> (0x00000000eac5d3b0) 
thrown [s\open\src\hotspot\share\interpreter\linkResolver.cpp, line 759]
Event: 2.793 Thread 0x0000019ed4577ed0 Exception <a 'java/lang/NoSuchMethodError'{0x00000000ea34cfa8}: 'java.lang.Object java.lang.invoke.DirectMethodHandle$Holder.invokeVirtual(java.lang.Object, java.lang.Object, java.lang.Object, java.lang.Object)'> (0x00000000ea34cfa8) 
thrown [s\open\src\hotspot\share\interpreter\linkResolver.cpp, line 759]
Event: 2.811 Thread 0x0000019ed4577ed0 Exception <a 'java/lang/NoSuchMethodError'{0x00000000ea295840}: 'java.lang.Object java.lang.invoke.DirectMethodHandle$Holder.newInvokeSpecial(java.lang.Object, java.lang.Object, java.lang.Object, java.lang.Object, java.lang.Object, java.lang.Object, java.lang.Object)'> (0x00000000ea295840) 
thrown [s\open\src\hotspot\share\interpreter\linkResolver.cpp, line 759]
Event: 2.811 Thread 0x0000019ed4577ed0 Exception <a 'java/lang/NoSuchMethodError'{0x00000000ea29a510}: 'java.lang.Object java.lang.invoke.Invokers$Holder.linkToTargetMethod(java.lang.Object, java.lang.Object, java.lang.Object, java.lang.Object, java.lang.Object, java.lang.Object, java.lang.Object)'> (0x00000000ea29a510) 
thrown [s\open\src\hotspot\share\interpreter\linkResolver.cpp, line 759]
Event: 2.830 Thread 0x0000019ed4577ed0 Exception <a 'java/lang/NoSuchMethodError'{0x00000000ea1f0a98}: 'java.lang.Object java.lang.invoke.DirectMethodHandle$Holder.invokeVirtual(java.lang.Object, java.lang.Object, java.lang.Object, java.lang.Object, java.lang.Object, java.lang.Object, java.lang.Object, java.lang.Object, java.lang.Object, java.lang.Object, java.lang.Object, java.lang.Object, java.lang.Object, java.lang.Object, java.lang.Object, java.lang.Object, java.lang.Object, java.lang.Object, java.lang.Object, java.lang.Object, java.lang.Ob
Event: 2.879 Thread 0x0000019ed4577ed0 Implicit null exception at 0x0000019ead821260 to 0x0000019ead8212fa
Event: 3.043 Thread 0x0000019ed4577ed0 Exception <a 'java/lang/NoSuchMethodError'{0x00000000e9117348}: 'void java.lang.invoke.DirectMethodHandle$Holder.invokeStatic(java.lang.Object, java.lang.Object, java.lang.Object, java.lang.Object)'> (0x00000000e9117348) 
thrown [s\open\src\hotspot\share\interpreter\linkResolver.cpp, line 759]
Event: 3.045 Thread 0x0000019ed4577ed0 Exception <a 'java/lang/NoSuchMethodError'{0x00000000e912ba98}: 'int java.lang.invoke.DirectMethodHandle$Holder.invokeVirtual(java.lang.Object, java.lang.Object)'> (0x00000000e912ba98) 
thrown [s\open\src\hotspot\share\interpreter\linkResolver.cpp, line 759]
Event: 3.046 Thread 0x0000019ed4577ed0 Exception <a 'java/lang/NoSuchMethodError'{0x00000000e913e398}: 'java.lang.Object java.lang.invoke.DirectMethodHandle$Holder.invokeStaticInit(java.lang.Object, java.lang.Object, java.lang.Object)'> (0x00000000e913e398) 
thrown [s\open\src\hotspot\share\interpreter\linkResolver.cpp, line 759]
Event: 3.048 Thread 0x0000019ed4577ed0 Exception <a 'java/lang/NoSuchMethodError'{0x00000000e9153e38}: 'int java.lang.invoke.DirectMethodHandle$Holder.invokeVirtual(java.lang.Object, java.lang.Object, java.lang.Object)'> (0x00000000e9153e38) 
thrown [s\open\src\hotspot\share\interpreter\linkResolver.cpp, line 759]
Event: 3.085 Thread 0x0000019ed4577ed0 Exception <a 'java/lang/NoSuchMethodError'{0x00000000e8fb9b58}: 'int java.lang.invoke.DirectMethodHandle$Holder.invokeStaticInit(java.lang.Object, java.lang.Object, java.lang.Object)'> (0x00000000e8fb9b58) 
thrown [s\open\src\hotspot\share\interpreter\linkResolver.cpp, line 759]
Event: 3.088 Thread 0x0000019ed4577ed0 Exception <a 'java/lang/NoSuchMethodError'{0x00000000e8fced58}: 'java.lang.Object java.lang.invoke.DirectMethodHandle$Holder.newInvokeSpecial(java.lang.Object, java.lang.Object, long)'> (0x00000000e8fced58) 
thrown [s\open\src\hotspot\share\interpreter\linkResolver.cpp, line 759]
Event: 3.088 Thread 0x0000019ed4577ed0 Exception <a 'java/lang/NoSuchMethodError'{0x00000000e8fd30c0}: 'java.lang.Object java.lang.invoke.Invokers$Holder.linkToTargetMethod(java.lang.Object, long, java.lang.Object)'> (0x00000000e8fd30c0) 
thrown [s\open\src\hotspot\share\interpreter\linkResolver.cpp, line 759]
Event: 3.115 Thread 0x0000019ed4577ed0 Exception <a 'java/lang/NoSuchMethodError'{0x00000000e8d01b90}: 'int java.lang.invoke.DirectMethodHandle$Holder.invokeInterface(java.lang.Object, java.lang.Object)'> (0x00000000e8d01b90) 
thrown [s\open\src\hotspot\share\interpreter\linkResolver.cpp, line 759]
Event: 3.118 Thread 0x0000019ed4577ed0 Exception <a 'java/lang/NoSuchMethodError'{0x00000000e8d34328}: 'java.lang.Object java.lang.invoke.DirectMethodHandle$Holder.invokeStatic(java.lang.Object, java.lang.Object, int, java.lang.Object)'> (0x00000000e8d34328) 
thrown [s\open\src\hotspot\share\interpreter\linkResolver.cpp, line 759]
Event: 3.119 Thread 0x0000019ed4577ed0 Exception <a 'java/lang/NoSuchMethodError'{0x00000000e8d3bb78}: 'java.lang.Object java.lang.invoke.DirectMethodHandle$Holder.newInvokeSpecial(java.lang.Object, java.lang.Object, int, java.lang.Object)'> (0x00000000e8d3bb78) 
thrown [s\open\src\hotspot\share\interpreter\linkResolver.cpp, line 759]
Event: 3.119 Thread 0x0000019ed4577ed0 Exception <a 'java/lang/NoSuchMethodError'{0x00000000e8d3ff10}: 'java.lang.Object java.lang.invoke.DirectMethodHandle$Holder.invokeSpecial(java.lang.Object, java.lang.Object, java.lang.Object, int, java.lang.Object)'> (0x00000000e8d3ff10) 
thrown [s\open\src\hotspot\share\interpreter\linkResolver.cpp, line 759]
Event: 3.163 Thread 0x0000019ed4577ed0 Exception <a 'java/lang/NoSuchMethodError'{0x00000000e888eda8}: static Lorg/gradle/tooling/internal/consumer/connection/InternalPhasedActionAdapter;.<clinit>()V> (0x00000000e888eda8) 
thrown [s\open\src\hotspot\share\prims\jni.cpp, line 1107]

VM Operations (20 events):
Event: 1.880 Executing VM operation: HandshakeAllThreads done
Event: 2.096 Executing VM operation: HandshakeAllThreads
Event: 2.096 Executing VM operation: HandshakeAllThreads done
Event: 2.223 Executing VM operation: ICBufferFull
Event: 2.223 Executing VM operation: ICBufferFull done
Event: 2.355 Executing VM operation: HandshakeAllThreads
Event: 2.355 Executing VM operation: HandshakeAllThreads done
Event: 2.512 Executing VM operation: HandshakeAllThreads
Event: 2.512 Executing VM operation: HandshakeAllThreads done
Event: 2.512 Executing VM operation: HandshakeAllThreads
Event: 2.512 Executing VM operation: HandshakeAllThreads done
Event: 2.532 Executing VM operation: HandshakeAllThreads
Event: 2.532 Executing VM operation: HandshakeAllThreads done
Event: 2.532 Executing VM operation: HandshakeAllThreads
Event: 2.532 Executing VM operation: HandshakeAllThreads done
Event: 2.891 Executing VM operation: ICBufferFull
Event: 2.891 Executing VM operation: ICBufferFull done
Event: 3.101 Executing VM operation: HandshakeAllThreads
Event: 3.101 Executing VM operation: HandshakeAllThreads done
Event: 3.165 Executing VM operation: CollectForMetadataAllocation

Events (20 events):
Event: 3.042 loading class java/io/InterruptedIOException
Event: 3.042 loading class java/io/InterruptedIOException done
Event: 3.044 Thread 0x0000019ed559de60 Thread added: 0x0000019ed559de60
Event: 3.048 loading class java/util/ArrayDeque$DeqSpliterator
Event: 3.048 loading class java/util/ArrayDeque$DeqSpliterator done
Event: 3.072 loading class java/nio/charset/CharacterCodingException
Event: 3.072 loading class java/nio/charset/CharacterCodingException done
Event: 3.074 loading class java/lang/Short$ShortCache
Event: 3.074 loading class java/lang/Short$ShortCache done
Event: 3.076 Thread 0x0000019ed4b48030 Thread added: 0x0000019ed4b48030
Event: 3.146 Thread 0x0000019ed55a06e0 Thread added: 0x0000019ed55a06e0
Event: 3.147 Thread 0x0000019ed559d950 Thread added: 0x0000019ed559d950
Event: 3.147 Thread 0x0000019ed559cf30 Thread added: 0x0000019ed559cf30
Event: 3.147 Thread 0x0000019ed559d440 Thread added: 0x0000019ed559d440
Event: 3.147 Thread 0x0000019ed55a1100 Thread added: 0x0000019ed55a1100
Event: 3.147 Thread 0x0000019ed559e370 Thread added: 0x0000019ed559e370
Event: 3.147 loading class sun/nio/fs/WindowsPath$1
Event: 3.147 Thread 0x0000019ed559e880 Thread added: 0x0000019ed559e880
Event: 3.147 loading class sun/nio/fs/WindowsPath$1 done
Event: 3.147 Thread 0x0000019ed559ed90 Thread added: 0x0000019ed559ed90


Dynamic libraries:
0x00007ff67f180000 - 0x00007ff67f190000 	C:\Program Files\Java\jdk-17\bin\java.exe
0x00007ff838250000 - 0x00007ff83843e000 	C:\Windows\SYSTEM32\ntdll.dll
0x00007ff837950000 - 0x00007ff837a03000 	C:\Windows\System32\KERNEL32.DLL
0x00007ff834420000 - 0x00007ff8346bd000 	C:\Windows\System32\KERNELBASE.dll
0x00007ff834920000 - 0x00007ff834a1a000 	C:\Windows\System32\ucrtbase.dll
0x00007ff8323f0000 - 0x00007ff832409000 	C:\Program Files\Java\jdk-17\bin\jli.dll
0x00007ff82c900000 - 0x00007ff82c91b000 	C:\Program Files\Java\jdk-17\bin\VCRUNTIME140.dll
0x00007ff837260000 - 0x00007ff837308000 	C:\Windows\System32\ADVAPI32.dll
0x00007ff8377f0000 - 0x00007ff83788e000 	C:\Windows\System32\msvcrt.dll
0x00007ff8378a0000 - 0x00007ff837942000 	C:\Windows\System32\sechost.dll
0x00007ff837a10000 - 0x00007ff837b2e000 	C:\Windows\System32\RPCRT4.dll
0x00007ff8343a0000 - 0x00007ff8343c6000 	C:\Windows\System32\bcrypt.dll
0x00007ff837b30000 - 0x00007ff837cc7000 	C:\Windows\System32\USER32.dll
0x00007ff834900000 - 0x00007ff834920000 	C:\Windows\System32\win32u.dll
0x00007ff837230000 - 0x00007ff837259000 	C:\Windows\System32\GDI32.dll
0x00007ff834750000 - 0x00007ff8348fa000 	C:\Windows\System32\gdi32full.dll
0x00007ff834a20000 - 0x00007ff834ac0000 	C:\Windows\System32\msvcp_win.dll
0x00007ff822320000 - 0x00007ff822599000 	C:\Windows\WinSxS\amd64_microsoft.windows.common-controls_6595b64144ccf1df_6.0.17763.5329_none_de6f1d32534d4c59\COMCTL32.dll
0x00007ff837310000 - 0x00007ff83763b000 	C:\Windows\System32\combase.dll
0x00007ff8346c0000 - 0x00007ff834742000 	C:\Windows\System32\bcryptPrimitives.dll
0x00007ff833df0000 - 0x00007ff833dfa000 	C:\Windows\SYSTEM32\VERSION.dll
0x00007ff837200000 - 0x00007ff83722e000 	C:\Windows\System32\IMM32.DLL
0x000000005f9c0000 - 0x000000005f9cd000 	C:\Program Files (x86)\360\360Safe\safemon\SafeWrapper.dll
0x00007ff81ec60000 - 0x00007ff81ed0c000 	C:\Program Files (x86)\360\360Safe\safemon\libzdtp64.dll
0x00007ff8355b0000 - 0x00007ff836aa8000 	C:\Windows\System32\SHELL32.dll
0x00007ff8343d0000 - 0x00007ff83441a000 	C:\Windows\System32\cfgmgr32.dll
0x00007ff836ab0000 - 0x00007ff836b57000 	C:\Windows\System32\shcore.dll
0x00007ff834ac0000 - 0x00007ff835207000 	C:\Windows\System32\windows.storage.dll
0x00007ff834260000 - 0x00007ff834283000 	C:\Windows\System32\profapi.dll
0x00007ff834200000 - 0x00007ff83425d000 	C:\Windows\System32\powrprof.dll
0x00007ff838140000 - 0x00007ff838192000 	C:\Windows\System32\shlwapi.dll
0x00007ff8342b0000 - 0x00007ff8342c1000 	C:\Windows\System32\kernel.appcore.dll
0x00007ff8342d0000 - 0x00007ff8342eb000 	C:\Windows\System32\cryptsp.dll
0x00007ff82fca0000 - 0x00007ff82fcac000 	C:\Program Files\Java\jdk-17\bin\vcruntime140_1.dll
0x00007ff804f90000 - 0x00007ff80501e000 	C:\Program Files\Java\jdk-17\bin\msvcp140.dll
0x00007ffffb3f0000 - 0x00007ffffbfd1000 	C:\Program Files\Java\jdk-17\bin\server\jvm.dll
0x00007ff8371f0000 - 0x00007ff8371f8000 	C:\Windows\System32\PSAPI.DLL
0x00007ff82eac0000 - 0x00007ff82eac9000 	C:\Windows\SYSTEM32\WSOCK32.dll
0x00007ff832360000 - 0x00007ff832384000 	C:\Windows\SYSTEM32\WINMM.dll
0x00007ff837cd0000 - 0x00007ff837d3d000 	C:\Windows\System32\WS2_32.dll
0x00007ff832240000 - 0x00007ff83226d000 	C:\Windows\SYSTEM32\winmmbase.dll
0x00007ff82f550000 - 0x00007ff82f55a000 	C:\Program Files\Java\jdk-17\bin\jimage.dll
0x00007ff823540000 - 0x00007ff82372d000 	C:\Windows\SYSTEM32\DBGHELP.DLL
0x00007ff819740000 - 0x00007ff81976a000 	C:\Windows\SYSTEM32\dbgcore.DLL
0x00007ff826d00000 - 0x00007ff826d0e000 	C:\Program Files\Java\jdk-17\bin\instrument.dll
0x00007ff81c3f0000 - 0x00007ff81c415000 	C:\Program Files\Java\jdk-17\bin\java.dll
0x00007ff800670000 - 0x00007ff800747000 	C:\Program Files\Java\jdk-17\bin\jsvml.dll
0x00007ff81a970000 - 0x00007ff81a988000 	C:\Program Files\Java\jdk-17\bin\zip.dll
0x00007ff81a870000 - 0x00007ff81a889000 	C:\Program Files\Java\jdk-17\bin\net.dll
0x00007ff82a3a0000 - 0x00007ff82a49d000 	C:\Windows\SYSTEM32\WINHTTP.dll
0x00007ff833980000 - 0x00007ff8339e7000 	C:\Windows\system32\mswsock.dll
0x00007ff819ba0000 - 0x00007ff819bb6000 	C:\Program Files\Java\jdk-17\bin\nio.dll
0x00007ff81c190000 - 0x00007ff81c1a0000 	C:\Program Files\Java\jdk-17\bin\verify.dll
0x00007ff805020000 - 0x00007ff805047000 	C:\Users\SXRBS\.gradle\native\c067742578af261105cb4f569cf0c3c89f3d7b1fecec35dd04571415982c5e48\windows-amd64\native-platform.dll
0x00007fffe3ce0000 - 0x00007fffe3e24000 	C:\Users\SXRBS\.gradle\native\38dada09dfb8b06ba9b0570ebf7e218e3eb74d4ef43ca46872605cf95ebc2f47\windows-amd64\native-platform-file-events.dll
0x00007ff81ab30000 - 0x00007ff81ab3a000 	C:\Program Files\Java\jdk-17\bin\management.dll
0x00007ff81a8f0000 - 0x00007ff81a8fb000 	C:\Program Files\Java\jdk-17\bin\management_ext.dll
0x00007ff833500000 - 0x00007ff833533000 	C:\Windows\system32\rsaenh.dll
0x00007ff834130000 - 0x00007ff834159000 	C:\Windows\SYSTEM32\USERENV.dll
0x00007ff833bb0000 - 0x00007ff833bbc000 	C:\Windows\SYSTEM32\CRYPTBASE.dll
0x00007ff833690000 - 0x00007ff8336cd000 	C:\Windows\SYSTEM32\IPHLPAPI.DLL
0x00007ff835540000 - 0x00007ff835548000 	C:\Windows\System32\NSI.dll
0x00007ff82e290000 - 0x00007ff82e2a6000 	C:\Windows\SYSTEM32\dhcpcsvc6.DLL
0x00007ff82e130000 - 0x00007ff82e14c000 	C:\Windows\SYSTEM32\dhcpcsvc.DLL
0x00007ff8336d0000 - 0x00007ff833796000 	C:\Windows\SYSTEM32\DNSAPI.dll
0x00007ff81a7b0000 - 0x00007ff81a7be000 	C:\Program Files\Java\jdk-17\bin\sunmscapi.dll
0x00007ff835210000 - 0x00007ff83540e000 	C:\Windows\System32\CRYPT32.dll
0x00007ff834290000 - 0x00007ff8342a2000 	C:\Windows\System32\MSASN1.dll
0x00007ff833cb0000 - 0x00007ff833cdc000 	C:\Windows\SYSTEM32\ncrypt.dll
0x00007ff833c70000 - 0x00007ff833cac000 	C:\Windows\SYSTEM32\NTASN1.dll
0x00007ff81ca40000 - 0x00007ff81ca47000 	C:\Windows\system32\wshunix.dll

dbghelp: loaded successfully - version: 4.0.5 - missing functions: none
symbol engine: initialized successfully - sym options: 0x614 - pdb path: .;C:\Program Files\Java\jdk-17\bin;C:\Windows\SYSTEM32;C:\Windows\WinSxS\amd64_microsoft.windows.common-controls_6595b64144ccf1df_6.0.17763.5329_none_de6f1d32534d4c59;C:\Program Files (x86)\360\360Safe\safemon;C:\Program Files\Java\jdk-17\bin\server;C:\Users\SXRBS\.gradle\native\c067742578af261105cb4f569cf0c3c89f3d7b1fecec35dd04571415982c5e48\windows-amd64;C:\Users\SXRBS\.gradle\native\38dada09dfb8b06ba9b0570ebf7e218e3eb74d4ef43ca46872605cf95ebc2f47\windows-amd64

VM Arguments:
jvm_args: --add-opens=java.base/java.util=ALL-UNNAMED --add-opens=java.base/java.lang=ALL-UNNAMED --add-opens=java.base/java.lang.invoke=ALL-UNNAMED --add-opens=java.prefs/java.util.prefs=ALL-UNNAMED --add-opens=java.base/java.nio.charset=ALL-UNNAMED --add-opens=java.base/java.net=ALL-UNNAMED --add-opens=java.base/java.util.concurrent.atomic=ALL-UNNAMED -XX:MaxMetaspaceSize=384m -XX:+HeapDumpOnOutOfMemoryError -Xms256m -Xmx512m -Dfile.encoding=GBK -Duser.country=CN -Duser.language=zh -Duser.variant -javaagent:C:\Users\SXRBS\.gradle\wrapper\dists\gradle-8.5-bin\5t9huq95ubn472n8rpzujfbqh\gradle-8.5\lib\agents\gradle-instrumentation-agent-8.5.jar 
java_command: org.gradle.launcher.daemon.bootstrap.GradleDaemon 8.5
java_class_path (initial): C:\Users\SXRBS\.gradle\wrapper\dists\gradle-8.5-bin\5t9huq95ubn472n8rpzujfbqh\gradle-8.5\lib\gradle-launcher-8.5.jar
Launcher Type: SUN_STANDARD

[Global flags]
     intx CICompilerCount                          = 4                                         {product} {ergonomic}
   size_t CompressedClassSpaceSize                 = 335544320                                 {product} {ergonomic}
     uint ConcGCThreads                            = 2                                         {product} {ergonomic}
     uint G1ConcRefinementThreads                  = 8                                         {product} {ergonomic}
   size_t G1HeapRegionSize                         = 1048576                                   {product} {ergonomic}
    uintx GCDrainStackTargetSize                   = 64                                        {product} {ergonomic}
     bool HeapDumpOnOutOfMemoryError               = true                                   {manageable} {command line}
   size_t InitialHeapSize                          = 268435456                                 {product} {command line}
   size_t MarkStackSize                            = 4194304                                   {product} {ergonomic}
   size_t MaxHeapSize                              = 536870912                                 {product} {command line}
   size_t MaxMetaspaceSize                         = 402653184                                 {product} {command line}
   size_t MaxNewSize                               = 321912832                                 {product} {ergonomic}
   size_t MinHeapDeltaBytes                        = 1048576                                   {product} {ergonomic}
   size_t MinHeapSize                              = 268435456                                 {product} {command line}
    uintx NonNMethodCodeHeapSize                   = 5839372                                {pd product} {ergonomic}
    uintx NonProfiledCodeHeapSize                  = 122909434                              {pd product} {ergonomic}
    uintx ProfiledCodeHeapSize                     = 122909434                              {pd product} {ergonomic}
    uintx ReservedCodeCacheSize                    = 251658240                              {pd product} {ergonomic}
     bool SegmentedCodeCache                       = true                                      {product} {ergonomic}
   size_t SoftMaxHeapSize                          = 536870912                              {manageable} {ergonomic}
     bool UseCompressedClassPointers               = true                           {product lp64_product} {ergonomic}
     bool UseCompressedOops                        = true                           {product lp64_product} {ergonomic}
     bool UseG1GC                                  = true                                      {product} {ergonomic}
     bool UseLargePagesIndividualAllocation        = false                                  {pd product} {ergonomic}

Logging:
Log output configuration:
 #0: stdout all=warning uptime,level,tags
 #1: stderr all=off uptime,level,tags

Environment Variables:
JAVA_HOME=C:\Program Files\Java\jdk-17
PATH=C:\Program Files\Common Files\Oracle\Java\javapath;C:\Windows\system32;C:\Windows;C:\Windows\System32\Wbem;C:\Windows\System32\WindowsPowerShell\v1.0\;C:\Windows\System32\OpenSSH\;C:\Program Files\Java\jdk-17\bin;C:\Program Files\nodejs\;C:\Program Files\Redis;C:\Program Files\Microsoft SQL Server\150\Tools\Binn\;C:\Program Files\Microsoft SQL Server\Client SDK\ODBC\170\Tools\Binn\;C:\Program Files\dotnet\;C:\Program Files (x86)\Microsoft SQL Server\160\DTS\Binn\;C:\Program Files\Azure Data Studio\bin;C:\Program Files (x86)\NetSarang\Xshell 7\;C:\Program Files (x86)\NetSarang\Xftp 7\;C:\Users\SXRBS\AppData\Local\Microsoft\WindowsApps;C:\Users\SXRBS\AppData\Roaming\npm;C:\Users\SXRBS\.dotnet\tools;C:\Program Files\Azure Data Studio\bin;C:\Users\SXRBS\AppData\Local\Programs\Microsoft VS Code\bin
USERNAME=SXRBS
OS=Windows_NT
PROCESSOR_IDENTIFIER=Intel64 Family 6 Model 158 Stepping 9, GenuineIntel



---------------  S Y S T E M  ---------------

OS:
 Windows 10 , 64 bit Build 17763 (10.0.17763.4974)
OS uptime: 0 days 0:09 hours

CPU: total 8 (initial active 8) (4 cores per cpu, 2 threads per core) family 6 model 158 stepping 9 microcode 0x8e, cx8, cmov, fxsr, ht, mmx, 3dnowpref, sse, sse2, sse3, ssse3, sse4.1, sse4.2, popcnt, lzcnt, tsc, tscinvbit, avx, avx2, aes, erms, clmul, bmi1, bmi2, rtm, adx, fma, vzeroupper, clflush, clflushopt

Memory: 4k page, system-wide physical 32674M (22726M free)
TotalPageFile size 37538M (AvailPageFile size 25563M)
current process WorkingSet (physical memory assigned to process): 263M, peak: 265M
current process commit charge ("private bytes"): 433M, peak: 436M

vm_info: Java HotSpot(TM) 64-Bit Server VM (17.0.9+11-LTS-201) for windows-amd64 JRE (17.0.9+11-LTS-201), built on Oct 10 2023 23:16:06 by "mach5one" with MS VC++ 17.1 (VS2022)

END.
