#
# A fatal error has been detected by the Java Runtime Environment:
#
#  EXCEPTION_ACCESS_VIOLATION (0xc0000005) at pc=0x00007ffd2baf4eac, pid=29124, tid=23496
#
# JRE version: Java(TM) SE Runtime Environment (17.0.9+11) (build 17.0.9+11-LTS-201)
# Java VM: Java HotSpot(TM) 64-Bit Server VM (17.0.9+11-LTS-201, mixed mode, sharing, tiered, compressed oops, compressed class ptrs, g1 gc, windows-amd64)
# Problematic frame:
# V  [jvm.dll+0x2d4eac]
#
# No core dump will be written. Minidumps are not enabled by default on client versions of Windows
#
# If you would like to submit a bug report, please visit:
#   https://bugreport.java.com/bugreport/crash.jsp
#

---------------  S U M M A R Y ------------

Command Line: --add-opens=java.base/java.util=ALL-UNNAMED --add-opens=java.base/java.lang=ALL-UNNAMED --add-opens=java.base/java.lang.invoke=ALL-UNNAMED --add-opens=java.prefs/java.util.prefs=ALL-UNNAMED --add-opens=java.base/java.nio.charset=ALL-UNNAMED --add-opens=java.base/java.net=ALL-UNNAMED --add-opens=java.base/java.util.concurrent.atomic=ALL-UNNAMED -XX:MaxMetaspaceSize=384m -XX:+HeapDumpOnOutOfMemoryError -Xms256m -Xmx512m -Dfile.encoding=GBK -Duser.country=CN -Duser.language=zh -Duser.variant -javaagent:C:\Users\SXRBS\.gradle\wrapper\dists\gradle-8.5-bin\5t9huq95ubn472n8rpzujfbqh\gradle-8.5\lib\agents\gradle-instrumentation-agent-8.5.jar org.gradle.launcher.daemon.bootstrap.GradleDaemon 8.5

Host: Intel(R) Core(TM) i7-7700 CPU @ 3.60GHz, 8 cores, 31G,  Windows 10 , 64 bit Build 17763 (10.0.17763.4974)
Time: Thu Dec 21 20:25:29 2023 中国标准时间 elapsed time: 6.468193 seconds (0d 0h 0m 6s)

---------------  T H R E A D  ---------------

Current thread (0x0000023c9a7d5800):  ConcurrentGCThread "G1 Conc#0" [stack: 0x0000004fdb500000,0x0000004fdb600000] [id=23496]

Stack: [0x0000004fdb500000,0x0000004fdb600000],  sp=0x0000004fdb5ff5d0,  free space=1021k
Native frames: (J=compiled Java code, j=interpreted, Vv=VM code, C=native code)
V  [jvm.dll+0x2d4eac]
V  [jvm.dll+0x2e2874]
V  [jvm.dll+0x2e9534]
V  [jvm.dll+0x807b5b]
V  [jvm.dll+0x807ba6]
V  [jvm.dll+0x78998a]
V  [jvm.dll+0x677875]
C  [ucrtbase.dll+0x2268a]
C  [KERNEL32.DLL+0x17ac4]
C  [ntdll.dll+0x5a4e1]


siginfo: EXCEPTION_ACCESS_VIOLATION (0xc0000005), reading address 0xffffffffffffffff


Register to memory mapping:

RIP=0x00007ffd2baf4eac jvm.dll
RAX=0x0000023cb2940000 points into unknown readable memory: 0x0000000000000000 | 00 00 00 00 00 00 00 00
RBX=0x0000023c98e3b500 points into unknown readable memory: 0x00007ffd2c11b198 | 98 b1 11 2c fd 7f 00 00
RCX=0x0000000000000003 is an unknown value
RDX=0x1fffffffe4000003 is an unknown value
RSP=0x0000004fdb5ff5d0 points into unknown readable memory: 0x00000000e8298ac0 | c0 8a 29 e8 00 00 00 00
RBP=0x0 is NULL
RSI=0x0000023c98e3b4b0 points into unknown readable memory: 0x0000023c9a7d4fe0 | e0 4f 7d 9a 3c 02 00 00
RDI=0x0000000000000018 is an unknown value
R8 =0x0400023caf140000 is an unknown value
R9 =0x0000000000000018 is an unknown value
R10=0x0000023c98e3b4b0 points into unknown readable memory: 0x0000023c9a7d4fe0 | e0 4f 7d 9a 3c 02 00 00
R11=0x0000000000000003 is an unknown value
R12=0x0 is NULL
R13=0x00007ffd2c2c2e00 jvm.dll
R14=0x00000000e8300000 is an oop: [Ljava.util.concurrent.ConcurrentHashMap$Node; 
{0x00000000e8300000} - klass: 'java/util/concurrent/ConcurrentHashMap$Node'[]
 - length: 8192
R15=0x0000004fdb4ffa00 points into unknown readable memory: 0x00007ffd2c11b798 | 98 b7 11 2c fd 7f 00 00


Registers:
RAX=0x0000023cb2940000, RBX=0x0000023c98e3b500, RCX=0x0000000000000003, RDX=0x1fffffffe4000003
RSP=0x0000004fdb5ff5d0, RBP=0x0000000000000000, RSI=0x0000023c98e3b4b0, RDI=0x0000000000000018
R8 =0x0400023caf140000, R9 =0x0000000000000018, R10=0x0000023c98e3b4b0, R11=0x0000000000000003
R12=0x0000000000000000, R13=0x00007ffd2c2c2e00, R14=0x00000000e8300000, R15=0x0000004fdb4ffa00
RIP=0x00007ffd2baf4eac, EFLAGS=0x0000000000010206

Top of Stack: (sp=0x0000004fdb5ff5d0)
0x0000004fdb5ff5d0:   00000000e8298ac0 0000000000000002
0x0000004fdb5ff5e0:   00000000e82a54b0 00007ffd2bb02336
0x0000004fdb5ff5f0:   00000000e82a5500 00007ffd2bb02874
0x0000004fdb5ff600:   00000000e82a54e0 0000023c98e3b560
0x0000004fdb5ff610:   0000004fdb5ff650 00000000e8300000
0x0000004fdb5ff620:   000000000000000a 00007ffd2bb09534
0x0000004fdb5ff630:   0000023cb614d398 00000000e82a54b0
0x0000004fdb5ff640:   0000023c98e3b560 00000000e885c9d0
0x0000004fdb5ff650:   00007ffd2c11b210 0000000000000000
0x0000004fdb5ff660:   0000000000000003 0000023c9a7b8270
0x0000004fdb5ff670:   0000023c98e3b4b0 0000000000000000
0x0000004fdb5ff680:   0000023c9a7d5800 0000000000000000
0x0000004fdb5ff690:   0000000000000000 0000000000000000
0x0000004fdb5ff6a0:   0000000000000000 00007ffd2c027b5b
0x0000004fdb5ff6b0:   0000000000000001 0000023c9a7d5800
0x0000004fdb5ff6c0:   0000004fdb4ffa00 0000004fdb4ffa00 

Instructions: (pc=0x00007ffd2baf4eac)
0x00007ffd2baf4dac:   e8 6f 28 01 00 b0 01 48 8b 5c 24 30 48 83 c4 20
0x00007ffd2baf4dbc:   5f c3 48 8b 53 30 44 8b 82 80 00 00 00 8b 82 00
0x00007ffd2baf4dcc:   01 00 00 41 8b c8 2b c8 81 e1 ff ff 01 00 81 f9
0x00007ffd2baf4ddc:   fe ff 01 00 72 2c 48 8b cb e8 e6 19 01 00 48 8b
0x00007ffd2baf4dec:   53 30 44 8b 82 80 00 00 00 8b 82 00 01 00 00 41
0x00007ffd2baf4dfc:   8b c8 2b c8 81 e1 ff ff 01 00 81 f9 fe ff 01 00
0x00007ffd2baf4e0c:   73 1a 48 8b 82 80 01 00 00 4a 89 3c c0 41 8d 40
0x00007ffd2baf4e1c:   01 25 ff ff 01 00 89 82 80 00 00 00 48 8b 5c 24
0x00007ffd2baf4e2c:   30 b0 01 48 83 c4 20 5f c3 cc cc cc cc cc cc cc
0x00007ffd2baf4e3c:   cc cc cc cc 48 89 6c 24 10 48 89 74 24 18 57 48
0x00007ffd2baf4e4c:   83 ec 20 49 8b f9 8b ea 48 8b f1 4d 3b 88 c0 00
0x00007ffd2baf4e5c:   00 00 72 12 32 c0 48 8b 6c 24 38 48 8b 74 24 40
0x00007ffd2baf4e6c:   48 83 c4 20 5f c3 48 89 5c 24 30 48 8b d7 48 8b
0x00007ffd2baf4e7c:   99 98 00 00 00 48 8b cb 48 8b 03 ff 10 8b 4b 18
0x00007ffd2baf4e8c:   48 8b d7 48 2b 53 08 48 8b 43 20 48 c1 ea 03 48
0x00007ffd2baf4e9c:   d3 ea 48 8b ca 48 c1 e9 06 4c 8d 04 c8 0f b6 ca
0x00007ffd2baf4eac:   49 8b 00 80 e1 3f ba 01 00 00 00 48 d3 e2 48 8b
0x00007ffd2baf4ebc:   c8 48 0b ca 48 3b c8 74 12 f0 49 0f b1 08 74 25
0x00007ffd2baf4ecc:   48 8b c8 48 0b ca 48 3b c8 75 ee 32 db 48 8b 6c
0x00007ffd2baf4edc:   24 38 0f b6 c3 48 8b 5c 24 30 48 8b 74 24 40 48
0x00007ffd2baf4eec:   83 c4 20 5f c3 80 3d 40 4f 83 00 00 b3 01 74 15
0x00007ffd2baf4efc:   8b 57 08 8b 0d c3 d3 7c 00 48 d3 e2 48 03 15 b1
0x00007ffd2baf4f0c:   d3 7c 00 eb 04 48 8b 57 08 48 8b cf e8 43 9b ed
0x00007ffd2baf4f1c:   ff 4c 63 d8 48 8b 86 08 03 00 00 4c 8b 04 e8 49
0x00007ffd2baf4f2c:   8b 40 18 8b 88 c0 01 00 00 48 8b 90 b8 01 00 00
0x00007ffd2baf4f3c:   48 d3 e2 8b 0d ab 58 83 00 48 2b fa 41 8b 50 60
0x00007ffd2baf4f4c:   48 d3 ef 44 8b d7 49 23 d2 48 c1 e2 04 49 03 50
0x00007ffd2baf4f5c:   40 8b 02 3b c7 74 2d 4c 8b 4a 08 4d 85 c9 74 0c
0x00007ffd2baf4f6c:   8b c8 49 8b 40 38 f0 4c 0f c1 0c c8 48 c7 42 08
0x00007ffd2baf4f7c:   00 00 00 00 44 89 12 49 ff 40 58 4c 01 5a 08 e9
0x00007ffd2baf4f8c:   49 ff ff ff 49 ff 40 50 4c 01 5a 08 e9 3c ff ff
0x00007ffd2baf4f9c:   ff cc cc cc 48 89 5c 24 08 57 48 83 ec 20 4c 8b 


Stack slot to memory mapping:
stack at sp + 0 slots: 0x00000000e8298ac0 is pointing into object: java.lang.ref.SoftReference 
{0x00000000e8298aa8} - klass: 'java/lang/ref/SoftReference'
 - ---- fields (total size 5 words):
 - private 'referent' 'Ljava/lang/Object;' @12  a 'java/lang/Class$ReflectionData'{0x00000000e8298ad0} (e8298ad0)
 - volatile 'queue' 'Ljava/lang/ref/ReferenceQueue;' @16  a 'java/lang/ref/ReferenceQueue$Null'{0x00000000e0799178} (e0799178)
 - volatile 'next' 'Ljava/lang/ref/Reference;' @20  NULL (0)
 - private transient 'discovered' 'Ljava/lang/ref/Reference;' @24  NULL (0)
 - private 'timestamp' 'J' @32  504953375 (1e18fa1f 0)
stack at sp + 1 slots: 0x0000000000000002 is an unknown value
stack at sp + 2 slots: 0x00000000e82a54b0 is an oop: [Ljava.util.HashMap$Node; 
{0x00000000e82a54b0} - klass: 'java/util/HashMap$Node'[]
 - length: 16
stack at sp + 3 slots: 0x00007ffd2bb02336 jvm.dll
stack at sp + 4 slots: 0x00000000e82a5500 is an oop: java.util.HashMap$Node 
{0x00000000e82a5500} - klass: 'java/util/HashMap$Node'
 - ---- fields (total size 4 words):
 - final 'hash' 'I' @12  168973981 (a12569d)
 - final 'key' 'Ljava/lang/Object;' @16  a 'java/lang/Class'{0x00000000e86fa078} = 'org/gradle/api/internal/project/CrossProjectConfigurator' (e86fa078)
 - 'value' 'Ljava/lang/Object;' @20  a 'java/lang/Object'{0x00000000e07a6a88} (e07a6a88)
 - 'next' 'Ljava/util/HashMap$Node;' @24  NULL (0)
stack at sp + 5 slots: 0x00007ffd2bb02874 jvm.dll
stack at sp + 6 slots: 
[error occurred during error reporting (inspecting top of stack), id 0xc0000005, EXCEPTION_ACCESS_VIOLATION (0xc0000005) at pc=0x00007ffd2baf1b46]


---------------  P R O C E S S  ---------------

Threads class SMR info:
_java_thread_list=0x0000023cd1cf76f0, length=29, elements={
0x0000023c9a7a7940, 0x0000023cb5b98530, 0x0000023cb5b992c0, 0x0000023cb5bb3b10,
0x0000023cb5bb7400, 0x0000023cb5bb7cd0, 0x0000023cb5bb85a0, 0x0000023cb5bb9250,
0x0000023cb5bb9c10, 0x0000023cb5bbe4d0, 0x0000023cb5ce4f80, 0x0000023cb5d99ca0,
0x0000023cd04ffb50, 0x0000023cd0690b70, 0x0000023ccff4a200, 0x0000023ccfd0ab50,
0x0000023cd0624980, 0x0000023ccfe67260, 0x0000023ccfe65c90, 0x0000023cd03a24c0,
0x0000023cd08ed430, 0x0000023cd08ee360, 0x0000023cd08f0be0, 0x0000023cd08ede50,
0x0000023cd08ee870, 0x0000023cd08eed80, 0x0000023cd08f01c0, 0x0000023cd08ed940,
0x0000023cd08ef290
}

Java Threads: ( => current thread )
  0x0000023c9a7a7940 JavaThread "main" [_thread_blocked, id=26132, stack(0x0000004fdb200000,0x0000004fdb300000)]
  0x0000023cb5b98530 JavaThread "Reference Handler" daemon [_thread_blocked, id=30192, stack(0x0000004fdb900000,0x0000004fdba00000)]
  0x0000023cb5b992c0 JavaThread "Finalizer" daemon [_thread_blocked, id=26928, stack(0x0000004fdba00000,0x0000004fdbb00000)]
  0x0000023cb5bb3b10 JavaThread "Signal Dispatcher" daemon [_thread_blocked, id=22268, stack(0x0000004fdbb00000,0x0000004fdbc00000)]
  0x0000023cb5bb7400 JavaThread "Attach Listener" daemon [_thread_blocked, id=33188, stack(0x0000004fdbc00000,0x0000004fdbd00000)]
  0x0000023cb5bb7cd0 JavaThread "Service Thread" daemon [_thread_blocked, id=22476, stack(0x0000004fdbd00000,0x0000004fdbe00000)]
  0x0000023cb5bb85a0 JavaThread "Monitor Deflation Thread" daemon [_thread_blocked, id=25108, stack(0x0000004fdbe00000,0x0000004fdbf00000)]
  0x0000023cb5bb9250 JavaThread "C2 CompilerThread0" daemon [_thread_blocked, id=28656, stack(0x0000004fdbf00000,0x0000004fdc000000)]
  0x0000023cb5bb9c10 JavaThread "C1 CompilerThread0" daemon [_thread_blocked, id=33696, stack(0x0000004fdc000000,0x0000004fdc100000)]
  0x0000023cb5bbe4d0 JavaThread "Sweeper thread" daemon [_thread_blocked, id=16976, stack(0x0000004fdc100000,0x0000004fdc200000)]
  0x0000023cb5ce4f80 JavaThread "Common-Cleaner" daemon [_thread_blocked, id=27592, stack(0x0000004fdc200000,0x0000004fdc300000)]
  0x0000023cb5d99ca0 JavaThread "Notification Thread" daemon [_thread_blocked, id=20724, stack(0x0000004fdc300000,0x0000004fdc400000)]
  0x0000023cd04ffb50 JavaThread "Daemon health stats" [_thread_blocked, id=32080, stack(0x0000004fdcb00000,0x0000004fdcc00000)]
  0x0000023cd0690b70 JavaThread "Incoming local TCP Connector on port 52317" [_thread_in_native, id=19024, stack(0x0000004fdc500000,0x0000004fdc600000)]
  0x0000023ccff4a200 JavaThread "Daemon periodic checks" [_thread_blocked, id=9500, stack(0x0000004fdcc00000,0x0000004fdcd00000)]
  0x0000023ccfd0ab50 JavaThread "Daemon" [_thread_blocked, id=4368, stack(0x0000004fdcd00000,0x0000004fdce00000)]
  0x0000023cd0624980 JavaThread "Handler for socket connection from /127.0.0.1:52317 to /127.0.0.1:52318" [_thread_in_native, id=8812, stack(0x0000004fdce00000,0x0000004fdcf00000)]
  0x0000023ccfe67260 JavaThread "Cancel handler" [_thread_blocked, id=18040, stack(0x0000004fdcf00000,0x0000004fdd000000)]
  0x0000023ccfe65c90 JavaThread "Daemon worker" [_thread_in_vm, id=3536, stack(0x0000004fdd000000,0x0000004fdd100000)]
  0x0000023cd03a24c0 JavaThread "Asynchronous log dispatcher for DefaultDaemonConnection: socket connection from /127.0.0.1:52317 to /127.0.0.1:52318" [_thread_blocked, id=11964, stack(0x0000004fdd100000,0x0000004fdd200000)]
  0x0000023cd08ed430 JavaThread "Stdin handler" [_thread_blocked, id=18048, stack(0x0000004fdd200000,0x0000004fdd300000)]
  0x0000023cd08ee360 JavaThread "Daemon client event forwarder" [_thread_blocked, id=32840, stack(0x0000004fdd300000,0x0000004fdd400000)]
  0x0000023cd08f0be0 JavaThread "Cache worker for journal cache (C:\Users\SXRBS\.gradle\caches\journal-1)" [_thread_blocked, id=7140, stack(0x0000004fdd400000,0x0000004fdd500000)]
  0x0000023cd08ede50 JavaThread "File lock request listener" [_thread_in_native, id=25872, stack(0x0000004fdd500000,0x0000004fdd600000)]
  0x0000023cd08ee870 JavaThread "Cache worker for file hash cache (C:\Users\SXRBS\.gradle\caches\8.5\fileHashes)" [_thread_blocked, id=22604, stack(0x0000004fdd700000,0x0000004fdd800000)]
  0x0000023cd08eed80 JavaThread "File watcher server" daemon [_thread_in_native, id=14000, stack(0x0000004fdd800000,0x0000004fdd900000)]
  0x0000023cd08f01c0 JavaThread "File watcher consumer" daemon [_thread_blocked, id=29416, stack(0x0000004fdd900000,0x0000004fdda00000)]
  0x0000023cd08ed940 JavaThread "Cache worker for checksums cache (J:\mywork\springjwtstudy\sqdsback\.gradle\8.5\checksums)" [_thread_blocked, id=18780, stack(0x0000004fddd00000,0x0000004fdde00000)]
  0x0000023cd08ef290 JavaThread "Cache worker for file hash cache (J:\mywork\springjwtstudy\sqdsback\.gradle\8.5\fileHashes)" [_thread_blocked, id=7124, stack(0x0000004fdd600000,0x0000004fdd700000)]

Other Threads:
  0x0000023cb5b95aa0 VMThread "VM Thread" [stack: 0x0000004fdb800000,0x0000004fdb900000] [id=28084]
  0x0000023cb5e41d00 WatcherThread [stack: 0x0000004fdc400000,0x0000004fdc500000] [id=18676]
  0x0000023c98e3a1e0 GCTaskThread "GC Thread#0" [stack: 0x0000004fdb300000,0x0000004fdb400000] [id=20284]
  0x0000023ccf69b9d0 GCTaskThread "GC Thread#1" [stack: 0x0000004fdc600000,0x0000004fdc700000] [id=33588]
  0x0000023ccf69c120 GCTaskThread "GC Thread#2" [stack: 0x0000004fdc700000,0x0000004fdc800000] [id=8428]
  0x0000023ccf69c3e0 GCTaskThread "GC Thread#3" [stack: 0x0000004fdc800000,0x0000004fdc900000] [id=19416]
  0x0000023ccf69c6a0 GCTaskThread "GC Thread#4" [stack: 0x0000004fdc900000,0x0000004fdca00000] [id=16148]
  0x0000023ccf6d1830 GCTaskThread "GC Thread#5" [stack: 0x0000004fdca00000,0x0000004fdcb00000] [id=3208]
  0x0000023cd09c05e0 GCTaskThread "GC Thread#6" [stack: 0x0000004fdda00000,0x0000004fddb00000] [id=18512]
  0x0000023cd09c13a0 GCTaskThread "GC Thread#7" [stack: 0x0000004fddb00000,0x0000004fddc00000] [id=33100]
  0x0000023c9a7d4fe0 ConcurrentGCThread "G1 Main Marker" [stack: 0x0000004fdb400000,0x0000004fdb500000] [id=20132]
=>0x0000023c9a7d5800 ConcurrentGCThread "G1 Conc#0" [stack: 0x0000004fdb500000,0x0000004fdb600000] [id=23496]
  0x0000023cd09c1660 ConcurrentGCThread "G1 Conc#1" [stack: 0x0000004fddc00000,0x0000004fddd00000] [id=21348]
  0x0000023c9a82d430 ConcurrentGCThread "G1 Refine#0" [stack: 0x0000004fdb600000,0x0000004fdb700000] [id=31564]
  0x0000023c9a82dd70 ConcurrentGCThread "G1 Service" [stack: 0x0000004fdb700000,0x0000004fdb800000] [id=29732]

Threads with active compile tasks:

VM state: not at safepoint (normal execution)

VM Mutex/Monitor currently owned by a thread: None

Heap address: 0x00000000e0000000, size: 512 MB, Compressed Oops mode: 32-bit

CDS archive(s) mapped at: [0x0000023cb6000000-0x0000023cb6bd0000-0x0000023cb6bd0000), size 12386304, SharedBaseAddress: 0x0000023cb6000000, ArchiveRelocationMode: 1.
Compressed class space mapped at: 0x0000023cb7000000-0x0000023ccb000000, reserved size: 335544320
Narrow klass base: 0x0000023cb6000000, Narrow klass shift: 0, Narrow klass range: 0x100000000

GC Precious Log:
 CPUs: 8 total, 8 available
 Memory: 32674M
 Large Page Support: Disabled
 NUMA Support: Disabled
 Compressed Oops: Enabled (32-bit)
 Heap Region Size: 1M
 Heap Min Capacity: 256M
 Heap Initial Capacity: 256M
 Heap Max Capacity: 512M
 Pre-touch: Disabled
 Parallel Workers: 8
 Concurrent Workers: 2
 Concurrent Refinement Workers: 8
 Periodic GC: Disabled

Heap:
 garbage-first heap   total 262144K, used 28391K [0x00000000e0000000, 0x0000000100000000)
  region size 1024K, 18 young (18432K), 12 survivors (12288K)
 Metaspace       used 21743K, committed 22080K, reserved 393216K
  class space    used 3227K, committed 3392K, reserved 327680K

Heap Regions: E=young(eden), S=young(survivor), O=old, HS=humongous(starts), HC=humongous(continues), CS=collection set, F=free, OA=open archive, CA=closed archive, TAMS=top-at-mark-start (previous, next)
|   0|0x00000000e0000000, 0x00000000e0100000, 0x00000000e0100000|100%|HS|  |TAMS 0x00000000e0000000, 0x00000000e0100000| Complete 
|   1|0x00000000e0100000, 0x00000000e0200000, 0x00000000e0200000|100%|HC|  |TAMS 0x00000000e0100000, 0x00000000e0200000| Complete 
|   2|0x00000000e0200000, 0x00000000e0300000, 0x00000000e0300000|100%|HC|  |TAMS 0x00000000e0200000, 0x00000000e0300000| Complete 
|   3|0x00000000e0300000, 0x00000000e0400000, 0x00000000e0400000|100%|HC|  |TAMS 0x00000000e0300000, 0x00000000e0400000| Complete 
|   4|0x00000000e0400000, 0x00000000e0500000, 0x00000000e0500000|100%| O|  |TAMS 0x00000000e0400000, 0x00000000e0500000| Untracked 
|   5|0x00000000e0500000, 0x00000000e0600000, 0x00000000e0600000|100%| O|  |TAMS 0x00000000e0500000, 0x00000000e0600000| Untracked 
|   6|0x00000000e0600000, 0x00000000e0700000, 0x00000000e0700000|100%| O|  |TAMS 0x00000000e0600000, 0x00000000e0700000| Untracked 
|   7|0x00000000e0700000, 0x00000000e0800000, 0x00000000e0800000|100%| O|  |TAMS 0x00000000e0700000, 0x00000000e0800000| Untracked 
|   8|0x00000000e0800000, 0x00000000e0900000, 0x00000000e0900000|100%| O|  |TAMS 0x00000000e0800000, 0x00000000e0900000| Untracked 
|   9|0x00000000e0900000, 0x00000000e0a00000, 0x00000000e0a00000|100%| O|  |TAMS 0x00000000e0900000, 0x00000000e0a00000| Untracked 
|  10|0x00000000e0a00000, 0x00000000e0b00000, 0x00000000e0b00000|100%| O|  |TAMS 0x00000000e0a00000, 0x00000000e0b00000| Untracked 
|  11|0x00000000e0b00000, 0x00000000e0b0da00, 0x00000000e0c00000|  5%| O|  |TAMS 0x00000000e0b00000, 0x00000000e0b0da00| Untracked 
|  12|0x00000000e0c00000, 0x00000000e0c00000, 0x00000000e0d00000|  0%| F|  |TAMS 0x00000000e0c00000, 0x00000000e0c00000| Untracked 
|  13|0x00000000e0d00000, 0x00000000e0d00000, 0x00000000e0e00000|  0%| F|  |TAMS 0x00000000e0d00000, 0x00000000e0d00000| Untracked 
|  14|0x00000000e0e00000, 0x00000000e0e00000, 0x00000000e0f00000|  0%| F|  |TAMS 0x00000000e0e00000, 0x00000000e0e00000| Untracked 
|  15|0x00000000e0f00000, 0x00000000e0f00000, 0x00000000e1000000|  0%| F|  |TAMS 0x00000000e0f00000, 0x00000000e0f00000| Untracked 
|  16|0x00000000e1000000, 0x00000000e1000000, 0x00000000e1100000|  0%| F|  |TAMS 0x00000000e1000000, 0x00000000e1000000| Untracked 
|  17|0x00000000e1100000, 0x00000000e1100000, 0x00000000e1200000|  0%| F|  |TAMS 0x00000000e1100000, 0x00000000e1100000| Untracked 
|  18|0x00000000e1200000, 0x00000000e1200000, 0x00000000e1300000|  0%| F|  |TAMS 0x00000000e1200000, 0x00000000e1200000| Untracked 
|  19|0x00000000e1300000, 0x00000000e1300000, 0x00000000e1400000|  0%| F|  |TAMS 0x00000000e1300000, 0x00000000e1300000| Untracked 
|  20|0x00000000e1400000, 0x00000000e1400000, 0x00000000e1500000|  0%| F|  |TAMS 0x00000000e1400000, 0x00000000e1400000| Untracked 
|  21|0x00000000e1500000, 0x00000000e1500000, 0x00000000e1600000|  0%| F|  |TAMS 0x00000000e1500000, 0x00000000e1500000| Untracked 
|  22|0x00000000e1600000, 0x00000000e1600000, 0x00000000e1700000|  0%| F|  |TAMS 0x00000000e1600000, 0x00000000e1600000| Untracked 
|  23|0x00000000e1700000, 0x00000000e1700000, 0x00000000e1800000|  0%| F|  |TAMS 0x00000000e1700000, 0x00000000e1700000| Untracked 
|  24|0x00000000e1800000, 0x00000000e1800000, 0x00000000e1900000|  0%| F|  |TAMS 0x00000000e1800000, 0x00000000e1800000| Untracked 
|  25|0x00000000e1900000, 0x00000000e1900000, 0x00000000e1a00000|  0%| F|  |TAMS 0x00000000e1900000, 0x00000000e1900000| Untracked 
|  26|0x00000000e1a00000, 0x00000000e1a00000, 0x00000000e1b00000|  0%| F|  |TAMS 0x00000000e1a00000, 0x00000000e1a00000| Untracked 
|  27|0x00000000e1b00000, 0x00000000e1b00000, 0x00000000e1c00000|  0%| F|  |TAMS 0x00000000e1b00000, 0x00000000e1b00000| Untracked 
|  28|0x00000000e1c00000, 0x00000000e1c00000, 0x00000000e1d00000|  0%| F|  |TAMS 0x00000000e1c00000, 0x00000000e1c00000| Untracked 
|  29|0x00000000e1d00000, 0x00000000e1d00000, 0x00000000e1e00000|  0%| F|  |TAMS 0x00000000e1d00000, 0x00000000e1d00000| Untracked 
|  30|0x00000000e1e00000, 0x00000000e1e00000, 0x00000000e1f00000|  0%| F|  |TAMS 0x00000000e1e00000, 0x00000000e1e00000| Untracked 
|  31|0x00000000e1f00000, 0x00000000e1f00000, 0x00000000e2000000|  0%| F|  |TAMS 0x00000000e1f00000, 0x00000000e1f00000| Untracked 
|  32|0x00000000e2000000, 0x00000000e2000000, 0x00000000e2100000|  0%| F|  |TAMS 0x00000000e2000000, 0x00000000e2000000| Untracked 
|  33|0x00000000e2100000, 0x00000000e2100000, 0x00000000e2200000|  0%| F|  |TAMS 0x00000000e2100000, 0x00000000e2100000| Untracked 
|  34|0x00000000e2200000, 0x00000000e2200000, 0x00000000e2300000|  0%| F|  |TAMS 0x00000000e2200000, 0x00000000e2200000| Untracked 
|  35|0x00000000e2300000, 0x00000000e2300000, 0x00000000e2400000|  0%| F|  |TAMS 0x00000000e2300000, 0x00000000e2300000| Untracked 
|  36|0x00000000e2400000, 0x00000000e2400000, 0x00000000e2500000|  0%| F|  |TAMS 0x00000000e2400000, 0x00000000e2400000| Untracked 
|  37|0x00000000e2500000, 0x00000000e2500000, 0x00000000e2600000|  0%| F|  |TAMS 0x00000000e2500000, 0x00000000e2500000| Untracked 
|  38|0x00000000e2600000, 0x00000000e2600000, 0x00000000e2700000|  0%| F|  |TAMS 0x00000000e2600000, 0x00000000e2600000| Untracked 
|  39|0x00000000e2700000, 0x00000000e2700000, 0x00000000e2800000|  0%| F|  |TAMS 0x00000000e2700000, 0x00000000e2700000| Untracked 
|  40|0x00000000e2800000, 0x00000000e2800000, 0x00000000e2900000|  0%| F|  |TAMS 0x00000000e2800000, 0x00000000e2800000| Untracked 
|  41|0x00000000e2900000, 0x00000000e2900000, 0x00000000e2a00000|  0%| F|  |TAMS 0x00000000e2900000, 0x00000000e2900000| Untracked 
|  42|0x00000000e2a00000, 0x00000000e2a00000, 0x00000000e2b00000|  0%| F|  |TAMS 0x00000000e2a00000, 0x00000000e2a00000| Untracked 
|  43|0x00000000e2b00000, 0x00000000e2b00000, 0x00000000e2c00000|  0%| F|  |TAMS 0x00000000e2b00000, 0x00000000e2b00000| Untracked 
|  44|0x00000000e2c00000, 0x00000000e2c00000, 0x00000000e2d00000|  0%| F|  |TAMS 0x00000000e2c00000, 0x00000000e2c00000| Untracked 
|  45|0x00000000e2d00000, 0x00000000e2d00000, 0x00000000e2e00000|  0%| F|  |TAMS 0x00000000e2d00000, 0x00000000e2d00000| Untracked 
|  46|0x00000000e2e00000, 0x00000000e2e00000, 0x00000000e2f00000|  0%| F|  |TAMS 0x00000000e2e00000, 0x00000000e2e00000| Untracked 
|  47|0x00000000e2f00000, 0x00000000e2f00000, 0x00000000e3000000|  0%| F|  |TAMS 0x00000000e2f00000, 0x00000000e2f00000| Untracked 
|  48|0x00000000e3000000, 0x00000000e3000000, 0x00000000e3100000|  0%| F|  |TAMS 0x00000000e3000000, 0x00000000e3000000| Untracked 
|  49|0x00000000e3100000, 0x00000000e3100000, 0x00000000e3200000|  0%| F|  |TAMS 0x00000000e3100000, 0x00000000e3100000| Untracked 
|  50|0x00000000e3200000, 0x00000000e3200000, 0x00000000e3300000|  0%| F|  |TAMS 0x00000000e3200000, 0x00000000e3200000| Untracked 
|  51|0x00000000e3300000, 0x00000000e3300000, 0x00000000e3400000|  0%| F|  |TAMS 0x00000000e3300000, 0x00000000e3300000| Untracked 
|  52|0x00000000e3400000, 0x00000000e3400000, 0x00000000e3500000|  0%| F|  |TAMS 0x00000000e3400000, 0x00000000e3400000| Untracked 
|  53|0x00000000e3500000, 0x00000000e3500000, 0x00000000e3600000|  0%| F|  |TAMS 0x00000000e3500000, 0x00000000e3500000| Untracked 
|  54|0x00000000e3600000, 0x00000000e3600000, 0x00000000e3700000|  0%| F|  |TAMS 0x00000000e3600000, 0x00000000e3600000| Untracked 
|  55|0x00000000e3700000, 0x00000000e3700000, 0x00000000e3800000|  0%| F|  |TAMS 0x00000000e3700000, 0x00000000e3700000| Untracked 
|  56|0x00000000e3800000, 0x00000000e3800000, 0x00000000e3900000|  0%| F|  |TAMS 0x00000000e3800000, 0x00000000e3800000| Untracked 
|  57|0x00000000e3900000, 0x00000000e3900000, 0x00000000e3a00000|  0%| F|  |TAMS 0x00000000e3900000, 0x00000000e3900000| Untracked 
|  58|0x00000000e3a00000, 0x00000000e3a00000, 0x00000000e3b00000|  0%| F|  |TAMS 0x00000000e3a00000, 0x00000000e3a00000| Untracked 
|  59|0x00000000e3b00000, 0x00000000e3b00000, 0x00000000e3c00000|  0%| F|  |TAMS 0x00000000e3b00000, 0x00000000e3b00000| Untracked 
|  60|0x00000000e3c00000, 0x00000000e3c00000, 0x00000000e3d00000|  0%| F|  |TAMS 0x00000000e3c00000, 0x00000000e3c00000| Untracked 
|  61|0x00000000e3d00000, 0x00000000e3d00000, 0x00000000e3e00000|  0%| F|  |TAMS 0x00000000e3d00000, 0x00000000e3d00000| Untracked 
|  62|0x00000000e3e00000, 0x00000000e3e00000, 0x00000000e3f00000|  0%| F|  |TAMS 0x00000000e3e00000, 0x00000000e3e00000| Untracked 
|  63|0x00000000e3f00000, 0x00000000e3f00000, 0x00000000e4000000|  0%| F|  |TAMS 0x00000000e3f00000, 0x00000000e3f00000| Untracked 
|  64|0x00000000e4000000, 0x00000000e4000000, 0x00000000e4100000|  0%| F|  |TAMS 0x00000000e4000000, 0x00000000e4000000| Untracked 
|  65|0x00000000e4100000, 0x00000000e4100000, 0x00000000e4200000|  0%| F|  |TAMS 0x00000000e4100000, 0x00000000e4100000| Untracked 
|  66|0x00000000e4200000, 0x00000000e4200000, 0x00000000e4300000|  0%| F|  |TAMS 0x00000000e4200000, 0x00000000e4200000| Untracked 
|  67|0x00000000e4300000, 0x00000000e4300000, 0x00000000e4400000|  0%| F|  |TAMS 0x00000000e4300000, 0x00000000e4300000| Untracked 
|  68|0x00000000e4400000, 0x00000000e4400000, 0x00000000e4500000|  0%| F|  |TAMS 0x00000000e4400000, 0x00000000e4400000| Untracked 
|  69|0x00000000e4500000, 0x00000000e4500000, 0x00000000e4600000|  0%| F|  |TAMS 0x00000000e4500000, 0x00000000e4500000| Untracked 
|  70|0x00000000e4600000, 0x00000000e4600000, 0x00000000e4700000|  0%| F|  |TAMS 0x00000000e4600000, 0x00000000e4600000| Untracked 
|  71|0x00000000e4700000, 0x00000000e4700000, 0x00000000e4800000|  0%| F|  |TAMS 0x00000000e4700000, 0x00000000e4700000| Untracked 
|  72|0x00000000e4800000, 0x00000000e4800000, 0x00000000e4900000|  0%| F|  |TAMS 0x00000000e4800000, 0x00000000e4800000| Untracked 
|  73|0x00000000e4900000, 0x00000000e4900000, 0x00000000e4a00000|  0%| F|  |TAMS 0x00000000e4900000, 0x00000000e4900000| Untracked 
|  74|0x00000000e4a00000, 0x00000000e4a00000, 0x00000000e4b00000|  0%| F|  |TAMS 0x00000000e4a00000, 0x00000000e4a00000| Untracked 
|  75|0x00000000e4b00000, 0x00000000e4b00000, 0x00000000e4c00000|  0%| F|  |TAMS 0x00000000e4b00000, 0x00000000e4b00000| Untracked 
|  76|0x00000000e4c00000, 0x00000000e4c00000, 0x00000000e4d00000|  0%| F|  |TAMS 0x00000000e4c00000, 0x00000000e4c00000| Untracked 
|  77|0x00000000e4d00000, 0x00000000e4d00000, 0x00000000e4e00000|  0%| F|  |TAMS 0x00000000e4d00000, 0x00000000e4d00000| Untracked 
|  78|0x00000000e4e00000, 0x00000000e4e00000, 0x00000000e4f00000|  0%| F|  |TAMS 0x00000000e4e00000, 0x00000000e4e00000| Untracked 
|  79|0x00000000e4f00000, 0x00000000e4f00000, 0x00000000e5000000|  0%| F|  |TAMS 0x00000000e4f00000, 0x00000000e4f00000| Untracked 
|  80|0x00000000e5000000, 0x00000000e5000000, 0x00000000e5100000|  0%| F|  |TAMS 0x00000000e5000000, 0x00000000e5000000| Untracked 
|  81|0x00000000e5100000, 0x00000000e5100000, 0x00000000e5200000|  0%| F|  |TAMS 0x00000000e5100000, 0x00000000e5100000| Untracked 
|  82|0x00000000e5200000, 0x00000000e5200000, 0x00000000e5300000|  0%| F|  |TAMS 0x00000000e5200000, 0x00000000e5200000| Untracked 
|  83|0x00000000e5300000, 0x00000000e5300000, 0x00000000e5400000|  0%| F|  |TAMS 0x00000000e5300000, 0x00000000e5300000| Untracked 
|  84|0x00000000e5400000, 0x00000000e5400000, 0x00000000e5500000|  0%| F|  |TAMS 0x00000000e5400000, 0x00000000e5400000| Untracked 
|  85|0x00000000e5500000, 0x00000000e5500000, 0x00000000e5600000|  0%| F|  |TAMS 0x00000000e5500000, 0x00000000e5500000| Untracked 
|  86|0x00000000e5600000, 0x00000000e5600000, 0x00000000e5700000|  0%| F|  |TAMS 0x00000000e5600000, 0x00000000e5600000| Untracked 
|  87|0x00000000e5700000, 0x00000000e5700000, 0x00000000e5800000|  0%| F|  |TAMS 0x00000000e5700000, 0x00000000e5700000| Untracked 
|  88|0x00000000e5800000, 0x00000000e5800000, 0x00000000e5900000|  0%| F|  |TAMS 0x00000000e5800000, 0x00000000e5800000| Untracked 
|  89|0x00000000e5900000, 0x00000000e5900000, 0x00000000e5a00000|  0%| F|  |TAMS 0x00000000e5900000, 0x00000000e5900000| Untracked 
|  90|0x00000000e5a00000, 0x00000000e5a00000, 0x00000000e5b00000|  0%| F|  |TAMS 0x00000000e5a00000, 0x00000000e5a00000| Untracked 
|  91|0x00000000e5b00000, 0x00000000e5b00000, 0x00000000e5c00000|  0%| F|  |TAMS 0x00000000e5b00000, 0x00000000e5b00000| Untracked 
|  92|0x00000000e5c00000, 0x00000000e5c00000, 0x00000000e5d00000|  0%| F|  |TAMS 0x00000000e5c00000, 0x00000000e5c00000| Untracked 
|  93|0x00000000e5d00000, 0x00000000e5d00000, 0x00000000e5e00000|  0%| F|  |TAMS 0x00000000e5d00000, 0x00000000e5d00000| Untracked 
|  94|0x00000000e5e00000, 0x00000000e5e00000, 0x00000000e5f00000|  0%| F|  |TAMS 0x00000000e5e00000, 0x00000000e5e00000| Untracked 
|  95|0x00000000e5f00000, 0x00000000e5f00000, 0x00000000e6000000|  0%| F|  |TAMS 0x00000000e5f00000, 0x00000000e5f00000| Untracked 
|  96|0x00000000e6000000, 0x00000000e6000000, 0x00000000e6100000|  0%| F|  |TAMS 0x00000000e6000000, 0x00000000e6000000| Untracked 
|  97|0x00000000e6100000, 0x00000000e6100000, 0x00000000e6200000|  0%| F|  |TAMS 0x00000000e6100000, 0x00000000e6100000| Untracked 
|  98|0x00000000e6200000, 0x00000000e6200000, 0x00000000e6300000|  0%| F|  |TAMS 0x00000000e6200000, 0x00000000e6200000| Untracked 
|  99|0x00000000e6300000, 0x00000000e6300000, 0x00000000e6400000|  0%| F|  |TAMS 0x00000000e6300000, 0x00000000e6300000| Untracked 
| 100|0x00000000e6400000, 0x00000000e6400000, 0x00000000e6500000|  0%| F|  |TAMS 0x00000000e6400000, 0x00000000e6400000| Untracked 
| 101|0x00000000e6500000, 0x00000000e6500000, 0x00000000e6600000|  0%| F|  |TAMS 0x00000000e6500000, 0x00000000e6500000| Untracked 
| 102|0x00000000e6600000, 0x00000000e6600000, 0x00000000e6700000|  0%| F|  |TAMS 0x00000000e6600000, 0x00000000e6600000| Untracked 
| 103|0x00000000e6700000, 0x00000000e6700000, 0x00000000e6800000|  0%| F|  |TAMS 0x00000000e6700000, 0x00000000e6700000| Untracked 
| 104|0x00000000e6800000, 0x00000000e6800000, 0x00000000e6900000|  0%| F|  |TAMS 0x00000000e6800000, 0x00000000e6800000| Untracked 
| 105|0x00000000e6900000, 0x00000000e6900000, 0x00000000e6a00000|  0%| F|  |TAMS 0x00000000e6900000, 0x00000000e6900000| Untracked 
| 106|0x00000000e6a00000, 0x00000000e6a00000, 0x00000000e6b00000|  0%| F|  |TAMS 0x00000000e6a00000, 0x00000000e6a00000| Untracked 
| 107|0x00000000e6b00000, 0x00000000e6b00000, 0x00000000e6c00000|  0%| F|  |TAMS 0x00000000e6b00000, 0x00000000e6b00000| Untracked 
| 108|0x00000000e6c00000, 0x00000000e6c00000, 0x00000000e6d00000|  0%| F|  |TAMS 0x00000000e6c00000, 0x00000000e6c00000| Untracked 
| 109|0x00000000e6d00000, 0x00000000e6d00000, 0x00000000e6e00000|  0%| F|  |TAMS 0x00000000e6d00000, 0x00000000e6d00000| Untracked 
| 110|0x00000000e6e00000, 0x00000000e6e00000, 0x00000000e6f00000|  0%| F|  |TAMS 0x00000000e6e00000, 0x00000000e6e00000| Untracked 
| 111|0x00000000e6f00000, 0x00000000e6f00000, 0x00000000e7000000|  0%| F|  |TAMS 0x00000000e6f00000, 0x00000000e6f00000| Untracked 
| 112|0x00000000e7000000, 0x00000000e7000000, 0x00000000e7100000|  0%| F|  |TAMS 0x00000000e7000000, 0x00000000e7000000| Untracked 
| 113|0x00000000e7100000, 0x00000000e7100000, 0x00000000e7200000|  0%| F|  |TAMS 0x00000000e7100000, 0x00000000e7100000| Untracked 
| 114|0x00000000e7200000, 0x00000000e7200000, 0x00000000e7300000|  0%| F|  |TAMS 0x00000000e7200000, 0x00000000e7200000| Untracked 
| 115|0x00000000e7300000, 0x00000000e7300000, 0x00000000e7400000|  0%| F|  |TAMS 0x00000000e7300000, 0x00000000e7300000| Untracked 
| 116|0x00000000e7400000, 0x00000000e7400000, 0x00000000e7500000|  0%| F|  |TAMS 0x00000000e7400000, 0x00000000e7400000| Untracked 
| 117|0x00000000e7500000, 0x00000000e7500000, 0x00000000e7600000|  0%| F|  |TAMS 0x00000000e7500000, 0x00000000e7500000| Untracked 
| 118|0x00000000e7600000, 0x00000000e7600000, 0x00000000e7700000|  0%| F|  |TAMS 0x00000000e7600000, 0x00000000e7600000| Untracked 
| 119|0x00000000e7700000, 0x00000000e7700000, 0x00000000e7800000|  0%| F|  |TAMS 0x00000000e7700000, 0x00000000e7700000| Untracked 
| 120|0x00000000e7800000, 0x00000000e7800000, 0x00000000e7900000|  0%| F|  |TAMS 0x00000000e7800000, 0x00000000e7800000| Untracked 
| 121|0x00000000e7900000, 0x00000000e7900000, 0x00000000e7a00000|  0%| F|  |TAMS 0x00000000e7900000, 0x00000000e7900000| Untracked 
| 122|0x00000000e7a00000, 0x00000000e7a00000, 0x00000000e7b00000|  0%| F|  |TAMS 0x00000000e7a00000, 0x00000000e7a00000| Untracked 
| 123|0x00000000e7b00000, 0x00000000e7b00000, 0x00000000e7c00000|  0%| F|  |TAMS 0x00000000e7b00000, 0x00000000e7b00000| Untracked 
| 124|0x00000000e7c00000, 0x00000000e7c00000, 0x00000000e7d00000|  0%| F|  |TAMS 0x00000000e7c00000, 0x00000000e7c00000| Untracked 
| 125|0x00000000e7d00000, 0x00000000e7d00000, 0x00000000e7e00000|  0%| F|  |TAMS 0x00000000e7d00000, 0x00000000e7d00000| Untracked 
| 126|0x00000000e7e00000, 0x00000000e7eac400, 0x00000000e7f00000| 67%| S|CS|TAMS 0x00000000e7e00000, 0x00000000e7e00000| Complete 
| 127|0x00000000e7f00000, 0x00000000e8000000, 0x00000000e8000000|100%| S|CS|TAMS 0x00000000e7f00000, 0x00000000e7f00000| Complete 
| 128|0x00000000e8000000, 0x00000000e8100000, 0x00000000e8100000|100%| S|CS|TAMS 0x00000000e8000000, 0x00000000e8000000| Complete 
| 129|0x00000000e8100000, 0x00000000e8200000, 0x00000000e8200000|100%| S|CS|TAMS 0x00000000e8100000, 0x00000000e8100000| Complete 
| 130|0x00000000e8200000, 0x00000000e8300000, 0x00000000e8300000|100%| S|CS|TAMS 0x00000000e8200000, 0x00000000e8200000| Complete 
| 131|0x00000000e8300000, 0x00000000e8400000, 0x00000000e8400000|100%| S|CS|TAMS 0x00000000e8300000, 0x00000000e8300000| Complete 
| 132|0x00000000e8400000, 0x00000000e8500000, 0x00000000e8500000|100%| S|CS|TAMS 0x00000000e8400000, 0x00000000e8400000| Complete 
| 133|0x00000000e8500000, 0x00000000e8600000, 0x00000000e8600000|100%| S|CS|TAMS 0x00000000e8500000, 0x00000000e8500000| Complete 
| 134|0x00000000e8600000, 0x00000000e8700000, 0x00000000e8700000|100%| S|CS|TAMS 0x00000000e8600000, 0x00000000e8600000| Complete 
| 135|0x00000000e8700000, 0x00000000e8800000, 0x00000000e8800000|100%| S|CS|TAMS 0x00000000e8700000, 0x00000000e8700000| Complete 
| 136|0x00000000e8800000, 0x00000000e8900000, 0x00000000e8900000|100%| S|CS|TAMS 0x00000000e8800000, 0x00000000e8800000| Complete 
| 137|0x00000000e8900000, 0x00000000e8a00000, 0x00000000e8a00000|100%| S|CS|TAMS 0x00000000e8900000, 0x00000000e8900000| Complete 
| 138|0x00000000e8a00000, 0x00000000e8a00000, 0x00000000e8b00000|  0%| F|  |TAMS 0x00000000e8a00000, 0x00000000e8a00000| Untracked 
| 139|0x00000000e8b00000, 0x00000000e8b00000, 0x00000000e8c00000|  0%| F|  |TAMS 0x00000000e8b00000, 0x00000000e8b00000| Untracked 
| 140|0x00000000e8c00000, 0x00000000e8c00000, 0x00000000e8d00000|  0%| F|  |TAMS 0x00000000e8c00000, 0x00000000e8c00000| Untracked 
| 141|0x00000000e8d00000, 0x00000000e8d00000, 0x00000000e8e00000|  0%| F|  |TAMS 0x00000000e8d00000, 0x00000000e8d00000| Untracked 
| 142|0x00000000e8e00000, 0x00000000e8e00000, 0x00000000e8f00000|  0%| F|  |TAMS 0x00000000e8e00000, 0x00000000e8e00000| Untracked 
| 143|0x00000000e8f00000, 0x00000000e8f00000, 0x00000000e9000000|  0%| F|  |TAMS 0x00000000e8f00000, 0x00000000e8f00000| Untracked 
| 144|0x00000000e9000000, 0x00000000e9000000, 0x00000000e9100000|  0%| F|  |TAMS 0x00000000e9000000, 0x00000000e9000000| Untracked 
| 145|0x00000000e9100000, 0x00000000e9100000, 0x00000000e9200000|  0%| F|  |TAMS 0x00000000e9100000, 0x00000000e9100000| Untracked 
| 146|0x00000000e9200000, 0x00000000e9200000, 0x00000000e9300000|  0%| F|  |TAMS 0x00000000e9200000, 0x00000000e9200000| Untracked 
| 147|0x00000000e9300000, 0x00000000e9300000, 0x00000000e9400000|  0%| F|  |TAMS 0x00000000e9300000, 0x00000000e9300000| Untracked 
| 148|0x00000000e9400000, 0x00000000e9400000, 0x00000000e9500000|  0%| F|  |TAMS 0x00000000e9400000, 0x00000000e9400000| Untracked 
| 149|0x00000000e9500000, 0x00000000e9500000, 0x00000000e9600000|  0%| F|  |TAMS 0x00000000e9500000, 0x00000000e9500000| Untracked 
| 150|0x00000000e9600000, 0x00000000e9600000, 0x00000000e9700000|  0%| F|  |TAMS 0x00000000e9600000, 0x00000000e9600000| Untracked 
| 151|0x00000000e9700000, 0x00000000e9700000, 0x00000000e9800000|  0%| F|  |TAMS 0x00000000e9700000, 0x00000000e9700000| Untracked 
| 152|0x00000000e9800000, 0x00000000e9800000, 0x00000000e9900000|  0%| F|  |TAMS 0x00000000e9800000, 0x00000000e9800000| Untracked 
| 153|0x00000000e9900000, 0x00000000e9900000, 0x00000000e9a00000|  0%| F|  |TAMS 0x00000000e9900000, 0x00000000e9900000| Untracked 
| 154|0x00000000e9a00000, 0x00000000e9a00000, 0x00000000e9b00000|  0%| F|  |TAMS 0x00000000e9a00000, 0x00000000e9a00000| Untracked 
| 155|0x00000000e9b00000, 0x00000000e9b00000, 0x00000000e9c00000|  0%| F|  |TAMS 0x00000000e9b00000, 0x00000000e9b00000| Untracked 
| 156|0x00000000e9c00000, 0x00000000e9c00000, 0x00000000e9d00000|  0%| F|  |TAMS 0x00000000e9c00000, 0x00000000e9c00000| Untracked 
| 157|0x00000000e9d00000, 0x00000000e9d00000, 0x00000000e9e00000|  0%| F|  |TAMS 0x00000000e9d00000, 0x00000000e9d00000| Untracked 
| 158|0x00000000e9e00000, 0x00000000e9e00000, 0x00000000e9f00000|  0%| F|  |TAMS 0x00000000e9e00000, 0x00000000e9e00000| Untracked 
| 159|0x00000000e9f00000, 0x00000000e9f00000, 0x00000000ea000000|  0%| F|  |TAMS 0x00000000e9f00000, 0x00000000e9f00000| Untracked 
| 160|0x00000000ea000000, 0x00000000ea000000, 0x00000000ea100000|  0%| F|  |TAMS 0x00000000ea000000, 0x00000000ea000000| Untracked 
| 161|0x00000000ea100000, 0x00000000ea100000, 0x00000000ea200000|  0%| F|  |TAMS 0x00000000ea100000, 0x00000000ea100000| Untracked 
| 162|0x00000000ea200000, 0x00000000ea200000, 0x00000000ea300000|  0%| F|  |TAMS 0x00000000ea200000, 0x00000000ea200000| Untracked 
| 163|0x00000000ea300000, 0x00000000ea300000, 0x00000000ea400000|  0%| F|  |TAMS 0x00000000ea300000, 0x00000000ea300000| Untracked 
| 164|0x00000000ea400000, 0x00000000ea400000, 0x00000000ea500000|  0%| F|  |TAMS 0x00000000ea400000, 0x00000000ea400000| Untracked 
| 165|0x00000000ea500000, 0x00000000ea500000, 0x00000000ea600000|  0%| F|  |TAMS 0x00000000ea500000, 0x00000000ea500000| Untracked 
| 166|0x00000000ea600000, 0x00000000ea600000, 0x00000000ea700000|  0%| F|  |TAMS 0x00000000ea600000, 0x00000000ea600000| Untracked 
| 167|0x00000000ea700000, 0x00000000ea700000, 0x00000000ea800000|  0%| F|  |TAMS 0x00000000ea700000, 0x00000000ea700000| Untracked 
| 168|0x00000000ea800000, 0x00000000ea800000, 0x00000000ea900000|  0%| F|  |TAMS 0x00000000ea800000, 0x00000000ea800000| Untracked 
| 169|0x00000000ea900000, 0x00000000ea900000, 0x00000000eaa00000|  0%| F|  |TAMS 0x00000000ea900000, 0x00000000ea900000| Untracked 
| 170|0x00000000eaa00000, 0x00000000eaa00000, 0x00000000eab00000|  0%| F|  |TAMS 0x00000000eaa00000, 0x00000000eaa00000| Untracked 
| 171|0x00000000eab00000, 0x00000000eab00000, 0x00000000eac00000|  0%| F|  |TAMS 0x00000000eab00000, 0x00000000eab00000| Untracked 
| 172|0x00000000eac00000, 0x00000000eac00000, 0x00000000ead00000|  0%| F|  |TAMS 0x00000000eac00000, 0x00000000eac00000| Untracked 
| 173|0x00000000ead00000, 0x00000000ead00000, 0x00000000eae00000|  0%| F|  |TAMS 0x00000000ead00000, 0x00000000ead00000| Untracked 
| 174|0x00000000eae00000, 0x00000000eae00000, 0x00000000eaf00000|  0%| F|  |TAMS 0x00000000eae00000, 0x00000000eae00000| Untracked 
| 175|0x00000000eaf00000, 0x00000000eaf00000, 0x00000000eb000000|  0%| F|  |TAMS 0x00000000eaf00000, 0x00000000eaf00000| Untracked 
| 176|0x00000000eb000000, 0x00000000eb000000, 0x00000000eb100000|  0%| F|  |TAMS 0x00000000eb000000, 0x00000000eb000000| Untracked 
| 177|0x00000000eb100000, 0x00000000eb100000, 0x00000000eb200000|  0%| F|  |TAMS 0x00000000eb100000, 0x00000000eb100000| Untracked 
| 178|0x00000000eb200000, 0x00000000eb200000, 0x00000000eb300000|  0%| F|  |TAMS 0x00000000eb200000, 0x00000000eb200000| Untracked 
| 179|0x00000000eb300000, 0x00000000eb300000, 0x00000000eb400000|  0%| F|  |TAMS 0x00000000eb300000, 0x00000000eb300000| Untracked 
| 180|0x00000000eb400000, 0x00000000eb400000, 0x00000000eb500000|  0%| F|  |TAMS 0x00000000eb400000, 0x00000000eb400000| Untracked 
| 181|0x00000000eb500000, 0x00000000eb500000, 0x00000000eb600000|  0%| F|  |TAMS 0x00000000eb500000, 0x00000000eb500000| Untracked 
| 182|0x00000000eb600000, 0x00000000eb600000, 0x00000000eb700000|  0%| F|  |TAMS 0x00000000eb600000, 0x00000000eb600000| Untracked 
| 183|0x00000000eb700000, 0x00000000eb700000, 0x00000000eb800000|  0%| F|  |TAMS 0x00000000eb700000, 0x00000000eb700000| Untracked 
| 184|0x00000000eb800000, 0x00000000eb800000, 0x00000000eb900000|  0%| F|  |TAMS 0x00000000eb800000, 0x00000000eb800000| Untracked 
| 185|0x00000000eb900000, 0x00000000eb900000, 0x00000000eba00000|  0%| F|  |TAMS 0x00000000eb900000, 0x00000000eb900000| Untracked 
| 186|0x00000000eba00000, 0x00000000eba00000, 0x00000000ebb00000|  0%| F|  |TAMS 0x00000000eba00000, 0x00000000eba00000| Untracked 
| 187|0x00000000ebb00000, 0x00000000ebb00000, 0x00000000ebc00000|  0%| F|  |TAMS 0x00000000ebb00000, 0x00000000ebb00000| Untracked 
| 188|0x00000000ebc00000, 0x00000000ebc00000, 0x00000000ebd00000|  0%| F|  |TAMS 0x00000000ebc00000, 0x00000000ebc00000| Untracked 
| 189|0x00000000ebd00000, 0x00000000ebd00000, 0x00000000ebe00000|  0%| F|  |TAMS 0x00000000ebd00000, 0x00000000ebd00000| Untracked 
| 190|0x00000000ebe00000, 0x00000000ebe00000, 0x00000000ebf00000|  0%| F|  |TAMS 0x00000000ebe00000, 0x00000000ebe00000| Untracked 
| 191|0x00000000ebf00000, 0x00000000ebf00000, 0x00000000ec000000|  0%| F|  |TAMS 0x00000000ebf00000, 0x00000000ebf00000| Untracked 
| 192|0x00000000ec000000, 0x00000000ec000000, 0x00000000ec100000|  0%| F|  |TAMS 0x00000000ec000000, 0x00000000ec000000| Untracked 
| 193|0x00000000ec100000, 0x00000000ec100000, 0x00000000ec200000|  0%| F|  |TAMS 0x00000000ec100000, 0x00000000ec100000| Untracked 
| 194|0x00000000ec200000, 0x00000000ec200000, 0x00000000ec300000|  0%| F|  |TAMS 0x00000000ec200000, 0x00000000ec200000| Untracked 
| 195|0x00000000ec300000, 0x00000000ec300000, 0x00000000ec400000|  0%| F|  |TAMS 0x00000000ec300000, 0x00000000ec300000| Untracked 
| 196|0x00000000ec400000, 0x00000000ec400000, 0x00000000ec500000|  0%| F|  |TAMS 0x00000000ec400000, 0x00000000ec400000| Untracked 
| 197|0x00000000ec500000, 0x00000000ec500000, 0x00000000ec600000|  0%| F|  |TAMS 0x00000000ec500000, 0x00000000ec500000| Untracked 
| 198|0x00000000ec600000, 0x00000000ec600000, 0x00000000ec700000|  0%| F|  |TAMS 0x00000000ec600000, 0x00000000ec600000| Untracked 
| 199|0x00000000ec700000, 0x00000000ec700000, 0x00000000ec800000|  0%| F|  |TAMS 0x00000000ec700000, 0x00000000ec700000| Untracked 
| 200|0x00000000ec800000, 0x00000000ec800000, 0x00000000ec900000|  0%| F|  |TAMS 0x00000000ec800000, 0x00000000ec800000| Untracked 
| 201|0x00000000ec900000, 0x00000000ec900000, 0x00000000eca00000|  0%| F|  |TAMS 0x00000000ec900000, 0x00000000ec900000| Untracked 
| 202|0x00000000eca00000, 0x00000000eca00000, 0x00000000ecb00000|  0%| F|  |TAMS 0x00000000eca00000, 0x00000000eca00000| Untracked 
| 203|0x00000000ecb00000, 0x00000000ecb00000, 0x00000000ecc00000|  0%| F|  |TAMS 0x00000000ecb00000, 0x00000000ecb00000| Untracked 
| 204|0x00000000ecc00000, 0x00000000ecc00000, 0x00000000ecd00000|  0%| F|  |TAMS 0x00000000ecc00000, 0x00000000ecc00000| Untracked 
| 205|0x00000000ecd00000, 0x00000000ecd00000, 0x00000000ece00000|  0%| F|  |TAMS 0x00000000ecd00000, 0x00000000ecd00000| Untracked 
| 206|0x00000000ece00000, 0x00000000ece00000, 0x00000000ecf00000|  0%| F|  |TAMS 0x00000000ece00000, 0x00000000ece00000| Untracked 
| 207|0x00000000ecf00000, 0x00000000ecf00000, 0x00000000ed000000|  0%| F|  |TAMS 0x00000000ecf00000, 0x00000000ecf00000| Untracked 
| 208|0x00000000ed000000, 0x00000000ed000000, 0x00000000ed100000|  0%| F|  |TAMS 0x00000000ed000000, 0x00000000ed000000| Untracked 
| 209|0x00000000ed100000, 0x00000000ed100000, 0x00000000ed200000|  0%| F|  |TAMS 0x00000000ed100000, 0x00000000ed100000| Untracked 
| 210|0x00000000ed200000, 0x00000000ed200000, 0x00000000ed300000|  0%| F|  |TAMS 0x00000000ed200000, 0x00000000ed200000| Untracked 
| 211|0x00000000ed300000, 0x00000000ed300000, 0x00000000ed400000|  0%| F|  |TAMS 0x00000000ed300000, 0x00000000ed300000| Untracked 
| 212|0x00000000ed400000, 0x00000000ed400000, 0x00000000ed500000|  0%| F|  |TAMS 0x00000000ed400000, 0x00000000ed400000| Untracked 
| 213|0x00000000ed500000, 0x00000000ed500000, 0x00000000ed600000|  0%| F|  |TAMS 0x00000000ed500000, 0x00000000ed500000| Untracked 
| 214|0x00000000ed600000, 0x00000000ed600000, 0x00000000ed700000|  0%| F|  |TAMS 0x00000000ed600000, 0x00000000ed600000| Untracked 
| 215|0x00000000ed700000, 0x00000000ed700000, 0x00000000ed800000|  0%| F|  |TAMS 0x00000000ed700000, 0x00000000ed700000| Untracked 
| 216|0x00000000ed800000, 0x00000000ed800000, 0x00000000ed900000|  0%| F|  |TAMS 0x00000000ed800000, 0x00000000ed800000| Untracked 
| 217|0x00000000ed900000, 0x00000000ed900000, 0x00000000eda00000|  0%| F|  |TAMS 0x00000000ed900000, 0x00000000ed900000| Untracked 
| 218|0x00000000eda00000, 0x00000000eda00000, 0x00000000edb00000|  0%| F|  |TAMS 0x00000000eda00000, 0x00000000eda00000| Untracked 
| 219|0x00000000edb00000, 0x00000000edb00000, 0x00000000edc00000|  0%| F|  |TAMS 0x00000000edb00000, 0x00000000edb00000| Untracked 
| 220|0x00000000edc00000, 0x00000000edc00000, 0x00000000edd00000|  0%| F|  |TAMS 0x00000000edc00000, 0x00000000edc00000| Untracked 
| 221|0x00000000edd00000, 0x00000000edd00000, 0x00000000ede00000|  0%| F|  |TAMS 0x00000000edd00000, 0x00000000edd00000| Untracked 
| 222|0x00000000ede00000, 0x00000000ede00000, 0x00000000edf00000|  0%| F|  |TAMS 0x00000000ede00000, 0x00000000ede00000| Untracked 
| 223|0x00000000edf00000, 0x00000000edf00000, 0x00000000ee000000|  0%| F|  |TAMS 0x00000000edf00000, 0x00000000edf00000| Untracked 
| 224|0x00000000ee000000, 0x00000000ee000000, 0x00000000ee100000|  0%| F|  |TAMS 0x00000000ee000000, 0x00000000ee000000| Untracked 
| 225|0x00000000ee100000, 0x00000000ee100000, 0x00000000ee200000|  0%| F|  |TAMS 0x00000000ee100000, 0x00000000ee100000| Untracked 
| 226|0x00000000ee200000, 0x00000000ee200000, 0x00000000ee300000|  0%| F|  |TAMS 0x00000000ee200000, 0x00000000ee200000| Untracked 
| 227|0x00000000ee300000, 0x00000000ee300000, 0x00000000ee400000|  0%| F|  |TAMS 0x00000000ee300000, 0x00000000ee300000| Untracked 
| 228|0x00000000ee400000, 0x00000000ee400000, 0x00000000ee500000|  0%| F|  |TAMS 0x00000000ee400000, 0x00000000ee400000| Untracked 
| 229|0x00000000ee500000, 0x00000000ee500000, 0x00000000ee600000|  0%| F|  |TAMS 0x00000000ee500000, 0x00000000ee500000| Untracked 
| 230|0x00000000ee600000, 0x00000000ee600000, 0x00000000ee700000|  0%| F|  |TAMS 0x00000000ee600000, 0x00000000ee600000| Untracked 
| 231|0x00000000ee700000, 0x00000000ee700000, 0x00000000ee800000|  0%| F|  |TAMS 0x00000000ee700000, 0x00000000ee700000| Untracked 
| 232|0x00000000ee800000, 0x00000000ee800000, 0x00000000ee900000|  0%| F|  |TAMS 0x00000000ee800000, 0x00000000ee800000| Untracked 
| 233|0x00000000ee900000, 0x00000000ee900000, 0x00000000eea00000|  0%| F|  |TAMS 0x00000000ee900000, 0x00000000ee900000| Untracked 
| 234|0x00000000eea00000, 0x00000000eea00000, 0x00000000eeb00000|  0%| F|  |TAMS 0x00000000eea00000, 0x00000000eea00000| Untracked 
| 235|0x00000000eeb00000, 0x00000000eeb00000, 0x00000000eec00000|  0%| F|  |TAMS 0x00000000eeb00000, 0x00000000eeb00000| Untracked 
| 236|0x00000000eec00000, 0x00000000eec00000, 0x00000000eed00000|  0%| F|  |TAMS 0x00000000eec00000, 0x00000000eec00000| Untracked 
| 237|0x00000000eed00000, 0x00000000eed00000, 0x00000000eee00000|  0%| F|  |TAMS 0x00000000eed00000, 0x00000000eed00000| Untracked 
| 238|0x00000000eee00000, 0x00000000eee00000, 0x00000000eef00000|  0%| F|  |TAMS 0x00000000eee00000, 0x00000000eee00000| Untracked 
| 239|0x00000000eef00000, 0x00000000eef00000, 0x00000000ef000000|  0%| F|  |TAMS 0x00000000eef00000, 0x00000000eef00000| Untracked 
| 240|0x00000000ef000000, 0x00000000ef000000, 0x00000000ef100000|  0%| F|  |TAMS 0x00000000ef000000, 0x00000000ef000000| Untracked 
| 241|0x00000000ef100000, 0x00000000ef100000, 0x00000000ef200000|  0%| F|  |TAMS 0x00000000ef100000, 0x00000000ef100000| Untracked 
| 242|0x00000000ef200000, 0x00000000ef200000, 0x00000000ef300000|  0%| F|  |TAMS 0x00000000ef200000, 0x00000000ef200000| Untracked 
| 243|0x00000000ef300000, 0x00000000ef300000, 0x00000000ef400000|  0%| F|  |TAMS 0x00000000ef300000, 0x00000000ef300000| Untracked 
| 244|0x00000000ef400000, 0x00000000ef400000, 0x00000000ef500000|  0%| F|  |TAMS 0x00000000ef400000, 0x00000000ef400000| Untracked 
| 245|0x00000000ef500000, 0x00000000ef500000, 0x00000000ef600000|  0%| F|  |TAMS 0x00000000ef500000, 0x00000000ef500000| Untracked 
| 246|0x00000000ef600000, 0x00000000ef600000, 0x00000000ef700000|  0%| F|  |TAMS 0x00000000ef600000, 0x00000000ef600000| Untracked 
| 247|0x00000000ef700000, 0x00000000ef700000, 0x00000000ef800000|  0%| F|  |TAMS 0x00000000ef700000, 0x00000000ef700000| Untracked 
| 248|0x00000000ef800000, 0x00000000ef800000, 0x00000000ef900000|  0%| F|  |TAMS 0x00000000ef800000, 0x00000000ef800000| Untracked 
| 249|0x00000000ef900000, 0x00000000ef900000, 0x00000000efa00000|  0%| F|  |TAMS 0x00000000ef900000, 0x00000000ef900000| Untracked 
| 250|0x00000000efa00000, 0x00000000efb00000, 0x00000000efb00000|100%| E|  |TAMS 0x00000000efa00000, 0x00000000efa00000| Complete 
| 251|0x00000000efb00000, 0x00000000efc00000, 0x00000000efc00000|100%| E|CS|TAMS 0x00000000efb00000, 0x00000000efb00000| Complete 
| 252|0x00000000efc00000, 0x00000000efd00000, 0x00000000efd00000|100%| E|CS|TAMS 0x00000000efc00000, 0x00000000efc00000| Complete 
| 253|0x00000000efd00000, 0x00000000efe00000, 0x00000000efe00000|100%| E|CS|TAMS 0x00000000efd00000, 0x00000000efd00000| Complete 
| 254|0x00000000efe00000, 0x00000000eff00000, 0x00000000eff00000|100%| E|CS|TAMS 0x00000000efe00000, 0x00000000efe00000| Complete 
| 255|0x00000000eff00000, 0x00000000f0000000, 0x00000000f0000000|100%| E|CS|TAMS 0x00000000eff00000, 0x00000000eff00000| Complete 

Card table byte_map: [0x0000023cb1f40000,0x0000023cb2040000] _byte_map_base: 0x0000023cb1840000

Marking Bits (Prev, Next): (CMBitMap*) 0x0000023c98e3b4c0, (CMBitMap*) 0x0000023c98e3b500
 Prev Bits: [0x0000023cb2140000, 0x0000023cb2940000)
 Next Bits: [0x0000023cb2940000, 0x0000023cb3140000)

Polling page: 0x0000023c98d30000

Metaspace:

Usage:
  Non-class:     18.09 MB used.
      Class:      3.16 MB used.
       Both:     21.25 MB used.

Virtual space:
  Non-class space:       64.00 MB reserved,      18.25 MB ( 29%) committed,  1 nodes.
      Class space:      320.00 MB reserved,       3.31 MB (  1%) committed,  1 nodes.
             Both:      384.00 MB reserved,      21.56 MB (  6%) committed. 

Chunk freelists:
   Non-Class:  13.70 MB
       Class:  12.73 MB
        Both:  26.44 MB

MaxMetaspaceSize: 384.00 MB
CompressedClassSpaceSize: 320.00 MB
Initial GC threshold: 21.00 MB
Current GC threshold: 21.63 MB
CDS: on
MetaspaceReclaimPolicy: balanced
 - commit_granule_bytes: 65536.
 - commit_granule_words: 8192.
 - virtual_space_node_default_size: 8388608.
 - enlarge_chunks_in_place: 1.
 - new_chunks_are_fully_committed: 0.
 - uncommit_free_chunks: 1.
 - use_allocation_guard: 0.
 - handle_deallocations: 1.


Internal statistics:

num_allocs_failed_limit: 6.
num_arena_births: 240.
num_arena_deaths: 0.
num_vsnodes_births: 2.
num_vsnodes_deaths: 0.
num_space_committed: 345.
num_space_uncommitted: 0.
num_chunks_returned_to_freelist: 6.
num_chunks_taken_from_freelist: 997.
num_chunk_merges: 6.
num_chunk_splits: 683.
num_chunks_enlarged: 497.
num_inconsistent_stats: 0.

CodeHeap 'non-profiled nmethods': size=120000Kb used=1532Kb max_used=1532Kb free=118467Kb
 bounds [0x0000023ca9ea0000, 0x0000023caa110000, 0x0000023cb13d0000]
CodeHeap 'profiled nmethods': size=120000Kb used=5843Kb max_used=5843Kb free=114156Kb
 bounds [0x0000023ca23d0000, 0x0000023ca2990000, 0x0000023ca9900000]
CodeHeap 'non-nmethods': size=5760Kb used=1235Kb max_used=1299Kb free=4524Kb
 bounds [0x0000023ca9900000, 0x0000023ca9b70000, 0x0000023ca9ea0000]
 total_blobs=3278 nmethods=2729 adapters=461
 compilation: enabled
              stopped_count=0, restarted_count=0
 full_count=0

Compilation events (20 events):
Event: 6.411 Thread 0x0000023cb5bb9c10 2684       3       java.util.concurrent.locks.ReentrantLock::unlock (10 bytes)
Event: 6.411 Thread 0x0000023cb5bb9c10 nmethod 2684 0x0000023ca296a790 code [0x0000023ca296a960, 0x0000023ca296ac38]
Event: 6.414 Thread 0x0000023cb5bb9c10 2685   !   3       org.gradle.internal.service.ReflectionBasedServiceMethod::invoke (16 bytes)
Event: 6.414 Thread 0x0000023cb5bb9c10 nmethod 2685 0x0000023ca296ad90 code [0x0000023ca296af40, 0x0000023ca296b0d8]
Event: 6.414 Thread 0x0000023cb5bb9c10 2686   !   3       org.gradle.internal.reflect.JavaMethod::invoke (74 bytes)
Event: 6.415 Thread 0x0000023cb5bb9c10 nmethod 2686 0x0000023ca296b210 code [0x0000023ca296b560, 0x0000023ca296cba8]
Event: 6.419 Thread 0x0000023cb5bb9c10 2687       3       org.gradle.internal.service.DefaultServiceRegistry$FactoryMethodService::getParameterTypes (10 bytes)
Event: 6.419 Thread 0x0000023cb5bb9c10 nmethod 2687 0x0000023ca296d510 code [0x0000023ca296d6a0, 0x0000023ca296d898]
Event: 6.425 Thread 0x0000023cb5bb9c10 2688       3       com.google.common.collect.AbstractIndexedListIterator::next (31 bytes)
Event: 6.425 Thread 0x0000023cb5bb9c10 nmethod 2688 0x0000023ca296d990 code [0x0000023ca296db60, 0x0000023ca296def8]
Event: 6.430 Thread 0x0000023cd1063530 2689       4       java.util.jar.Attributes::getValue (9 bytes)
Event: 6.434 Thread 0x0000023cd1063530 nmethod 2689 0x0000023caa01be10 code [0x0000023caa01bfc0, 0x0000023caa01c2f8]
Event: 6.435 Thread 0x0000023cb5bb9c10 2690       1       org.gradle.launcher.daemon.server.exec.DaemonConnectionBackedEventConsumer::access$000 (5 bytes)
Event: 6.435 Thread 0x0000023cb5bb9c10 nmethod 2690 0x0000023caa01c610 code [0x0000023caa01c7a0, 0x0000023caa01c858]
Event: 6.445 Thread 0x0000023cb5bb9c10 2692       3       java.lang.ref.Reference::enqueueFromPending (19 bytes)
Event: 6.445 Thread 0x0000023cb5bb9c10 nmethod 2692 0x0000023ca296e010 code [0x0000023ca296e1c0, 0x0000023ca296e3e8]
Event: 6.445 Thread 0x0000023cb5bb9c10 2693   !   3       java.lang.ref.ReferenceQueue::enqueue (119 bytes)
Event: 6.446 Thread 0x0000023cb5bb9c10 nmethod 2693 0x0000023ca296e490 code [0x0000023ca296e680, 0x0000023ca296ed48]
Event: 6.446 Thread 0x0000023cb5bb9c10 2694       3       java.lang.ref.ReferenceQueue::reallyPoll (65 bytes)
Event: 6.446 Thread 0x0000023cb5bb9c10 nmethod 2694 0x0000023ca296ef10 code [0x0000023ca296f0e0, 0x0000023ca296f618]

GC Heap History (6 events):
Event: 1.168 GC heap before
{Heap before GC invocations=0 (full 0):
 garbage-first heap   total 262144K, used 26624K [0x00000000e0000000, 0x0000000100000000)
  region size 1024K, 23 young (23552K), 0 survivors (0K)
 Metaspace       used 3115K, committed 3200K, reserved 393216K
  class space    used 398K, committed 448K, reserved 327680K
}
Event: 1.191 GC heap after
{Heap after GC invocations=1 (full 0):
 garbage-first heap   total 262144K, used 10743K [0x00000000e0000000, 0x0000000100000000)
  region size 1024K, 3 young (3072K), 3 survivors (3072K)
 Metaspace       used 3115K, committed 3200K, reserved 393216K
  class space    used 398K, committed 448K, reserved 327680K
}
Event: 1.922 GC heap before
{Heap before GC invocations=1 (full 0):
 garbage-first heap   total 262144K, used 36343K [0x00000000e0000000, 0x0000000100000000)
  region size 1024K, 28 young (28672K), 3 survivors (3072K)
 Metaspace       used 4031K, committed 4160K, reserved 393216K
  class space    used 496K, committed 576K, reserved 327680K
}
Event: 1.924 GC heap after
{Heap after GC invocations=2 (full 0):
 garbage-first heap   total 262144K, used 12011K [0x00000000e0000000, 0x0000000100000000)
  region size 1024K, 1 young (1024K), 1 survivors (1024K)
 Metaspace       used 4031K, committed 4160K, reserved 393216K
  class space    used 496K, committed 576K, reserved 327680K
}
Event: 6.437 GC heap before
{Heap before GC invocations=2 (full 0):
 garbage-first heap   total 262144K, used 131819K [0x00000000e0000000, 0x0000000100000000)
  region size 1024K, 118 young (120832K), 1 survivors (1024K)
 Metaspace       used 21216K, committed 21504K, reserved 393216K
  class space    used 3121K, committed 3264K, reserved 327680K
}
Event: 6.444 GC heap after
{Heap after GC invocations=3 (full 0):
 garbage-first heap   total 262144K, used 23271K [0x00000000e0000000, 0x0000000100000000)
  region size 1024K, 12 young (12288K), 12 survivors (12288K)
 Metaspace       used 21216K, committed 21504K, reserved 393216K
  class space    used 3121K, committed 3264K, reserved 327680K
}

Deoptimization events (20 events):
Event: 5.344 Thread 0x0000023ccfe65c90 DEOPT PACKING pc=0x0000023ca9f862f4 sp=0x0000004fdd0fad60
Event: 5.344 Thread 0x0000023ccfe65c90 DEOPT UNPACKING pc=0x0000023ca99523a3 sp=0x0000004fdd0fac90 mode 2
Event: 5.626 Thread 0x0000023ccfe65c90 Uncommon trap: trap_request=0xffffff45 fr.pc=0x0000023ca9fa8924 relative=0x00000000000003e4
Event: 5.626 Thread 0x0000023ccfe65c90 Uncommon trap: reason=unstable_if action=reinterpret pc=0x0000023ca9fa8924 method=java.util.HashMap.getNode(Ljava/lang/Object;)Ljava/util/HashMap$Node; @ 131 c2
Event: 5.626 Thread 0x0000023ccfe65c90 DEOPT PACKING pc=0x0000023ca9fa8924 sp=0x0000004fdd0faeb0
Event: 5.626 Thread 0x0000023ccfe65c90 DEOPT UNPACKING pc=0x0000023ca99523a3 sp=0x0000004fdd0fadc0 mode 2
Event: 5.626 Thread 0x0000023ccfe65c90 Uncommon trap: trap_request=0xffffff45 fr.pc=0x0000023ca9fc3d1c relative=0x000000000000083c
Event: 5.626 Thread 0x0000023ccfe65c90 Uncommon trap: reason=unstable_if action=reinterpret pc=0x0000023ca9fc3d1c method=java.util.HashMap.putVal(ILjava/lang/Object;Ljava/lang/Object;ZZ)Ljava/lang/Object; @ 206 c2
Event: 5.626 Thread 0x0000023ccfe65c90 DEOPT PACKING pc=0x0000023ca9fc3d1c sp=0x0000004fdd0fae20
Event: 5.626 Thread 0x0000023ccfe65c90 DEOPT UNPACKING pc=0x0000023ca99523a3 sp=0x0000004fdd0fadb8 mode 2
Event: 5.809 Thread 0x0000023ccfe65c90 Uncommon trap: trap_request=0xffffff45 fr.pc=0x0000023ca9ec8c04 relative=0x00000000000000e4
Event: 5.809 Thread 0x0000023ccfe65c90 Uncommon trap: reason=unstable_if action=reinterpret pc=0x0000023ca9ec8c04 method=java.util.HashMap.hash(Ljava/lang/Object;)I @ 1 c2
Event: 5.809 Thread 0x0000023ccfe65c90 DEOPT PACKING pc=0x0000023ca9ec8c04 sp=0x0000004fdd0f9e30
Event: 5.809 Thread 0x0000023ccfe65c90 DEOPT UNPACKING pc=0x0000023ca99523a3 sp=0x0000004fdd0f9d70 mode 2
Event: 6.022 Thread 0x0000023ccfe65c90 DEOPT PACKING pc=0x0000023ca27abbdc sp=0x0000004fdd0fbcb0
Event: 6.022 Thread 0x0000023ccfe65c90 DEOPT UNPACKING pc=0x0000023ca9952b43 sp=0x0000004fdd0fb230 mode 0
Event: 6.039 Thread 0x0000023ccfe65c90 Uncommon trap: trap_request=0xffffff76 fr.pc=0x0000023ca9ffa818 relative=0x0000000000000178
Event: 6.039 Thread 0x0000023ccfe65c90 Uncommon trap: reason=predicate action=maybe_recompile pc=0x0000023ca9ffa818 method=com.google.common.base.CharMatcher.indexIn(Ljava/lang/CharSequence;I)I @ 19 c2
Event: 6.039 Thread 0x0000023ccfe65c90 DEOPT PACKING pc=0x0000023ca9ffa818 sp=0x0000004fdd0fa560
Event: 6.039 Thread 0x0000023ccfe65c90 DEOPT UNPACKING pc=0x0000023ca99523a3 sp=0x0000004fdd0fa4f0 mode 2

Classes unloaded (0 events):
No events

Classes redefined (0 events):
No events

Internal exceptions (20 events):
Event: 4.620 Thread 0x0000023ccfe65c90 Exception <a 'java/lang/NoSuchMethodError'{0x00000000ec7eb498}: 'java.lang.Object java.lang.invoke.Invokers$Holder.invoker(java.lang.Object, java.lang.Object, java.lang.Object, java.lang.Object, java.lang.Object, java.lang.Object, java.lang.Object, java.lang.Object, java.lang.Object, java.lang.Object)'> (0x00000000ec7eb498) 
thrown [s\open\src\hotspot\share\interpreter\linkResolver.cpp, line 759]
Event: 4.620 Thread 0x0000023ccfe65c90 Exception <a 'java/lang/NoSuchMethodError'{0x00000000ec7f1020}: 'java.lang.Object java.lang.invoke.DirectMethodHandle$Holder.invokeSpecial(java.lang.Object, java.lang.Object, java.lang.Object, java.lang.Object, java.lang.Object, java.lang.Object, java.lang.Object, java.lang.Object, java.lang.Object, java.lang.Object, java.lang.Object)'> (0x00000000ec7f1020) 
thrown [s\open\src\hotspot\share\interpreter\linkResolver.cpp, line 759]
Event: 4.844 Thread 0x0000023ccfe65c90 Exception <a 'java/lang/NoSuchMethodError'{0x00000000ec1df400}: 'void java.lang.invoke.DirectMethodHandle$Holder.invokeStaticInit(java.lang.Object)'> (0x00000000ec1df400) 
thrown [s\open\src\hotspot\share\interpreter\linkResolver.cpp, line 759]
Event: 4.861 Thread 0x0000023ccfe65c90 Exception <a 'java/lang/NoSuchMethodError'{0x00000000ec08f760}: 'java.lang.Object java.lang.invoke.DirectMethodHandle$Holder.newInvokeSpecial(java.lang.Object, java.lang.Object, java.lang.Object, int)'> (0x00000000ec08f760) 
thrown [s\open\src\hotspot\share\interpreter\linkResolver.cpp, line 759]
Event: 4.861 Thread 0x0000023ccfe65c90 Exception <a 'java/lang/NoSuchMethodError'{0x00000000ec094090}: 'java.lang.Object java.lang.invoke.DirectMethodHandle$Holder.invokeSpecial(java.lang.Object, java.lang.Object, java.lang.Object, java.lang.Object, int)'> (0x00000000ec094090) 
thrown [s\open\src\hotspot\share\interpreter\linkResolver.cpp, line 759]
Event: 4.862 Thread 0x0000023ccfe65c90 Exception <a 'java/lang/NoSuchMethodError'{0x00000000ec0981a8}: 'java.lang.Object java.lang.invoke.Invokers$Holder.linkToTargetMethod(java.lang.Object, java.lang.Object, int, java.lang.Object)'> (0x00000000ec0981a8) 
thrown [s\open\src\hotspot\share\interpreter\linkResolver.cpp, line 759]
Event: 5.374 Thread 0x0000023ccfe65c90 Exception <a 'java/lang/NoSuchMethodError'{0x00000000eb0ee218}: 'int java.lang.invoke.DirectMethodHandle$Holder.invokeSpecialIFC(java.lang.Object, java.lang.Object, java.lang.Object, java.lang.Object)'> (0x00000000eb0ee218) 
thrown [s\open\src\hotspot\share\interpreter\linkResolver.cpp, line 759]
Event: 5.376 Thread 0x0000023ccfe65c90 Exception <a 'java/lang/NoSuchMethodError'{0x00000000eb0fd498}: 'java.lang.Object java.lang.invoke.DirectMethodHandle$Holder.invokeInterface(java.lang.Object, java.lang.Object, java.lang.Object)'> (0x00000000eb0fd498) 
thrown [s\open\src\hotspot\share\interpreter\linkResolver.cpp, line 759]
Event: 5.376 Thread 0x0000023ccfe65c90 Exception <a 'java/lang/IncompatibleClassChangeError'{0x00000000eaf01810}: Found class java.lang.Object, but interface was expected> (0x00000000eaf01810) 
thrown [s\open\src\hotspot\share\interpreter\linkResolver.cpp, line 826]
Event: 5.442 Thread 0x0000023ccfe65c90 Exception <a 'java/lang/NoSuchMethodError'{0x00000000ead77ce0}: 'int java.lang.invoke.DirectMethodHandle$Holder.invokeStatic(java.lang.Object, java.lang.Object, java.lang.Object, java.lang.Object)'> (0x00000000ead77ce0) 
thrown [s\open\src\hotspot\share\interpreter\linkResolver.cpp, line 759]
Event: 5.443 Thread 0x0000023ccfe65c90 Exception <a 'java/lang/NoSuchMethodError'{0x00000000ead7b908}: 'java.lang.Object java.lang.invoke.Invokers$Holder.invokeExact_MT(java.lang.Object, java.lang.Object, java.lang.Object, java.lang.Object, java.lang.Object, java.lang.Object)'> (0x00000000ead7b908) 
thrown [s\open\src\hotspot\share\interpreter\linkResolver.cpp, line 759]
Event: 5.609 Thread 0x0000023ccfe65c90 Exception <a 'java/lang/NoSuchMethodError'{0x00000000ea460da8}: 'java.lang.Object java.lang.invoke.DirectMethodHandle$Holder.invokeVirtual(java.lang.Object, java.lang.Object, java.lang.Object, java.lang.Object)'> (0x00000000ea460da8) 
thrown [s\open\src\hotspot\share\interpreter\linkResolver.cpp, line 759]
Event: 5.636 Thread 0x0000023ccfe65c90 Exception <a 'java/lang/NoSuchMethodError'{0x00000000ea3a92d8}: 'java.lang.Object java.lang.invoke.DirectMethodHandle$Holder.newInvokeSpecial(java.lang.Object, java.lang.Object, java.lang.Object, java.lang.Object, java.lang.Object, java.lang.Object, java.lang.Object)'> (0x00000000ea3a92d8) 
thrown [s\open\src\hotspot\share\interpreter\linkResolver.cpp, line 759]
Event: 5.637 Thread 0x0000023ccfe65c90 Exception <a 'java/lang/NoSuchMethodError'{0x00000000ea3adfa8}: 'java.lang.Object java.lang.invoke.Invokers$Holder.linkToTargetMethod(java.lang.Object, java.lang.Object, java.lang.Object, java.lang.Object, java.lang.Object, java.lang.Object, java.lang.Object)'> (0x00000000ea3adfa8) 
thrown [s\open\src\hotspot\share\interpreter\linkResolver.cpp, line 759]
Event: 5.666 Thread 0x0000023ccfe65c90 Exception <a 'java/lang/NoSuchMethodError'{0x00000000ea100528}: 'java.lang.Object java.lang.invoke.DirectMethodHandle$Holder.invokeVirtual(java.lang.Object, java.lang.Object, java.lang.Object, java.lang.Object, java.lang.Object, java.lang.Object, java.lang.Object, java.lang.Object, java.lang.Object, java.lang.Object, java.lang.Object, java.lang.Object, java.lang.Object, java.lang.Object, java.lang.Object, java.lang.Object, java.lang.Object, java.lang.Object, java.lang.Object, java.lang.Object, java.lang.Ob
Event: 5.809 Thread 0x0000023ccfe65c90 Implicit null exception at 0x0000023ca9ec8b60 to 0x0000023ca9ec8bfa
Event: 6.241 Thread 0x0000023ccfe65c90 Exception <a 'java/lang/NoSuchMethodError'{0x00000000e921ecb8}: 'void java.lang.invoke.DirectMethodHandle$Holder.invokeStatic(java.lang.Object, java.lang.Object, java.lang.Object, java.lang.Object)'> (0x00000000e921ecb8) 
thrown [s\open\src\hotspot\share\interpreter\linkResolver.cpp, line 759]
Event: 6.243 Thread 0x0000023ccfe65c90 Exception <a 'java/lang/NoSuchMethodError'{0x00000000e9233008}: 'int java.lang.invoke.DirectMethodHandle$Holder.invokeVirtual(java.lang.Object, java.lang.Object)'> (0x00000000e9233008) 
thrown [s\open\src\hotspot\share\interpreter\linkResolver.cpp, line 759]
Event: 6.245 Thread 0x0000023ccfe65c90 Exception <a 'java/lang/NoSuchMethodError'{0x00000000e9245718}: 'java.lang.Object java.lang.invoke.DirectMethodHandle$Holder.invokeStaticInit(java.lang.Object, java.lang.Object, java.lang.Object)'> (0x00000000e9245718) 
thrown [s\open\src\hotspot\share\interpreter\linkResolver.cpp, line 759]
Event: 6.247 Thread 0x0000023ccfe65c90 Exception <a 'java/lang/NoSuchMethodError'{0x00000000e925aad8}: 'int java.lang.invoke.DirectMethodHandle$Holder.invokeVirtual(java.lang.Object, java.lang.Object, java.lang.Object)'> (0x00000000e925aad8) 
thrown [s\open\src\hotspot\share\interpreter\linkResolver.cpp, line 759]

VM Operations (20 events):
Event: 4.074 Executing VM operation: HandshakeAllThreads
Event: 4.074 Executing VM operation: HandshakeAllThreads done
Event: 4.074 Executing VM operation: Cleanup
Event: 4.074 Executing VM operation: Cleanup done
Event: 4.571 Executing VM operation: HandshakeAllThreads
Event: 4.571 Executing VM operation: HandshakeAllThreads done
Event: 5.010 Executing VM operation: HandshakeAllThreads
Event: 5.010 Executing VM operation: HandshakeAllThreads done
Event: 5.010 Executing VM operation: HandshakeAllThreads
Event: 5.010 Executing VM operation: HandshakeAllThreads done
Event: 5.060 Executing VM operation: HandshakeAllThreads
Event: 5.060 Executing VM operation: HandshakeAllThreads done
Event: 5.060 Executing VM operation: HandshakeAllThreads
Event: 5.060 Executing VM operation: HandshakeAllThreads done
Event: 5.431 Executing VM operation: ICBufferFull
Event: 5.431 Executing VM operation: ICBufferFull done
Event: 6.288 Executing VM operation: HandshakeAllThreads
Event: 6.288 Executing VM operation: HandshakeAllThreads done
Event: 6.437 Executing VM operation: CollectForMetadataAllocation
Event: 6.445 Executing VM operation: CollectForMetadataAllocation done

Events (20 events):
Event: 5.576 loading class javax/xml/xpath/XPathException done
Event: 5.576 loading class javax/xml/xpath/XPathExpressionException done
Event: 5.576 loading class org/xml/sax/ErrorHandler
Event: 5.576 loading class org/xml/sax/ErrorHandler done
Event: 5.660 Thread 0x0000023cd1f04180 Thread added: 0x0000023cd1f04180
Event: 6.017 loading class java/util/function/UnaryOperator
Event: 6.017 loading class java/util/function/UnaryOperator done
Event: 6.032 loading class java/util/concurrent/TimeoutException
Event: 6.032 loading class java/util/concurrent/TimeoutException done
Event: 6.032 loading class java/util/concurrent/CancellationException
Event: 6.032 loading class java/util/concurrent/CancellationException done
Event: 6.184 Thread 0x0000023cd1f04180 Thread exited: 0x0000023cd1f04180
Event: 6.231 Thread 0x0000023cd08eed80 Thread added: 0x0000023cd08eed80
Event: 6.231 loading class java/util/concurrent/locks/AbstractQueuedSynchronizer$SharedNode
Event: 6.232 loading class java/util/concurrent/locks/AbstractQueuedSynchronizer$SharedNode done
Event: 6.240 loading class java/io/InterruptedIOException
Event: 6.240 loading class java/io/InterruptedIOException done
Event: 6.242 Thread 0x0000023cd08f01c0 Thread added: 0x0000023cd08f01c0
Event: 6.248 loading class java/util/ArrayDeque$DeqSpliterator
Event: 6.248 loading class java/util/ArrayDeque$DeqSpliterator done


Dynamic libraries:
0x00007ff658850000 - 0x00007ff658860000 	C:\Program Files\Java\jdk-17\bin\java.exe
0x00007ffd64cc0000 - 0x00007ffd64eae000 	C:\Windows\SYSTEM32\ntdll.dll
0x00007ffd62520000 - 0x00007ffd625d3000 	C:\Windows\System32\KERNEL32.DLL
0x00007ffd61000000 - 0x00007ffd6129d000 	C:\Windows\System32\KERNELBASE.dll
0x00007ffd60d40000 - 0x00007ffd60e3a000 	C:\Windows\System32\ucrtbase.dll
0x00007ffd5f1d0000 - 0x00007ffd5f1e9000 	C:\Program Files\Java\jdk-17\bin\jli.dll
0x00007ffd64990000 - 0x00007ffd64a37000 	C:\Windows\System32\ADVAPI32.dll
0x00007ffd64a40000 - 0x00007ffd64ade000 	C:\Windows\System32\msvcrt.dll
0x00007ffd63e80000 - 0x00007ffd63f1f000 	C:\Windows\System32\sechost.dll
0x00007ffd623a0000 - 0x00007ffd624be000 	C:\Windows\System32\RPCRT4.dll
0x00007ffd64690000 - 0x00007ffd64827000 	C:\Windows\System32\USER32.dll
0x00007ffd60fe0000 - 0x00007ffd61000000 	C:\Windows\System32\win32u.dll
0x00007ffd64560000 - 0x00007ffd64589000 	C:\Windows\System32\GDI32.dll
0x00007ffd612a0000 - 0x00007ffd6144b000 	C:\Windows\System32\gdi32full.dll
0x00007ffd60ef0000 - 0x00007ffd60f90000 	C:\Windows\System32\msvcp_win.dll
0x00007ffd5c380000 - 0x00007ffd5c39b000 	C:\Program Files\Java\jdk-17\bin\VCRUNTIME140.dll
0x00007ffd521c0000 - 0x00007ffd52439000 	C:\Windows\WinSxS\amd64_microsoft.windows.common-controls_6595b64144ccf1df_6.0.17763.5206_none_de6d611a534ecc77\COMCTL32.dll
0x00007ffd62060000 - 0x00007ffd6238b000 	C:\Windows\System32\combase.dll
0x00007ffd61710000 - 0x00007ffd61792000 	C:\Windows\System32\bcryptPrimitives.dll
0x00007ffd60a10000 - 0x00007ffd60a1a000 	C:\Windows\SYSTEM32\VERSION.dll
0x00007ffd644d0000 - 0x00007ffd644fe000 	C:\Windows\System32\IMM32.DLL
0x0000000057030000 - 0x000000005703d000 	C:\Program Files (x86)\360\360Safe\safemon\SafeWrapper.dll
0x00007ffd50250000 - 0x00007ffd502fc000 	C:\Program Files (x86)\360\360Safe\safemon\libzdtp64.dll
0x00007ffd62750000 - 0x00007ffd63c48000 	C:\Windows\System32\SHELL32.dll
0x00007ffd60f90000 - 0x00007ffd60fda000 	C:\Windows\System32\cfgmgr32.dll
0x00007ffd63dd0000 - 0x00007ffd63e77000 	C:\Windows\System32\shcore.dll
0x00007ffd617a0000 - 0x00007ffd61ee7000 	C:\Windows\System32\windows.storage.dll
0x00007ffd60cb0000 - 0x00007ffd60cd3000 	C:\Windows\System32\profapi.dll
0x00007ffd60ce0000 - 0x00007ffd60d3d000 	C:\Windows\System32\powrprof.dll
0x00007ffd63d10000 - 0x00007ffd63d62000 	C:\Windows\System32\shlwapi.dll
0x00007ffd60c70000 - 0x00007ffd60c81000 	C:\Windows\System32\kernel.appcore.dll
0x00007ffd60e40000 - 0x00007ffd60e5b000 	C:\Windows\System32\cryptsp.dll
0x00007ffd5c990000 - 0x00007ffd5c99c000 	C:\Program Files\Java\jdk-17\bin\vcruntime140_1.dll
0x00007ffd4fbb0000 - 0x00007ffd4fc3e000 	C:\Program Files\Java\jdk-17\bin\msvcp140.dll
0x00007ffd2b820000 - 0x00007ffd2c401000 	C:\Program Files\Java\jdk-17\bin\server\jvm.dll
0x00007ffd62390000 - 0x00007ffd62398000 	C:\Windows\System32\PSAPI.DLL
0x00007ffd5f680000 - 0x00007ffd5f689000 	C:\Windows\SYSTEM32\WSOCK32.dll
0x00007ffd61f00000 - 0x00007ffd61f6d000 	C:\Windows\System32\WS2_32.dll
0x00007ffd5e360000 - 0x00007ffd5e384000 	C:\Windows\SYSTEM32\WINMM.dll
0x00007ffd5e330000 - 0x00007ffd5e35d000 	C:\Windows\SYSTEM32\WINMMBASE.dll
0x00007ffd5c950000 - 0x00007ffd5c95a000 	C:\Program Files\Java\jdk-17\bin\jimage.dll
0x00007ffd604c0000 - 0x00007ffd606ad000 	C:\Windows\SYSTEM32\DBGHELP.DLL
0x00007ffd60490000 - 0x00007ffd604ba000 	C:\Windows\SYSTEM32\dbgcore.DLL
0x00007ffd5c490000 - 0x00007ffd5c49e000 	C:\Program Files\Java\jdk-17\bin\instrument.dll
0x00007ffd5b320000 - 0x00007ffd5b345000 	C:\Program Files\Java\jdk-17\bin\java.dll
0x00007ffd45190000 - 0x00007ffd45267000 	C:\Program Files\Java\jdk-17\bin\jsvml.dll
0x00007ffd5c280000 - 0x00007ffd5c298000 	C:\Program Files\Java\jdk-17\bin\zip.dll
0x00007ffd5c180000 - 0x00007ffd5c199000 	C:\Program Files\Java\jdk-17\bin\net.dll
0x00007ffd58a10000 - 0x00007ffd58b0d000 	C:\Windows\SYSTEM32\WINHTTP.dll
0x00007ffd5ff10000 - 0x00007ffd5ff77000 	C:\Windows\system32\mswsock.dll
0x00007ffd55d60000 - 0x00007ffd55d76000 	C:\Program Files\Java\jdk-17\bin\nio.dll
0x00007ffd5c150000 - 0x00007ffd5c160000 	C:\Program Files\Java\jdk-17\bin\verify.dll
0x00007ffd57e70000 - 0x00007ffd57e97000 	C:\Users\SXRBS\.gradle\native\c067742578af261105cb4f569cf0c3c89f3d7b1fecec35dd04571415982c5e48\windows-amd64\native-platform.dll
0x00007ffd2e9a0000 - 0x00007ffd2eae4000 	C:\Users\SXRBS\.gradle\native\38dada09dfb8b06ba9b0570ebf7e218e3eb74d4ef43ca46872605cf95ebc2f47\windows-amd64\native-platform-file-events.dll
0x00007ffd58910000 - 0x00007ffd5891a000 	C:\Program Files\Java\jdk-17\bin\management.dll
0x00007ffd57e60000 - 0x00007ffd57e6b000 	C:\Program Files\Java\jdk-17\bin\management_ext.dll
0x00007ffd5faf0000 - 0x00007ffd5fb23000 	C:\Windows\system32\rsaenh.dll
0x00007ffd60e60000 - 0x00007ffd60e86000 	C:\Windows\System32\bcrypt.dll
0x00007ffd60b70000 - 0x00007ffd60b99000 	C:\Windows\SYSTEM32\USERENV.dll
0x00007ffd60140000 - 0x00007ffd6014c000 	C:\Windows\SYSTEM32\CRYPTBASE.dll
0x00007ffd601b0000 - 0x00007ffd601ed000 	C:\Windows\SYSTEM32\IPHLPAPI.DLL
0x00007ffd61ef0000 - 0x00007ffd61ef8000 	C:\Windows\System32\NSI.dll
0x00007ffd59670000 - 0x00007ffd59686000 	C:\Windows\SYSTEM32\dhcpcsvc6.DLL
0x00007ffd59650000 - 0x00007ffd5966c000 	C:\Windows\SYSTEM32\dhcpcsvc.DLL
0x00007ffd5fc80000 - 0x00007ffd5fd46000 	C:\Windows\SYSTEM32\DNSAPI.dll
0x00007ffd55cc0000 - 0x00007ffd55cce000 	C:\Program Files\Java\jdk-17\bin\sunmscapi.dll
0x00007ffd61450000 - 0x00007ffd61654000 	C:\Windows\System32\CRYPT32.dll
0x00007ffd60c90000 - 0x00007ffd60ca2000 	C:\Windows\System32\MSASN1.dll
0x00007ffd60340000 - 0x00007ffd6036c000 	C:\Windows\SYSTEM32\ncrypt.dll
0x00007ffd60300000 - 0x00007ffd6033c000 	C:\Windows\SYSTEM32\NTASN1.dll
0x00007ffd5caa0000 - 0x00007ffd5caa7000 	C:\Windows\system32\wshunix.dll

dbghelp: loaded successfully - version: 4.0.5 - missing functions: none
symbol engine: initialized successfully - sym options: 0x614 - pdb path: .;C:\Program Files\Java\jdk-17\bin;C:\Windows\SYSTEM32;C:\Windows\WinSxS\amd64_microsoft.windows.common-controls_6595b64144ccf1df_6.0.17763.5206_none_de6d611a534ecc77;C:\Program Files (x86)\360\360Safe\safemon;C:\Program Files\Java\jdk-17\bin\server;C:\Users\SXRBS\.gradle\native\c067742578af261105cb4f569cf0c3c89f3d7b1fecec35dd04571415982c5e48\windows-amd64;C:\Users\SXRBS\.gradle\native\38dada09dfb8b06ba9b0570ebf7e218e3eb74d4ef43ca46872605cf95ebc2f47\windows-amd64

VM Arguments:
jvm_args: --add-opens=java.base/java.util=ALL-UNNAMED --add-opens=java.base/java.lang=ALL-UNNAMED --add-opens=java.base/java.lang.invoke=ALL-UNNAMED --add-opens=java.prefs/java.util.prefs=ALL-UNNAMED --add-opens=java.base/java.nio.charset=ALL-UNNAMED --add-opens=java.base/java.net=ALL-UNNAMED --add-opens=java.base/java.util.concurrent.atomic=ALL-UNNAMED -XX:MaxMetaspaceSize=384m -XX:+HeapDumpOnOutOfMemoryError -Xms256m -Xmx512m -Dfile.encoding=GBK -Duser.country=CN -Duser.language=zh -Duser.variant -javaagent:C:\Users\SXRBS\.gradle\wrapper\dists\gradle-8.5-bin\5t9huq95ubn472n8rpzujfbqh\gradle-8.5\lib\agents\gradle-instrumentation-agent-8.5.jar 
java_command: org.gradle.launcher.daemon.bootstrap.GradleDaemon 8.5
java_class_path (initial): C:\Users\SXRBS\.gradle\wrapper\dists\gradle-8.5-bin\5t9huq95ubn472n8rpzujfbqh\gradle-8.5\lib\gradle-launcher-8.5.jar
Launcher Type: SUN_STANDARD

[Global flags]
     intx CICompilerCount                          = 4                                         {product} {ergonomic}
   size_t CompressedClassSpaceSize                 = 335544320                                 {product} {ergonomic}
     uint ConcGCThreads                            = 2                                         {product} {ergonomic}
     uint G1ConcRefinementThreads                  = 8                                         {product} {ergonomic}
   size_t G1HeapRegionSize                         = 1048576                                   {product} {ergonomic}
    uintx GCDrainStackTargetSize                   = 64                                        {product} {ergonomic}
     bool HeapDumpOnOutOfMemoryError               = true                                   {manageable} {command line}
   size_t InitialHeapSize                          = 268435456                                 {product} {command line}
   size_t MarkStackSize                            = 4194304                                   {product} {ergonomic}
   size_t MaxHeapSize                              = 536870912                                 {product} {command line}
   size_t MaxMetaspaceSize                         = 402653184                                 {product} {command line}
   size_t MaxNewSize                               = 321912832                                 {product} {ergonomic}
   size_t MinHeapDeltaBytes                        = 1048576                                   {product} {ergonomic}
   size_t MinHeapSize                              = 268435456                                 {product} {command line}
    uintx NonNMethodCodeHeapSize                   = 5839372                                {pd product} {ergonomic}
    uintx NonProfiledCodeHeapSize                  = 122909434                              {pd product} {ergonomic}
    uintx ProfiledCodeHeapSize                     = 122909434                              {pd product} {ergonomic}
    uintx ReservedCodeCacheSize                    = 251658240                              {pd product} {ergonomic}
     bool SegmentedCodeCache                       = true                                      {product} {ergonomic}
   size_t SoftMaxHeapSize                          = 536870912                              {manageable} {ergonomic}
     bool UseCompressedClassPointers               = true                           {product lp64_product} {ergonomic}
     bool UseCompressedOops                        = true                           {product lp64_product} {ergonomic}
     bool UseG1GC                                  = true                                      {product} {ergonomic}
     bool UseLargePagesIndividualAllocation        = false                                  {pd product} {ergonomic}

Logging:
Log output configuration:
 #0: stdout all=warning uptime,level,tags
 #1: stderr all=off uptime,level,tags

Environment Variables:
JAVA_HOME=C:\Program Files\Java\jdk-17
PATH=C:\Program Files\Common Files\Oracle\Java\javapath;C:\Windows\system32;C:\Windows;C:\Windows\System32\Wbem;C:\Windows\System32\WindowsPowerShell\v1.0\;C:\Windows\System32\OpenSSH\;C:\Program Files\Java\jdk-17\bin;C:\Program Files\nodejs\;C:\Program Files\Redis;C:\Program Files\Microsoft SQL Server\150\Tools\Binn\;C:\Program Files\Microsoft SQL Server\Client SDK\ODBC\170\Tools\Binn\;C:\Program Files\dotnet\;C:\Program Files (x86)\Microsoft SQL Server\160\DTS\Binn\;C:\Program Files\Azure Data Studio\bin;C:\Program Files (x86)\NetSarang\Xshell 7\;C:\Program Files (x86)\NetSarang\Xftp 7\;C:\Users\SXRBS\AppData\Local\Microsoft\WindowsApps;C:\Users\SXRBS\AppData\Roaming\npm;C:\Users\SXRBS\AppData\Local\Programs\Microsoft VS Code\bin;C:\Users\SXRBS\.dotnet\tools;C:\Program Files\Azure Data Studio\bin
USERNAME=SXRBS
OS=Windows_NT
PROCESSOR_IDENTIFIER=Intel64 Family 6 Model 158 Stepping 9, GenuineIntel



---------------  S Y S T E M  ---------------

OS:
 Windows 10 , 64 bit Build 17763 (10.0.17763.4974)
OS uptime: 5 days 20:15 hours

CPU: total 8 (initial active 8) (4 cores per cpu, 2 threads per core) family 6 model 158 stepping 9 microcode 0x8e, cx8, cmov, fxsr, ht, mmx, 3dnowpref, sse, sse2, sse3, ssse3, sse4.1, sse4.2, popcnt, lzcnt, tsc, tscinvbit, avx, avx2, aes, erms, clmul, bmi1, bmi2, rtm, adx, fma, vzeroupper, clflush, clflushopt

Memory: 4k page, system-wide physical 32674M (19806M free)
TotalPageFile size 38962M (AvailPageFile size 18344M)
current process WorkingSet (physical memory assigned to process): 266M, peak: 266M
current process commit charge ("private bytes"): 435M, peak: 437M

vm_info: Java HotSpot(TM) 64-Bit Server VM (17.0.9+11-LTS-201) for windows-amd64 JRE (17.0.9+11-LTS-201), built on Oct 10 2023 23:16:06 by "mach5one" with MS VC++ 17.1 (VS2022)

END.
