#
# A fatal error has been detected by the Java Runtime Environment:
#
#  EXCEPTION_ACCESS_VIOLATION (0xc0000005) at pc=0x00007ffb24188580, pid=20220, tid=15976
#
# JRE version: Java(TM) SE Runtime Environment (17.0.9+11) (build 17.0.9+11-LTS-201)
# Java VM: Java HotSpot(TM) 64-Bit Server VM (17.0.9+11-LTS-201, mixed mode, sharing, tiered, compressed oops, compressed class ptrs, g1 gc, windows-amd64)
# Problematic frame:
# V  [jvm.dll+0x658580]
#
# No core dump will be written. Minidumps are not enabled by default on client versions of Windows
#
# If you would like to submit a bug report, please visit:
#   https://bugreport.java.com/bugreport/crash.jsp
#

---------------  S U M M A R Y ------------

Command Line: -Dorg.gradle.internal.worker.tmpdir=K:\mywork\springjwtstudy\sqdsback\build\tmp\test\work -Dorg.gradle.native=false -Xmx512m -Dfile.encoding=GBK -Duser.country=CN -Duser.language=zh -Duser.variant -ea worker.org.gradle.process.internal.worker.GradleWorkerMain 'Gradle Test Executor 2'

Host: Intel(R) Core(TM) i7-7700 CPU @ 3.60GHz, 8 cores, 31G,  Windows 10 , 64 bit Build 17763 (10.0.17763.4974)
Time: Wed Jan 31 08:12:39 2024 中国标准时间 elapsed time: 8.809836 seconds (0d 0h 0m 8s)

---------------  T H R E A D  ---------------

Current thread (0x0000021c9b669c70):  JavaThread "C2 CompilerThread0" daemon [_thread_in_native, id=15976, stack(0x000000ef58000000,0x000000ef58100000)]


Current CompileTask:
C2:   8809 7924   !   4       org.aspectj.weaver.World::resolve (297 bytes)

Stack: [0x000000ef58000000,0x000000ef58100000],  sp=0x000000ef580fb4a8,  free space=1005k
Native frames: (J=compiled Java code, j=interpreted, Vv=VM code, C=native code)
V  [jvm.dll+0x658580]


siginfo: EXCEPTION_ACCESS_VIOLATION (0xc0000005), reading address 0x000000000000002c


Register to memory mapping:

RIP=0x00007ffb24188580 jvm.dll
RAX=0x0000021ce20888a0 points into unknown readable memory: 0x0000021ce658df30 | 30 df 58 e6 1c 02 00 00
RBX=0x000000000000059c is an unknown value
RCX=0x0 is NULL
RDX=0x0000000000002a79 is an unknown value
RSP=0x000000ef580fb4a8 is pointing into the stack for thread: 0x0000021c9b669c70
RBP=0x000000ef580fb5b0 is pointing into the stack for thread: 0x0000021c9b669c70
RSI=0x0000021ce62950f0 points into unknown readable memory: 0x00007ffb243f2c30 | 30 2c 3f 24 fb 7f 00 00
RDI=0x0000021ce6294e20 points into unknown readable memory: 0x00007ffb243f2c30 | 30 2c 3f 24 fb 7f 00 00
R8 =0x0000021ce26f3450 points into unknown readable memory: 0x0000000000000040 | 40 00 00 00 00 00 00 00
R9 =0x0000021ce658ef68 points into unknown readable memory: 0x0000021ce4949900 | 00 99 94 e4 1c 02 00 00
R10=0x0000021ce658de28 points into unknown readable memory: 0x0000021ce52bac88 | 88 ac 2b e5 1c 02 00 00
R11=0x5555555555555555 is an unknown value
R12=0x0000000000000001 is an unknown value
R13=0x0000021ce658ef80 points into unknown readable memory: 0x00007ffb243ee010 | 10 e0 3e 24 fb 7f 00 00
R14=0x0000000000000001 is an unknown value
R15=0x0 is NULL


Registers:
RAX=0x0000021ce20888a0, RBX=0x000000000000059c, RCX=0x0000000000000000, RDX=0x0000000000002a79
RSP=0x000000ef580fb4a8, RBP=0x000000ef580fb5b0, RSI=0x0000021ce62950f0, RDI=0x0000021ce6294e20
R8 =0x0000021ce26f3450, R9 =0x0000021ce658ef68, R10=0x0000021ce658de28, R11=0x5555555555555555
R12=0x0000000000000001, R13=0x0000021ce658ef80, R14=0x0000000000000001, R15=0x0000000000000000
RIP=0x00007ffb24188580, EFLAGS=0x0000000000010202

Top of Stack: (sp=0x000000ef580fb4a8)
0x000000ef580fb4a8:   00007ffb241f62ad 0000000000000006
0x000000ef580fb4b8:   0000000000000794 000000ef580fb5b0
0x000000ef580fb4c8:   0000021c00000003 0000021ce658e3c0
0x000000ef580fb4d8:   000000ef00000001 0000021c00002d97
0x000000ef580fb4e8:   0000021ce1d20f01 0000021ce2819000
0x000000ef580fb4f8:   000000ef580fb620 000000ef00000011
0x000000ef580fb508:   0000000000000002 0000021ce6e356d8
0x000000ef580fb518:   00007ffb00000005 00007ffb2463fba0
0x000000ef580fb528:   0000021ce318aa68 00000005000000d9
0x000000ef580fb538:   00000005000001fd 0000021c00000002
0x000000ef580fb548:   0000021ce32c78f0 0000000000000001
0x000000ef580fb558:   0000021ce32c7fc0 0000021c9b779e00
0x000000ef580fb568:   0000021ce32c5440 0000021c00002b0a
0x000000ef580fb578:   0000021ce338c420 0000000000000000
0x000000ef580fb588:   0000000000000003 0000021ce1d20fc0
0x000000ef580fb598:   0000021ce32c1210 0000021ce26f33b0 

Instructions: (pc=0x00007ffb24188580)
0x00007ffb24188480:   00 00 48 81 c3 70 02 00 00 85 c0 75 69 c7 46 24
0x00007ffb24188490:   04 00 00 00 48 83 7b 18 df 76 12 4c 8d 05 3e 1b
0x00007ffb241884a0:   26 00 48 8b cb 8d 50 20 e8 33 2f a5 ff 48 8b 43
0x00007ffb241884b0:   18 48 8d 48 20 48 3b 4b 20 76 23 45 33 c0 48 8b
0x00007ffb241884c0:   cb 41 8d 50 20 e8 96 2b a5 ff 48 89 46 10 48 8b
0x00007ffb241884d0:   5c 24 48 48 8b 6c 24 50 48 83 c4 30 5e c3 48 89
0x00007ffb241884e0:   4b 18 48 89 46 10 48 8b 5c 24 48 48 8b 6c 24 50
0x00007ffb241884f0:   48 83 c4 30 5e c3 48 89 7c 24 40 8d 7d 01 85 ff
0x00007ffb24188500:   74 04 85 fd 74 0c 0f bd cf bf 01 00 00 00 ff c1
0x00007ffb24188510:   d3 e7 48 8b 56 10 4c 8b c0 44 8b cf 48 8b cb 49
0x00007ffb24188520:   c1 e1 03 49 c1 e0 03 c7 44 24 20 00 00 00 00 e8
0x00007ffb24188530:   3c 26 a5 ff 89 7e 24 48 89 46 10 48 8b 7c 24 40
0x00007ffb24188540:   48 8b 5c 24 48 48 8b 6c 24 50 48 83 c4 30 5e c3
0x00007ffb24188550:   44 8b 41 2c 41 8b c0 24 07 3c 04 75 05 48 89 51
0x00007ffb24188560:   38 c3 41 83 e0 3f 41 80 f8 30 75 04 48 89 51 48
0x00007ffb24188570:   c3 cc cc cc cc cc cc cc cc cc cc cc cc cc cc cc
0x00007ffb24188580:   8b 41 2c 24 03 3c 02 0f 84 43 0d f4 ff 8b 41 30
0x00007ffb24188590:   d1 e8 24 01 c3 cc cc cc cc cc cc cc cc cc cc cc
0x00007ffb241885a0:   48 89 5c 24 08 4c 8b 49 10 48 8b d9 8b c2 4d 8d
0x00007ffb241885b0:   14 c1 8d 42 01 4d 8d 1c c1 8b 41 08 2b c2 83 e8
0x00007ffb241885c0:   01 74 21 0f 1f 40 00 66 0f 1f 84 00 00 00 00 00
0x00007ffb241885d0:   49 8b 0b 4d 8d 5b 08 49 89 0a 4d 8d 52 08 48 83
0x00007ffb241885e0:   e8 01 75 ec 8b 4b 08 48 8b 43 10 ff c9 48 8b 5c
0x00007ffb241885f0:   24 08 48 c7 04 c8 00 00 00 00 c3 cc cc cc cc cc
0x00007ffb24188600:   48 89 5c 24 18 56 48 83 ec 20 48 8b d9 48 8b f2
0x00007ffb24188610:   8b 4a 28 8b c1 c1 e8 05 3b 43 20 73 54 83 e1 1f
0x00007ffb24188620:   8b d1 8b c8 48 8b 43 28 8b 0c 88 0f a3 d1 73 41
0x00007ffb24188630:   8b 4b 18 33 d2 48 89 7c 24 38 85 c9 74 18 4c 8b
0x00007ffb24188640:   43 10 48 8d 3c d5 00 00 00 00 4a 39 34 07 74 2c
0x00007ffb24188650:   ff c2 3b d1 72 ec ba bc 09 00 00 48 8d 0d 0e 0f
0x00007ffb24188660:   2f 00 e8 29 d6 be ff e8 f4 fe 01 00 48 8b 7c 24
0x00007ffb24188670:   38 48 8b 5c 24 40 48 83 c4 20 5e c3 8d 41 ff 48 


Stack slot to memory mapping:
stack at sp + 0 slots: 0x00007ffb241f62ad jvm.dll
stack at sp + 1 slots: 0x0000000000000006 is an unknown value
stack at sp + 2 slots: 0x0000000000000794 is an unknown value
stack at sp + 3 slots: 0x000000ef580fb5b0 is pointing into the stack for thread: 0x0000021c9b669c70
stack at sp + 4 slots: 0x0000021c00000003 is an unknown value
stack at sp + 5 slots: 0x0000021ce658e3c0 points into unknown readable memory: 0x00007ffb243ee010 | 10 e0 3e 24 fb 7f 00 00
stack at sp + 6 slots: 0x000000ef00000001 is an unknown value
stack at sp + 7 slots: 0x0000021c00002d97 is an unknown value


---------------  P R O C E S S  ---------------

Threads class SMR info:
_java_thread_list=0x0000021ce40bc480, length=22, elements={
0x0000021cfe5cc660, 0x0000021c9b6505a0, 0x0000021c9b651330, 0x0000021c9b664130,
0x0000021c9b665c10, 0x0000021c9b6666e0, 0x0000021c9b668fc0, 0x0000021c9b669c70,
0x0000021c9b66a630, 0x0000021c9b66af40, 0x0000021c9b9739b0, 0x0000021c9b817e20,
0x0000021ce191ef80, 0x0000021ce1a94ce0, 0x0000021ce1a951c0, 0x0000021ce4059ae0,
0x0000021ce405a580, 0x0000021ce3e5a600, 0x0000021ce3e59be0, 0x0000021ce3e5b530,
0x0000021ce3e591c0, 0x0000021ce3e58cb0
}

Java Threads: ( => current thread )
  0x0000021cfe5cc660 JavaThread "Test worker" [_thread_in_vm, id=21336, stack(0x000000ef57300000,0x000000ef57400000)]
  0x0000021c9b6505a0 JavaThread "Reference Handler" daemon [_thread_blocked, id=1420, stack(0x000000ef57a00000,0x000000ef57b00000)]
  0x0000021c9b651330 JavaThread "Finalizer" daemon [_thread_blocked, id=21020, stack(0x000000ef57b00000,0x000000ef57c00000)]
  0x0000021c9b664130 JavaThread "Signal Dispatcher" daemon [_thread_blocked, id=21256, stack(0x000000ef57c00000,0x000000ef57d00000)]
  0x0000021c9b665c10 JavaThread "Attach Listener" daemon [_thread_blocked, id=21276, stack(0x000000ef57d00000,0x000000ef57e00000)]
  0x0000021c9b6666e0 JavaThread "Service Thread" daemon [_thread_blocked, id=20772, stack(0x000000ef57e00000,0x000000ef57f00000)]
  0x0000021c9b668fc0 JavaThread "Monitor Deflation Thread" daemon [_thread_blocked, id=21284, stack(0x000000ef57f00000,0x000000ef58000000)]
=>0x0000021c9b669c70 JavaThread "C2 CompilerThread0" daemon [_thread_in_native, id=15976, stack(0x000000ef58000000,0x000000ef58100000)]
  0x0000021c9b66a630 JavaThread "C1 CompilerThread0" daemon [_thread_blocked, id=7544, stack(0x000000ef58100000,0x000000ef58200000)]
  0x0000021c9b66af40 JavaThread "Sweeper thread" daemon [_thread_blocked, id=18472, stack(0x000000ef58200000,0x000000ef58300000)]
  0x0000021c9b9739b0 JavaThread "Notification Thread" daemon [_thread_blocked, id=20068, stack(0x000000ef58300000,0x000000ef58400000)]
  0x0000021c9b817e20 JavaThread "Common-Cleaner" daemon [_thread_blocked, id=20792, stack(0x000000ef58500000,0x000000ef58600000)]
  0x0000021ce191ef80 JavaThread "/127.0.0.1:59325 to /127.0.0.1:59324 workers" [_thread_blocked, id=19968, stack(0x000000ef58800000,0x000000ef58900000)]
  0x0000021ce1a94ce0 JavaThread "/127.0.0.1:59325 to /127.0.0.1:59324 workers Thread 2" [_thread_blocked, id=19764, stack(0x000000ef58900000,0x000000ef58a00000)]
  0x0000021ce1a951c0 JavaThread "/127.0.0.1:59325 to /127.0.0.1:59324 workers Thread 3" [_thread_in_native, id=9732, stack(0x000000ef58a00000,0x000000ef58b00000)]
  0x0000021ce4059ae0 JavaThread "C2 CompilerThread1" daemon [_thread_in_native, id=14436, stack(0x000000ef58600000,0x000000ef58700000)]
  0x0000021ce405a580 JavaThread "C2 CompilerThread2" daemon [_thread_in_native, id=19776, stack(0x000000ef58b00000,0x000000ef58c00000)]
  0x0000021ce3e5a600 JavaThread "mssql-jdbc-shared-timer-core-0" daemon [_thread_blocked, id=19756, stack(0x000000ef59500000,0x000000ef59600000)]
  0x0000021ce3e59be0 JavaThread "HikariPool-1 housekeeper" daemon [_thread_blocked, id=20808, stack(0x000000ef59700000,0x000000ef59800000)]
  0x0000021ce3e5b530 JavaThread "HikariPool-1 connection adder" daemon [_thread_blocked, id=20812, stack(0x000000ef59800000,0x000000ef59900000)]
  0x0000021ce3e591c0 JavaThread "HikariPool-2 housekeeper" daemon [_thread_blocked, id=7256, stack(0x000000ef59900000,0x000000ef59a00000)]
  0x0000021ce3e58cb0 JavaThread "HikariPool-2 connection adder" daemon [_thread_blocked, id=20996, stack(0x000000ef59a00000,0x000000ef59b00000)]

Other Threads:
  0x0000021c9b64b1c0 VMThread "VM Thread" [stack: 0x000000ef57900000,0x000000ef57a00000] [id=20684]
  0x0000021c80d04c30 WatcherThread [stack: 0x000000ef58400000,0x000000ef58500000] [id=20788]
  0x0000021c80cf68b0 GCTaskThread "GC Thread#0" [stack: 0x000000ef57400000,0x000000ef57500000] [id=20736]
  0x0000021ce1ab09f0 GCTaskThread "GC Thread#1" [stack: 0x000000ef58c00000,0x000000ef58d00000] [id=18404]
  0x0000021ce1b23fc0 GCTaskThread "GC Thread#2" [stack: 0x000000ef58d00000,0x000000ef58e00000] [id=20496]
  0x0000021c9b818b10 GCTaskThread "GC Thread#3" [stack: 0x000000ef58e00000,0x000000ef58f00000] [id=21260]
  0x0000021ce1b062a0 GCTaskThread "GC Thread#4" [stack: 0x000000ef58f00000,0x000000ef59000000] [id=21224]
  0x0000021ce1b04640 GCTaskThread "GC Thread#5" [stack: 0x000000ef59000000,0x000000ef59100000] [id=16984]
  0x0000021ce1df0c10 GCTaskThread "GC Thread#6" [stack: 0x000000ef59100000,0x000000ef59200000] [id=21328]
  0x0000021ce19ad060 GCTaskThread "GC Thread#7" [stack: 0x000000ef59200000,0x000000ef59300000] [id=21316]
  0x0000021c80cfd730 ConcurrentGCThread "G1 Main Marker" [stack: 0x000000ef57500000,0x000000ef57600000] [id=20732]
  0x0000021c80cfe050 ConcurrentGCThread "G1 Conc#0" [stack: 0x000000ef57600000,0x000000ef57700000] [id=3016]
  0x0000021ce19adb60 ConcurrentGCThread "G1 Conc#1" [stack: 0x000000ef59600000,0x000000ef59700000] [id=20980]
  0x0000021c9b50fee0 ConcurrentGCThread "G1 Refine#0" [stack: 0x000000ef57700000,0x000000ef57800000] [id=21292]
  0x0000021ce1aefc70 ConcurrentGCThread "G1 Refine#1" [stack: 0x000000ef59300000,0x000000ef59400000] [id=21312]
  0x0000021ce1d10cd0 ConcurrentGCThread "G1 Refine#2" [stack: 0x000000ef59400000,0x000000ef59500000] [id=20984]
  0x0000021c9b510720 ConcurrentGCThread "G1 Service" [stack: 0x000000ef57800000,0x000000ef57900000] [id=20752]

Threads with active compile tasks:
C2 CompilerThread0     8929 7924   !   4       org.aspectj.weaver.World::resolve (297 bytes)
C2 CompilerThread1     8929 8014       4       org.springframework.core.annotation.TypeMappedAnnotations::scan (66 bytes)
C2 CompilerThread2     8929 8011       4       org.springframework.core.annotation.TypeMappedAnnotations$MergedAnnotationFinder::doWithAnnotations (75 bytes)

VM state: not at safepoint (normal execution)

VM Mutex/Monitor currently owned by a thread: None

Heap address: 0x00000000e0000000, size: 512 MB, Compressed Oops mode: 32-bit

CDS archive(s) mapped at: [0x0000021c9c000000-0x0000021c9cbd0000-0x0000021c9cbd0000), size 12386304, SharedBaseAddress: 0x0000021c9c000000, ArchiveRelocationMode: 1.
Compressed class space mapped at: 0x0000021c9d000000-0x0000021cdd000000, reserved size: 1073741824
Narrow klass base: 0x0000021c9c000000, Narrow klass shift: 0, Narrow klass range: 0x100000000

GC Precious Log:
 CPUs: 8 total, 8 available
 Memory: 32674M
 Large Page Support: Disabled
 NUMA Support: Disabled
 Compressed Oops: Enabled (32-bit)
 Heap Region Size: 1M
 Heap Min Capacity: 8M
 Heap Initial Capacity: 512M
 Heap Max Capacity: 512M
 Pre-touch: Disabled
 Parallel Workers: 8
 Concurrent Workers: 2
 Concurrent Refinement Workers: 8
 Periodic GC: Disabled

Heap:
 garbage-first heap   total 78848K, used 49680K [0x00000000e0000000, 0x0000000100000000)
  region size 1024K, 15 young (15360K), 2 survivors (2048K)
 Metaspace       used 70735K, committed 71360K, reserved 1114112K
  class space    used 9662K, committed 9984K, reserved 1048576K

Heap Regions: E=young(eden), S=young(survivor), O=old, HS=humongous(starts), HC=humongous(continues), CS=collection set, F=free, OA=open archive, CA=closed archive, TAMS=top-at-mark-start (previous, next)
|   0|0x00000000e0000000, 0x00000000e0100000, 0x00000000e0100000|100%|HS|  |TAMS 0x00000000e0100000, 0x00000000e0000000| Complete 
|   1|0x00000000e0100000, 0x00000000e0200000, 0x00000000e0200000|100%|HS|  |TAMS 0x00000000e0200000, 0x00000000e0100000| Complete 
|   2|0x00000000e0200000, 0x00000000e0300000, 0x00000000e0300000|100%| O|  |TAMS 0x00000000e0300000, 0x00000000e0200000| Untracked 
|   3|0x00000000e0300000, 0x00000000e0400000, 0x00000000e0400000|100%| O|  |TAMS 0x00000000e0400000, 0x00000000e0300000| Untracked 
|   4|0x00000000e0400000, 0x00000000e0500000, 0x00000000e0500000|100%| O|  |TAMS 0x00000000e0500000, 0x00000000e0400000| Untracked 
|   5|0x00000000e0500000, 0x00000000e0600000, 0x00000000e0600000|100%| O|  |TAMS 0x00000000e0600000, 0x00000000e0500000| Untracked 
|   6|0x00000000e0600000, 0x00000000e0700000, 0x00000000e0700000|100%| O|  |TAMS 0x00000000e0700000, 0x00000000e0600000| Untracked 
|   7|0x00000000e0700000, 0x00000000e0800000, 0x00000000e0800000|100%| O|  |TAMS 0x00000000e0800000, 0x00000000e0700000| Untracked 
|   8|0x00000000e0800000, 0x00000000e0900000, 0x00000000e0900000|100%| O|  |TAMS 0x00000000e0900000, 0x00000000e0800000| Untracked 
|   9|0x00000000e0900000, 0x00000000e0a00000, 0x00000000e0a00000|100%| O|  |TAMS 0x00000000e0a00000, 0x00000000e0900000| Untracked 
|  10|0x00000000e0a00000, 0x00000000e0b00000, 0x00000000e0b00000|100%| O|  |TAMS 0x00000000e0b00000, 0x00000000e0a00000| Untracked 
|  11|0x00000000e0b00000, 0x00000000e0c00000, 0x00000000e0c00000|100%| O|  |TAMS 0x00000000e0c00000, 0x00000000e0b00000| Untracked 
|  12|0x00000000e0c00000, 0x00000000e0c51e00, 0x00000000e0d00000| 31%| O|  |TAMS 0x00000000e0c51e00, 0x00000000e0c00000| Untracked 
|  13|0x00000000e0d00000, 0x00000000e0e00000, 0x00000000e0e00000|100%| O|  |TAMS 0x00000000e0e00000, 0x00000000e0d00000| Untracked 
|  14|0x00000000e0e00000, 0x00000000e0f00000, 0x00000000e0f00000|100%| O|  |TAMS 0x00000000e0f00000, 0x00000000e0e00000| Untracked 
|  15|0x00000000e0f00000, 0x00000000e1000000, 0x00000000e1000000|100%| O|  |TAMS 0x00000000e1000000, 0x00000000e0f00000| Untracked 
|  16|0x00000000e1000000, 0x00000000e1100000, 0x00000000e1100000|100%| O|  |TAMS 0x00000000e1100000, 0x00000000e1000000| Untracked 
|  17|0x00000000e1100000, 0x00000000e1200000, 0x00000000e1200000|100%| O|  |TAMS 0x00000000e1200000, 0x00000000e1100000| Untracked 
|  18|0x00000000e1200000, 0x00000000e1300000, 0x00000000e1300000|100%| O|  |TAMS 0x00000000e1300000, 0x00000000e1200000| Untracked 
|  19|0x00000000e1300000, 0x00000000e1400000, 0x00000000e1400000|100%| O|  |TAMS 0x00000000e1400000, 0x00000000e1300000| Untracked 
|  20|0x00000000e1400000, 0x00000000e1500000, 0x00000000e1500000|100%| O|  |TAMS 0x00000000e1500000, 0x00000000e1400000| Untracked 
|  21|0x00000000e1500000, 0x00000000e1600000, 0x00000000e1600000|100%| O|  |TAMS 0x00000000e1600000, 0x00000000e1500000| Untracked 
|  22|0x00000000e1600000, 0x00000000e1700000, 0x00000000e1700000|100%| O|  |TAMS 0x00000000e1700000, 0x00000000e1600000| Untracked 
|  23|0x00000000e1700000, 0x00000000e1800000, 0x00000000e1800000|100%| O|  |TAMS 0x00000000e1800000, 0x00000000e1700000| Untracked 
|  24|0x00000000e1800000, 0x00000000e1900000, 0x00000000e1900000|100%| O|  |TAMS 0x00000000e1900000, 0x00000000e1800000| Untracked 
|  25|0x00000000e1900000, 0x00000000e1a00000, 0x00000000e1a00000|100%| O|  |TAMS 0x00000000e1a00000, 0x00000000e1900000| Untracked 
|  26|0x00000000e1a00000, 0x00000000e1b00000, 0x00000000e1b00000|100%| O|  |TAMS 0x00000000e1b00000, 0x00000000e1a00000| Untracked 
|  27|0x00000000e1b00000, 0x00000000e1c00000, 0x00000000e1c00000|100%| O|  |TAMS 0x00000000e1c00000, 0x00000000e1b00000| Untracked 
|  28|0x00000000e1c00000, 0x00000000e1d00000, 0x00000000e1d00000|100%| O|  |TAMS 0x00000000e1d00000, 0x00000000e1c00000| Untracked 
|  29|0x00000000e1d00000, 0x00000000e1e00000, 0x00000000e1e00000|100%| O|  |TAMS 0x00000000e1e00000, 0x00000000e1d00000| Untracked 
|  30|0x00000000e1e00000, 0x00000000e1f00000, 0x00000000e1f00000|100%| O|  |TAMS 0x00000000e1f00000, 0x00000000e1e00000| Untracked 
|  31|0x00000000e1f00000, 0x00000000e2000000, 0x00000000e2000000|100%| O|  |TAMS 0x00000000e2000000, 0x00000000e1f00000| Untracked 
|  32|0x00000000e2000000, 0x00000000e2100000, 0x00000000e2100000|100%| O|  |TAMS 0x00000000e2100000, 0x00000000e2000000| Untracked 
|  33|0x00000000e2100000, 0x00000000e2200000, 0x00000000e2200000|100%| O|  |TAMS 0x00000000e2200000, 0x00000000e2100000| Untracked 
|  34|0x00000000e2200000, 0x00000000e2300000, 0x00000000e2300000|100%| O|  |TAMS 0x00000000e2300000, 0x00000000e2200000| Untracked 
|  35|0x00000000e2300000, 0x00000000e236b200, 0x00000000e2400000| 41%| O|  |TAMS 0x00000000e236b200, 0x00000000e2300000| Untracked 
|  36|0x00000000e2400000, 0x00000000e2400000, 0x00000000e2500000|  0%| F|  |TAMS 0x00000000e2400000, 0x00000000e2400000| Untracked 
|  37|0x00000000e2500000, 0x00000000e2500000, 0x00000000e2600000|  0%| F|  |TAMS 0x00000000e2500000, 0x00000000e2500000| Untracked 
|  38|0x00000000e2600000, 0x00000000e2600000, 0x00000000e2700000|  0%| F|  |TAMS 0x00000000e2600000, 0x00000000e2600000| Untracked 
|  39|0x00000000e2700000, 0x00000000e2700000, 0x00000000e2800000|  0%| F|  |TAMS 0x00000000e2700000, 0x00000000e2700000| Untracked 
|  40|0x00000000e2800000, 0x00000000e2800000, 0x00000000e2900000|  0%| F|  |TAMS 0x00000000e2800000, 0x00000000e2800000| Untracked 
|  41|0x00000000e2900000, 0x00000000e2900000, 0x00000000e2a00000|  0%| F|  |TAMS 0x00000000e2900000, 0x00000000e2900000| Untracked 
|  42|0x00000000e2a00000, 0x00000000e2a00000, 0x00000000e2b00000|  0%| F|  |TAMS 0x00000000e2a00000, 0x00000000e2a00000| Untracked 
|  43|0x00000000e2b00000, 0x00000000e2b00000, 0x00000000e2c00000|  0%| F|  |TAMS 0x00000000e2b00000, 0x00000000e2b00000| Untracked 
|  44|0x00000000e2c00000, 0x00000000e2c00000, 0x00000000e2d00000|  0%| F|  |TAMS 0x00000000e2c00000, 0x00000000e2c00000| Untracked 
|  45|0x00000000e2d00000, 0x00000000e2d00000, 0x00000000e2e00000|  0%| F|  |TAMS 0x00000000e2d00000, 0x00000000e2d00000| Untracked 
|  46|0x00000000e2e00000, 0x00000000e2e00000, 0x00000000e2f00000|  0%| F|  |TAMS 0x00000000e2e00000, 0x00000000e2e00000| Untracked 
|  47|0x00000000e2f00000, 0x00000000e2fc73c0, 0x00000000e3000000| 77%| S|CS|TAMS 0x00000000e2f00000, 0x00000000e2f00000| Complete 
|  48|0x00000000e3000000, 0x00000000e3100000, 0x00000000e3100000|100%| S|CS|TAMS 0x00000000e3000000, 0x00000000e3000000| Complete 
|  49|0x00000000e3100000, 0x00000000e3100000, 0x00000000e3200000|  0%| F|  |TAMS 0x00000000e3100000, 0x00000000e3100000| Untracked 
|  50|0x00000000e3200000, 0x00000000e3200000, 0x00000000e3300000|  0%| F|  |TAMS 0x00000000e3200000, 0x00000000e3200000| Untracked 
|  51|0x00000000e3300000, 0x00000000e3300000, 0x00000000e3400000|  0%| F|  |TAMS 0x00000000e3300000, 0x00000000e3300000| Untracked 
|  52|0x00000000e3400000, 0x00000000e3400000, 0x00000000e3500000|  0%| F|  |TAMS 0x00000000e3400000, 0x00000000e3400000| Untracked 
|  53|0x00000000e3500000, 0x00000000e3500000, 0x00000000e3600000|  0%| F|  |TAMS 0x00000000e3500000, 0x00000000e3500000| Untracked 
|  54|0x00000000e3600000, 0x00000000e3600000, 0x00000000e3700000|  0%| F|  |TAMS 0x00000000e3600000, 0x00000000e3600000| Untracked 
|  55|0x00000000e3700000, 0x00000000e3700000, 0x00000000e3800000|  0%| F|  |TAMS 0x00000000e3700000, 0x00000000e3700000| Untracked 
|  56|0x00000000e3800000, 0x00000000e3800000, 0x00000000e3900000|  0%| F|  |TAMS 0x00000000e3800000, 0x00000000e3800000| Untracked 
|  57|0x00000000e3900000, 0x00000000e3900000, 0x00000000e3a00000|  0%| F|  |TAMS 0x00000000e3900000, 0x00000000e3900000| Untracked 
|  58|0x00000000e3a00000, 0x00000000e3a00000, 0x00000000e3b00000|  0%| F|  |TAMS 0x00000000e3a00000, 0x00000000e3a00000| Untracked 
|  59|0x00000000e3b00000, 0x00000000e3b00000, 0x00000000e3c00000|  0%| F|  |TAMS 0x00000000e3b00000, 0x00000000e3b00000| Untracked 
|  60|0x00000000e3c00000, 0x00000000e3c00000, 0x00000000e3d00000|  0%| F|  |TAMS 0x00000000e3c00000, 0x00000000e3c00000| Untracked 
|  61|0x00000000e3d00000, 0x00000000e3d00000, 0x00000000e3e00000|  0%| F|  |TAMS 0x00000000e3d00000, 0x00000000e3d00000| Untracked 
|  62|0x00000000e3e00000, 0x00000000e3e00000, 0x00000000e3f00000|  0%| F|  |TAMS 0x00000000e3e00000, 0x00000000e3e00000| Untracked 
|  63|0x00000000e3f00000, 0x00000000e3f00000, 0x00000000e4000000|  0%| F|  |TAMS 0x00000000e3f00000, 0x00000000e3f00000| Untracked 
|  64|0x00000000e4000000, 0x00000000e4080800, 0x00000000e4100000| 50%| E|  |TAMS 0x00000000e4000000, 0x00000000e4000000| Complete 
|  65|0x00000000e4100000, 0x00000000e4200000, 0x00000000e4200000|100%| E|CS|TAMS 0x00000000e4100000, 0x00000000e4100000| Complete 
|  66|0x00000000e4200000, 0x00000000e4300000, 0x00000000e4300000|100%| E|CS|TAMS 0x00000000e4200000, 0x00000000e4200000| Complete 
|  67|0x00000000e4300000, 0x00000000e4400000, 0x00000000e4400000|100%| E|CS|TAMS 0x00000000e4300000, 0x00000000e4300000| Complete 
|  68|0x00000000e4400000, 0x00000000e4500000, 0x00000000e4500000|100%| E|CS|TAMS 0x00000000e4400000, 0x00000000e4400000| Complete 
|  69|0x00000000e4500000, 0x00000000e4600000, 0x00000000e4600000|100%| E|CS|TAMS 0x00000000e4500000, 0x00000000e4500000| Complete 
|  70|0x00000000e4600000, 0x00000000e4700000, 0x00000000e4700000|100%| E|CS|TAMS 0x00000000e4600000, 0x00000000e4600000| Complete 
| 500|0x00000000ff400000, 0x00000000ff500000, 0x00000000ff500000|100%| E|CS|TAMS 0x00000000ff400000, 0x00000000ff400000| Complete 
| 501|0x00000000ff500000, 0x00000000ff600000, 0x00000000ff600000|100%| E|CS|TAMS 0x00000000ff500000, 0x00000000ff500000| Complete 
| 502|0x00000000ff600000, 0x00000000ff700000, 0x00000000ff700000|100%| E|CS|TAMS 0x00000000ff600000, 0x00000000ff600000| Complete 
| 503|0x00000000ff700000, 0x00000000ff800000, 0x00000000ff800000|100%| E|CS|TAMS 0x00000000ff700000, 0x00000000ff700000| Complete 
| 504|0x00000000ff800000, 0x00000000ff900000, 0x00000000ff900000|100%| E|CS|TAMS 0x00000000ff800000, 0x00000000ff800000| Complete 
| 511|0x00000000fff00000, 0x0000000100000000, 0x0000000100000000|100%| E|CS|TAMS 0x00000000fff00000, 0x00000000fff00000| Complete 

Card table byte_map: [0x0000021c97940000,0x0000021c97a40000] _byte_map_base: 0x0000021c97240000

Marking Bits (Prev, Next): (CMBitMap*) 0x0000021c80cf7e30, (CMBitMap*) 0x0000021c80cf7df0
 Prev Bits: [0x0000021c98340000, 0x0000021c98b40000)
 Next Bits: [0x0000021c97b40000, 0x0000021c98340000)

Polling page: 0x0000021c80010000

Metaspace:

Usage:
  Non-class:     59.67 MB used.
      Class:      9.44 MB used.
       Both:     69.11 MB used.

Virtual space:
  Non-class space:       64.00 MB reserved,      59.94 MB ( 94%) committed,  1 nodes.
      Class space:        1.00 GB reserved,       9.75 MB ( <1%) committed,  1 nodes.
             Both:        1.06 GB reserved,      69.69 MB (  6%) committed. 

Chunk freelists:
   Non-Class:  3.69 MB
       Class:  6.14 MB
        Both:  9.83 MB

MaxMetaspaceSize: unlimited
CompressedClassSpaceSize: 1.00 GB
Initial GC threshold: 21.00 MB
Current GC threshold: 113.38 MB
CDS: on
MetaspaceReclaimPolicy: balanced
 - commit_granule_bytes: 65536.
 - commit_granule_words: 8192.
 - virtual_space_node_default_size: 8388608.
 - enlarge_chunks_in_place: 1.
 - new_chunks_are_fully_committed: 0.
 - uncommit_free_chunks: 1.
 - use_allocation_guard: 0.
 - handle_deallocations: 1.


Internal statistics:

num_allocs_failed_limit: 9.
num_arena_births: 782.
num_arena_deaths: 0.
num_vsnodes_births: 2.
num_vsnodes_deaths: 0.
num_space_committed: 1115.
num_space_uncommitted: 0.
num_chunks_returned_to_freelist: 9.
num_chunks_taken_from_freelist: 3326.
num_chunk_merges: 9.
num_chunk_splits: 2381.
num_chunks_enlarged: 1849.
num_inconsistent_stats: 0.

CodeHeap 'non-profiled nmethods': size=120000Kb used=4854Kb max_used=4854Kb free=115145Kb
 bounds [0x0000021c8ffe0000, 0x0000021c904a0000, 0x0000021c97510000]
CodeHeap 'profiled nmethods': size=120000Kb used=14571Kb max_used=14571Kb free=105428Kb
 bounds [0x0000021c88510000, 0x0000021c89350000, 0x0000021c8fa40000]
CodeHeap 'non-nmethods': size=5760Kb used=1367Kb max_used=1443Kb free=4393Kb
 bounds [0x0000021c8fa40000, 0x0000021c8fcb0000, 0x0000021c8ffe0000]
 total_blobs=8184 nmethods=7481 adapters=613
 compilation: enabled
              stopped_count=0, restarted_count=0
 full_count=0

Compilation events (20 events):
Event: 8.762 Thread 0x0000021c9b66a630 8112       3       org.antlr.v4.runtime.atn.ATNState::addTransition (192 bytes)
Event: 8.763 Thread 0x0000021c9b66a630 nmethod 8112 0x0000021c892f1790 code [0x0000021c892f1ac0, 0x0000021c892f3338]
Event: 8.763 Thread 0x0000021c9b66a630 8107       1       org.antlr.v4.runtime.atn.EpsilonTransition::isEpsilon (2 bytes)
Event: 8.763 Thread 0x0000021c9b66a630 nmethod 8107 0x0000021c90490390 code [0x0000021c90490520, 0x0000021c904905f8]
Event: 8.763 Thread 0x0000021c9b66a630 8108       2       org.antlr.v4.runtime.atn.RuleTransition::<init> (22 bytes)
Event: 8.763 Thread 0x0000021c9b66a630 nmethod 8108 0x0000021c892f3910 code [0x0000021c892f3ac0, 0x0000021c892f3d68]
Event: 8.763 Thread 0x0000021c9b66a630 8101       2       org.antlr.v4.runtime.atn.EpsilonTransition::<init> (7 bytes)
Event: 8.764 Thread 0x0000021c9b66a630 nmethod 8101 0x0000021c892f3e90 code [0x0000021c892f4040, 0x0000021c892f4288]
Event: 8.764 Thread 0x0000021c9b66a630 8104       2       org.antlr.v4.runtime.atn.ATNState::addTransition (15 bytes)
Event: 8.764 Thread 0x0000021c9b66a630 nmethod 8104 0x0000021c892f4390 code [0x0000021c892f4540, 0x0000021c892f4698]
Event: 8.764 Thread 0x0000021c9b66a630 8103       2       org.antlr.v4.runtime.atn.Transition::<init> (24 bytes)
Event: 8.764 Thread 0x0000021c9b66a630 nmethod 8103 0x0000021c892f4790 code [0x0000021c892f4940, 0x0000021c892f4b68]
Event: 8.765 Thread 0x0000021c9b66a630 8114       2       org.antlr.v4.runtime.atn.ATNDeserializer::checkCondition (7 bytes)
Event: 8.765 Thread 0x0000021c9b66a630 nmethod 8114 0x0000021c892f4c90 code [0x0000021c892f4e40, 0x0000021c892f5008]
Event: 8.765 Thread 0x0000021c9b66a630 8115       2       org.antlr.v4.runtime.atn.ATNDeserializer::checkCondition (14 bytes)
Event: 8.765 Thread 0x0000021c9b66a630 nmethod 8115 0x0000021c892f5110 code [0x0000021c892f52c0, 0x0000021c892f5488]
Event: 8.765 Thread 0x0000021c9b66a630 8116       1       org.antlr.v4.runtime.atn.ATNState::onlyHasEpsilonTransitions (5 bytes)
Event: 8.765 Thread 0x0000021c9b66a630 nmethod 8116 0x0000021c90490690 code [0x0000021c90490820, 0x0000021c904908f8]
Event: 8.765 Thread 0x0000021c9b66a630 8117       3       org.antlr.v4.runtime.atn.ATNDeserializer::checkCondition (7 bytes)
Event: 8.765 Thread 0x0000021c9b66a630 nmethod 8117 0x0000021c892f5590 code [0x0000021c892f5740, 0x0000021c892f59a8]

GC Heap History (20 events):
Event: 6.466 GC heap before
{Heap before GC invocations=14 (full 0):
 garbage-first heap   total 65536K, used 50571K [0x00000000e0000000, 0x0000000100000000)
  region size 1024K, 24 young (24576K), 3 survivors (3072K)
 Metaspace       used 54817K, committed 55296K, reserved 1114112K
  class space    used 7220K, committed 7424K, reserved 1048576K
}
Event: 6.469 GC heap after
{Heap after GC invocations=15 (full 0):
 garbage-first heap   total 65536K, used 30159K [0x00000000e0000000, 0x0000000100000000)
  region size 1024K, 3 young (3072K), 3 survivors (3072K)
 Metaspace       used 54817K, committed 55296K, reserved 1114112K
  class space    used 7220K, committed 7424K, reserved 1048576K
}
Event: 6.881 GC heap before
{Heap before GC invocations=15 (full 0):
 garbage-first heap   total 65536K, used 48591K [0x00000000e0000000, 0x0000000100000000)
  region size 1024K, 22 young (22528K), 3 survivors (3072K)
 Metaspace       used 60030K, committed 60480K, reserved 1114112K
  class space    used 8092K, committed 8320K, reserved 1048576K
}
Event: 6.884 GC heap after
{Heap after GC invocations=16 (full 0):
 garbage-first heap   total 65536K, used 30986K [0x00000000e0000000, 0x0000000100000000)
  region size 1024K, 2 young (2048K), 2 survivors (2048K)
 Metaspace       used 60030K, committed 60480K, reserved 1114112K
  class space    used 8092K, committed 8320K, reserved 1048576K
}
Event: 7.197 GC heap before
{Heap before GC invocations=17 (full 0):
 garbage-first heap   total 65536K, used 52490K [0x00000000e0000000, 0x0000000100000000)
  region size 1024K, 23 young (23552K), 2 survivors (2048K)
 Metaspace       used 61656K, committed 62144K, reserved 1114112K
  class space    used 8383K, committed 8640K, reserved 1048576K
}
Event: 7.200 GC heap after
{Heap after GC invocations=18 (full 0):
 garbage-first heap   total 65536K, used 31554K [0x00000000e0000000, 0x0000000100000000)
  region size 1024K, 2 young (2048K), 2 survivors (2048K)
 Metaspace       used 61656K, committed 62144K, reserved 1114112K
  class space    used 8383K, committed 8640K, reserved 1048576K
}
Event: 7.582 GC heap before
{Heap before GC invocations=18 (full 0):
 garbage-first heap   total 65536K, used 51010K [0x00000000e0000000, 0x0000000100000000)
  region size 1024K, 22 young (22528K), 2 survivors (2048K)
 Metaspace       used 64632K, committed 65152K, reserved 1114112K
  class space    used 8835K, committed 9088K, reserved 1048576K
}
Event: 7.584 GC heap after
{Heap after GC invocations=19 (full 0):
 garbage-first heap   total 65536K, used 32241K [0x00000000e0000000, 0x0000000100000000)
  region size 1024K, 2 young (2048K), 2 survivors (2048K)
 Metaspace       used 64632K, committed 65152K, reserved 1114112K
  class space    used 8835K, committed 9088K, reserved 1048576K
}
Event: 7.897 GC heap before
{Heap before GC invocations=20 (full 0):
 garbage-first heap   total 65536K, used 52721K [0x00000000e0000000, 0x0000000100000000)
  region size 1024K, 22 young (22528K), 2 survivors (2048K)
 Metaspace       used 65529K, committed 66048K, reserved 1114112K
  class space    used 8948K, committed 9216K, reserved 1048576K
}
Event: 7.901 GC heap after
{Heap after GC invocations=21 (full 0):
 garbage-first heap   total 65536K, used 33461K [0x00000000e0000000, 0x0000000100000000)
  region size 1024K, 3 young (3072K), 3 survivors (3072K)
 Metaspace       used 65529K, committed 66048K, reserved 1114112K
  class space    used 8948K, committed 9216K, reserved 1048576K
}
Event: 8.059 GC heap before
{Heap before GC invocations=21 (full 0):
 garbage-first heap   total 65536K, used 52917K [0x00000000e0000000, 0x0000000100000000)
  region size 1024K, 22 young (22528K), 3 survivors (3072K)
 Metaspace       used 65936K, committed 66496K, reserved 1114112K
  class space    used 8974K, committed 9216K, reserved 1048576K
}
Event: 8.061 GC heap after
{Heap after GC invocations=22 (full 0):
 garbage-first heap   total 65536K, used 34412K [0x00000000e0000000, 0x0000000100000000)
  region size 1024K, 3 young (3072K), 3 survivors (3072K)
 Metaspace       used 65936K, committed 66496K, reserved 1114112K
  class space    used 8974K, committed 9216K, reserved 1048576K
}
Event: 8.243 GC heap before
{Heap before GC invocations=23 (full 0):
 garbage-first heap   total 65536K, used 51820K [0x00000000e0000000, 0x0000000100000000)
  region size 1024K, 20 young (20480K), 3 survivors (3072K)
 Metaspace       used 66158K, committed 66752K, reserved 1114112K
  class space    used 8991K, committed 9280K, reserved 1048576K
}
Event: 8.245 GC heap after
{Heap after GC invocations=24 (full 0):
 garbage-first heap   total 65536K, used 35853K [0x00000000e0000000, 0x0000000100000000)
  region size 1024K, 3 young (3072K), 3 survivors (3072K)
 Metaspace       used 66158K, committed 66752K, reserved 1114112K
  class space    used 8991K, committed 9280K, reserved 1048576K
}
Event: 8.323 GC heap before
{Heap before GC invocations=24 (full 0):
 garbage-first heap   total 65536K, used 52237K [0x00000000e0000000, 0x0000000100000000)
  region size 1024K, 19 young (19456K), 3 survivors (3072K)
 Metaspace       used 66612K, committed 67136K, reserved 1114112K
  class space    used 9015K, committed 9280K, reserved 1048576K
}
Event: 8.325 GC heap after
{Heap after GC invocations=25 (full 0):
 garbage-first heap   total 65536K, used 36569K [0x00000000e0000000, 0x0000000100000000)
  region size 1024K, 3 young (3072K), 3 survivors (3072K)
 Metaspace       used 66612K, committed 67136K, reserved 1114112K
  class space    used 9015K, committed 9280K, reserved 1048576K
}
Event: 8.386 GC heap before
{Heap before GC invocations=26 (full 0):
 garbage-first heap   total 78848K, used 51929K [0x00000000e0000000, 0x0000000100000000)
  region size 1024K, 18 young (18432K), 3 survivors (3072K)
 Metaspace       used 66631K, committed 67200K, reserved 1114112K
  class space    used 9015K, committed 9280K, reserved 1048576K
}
Event: 8.388 GC heap after
{Heap after GC invocations=27 (full 0):
 garbage-first heap   total 78848K, used 36839K [0x00000000e0000000, 0x0000000100000000)
  region size 1024K, 2 young (2048K), 2 survivors (2048K)
 Metaspace       used 66631K, committed 67200K, reserved 1114112K
  class space    used 9015K, committed 9280K, reserved 1048576K
}
Event: 8.683 GC heap before
{Heap before GC invocations=27 (full 0):
 garbage-first heap   total 78848K, used 62439K [0x00000000e0000000, 0x0000000100000000)
  region size 1024K, 28 young (28672K), 2 survivors (2048K)
 Metaspace       used 68754K, committed 69312K, reserved 1114112K
  class space    used 9315K, committed 9600K, reserved 1048576K
}
Event: 8.685 GC heap after
{Heap after GC invocations=28 (full 0):
 garbage-first heap   total 78848K, used 37392K [0x00000000e0000000, 0x0000000100000000)
  region size 1024K, 2 young (2048K), 2 survivors (2048K)
 Metaspace       used 68754K, committed 69312K, reserved 1114112K
  class space    used 9315K, committed 9600K, reserved 1048576K
}

Deoptimization events (20 events):
Event: 8.687 Thread 0x0000021cfe5cc660 Uncommon trap: trap_request=0xffffff45 fr.pc=0x0000021c9046f208 relative=0x0000000000001f08
Event: 8.687 Thread 0x0000021cfe5cc660 Uncommon trap: reason=unstable_if action=reinterpret pc=0x0000021c9046f208 method=java.util.regex.Pattern.group0()Ljava/util/regex/Pattern$Node; @ 45 c2
Event: 8.687 Thread 0x0000021cfe5cc660 DEOPT PACKING pc=0x0000021c9046f208 sp=0x000000ef573f82f0
Event: 8.687 Thread 0x0000021cfe5cc660 DEOPT UNPACKING pc=0x0000021c8fa923a3 sp=0x000000ef573f8260 mode 2
Event: 8.690 Thread 0x0000021cfe5cc660 Uncommon trap: trap_request=0xffffff45 fr.pc=0x0000021c9043dd28 relative=0x0000000000000b48
Event: 8.690 Thread 0x0000021cfe5cc660 Uncommon trap: reason=unstable_if action=reinterpret pc=0x0000021c9043dd28 method=java.util.regex.Pattern.sequence(Ljava/util/regex/Pattern$Node;)Ljava/util/regex/Pattern$Node; @ 471 c2
Event: 8.690 Thread 0x0000021cfe5cc660 DEOPT PACKING pc=0x0000021c9043dd28 sp=0x000000ef573f76f0
Event: 8.690 Thread 0x0000021cfe5cc660 DEOPT UNPACKING pc=0x0000021c8fa923a3 sp=0x000000ef573f76a0 mode 2
Event: 8.692 Thread 0x0000021cfe5cc660 Uncommon trap: trap_request=0xffffff45 fr.pc=0x0000021c90452f6c relative=0x000000000000142c
Event: 8.692 Thread 0x0000021cfe5cc660 Uncommon trap: reason=unstable_if action=reinterpret pc=0x0000021c90452f6c method=java.util.regex.Pattern.atom()Ljava/util/regex/Pattern$Node; @ 14 c2
Event: 8.692 Thread 0x0000021cfe5cc660 DEOPT PACKING pc=0x0000021c90452f6c sp=0x000000ef573f8400
Event: 8.692 Thread 0x0000021cfe5cc660 DEOPT UNPACKING pc=0x0000021c8fa923a3 sp=0x000000ef573f83c0 mode 2
Event: 8.692 Thread 0x0000021cfe5cc660 Uncommon trap: trap_request=0xffffff45 fr.pc=0x0000021c9005ead8 relative=0x0000000000000778
Event: 8.692 Thread 0x0000021cfe5cc660 Uncommon trap: reason=unstable_if action=reinterpret pc=0x0000021c9005ead8 method=java.util.regex.Pattern$Start.match(Ljava/util/regex/Matcher;ILjava/lang/CharSequence;)Z @ 10 c2
Event: 8.692 Thread 0x0000021cfe5cc660 DEOPT PACKING pc=0x0000021c9005ead8 sp=0x000000ef573f9020
Event: 8.692 Thread 0x0000021cfe5cc660 DEOPT UNPACKING pc=0x0000021c8fa923a3 sp=0x000000ef573f9030 mode 2
Event: 8.762 Thread 0x0000021cfe5cc660 DEOPT PACKING pc=0x0000021c892ee1ee sp=0x000000ef573f85a0
Event: 8.762 Thread 0x0000021cfe5cc660 DEOPT UNPACKING pc=0x0000021c8fa92b43 sp=0x000000ef573f7ad0 mode 0
Event: 8.763 Thread 0x0000021cfe5cc660 DEOPT PACKING pc=0x0000021c892ee1ee sp=0x000000ef573f85a0
Event: 8.763 Thread 0x0000021cfe5cc660 DEOPT UNPACKING pc=0x0000021c8fa92b43 sp=0x000000ef573f7ad0 mode 0

Classes unloaded (0 events):
No events

Classes redefined (0 events):
No events

Internal exceptions (20 events):
Event: 7.843 Thread 0x0000021cfe5cc660 Exception <a 'sun/nio/fs/WindowsException'{0x00000000e2ea2110}> (0x00000000e2ea2110) 
thrown [s\open\src\hotspot\share\prims\jni.cpp, line 516]
Event: 7.875 Thread 0x0000021cfe5cc660 Exception <a 'java/lang/reflect/InvocationTargetException'{0x00000000e2c299e0}> (0x00000000e2c299e0) 
thrown [s\open\src\hotspot\share\runtime\reflection.cpp, line 1121]
Event: 7.881 Thread 0x0000021ce3e5b530 Exception <a 'java/lang/reflect/InvocationTargetException'{0x00000000e2de0418}> (0x00000000e2de0418) 
thrown [s\open\src\hotspot\share\runtime\reflection.cpp, line 1121]
Event: 7.927 Thread 0x0000021ce3e5b530 Exception <a 'java/lang/reflect/InvocationTargetException'{0x00000000fff11a08}> (0x00000000fff11a08) 
thrown [s\open\src\hotspot\share\runtime\reflection.cpp, line 1121]
Event: 7.971 Thread 0x0000021ce3e5b530 Exception <a 'java/lang/reflect/InvocationTargetException'{0x00000000ff7f1028}> (0x00000000ff7f1028) 
thrown [s\open\src\hotspot\share\runtime\reflection.cpp, line 1121]
Event: 8.014 Thread 0x0000021ce3e5b530 Exception <a 'java/lang/reflect/InvocationTargetException'{0x00000000e369aad0}> (0x00000000e369aad0) 
thrown [s\open\src\hotspot\share\runtime\reflection.cpp, line 1121]
Event: 8.057 Thread 0x0000021ce3e5b530 Exception <a 'java/lang/reflect/InvocationTargetException'{0x00000000e2d64c18}> (0x00000000e2d64c18) 
thrown [s\open\src\hotspot\share\runtime\reflection.cpp, line 1121]
Event: 8.069 Thread 0x0000021cfe5cc660 Exception <a 'sun/nio/fs/WindowsException'{0x00000000fff699c8}> (0x00000000fff699c8) 
thrown [s\open\src\hotspot\share\prims\jni.cpp, line 516]
Event: 8.101 Thread 0x0000021ce3e5b530 Exception <a 'java/lang/reflect/InvocationTargetException'{0x00000000ff8abb20}> (0x00000000ff8abb20) 
thrown [s\open\src\hotspot\share\runtime\reflection.cpp, line 1121]
Event: 8.105 Thread 0x0000021cfe5cc660 Exception <a 'java/lang/reflect/InvocationTargetException'{0x00000000ff8bbf88}> (0x00000000ff8bbf88) 
thrown [s\open\src\hotspot\share\runtime\reflection.cpp, line 1121]
Event: 8.142 Thread 0x0000021ce3e5b530 Exception <a 'java/lang/reflect/InvocationTargetException'{0x00000000ff72d450}> (0x00000000ff72d450) 
thrown [s\open\src\hotspot\share\runtime\reflection.cpp, line 1121]
Event: 8.183 Thread 0x0000021ce3e5b530 Exception <a 'java/lang/reflect/InvocationTargetException'{0x00000000e395bb90}> (0x00000000e395bb90) 
thrown [s\open\src\hotspot\share\runtime\reflection.cpp, line 1121]
Event: 8.231 Thread 0x0000021ce3e58cb0 Exception <a 'java/lang/reflect/InvocationTargetException'{0x00000000e33aaeb0}> (0x00000000e33aaeb0) 
thrown [s\open\src\hotspot\share\runtime\reflection.cpp, line 1121]
Event: 8.257 Thread 0x0000021ce3e58cb0 Exception <a 'java/lang/reflect/InvocationTargetException'{0x00000000fff04050}> (0x00000000fff04050) 
thrown [s\open\src\hotspot\share\runtime\reflection.cpp, line 1121]
Event: 8.281 Thread 0x0000021ce3e58cb0 Exception <a 'java/lang/reflect/InvocationTargetException'{0x00000000ff551e10}> (0x00000000ff551e10) 
thrown [s\open\src\hotspot\share\runtime\reflection.cpp, line 1121]
Event: 8.292 Thread 0x0000021cfe5cc660 Exception <a 'java/lang/IncompatibleClassChangeError'{0x00000000ff453870}: Found class java.lang.Object, but interface was expected> (0x00000000ff453870) 
thrown [s\open\src\hotspot\share\interpreter\linkResolver.cpp, line 826]
Event: 8.413 Thread 0x0000021cfe5cc660 Exception <a 'java/lang/IncompatibleClassChangeError'{0x00000000e46719b8}: Found class java.lang.Object, but interface was expected> (0x00000000e46719b8) 
thrown [s\open\src\hotspot\share\interpreter\linkResolver.cpp, line 826]
Event: 8.468 Thread 0x0000021cfe5cc660 Exception <a 'java/lang/IncompatibleClassChangeError'{0x00000000e3d5dff8}: Found class java.lang.Object, but interface was expected> (0x00000000e3d5dff8) 
thrown [s\open\src\hotspot\share\interpreter\linkResolver.cpp, line 826]
Event: 8.617 Thread 0x0000021cfe5cc660 Exception <a 'java/lang/IncompatibleClassChangeError'{0x00000000e37e1b28}: Found class java.lang.Object, but interface was expected> (0x00000000e37e1b28) 
thrown [s\open\src\hotspot\share\interpreter\linkResolver.cpp, line 826]
Event: 8.624 Thread 0x0000021cfe5cc660 Exception <a 'java/lang/NoSuchMethodError'{0x00000000e362b278}: 'void java.lang.invoke.DirectMethodHandle$Holder.invokeSpecial(java.lang.Object, java.lang.Object, java.lang.Object, java.lang.Object, java.lang.Object, java.lang.Object, java.lang.Object)'> (0x00000000e362b278) 
thrown [s\open\src\hotspot\share\interpreter\linkResolver.cpp, line 759]

VM Operations (20 events):
Event: 8.323 Executing VM operation: G1CollectForAllocation
Event: 8.325 Executing VM operation: G1CollectForAllocation done
Event: 8.356 Executing VM operation: G1Concurrent
Event: 8.358 Executing VM operation: G1Concurrent done
Event: 8.372 Executing VM operation: G1Concurrent
Event: 8.372 Executing VM operation: G1Concurrent done
Event: 8.386 Executing VM operation: G1CollectForAllocation
Event: 8.388 Executing VM operation: G1CollectForAllocation done
Event: 8.576 Executing VM operation: HandshakeAllThreads
Event: 8.576 Executing VM operation: HandshakeAllThreads done
Event: 8.647 Executing VM operation: HandshakeAllThreads
Event: 8.647 Executing VM operation: HandshakeAllThreads done
Event: 8.683 Executing VM operation: G1CollectForAllocation
Event: 8.685 Executing VM operation: G1CollectForAllocation done
Event: 8.719 Executing VM operation: G1Concurrent
Event: 8.723 Executing VM operation: G1Concurrent done
Event: 8.736 Executing VM operation: G1Concurrent
Event: 8.736 Executing VM operation: G1Concurrent done
Event: 8.760 Executing VM operation: HandshakeAllThreads
Event: 8.760 Executing VM operation: HandshakeAllThreads done

Events (20 events):
Event: 8.291 loading class java/util/concurrent/ConcurrentHashMap$TreeNode
Event: 8.292 loading class java/util/concurrent/ConcurrentHashMap$TreeNode done
Event: 8.292 loading class java/util/concurrent/ConcurrentHashMap$TreeBin
Event: 8.292 loading class java/util/concurrent/ConcurrentHashMap$TreeBin done
Event: 8.622 loading class java/lang/Package$1PackageInfoProxy
Event: 8.622 loading class java/lang/Package$1PackageInfoProxy done
Event: 8.661 loading class java/util/stream/ReduceOps$5
Event: 8.661 loading class java/util/stream/ReduceOps$5 done
Event: 8.661 loading class java/util/stream/ReduceOps$CountingSink$OfRef
Event: 8.661 loading class java/util/stream/ReduceOps$CountingSink
Event: 8.661 loading class java/util/stream/ReduceOps$CountingSink done
Event: 8.661 loading class java/util/stream/ReduceOps$CountingSink$OfRef done
Event: 8.690 loading class java/util/regex/Pattern$Bound
Event: 8.690 loading class java/util/regex/Pattern$Bound done
Event: 8.691 loading class java/util/regex/Pattern$Behind
Event: 8.691 loading class java/util/regex/Pattern$Behind done
Event: 8.731 loading class java/util/EmptyStackException
Event: 8.731 loading class java/util/EmptyStackException done
Event: 8.740 loading class java/io/InvalidClassException
Event: 8.740 loading class java/io/InvalidClassException done


Dynamic libraries:
0x00007ff773630000 - 0x00007ff773640000 	C:\Program Files\Java\jdk-17\bin\java.exe
0x00007ffb8e160000 - 0x00007ffb8e34e000 	C:\Windows\SYSTEM32\ntdll.dll
0x00007ffb8db90000 - 0x00007ffb8dc43000 	C:\Windows\System32\KERNEL32.DLL
0x00007ffb8ab50000 - 0x00007ffb8aded000 	C:\Windows\System32\KERNELBASE.dll
0x00007ffb8b280000 - 0x00007ffb8b37a000 	C:\Windows\System32\ucrtbase.dll
0x00007ffb85780000 - 0x00007ffb85799000 	C:\Program Files\Java\jdk-17\bin\jli.dll
0x00007ffb857b0000 - 0x00007ffb857cb000 	C:\Program Files\Java\jdk-17\bin\VCRUNTIME140.dll
0x00007ffb8b6b0000 - 0x00007ffb8b758000 	C:\Windows\System32\ADVAPI32.dll
0x00007ffb8c1a0000 - 0x00007ffb8c23e000 	C:\Windows\System32\msvcrt.dll
0x00007ffb8c500000 - 0x00007ffb8c5a2000 	C:\Windows\System32\sechost.dll
0x00007ffb8e010000 - 0x00007ffb8e12e000 	C:\Windows\System32\RPCRT4.dll
0x00007ffb8ae50000 - 0x00007ffb8ae76000 	C:\Windows\System32\bcrypt.dll
0x00007ffb8b870000 - 0x00007ffb8ba07000 	C:\Windows\System32\USER32.dll
0x00007ffb8ab30000 - 0x00007ffb8ab50000 	C:\Windows\System32\win32u.dll
0x00007ffb8dab0000 - 0x00007ffb8dad9000 	C:\Windows\System32\GDI32.dll
0x00007ffb8ae80000 - 0x00007ffb8b02a000 	C:\Windows\System32\gdi32full.dll
0x00007ffb8aa90000 - 0x00007ffb8ab30000 	C:\Windows\System32\msvcp_win.dll
0x00007ffb77e90000 - 0x00007ffb78109000 	C:\Windows\WinSxS\amd64_microsoft.windows.common-controls_6595b64144ccf1df_6.0.17763.5329_none_de6f1d32534d4c59\COMCTL32.dll
0x00007ffb8b380000 - 0x00007ffb8b6ab000 	C:\Windows\System32\combase.dll
0x00007ffb8a1e0000 - 0x00007ffb8a262000 	C:\Windows\System32\bcryptPrimitives.dll
0x00007ffb89eb0000 - 0x00007ffb89eba000 	C:\Windows\SYSTEM32\VERSION.dll
0x00007ffb8c4d0000 - 0x00007ffb8c4fe000 	C:\Windows\System32\IMM32.DLL
0x0000000077a70000 - 0x0000000077a7d000 	C:\Program Files (x86)\360\360Safe\safemon\SafeWrapper.dll
0x00007ffb74bb0000 - 0x00007ffb74c5c000 	C:\Program Files (x86)\360\360Safe\safemon\libzdtp64.dll
0x00007ffb8c5b0000 - 0x00007ffb8daa8000 	C:\Windows\System32\SHELL32.dll
0x00007ffb8b030000 - 0x00007ffb8b07a000 	C:\Windows\System32\cfgmgr32.dll
0x00007ffb8b760000 - 0x00007ffb8b807000 	C:\Windows\System32\shcore.dll
0x00007ffb8a290000 - 0x00007ffb8a9d7000 	C:\Windows\System32\windows.storage.dll
0x00007ffb8a150000 - 0x00007ffb8a173000 	C:\Windows\System32\profapi.dll
0x00007ffb8a180000 - 0x00007ffb8a1dd000 	C:\Windows\System32\powrprof.dll
0x00007ffb8bfd0000 - 0x00007ffb8c022000 	C:\Windows\System32\shlwapi.dll
0x00007ffb8a110000 - 0x00007ffb8a121000 	C:\Windows\System32\kernel.appcore.dll
0x00007ffb8a270000 - 0x00007ffb8a28b000 	C:\Windows\System32\cryptsp.dll
0x00007ffb85ee0000 - 0x00007ffb85eec000 	C:\Program Files\Java\jdk-17\bin\vcruntime140_1.dll
0x00007ffb5ad40000 - 0x00007ffb5adce000 	C:\Program Files\Java\jdk-17\bin\msvcp140.dll
0x00007ffb23b30000 - 0x00007ffb24711000 	C:\Program Files\Java\jdk-17\bin\server\jvm.dll
0x00007ffb8ba10000 - 0x00007ffb8ba18000 	C:\Windows\System32\PSAPI.DLL
0x00007ffb83f70000 - 0x00007ffb83f79000 	C:\Windows\SYSTEM32\WSOCK32.dll
0x00007ffb878c0000 - 0x00007ffb878e4000 	C:\Windows\SYSTEM32\WINMM.dll
0x00007ffb8c240000 - 0x00007ffb8c2ad000 	C:\Windows\System32\WS2_32.dll
0x00007ffb877a0000 - 0x00007ffb877cd000 	C:\Windows\SYSTEM32\winmmbase.dll
0x00007ffb80f90000 - 0x00007ffb80f9a000 	C:\Program Files\Java\jdk-17\bin\jimage.dll
0x00007ffb89960000 - 0x00007ffb89b4d000 	C:\Windows\SYSTEM32\DBGHELP.DLL
0x00007ffb89930000 - 0x00007ffb8995a000 	C:\Windows\SYSTEM32\dbgcore.DLL
0x00007ffb74760000 - 0x00007ffb74785000 	C:\Program Files\Java\jdk-17\bin\java.dll
0x00007ffb405c0000 - 0x00007ffb40697000 	C:\Program Files\Java\jdk-17\bin\jsvml.dll
0x00007ffb79370000 - 0x00007ffb79389000 	C:\Program Files\Java\jdk-17\bin\net.dll
0x00007ffb7f120000 - 0x00007ffb7f21d000 	C:\Windows\SYSTEM32\WINHTTP.dll
0x00007ffb893b0000 - 0x00007ffb89417000 	C:\Windows\system32\mswsock.dll
0x00007ffb79070000 - 0x00007ffb79086000 	C:\Program Files\Java\jdk-17\bin\nio.dll
0x00007ffb72dd0000 - 0x00007ffb72de8000 	C:\Program Files\Java\jdk-17\bin\zip.dll
0x00007ffb70af0000 - 0x00007ffb70b00000 	C:\Program Files\Java\jdk-17\bin\verify.dll
0x00007ffb70760000 - 0x00007ffb7076e000 	C:\Program Files\Java\jdk-17\bin\sunmscapi.dll
0x00007ffb8b080000 - 0x00007ffb8b27e000 	C:\Windows\System32\CRYPT32.dll
0x00007ffb8a130000 - 0x00007ffb8a142000 	C:\Windows\System32\MSASN1.dll
0x00007ffb89780000 - 0x00007ffb897ac000 	C:\Windows\SYSTEM32\ncrypt.dll
0x00007ffb89740000 - 0x00007ffb8977c000 	C:\Windows\SYSTEM32\NTASN1.dll
0x00007ffb6e030000 - 0x00007ffb6e037000 	C:\Windows\system32\wshunix.dll
0x00007ffb88f90000 - 0x00007ffb88fc3000 	C:\Windows\system32\rsaenh.dll
0x00007ffb8a040000 - 0x00007ffb8a069000 	C:\Windows\SYSTEM32\USERENV.dll
0x00007ffb89580000 - 0x00007ffb8958c000 	C:\Windows\SYSTEM32\CRYPTBASE.dll
0x00007ffb895f0000 - 0x00007ffb8962d000 	C:\Windows\SYSTEM32\IPHLPAPI.DLL
0x00007ffb8c190000 - 0x00007ffb8c198000 	C:\Windows\System32\NSI.dll
0x00007ffb83b90000 - 0x00007ffb83ba6000 	C:\Windows\SYSTEM32\dhcpcsvc6.DLL
0x00007ffb83a50000 - 0x00007ffb83a6c000 	C:\Windows\SYSTEM32\dhcpcsvc.DLL
0x00007ffb89120000 - 0x00007ffb891e6000 	C:\Windows\SYSTEM32\DNSAPI.dll
0x00007ffb84e90000 - 0x00007ffb84ea6000 	C:\Windows\system32\napinsp.dll
0x00007ffb85030000 - 0x00007ffb8504a000 	C:\Windows\system32\pnrpnsp.dll
0x00007ffb85050000 - 0x00007ffb8505e000 	C:\Windows\System32\winrnr.dll
0x00007ffb85ec0000 - 0x00007ffb85edb000 	C:\Windows\system32\NLAapi.dll
0x00007ffb80be0000 - 0x00007ffb80bf5000 	C:\Windows\system32\wshbth.dll
0x00007ffb7e950000 - 0x00007ffb7e95a000 	C:\Windows\System32\rasadhlp.dll
0x00007ffb7e960000 - 0x00007ffb7e9d9000 	C:\Windows\System32\fwpuclnt.dll

dbghelp: loaded successfully - version: 4.0.5 - missing functions: none
symbol engine: initialized successfully - sym options: 0x614 - pdb path: .;C:\Program Files\Java\jdk-17\bin;C:\Windows\SYSTEM32;C:\Windows\WinSxS\amd64_microsoft.windows.common-controls_6595b64144ccf1df_6.0.17763.5329_none_de6f1d32534d4c59;C:\Program Files (x86)\360\360Safe\safemon;C:\Program Files\Java\jdk-17\bin\server

VM Arguments:
jvm_args: -Dorg.gradle.internal.worker.tmpdir=K:\mywork\springjwtstudy\sqdsback\build\tmp\test\work -Dorg.gradle.native=false -Xmx512m -Dfile.encoding=GBK -Duser.country=CN -Duser.language=zh -Duser.variant -ea 
java_command: worker.org.gradle.process.internal.worker.GradleWorkerMain 'Gradle Test Executor 2'
java_class_path (initial): C:\\Users\\SXRBS\\.gradle\\caches\\8.5\\workerMain\\gradle-worker.jar;K:\\mywork\\springjwtstudy\\sqdsback\\build\\classes\\java\\test;K:\\mywork\\springjwtstudy\\sqdsback\\build\\classes\\java\\main;K:\\mywork\\springjwtstudy\\sqdsback\\build\\resources\\main;C:\\Users\\SXRBS\\.gradle\\caches\\modules-2\\files-2.1\\org.springframework.boot\\spring-boot-starter-data-redis\\3.2.0\\59a9a4674277151840f7c8711c3c254cdb7d949d\\spring-boot-starter-data-redis-3.2.0.jar;C:\\Users\\SXRBS\\.gradle\\caches\\modules-2\\files-2.1\\com.squareup.okhttp3\\okhttp\\4.12.0\\2f4525d4a200e97e1b87449c2cd9bd2e25b7e8cd\\okhttp-4.12.0.jar;C:\\Users\\SXRBS\\.gradle\\caches\\modules-2\\files-2.1\\org.json\\json\\20220320\\6df2c050972619466f6dcef7654ef9bcc01dfd0\\json-20220320.jar;C:\\Users\\SXRBS\\.gradle\\caches\\modules-2\\files-2.1\\org.springframework.boot\\spring-boot-starter-security\\3.2.0\\c692cc94ac3b5bfa9eb47fa04afa5b570a5b24b2\\spring-boot-starter-security-3.2.0.jar;C:\\Users\\SXRBS\\.gradle\\caches\\modules-2\\files-2.1\\org.springframework.boot\\spring-boot-starter-data-jpa\\3.2.0\\6a8ad077a37f8a0cef6949dcfd91a9b2115cade\\spring-boot-starter-data-jpa-3.2.0.jar;C:\\Users\\SXRBS\\.gradle\\caches\\modules-2\\files-2.1\\org.springframework.boot\\spring-boot-starter-web\\3.2.0\\e609f839e7c2ff9c90bc75d7c05dbcbb19315319\\spring-boot-starter-web-3.2.0.jar;C:\\Users\\SXRBS\\.gradle\\caches\\modules-2\\files-2.1\\org.springframework.boot\\spring-boot-starter-cache\\3.2.0\\bcdd3dd28886f772a8d514006764479912a77f9e\\spring-boot-starter-cache-3.2.0.jar;C:\\Users\\SXRBS\\.gradle\\caches\\modules-2\\files-2.1\\org.springframework.modulith\\spring-modulith-starter-jpa\\1.1.2\\ccdf062f35f888210e6d11dbc872639c60d2bc73\\spring-modulith-starter-jpa-1.1.2.jar;C:\\Users\\SXRBS\\.gradle\\caches\\modules-2\\files-2.1\\org.springframework.modulith\\spring-modulith-starter-core\\1.1.2\\2f910ab9b3d6d5c6cacddefbc634d9f96a96dde7\\spring-modulith-starter-core-1.1.2.jar;C:\\Users\\SX
Launcher Type: SUN_STANDARD

[Global flags]
     intx CICompilerCount                          = 4                                         {product} {ergonomic}
     uint ConcGCThreads                            = 2                                         {product} {ergonomic}
     uint G1ConcRefinementThreads                  = 8                                         {product} {ergonomic}
   size_t G1HeapRegionSize                         = 1048576                                   {product} {ergonomic}
    uintx GCDrainStackTargetSize                   = 64                                        {product} {ergonomic}
   size_t InitialHeapSize                          = 536870912                                 {product} {ergonomic}
   size_t MarkStackSize                            = 4194304                                   {product} {ergonomic}
   size_t MaxHeapSize                              = 536870912                                 {product} {command line}
   size_t MaxNewSize                               = 321912832                                 {product} {ergonomic}
   size_t MinHeapDeltaBytes                        = 1048576                                   {product} {ergonomic}
   size_t MinHeapSize                              = 8388608                                   {product} {ergonomic}
    uintx NonNMethodCodeHeapSize                   = 5839372                                {pd product} {ergonomic}
    uintx NonProfiledCodeHeapSize                  = 122909434                              {pd product} {ergonomic}
    uintx ProfiledCodeHeapSize                     = 122909434                              {pd product} {ergonomic}
    uintx ReservedCodeCacheSize                    = 251658240                              {pd product} {ergonomic}
     bool SegmentedCodeCache                       = true                                      {product} {ergonomic}
   size_t SoftMaxHeapSize                          = 536870912                              {manageable} {ergonomic}
     bool UseCompressedClassPointers               = true                           {product lp64_product} {ergonomic}
     bool UseCompressedOops                        = true                           {product lp64_product} {ergonomic}
     bool UseG1GC                                  = true                                      {product} {ergonomic}
     bool UseLargePagesIndividualAllocation        = false                                  {pd product} {ergonomic}

Logging:
Log output configuration:
 #0: stdout all=warning uptime,level,tags
 #1: stderr all=off uptime,level,tags

Environment Variables:
JAVA_HOME=C:\Program Files\Java\jdk-17
PATH=C:\Program Files\Common Files\Oracle\Java\javapath;C:\Windows\system32;C:\Windows;C:\Windows\System32\Wbem;C:\Windows\System32\WindowsPowerShell\v1.0\;C:\Windows\System32\OpenSSH\;C:\Program Files\Java\jdk-17\bin;C:\Program Files\nodejs\;C:\Program Files\Redis;C:\Program Files\Microsoft SQL Server\150\Tools\Binn\;C:\Program Files\Microsoft SQL Server\Client SDK\ODBC\170\Tools\Binn\;C:\Program Files\dotnet\;C:\Program Files (x86)\Microsoft SQL Server\160\DTS\Binn\;C:\Program Files\Azure Data Studio\bin;C:\Program Files (x86)\NetSarang\Xshell 7\;C:\Program Files (x86)\NetSarang\Xftp 7\;C:\Users\SXRBS\AppData\Local\Microsoft\WindowsApps;C:\Users\SXRBS\AppData\Roaming\npm;C:\Users\SXRBS\.dotnet\tools;C:\Program Files\Azure Data Studio\bin;C:\Users\SXRBS\AppData\Local\Programs\Microsoft VS Code\bin
USERNAME=SXRBS
OS=Windows_NT
PROCESSOR_IDENTIFIER=Intel64 Family 6 Model 158 Stepping 9, GenuineIntel



---------------  S Y S T E M  ---------------

OS:
 Windows 10 , 64 bit Build 17763 (10.0.17763.4974)
OS uptime: 0 days 20:47 hours

CPU: total 8 (initial active 8) (4 cores per cpu, 2 threads per core) family 6 model 158 stepping 9 microcode 0x8e, cx8, cmov, fxsr, ht, mmx, 3dnowpref, sse, sse2, sse3, ssse3, sse4.1, sse4.2, popcnt, lzcnt, tsc, tscinvbit, avx, avx2, aes, erms, clmul, bmi1, bmi2, rtm, adx, fma, vzeroupper, clflush, clflushopt

Memory: 4k page, system-wide physical 32674M (15492M free)
TotalPageFile size 37538M (AvailPageFile size 16866M)
current process WorkingSet (physical memory assigned to process): 302M, peak: 303M
current process commit charge ("private bytes"): 343M, peak: 679M

vm_info: Java HotSpot(TM) 64-Bit Server VM (17.0.9+11-LTS-201) for windows-amd64 JRE (17.0.9+11-LTS-201), built on Oct 10 2023 23:16:06 by "mach5one" with MS VC++ 17.1 (VS2022)

END.
