#
# A fatal error has been detected by the Java Runtime Environment:
#
#  EXCEPTION_ACCESS_VIOLATION (0xc0000005) at pc=0x00007ffdb4a4cac8, pid=15468, tid=13764
#
# JRE version: OpenJDK Runtime Environment Temurin-17.0.10+7 (17.0.10+7) (build 17.0.10+7)
# Java VM: OpenJDK 64-Bit Server VM Temurin-17.0.10+7 (17.0.10+7, mixed mode, tiered, compressed oops, compressed class ptrs, parallel gc, windows-amd64)
# Problematic frame:
# V  [jvm.dll+0xcac8]
#
# No core dump will be written. Minidumps are not enabled by default on client versions of Windows
#
# If you would like to submit a bug report, please visit:
#   https://github.com/adoptium/adoptium-support/issues
#

---------------  S U M M A R Y ------------

Command Line: --add-modules=ALL-SYSTEM --add-opens=java.base/java.util=ALL-UNNAMED --add-opens=java.base/java.lang=ALL-UNNAMED --add-opens=java.base/sun.nio.fs=ALL-UNNAMED -Declipse.application=org.eclipse.jdt.ls.core.id1 -Dosgi.bundles.defaultStartLevel=4 -Declipse.product=org.eclipse.jdt.ls.core.product -Djava.import.generatesMetadataFilesAtProjectRoot=false -DDetectVMInstallationsJob.disabled=true -Dfile.encoding=utf8 -XX:+UseParallelGC -XX:GCTimeRatio=4 -XX:AdaptiveSizePolicyWeight=90 -Dsun.zip.disableMemoryMapping=true -Xmx1G -Xms100m -Xlog:disable -javaagent:c:\Users\SXRBS\.vscode\extensions\redhat.java-1.28.1-win32-x64\lombok\lombok-1.18.31.jar -XX:+HeapDumpOnOutOfMemoryError -XX:HeapDumpPath=c:\Users\SXRBS\AppData\Roaming\Code\User\workspaceStorage\c8669b37ec549c97780dae6a6d3fc7b2\redhat.java -Daether.dependencyCollector.impl=bf c:\Users\SXRBS\.vscode\extensions\redhat.java-1.28.1-win32-x64\server\plugins\org.eclipse.equinox.launcher_1.6.700.v20231214-2017.jar -configuration c:\Users\SXRBS\AppData\Roaming\Code\User\globalStorage\redhat.java\1.28.1\config_win -data c:\Users\SXRBS\AppData\Roaming\Code\User\workspaceStorage\c8669b37ec549c97780dae6a6d3fc7b2\redhat.java\jdt_ws --stdio

Host: Intel(R) Core(TM) i7-7700 CPU @ 3.60GHz, 8 cores, 31G,  Windows 10 , 64 bit Build 17763 (10.0.17763.4974)
Time: Tue Feb 27 07:39:12 2024 中国标准时间 elapsed time: 10.566892 seconds (0d 0h 0m 10s)

---------------  T H R E A D  ---------------

Current thread (0x0000023e1f6bae50):  GCTaskThread "GC Thread#6" [stack: 0x000000eab5900000,0x000000eab5a00000] [id=13764]

Stack: [0x000000eab5900000,0x000000eab5a00000],  sp=0x000000eab59ff738,  free space=1021k
Native frames: (J=compiled Java code, j=interpreted, Vv=VM code, C=native code)
V  [jvm.dll+0xcac8]


siginfo: EXCEPTION_ACCESS_VIOLATION (0xc0000005), reading address 0x00000002a0032008


Registers:
RAX=0x0000000000000001, RBX=0x6400610000006820, RCX=0x0000000000000003, RDX=0x00000000ed2b93ab
RSP=0x000000eab59ff738, RBP=0x0000000000000000, RSI=0x00000000ecad3698, RDI=0x0000023e18e8fd80
R8 =0x00000002a0032000, R9 =0x0000000000000001, R10=0x0000000000000000, R11=0x0000023e18e8fd80
R12=0x0000000000000000, R13=0x0000000000000010, R14=0x00000000ed2b93ab, R15=0x0000023e18e8fd80
RIP=0x00007ffdb4a4cac8, EFLAGS=0x0000000000010206


Register to memory mapping:

RIP=0x00007ffdb4a4cac8 jvm.dll
RAX=0x0000000000000001 is an unknown value
RBX=0x6400610000006820 is an unknown value
RCX=0x0000000000000003 is an unknown value
RDX=0x00000000ed2b93ab points into unknown readable memory: 20 68 00 00 00
RSP=0x000000eab59ff738 points into unknown readable memory: 0x00007ffdb50fa5e1 | e1 a5 0f b5 fd 7f 00 00
RBP=0x0 is NULL
RSI=0x00000000ecad3698 points into unknown readable memory: 0x00000000ed2b93ab | ab 93 2b ed 00 00 00 00
RDI=0x0000023e18e8fd80 points into unknown readable memory: 0x00007ffdb53f1db8 | b8 1d 3f b5 fd 7f 00 00
R8 =0x00000002a0032000 is an unknown value
R9 =0x0000000000000001 is an unknown value
R10=0x0 is NULL
R11=0x0000023e18e8fd80 points into unknown readable memory: 0x00007ffdb53f1db8 | b8 1d 3f b5 fd 7f 00 00
R12=0x0 is NULL
R13=0x0000000000000010 is an unknown value
R14=0x00000000ed2b93ab points into unknown readable memory: 20 68 00 00 00
R15=0x0000023e18e8fd80 points into unknown readable memory: 0x00007ffdb53f1db8 | b8 1d 3f b5 fd 7f 00 00


Top of Stack: (sp=0x000000eab59ff738)
0x000000eab59ff738:   00007ffdb50fa5e1 0000000000000000
0x000000eab59ff748:   0000000000000001 00007ffdb53f0fb0
0x000000eab59ff758:   0000023e0454a950 0000023e18e8fd80
0x000000eab59ff768:   00007ffdb50fb64f 00000000ecacd688
0x000000eab59ff778:   00007ffdb50fab0f 00000000ecacd688
0x000000eab59ff788:   0000000000001000 0000000000000010
0x000000eab59ff798:   0000000000000000 000000000000000c
0x000000eab59ff7a8:   0000000000000003 00000000ecad3698
0x000000eab59ff7b8:   0000000000000000 6400610000006820
0x000000eab59ff7c8:   00007ffdb50fb4a0 0000023e18e8fd80
0x000000eab59ff7d8:   0000000000000005 6400610000006820
0x000000eab59ff7e8:   0000000000000003 00000000c0000000
0x000000eab59ff7f8:   000000eab45ff388 0000000000000003
0x000000eab59ff808:   0000023e1f91a4f0 0000000000000005
0x000000eab59ff818:   0000000000000003 000000eab45ff3e0
0x000000eab59ff828:   0000000000000000 0000023e18e8fd80
0x000000eab59ff838:   00007ffdb50fe0b9 0000023e18e8fd80
0x000000eab59ff848:   0000023e18e8fd01 0000e90f0001f78f
0x000000eab59ff858:   000000eab45ff3e0 000000eab45ff280
0x000000eab59ff868:   00007ffdb50fe4ef 0000000000000000
0x000000eab59ff878:   000000eab59ff909 00000000ccdae119
0x000000eab59ff888:   000000eab45ff3c0 0000023e18e8fd80
0x000000eab59ff898:   0000000000000003 0000000000000008
0x000000eab59ff8a8:   000000eab45fede8 0000000300000002
0x000000eab59ff8b8:   0000023e18e8fd80 00007ffdb53f1f08
0x000000eab59ff8c8:   0000023e18e8fd80 000000eab45ff280
0x000000eab59ff8d8:   0000023e1de08c20 00000000000003d8
0x000000eab59ff8e8:   0000023e1de08c30 0000023e1de09008
0x000000eab59ff8f8:   00007ffdb53f2058 0000000000000003
0x000000eab59ff908:   0000000000000000 0000000000000000
0x000000eab59ff918:   0000000000000000 0000000000000000
0x000000eab59ff928:   00006580a66c454d 0000000000000000 

Instructions: (pc=0x00007ffdb4a4cac8)
0x00007ffdb4a4c9c8:   48 83 c4 20 5e c3 cc cc 48 8b 01 c3 cc cc cc cc
0x00007ffdb4a4c9d8:   cc cc cc cc cc cc cc cc 4c 8b 01 4c 8b c9 48 8b
0x00007ffdb4a4c9e8:   0d e3 60 b6 00 ba 44 60 08 00 e9 d9 f1 ff ff cc
0x00007ffdb4a4c9f8:   cc cc cc cc cc cc cc cc 48 89 5c 24 08 57 48 83
0x00007ffdb4a4ca08:   ec 20 48 8b 39 48 8b d9 48 85 3d 01 4a bb 00 75
0x00007ffdb4a4ca18:   0e 48 8b c7 48 8b 5c 24 30 48 83 c4 20 5f c3 48
0x00007ffdb4a4ca28:   8b cf e8 41 98 85 00 48 8b d0 48 85 c0 74 20 48
0x00007ffdb4a4ca38:   8b c7 f0 48 0f b1 13 74 16 48 85 05 d0 49 bb 00
0x00007ffdb4a4ca48:   74 0d 48 8b c8 f0 48 0f b1 13 48 3b c1 75 ea 48
0x00007ffdb4a4ca58:   8b 5c 24 30 48 8b c2 48 83 c4 20 5f c3 cc cc cc
0x00007ffdb4a4ca68:   cc cc cc cc cc cc cc cc 4c 8b 01 4c 8b c9 48 8b
0x00007ffdb4a4ca78:   0d 53 60 b6 00 ba 64 60 08 00 e9 49 f1 ff ff cc
0x00007ffdb4a4ca88:   cc cc cc cc cc cc cc cc 8b 05 62 a8 b0 00 c3 cc
0x00007ffdb4a4ca98:   cc cc cc cc cc cc cc cc 0f b6 05 db 68 b7 00 48
0x00007ffdb4a4caa8:   8b d1 84 c0 74 16 44 8b 41 08 8b 0d 40 a8 b0 00
0x00007ffdb4a4cab8:   49 d3 e0 4c 03 05 2e a8 b0 00 eb 04 4c 8b 41 08
0x00007ffdb4a4cac8:   45 8b 50 08 45 85 d2 7e 0e 41 f6 c2 01 75 53 41
0x00007ffdb4a4cad8:   c1 fa 03 41 8b c2 c3 79 49 84 c0 b9 10 00 00 00
0x00007ffdb4a4cae8:   8b 05 46 b7 b0 00 41 b8 0c 00 00 00 41 0f 45 c8
0x00007ffdb4a4caf8:   ff c8 4c 63 c8 48 63 14 11 41 8b ca 83 e1 3f 48
0x00007ffdb4a4cb08:   d3 e2 41 8b ca 48 c1 f9 10 0f b6 c1 49 8d 0c 11
0x00007ffdb4a4cb18:   49 f7 d1 48 03 c1 49 c1 e9 03 48 c1 e8 03 41 23
0x00007ffdb4a4cb28:   c1 c3 49 8b 00 49 8b c8 48 ff a0 00 01 00 00 cc
0x00007ffdb4a4cb38:   cc cc cc cc cc cc cc cc 8b 44 24 30 45 03 c9 44
0x00007ffdb4a4cb48:   2b 4c 24 28 83 c0 0b 44 03 ca 45 03 c8 41 03 c1
0x00007ffdb4a4cb58:   c3 cc cc cc cc cc cc cc 4c 8b ca 48 8b d1 45 8b
0x00007ffdb4a4cb68:   41 08 45 85 c0 7e 0e 41 f6 c0 01 75 56 41 c1 f8
0x00007ffdb4a4cb78:   03 41 8b c0 c3 79 4c 80 3d fc 67 b7 00 00 b8 0c
0x00007ffdb4a4cb88:   00 00 00 b9 10 00 00 00 0f 45 c8 8b 05 9b b6 b0
0x00007ffdb4a4cb98:   00 ff c8 4c 63 c8 48 63 14 11 41 8b c8 83 e1 3f
0x00007ffdb4a4cba8:   48 d3 e2 41 8b c8 48 c1 f9 10 0f b6 c1 49 8d 0c
0x00007ffdb4a4cbb8:   11 49 f7 d1 48 03 c1 49 c1 e9 03 48 c1 e8 03 41 


Stack slot to memory mapping:
stack at sp + 0 slots: 0x00007ffdb50fa5e1 jvm.dll
stack at sp + 1 slots: 0x0 is NULL
stack at sp + 2 slots: 0x0000000000000001 is an unknown value
stack at sp + 3 slots: 0x00007ffdb53f0fb0 jvm.dll
stack at sp + 4 slots: 0x0000023e0454a950 points into unknown readable memory: 0x00007ffdb53f2b20 | 20 2b 3f b5 fd 7f 00 00
stack at sp + 5 slots: 0x0000023e18e8fd80 points into unknown readable memory: 0x00007ffdb53f1db8 | b8 1d 3f b5 fd 7f 00 00
stack at sp + 6 slots: 0x00007ffdb50fb64f jvm.dll
stack at sp + 7 slots: 0x00000000ecacd688 is an oop: [C 
{0x00000000ecacd688} - klass: {type array char}
 - length: 19


---------------  P R O C E S S  ---------------

Threads class SMR info:
_java_thread_list=0x0000023e223ceb80, length=31, elements={
0x0000023e0454cae0, 0x0000023e18e98d10, 0x0000023e18e99ca0, 0x0000023e1dd74930,
0x0000023e1dd754f0, 0x0000023e1dd50df0, 0x0000023e1dd927c0, 0x0000023e1dd9f7e0,
0x0000023e1dda35d0, 0x0000023e1ddac3c0, 0x0000023e1deedc20, 0x0000023e1f0e5f90,
0x0000023e1f5e20d0, 0x0000023e1f994d50, 0x0000023e1f66fc80, 0x0000023e1f66e110,
0x0000023e1fddfdd0, 0x0000023e1fd70e00, 0x0000023e1fd703e0, 0x0000023e1fd6f4b0,
0x0000023e1fd6efa0, 0x0000023e1fd71310, 0x0000023e1fd6e580, 0x0000023e1fd6fed0,
0x0000023e1fd71820, 0x0000023e1fd708f0, 0x0000023e1fd6e070, 0x0000023e216b9dc0,
0x0000023e216bc640, 0x0000023e216b8980, 0x0000023e216bbc20
}

Java Threads: ( => current thread )
  0x0000023e0454cae0 JavaThread "main" [_thread_blocked, id=572, stack(0x000000eab4300000,0x000000eab4400000)]
  0x0000023e18e98d10 JavaThread "Reference Handler" daemon [_thread_blocked, id=924, stack(0x000000eab4600000,0x000000eab4700000)]
  0x0000023e18e99ca0 JavaThread "Finalizer" daemon [_thread_blocked, id=15852, stack(0x000000eab4700000,0x000000eab4800000)]
  0x0000023e1dd74930 JavaThread "Signal Dispatcher" daemon [_thread_blocked, id=15116, stack(0x000000eab4800000,0x000000eab4900000)]
  0x0000023e1dd754f0 JavaThread "Attach Listener" daemon [_thread_blocked, id=2424, stack(0x000000eab4900000,0x000000eab4a00000)]
  0x0000023e1dd50df0 JavaThread "Service Thread" daemon [_thread_blocked, id=4980, stack(0x000000eab4a00000,0x000000eab4b00000)]
  0x0000023e1dd927c0 JavaThread "Monitor Deflation Thread" daemon [_thread_blocked, id=15416, stack(0x000000eab4b00000,0x000000eab4c00000)]
  0x0000023e1dd9f7e0 JavaThread "C2 CompilerThread0" daemon [_thread_blocked, id=14200, stack(0x000000eab4c00000,0x000000eab4d00000)]
  0x0000023e1dda35d0 JavaThread "C1 CompilerThread0" daemon [_thread_blocked, id=14724, stack(0x000000eab4d00000,0x000000eab4e00000)]
  0x0000023e1ddac3c0 JavaThread "Sweeper thread" daemon [_thread_blocked, id=3896, stack(0x000000eab4e00000,0x000000eab4f00000)]
  0x0000023e1deedc20 JavaThread "Common-Cleaner" daemon [_thread_blocked, id=12464, stack(0x000000eab4f00000,0x000000eab5000000)]
  0x0000023e1f0e5f90 JavaThread "Notification Thread" daemon [_thread_blocked, id=12416, stack(0x000000eab5100000,0x000000eab5200000)]
  0x0000023e1f5e20d0 JavaThread "Active Thread: Equinox Container: a00f76a5-5c46-4a07-8077-4f6cf85e91c4" [_thread_blocked, id=14268, stack(0x000000eab5a00000,0x000000eab5b00000)]
  0x0000023e1f994d50 JavaThread "Framework Event Dispatcher: Equinox Container: a00f76a5-5c46-4a07-8077-4f6cf85e91c4" daemon [_thread_blocked, id=15656, stack(0x000000eab5b00000,0x000000eab5c00000)]
  0x0000023e1f66fc80 JavaThread "Start Level: Equinox Container: a00f76a5-5c46-4a07-8077-4f6cf85e91c4" daemon [_thread_blocked, id=14792, stack(0x000000eab5c00000,0x000000eab5d00000)]
  0x0000023e1f66e110 JavaThread "Bundle File Closer" daemon [_thread_blocked, id=8972, stack(0x000000eab5e00000,0x000000eab5f00000)]
  0x0000023e1fddfdd0 JavaThread "SCR Component Actor" daemon [_thread_blocked, id=10640, stack(0x000000eab5f00000,0x000000eab6000000)]
  0x0000023e1fd70e00 JavaThread "Worker-JM" [_thread_blocked, id=15988, stack(0x000000eab5300000,0x000000eab5400000)]
  0x0000023e1fd703e0 JavaThread "Worker-0: Java indexing... " [_thread_blocked, id=16268, stack(0x000000eab6200000,0x000000eab6300000)]
  0x0000023e1fd6f4b0 JavaThread "Worker-1: Refreshing workspace" [_thread_blocked, id=16148, stack(0x000000eab6300000,0x000000eab6400000)]
  0x0000023e1fd6efa0 JavaThread "Worker-2" [_thread_blocked, id=3860, stack(0x000000eab6400000,0x000000eab6500000)]
  0x0000023e1fd71310 JavaThread "Java indexing" daemon [_thread_blocked, id=2216, stack(0x000000eab6500000,0x000000eab6600000)]
  0x0000023e1fd6e580 JavaThread "JNA Cleaner" daemon [_thread_blocked, id=15720, stack(0x000000eab6600000,0x000000eab6700000)]
  0x0000023e1fd6fed0 JavaThread "Worker-3: Initialize Workspace" [_thread_blocked, id=13216, stack(0x000000eab6700000,0x000000eab6800000)]
  0x0000023e1fd71820 JavaThread "pool-2-thread-1" [_thread_blocked, id=13780, stack(0x000000eab6800000,0x000000eab6900000)]
  0x0000023e1fd708f0 JavaThread "WorkspaceEventsHandler" [_thread_blocked, id=15476, stack(0x000000eab6900000,0x000000eab6a00000)]
  0x0000023e1fd6e070 JavaThread "pool-1-thread-1" [_thread_blocked, id=2852, stack(0x000000eab6a00000,0x000000eab6b00000)]
  0x0000023e216b9dc0 JavaThread "Worker-4" [_thread_blocked, id=2368, stack(0x000000eab6b00000,0x000000eab6c00000)]
  0x0000023e216bc640 JavaThread "Worker-5" [_thread_blocked, id=13168, stack(0x000000eab6c00000,0x000000eab6d00000)]
  0x0000023e216b8980 JavaThread "Worker-6: Synchronizing projects" [_thread_blocked, id=15560, stack(0x000000eab6d00000,0x000000eab6e00000)]
  0x0000023e216bbc20 JavaThread "pool-3-thread-1" [_thread_in_native, id=15220, stack(0x000000eab6000000,0x000000eab6100000)]

Other Threads:
  0x0000023e18e934c0 VMThread "VM Thread" [stack: 0x000000eab4500000,0x000000eab4600000] [id=15884]
  0x0000023e1f0e6470 WatcherThread [stack: 0x000000eab5200000,0x000000eab5300000] [id=7724]
  0x0000023e04561480 GCTaskThread "GC Thread#0" [stack: 0x000000eab4400000,0x000000eab4500000] [id=6860]
  0x0000023e1f855bb0 GCTaskThread "GC Thread#1" [stack: 0x000000eab5400000,0x000000eab5500000] [id=6612]
  0x0000023e1f6ba350 GCTaskThread "GC Thread#2" [stack: 0x000000eab5500000,0x000000eab5600000] [id=15744]
  0x0000023e1f6ba610 GCTaskThread "GC Thread#3" [stack: 0x000000eab5600000,0x000000eab5700000] [id=7408]
  0x0000023e1f6ba8d0 GCTaskThread "GC Thread#4" [stack: 0x000000eab5700000,0x000000eab5800000] [id=13296]
  0x0000023e1f6bab90 GCTaskThread "GC Thread#5" [stack: 0x000000eab5800000,0x000000eab5900000] [id=15680]
=>0x0000023e1f6bae50 GCTaskThread "GC Thread#6" [stack: 0x000000eab5900000,0x000000eab5a00000] [id=13764]
  0x0000023e02c47320 GCTaskThread "GC Thread#7" [stack: 0x000000eab5d00000,0x000000eab5e00000] [id=14136]

Threads with active compile tasks:

VM state: at safepoint (normal execution)

VM Mutex/Monitor currently owned by a thread:  ([mutex/lock_event])
[0x0000023e04549150] Threads_lock - owner thread: 0x0000023e18e934c0
[0x0000023e04548100] Heap_lock - owner thread: 0x0000023e1fd71310

Heap address: 0x00000000c0000000, size: 1024 MB, Compressed Oops mode: 32-bit

CDS archive(s) not mapped
Compressed class space mapped at: 0x0000000100000000-0x0000000140000000, reserved size: 1073741824
Narrow klass base: 0x0000000000000000, Narrow klass shift: 3, Narrow klass range: 0x140000000

GC Precious Log:
 CPUs: 8 total, 8 available
 Memory: 32674M
 Large Page Support: Disabled
 NUMA Support: Disabled
 Compressed Oops: Enabled (32-bit)
 Alignments: Space 512K, Generation 512K, Heap 2M
 Heap Min Capacity: 100M
 Heap Initial Capacity: 100M
 Heap Max Capacity: 1G
 Pre-touch: Disabled
 Parallel Workers: 8

Heap:
 PSYoungGen      total 33792K, used 33496K [0x00000000eab00000, 0x00000000ed780000, 0x0000000100000000)
  eden space 25088K, 100% used [0x00000000eab00000,0x00000000ec380000,0x00000000ec380000)
  from space 8704K, 96% used [0x00000000ecf00000,0x00000000ed736050,0x00000000ed780000)
  to   space 9728K, 99% used [0x00000000ec480000,0x00000000ecdf8bb8,0x00000000ece00000)
 ParOldGen       total 267776K, used 246711K [0x00000000c0000000, 0x00000000d0580000, 0x00000000eab00000)
  object space 267776K, 92% used [0x00000000c0000000,0x00000000cf0edf18,0x00000000d0580000)
 Metaspace       used 55973K, committed 56960K, reserved 1114112K
  class space    used 5979K, committed 6400K, reserved 1048576K

Card table byte_map: [0x0000023e16730000,0x0000023e16940000] _byte_map_base: 0x0000023e16130000

Marking Bits: (ParMarkBitMap*) 0x00007ffdb55dd7d0
 Begin Bits: [0x0000023e16aa0000, 0x0000023e17aa0000)
 End Bits:   [0x0000023e17aa0000, 0x0000023e18aa0000)

Polling page: 0x0000023e02cf0000

Metaspace:

Usage:
  Non-class:     48.82 MB used.
      Class:      5.84 MB used.
       Both:     54.66 MB used.

Virtual space:
  Non-class space:       64.00 MB reserved,      49.38 MB ( 77%) committed,  1 nodes.
      Class space:        1.00 GB reserved,       6.25 MB ( <1%) committed,  1 nodes.
             Both:        1.06 GB reserved,      55.63 MB (  5%) committed. 

Chunk freelists:
   Non-Class:  13.78 MB
       Class:  9.72 MB
        Both:  23.50 MB

MaxMetaspaceSize: unlimited
CompressedClassSpaceSize: 1.00 GB
Initial GC threshold: 21.00 MB
Current GC threshold: 92.75 MB
CDS: off
MetaspaceReclaimPolicy: balanced
 - commit_granule_bytes: 65536.
 - commit_granule_words: 8192.
 - virtual_space_node_default_size: 8388608.
 - enlarge_chunks_in_place: 1.
 - new_chunks_are_fully_committed: 0.
 - uncommit_free_chunks: 1.
 - use_allocation_guard: 0.
 - handle_deallocations: 1.


Internal statistics:

num_allocs_failed_limit: 6.
num_arena_births: 498.
num_arena_deaths: 14.
num_vsnodes_births: 2.
num_vsnodes_deaths: 0.
num_space_committed: 890.
num_space_uncommitted: 0.
num_chunks_returned_to_freelist: 20.
num_chunks_taken_from_freelist: 2606.
num_chunk_merges: 9.
num_chunk_splits: 1660.
num_chunks_enlarged: 1021.
num_inconsistent_stats: 0.

CodeHeap 'non-profiled nmethods': size=120000Kb used=4724Kb max_used=4724Kb free=115275Kb
 bounds [0x0000023e0f020000, 0x0000023e0f4c0000, 0x0000023e16550000]
CodeHeap 'profiled nmethods': size=120000Kb used=12136Kb max_used=13880Kb free=107863Kb
 bounds [0x0000023e07550000, 0x0000023e082e0000, 0x0000023e0ea80000]
CodeHeap 'non-nmethods': size=5760Kb used=1305Kb max_used=1437Kb free=4454Kb
 bounds [0x0000023e0ea80000, 0x0000023e0ecf0000, 0x0000023e0f020000]
 total_blobs=7156 nmethods=6517 adapters=551
 compilation: enabled
              stopped_count=0, restarted_count=0
 full_count=0

Compilation events (20 events):
Event: 10.221 Thread 0x0000023e1dd9f7e0 8078       4       org.eclipse.jdt.internal.core.search.indexing.BinaryIndexer::addBinaryAnnotation (83 bytes)
Event: 10.338 Thread 0x0000023e1dd9f7e0 nmethod 8078 0x0000023e0f29e290 code [0x0000023e0f29e620, 0x0000023e0f2a1d18]
Event: 10.338 Thread 0x0000023e1dd9f7e0 8080       4       org.eclipse.jdt.internal.compiler.classfmt.MethodInfo::decodeAnnotations (69 bytes)
Event: 10.343 Thread 0x0000023e1dd9f7e0 nmethod 8080 0x0000023e0f29dc10 code [0x0000023e0f29dda0, 0x0000023e0f29e0c8]
Event: 10.343 Thread 0x0000023e1dd9f7e0 8079   !   4       org.eclipse.jdt.internal.compiler.classfmt.AnnotationInfo::decodeAnnotation (302 bytes)
Event: 10.359 Thread 0x0000023e1dd9f7e0 nmethod 8079 0x0000023e0f29c390 code [0x0000023e0f29c580, 0x0000023e0f29d378]
Event: 10.359 Thread 0x0000023e1dd9f7e0 8081       4       java.util.stream.AbstractPipeline::spliterator (116 bytes)
Event: 10.367 Thread 0x0000023e1dd9f7e0 nmethod 8081 0x0000023e0f29bc90 code [0x0000023e0f29be40, 0x0000023e0f29c0f8]
Event: 10.377 Thread 0x0000023e1dda35d0 8082       3       org.eclipse.jdt.internal.compiler.classfmt.AnnotationInfo::scanElementValue (256 bytes)
Event: 10.377 Thread 0x0000023e1dda35d0 nmethod 8082 0x0000023e075c2990 code [0x0000023e075c2ba0, 0x0000023e075c35f8]
Event: 10.377 Thread 0x0000023e1dda35d0 8083       3       org.eclipse.jdt.internal.core.search.indexing.BinaryIndexer::addPairValue (132 bytes)
Event: 10.378 Thread 0x0000023e1dda35d0 nmethod 8083 0x0000023e08095010 code [0x0000023e08095300, 0x0000023e08096548]
Event: 10.450 Thread 0x0000023e1dd9f7e0 8084       4       org.eclipse.jdt.internal.compiler.parser.Scanner::internalScanIdentifierOrKeyword (4773 bytes)
Event: 10.472 Thread 0x0000023e1dda35d0 8085       3       org.eclipse.jdt.internal.core.search.indexing.AddJrtToIndex$JrtTraverser::visitFile (14 bytes)
Event: 10.472 Thread 0x0000023e1dda35d0 nmethod 8085 0x0000023e07921610 code [0x0000023e079217c0, 0x0000023e07921b88]
Event: 10.515 Thread 0x0000023e1dda35d0 8086       3       java.util.stream.Collectors$$Lambda$6/0x000000010003d6c0::accept (14 bytes)
Event: 10.515 Thread 0x0000023e1dda35d0 nmethod 8086 0x0000023e07620390 code [0x0000023e07620540, 0x0000023e076207e8]
Event: 10.534 Thread 0x0000023e1dd9f7e0 nmethod 8084 0x0000023e0f4ba790 code [0x0000023e0f4bab20, 0x0000023e0f4bcef0]
Event: 10.535 Thread 0x0000023e1dda35d0 8087       3       org.eclipse.jdt.internal.compiler.classfmt.AnnotationInfo::scanAnnotation (330 bytes)
Event: 10.535 Thread 0x0000023e1dda35d0 nmethod 8087 0x0000023e07882810 code [0x0000023e07882b00, 0x0000023e07883c08]

GC Heap History (20 events):
Event: 9.903 GC heap after
{Heap after GC invocations=187 (full 8):
 PSYoungGen      total 19456K, used 4594K [0x00000000eab00000, 0x00000000ec680000, 0x0000000100000000)
  eden space 14848K, 0% used [0x00000000eab00000,0x00000000eab00000,0x00000000eb980000)
  from space 4608K, 99% used [0x00000000ebb00000,0x00000000ebf7caa8,0x00000000ebf80000)
  to   space 6656K, 0% used [0x00000000ec000000,0x00000000ec000000,0x00000000ec680000)
 ParOldGen       total 224256K, used 216058K [0x00000000c0000000, 0x00000000cdb00000, 0x00000000eab00000)
  object space 224256K, 96% used [0x00000000c0000000,0x00000000cd2fe858,0x00000000cdb00000)
 Metaspace       used 55972K, committed 56960K, reserved 1114112K
  class space    used 5979K, committed 6400K, reserved 1048576K
}
Event: 9.930 GC heap before
{Heap before GC invocations=188 (full 8):
 PSYoungGen      total 19456K, used 19442K [0x00000000eab00000, 0x00000000ec680000, 0x0000000100000000)
  eden space 14848K, 100% used [0x00000000eab00000,0x00000000eb980000,0x00000000eb980000)
  from space 4608K, 99% used [0x00000000ebb00000,0x00000000ebf7caa8,0x00000000ebf80000)
  to   space 6656K, 0% used [0x00000000ec000000,0x00000000ec000000,0x00000000ec680000)
 ParOldGen       total 224256K, used 216058K [0x00000000c0000000, 0x00000000cdb00000, 0x00000000eab00000)
  object space 224256K, 96% used [0x00000000c0000000,0x00000000cd2fe858,0x00000000cdb00000)
 Metaspace       used 55972K, committed 56960K, reserved 1114112K
  class space    used 5979K, committed 6400K, reserved 1048576K
}
Event: 9.933 GC heap after
{Heap after GC invocations=188 (full 8):
 PSYoungGen      total 20480K, used 3176K [0x00000000eab00000, 0x00000000ec400000, 0x0000000100000000)
  eden space 16384K, 0% used [0x00000000eab00000,0x00000000eab00000,0x00000000ebb00000)
  from space 4096K, 77% used [0x00000000ec000000,0x00000000ec31a398,0x00000000ec400000)
  to   space 4608K, 0% used [0x00000000ebb00000,0x00000000ebb00000,0x00000000ebf80000)
 ParOldGen       total 224256K, used 220684K [0x00000000c0000000, 0x00000000cdb00000, 0x00000000eab00000)
  object space 224256K, 98% used [0x00000000c0000000,0x00000000cd7830d8,0x00000000cdb00000)
 Metaspace       used 55972K, committed 56960K, reserved 1114112K
  class space    used 5979K, committed 6400K, reserved 1048576K
}
Event: 9.933 GC heap before
{Heap before GC invocations=189 (full 9):
 PSYoungGen      total 20480K, used 3176K [0x00000000eab00000, 0x00000000ec400000, 0x0000000100000000)
  eden space 16384K, 0% used [0x00000000eab00000,0x00000000eab00000,0x00000000ebb00000)
  from space 4096K, 77% used [0x00000000ec000000,0x00000000ec31a398,0x00000000ec400000)
  to   space 4608K, 0% used [0x00000000ebb00000,0x00000000ebb00000,0x00000000ebf80000)
 ParOldGen       total 224256K, used 220684K [0x00000000c0000000, 0x00000000cdb00000, 0x00000000eab00000)
  object space 224256K, 98% used [0x00000000c0000000,0x00000000cd7830d8,0x00000000cdb00000)
 Metaspace       used 55972K, committed 56960K, reserved 1114112K
  class space    used 5979K, committed 6400K, reserved 1048576K
}
Event: 10.023 GC heap after
{Heap after GC invocations=189 (full 9):
 PSYoungGen      total 20992K, used 0K [0x00000000eab00000, 0x00000000ec580000, 0x0000000100000000)
  eden space 16384K, 0% used [0x00000000eab00000,0x00000000eab00000,0x00000000ebb00000)
  from space 4608K, 0% used [0x00000000ebb00000,0x00000000ebb00000,0x00000000ebf80000)
  to   space 4608K, 0% used [0x00000000ec100000,0x00000000ec100000,0x00000000ec580000)
 ParOldGen       total 267776K, used 222059K [0x00000000c0000000, 0x00000000d0580000, 0x00000000eab00000)
  object space 267776K, 82% used [0x00000000c0000000,0x00000000cd8dacd0,0x00000000d0580000)
 Metaspace       used 55972K, committed 56960K, reserved 1114112K
  class space    used 5979K, committed 6400K, reserved 1048576K
}
Event: 10.057 GC heap before
{Heap before GC invocations=190 (full 9):
 PSYoungGen      total 20992K, used 16384K [0x00000000eab00000, 0x00000000ec580000, 0x0000000100000000)
  eden space 16384K, 100% used [0x00000000eab00000,0x00000000ebb00000,0x00000000ebb00000)
  from space 4608K, 0% used [0x00000000ebb00000,0x00000000ebb00000,0x00000000ebf80000)
  to   space 4608K, 0% used [0x00000000ec100000,0x00000000ec100000,0x00000000ec580000)
 ParOldGen       total 267776K, used 222059K [0x00000000c0000000, 0x00000000d0580000, 0x00000000eab00000)
  object space 267776K, 82% used [0x00000000c0000000,0x00000000cd8dacd0,0x00000000d0580000)
 Metaspace       used 55972K, committed 56960K, reserved 1114112K
  class space    used 5979K, committed 6400K, reserved 1048576K
}
Event: 10.060 GC heap after
{Heap after GC invocations=190 (full 9):
 PSYoungGen      total 21504K, used 3499K [0x00000000eab00000, 0x00000000ec480000, 0x0000000100000000)
  eden space 17920K, 0% used [0x00000000eab00000,0x00000000eab00000,0x00000000ebc80000)
  from space 3584K, 97% used [0x00000000ec100000,0x00000000ec46ad78,0x00000000ec480000)
  to   space 4096K, 0% used [0x00000000ebc80000,0x00000000ebc80000,0x00000000ec080000)
 ParOldGen       total 267776K, used 222059K [0x00000000c0000000, 0x00000000d0580000, 0x00000000eab00000)
  object space 267776K, 82% used [0x00000000c0000000,0x00000000cd8dacd0,0x00000000d0580000)
 Metaspace       used 55972K, committed 56960K, reserved 1114112K
  class space    used 5979K, committed 6400K, reserved 1048576K
}
Event: 10.102 GC heap before
{Heap before GC invocations=191 (full 9):
 PSYoungGen      total 21504K, used 21419K [0x00000000eab00000, 0x00000000ec480000, 0x0000000100000000)
  eden space 17920K, 100% used [0x00000000eab00000,0x00000000ebc80000,0x00000000ebc80000)
  from space 3584K, 97% used [0x00000000ec100000,0x00000000ec46ad78,0x00000000ec480000)
  to   space 4096K, 0% used [0x00000000ebc80000,0x00000000ebc80000,0x00000000ec080000)
 ParOldGen       total 267776K, used 222059K [0x00000000c0000000, 0x00000000d0580000, 0x00000000eab00000)
  object space 267776K, 82% used [0x00000000c0000000,0x00000000cd8dacd0,0x00000000d0580000)
 Metaspace       used 55972K, committed 56960K, reserved 1114112K
  class space    used 5979K, committed 6400K, reserved 1048576K
}
Event: 10.106 GC heap after
{Heap after GC invocations=191 (full 9):
 PSYoungGen      total 22016K, used 4087K [0x00000000eab00000, 0x00000000ece00000, 0x0000000100000000)
  eden space 17920K, 0% used [0x00000000eab00000,0x00000000eab00000,0x00000000ebc80000)
  from space 4096K, 99% used [0x00000000ebc80000,0x00000000ec07dfb8,0x00000000ec080000)
  to   space 8192K, 0% used [0x00000000ec600000,0x00000000ec600000,0x00000000ece00000)
 ParOldGen       total 267776K, used 225297K [0x00000000c0000000, 0x00000000d0580000, 0x00000000eab00000)
  object space 267776K, 84% used [0x00000000c0000000,0x00000000cdc04690,0x00000000d0580000)
 Metaspace       used 55972K, committed 56960K, reserved 1114112K
  class space    used 5979K, committed 6400K, reserved 1048576K
}
Event: 10.148 GC heap before
{Heap before GC invocations=192 (full 9):
 PSYoungGen      total 22016K, used 22007K [0x00000000eab00000, 0x00000000ece00000, 0x0000000100000000)
  eden space 17920K, 100% used [0x00000000eab00000,0x00000000ebc80000,0x00000000ebc80000)
  from space 4096K, 99% used [0x00000000ebc80000,0x00000000ec07dfb8,0x00000000ec080000)
  to   space 8192K, 0% used [0x00000000ec600000,0x00000000ec600000,0x00000000ece00000)
 ParOldGen       total 267776K, used 225297K [0x00000000c0000000, 0x00000000d0580000, 0x00000000eab00000)
  object space 267776K, 84% used [0x00000000c0000000,0x00000000cdc04690,0x00000000d0580000)
 Metaspace       used 55972K, committed 56960K, reserved 1114112K
  class space    used 5979K, committed 6400K, reserved 1048576K
}
Event: 10.153 GC heap after
{Heap after GC invocations=192 (full 9):
 PSYoungGen      total 25600K, used 5899K [0x00000000eab00000, 0x00000000ecc00000, 0x0000000100000000)
  eden space 19456K, 0% used [0x00000000eab00000,0x00000000eab00000,0x00000000ebe00000)
  from space 6144K, 96% used [0x00000000ec600000,0x00000000ecbc2e60,0x00000000ecc00000)
  to   space 6656K, 0% used [0x00000000ebf00000,0x00000000ebf00000,0x00000000ec580000)
 ParOldGen       total 267776K, used 227283K [0x00000000c0000000, 0x00000000d0580000, 0x00000000eab00000)
  object space 267776K, 84% used [0x00000000c0000000,0x00000000cddf4c50,0x00000000d0580000)
 Metaspace       used 55972K, committed 56960K, reserved 1114112K
  class space    used 5979K, committed 6400K, reserved 1048576K
}
Event: 10.194 GC heap before
{Heap before GC invocations=193 (full 9):
 PSYoungGen      total 25600K, used 25355K [0x00000000eab00000, 0x00000000ecc00000, 0x0000000100000000)
  eden space 19456K, 100% used [0x00000000eab00000,0x00000000ebe00000,0x00000000ebe00000)
  from space 6144K, 96% used [0x00000000ec600000,0x00000000ecbc2e60,0x00000000ecc00000)
  to   space 6656K, 0% used [0x00000000ebf00000,0x00000000ebf00000,0x00000000ec580000)
 ParOldGen       total 267776K, used 227283K [0x00000000c0000000, 0x00000000d0580000, 0x00000000eab00000)
  object space 267776K, 84% used [0x00000000c0000000,0x00000000cddf4c50,0x00000000d0580000)
 Metaspace       used 55972K, committed 56960K, reserved 1114112K
  class space    used 5979K, committed 6400K, reserved 1048576K
}
Event: 10.198 GC heap after
{Heap after GC invocations=193 (full 9):
 PSYoungGen      total 27136K, used 6637K [0x00000000eab00000, 0x00000000ed500000, 0x0000000100000000)
  eden space 20480K, 0% used [0x00000000eab00000,0x00000000eab00000,0x00000000ebf00000)
  from space 6656K, 99% used [0x00000000ebf00000,0x00000000ec57b678,0x00000000ec580000)
  to   space 10752K, 0% used [0x00000000eca80000,0x00000000eca80000,0x00000000ed500000)
 ParOldGen       total 267776K, used 230670K [0x00000000c0000000, 0x00000000d0580000, 0x00000000eab00000)
  object space 267776K, 86% used [0x00000000c0000000,0x00000000ce143ad8,0x00000000d0580000)
 Metaspace       used 55972K, committed 56960K, reserved 1114112K
  class space    used 5979K, committed 6400K, reserved 1048576K
}
Event: 10.245 GC heap before
{Heap before GC invocations=194 (full 9):
 PSYoungGen      total 27136K, used 27117K [0x00000000eab00000, 0x00000000ed500000, 0x0000000100000000)
  eden space 20480K, 100% used [0x00000000eab00000,0x00000000ebf00000,0x00000000ebf00000)
  from space 6656K, 99% used [0x00000000ebf00000,0x00000000ec57b678,0x00000000ec580000)
  to   space 10752K, 0% used [0x00000000eca80000,0x00000000eca80000,0x00000000ed500000)
 ParOldGen       total 267776K, used 230670K [0x00000000c0000000, 0x00000000d0580000, 0x00000000eab00000)
  object space 267776K, 86% used [0x00000000c0000000,0x00000000ce143ad8,0x00000000d0580000)
 Metaspace       used 55972K, committed 56960K, reserved 1114112K
  class space    used 5979K, committed 6400K, reserved 1048576K
}
Event: 10.250 GC heap after
{Heap after GC invocations=194 (full 9):
 PSYoungGen      total 29696K, used 6831K [0x00000000eab00000, 0x00000000ed180000, 0x0000000100000000)
  eden space 22528K, 0% used [0x00000000eab00000,0x00000000eab00000,0x00000000ec100000)
  from space 7168K, 95% used [0x00000000eca80000,0x00000000ed12be98,0x00000000ed180000)
  to   space 8192K, 0% used [0x00000000ec180000,0x00000000ec180000,0x00000000ec980000)
 ParOldGen       total 267776K, used 234477K [0x00000000c0000000, 0x00000000d0580000, 0x00000000eab00000)
  object space 267776K, 87% used [0x00000000c0000000,0x00000000ce4fb6b8,0x00000000d0580000)
 Metaspace       used 55972K, committed 56960K, reserved 1114112K
  class space    used 5979K, committed 6400K, reserved 1048576K
}
Event: 10.360 GC heap before
{Heap before GC invocations=195 (full 9):
 PSYoungGen      total 29696K, used 29359K [0x00000000eab00000, 0x00000000ed180000, 0x0000000100000000)
  eden space 22528K, 100% used [0x00000000eab00000,0x00000000ec100000,0x00000000ec100000)
  from space 7168K, 95% used [0x00000000eca80000,0x00000000ed12be98,0x00000000ed180000)
  to   space 8192K, 0% used [0x00000000ec180000,0x00000000ec180000,0x00000000ec980000)
 ParOldGen       total 267776K, used 234477K [0x00000000c0000000, 0x00000000d0580000, 0x00000000eab00000)
  object space 267776K, 87% used [0x00000000c0000000,0x00000000ce4fb6b8,0x00000000d0580000)
 Metaspace       used 55972K, committed 56960K, reserved 1114112K
  class space    used 5979K, committed 6400K, reserved 1048576K
}
Event: 10.364 GC heap after
{Heap after GC invocations=195 (full 9):
 PSYoungGen      total 31232K, used 8184K [0x00000000eab00000, 0x00000000edb00000, 0x0000000100000000)
  eden space 23040K, 0% used [0x00000000eab00000,0x00000000eab00000,0x00000000ec180000)
  from space 8192K, 99% used [0x00000000ec180000,0x00000000ec97e340,0x00000000ec980000)
  to   space 12288K, 0% used [0x00000000ecf00000,0x00000000ecf00000,0x00000000edb00000)
 ParOldGen       total 267776K, used 237633K [0x00000000c0000000, 0x00000000d0580000, 0x00000000eab00000)
  object space 267776K, 88% used [0x00000000c0000000,0x00000000ce8104f8,0x00000000d0580000)
 Metaspace       used 55972K, committed 56960K, reserved 1114112K
  class space    used 5979K, committed 6400K, reserved 1048576K
}
Event: 10.441 GC heap before
{Heap before GC invocations=196 (full 9):
 PSYoungGen      total 31232K, used 31224K [0x00000000eab00000, 0x00000000edb00000, 0x0000000100000000)
  eden space 23040K, 100% used [0x00000000eab00000,0x00000000ec180000,0x00000000ec180000)
  from space 8192K, 99% used [0x00000000ec180000,0x00000000ec97e340,0x00000000ec980000)
  to   space 12288K, 0% used [0x00000000ecf00000,0x00000000ecf00000,0x00000000edb00000)
 ParOldGen       total 267776K, used 237633K [0x00000000c0000000, 0x00000000d0580000, 0x00000000eab00000)
  object space 267776K, 88% used [0x00000000c0000000,0x00000000ce8104f8,0x00000000d0580000)
 Metaspace       used 55972K, committed 56960K, reserved 1114112K
  class space    used 5979K, committed 6400K, reserved 1048576K
}
Event: 10.449 GC heap after
{Heap after GC invocations=196 (full 9):
 PSYoungGen      total 33792K, used 8408K [0x00000000eab00000, 0x00000000ed780000, 0x0000000100000000)
  eden space 25088K, 0% used [0x00000000eab00000,0x00000000eab00000,0x00000000ec380000)
  from space 8704K, 96% used [0x00000000ecf00000,0x00000000ed736050,0x00000000ed780000)
  to   space 9728K, 0% used [0x00000000ec480000,0x00000000ec480000,0x00000000ece00000)
 ParOldGen       total 267776K, used 242722K [0x00000000c0000000, 0x00000000d0580000, 0x00000000eab00000)
  object space 267776K, 90% used [0x00000000c0000000,0x00000000ced08b00,0x00000000d0580000)
 Metaspace       used 55972K, committed 56960K, reserved 1114112K
  class space    used 5979K, committed 6400K, reserved 1048576K
}
Event: 10.548 GC heap before
{Heap before GC invocations=197 (full 9):
 PSYoungGen      total 33792K, used 33496K [0x00000000eab00000, 0x00000000ed780000, 0x0000000100000000)
  eden space 25088K, 100% used [0x00000000eab00000,0x00000000ec380000,0x00000000ec380000)
  from space 8704K, 96% used [0x00000000ecf00000,0x00000000ed736050,0x00000000ed780000)
  to   space 9728K, 0% used [0x00000000ec480000,0x00000000ec480000,0x00000000ece00000)
 ParOldGen       total 267776K, used 242722K [0x00000000c0000000, 0x00000000d0580000, 0x00000000eab00000)
  object space 267776K, 90% used [0x00000000c0000000,0x00000000ced08b00,0x00000000d0580000)
 Metaspace       used 55973K, committed 56960K, reserved 1114112K
  class space    used 5979K, committed 6400K, reserved 1048576K
}

Dll operation events (10 events):
Event: 0.022 Loaded shared library c:\Users\SXRBS\.vscode\extensions\redhat.java-1.28.1-win32-x64\jre\17.0.10-win32-x86_64\bin\java.dll
Event: 0.116 Loaded shared library c:\Users\SXRBS\.vscode\extensions\redhat.java-1.28.1-win32-x64\jre\17.0.10-win32-x86_64\bin\zip.dll
Event: 0.123 Loaded shared library C:\Users\SXRBS\.vscode\extensions\redhat.java-1.28.1-win32-x64\jre\17.0.10-win32-x86_64\bin\instrument.dll
Event: 0.132 Loaded shared library C:\Users\SXRBS\.vscode\extensions\redhat.java-1.28.1-win32-x64\jre\17.0.10-win32-x86_64\bin\net.dll
Event: 0.136 Loaded shared library C:\Users\SXRBS\.vscode\extensions\redhat.java-1.28.1-win32-x64\jre\17.0.10-win32-x86_64\bin\nio.dll
Event: 0.142 Loaded shared library C:\Users\SXRBS\.vscode\extensions\redhat.java-1.28.1-win32-x64\jre\17.0.10-win32-x86_64\bin\zip.dll
Event: 0.155 Loaded shared library C:\Users\SXRBS\.vscode\extensions\redhat.java-1.28.1-win32-x64\jre\17.0.10-win32-x86_64\bin\jimage.dll
Event: 0.217 Loaded shared library c:\Users\SXRBS\.vscode\extensions\redhat.java-1.28.1-win32-x64\jre\17.0.10-win32-x86_64\bin\verify.dll
Event: 1.085 Loaded shared library C:\Users\SXRBS\AppData\Roaming\Code\User\globalStorage\redhat.java\1.28.1\config_win\org.eclipse.equinox.launcher\org.eclipse.equinox.launcher.win32.win32.x86_64_1.2.900.v20240129-1338\eclipse_11900.dll
Event: 3.443 Loaded shared library C:\Users\SXRBS\AppData\Local\Temp\jna-79354782\jna1006435406356339387.dll

Deoptimization events (20 events):
Event: 9.551 Thread 0x0000023e216bbc20 Uncommon trap: trap_request=0xffffff45 fr.pc=0x0000023e0f1930f4 relative=0x00000000000000d4
Event: 9.551 Thread 0x0000023e216bbc20 Uncommon trap: reason=unstable_if action=reinterpret pc=0x0000023e0f1930f4 method=com.google.gson.stream.JsonReader.nextString()Ljava/lang/String; @ 6 c2
Event: 9.551 Thread 0x0000023e216bbc20 DEOPT PACKING pc=0x0000023e0f1930f4 sp=0x000000eab60fedd0
Event: 9.551 Thread 0x0000023e216bbc20 DEOPT UNPACKING pc=0x0000023e0ead66a3 sp=0x000000eab60fed60 mode 2
Event: 9.710 Thread 0x0000023e1fd71310 Uncommon trap: trap_request=0xffffff45 fr.pc=0x0000023e0f2f2094 relative=0x00000000000019f4
Event: 9.710 Thread 0x0000023e1fd71310 Uncommon trap: reason=unstable_if action=reinterpret pc=0x0000023e0f2f2094 method=org.eclipse.jdt.internal.compiler.parser.Scanner.internalScanIdentifierOrKeyword(II[C)I @ 4375 c2
Event: 9.710 Thread 0x0000023e1fd71310 DEOPT PACKING pc=0x0000023e0f2f2094 sp=0x000000eab65fefa0
Event: 9.710 Thread 0x0000023e1fd71310 DEOPT UNPACKING pc=0x0000023e0ead66a3 sp=0x000000eab65fef38 mode 2
Event: 10.189 Thread 0x0000023e1fd71310 Uncommon trap: trap_request=0xffffffc6 fr.pc=0x0000023e0f3ed498 relative=0x0000000000001058
Event: 10.189 Thread 0x0000023e1fd71310 Uncommon trap: reason=bimorphic_or_optimized_type_check action=maybe_recompile pc=0x0000023e0f3ed498 method=java.util.concurrent.ConcurrentHashMap.computeIfAbsent(Ljava/lang/Object;Ljava/util/function/Function;)Ljava/lang/Object; @ 323 c2
Event: 10.189 Thread 0x0000023e1fd71310 DEOPT PACKING pc=0x0000023e0f3ed498 sp=0x000000eab65ff010
Event: 10.189 Thread 0x0000023e1fd71310 DEOPT UNPACKING pc=0x0000023e0ead66a3 sp=0x000000eab65fef70 mode 2
Event: 10.461 Thread 0x0000023e1fd71310 Uncommon trap: trap_request=0xffffff45 fr.pc=0x0000023e0f2ab6bc relative=0x00000000000041bc
Event: 10.461 Thread 0x0000023e1fd71310 Uncommon trap: reason=unstable_if action=reinterpret pc=0x0000023e0f2ab6bc method=org.eclipse.jdt.internal.compiler.util.Util.isClassFileName(Ljava/lang/String;)Z @ 20 c2
Event: 10.461 Thread 0x0000023e1fd71310 DEOPT PACKING pc=0x0000023e0f2ab6bc sp=0x000000eab65ff0b0
Event: 10.461 Thread 0x0000023e1fd71310 DEOPT UNPACKING pc=0x0000023e0ead66a3 sp=0x000000eab65fefa0 mode 2
Event: 10.534 Thread 0x0000023e1fd71310 Uncommon trap: trap_request=0xffffff45 fr.pc=0x0000023e0f2a4ee8 relative=0x0000000000000d48
Event: 10.534 Thread 0x0000023e1fd71310 Uncommon trap: reason=unstable_if action=reinterpret pc=0x0000023e0f2a4ee8 method=org.eclipse.jdt.internal.compiler.classfmt.AnnotationInfo.scanAnnotation(IZZ)I @ 209 c2
Event: 10.534 Thread 0x0000023e1fd71310 DEOPT PACKING pc=0x0000023e0f2a4ee8 sp=0x000000eab65fed20
Event: 10.534 Thread 0x0000023e1fd71310 DEOPT UNPACKING pc=0x0000023e0ead66a3 sp=0x000000eab65fecb8 mode 2

Classes unloaded (7 events):
Event: 3.386 Thread 0x0000023e18e934c0 Unloading class 0x0000000100252400 'java/lang/invoke/LambdaForm$MH+0x0000000100252400'
Event: 3.386 Thread 0x0000023e18e934c0 Unloading class 0x0000000100252000 'java/lang/invoke/LambdaForm$MH+0x0000000100252000'
Event: 3.386 Thread 0x0000023e18e934c0 Unloading class 0x0000000100251c00 'java/lang/invoke/LambdaForm$MH+0x0000000100251c00'
Event: 3.386 Thread 0x0000023e18e934c0 Unloading class 0x0000000100251800 'java/lang/invoke/LambdaForm$MH+0x0000000100251800'
Event: 3.386 Thread 0x0000023e18e934c0 Unloading class 0x0000000100251400 'java/lang/invoke/LambdaForm$BMH+0x0000000100251400'
Event: 3.386 Thread 0x0000023e18e934c0 Unloading class 0x0000000100251000 'java/lang/invoke/LambdaForm$DMH+0x0000000100251000'
Event: 3.386 Thread 0x0000023e18e934c0 Unloading class 0x000000010024c400 'java/lang/invoke/LambdaForm$DMH+0x000000010024c400'

Classes redefined (0 events):
No events

Internal exceptions (20 events):
Event: 8.195 Thread 0x0000023e1fd6fed0 Exception <a 'sun/nio/fs/WindowsException'{0x00000000eabdced8}> (0x00000000eabdced8) 
thrown [s\src\hotspot\share\prims\jni.cpp, line 516]
Event: 8.196 Thread 0x0000023e1fd6fed0 Exception <a 'sun/nio/fs/WindowsException'{0x00000000eabe0610}> (0x00000000eabe0610) 
thrown [s\src\hotspot\share\prims\jni.cpp, line 516]
Event: 8.197 Thread 0x0000023e1fd6fed0 Exception <a 'sun/nio/fs/WindowsException'{0x00000000eabe3ce8}> (0x00000000eabe3ce8) 
thrown [s\src\hotspot\share\prims\jni.cpp, line 516]
Event: 8.199 Thread 0x0000023e1fd6fed0 Exception <a 'sun/nio/fs/WindowsException'{0x00000000eae13a40}> (0x00000000eae13a40) 
thrown [s\src\hotspot\share\prims\jni.cpp, line 516]
Event: 8.199 Thread 0x0000023e1fd6fed0 Exception <a 'sun/nio/fs/WindowsException'{0x00000000eae182b8}> (0x00000000eae182b8) 
thrown [s\src\hotspot\share\prims\jni.cpp, line 516]
Event: 8.200 Thread 0x0000023e1fd6fed0 Exception <a 'sun/nio/fs/WindowsException'{0x00000000eae1b510}> (0x00000000eae1b510) 
thrown [s\src\hotspot\share\prims\jni.cpp, line 516]
Event: 8.202 Thread 0x0000023e1fd6fed0 Exception <a 'sun/nio/fs/WindowsException'{0x00000000eae1e920}> (0x00000000eae1e920) 
thrown [s\src\hotspot\share\prims\jni.cpp, line 516]
Event: 8.205 Thread 0x0000023e1fd6fed0 Exception <a 'sun/nio/fs/WindowsException'{0x00000000eae21f10}> (0x00000000eae21f10) 
thrown [s\src\hotspot\share\prims\jni.cpp, line 516]
Event: 8.207 Thread 0x0000023e1fd6fed0 Exception <a 'sun/nio/fs/WindowsException'{0x00000000eae257b8}> (0x00000000eae257b8) 
thrown [s\src\hotspot\share\prims\jni.cpp, line 516]
Event: 8.209 Thread 0x0000023e1fd6fed0 Exception <a 'sun/nio/fs/WindowsException'{0x00000000eaf48da8}> (0x00000000eaf48da8) 
thrown [s\src\hotspot\share\prims\jni.cpp, line 516]
Event: 8.211 Thread 0x0000023e1fd6fed0 Exception <a 'sun/nio/fs/WindowsException'{0x00000000eaf4c9c0}> (0x00000000eaf4c9c0) 
thrown [s\src\hotspot\share\prims\jni.cpp, line 516]
Event: 8.212 Thread 0x0000023e1fd6fed0 Exception <a 'sun/nio/fs/WindowsException'{0x00000000eaf50b80}> (0x00000000eaf50b80) 
thrown [s\src\hotspot\share\prims\jni.cpp, line 516]
Event: 8.214 Thread 0x0000023e1fd6fed0 Exception <a 'sun/nio/fs/WindowsException'{0x00000000eaf54200}> (0x00000000eaf54200) 
thrown [s\src\hotspot\share\prims\jni.cpp, line 516]
Event: 8.215 Thread 0x0000023e1fd6fed0 Exception <a 'sun/nio/fs/WindowsException'{0x00000000eaf57ca0}> (0x00000000eaf57ca0) 
thrown [s\src\hotspot\share\prims\jni.cpp, line 516]
Event: 8.216 Thread 0x0000023e1fd6fed0 Exception <a 'sun/nio/fs/WindowsException'{0x00000000eb17e610}> (0x00000000eb17e610) 
thrown [s\src\hotspot\share\prims\jni.cpp, line 516]
Event: 8.217 Thread 0x0000023e1fd6fed0 Exception <a 'sun/nio/fs/WindowsException'{0x00000000eb181a20}> (0x00000000eb181a20) 
thrown [s\src\hotspot\share\prims\jni.cpp, line 516]
Event: 8.220 Thread 0x0000023e1fd6fed0 Exception <a 'sun/nio/fs/WindowsException'{0x00000000eb185010}> (0x00000000eb185010) 
thrown [s\src\hotspot\share\prims\jni.cpp, line 516]
Event: 8.224 Thread 0x0000023e1fd6fed0 Exception <a 'sun/nio/fs/WindowsException'{0x00000000eb1889a0}> (0x00000000eb1889a0) 
thrown [s\src\hotspot\share\prims\jni.cpp, line 516]
Event: 8.344 Thread 0x0000023e1fd6fed0 Exception <a 'java/lang/NoSuchMethodError'{0x00000000eb286c30}: 'void java.lang.invoke.DirectMethodHandle$Holder.invokeStatic(java.lang.Object, long)'> (0x00000000eb286c30) 
thrown [s\src\hotspot\share\interpreter\linkResolver.cpp, line 759]
Event: 8.344 Thread 0x0000023e1fd6fed0 Exception <a 'java/lang/NoSuchMethodError'{0x00000000eb28bfd8}: 'java.lang.Object java.lang.invoke.DirectMethodHandle$Holder.newInvokeSpecial(java.lang.Object, long)'> (0x00000000eb28bfd8) 
thrown [s\src\hotspot\share\interpreter\linkResolver.cpp, line 759]

VM Operations (20 events):
Event: 9.868 Executing VM operation: ParallelGCFailedAllocation done
Event: 9.901 Executing VM operation: ParallelGCFailedAllocation
Event: 9.903 Executing VM operation: ParallelGCFailedAllocation done
Event: 9.930 Executing VM operation: ParallelGCFailedAllocation
Event: 10.023 Executing VM operation: ParallelGCFailedAllocation done
Event: 10.057 Executing VM operation: ParallelGCFailedAllocation
Event: 10.060 Executing VM operation: ParallelGCFailedAllocation done
Event: 10.102 Executing VM operation: ParallelGCFailedAllocation
Event: 10.106 Executing VM operation: ParallelGCFailedAllocation done
Event: 10.148 Executing VM operation: ParallelGCFailedAllocation
Event: 10.153 Executing VM operation: ParallelGCFailedAllocation done
Event: 10.194 Executing VM operation: ParallelGCFailedAllocation
Event: 10.199 Executing VM operation: ParallelGCFailedAllocation done
Event: 10.245 Executing VM operation: ParallelGCFailedAllocation
Event: 10.250 Executing VM operation: ParallelGCFailedAllocation done
Event: 10.360 Executing VM operation: ParallelGCFailedAllocation
Event: 10.364 Executing VM operation: ParallelGCFailedAllocation done
Event: 10.441 Executing VM operation: ParallelGCFailedAllocation
Event: 10.449 Executing VM operation: ParallelGCFailedAllocation done
Event: 10.548 Executing VM operation: ParallelGCFailedAllocation

Events (20 events):
Event: 8.159 Thread 0x0000023e1ddac3c0 flushing nmethod 0x0000023e08232e10
Event: 8.159 Thread 0x0000023e1ddac3c0 flushing nmethod 0x0000023e08254210
Event: 8.159 Thread 0x0000023e1ddac3c0 flushing nmethod 0x0000023e08263890
Event: 8.226 loading class java/lang/Class$EnclosingMethodInfo
Event: 8.226 loading class java/lang/Class$EnclosingMethodInfo done
Event: 8.228 loading class java/lang/ProcessBuilder
Event: 8.228 loading class java/lang/ProcessBuilder done
Event: 8.228 loading class java/lang/ProcessImpl
Event: 8.229 loading class java/lang/ProcessImpl done
Event: 8.344 loading class java/lang/ProcessImpl$2
Event: 8.345 loading class java/lang/ProcessImpl$2 done
Event: 8.345 loading class java/lang/Process$PipeInputStream
Event: 8.345 loading class java/lang/Process$PipeInputStream done
Event: 8.346 loading class jdk/internal/event/ProcessStartEvent
Event: 8.346 loading class jdk/internal/event/ProcessStartEvent done
Event: 8.368 Thread 0x0000023e216bbc20 Thread added: 0x0000023e216bbc20
Event: 8.392 loading class java/util/concurrent/CompletableFuture$Signaller
Event: 8.393 loading class java/util/concurrent/CompletableFuture$Signaller done
Event: 9.086 Thread 0x0000023e1fb00ee0 Thread exited: 0x0000023e1fb00ee0
Event: 9.087 Thread 0x0000023e1df3d8b0 Thread exited: 0x0000023e1df3d8b0


Dynamic libraries:
0x00007ff7e0120000 - 0x00007ff7e012e000 	c:\Users\SXRBS\.vscode\extensions\redhat.java-1.28.1-win32-x64\jre\17.0.10-win32-x86_64\bin\java.exe
0x00007ffdf4f20000 - 0x00007ffdf510e000 	C:\Windows\SYSTEM32\ntdll.dll
0x00007ffdf4d30000 - 0x00007ffdf4de3000 	C:\Windows\System32\KERNEL32.DLL
0x00007ffdf1a20000 - 0x00007ffdf1cbd000 	C:\Windows\System32\KERNELBASE.dll
0x00007ffdf1e10000 - 0x00007ffdf1f0a000 	C:\Windows\System32\ucrtbase.dll
0x00007ffddbec0000 - 0x00007ffddbed7000 	c:\Users\SXRBS\.vscode\extensions\redhat.java-1.28.1-win32-x64\jre\17.0.10-win32-x86_64\bin\jli.dll
0x00007ffddcc70000 - 0x00007ffddcc8b000 	c:\Users\SXRBS\.vscode\extensions\redhat.java-1.28.1-win32-x64\jre\17.0.10-win32-x86_64\bin\VCRUNTIME140.dll
0x00007ffdf49b0000 - 0x00007ffdf4b47000 	C:\Windows\System32\USER32.dll
0x00007ffdf1200000 - 0x00007ffdf1220000 	C:\Windows\System32\win32u.dll
0x00007ffdf4be0000 - 0x00007ffdf4c09000 	C:\Windows\System32\GDI32.dll
0x00007ffdf0ff0000 - 0x00007ffdf119a000 	C:\Windows\System32\gdi32full.dll
0x00007ffdf1cc0000 - 0x00007ffdf1d60000 	C:\Windows\System32\msvcp_win.dll
0x00007ffde0410000 - 0x00007ffde0689000 	C:\Windows\WinSxS\amd64_microsoft.windows.common-controls_6595b64144ccf1df_6.0.17763.5458_none_de7234b4534a7f0e\COMCTL32.dll
0x00007ffdf4c10000 - 0x00007ffdf4cae000 	C:\Windows\System32\msvcrt.dll
0x00007ffdf4510000 - 0x00007ffdf483b000 	C:\Windows\System32\combase.dll
0x00007ffdf2140000 - 0x00007ffdf225d000 	C:\Windows\System32\RPCRT4.dll
0x00007ffdf1d80000 - 0x00007ffdf1e02000 	C:\Windows\System32\bcryptPrimitives.dll
0x00007ffdf4bb0000 - 0x00007ffdf4bde000 	C:\Windows\System32\IMM32.DLL
0x00000000510f0000 - 0x00000000510fd000 	C:\Program Files (x86)\360\360Safe\safemon\SafeWrapper.dll
0x00007ffdf2490000 - 0x00007ffdf2538000 	C:\Windows\System32\ADVAPI32.dll
0x00007ffdf2670000 - 0x00007ffdf2712000 	C:\Windows\System32\sechost.dll
0x00007ffdf2110000 - 0x00007ffdf2136000 	C:\Windows\System32\bcrypt.dll
0x00007ffddd050000 - 0x00007ffddd0fc000 	C:\Program Files (x86)\360\360Safe\safemon\libzdtp64.dll
0x00007ffdf2c10000 - 0x00007ffdf4108000 	C:\Windows\System32\SHELL32.dll
0x00007ffdf0fa0000 - 0x00007ffdf0fea000 	C:\Windows\System32\cfgmgr32.dll
0x00007ffdf2280000 - 0x00007ffdf2327000 	C:\Windows\System32\shcore.dll
0x00007ffdf12d0000 - 0x00007ffdf1a17000 	C:\Windows\System32\windows.storage.dll
0x00007ffdf0f70000 - 0x00007ffdf0f93000 	C:\Windows\System32\profapi.dll
0x00007ffdf0ef0000 - 0x00007ffdf0f4d000 	C:\Windows\System32\powrprof.dll
0x00007ffdf4b50000 - 0x00007ffdf4ba2000 	C:\Windows\System32\shlwapi.dll
0x00007ffdf0ed0000 - 0x00007ffdf0ee1000 	C:\Windows\System32\kernel.appcore.dll
0x00007ffdf1d60000 - 0x00007ffdf1d7b000 	C:\Windows\System32\cryptsp.dll
0x00007ffdf0c70000 - 0x00007ffdf0c7a000 	C:\Windows\SYSTEM32\VERSION.dll
0x00007ffde8ef0000 - 0x00007ffde8efc000 	c:\Users\SXRBS\.vscode\extensions\redhat.java-1.28.1-win32-x64\jre\17.0.10-win32-x86_64\bin\vcruntime140_1.dll
0x00007ffdccc30000 - 0x00007ffdcccbd000 	c:\Users\SXRBS\.vscode\extensions\redhat.java-1.28.1-win32-x64\jre\17.0.10-win32-x86_64\bin\msvcp140.dll
0x00007ffdb4a40000 - 0x00007ffdb56a2000 	c:\Users\SXRBS\.vscode\extensions\redhat.java-1.28.1-win32-x64\jre\17.0.10-win32-x86_64\bin\server\jvm.dll
0x00007ffdeecb0000 - 0x00007ffdeecd4000 	C:\Windows\SYSTEM32\WINMM.dll
0x00007ffde9160000 - 0x00007ffde9169000 	C:\Windows\SYSTEM32\WSOCK32.dll
0x00007ffdf4e80000 - 0x00007ffdf4eed000 	C:\Windows\System32\WS2_32.dll
0x00007ffdeeb90000 - 0x00007ffdeebbd000 	C:\Windows\SYSTEM32\winmmbase.dll
0x00007ffde3360000 - 0x00007ffde336a000 	c:\Users\SXRBS\.vscode\extensions\redhat.java-1.28.1-win32-x64\jre\17.0.10-win32-x86_64\bin\jimage.dll
0x00007ffdf07a0000 - 0x00007ffdf098d000 	C:\Windows\SYSTEM32\DBGHELP.DLL
0x00007ffdf06f0000 - 0x00007ffdf071a000 	C:\Windows\SYSTEM32\dbgcore.DLL
0x00007ffde08d0000 - 0x00007ffde08de000 	c:\Users\SXRBS\.vscode\extensions\redhat.java-1.28.1-win32-x64\jre\17.0.10-win32-x86_64\bin\instrument.dll
0x00007ffdd5a70000 - 0x00007ffdd5a95000 	c:\Users\SXRBS\.vscode\extensions\redhat.java-1.28.1-win32-x64\jre\17.0.10-win32-x86_64\bin\java.dll
0x00007ffdceb40000 - 0x00007ffdceb58000 	c:\Users\SXRBS\.vscode\extensions\redhat.java-1.28.1-win32-x64\jre\17.0.10-win32-x86_64\bin\zip.dll
0x00007ffdceae0000 - 0x00007ffdceaf9000 	C:\Users\SXRBS\.vscode\extensions\redhat.java-1.28.1-win32-x64\jre\17.0.10-win32-x86_64\bin\net.dll
0x00007ffde5210000 - 0x00007ffde530d000 	C:\Windows\SYSTEM32\WINHTTP.dll
0x00007ffdf0170000 - 0x00007ffdf01d7000 	C:\Windows\system32\mswsock.dll
0x00007ffdce930000 - 0x00007ffdce946000 	C:\Users\SXRBS\.vscode\extensions\redhat.java-1.28.1-win32-x64\jre\17.0.10-win32-x86_64\bin\nio.dll
0x00007ffddae50000 - 0x00007ffddae60000 	c:\Users\SXRBS\.vscode\extensions\redhat.java-1.28.1-win32-x64\jre\17.0.10-win32-x86_64\bin\verify.dll
0x00007ffddc8a0000 - 0x00007ffddc8de000 	C:\Users\SXRBS\AppData\Roaming\Code\User\globalStorage\redhat.java\1.28.1\config_win\org.eclipse.equinox.launcher\org.eclipse.equinox.launcher.win32.win32.x86_64_1.2.900.v20240129-1338\eclipse_11900.dll
0x00007ffdf2330000 - 0x00007ffdf2486000 	C:\Windows\System32\ole32.dll
0x00007ffdefd50000 - 0x00007ffdefd83000 	C:\Windows\system32\rsaenh.dll
0x00007ffdf0e00000 - 0x00007ffdf0e29000 	C:\Windows\SYSTEM32\USERENV.dll
0x00007ffdf0340000 - 0x00007ffdf034c000 	C:\Windows\SYSTEM32\CRYPTBASE.dll
0x00007ffdf0410000 - 0x00007ffdf044d000 	C:\Windows\SYSTEM32\IPHLPAPI.DLL
0x00007ffdf4e70000 - 0x00007ffdf4e78000 	C:\Windows\System32\NSI.dll
0x00007ffde9c80000 - 0x00007ffde9c96000 	C:\Windows\SYSTEM32\dhcpcsvc6.DLL
0x00007ffde9bb0000 - 0x00007ffde9bcc000 	C:\Windows\SYSTEM32\dhcpcsvc.DLL
0x00007ffdefee0000 - 0x00007ffdeffa6000 	C:\Windows\SYSTEM32\DNSAPI.dll
0x00007ffdd8850000 - 0x00007ffdd8895000 	C:\Users\SXRBS\AppData\Local\Temp\jna-79354782\jna1006435406356339387.dll
0x00007ffdf2c00000 - 0x00007ffdf2c08000 	C:\Windows\System32\PSAPI.DLL

dbghelp: loaded successfully - version: 4.0.5 - missing functions: none
symbol engine: initialized successfully - sym options: 0x614 - pdb path: .;c:\Users\SXRBS\.vscode\extensions\redhat.java-1.28.1-win32-x64\jre\17.0.10-win32-x86_64\bin;C:\Windows\SYSTEM32;C:\Windows\WinSxS\amd64_microsoft.windows.common-controls_6595b64144ccf1df_6.0.17763.5458_none_de7234b4534a7f0e;C:\Program Files (x86)\360\360Safe\safemon;c:\Users\SXRBS\.vscode\extensions\redhat.java-1.28.1-win32-x64\jre\17.0.10-win32-x86_64\bin\server;C:\Users\SXRBS\AppData\Roaming\Code\User\globalStorage\redhat.java\1.28.1\config_win\org.eclipse.equinox.launcher\org.eclipse.equinox.launcher.win32.win32.x86_64_1.2.900.v20240129-1338;C:\Users\SXRBS\AppData\Local\Temp\jna-79354782

VM Arguments:
jvm_args: --add-modules=ALL-SYSTEM --add-opens=java.base/java.util=ALL-UNNAMED --add-opens=java.base/java.lang=ALL-UNNAMED --add-opens=java.base/sun.nio.fs=ALL-UNNAMED -Declipse.application=org.eclipse.jdt.ls.core.id1 -Dosgi.bundles.defaultStartLevel=4 -Declipse.product=org.eclipse.jdt.ls.core.product -Djava.import.generatesMetadataFilesAtProjectRoot=false -DDetectVMInstallationsJob.disabled=true -Dfile.encoding=utf8 -XX:+UseParallelGC -XX:GCTimeRatio=4 -XX:AdaptiveSizePolicyWeight=90 -Dsun.zip.disableMemoryMapping=true -Xmx1G -Xms100m -Xlog:disable -javaagent:c:\Users\SXRBS\.vscode\extensions\redhat.java-1.28.1-win32-x64\lombok\lombok-1.18.31.jar -XX:+HeapDumpOnOutOfMemoryError -XX:HeapDumpPath=c:\Users\SXRBS\AppData\Roaming\Code\User\workspaceStorage\c8669b37ec549c97780dae6a6d3fc7b2\redhat.java -Daether.dependencyCollector.impl=bf 
java_command: c:\Users\SXRBS\.vscode\extensions\redhat.java-1.28.1-win32-x64\server\plugins\org.eclipse.equinox.launcher_1.6.700.v20231214-2017.jar -configuration c:\Users\SXRBS\AppData\Roaming\Code\User\globalStorage\redhat.java\1.28.1\config_win -data c:\Users\SXRBS\AppData\Roaming\Code\User\workspaceStorage\c8669b37ec549c97780dae6a6d3fc7b2\redhat.java\jdt_ws --stdio
java_class_path (initial): c:\Users\SXRBS\.vscode\extensions\redhat.java-1.28.1-win32-x64\server\plugins\org.eclipse.equinox.launcher_1.6.700.v20231214-2017.jar
Launcher Type: SUN_STANDARD

[Global flags]
    uintx AdaptiveSizePolicyWeight                 = 90                                        {product} {command line}
     intx CICompilerCount                          = 4                                         {product} {ergonomic}
    uintx GCTimeRatio                              = 4                                         {product} {command line}
     bool HeapDumpOnOutOfMemoryError               = true                                   {manageable} {command line}
    ccstr HeapDumpPath                             = c:\Users\SXRBS\AppData\Roaming\Code\User\workspaceStorage\c8669b37ec549c97780dae6a6d3fc7b2\redhat.java         {manageable} {command line}
   size_t InitialHeapSize                          = 104857600                                 {product} {command line}
   size_t MaxHeapSize                              = 1073741824                                {product} {command line}
   size_t MaxNewSize                               = 357564416                                 {product} {ergonomic}
   size_t MinHeapDeltaBytes                        = 524288                                    {product} {ergonomic}
   size_t MinHeapSize                              = 104857600                                 {product} {command line}
   size_t NewSize                                  = 34603008                                  {product} {ergonomic}
    uintx NonNMethodCodeHeapSize                   = 5839372                                {pd product} {ergonomic}
    uintx NonProfiledCodeHeapSize                  = 122909434                              {pd product} {ergonomic}
   size_t OldSize                                  = 70254592                                  {product} {ergonomic}
    uintx ProfiledCodeHeapSize                     = 122909434                              {pd product} {ergonomic}
    uintx ReservedCodeCacheSize                    = 251658240                              {pd product} {ergonomic}
     bool SegmentedCodeCache                       = true                                      {product} {ergonomic}
   size_t SoftMaxHeapSize                          = 1073741824                             {manageable} {ergonomic}
     bool UseCompressedClassPointers               = true                           {product lp64_product} {ergonomic}
     bool UseCompressedOops                        = true                           {product lp64_product} {ergonomic}
     bool UseLargePagesIndividualAllocation        = false                                  {pd product} {ergonomic}
     bool UseParallelGC                            = true                                      {product} {command line}

Logging:
Log output configuration:
 #0: stdout all=off uptime,level,tags
 #1: stderr all=off uptime,level,tags

Environment Variables:
JAVA_HOME=C:\Program Files\Java\jdk-17
PATH=C:\Program Files\Common Files\Oracle\Java\javapath;C:\Windows\system32;C:\Windows;C:\Windows\System32\Wbem;C:\Windows\System32\WindowsPowerShell\v1.0\;C:\Windows\System32\OpenSSH\;C:\Program Files\Java\jdk-17\bin;C:\Program Files\nodejs\;C:\Program Files\Redis;C:\Program Files\Microsoft SQL Server\150\Tools\Binn\;C:\Program Files\Microsoft SQL Server\Client SDK\ODBC\170\Tools\Binn\;C:\Program Files\dotnet\;C:\Program Files (x86)\Microsoft SQL Server\160\DTS\Binn\;C:\Program Files\Azure Data Studio\bin;C:\Program Files (x86)\NetSarang\Xshell 7\;C:\Program Files (x86)\NetSarang\Xftp 7\;C:\Users\SXRBS\AppData\Local\Microsoft\WindowsApps;C:\Users\SXRBS\AppData\Roaming\npm;C:\Users\SXRBS\.dotnet\tools;C:\Program Files\Azure Data Studio\bin;C:\Users\SXRBS\AppData\Local\Programs\Microsoft VS Code\bin
USERNAME=SXRBS
OS=Windows_NT
PROCESSOR_IDENTIFIER=Intel64 Family 6 Model 158 Stepping 9, GenuineIntel
TMP=C:\Users\SXRBS\AppData\Local\Temp
TEMP=C:\Users\SXRBS\AppData\Local\Temp



Periodic native trim disabled


---------------  S Y S T E M  ---------------

OS:
 Windows 10 , 64 bit Build 17763 (10.0.17763.4974)
OS uptime: 0 days 0:13 hours

CPU: total 8 (initial active 8) (4 cores per cpu, 2 threads per core) family 6 model 158 stepping 9 microcode 0x8e, cx8, cmov, fxsr, ht, mmx, 3dnowpref, sse, sse2, sse3, ssse3, sse4.1, sse4.2, popcnt, lzcnt, tsc, tscinvbit, avx, avx2, aes, erms, clmul, bmi1, bmi2, rtm, adx, fma, vzeroupper, clflush, clflushopt
Processor Information for all 8 processors :
  Max Mhz: 3600, Current Mhz: 3600, Mhz Limit: 3600

Memory: 4k page, system-wide physical 32674M (20555M free)
TotalPageFile size 65442M (AvailPageFile size 50137M)
current process WorkingSet (physical memory assigned to process): 542M, peak: 566M
current process commit charge ("private bytes"): 507M, peak: 534M

vm_info: OpenJDK 64-Bit Server VM (17.0.10+7) for windows-amd64 JRE (17.0.10+7), built on Jan 16 2024 23:25:11 by "admin" with MS VC++ 16.10 / 16.11 (VS2019)

END.
