#
# A fatal error has been detected by the Java Runtime Environment:
#
#  EXCEPTION_ACCESS_VIOLATION (0xc0000005) at pc=0x00007ffdb760cb30, pid=11648, tid=17400
#
# JRE version: OpenJDK Runtime Environment Temurin-17.0.10+7 (17.0.10+7) (build 17.0.10+7)
# Java VM: OpenJDK 64-Bit Server VM Temurin-17.0.10+7 (17.0.10+7, mixed mode, tiered, compressed oops, compressed class ptrs, parallel gc, windows-amd64)
# Problematic frame:
# V  [jvm.dll+0xcb30]
#
# No core dump will be written. Minidumps are not enabled by default on client versions of Windows
#
# If you would like to submit a bug report, please visit:
#   https://github.com/adoptium/adoptium-support/issues
#

---------------  S U M M A R Y ------------

Command Line: --add-modules=ALL-SYSTEM --add-opens=java.base/java.util=ALL-UNNAMED --add-opens=java.base/java.lang=ALL-UNNAMED --add-opens=java.base/sun.nio.fs=ALL-UNNAMED -Declipse.application=org.eclipse.jdt.ls.core.id1 -Dosgi.bundles.defaultStartLevel=4 -Declipse.product=org.eclipse.jdt.ls.core.product -Djava.import.generatesMetadataFilesAtProjectRoot=false -DDetectVMInstallationsJob.disabled=true -Dfile.encoding=utf8 -XX:+UseParallelGC -XX:GCTimeRatio=4 -XX:AdaptiveSizePolicyWeight=90 -Dsun.zip.disableMemoryMapping=true -Xmx1G -Xms100m -Xlog:disable -javaagent:c:\Users\SXRBS\.vscode\extensions\redhat.java-1.28.1-win32-x64\lombok\lombok-1.18.31.jar -XX:+HeapDumpOnOutOfMemoryError -XX:HeapDumpPath=c:\Users\SXRBS\AppData\Roaming\Code\User\workspaceStorage\c8669b37ec549c97780dae6a6d3fc7b2\redhat.java -Daether.dependencyCollector.impl=bf c:\Users\SXRBS\.vscode\extensions\redhat.java-1.28.1-win32-x64\server\plugins\org.eclipse.equinox.launcher_1.6.700.v20231214-2017.jar -configuration c:\Users\SXRBS\AppData\Roaming\Code\User\globalStorage\redhat.java\1.28.1\config_win -data c:\Users\SXRBS\AppData\Roaming\Code\User\workspaceStorage\c8669b37ec549c97780dae6a6d3fc7b2\redhat.java\jdt_ws --stdio

Host: Intel(R) Core(TM) i7-7700 CPU @ 3.60GHz, 8 cores, 31G,  Windows 10 , 64 bit Build 17763 (10.0.17763.4974)
Time: Tue Feb 27 08:03:29 2024 中国标准时间 elapsed time: 23.981410 seconds (0d 0h 0m 23s)

---------------  T H R E A D  ---------------

Current thread (0x0000024a1a38f420):  GCTaskThread "GC Thread#4" [stack: 0x000000fcc6000000,0x000000fcc6100000] [id=17400]

Stack: [0x000000fcc6000000,0x000000fcc6100000],  sp=0x000000fcc60ff5a8,  free space=1021k
Native frames: (J=compiled Java code, j=interpreted, Vv=VM code, C=native code)
V  [jvm.dll+0xcb30]


siginfo: EXCEPTION_ACCESS_VIOLATION (0xc0000005), reading address 0x0000000000000104


Registers:
RAX=0x0000000000000004, RBX=0x00000000c64ced98, RCX=0x0000000100062378, RDX=0x00000000c64ced98
RSP=0x000000fcc60ff5a8, RBP=0x000000fcc60ff6a0, RSI=0x00000000c5c2893c, RDI=0x0000024a7e9a9cc0
R8 =0x0000000100062378, R9 =0x0000000000032676, R10=0x0000000000000001, R11=0x00000000000000b8
R12=0x000000fcc4eff018, R13=0x0000000000000010, R14=0x00000001000624a8, R15=0x00000000c5c28920
RIP=0x00007ffdb760cb30, EFLAGS=0x0000000000010202


Register to memory mapping:

RIP=0x00007ffdb760cb30 jvm.dll
RAX=0x0000000000000004 is an unknown value
RBX=
[error occurred during error reporting (printing register info), id 0xc0000005, EXCEPTION_ACCESS_VIOLATION (0xc0000005) at pc=0x00007ffdb7c89954]

Top of Stack: (sp=0x000000fcc60ff5a8)
0x000000fcc60ff5a8:   00007ffdb7cb0cc2 00000000c5c289d8
0x000000fcc60ff5b8:   0000000000000003 000000fcc60ff6a0
0x000000fcc60ff5c8:   00007ffdb7cafad9 0000024a7e9a9cc0
0x000000fcc60ff5d8:   00007ffdb7cae572 00000000c64ced98
0x000000fcc60ff5e8:   00007ffdb7cb0ced 00000000c3745588
0x000000fcc60ff5f8:   00007ffdb7caf81f 00000001000624a0
0x000000fcc60ff608:   00007ffdb7caedee 00000000c5c28938
0x000000fcc60ff618:   00007ffdb7cb035e 00007ffdb812c7a0
0x000000fcc60ff628:   000000fcc4eff018 0000000000000000
0x000000fcc60ff638:   00007ffdb812c7a0 0000000000002202
0x000000fcc60ff648:   00007ffdb7cb06a4 00007ffdb7fb1158
0x000000fcc60ff658:   0000024a7e9a9cc0 00007ffdb7f1bb90
0x000000fcc60ff668:   000000000000001b 00000000c1cf9f48
0x000000fcc60ff678:   00007ffd00001800 0000000100041de8
0x000000fcc60ff688:   00007ffdb7caedee 00000000c046b2b4
0x000000fcc60ff698:   00007ffdb7cb035e 00007ffdb7fb1158
0x000000fcc60ff6a8:   0000024a7ddd56a0 0000000000000003
0x000000fcc60ff6b8:   0000024a7e9a9cc0 0000000000000000
0x000000fcc60ff6c8:   0000000000000000 0000000000000000
0x000000fcc60ff6d8:   00000000c1cfdf58 00000000c1cfdf58
0x000000fcc60ff6e8:   000000000000000c 0000024a7e9a9cc0
0x000000fcc60ff6f8:   00007ffdb7cb8cfc 00000000eb500750
0x000000fcc60ff708:   0000062e000021c1 000000df0000001b
0x000000fcc60ff718:   00000000eb500750 00000000c1cf9f48
0x000000fcc60ff728:   00007ffd00000800 00007ffd00000003
0x000000fcc60ff738:   0000024a7e9a9cc0 0000000000000000
0x000000fcc60ff748:   0000000000000000 0000000000000020
0x000000fcc60ff758:   0000024a7ea7eac0 000000fcc4efefd8
0x000000fcc60ff768:   000000fcc4efeed0 0000000000000000
0x000000fcc60ff778:   00007ffdb7cb9cfa 0000000000000005
0x000000fcc60ff788:   000000fcc60ff800 0000000000000000
0x000000fcc60ff798:   0000000000000001 000000fcc4eff270 

Instructions: (pc=0x00007ffdb760cb30)
0x00007ffdb760ca30:   8b d0 48 85 c0 74 20 48 8b c7 f0 48 0f b1 13 74
0x00007ffdb760ca40:   16 48 85 05 d0 49 bb 00 74 0d 48 8b c8 f0 48 0f
0x00007ffdb760ca50:   b1 13 48 3b c1 75 ea 48 8b 5c 24 30 48 8b c2 48
0x00007ffdb760ca60:   83 c4 20 5f c3 cc cc cc cc cc cc cc cc cc cc cc
0x00007ffdb760ca70:   4c 8b 01 4c 8b c9 48 8b 0d 53 60 b6 00 ba 64 60
0x00007ffdb760ca80:   08 00 e9 49 f1 ff ff cc cc cc cc cc cc cc cc cc
0x00007ffdb760ca90:   8b 05 62 a8 b0 00 c3 cc cc cc cc cc cc cc cc cc
0x00007ffdb760caa0:   0f b6 05 db 68 b7 00 48 8b d1 84 c0 74 16 44 8b
0x00007ffdb760cab0:   41 08 8b 0d 40 a8 b0 00 49 d3 e0 4c 03 05 2e a8
0x00007ffdb760cac0:   b0 00 eb 04 4c 8b 41 08 45 8b 50 08 45 85 d2 7e
0x00007ffdb760cad0:   0e 41 f6 c2 01 75 53 41 c1 fa 03 41 8b c2 c3 79
0x00007ffdb760cae0:   49 84 c0 b9 10 00 00 00 8b 05 46 b7 b0 00 41 b8
0x00007ffdb760caf0:   0c 00 00 00 41 0f 45 c8 ff c8 4c 63 c8 48 63 14
0x00007ffdb760cb00:   11 41 8b ca 83 e1 3f 48 d3 e2 41 8b ca 48 c1 f9
0x00007ffdb760cb10:   10 0f b6 c1 49 8d 0c 11 49 f7 d1 48 03 c1 49 c1
0x00007ffdb760cb20:   e9 03 48 c1 e8 03 41 23 c1 c3 49 8b 00 49 8b c8
0x00007ffdb760cb30:   48 ff a0 00 01 00 00 cc cc cc cc cc cc cc cc cc
0x00007ffdb760cb40:   8b 44 24 30 45 03 c9 44 2b 4c 24 28 83 c0 0b 44
0x00007ffdb760cb50:   03 ca 45 03 c8 41 03 c1 c3 cc cc cc cc cc cc cc
0x00007ffdb760cb60:   4c 8b ca 48 8b d1 45 8b 41 08 45 85 c0 7e 0e 41
0x00007ffdb760cb70:   f6 c0 01 75 56 41 c1 f8 03 41 8b c0 c3 79 4c 80
0x00007ffdb760cb80:   3d fc 67 b7 00 00 b8 0c 00 00 00 b9 10 00 00 00
0x00007ffdb760cb90:   0f 45 c8 8b 05 9b b6 b0 00 ff c8 4c 63 c8 48 63
0x00007ffdb760cba0:   14 11 41 8b c8 83 e1 3f 48 d3 e2 41 8b c8 48 c1
0x00007ffdb760cbb0:   f9 10 0f b6 c1 49 8d 0c 11 49 f7 d1 48 03 c1 49
0x00007ffdb760cbc0:   c1 e9 03 48 c1 e8 03 41 23 c1 c3 49 8b 01 49 8b
0x00007ffdb760cbd0:   c9 48 ff a0 00 01 00 00 cc cc cc cc cc cc cc cc
0x00007ffdb760cbe0:   48 8b 41 08 0f b7 48 2a 0f b7 40 28 83 c0 48 03
0x00007ffdb760cbf0:   c1 c3 cc cc cc cc cc cc cc cc cc cc cc cc cc cc
0x00007ffdb760cc00:   48 89 5c 24 08 57 48 83 ec 20 0f b6 05 df 4f bb
0x00007ffdb760cc10:   00 48 8b fa 48 8b d9 84 c0 74 4f 48 85 15 f6 47
0x00007ffdb760cc20:   bb 00 74 38 48 8b ca e8 54 99 85 00 48 8b d0 48 


Stack slot to memory mapping:
stack at sp + 0 slots: 0x00007ffdb7cb0cc2 jvm.dll
stack at sp + 1 slots: 0x00000000c5c289d8 is an oop: org.eclipse.jdt.internal.compiler.util.SoftClassCache$ClassBytes 
{0x00000000c5c289d8} - klass: 'org/eclipse/jdt/internal/compiler/util/SoftClassCache$ClassBytes'
 - ---- fields (total size 3 words):
 - private volatile 'empty' 'Z' @12  false
 - private final 'path' 'Ljava/nio/file/Path;' @16  a 'jdk/internal/jrtfs/JrtPath'{0x00000000c5c28940} (c5c28940)
 - private volatile 'bytes' 'Ljava/lang/ref/SoftReference;' @20  a 'java/lang/ref/SoftReference'{0x00000000c5c289f0} (c5c289f0)
stack at sp + 2 slots: 0x0000000000000003 is an unknown value
stack at sp + 3 slots: 0x000000fcc60ff6a0 points into unknown readable memory: 0x00007ffdb7fb1158 | 58 11 fb b7 fd 7f 00 00
stack at sp + 4 slots: 0x00007ffdb7cafad9 jvm.dll
stack at sp + 5 slots: 0x0000024a7e9a9cc0 points into unknown readable memory: 0x0000024a7c2f0150 | 50 01 2f 7c 4a 02 00 00
stack at sp + 6 slots: 0x00007ffdb7cae572 jvm.dll
stack at sp + 7 slots: 
[error occurred during error reporting (inspecting top of stack), id 0xc0000005, EXCEPTION_ACCESS_VIOLATION (0xc0000005) at pc=0x00007ffdb7c89954]


---------------  P R O C E S S  ---------------

Threads class SMR info:
_java_thread_list=0x0000024a1c825590, length=36, elements={
0x0000024a7dd763a0, 0x0000024a7ea77af0, 0x0000024a7ea78880, 0x0000024a18b18860,
0x0000024a18b194f0, 0x0000024a18b1a280, 0x0000024a18b1ded0, 0x0000024a18b5e740,
0x0000024a18b7a980, 0x0000024a18b8c650, 0x0000024a18c616d0, 0x0000024a18e6ab00,
0x0000024a1a662840, 0x0000024a1a43e000, 0x0000024a1a43e4e0, 0x0000024a1ad569e0,
0x0000024a1ac69560, 0x0000024a1aa3ac10, 0x0000024a1aa3c050, 0x0000024a1aa3b120,
0x0000024a1aa3ca70, 0x0000024a1aa392c0, 0x0000024a1aa39ce0, 0x0000024a1aa3a1f0,
0x0000024a1aa3a700, 0x0000024a1aa3c560, 0x0000024a1c7f9d20, 0x0000024a1c7f79b0,
0x0000024a1c7f9810, 0x0000024a1c7f7ec0, 0x0000024a1c7fac50, 0x0000024a1c7fcab0,
0x0000024a1c7f6060, 0x0000024a1c7fc5a0, 0x0000024a1af30070, 0x0000024a1af325a0
}

Java Threads: ( => current thread )
  0x0000024a7dd763a0 JavaThread "main" [_thread_blocked, id=17480, stack(0x000000fcc4c00000,0x000000fcc4d00000)]
  0x0000024a7ea77af0 JavaThread "Reference Handler" daemon [_thread_blocked, id=2388, stack(0x000000fcc4f00000,0x000000fcc5000000)]
  0x0000024a7ea78880 JavaThread "Finalizer" daemon [_thread_blocked, id=6708, stack(0x000000fcc5000000,0x000000fcc5100000)]
  0x0000024a18b18860 JavaThread "Signal Dispatcher" daemon [_thread_blocked, id=4868, stack(0x000000fcc5100000,0x000000fcc5200000)]
  0x0000024a18b194f0 JavaThread "Attach Listener" daemon [_thread_blocked, id=15372, stack(0x000000fcc5200000,0x000000fcc5300000)]
  0x0000024a18b1a280 JavaThread "Service Thread" daemon [_thread_blocked, id=2164, stack(0x000000fcc5300000,0x000000fcc5400000)]
  0x0000024a18b1ded0 JavaThread "Monitor Deflation Thread" daemon [_thread_blocked, id=5916, stack(0x000000fcc5400000,0x000000fcc5500000)]
  0x0000024a18b5e740 JavaThread "C2 CompilerThread0" daemon [_thread_in_native, id=12976, stack(0x000000fcc5500000,0x000000fcc5600000)]
  0x0000024a18b7a980 JavaThread "C1 CompilerThread0" daemon [_thread_blocked, id=13860, stack(0x000000fcc5600000,0x000000fcc5700000)]
  0x0000024a18b8c650 JavaThread "Sweeper thread" daemon [_thread_blocked, id=4812, stack(0x000000fcc5700000,0x000000fcc5800000)]
  0x0000024a18c616d0 JavaThread "Common-Cleaner" daemon [_thread_blocked, id=7056, stack(0x000000fcc5800000,0x000000fcc5900000)]
  0x0000024a18e6ab00 JavaThread "Notification Thread" daemon [_thread_blocked, id=18284, stack(0x000000fcc5a00000,0x000000fcc5b00000)]
  0x0000024a1a662840 JavaThread "Active Thread: Equinox Container: 0d5daa02-145b-4f56-b029-0acffcd89d00" [_thread_blocked, id=15336, stack(0x000000fcc6300000,0x000000fcc6400000)]
  0x0000024a1a43e000 JavaThread "Framework Event Dispatcher: Equinox Container: 0d5daa02-145b-4f56-b029-0acffcd89d00" daemon [_thread_blocked, id=18412, stack(0x000000fcc6400000,0x000000fcc6500000)]
  0x0000024a1a43e4e0 JavaThread "Start Level: Equinox Container: 0d5daa02-145b-4f56-b029-0acffcd89d00" daemon [_thread_blocked, id=11676, stack(0x000000fcc6500000,0x000000fcc6600000)]
  0x0000024a1ad569e0 JavaThread "Bundle File Closer" daemon [_thread_blocked, id=11644, stack(0x000000fcc6600000,0x000000fcc6700000)]
  0x0000024a1ac69560 JavaThread "SCR Component Actor" daemon [_thread_blocked, id=16408, stack(0x000000fcc5c00000,0x000000fcc5d00000)]
  0x0000024a1aa3ac10 JavaThread "Worker-JM" [_thread_blocked, id=17688, stack(0x000000fcc6800000,0x000000fcc6900000)]
  0x0000024a1aa3c050 JavaThread "Worker-0" [_thread_blocked, id=18272, stack(0x000000fcc6a00000,0x000000fcc6b00000)]
  0x0000024a1aa3b120 JavaThread "Worker-1: Refreshing workspace" [_thread_blocked, id=13964, stack(0x000000fcc6b00000,0x000000fcc6c00000)]
  0x0000024a1aa3ca70 JavaThread "Worker-2" [_thread_blocked, id=6420, stack(0x000000fcc6900000,0x000000fcc6a00000)]
  0x0000024a1aa392c0 JavaThread "Worker-3: Initialize Workspace" [_thread_blocked, id=12872, stack(0x000000fcc6e00000,0x000000fcc6f00000)]
  0x0000024a1aa39ce0 JavaThread "Java indexing" daemon [_thread_blocked, id=17864, stack(0x000000fcc6f00000,0x000000fcc7000000)]
  0x0000024a1aa3a1f0 JavaThread "Worker-4" [_thread_blocked, id=16200, stack(0x000000fcc7000000,0x000000fcc7100000)]
  0x0000024a1aa3a700 JavaThread "Worker-5" [_thread_blocked, id=18304, stack(0x000000fcc6c00000,0x000000fcc6d00000)]
  0x0000024a1aa3c560 JavaThread "Worker-6: Java indexing... " [_thread_blocked, id=17760, stack(0x000000fcc6700000,0x000000fcc6800000)]
  0x0000024a1c7f9d20 JavaThread "Worker-7" [_thread_blocked, id=15276, stack(0x000000fcc7200000,0x000000fcc7300000)]
  0x0000024a1c7f79b0 JavaThread "Worker-8" [_thread_blocked, id=9500, stack(0x000000fcc7300000,0x000000fcc7400000)]
  0x0000024a1c7f9810 JavaThread "Worker-9" [_thread_blocked, id=15756, stack(0x000000fcc7100000,0x000000fcc7200000)]
  0x0000024a1c7f7ec0 JavaThread "JNA Cleaner" daemon [_thread_blocked, id=1184, stack(0x000000fcc7500000,0x000000fcc7600000)]
  0x0000024a1c7fac50 JavaThread "pool-2-thread-1" [_thread_blocked, id=15676, stack(0x000000fcc7600000,0x000000fcc7700000)]
  0x0000024a1c7fcab0 JavaThread "WorkspaceEventsHandler" [_thread_blocked, id=15988, stack(0x000000fcc7700000,0x000000fcc7800000)]
  0x0000024a1c7f6060 JavaThread "pool-1-thread-1" [_thread_blocked, id=17336, stack(0x000000fcc7800000,0x000000fcc7900000)]
  0x0000024a1c7fc5a0 JavaThread "pool-3-thread-1" [_thread_in_native, id=4836, stack(0x000000fcc7900000,0x000000fcc7a00000)]
  0x0000024a1af30070 JavaThread "C2 CompilerThread1" daemon [_thread_blocked, id=4180, stack(0x000000fcc6d00000,0x000000fcc6e00000)]
  0x0000024a1af325a0 JavaThread "C2 CompilerThread2" daemon [_thread_blocked, id=18388, stack(0x000000fcc7400000,0x000000fcc7500000)]

Other Threads:
  0x0000024a7ea713b0 VMThread "VM Thread" [stack: 0x000000fcc4e00000,0x000000fcc4f00000] [id=1688]
  0x0000024a18e6afe0 WatcherThread [stack: 0x000000fcc5b00000,0x000000fcc5c00000] [id=9308]
  0x0000024a7dd8c3e0 GCTaskThread "GC Thread#0" [stack: 0x000000fcc4d00000,0x000000fcc4e00000] [id=13504]
  0x0000024a19e6e420 GCTaskThread "GC Thread#1" [stack: 0x000000fcc5d00000,0x000000fcc5e00000] [id=16312]
  0x0000024a1a4c7490 GCTaskThread "GC Thread#2" [stack: 0x000000fcc5e00000,0x000000fcc5f00000] [id=16404]
  0x0000024a1a4c7750 GCTaskThread "GC Thread#3" [stack: 0x000000fcc5f00000,0x000000fcc6000000] [id=9852]
=>0x0000024a1a38f420 GCTaskThread "GC Thread#4" [stack: 0x000000fcc6000000,0x000000fcc6100000] [id=17400]
  0x0000024a1a38f6e0 GCTaskThread "GC Thread#5" [stack: 0x000000fcc6100000,0x000000fcc6200000] [id=6184]
  0x0000024a1a38f9a0 GCTaskThread "GC Thread#6" [stack: 0x000000fcc6200000,0x000000fcc6300000] [id=17380]
  0x0000024a19d9d690 GCTaskThread "GC Thread#7" [stack: 0x000000fcc5900000,0x000000fcc5a00000] [id=17692]

Threads with active compile tasks:
C2 CompilerThread0    24024 7911       4       org.eclipse.jdt.internal.core.search.indexing.BinaryIndexer::extractReferenceFromConstantPool (351 bytes)
C2 CompilerThread1    24024 7921       4       org.eclipse.jdt.internal.compiler.classfmt.MethodInfo::decodeCodeAttribute (147 bytes)
C2 CompilerThread2    24025 7922   !   4       org.eclipse.jdt.internal.core.search.indexing.BinaryIndexer::indexDocument (1142 bytes)

VM state: at safepoint (normal execution)

VM Mutex/Monitor currently owned by a thread:  ([mutex/lock_event])
[0x0000024a7dd72160] Threads_lock - owner thread: 0x0000024a7ea713b0
[0x0000024a7dd73360] Heap_lock - owner thread: 0x0000024a1aa39ce0

Heap address: 0x00000000c0000000, size: 1024 MB, Compressed Oops mode: 32-bit

CDS archive(s) not mapped
Compressed class space mapped at: 0x0000000100000000-0x0000000140000000, reserved size: 1073741824
Narrow klass base: 0x0000000000000000, Narrow klass shift: 3, Narrow klass range: 0x140000000

GC Precious Log:
 CPUs: 8 total, 8 available
 Memory: 32674M
 Large Page Support: Disabled
 NUMA Support: Disabled
 Compressed Oops: Enabled (32-bit)
 Alignments: Space 512K, Generation 512K, Heap 2M
 Heap Min Capacity: 100M
 Heap Initial Capacity: 100M
 Heap Max Capacity: 1G
 Pre-touch: Disabled
 Parallel Workers: 8

Heap:
 PSYoungGen      total 9216K, used 1711K [0x00000000eab00000, 0x00000000eb600000, 0x0000000100000000)
  eden space 7168K, 0% used [0x00000000eab00000,0x00000000eab00000,0x00000000eb200000)
  from space 2048K, 83% used [0x00000000eb400000,0x00000000eb5abf28,0x00000000eb600000)
  to   space 2048K, 0% used [0x00000000eb200000,0x00000000eb200000,0x00000000eb400000)
 ParOldGen       total 113664K, used 112593K [0x00000000c0000000, 0x00000000c6f00000, 0x00000000eab00000)
  object space 113664K, 99% used [0x00000000c0000000,0x00000000c6df46a8,0x00000000c6f00000)
 Metaspace       used 54769K, committed 55744K, reserved 1114112K
  class space    used 5827K, committed 6272K, reserved 1048576K

Card table byte_map: [0x0000024a7e310000,0x0000024a7e520000] _byte_map_base: 0x0000024a7dd10000

Marking Bits: (ParMarkBitMap*) 0x00007ffdb819d7d0
 Begin Bits: [0x0000024a11be0000, 0x0000024a12be0000)
 End Bits:   [0x0000024a12be0000, 0x0000024a13be0000)

Polling page: 0x0000024a7c450000

Metaspace:

Usage:
  Non-class:     47.79 MB used.
      Class:      5.69 MB used.
       Both:     53.49 MB used.

Virtual space:
  Non-class space:       64.00 MB reserved,      48.31 MB ( 75%) committed,  1 nodes.
      Class space:        1.00 GB reserved,       6.13 MB ( <1%) committed,  1 nodes.
             Both:        1.06 GB reserved,      54.44 MB (  5%) committed. 

Chunk freelists:
   Non-Class:  15.59 MB
       Class:  9.88 MB
        Both:  25.48 MB

MaxMetaspaceSize: unlimited
CompressedClassSpaceSize: 1.00 GB
Initial GC threshold: 21.00 MB
Current GC threshold: 90.75 MB
CDS: off
MetaspaceReclaimPolicy: balanced
 - commit_granule_bytes: 65536.
 - commit_granule_words: 8192.
 - virtual_space_node_default_size: 8388608.
 - enlarge_chunks_in_place: 1.
 - new_chunks_are_fully_committed: 0.
 - uncommit_free_chunks: 1.
 - use_allocation_guard: 0.
 - handle_deallocations: 1.


Internal statistics:

num_allocs_failed_limit: 6.
num_arena_births: 504.
num_arena_deaths: 14.
num_vsnodes_births: 2.
num_vsnodes_deaths: 0.
num_space_committed: 871.
num_space_uncommitted: 0.
num_chunks_returned_to_freelist: 20.
num_chunks_taken_from_freelist: 2600.
num_chunk_merges: 11.
num_chunk_splits: 1619.
num_chunks_enlarged: 969.
num_inconsistent_stats: 0.

CodeHeap 'non-profiled nmethods': size=120000Kb used=4740Kb max_used=5215Kb free=115259Kb
 bounds [0x0000024a0a6b0000, 0x0000024a0abd0000, 0x0000024a11be0000]
CodeHeap 'profiled nmethods': size=120000Kb used=13099Kb max_used=14902Kb free=106901Kb
 bounds [0x0000024a02be0000, 0x0000024a03a80000, 0x0000024a0a110000]
CodeHeap 'non-nmethods': size=5760Kb used=1319Kb max_used=1431Kb free=4440Kb
 bounds [0x0000024a0a110000, 0x0000024a0a380000, 0x0000024a0a6b0000]
 total_blobs=7032 nmethods=6402 adapters=542
 compilation: enabled
              stopped_count=0, restarted_count=0
 full_count=0

Compilation events (20 events):
Event: 23.899 Thread 0x0000024a1af30070 7916       4       org.eclipse.jdt.internal.core.search.indexing.AbstractIndexer::addMethodReference (13 bytes)
Event: 23.899 Thread 0x0000024a1af325a0 7909       4       org.eclipse.jdt.internal.core.search.indexing.BinaryIndexer::extractClassName (42 bytes)
Event: 23.904 Thread 0x0000024a1af325a0 nmethod 7909 0x0000024a0a70ba90 code [0x0000024a0a70bc40, 0x0000024a0a70c138]
Event: 23.904 Thread 0x0000024a1af325a0 7913       4       org.eclipse.jdt.internal.compiler.classfmt.ClassFileReader::isLocal (42 bytes)
Event: 23.906 Thread 0x0000024a1af30070 nmethod 7916 0x0000024a0aa81390 code [0x0000024a0aa81540, 0x0000024a0aa81c58]
Event: 23.906 Thread 0x0000024a1af30070 7905   !   4       jdk.internal.jimage.BasicImageReader::slice (32 bytes)
Event: 23.912 Thread 0x0000024a1af30070 nmethod 7905 0x0000024a0aa57990 code [0x0000024a0aa57b20, 0x0000024a0aa580b8]
Event: 23.912 Thread 0x0000024a1af30070 7917   !   4       jdk.internal.jimage.BasicImageReader::getResourceBuffer (203 bytes)
Event: 23.917 Thread 0x0000024a1af325a0 nmethod 7913 0x0000024a0aa2b290 code [0x0000024a0aa2b440, 0x0000024a0aa2bdf8]
Event: 23.917 Thread 0x0000024a1af325a0 7915       4       jdk.internal.jrtfs.JrtDirectoryStream$1::next (5 bytes)
Event: 23.918 Thread 0x0000024a1af325a0 nmethod 7915 0x0000024a0ab82e10 code [0x0000024a0ab82fa0, 0x0000024a0ab832b8]
Event: 23.918 Thread 0x0000024a1af325a0 7918       4       sun.nio.fs.WindowsPath::normalize (5 bytes)
Event: 23.919 Thread 0x0000024a1af325a0 nmethod 7918 0x0000024a0a70b710 code [0x0000024a0a70b8a0, 0x0000024a0a70b948]
Event: 23.921 Thread 0x0000024a1af30070 nmethod 7917 0x0000024a0a8f2890 code [0x0000024a0a8f2a40, 0x0000024a0a8f3278]
Event: 23.921 Thread 0x0000024a1af30070 7919       4       jdk.internal.jrtfs.JrtFileAttributes::isDirectory (8 bytes)
Event: 23.922 Thread 0x0000024a1af30070 nmethod 7919 0x0000024a0ab82b10 code [0x0000024a0ab82c80, 0x0000024a0ab82d18]
Event: 23.926 Thread 0x0000024a1af30070 7920       4       java.nio.channels.spi.AbstractInterruptibleChannel::<init> (16 bytes)
Event: 23.927 Thread 0x0000024a1af30070 nmethod 7920 0x0000024a0ab82790 code [0x0000024a0ab82920, 0x0000024a0ab82a18]
Event: 23.930 Thread 0x0000024a1af30070 7921       4       org.eclipse.jdt.internal.compiler.classfmt.MethodInfo::decodeCodeAttribute (147 bytes)
Event: 23.934 Thread 0x0000024a1af325a0 7922   !   4       org.eclipse.jdt.internal.core.search.indexing.BinaryIndexer::indexDocument (1142 bytes)

GC Heap History (20 events):
Event: 23.763 GC heap after
{Heap after GC invocations=71 (full 4):
 PSYoungGen      total 9216K, used 1654K [0x00000000eab00000, 0x00000000eb600000, 0x0000000100000000)
  eden space 7168K, 0% used [0x00000000eab00000,0x00000000eab00000,0x00000000eb200000)
  from space 2048K, 80% used [0x00000000eb200000,0x00000000eb39db30,0x00000000eb400000)
  to   space 2048K, 0% used [0x00000000eb400000,0x00000000eb400000,0x00000000eb600000)
 ParOldGen       total 113664K, used 98241K [0x00000000c0000000, 0x00000000c6f00000, 0x00000000eab00000)
  object space 113664K, 86% used [0x00000000c0000000,0x00000000c5ff06e8,0x00000000c6f00000)
 Metaspace       used 54753K, committed 55744K, reserved 1114112K
  class space    used 5824K, committed 6272K, reserved 1048576K
}
Event: 23.782 GC heap before
{Heap before GC invocations=72 (full 4):
 PSYoungGen      total 9216K, used 8822K [0x00000000eab00000, 0x00000000eb600000, 0x0000000100000000)
  eden space 7168K, 100% used [0x00000000eab00000,0x00000000eb200000,0x00000000eb200000)
  from space 2048K, 80% used [0x00000000eb200000,0x00000000eb39db30,0x00000000eb400000)
  to   space 2048K, 0% used [0x00000000eb400000,0x00000000eb400000,0x00000000eb600000)
 ParOldGen       total 113664K, used 98241K [0x00000000c0000000, 0x00000000c6f00000, 0x00000000eab00000)
  object space 113664K, 86% used [0x00000000c0000000,0x00000000c5ff06e8,0x00000000c6f00000)
 Metaspace       used 54753K, committed 55744K, reserved 1114112K
  class space    used 5824K, committed 6272K, reserved 1048576K
}
Event: 23.784 GC heap after
{Heap after GC invocations=72 (full 4):
 PSYoungGen      total 9216K, used 1837K [0x00000000eab00000, 0x00000000eb600000, 0x0000000100000000)
  eden space 7168K, 0% used [0x00000000eab00000,0x00000000eab00000,0x00000000eb200000)
  from space 2048K, 89% used [0x00000000eb400000,0x00000000eb5cb748,0x00000000eb600000)
  to   space 2048K, 0% used [0x00000000eb200000,0x00000000eb200000,0x00000000eb400000)
 ParOldGen       total 113664K, used 99777K [0x00000000c0000000, 0x00000000c6f00000, 0x00000000eab00000)
  object space 113664K, 87% used [0x00000000c0000000,0x00000000c6170778,0x00000000c6f00000)
 Metaspace       used 54753K, committed 55744K, reserved 1114112K
  class space    used 5824K, committed 6272K, reserved 1048576K
}
Event: 23.800 GC heap before
{Heap before GC invocations=73 (full 4):
 PSYoungGen      total 9216K, used 9005K [0x00000000eab00000, 0x00000000eb600000, 0x0000000100000000)
  eden space 7168K, 100% used [0x00000000eab00000,0x00000000eb200000,0x00000000eb200000)
  from space 2048K, 89% used [0x00000000eb400000,0x00000000eb5cb748,0x00000000eb600000)
  to   space 2048K, 0% used [0x00000000eb200000,0x00000000eb200000,0x00000000eb400000)
 ParOldGen       total 113664K, used 99777K [0x00000000c0000000, 0x00000000c6f00000, 0x00000000eab00000)
  object space 113664K, 87% used [0x00000000c0000000,0x00000000c6170778,0x00000000c6f00000)
 Metaspace       used 54769K, committed 55744K, reserved 1114112K
  class space    used 5827K, committed 6272K, reserved 1048576K
}
Event: 23.801 GC heap after
{Heap after GC invocations=73 (full 4):
 PSYoungGen      total 9216K, used 1743K [0x00000000eab00000, 0x00000000eb600000, 0x0000000100000000)
  eden space 7168K, 0% used [0x00000000eab00000,0x00000000eab00000,0x00000000eb200000)
  from space 2048K, 85% used [0x00000000eb200000,0x00000000eb3b3ea0,0x00000000eb400000)
  to   space 2048K, 0% used [0x00000000eb400000,0x00000000eb400000,0x00000000eb600000)
 ParOldGen       total 113664K, used 101551K [0x00000000c0000000, 0x00000000c6f00000, 0x00000000eab00000)
  object space 113664K, 89% used [0x00000000c0000000,0x00000000c632bf38,0x00000000c6f00000)
 Metaspace       used 54769K, committed 55744K, reserved 1114112K
  class space    used 5827K, committed 6272K, reserved 1048576K
}
Event: 23.819 GC heap before
{Heap before GC invocations=74 (full 4):
 PSYoungGen      total 9216K, used 8911K [0x00000000eab00000, 0x00000000eb600000, 0x0000000100000000)
  eden space 7168K, 100% used [0x00000000eab00000,0x00000000eb200000,0x00000000eb200000)
  from space 2048K, 85% used [0x00000000eb200000,0x00000000eb3b3ea0,0x00000000eb400000)
  to   space 2048K, 0% used [0x00000000eb400000,0x00000000eb400000,0x00000000eb600000)
 ParOldGen       total 113664K, used 101551K [0x00000000c0000000, 0x00000000c6f00000, 0x00000000eab00000)
  object space 113664K, 89% used [0x00000000c0000000,0x00000000c632bf38,0x00000000c6f00000)
 Metaspace       used 54769K, committed 55744K, reserved 1114112K
  class space    used 5827K, committed 6272K, reserved 1048576K
}
Event: 23.820 GC heap after
{Heap after GC invocations=74 (full 4):
 PSYoungGen      total 9216K, used 1640K [0x00000000eab00000, 0x00000000eb600000, 0x0000000100000000)
  eden space 7168K, 0% used [0x00000000eab00000,0x00000000eab00000,0x00000000eb200000)
  from space 2048K, 80% used [0x00000000eb400000,0x00000000eb59a050,0x00000000eb600000)
  to   space 2048K, 0% used [0x00000000eb200000,0x00000000eb200000,0x00000000eb400000)
 ParOldGen       total 113664K, used 103205K [0x00000000c0000000, 0x00000000c6f00000, 0x00000000eab00000)
  object space 113664K, 90% used [0x00000000c0000000,0x00000000c64c9740,0x00000000c6f00000)
 Metaspace       used 54769K, committed 55744K, reserved 1114112K
  class space    used 5827K, committed 6272K, reserved 1048576K
}
Event: 23.838 GC heap before
{Heap before GC invocations=75 (full 4):
 PSYoungGen      total 9216K, used 8808K [0x00000000eab00000, 0x00000000eb600000, 0x0000000100000000)
  eden space 7168K, 100% used [0x00000000eab00000,0x00000000eb200000,0x00000000eb200000)
  from space 2048K, 80% used [0x00000000eb400000,0x00000000eb59a050,0x00000000eb600000)
  to   space 2048K, 0% used [0x00000000eb200000,0x00000000eb200000,0x00000000eb400000)
 ParOldGen       total 113664K, used 103205K [0x00000000c0000000, 0x00000000c6f00000, 0x00000000eab00000)
  object space 113664K, 90% used [0x00000000c0000000,0x00000000c64c9740,0x00000000c6f00000)
 Metaspace       used 54769K, committed 55744K, reserved 1114112K
  class space    used 5827K, committed 6272K, reserved 1048576K
}
Event: 23.839 GC heap after
{Heap after GC invocations=75 (full 4):
 PSYoungGen      total 9216K, used 1609K [0x00000000eab00000, 0x00000000eb600000, 0x0000000100000000)
  eden space 7168K, 0% used [0x00000000eab00000,0x00000000eab00000,0x00000000eb200000)
  from space 2048K, 78% used [0x00000000eb200000,0x00000000eb392720,0x00000000eb400000)
  to   space 2048K, 0% used [0x00000000eb400000,0x00000000eb400000,0x00000000eb600000)
 ParOldGen       total 113664K, used 104756K [0x00000000c0000000, 0x00000000c6f00000, 0x00000000eab00000)
  object space 113664K, 92% used [0x00000000c0000000,0x00000000c664d140,0x00000000c6f00000)
 Metaspace       used 54769K, committed 55744K, reserved 1114112K
  class space    used 5827K, committed 6272K, reserved 1048576K
}
Event: 23.862 GC heap before
{Heap before GC invocations=76 (full 4):
 PSYoungGen      total 9216K, used 8777K [0x00000000eab00000, 0x00000000eb600000, 0x0000000100000000)
  eden space 7168K, 100% used [0x00000000eab00000,0x00000000eb200000,0x00000000eb200000)
  from space 2048K, 78% used [0x00000000eb200000,0x00000000eb392720,0x00000000eb400000)
  to   space 2048K, 0% used [0x00000000eb400000,0x00000000eb400000,0x00000000eb600000)
 ParOldGen       total 113664K, used 104756K [0x00000000c0000000, 0x00000000c6f00000, 0x00000000eab00000)
  object space 113664K, 92% used [0x00000000c0000000,0x00000000c664d140,0x00000000c6f00000)
 Metaspace       used 54769K, committed 55744K, reserved 1114112K
  class space    used 5827K, committed 6272K, reserved 1048576K
}
Event: 23.864 GC heap after
{Heap after GC invocations=76 (full 4):
 PSYoungGen      total 9216K, used 1630K [0x00000000eab00000, 0x00000000eb600000, 0x0000000100000000)
  eden space 7168K, 0% used [0x00000000eab00000,0x00000000eab00000,0x00000000eb200000)
  from space 2048K, 79% used [0x00000000eb400000,0x00000000eb597b20,0x00000000eb600000)
  to   space 2048K, 0% used [0x00000000eb200000,0x00000000eb200000,0x00000000eb400000)
 ParOldGen       total 113664K, used 106270K [0x00000000c0000000, 0x00000000c6f00000, 0x00000000eab00000)
  object space 113664K, 93% used [0x00000000c0000000,0x00000000c67c79c8,0x00000000c6f00000)
 Metaspace       used 54769K, committed 55744K, reserved 1114112K
  class space    used 5827K, committed 6272K, reserved 1048576K
}
Event: 23.888 GC heap before
{Heap before GC invocations=77 (full 4):
 PSYoungGen      total 9216K, used 8798K [0x00000000eab00000, 0x00000000eb600000, 0x0000000100000000)
  eden space 7168K, 100% used [0x00000000eab00000,0x00000000eb200000,0x00000000eb200000)
  from space 2048K, 79% used [0x00000000eb400000,0x00000000eb597b20,0x00000000eb600000)
  to   space 2048K, 0% used [0x00000000eb200000,0x00000000eb200000,0x00000000eb400000)
 ParOldGen       total 113664K, used 106270K [0x00000000c0000000, 0x00000000c6f00000, 0x00000000eab00000)
  object space 113664K, 93% used [0x00000000c0000000,0x00000000c67c79c8,0x00000000c6f00000)
 Metaspace       used 54769K, committed 55744K, reserved 1114112K
  class space    used 5827K, committed 6272K, reserved 1048576K
}
Event: 23.889 GC heap after
{Heap after GC invocations=77 (full 4):
 PSYoungGen      total 9216K, used 1611K [0x00000000eab00000, 0x00000000eb600000, 0x0000000100000000)
  eden space 7168K, 0% used [0x00000000eab00000,0x00000000eab00000,0x00000000eb200000)
  from space 2048K, 78% used [0x00000000eb200000,0x00000000eb392db8,0x00000000eb400000)
  to   space 2048K, 0% used [0x00000000eb400000,0x00000000eb400000,0x00000000eb600000)
 ParOldGen       total 113664K, used 107793K [0x00000000c0000000, 0x00000000c6f00000, 0x00000000eab00000)
  object space 113664K, 94% used [0x00000000c0000000,0x00000000c69445b8,0x00000000c6f00000)
 Metaspace       used 54769K, committed 55744K, reserved 1114112K
  class space    used 5827K, committed 6272K, reserved 1048576K
}
Event: 23.915 GC heap before
{Heap before GC invocations=78 (full 4):
 PSYoungGen      total 9216K, used 8779K [0x00000000eab00000, 0x00000000eb600000, 0x0000000100000000)
  eden space 7168K, 100% used [0x00000000eab00000,0x00000000eb200000,0x00000000eb200000)
  from space 2048K, 78% used [0x00000000eb200000,0x00000000eb392db8,0x00000000eb400000)
  to   space 2048K, 0% used [0x00000000eb400000,0x00000000eb400000,0x00000000eb600000)
 ParOldGen       total 113664K, used 107793K [0x00000000c0000000, 0x00000000c6f00000, 0x00000000eab00000)
  object space 113664K, 94% used [0x00000000c0000000,0x00000000c69445b8,0x00000000c6f00000)
 Metaspace       used 54769K, committed 55744K, reserved 1114112K
  class space    used 5827K, committed 6272K, reserved 1048576K
}
Event: 23.916 GC heap after
{Heap after GC invocations=78 (full 4):
 PSYoungGen      total 9216K, used 1634K [0x00000000eab00000, 0x00000000eb600000, 0x0000000100000000)
  eden space 7168K, 0% used [0x00000000eab00000,0x00000000eab00000,0x00000000eb200000)
  from space 2048K, 79% used [0x00000000eb400000,0x00000000eb598b40,0x00000000eb600000)
  to   space 2048K, 0% used [0x00000000eb200000,0x00000000eb200000,0x00000000eb400000)
 ParOldGen       total 113664K, used 109283K [0x00000000c0000000, 0x00000000c6f00000, 0x00000000eab00000)
  object space 113664K, 96% used [0x00000000c0000000,0x00000000c6ab8d00,0x00000000c6f00000)
 Metaspace       used 54769K, committed 55744K, reserved 1114112K
  class space    used 5827K, committed 6272K, reserved 1048576K
}
Event: 23.932 GC heap before
{Heap before GC invocations=79 (full 4):
 PSYoungGen      total 9216K, used 8802K [0x00000000eab00000, 0x00000000eb600000, 0x0000000100000000)
  eden space 7168K, 100% used [0x00000000eab00000,0x00000000eb200000,0x00000000eb200000)
  from space 2048K, 79% used [0x00000000eb400000,0x00000000eb598b40,0x00000000eb600000)
  to   space 2048K, 0% used [0x00000000eb200000,0x00000000eb200000,0x00000000eb400000)
 ParOldGen       total 113664K, used 109283K [0x00000000c0000000, 0x00000000c6f00000, 0x00000000eab00000)
  object space 113664K, 96% used [0x00000000c0000000,0x00000000c6ab8d00,0x00000000c6f00000)
 Metaspace       used 54769K, committed 55744K, reserved 1114112K
  class space    used 5827K, committed 6272K, reserved 1048576K
}
Event: 23.933 GC heap after
{Heap after GC invocations=79 (full 4):
 PSYoungGen      total 9216K, used 1861K [0x00000000eab00000, 0x00000000eb600000, 0x0000000100000000)
  eden space 7168K, 0% used [0x00000000eab00000,0x00000000eab00000,0x00000000eb200000)
  from space 2048K, 90% used [0x00000000eb200000,0x00000000eb3d1668,0x00000000eb400000)
  to   space 2048K, 0% used [0x00000000eb400000,0x00000000eb400000,0x00000000eb600000)
 ParOldGen       total 113664K, used 110819K [0x00000000c0000000, 0x00000000c6f00000, 0x00000000eab00000)
  object space 113664K, 97% used [0x00000000c0000000,0x00000000c6c38d08,0x00000000c6f00000)
 Metaspace       used 54769K, committed 55744K, reserved 1114112K
  class space    used 5827K, committed 6272K, reserved 1048576K
}
Event: 23.955 GC heap before
{Heap before GC invocations=80 (full 4):
 PSYoungGen      total 9216K, used 9029K [0x00000000eab00000, 0x00000000eb600000, 0x0000000100000000)
  eden space 7168K, 100% used [0x00000000eab00000,0x00000000eb200000,0x00000000eb200000)
  from space 2048K, 90% used [0x00000000eb200000,0x00000000eb3d1668,0x00000000eb400000)
  to   space 2048K, 0% used [0x00000000eb400000,0x00000000eb400000,0x00000000eb600000)
 ParOldGen       total 113664K, used 110819K [0x00000000c0000000, 0x00000000c6f00000, 0x00000000eab00000)
  object space 113664K, 97% used [0x00000000c0000000,0x00000000c6c38d08,0x00000000c6f00000)
 Metaspace       used 54769K, committed 55744K, reserved 1114112K
  class space    used 5827K, committed 6272K, reserved 1048576K
}
Event: 23.956 GC heap after
{Heap after GC invocations=80 (full 4):
 PSYoungGen      total 9216K, used 1711K [0x00000000eab00000, 0x00000000eb600000, 0x0000000100000000)
  eden space 7168K, 0% used [0x00000000eab00000,0x00000000eab00000,0x00000000eb200000)
  from space 2048K, 83% used [0x00000000eb400000,0x00000000eb5abf28,0x00000000eb600000)
  to   space 2048K, 0% used [0x00000000eb200000,0x00000000eb200000,0x00000000eb400000)
 ParOldGen       total 113664K, used 112593K [0x00000000c0000000, 0x00000000c6f00000, 0x00000000eab00000)
  object space 113664K, 99% used [0x00000000c0000000,0x00000000c6df46a8,0x00000000c6f00000)
 Metaspace       used 54769K, committed 55744K, reserved 1114112K
  class space    used 5827K, committed 6272K, reserved 1048576K
}
Event: 23.956 GC heap before
{Heap before GC invocations=81 (full 5):
 PSYoungGen      total 9216K, used 1711K [0x00000000eab00000, 0x00000000eb600000, 0x0000000100000000)
  eden space 7168K, 0% used [0x00000000eab00000,0x00000000eab00000,0x00000000eb200000)
  from space 2048K, 83% used [0x00000000eb400000,0x00000000eb5abf28,0x00000000eb600000)
  to   space 2048K, 0% used [0x00000000eb200000,0x00000000eb200000,0x00000000eb400000)
 ParOldGen       total 113664K, used 112593K [0x00000000c0000000, 0x00000000c6f00000, 0x00000000eab00000)
  object space 113664K, 99% used [0x00000000c0000000,0x00000000c6df46a8,0x00000000c6f00000)
 Metaspace       used 54769K, committed 55744K, reserved 1114112K
  class space    used 5827K, committed 6272K, reserved 1048576K
}

Dll operation events (10 events):
Event: 0.024 Loaded shared library c:\Users\SXRBS\.vscode\extensions\redhat.java-1.28.1-win32-x64\jre\17.0.10-win32-x86_64\bin\java.dll
Event: 0.220 Loaded shared library c:\Users\SXRBS\.vscode\extensions\redhat.java-1.28.1-win32-x64\jre\17.0.10-win32-x86_64\bin\zip.dll
Event: 0.226 Loaded shared library C:\Users\SXRBS\.vscode\extensions\redhat.java-1.28.1-win32-x64\jre\17.0.10-win32-x86_64\bin\instrument.dll
Event: 0.242 Loaded shared library C:\Users\SXRBS\.vscode\extensions\redhat.java-1.28.1-win32-x64\jre\17.0.10-win32-x86_64\bin\net.dll
Event: 0.247 Loaded shared library C:\Users\SXRBS\.vscode\extensions\redhat.java-1.28.1-win32-x64\jre\17.0.10-win32-x86_64\bin\nio.dll
Event: 0.254 Loaded shared library C:\Users\SXRBS\.vscode\extensions\redhat.java-1.28.1-win32-x64\jre\17.0.10-win32-x86_64\bin\zip.dll
Event: 0.271 Loaded shared library C:\Users\SXRBS\.vscode\extensions\redhat.java-1.28.1-win32-x64\jre\17.0.10-win32-x86_64\bin\jimage.dll
Event: 0.390 Loaded shared library c:\Users\SXRBS\.vscode\extensions\redhat.java-1.28.1-win32-x64\jre\17.0.10-win32-x86_64\bin\verify.dll
Event: 1.842 Loaded shared library C:\Users\SXRBS\AppData\Roaming\Code\User\globalStorage\redhat.java\1.28.1\config_win\org.eclipse.equinox.launcher\org.eclipse.equinox.launcher.win32.win32.x86_64_1.2.900.v20240129-1338\eclipse_11900.dll
Event: 18.122 Loaded shared library C:\Users\SXRBS\AppData\Local\Temp\jna-79354782\jna11026764345665123965.dll

Deoptimization events (20 events):
Event: 23.922 Thread 0x0000024a1aa39ce0 DEOPT PACKING pc=0x0000024a0389d613 sp=0x000000fcc6ffed50
Event: 23.922 Thread 0x0000024a1aa39ce0 DEOPT UNPACKING pc=0x0000024a0a166e43 sp=0x000000fcc6ffe2b8 mode 0
Event: 23.927 Thread 0x0000024a1aa39ce0 DEOPT PACKING pc=0x0000024a0389d613 sp=0x000000fcc6ffed50
Event: 23.927 Thread 0x0000024a1aa39ce0 DEOPT UNPACKING pc=0x0000024a0a166e43 sp=0x000000fcc6ffe2b8 mode 0
Event: 23.930 Thread 0x0000024a1aa39ce0 DEOPT PACKING pc=0x0000024a0389d693 sp=0x000000fcc6ffed50
Event: 23.930 Thread 0x0000024a1aa39ce0 DEOPT UNPACKING pc=0x0000024a0a166e43 sp=0x000000fcc6ffe2b8 mode 0
Event: 23.934 Thread 0x0000024a1aa39ce0 DEOPT PACKING pc=0x0000024a0389d693 sp=0x000000fcc6ffed50
Event: 23.934 Thread 0x0000024a1aa39ce0 DEOPT UNPACKING pc=0x0000024a0a166e43 sp=0x000000fcc6ffe2b8 mode 0
Event: 23.939 Thread 0x0000024a1aa39ce0 DEOPT PACKING pc=0x0000024a0389d613 sp=0x000000fcc6ffed50
Event: 23.939 Thread 0x0000024a1aa39ce0 DEOPT UNPACKING pc=0x0000024a0a166e43 sp=0x000000fcc6ffe2b8 mode 0
Event: 23.942 Thread 0x0000024a1aa39ce0 DEOPT PACKING pc=0x0000024a0389d693 sp=0x000000fcc6ffed50
Event: 23.942 Thread 0x0000024a1aa39ce0 DEOPT UNPACKING pc=0x0000024a0a166e43 sp=0x000000fcc6ffe2b8 mode 0
Event: 23.945 Thread 0x0000024a1aa39ce0 DEOPT PACKING pc=0x0000024a0389d613 sp=0x000000fcc6ffed50
Event: 23.945 Thread 0x0000024a1aa39ce0 DEOPT UNPACKING pc=0x0000024a0a166e43 sp=0x000000fcc6ffe2b8 mode 0
Event: 23.948 Thread 0x0000024a1aa39ce0 DEOPT PACKING pc=0x0000024a0389d613 sp=0x000000fcc6ffed50
Event: 23.948 Thread 0x0000024a1aa39ce0 DEOPT UNPACKING pc=0x0000024a0a166e43 sp=0x000000fcc6ffe2b8 mode 0
Event: 23.950 Thread 0x0000024a1aa39ce0 DEOPT PACKING pc=0x0000024a0389d613 sp=0x000000fcc6ffed50
Event: 23.950 Thread 0x0000024a1aa39ce0 DEOPT UNPACKING pc=0x0000024a0a166e43 sp=0x000000fcc6ffe2b8 mode 0
Event: 23.953 Thread 0x0000024a1aa39ce0 DEOPT PACKING pc=0x0000024a0389d613 sp=0x000000fcc6ffed50
Event: 23.953 Thread 0x0000024a1aa39ce0 DEOPT UNPACKING pc=0x0000024a0a166e43 sp=0x000000fcc6ffe2b8 mode 0

Classes unloaded (7 events):
Event: 8.863 Thread 0x0000024a7ea713b0 Unloading class 0x0000000100254400 'java/lang/invoke/LambdaForm$MH+0x0000000100254400'
Event: 8.863 Thread 0x0000024a7ea713b0 Unloading class 0x0000000100254000 'java/lang/invoke/LambdaForm$MH+0x0000000100254000'
Event: 8.863 Thread 0x0000024a7ea713b0 Unloading class 0x0000000100253c00 'java/lang/invoke/LambdaForm$MH+0x0000000100253c00'
Event: 8.863 Thread 0x0000024a7ea713b0 Unloading class 0x0000000100253800 'java/lang/invoke/LambdaForm$MH+0x0000000100253800'
Event: 8.863 Thread 0x0000024a7ea713b0 Unloading class 0x0000000100253400 'java/lang/invoke/LambdaForm$BMH+0x0000000100253400'
Event: 8.863 Thread 0x0000024a7ea713b0 Unloading class 0x0000000100253000 'java/lang/invoke/LambdaForm$DMH+0x0000000100253000'
Event: 8.863 Thread 0x0000024a7ea713b0 Unloading class 0x0000000100250400 'java/lang/invoke/LambdaForm$DMH+0x0000000100250400'

Classes redefined (0 events):
No events

Internal exceptions (20 events):
Event: 22.173 Thread 0x0000024a1aa392c0 Exception <a 'sun/nio/fs/WindowsException'{0x00000000eb09a328}> (0x00000000eb09a328) 
thrown [s\src\hotspot\share\prims\jni.cpp, line 516]
Event: 22.174 Thread 0x0000024a1aa392c0 Exception <a 'sun/nio/fs/WindowsException'{0x00000000eb09da00}> (0x00000000eb09da00) 
thrown [s\src\hotspot\share\prims\jni.cpp, line 516]
Event: 22.176 Thread 0x0000024a1aa392c0 Exception <a 'sun/nio/fs/WindowsException'{0x00000000eb0a10f0}> (0x00000000eb0a10f0) 
thrown [s\src\hotspot\share\prims\jni.cpp, line 516]
Event: 22.176 Thread 0x0000024a1aa392c0 Exception <a 'sun/nio/fs/WindowsException'{0x00000000eb0baaf0}> (0x00000000eb0baaf0) 
thrown [s\src\hotspot\share\prims\jni.cpp, line 516]
Event: 22.179 Thread 0x0000024a1aa392c0 Exception <a 'sun/nio/fs/WindowsException'{0x00000000eb0bdd48}> (0x00000000eb0bdd48) 
thrown [s\src\hotspot\share\prims\jni.cpp, line 516]
Event: 22.180 Thread 0x0000024a1aa392c0 Exception <a 'sun/nio/fs/WindowsException'{0x00000000eb0c1158}> (0x00000000eb0c1158) 
thrown [s\src\hotspot\share\prims\jni.cpp, line 516]
Event: 22.181 Thread 0x0000024a1aa392c0 Exception <a 'sun/nio/fs/WindowsException'{0x00000000eb0c4748}> (0x00000000eb0c4748) 
thrown [s\src\hotspot\share\prims\jni.cpp, line 516]
Event: 22.182 Thread 0x0000024a1aa392c0 Exception <a 'sun/nio/fs/WindowsException'{0x00000000eb0c7ff0}> (0x00000000eb0c7ff0) 
thrown [s\src\hotspot\share\prims\jni.cpp, line 516]
Event: 22.184 Thread 0x0000024a1aa392c0 Exception <a 'sun/nio/fs/WindowsException'{0x00000000eb0cb718}> (0x00000000eb0cb718) 
thrown [s\src\hotspot\share\prims\jni.cpp, line 516]
Event: 22.186 Thread 0x0000024a1aa392c0 Exception <a 'sun/nio/fs/WindowsException'{0x00000000eb0cf5d8}> (0x00000000eb0cf5d8) 
thrown [s\src\hotspot\share\prims\jni.cpp, line 516]
Event: 22.187 Thread 0x0000024a1aa392c0 Exception <a 'sun/nio/fs/WindowsException'{0x00000000eb0d3798}> (0x00000000eb0d3798) 
thrown [s\src\hotspot\share\prims\jni.cpp, line 516]
Event: 22.188 Thread 0x0000024a1aa392c0 Exception <a 'sun/nio/fs/WindowsException'{0x00000000eb0d6e18}> (0x00000000eb0d6e18) 
thrown [s\src\hotspot\share\prims\jni.cpp, line 516]
Event: 22.189 Thread 0x0000024a1aa392c0 Exception <a 'sun/nio/fs/WindowsException'{0x00000000eb0da8b8}> (0x00000000eb0da8b8) 
thrown [s\src\hotspot\share\prims\jni.cpp, line 516]
Event: 22.190 Thread 0x0000024a1aa392c0 Exception <a 'sun/nio/fs/WindowsException'{0x00000000eb0ddd48}> (0x00000000eb0ddd48) 
thrown [s\src\hotspot\share\prims\jni.cpp, line 516]
Event: 22.191 Thread 0x0000024a1aa392c0 Exception <a 'sun/nio/fs/WindowsException'{0x00000000eb0e1158}> (0x00000000eb0e1158) 
thrown [s\src\hotspot\share\prims\jni.cpp, line 516]
Event: 22.192 Thread 0x0000024a1aa392c0 Exception <a 'sun/nio/fs/WindowsException'{0x00000000eb0e49a0}> (0x00000000eb0e49a0) 
thrown [s\src\hotspot\share\prims\jni.cpp, line 516]
Event: 22.193 Thread 0x0000024a1aa392c0 Exception <a 'sun/nio/fs/WindowsException'{0x00000000eb0e8330}> (0x00000000eb0e8330) 
thrown [s\src\hotspot\share\prims\jni.cpp, line 516]
Event: 22.307 Thread 0x0000024a1aa392c0 Exception <a 'java/lang/NoSuchMethodError'{0x00000000eaeeb150}: 'void java.lang.invoke.DirectMethodHandle$Holder.invokeStatic(java.lang.Object, long)'> (0x00000000eaeeb150) 
thrown [s\src\hotspot\share\interpreter\linkResolver.cpp, line 759]
Event: 22.330 Thread 0x0000024a1aa392c0 Exception <a 'java/lang/NoSuchMethodError'{0x00000000eaef04f8}: 'java.lang.Object java.lang.invoke.DirectMethodHandle$Holder.newInvokeSpecial(java.lang.Object, long)'> (0x00000000eaef04f8) 
thrown [s\src\hotspot\share\interpreter\linkResolver.cpp, line 759]
Event: 22.675 Thread 0x0000024a1aa39ce0 Implicit null exception at 0x0000024a0aabb84d to 0x0000024a0aabf6b8

VM Operations (20 events):
Event: 23.741 Executing VM operation: ParallelGCFailedAllocation done
Event: 23.761 Executing VM operation: ParallelGCFailedAllocation
Event: 23.763 Executing VM operation: ParallelGCFailedAllocation done
Event: 23.782 Executing VM operation: ParallelGCFailedAllocation
Event: 23.784 Executing VM operation: ParallelGCFailedAllocation done
Event: 23.800 Executing VM operation: ParallelGCFailedAllocation
Event: 23.801 Executing VM operation: ParallelGCFailedAllocation done
Event: 23.819 Executing VM operation: ParallelGCFailedAllocation
Event: 23.820 Executing VM operation: ParallelGCFailedAllocation done
Event: 23.838 Executing VM operation: ParallelGCFailedAllocation
Event: 23.839 Executing VM operation: ParallelGCFailedAllocation done
Event: 23.862 Executing VM operation: ParallelGCFailedAllocation
Event: 23.864 Executing VM operation: ParallelGCFailedAllocation done
Event: 23.888 Executing VM operation: ParallelGCFailedAllocation
Event: 23.889 Executing VM operation: ParallelGCFailedAllocation done
Event: 23.915 Executing VM operation: ParallelGCFailedAllocation
Event: 23.916 Executing VM operation: ParallelGCFailedAllocation done
Event: 23.932 Executing VM operation: ParallelGCFailedAllocation
Event: 23.933 Executing VM operation: ParallelGCFailedAllocation done
Event: 23.955 Executing VM operation: ParallelGCFailedAllocation

Events (20 events):
Event: 22.491 Thread 0x0000024a18b8c650 flushing nmethod 0x0000024a038e6390
Event: 22.491 Thread 0x0000024a18b8c650 flushing nmethod 0x0000024a038f2a90
Event: 22.491 Thread 0x0000024a18b8c650 flushing nmethod 0x0000024a03921e10
Event: 22.491 Thread 0x0000024a18b8c650 flushing nmethod 0x0000024a03928d90
Event: 22.492 Thread 0x0000024a18b8c650 flushing nmethod 0x0000024a03935090
Event: 22.492 Thread 0x0000024a18b8c650 flushing nmethod 0x0000024a03956a90
Event: 22.492 Thread 0x0000024a18b8c650 flushing nmethod 0x0000024a03968410
Event: 22.492 Thread 0x0000024a18b8c650 flushing nmethod 0x0000024a03972610
Event: 22.492 Thread 0x0000024a18b8c650 flushing nmethod 0x0000024a039a3e90
Event: 22.492 Thread 0x0000024a18b8c650 flushing nmethod 0x0000024a039b4590
Event: 22.492 Thread 0x0000024a18b8c650 flushing nmethod 0x0000024a039d7410
Event: 22.492 Thread 0x0000024a18b8c650 flushing nmethod 0x0000024a039d7790
Event: 22.492 Thread 0x0000024a18b8c650 flushing nmethod 0x0000024a039d8610
Event: 22.492 Thread 0x0000024a18b8c650 flushing nmethod 0x0000024a03a05d90
Event: 22.492 Thread 0x0000024a18b8c650 flushing nmethod 0x0000024a03a19990
Event: 22.492 Thread 0x0000024a18b8c650 flushing nmethod 0x0000024a03a3c090
Event: 22.958 Thread 0x0000024a1af325a0 Thread exited: 0x0000024a1af325a0
Event: 22.962 Thread 0x0000024a1af31060 Thread exited: 0x0000024a1af31060
Event: 23.731 Thread 0x0000024a1af30070 Thread added: 0x0000024a1af30070
Event: 23.899 Thread 0x0000024a1af325a0 Thread added: 0x0000024a1af325a0


Dynamic libraries:
0x00007ff7e0120000 - 0x00007ff7e012e000 	c:\Users\SXRBS\.vscode\extensions\redhat.java-1.28.1-win32-x64\jre\17.0.10-win32-x86_64\bin\java.exe
0x00007ffdf4f20000 - 0x00007ffdf510e000 	C:\Windows\SYSTEM32\ntdll.dll
0x00007ffdf4d30000 - 0x00007ffdf4de3000 	C:\Windows\System32\KERNEL32.DLL
0x00007ffdf1a20000 - 0x00007ffdf1cbd000 	C:\Windows\System32\KERNELBASE.dll
0x00007ffdf1e10000 - 0x00007ffdf1f0a000 	C:\Windows\System32\ucrtbase.dll
0x00007ffdd94a0000 - 0x00007ffdd94b7000 	c:\Users\SXRBS\.vscode\extensions\redhat.java-1.28.1-win32-x64\jre\17.0.10-win32-x86_64\bin\jli.dll
0x00007ffdf49b0000 - 0x00007ffdf4b47000 	C:\Windows\System32\USER32.dll
0x00007ffdf1200000 - 0x00007ffdf1220000 	C:\Windows\System32\win32u.dll
0x00007ffdf4be0000 - 0x00007ffdf4c09000 	C:\Windows\System32\GDI32.dll
0x00007ffdf0ff0000 - 0x00007ffdf119a000 	C:\Windows\System32\gdi32full.dll
0x00007ffdf1cc0000 - 0x00007ffdf1d60000 	C:\Windows\System32\msvcp_win.dll
0x00007ffdd8810000 - 0x00007ffdd882b000 	c:\Users\SXRBS\.vscode\extensions\redhat.java-1.28.1-win32-x64\jre\17.0.10-win32-x86_64\bin\VCRUNTIME140.dll
0x00007ffde0410000 - 0x00007ffde0689000 	C:\Windows\WinSxS\amd64_microsoft.windows.common-controls_6595b64144ccf1df_6.0.17763.5458_none_de7234b4534a7f0e\COMCTL32.dll
0x00007ffdf4c10000 - 0x00007ffdf4cae000 	C:\Windows\System32\msvcrt.dll
0x00007ffdf4510000 - 0x00007ffdf483b000 	C:\Windows\System32\combase.dll
0x00007ffdf2140000 - 0x00007ffdf225d000 	C:\Windows\System32\RPCRT4.dll
0x00007ffdf1d80000 - 0x00007ffdf1e02000 	C:\Windows\System32\bcryptPrimitives.dll
0x00007ffdf4bb0000 - 0x00007ffdf4bde000 	C:\Windows\System32\IMM32.DLL
0x00000000510f0000 - 0x00000000510fd000 	C:\Program Files (x86)\360\360Safe\safemon\SafeWrapper.dll
0x00007ffdf2490000 - 0x00007ffdf2538000 	C:\Windows\System32\ADVAPI32.dll
0x00007ffdf2670000 - 0x00007ffdf2712000 	C:\Windows\System32\sechost.dll
0x00007ffdf2110000 - 0x00007ffdf2136000 	C:\Windows\System32\bcrypt.dll
0x00007ffddd050000 - 0x00007ffddd0fc000 	C:\Program Files (x86)\360\360Safe\safemon\libzdtp64.dll
0x00007ffdf2c10000 - 0x00007ffdf4108000 	C:\Windows\System32\SHELL32.dll
0x00007ffdf0fa0000 - 0x00007ffdf0fea000 	C:\Windows\System32\cfgmgr32.dll
0x00007ffdf2280000 - 0x00007ffdf2327000 	C:\Windows\System32\shcore.dll
0x00007ffdf12d0000 - 0x00007ffdf1a17000 	C:\Windows\System32\windows.storage.dll
0x00007ffdf0f70000 - 0x00007ffdf0f93000 	C:\Windows\System32\profapi.dll
0x00007ffdf0ef0000 - 0x00007ffdf0f4d000 	C:\Windows\System32\powrprof.dll
0x00007ffdf4b50000 - 0x00007ffdf4ba2000 	C:\Windows\System32\shlwapi.dll
0x00007ffdf0ed0000 - 0x00007ffdf0ee1000 	C:\Windows\System32\kernel.appcore.dll
0x00007ffdf1d60000 - 0x00007ffdf1d7b000 	C:\Windows\System32\cryptsp.dll
0x00007ffdf0c70000 - 0x00007ffdf0c7a000 	C:\Windows\SYSTEM32\VERSION.dll
0x00007ffde17b0000 - 0x00007ffde17bc000 	c:\Users\SXRBS\.vscode\extensions\redhat.java-1.28.1-win32-x64\jre\17.0.10-win32-x86_64\bin\vcruntime140_1.dll
0x00007ffdb9da0000 - 0x00007ffdb9e2d000 	c:\Users\SXRBS\.vscode\extensions\redhat.java-1.28.1-win32-x64\jre\17.0.10-win32-x86_64\bin\msvcp140.dll
0x00007ffdb7600000 - 0x00007ffdb8262000 	c:\Users\SXRBS\.vscode\extensions\redhat.java-1.28.1-win32-x64\jre\17.0.10-win32-x86_64\bin\server\jvm.dll
0x00007ffde9160000 - 0x00007ffde9169000 	C:\Windows\SYSTEM32\WSOCK32.dll
0x00007ffdf4e80000 - 0x00007ffdf4eed000 	C:\Windows\System32\WS2_32.dll
0x00007ffdeecb0000 - 0x00007ffdeecd4000 	C:\Windows\SYSTEM32\WINMM.dll
0x00007ffdeeb90000 - 0x00007ffdeebbd000 	C:\Windows\SYSTEM32\winmmbase.dll
0x00007ffde08d0000 - 0x00007ffde08da000 	c:\Users\SXRBS\.vscode\extensions\redhat.java-1.28.1-win32-x64\jre\17.0.10-win32-x86_64\bin\jimage.dll
0x00007ffdf07a0000 - 0x00007ffdf098d000 	C:\Windows\SYSTEM32\DBGHELP.DLL
0x00007ffdf06f0000 - 0x00007ffdf071a000 	C:\Windows\SYSTEM32\dbgcore.DLL
0x00007ffddd030000 - 0x00007ffddd03e000 	c:\Users\SXRBS\.vscode\extensions\redhat.java-1.28.1-win32-x64\jre\17.0.10-win32-x86_64\bin\instrument.dll
0x00007ffdce310000 - 0x00007ffdce335000 	c:\Users\SXRBS\.vscode\extensions\redhat.java-1.28.1-win32-x64\jre\17.0.10-win32-x86_64\bin\java.dll
0x00007ffddd010000 - 0x00007ffddd028000 	c:\Users\SXRBS\.vscode\extensions\redhat.java-1.28.1-win32-x64\jre\17.0.10-win32-x86_64\bin\zip.dll
0x00007ffdd0060000 - 0x00007ffdd0079000 	C:\Users\SXRBS\.vscode\extensions\redhat.java-1.28.1-win32-x64\jre\17.0.10-win32-x86_64\bin\net.dll
0x00007ffde5210000 - 0x00007ffde530d000 	C:\Windows\SYSTEM32\WINHTTP.dll
0x00007ffdf0170000 - 0x00007ffdf01d7000 	C:\Windows\system32\mswsock.dll
0x00007ffdceae0000 - 0x00007ffdceaf6000 	C:\Users\SXRBS\.vscode\extensions\redhat.java-1.28.1-win32-x64\jre\17.0.10-win32-x86_64\bin\nio.dll
0x00007ffddc890000 - 0x00007ffddc8a0000 	c:\Users\SXRBS\.vscode\extensions\redhat.java-1.28.1-win32-x64\jre\17.0.10-win32-x86_64\bin\verify.dll
0x00007ffdbae30000 - 0x00007ffdbae6e000 	C:\Users\SXRBS\AppData\Roaming\Code\User\globalStorage\redhat.java\1.28.1\config_win\org.eclipse.equinox.launcher\org.eclipse.equinox.launcher.win32.win32.x86_64_1.2.900.v20240129-1338\eclipse_11900.dll
0x00007ffdf2330000 - 0x00007ffdf2486000 	C:\Windows\System32\ole32.dll
0x00007ffdefd50000 - 0x00007ffdefd83000 	C:\Windows\system32\rsaenh.dll
0x00007ffdf0e00000 - 0x00007ffdf0e29000 	C:\Windows\SYSTEM32\USERENV.dll
0x00007ffdf0340000 - 0x00007ffdf034c000 	C:\Windows\SYSTEM32\CRYPTBASE.dll
0x00007ffdf0410000 - 0x00007ffdf044d000 	C:\Windows\SYSTEM32\IPHLPAPI.DLL
0x00007ffdf4e70000 - 0x00007ffdf4e78000 	C:\Windows\System32\NSI.dll
0x00007ffde9c80000 - 0x00007ffde9c96000 	C:\Windows\SYSTEM32\dhcpcsvc6.DLL
0x00007ffde9bb0000 - 0x00007ffde9bcc000 	C:\Windows\SYSTEM32\dhcpcsvc.DLL
0x00007ffdefee0000 - 0x00007ffdeffa6000 	C:\Windows\SYSTEM32\DNSAPI.dll
0x00007ffdbade0000 - 0x00007ffdbae25000 	C:\Users\SXRBS\AppData\Local\Temp\jna-79354782\jna11026764345665123965.dll
0x00007ffdf2c00000 - 0x00007ffdf2c08000 	C:\Windows\System32\PSAPI.DLL

dbghelp: loaded successfully - version: 4.0.5 - missing functions: none
symbol engine: initialized successfully - sym options: 0x614 - pdb path: .;c:\Users\SXRBS\.vscode\extensions\redhat.java-1.28.1-win32-x64\jre\17.0.10-win32-x86_64\bin;C:\Windows\SYSTEM32;C:\Windows\WinSxS\amd64_microsoft.windows.common-controls_6595b64144ccf1df_6.0.17763.5458_none_de7234b4534a7f0e;C:\Program Files (x86)\360\360Safe\safemon;c:\Users\SXRBS\.vscode\extensions\redhat.java-1.28.1-win32-x64\jre\17.0.10-win32-x86_64\bin\server;C:\Users\SXRBS\AppData\Roaming\Code\User\globalStorage\redhat.java\1.28.1\config_win\org.eclipse.equinox.launcher\org.eclipse.equinox.launcher.win32.win32.x86_64_1.2.900.v20240129-1338;C:\Users\SXRBS\AppData\Local\Temp\jna-79354782

VM Arguments:
jvm_args: --add-modules=ALL-SYSTEM --add-opens=java.base/java.util=ALL-UNNAMED --add-opens=java.base/java.lang=ALL-UNNAMED --add-opens=java.base/sun.nio.fs=ALL-UNNAMED -Declipse.application=org.eclipse.jdt.ls.core.id1 -Dosgi.bundles.defaultStartLevel=4 -Declipse.product=org.eclipse.jdt.ls.core.product -Djava.import.generatesMetadataFilesAtProjectRoot=false -DDetectVMInstallationsJob.disabled=true -Dfile.encoding=utf8 -XX:+UseParallelGC -XX:GCTimeRatio=4 -XX:AdaptiveSizePolicyWeight=90 -Dsun.zip.disableMemoryMapping=true -Xmx1G -Xms100m -Xlog:disable -javaagent:c:\Users\SXRBS\.vscode\extensions\redhat.java-1.28.1-win32-x64\lombok\lombok-1.18.31.jar -XX:+HeapDumpOnOutOfMemoryError -XX:HeapDumpPath=c:\Users\SXRBS\AppData\Roaming\Code\User\workspaceStorage\c8669b37ec549c97780dae6a6d3fc7b2\redhat.java -Daether.dependencyCollector.impl=bf 
java_command: c:\Users\SXRBS\.vscode\extensions\redhat.java-1.28.1-win32-x64\server\plugins\org.eclipse.equinox.launcher_1.6.700.v20231214-2017.jar -configuration c:\Users\SXRBS\AppData\Roaming\Code\User\globalStorage\redhat.java\1.28.1\config_win -data c:\Users\SXRBS\AppData\Roaming\Code\User\workspaceStorage\c8669b37ec549c97780dae6a6d3fc7b2\redhat.java\jdt_ws --stdio
java_class_path (initial): c:\Users\SXRBS\.vscode\extensions\redhat.java-1.28.1-win32-x64\server\plugins\org.eclipse.equinox.launcher_1.6.700.v20231214-2017.jar
Launcher Type: SUN_STANDARD

[Global flags]
    uintx AdaptiveSizePolicyWeight                 = 90                                        {product} {command line}
     intx CICompilerCount                          = 4                                         {product} {ergonomic}
    uintx GCTimeRatio                              = 4                                         {product} {command line}
     bool HeapDumpOnOutOfMemoryError               = true                                   {manageable} {command line}
    ccstr HeapDumpPath                             = c:\Users\SXRBS\AppData\Roaming\Code\User\workspaceStorage\c8669b37ec549c97780dae6a6d3fc7b2\redhat.java         {manageable} {command line}
   size_t InitialHeapSize                          = 104857600                                 {product} {command line}
   size_t MaxHeapSize                              = 1073741824                                {product} {command line}
   size_t MaxNewSize                               = 357564416                                 {product} {ergonomic}
   size_t MinHeapDeltaBytes                        = 524288                                    {product} {ergonomic}
   size_t MinHeapSize                              = 104857600                                 {product} {command line}
   size_t NewSize                                  = 34603008                                  {product} {ergonomic}
    uintx NonNMethodCodeHeapSize                   = 5839372                                {pd product} {ergonomic}
    uintx NonProfiledCodeHeapSize                  = 122909434                              {pd product} {ergonomic}
   size_t OldSize                                  = 70254592                                  {product} {ergonomic}
    uintx ProfiledCodeHeapSize                     = 122909434                              {pd product} {ergonomic}
    uintx ReservedCodeCacheSize                    = 251658240                              {pd product} {ergonomic}
     bool SegmentedCodeCache                       = true                                      {product} {ergonomic}
   size_t SoftMaxHeapSize                          = 1073741824                             {manageable} {ergonomic}
     bool UseCompressedClassPointers               = true                           {product lp64_product} {ergonomic}
     bool UseCompressedOops                        = true                           {product lp64_product} {ergonomic}
     bool UseLargePagesIndividualAllocation        = false                                  {pd product} {ergonomic}
     bool UseParallelGC                            = true                                      {product} {command line}

Logging:
Log output configuration:
 #0: stdout all=off uptime,level,tags
 #1: stderr all=off uptime,level,tags

Environment Variables:
JAVA_HOME=C:\Program Files\Java\jdk-17
PATH=C:\Program Files\Common Files\Oracle\Java\javapath;C:\Windows\system32;C:\Windows;C:\Windows\System32\Wbem;C:\Windows\System32\WindowsPowerShell\v1.0\;C:\Windows\System32\OpenSSH\;C:\Program Files\Java\jdk-17\bin;C:\Program Files\nodejs\;C:\Program Files\Redis;C:\Program Files\Microsoft SQL Server\150\Tools\Binn\;C:\Program Files\Microsoft SQL Server\Client SDK\ODBC\170\Tools\Binn\;C:\Program Files\dotnet\;C:\Program Files (x86)\Microsoft SQL Server\160\DTS\Binn\;C:\Program Files\Azure Data Studio\bin;C:\Program Files (x86)\NetSarang\Xshell 7\;C:\Program Files (x86)\NetSarang\Xftp 7\;C:\Users\SXRBS\AppData\Local\Microsoft\WindowsApps;C:\Users\SXRBS\AppData\Roaming\npm;C:\Users\SXRBS\.dotnet\tools;C:\Program Files\Azure Data Studio\bin;C:\Users\SXRBS\AppData\Local\Programs\Microsoft VS Code\bin
USERNAME=SXRBS
OS=Windows_NT
PROCESSOR_IDENTIFIER=Intel64 Family 6 Model 158 Stepping 9, GenuineIntel
TMP=C:\Users\SXRBS\AppData\Local\Temp
TEMP=C:\Users\SXRBS\AppData\Local\Temp



Periodic native trim disabled


---------------  S Y S T E M  ---------------

OS:
 Windows 10 , 64 bit Build 17763 (10.0.17763.4974)
OS uptime: 0 days 0:38 hours

CPU: total 8 (initial active 8) (4 cores per cpu, 2 threads per core) family 6 model 158 stepping 9 microcode 0x8e, cx8, cmov, fxsr, ht, mmx, 3dnowpref, sse, sse2, sse3, ssse3, sse4.1, sse4.2, popcnt, lzcnt, tsc, tscinvbit, avx, avx2, aes, erms, clmul, bmi1, bmi2, rtm, adx, fma, vzeroupper, clflush, clflushopt
Processor Information for all 8 processors :
  Max Mhz: 3600, Current Mhz: 3600, Mhz Limit: 3600

Memory: 4k page, system-wide physical 32674M (20376M free)
TotalPageFile size 65442M (AvailPageFile size 49435M)
current process WorkingSet (physical memory assigned to process): 332M, peak: 335M
current process commit charge ("private bytes"): 342M, peak: 345M

vm_info: OpenJDK 64-Bit Server VM (17.0.10+7) for windows-amd64 JRE (17.0.10+7), built on Jan 16 2024 23:25:11 by "admin" with MS VC++ 16.10 / 16.11 (VS2019)

END.
