#
# A fatal error has been detected by the Java Runtime Environment:
#
#  EXCEPTION_ACCESS_VIOLATION (0xc0000005) at pc=0x00007ffdb4a4cb30, pid=16548, tid=15956
#
# JRE version: OpenJDK Runtime Environment Temurin-17.0.10+7 (17.0.10+7) (build 17.0.10+7)
# Java VM: OpenJDK 64-Bit Server VM Temurin-17.0.10+7 (17.0.10+7, mixed mode, tiered, compressed oops, compressed class ptrs, parallel gc, windows-amd64)
# Problematic frame:
# V  [jvm.dll+0xcb30]
#
# No core dump will be written. Minidumps are not enabled by default on client versions of Windows
#
# If you would like to submit a bug report, please visit:
#   https://github.com/adoptium/adoptium-support/issues
#

---------------  S U M M A R Y ------------

Command Line: --add-modules=ALL-SYSTEM --add-opens=java.base/java.util=ALL-UNNAMED --add-opens=java.base/java.lang=ALL-UNNAMED --add-opens=java.base/sun.nio.fs=ALL-UNNAMED -Declipse.application=org.eclipse.jdt.ls.core.id1 -Dosgi.bundles.defaultStartLevel=4 -Declipse.product=org.eclipse.jdt.ls.core.product -Djava.import.generatesMetadataFilesAtProjectRoot=false -DDetectVMInstallationsJob.disabled=true -Dfile.encoding=utf8 -XX:+UseParallelGC -XX:GCTimeRatio=4 -XX:AdaptiveSizePolicyWeight=90 -Dsun.zip.disableMemoryMapping=true -Xmx1G -Xms100m -Xlog:disable -javaagent:c:\Users\SXRBS\.vscode\extensions\redhat.java-1.28.1-win32-x64\lombok\lombok-1.18.31.jar -XX:+HeapDumpOnOutOfMemoryError -XX:HeapDumpPath=c:\Users\SXRBS\AppData\Roaming\Code\User\workspaceStorage\c8669b37ec549c97780dae6a6d3fc7b2\redhat.java -Daether.dependencyCollector.impl=bf c:\Users\SXRBS\.vscode\extensions\redhat.java-1.28.1-win32-x64\server\plugins\org.eclipse.equinox.launcher_1.6.700.v20231214-2017.jar -configuration c:\Users\SXRBS\AppData\Roaming\Code\User\globalStorage\redhat.java\1.28.1\config_win -data c:\Users\SXRBS\AppData\Roaming\Code\User\workspaceStorage\c8669b37ec549c97780dae6a6d3fc7b2\redhat.java\jdt_ws --stdio

Host: Intel(R) Core(TM) i7-7700 CPU @ 3.60GHz, 8 cores, 31G,  Windows 10 , 64 bit Build 17763 (10.0.17763.4974)
Time: Tue Feb 27 07:53:07 2024 中国标准时间 elapsed time: 34.022916 seconds (0d 0h 0m 34s)

---------------  T H R E A D  ---------------

Current thread (0x00000236c4b963d0):  GCTaskThread "GC Thread#1" [stack: 0x0000009cf8600000,0x0000009cf8700000] [id=15956]

Stack: [0x0000009cf8600000,0x0000009cf8700000],  sp=0x0000009cf86ff5d8,  free space=1021k
Native frames: (J=compiled Java code, j=interpreted, Vv=VM code, C=native code)
V  [jvm.dll+0xcb30]


siginfo: EXCEPTION_ACCESS_VIOLATION (0xc0000005), reading address 0x0000000000000100


Registers:
RAX=0x0000000000000000, RBX=0x0000000000000009, RCX=0x0000000100040ab0, RDX=0x00000000eb497a98
RSP=0x0000009cf86ff5d8, RBP=0x00000236a8058e00, RSI=0x00000000d3bf93a0, RDI=0x00000236be38e780
R8 =0x0000000100040ab0, R9 =0x0000000000000001, R10=0x0000000000000000, R11=0x00000236be38e780
R12=0x0000000000000000, R13=0x0000000000000010, R14=0x00000000eb497a98, R15=0x00000236be38e780
RIP=0x00007ffdb4a4cb30, EFLAGS=0x0000000000010246


Register to memory mapping:

RIP=0x00007ffdb4a4cb30 jvm.dll
RAX=0x0 is NULL
RBX=0x0000000000000009 is an unknown value
RCX=0x0000000100040ab0 is pointing into metadata
RDX=0x00000000eb497a98 points into unknown readable memory: 0x0000000000000009 | 09 00 00 00 00 00 00 00
RSP=0x0000009cf86ff5d8 points into unknown readable memory: 0x00007ffdb50fa5e1 | e1 a5 0f b5 fd 7f 00 00
RBP=0x00000236a8058e00 points into unknown readable memory: 0x0000006c006c0064 | 64 00 6c 00 6c 00 00 00
RSI=0x00000000d3bf93a0 is pointing into object: [Ljava.lang.Object; 
{0x00000000d3b8c948} - klass: 'java/lang/Object'[]
 - length: 172028
RDI=0x00000236be38e780 points into unknown readable memory: 0x00007ffdb53f1db8 | b8 1d 3f b5 fd 7f 00 00
R8 =0x0000000100040ab0 is pointing into metadata
R9 =0x0000000000000001 is an unknown value
R10=0x0 is NULL
R11=0x00000236be38e780 points into unknown readable memory: 0x00007ffdb53f1db8 | b8 1d 3f b5 fd 7f 00 00
R12=0x0 is NULL
R13=0x0000000000000010 is an unknown value
R14=0x00000000eb497a98 points into unknown readable memory: 0x0000000000000009 | 09 00 00 00 00 00 00 00
R15=0x00000236be38e780 points into unknown readable memory: 0x00007ffdb53f1db8 | b8 1d 3f b5 fd 7f 00 00


Top of Stack: (sp=0x0000009cf86ff5d8)
0x0000009cf86ff5d8:   00007ffdb50fa5e1 00000000eb594440
0x0000009cf86ff5e8:   00007ffdf4f343b0 0000000000000000
0x0000009cf86ff5f8:   00007ffdb510105f 00000236be391500
0x0000009cf86ff608:   00000000eabe1100 00000000eb18af70
0x0000009cf86ff618:   0000000000001000 00000000eb18af70
0x0000009cf86ff628:   0000000000001000 0000000000000010
0x0000009cf86ff638:   0000000000000000 000000000000000c
0x0000009cf86ff648:   0000000000000000 00000000d3bf93a0
0x0000009cf86ff658:   00000236a8058e30 0000000000000009
0x0000009cf86ff668:   00007ffdb50fb820 00000236be38e780
0x0000009cf86ff678:   0000000000000003 0000000000000009
0x0000009cf86ff688:   00007ffdf1a9d1d7 00000000d3b8a8d0
0x0000009cf86ff698:   00000000d3c34948 0000000000000000
0x0000009cf86ff6a8:   00000236bbccdc64 00000000d3c34948
0x0000009cf86ff6b8:   00000000d3c34948 00000236bbcce1a5
0x0000009cf86ff6c8:   00000236a8058e30 00000236be38e780
0x0000009cf86ff6d8:   00007ffdb50ee07f 00000236be38e780
0x0000009cf86ff6e8:   00007ffdb53f0f00 000000000000000c
0x0000009cf86ff6f8:   00007ffdb50fb4f2 00000236bbcce1a5
0x0000009cf86ff708:   00000000d3c34948 00000236bbccdc00
0x0000009cf86ff718:   00000236bbccdc00 00000236bbcdb8b4
0x0000009cf86ff728:   00007ffdb53f0fb0 00000236a99f67b0
0x0000009cf86ff738:   00000236be38e780 0000000000000400
0x0000009cf86ff748:   0000000000000000 00000236c46e5af0
0x0000009cf86ff758:   0000000000000000 0000000000000000
0x0000009cf86ff768:   0000009cf77ff530 00000236c4b963d0
0x0000009cf86ff778:   00000236be38e780 0000000000000000
0x0000009cf86ff788:   00000236c46e5af0 0000009cf86ff839
0x0000009cf86ff798:   00007ffdb50fe2f3 00000236a7fe9820
0x0000009cf86ff7a8:   00000236a8058e30 00000236bbcce1a5
0x0000009cf86ff7b8:   00000000d57166f0 00000236be38e780
0x0000009cf86ff7c8:   0000000000000000 0000000000000008 

Instructions: (pc=0x00007ffdb4a4cb30)
0x00007ffdb4a4ca30:   8b d0 48 85 c0 74 20 48 8b c7 f0 48 0f b1 13 74
0x00007ffdb4a4ca40:   16 48 85 05 d0 49 bb 00 74 0d 48 8b c8 f0 48 0f
0x00007ffdb4a4ca50:   b1 13 48 3b c1 75 ea 48 8b 5c 24 30 48 8b c2 48
0x00007ffdb4a4ca60:   83 c4 20 5f c3 cc cc cc cc cc cc cc cc cc cc cc
0x00007ffdb4a4ca70:   4c 8b 01 4c 8b c9 48 8b 0d 53 60 b6 00 ba 64 60
0x00007ffdb4a4ca80:   08 00 e9 49 f1 ff ff cc cc cc cc cc cc cc cc cc
0x00007ffdb4a4ca90:   8b 05 62 a8 b0 00 c3 cc cc cc cc cc cc cc cc cc
0x00007ffdb4a4caa0:   0f b6 05 db 68 b7 00 48 8b d1 84 c0 74 16 44 8b
0x00007ffdb4a4cab0:   41 08 8b 0d 40 a8 b0 00 49 d3 e0 4c 03 05 2e a8
0x00007ffdb4a4cac0:   b0 00 eb 04 4c 8b 41 08 45 8b 50 08 45 85 d2 7e
0x00007ffdb4a4cad0:   0e 41 f6 c2 01 75 53 41 c1 fa 03 41 8b c2 c3 79
0x00007ffdb4a4cae0:   49 84 c0 b9 10 00 00 00 8b 05 46 b7 b0 00 41 b8
0x00007ffdb4a4caf0:   0c 00 00 00 41 0f 45 c8 ff c8 4c 63 c8 48 63 14
0x00007ffdb4a4cb00:   11 41 8b ca 83 e1 3f 48 d3 e2 41 8b ca 48 c1 f9
0x00007ffdb4a4cb10:   10 0f b6 c1 49 8d 0c 11 49 f7 d1 48 03 c1 49 c1
0x00007ffdb4a4cb20:   e9 03 48 c1 e8 03 41 23 c1 c3 49 8b 00 49 8b c8
0x00007ffdb4a4cb30:   48 ff a0 00 01 00 00 cc cc cc cc cc cc cc cc cc
0x00007ffdb4a4cb40:   8b 44 24 30 45 03 c9 44 2b 4c 24 28 83 c0 0b 44
0x00007ffdb4a4cb50:   03 ca 45 03 c8 41 03 c1 c3 cc cc cc cc cc cc cc
0x00007ffdb4a4cb60:   4c 8b ca 48 8b d1 45 8b 41 08 45 85 c0 7e 0e 41
0x00007ffdb4a4cb70:   f6 c0 01 75 56 41 c1 f8 03 41 8b c0 c3 79 4c 80
0x00007ffdb4a4cb80:   3d fc 67 b7 00 00 b8 0c 00 00 00 b9 10 00 00 00
0x00007ffdb4a4cb90:   0f 45 c8 8b 05 9b b6 b0 00 ff c8 4c 63 c8 48 63
0x00007ffdb4a4cba0:   14 11 41 8b c8 83 e1 3f 48 d3 e2 41 8b c8 48 c1
0x00007ffdb4a4cbb0:   f9 10 0f b6 c1 49 8d 0c 11 49 f7 d1 48 03 c1 49
0x00007ffdb4a4cbc0:   c1 e9 03 48 c1 e8 03 41 23 c1 c3 49 8b 01 49 8b
0x00007ffdb4a4cbd0:   c9 48 ff a0 00 01 00 00 cc cc cc cc cc cc cc cc
0x00007ffdb4a4cbe0:   48 8b 41 08 0f b7 48 2a 0f b7 40 28 83 c0 48 03
0x00007ffdb4a4cbf0:   c1 c3 cc cc cc cc cc cc cc cc cc cc cc cc cc cc
0x00007ffdb4a4cc00:   48 89 5c 24 08 57 48 83 ec 20 0f b6 05 df 4f bb
0x00007ffdb4a4cc10:   00 48 8b fa 48 8b d9 84 c0 74 4f 48 85 15 f6 47
0x00007ffdb4a4cc20:   bb 00 74 38 48 8b ca e8 54 99 85 00 48 8b d0 48 


Stack slot to memory mapping:
stack at sp + 0 slots: 0x00007ffdb50fa5e1 jvm.dll
stack at sp + 1 slots: 0x00000000eb594440 points into unknown readable memory: 0x00000000eb594448 | 48 44 59 eb 00 00 00 00
stack at sp + 2 slots: 0x00007ffdf4f343b0 ntdll.dll
stack at sp + 3 slots: 0x0 is NULL
stack at sp + 4 slots: 0x00007ffdb510105f jvm.dll
stack at sp + 5 slots: 0x00000236be391500 points into unknown readable memory: 0x00007ffdb53f1db8 | b8 1d 3f b5 fd 7f 00 00
stack at sp + 6 slots: 0x00000000eabe1100 is an oop: java.lang.String 
{0x00000000eabe1100} - klass: 'java/lang/String'
 - string: "sqdsback"
stack at sp + 7 slots: 0x00000000eb18af70 is an oop: [I 
{0x00000000eb18af70} - klass: {type array int}
 - length: 7


---------------  P R O C E S S  ---------------

Threads class SMR info:
_java_thread_list=0x00000236c358af80, length=31, elements={
0x00000236a99f74d0, 0x00000236be3987f0, 0x00000236be39a140, 0x00000236c32ab4e0,
0x00000236c32ac270, 0x00000236c32adf90, 0x00000236c32f1030, 0x00000236c32f2a20,
0x00000236c32fbed0, 0x00000236c33162a0, 0x00000236c338a5c0, 0x00000236c46048f0,
0x00000236c4f7a3b0, 0x00000236c4f0fa60, 0x00000236c50ee490, 0x00000236c50aa730,
0x00000236c4f39c80, 0x00000236c588d3e0, 0x00000236c5890170, 0x00000236c588d8f0,
0x00000236c588de00, 0x00000236c588e820, 0x00000236c588e310, 0x00000236c588fc60,
0x00000236c75e68c0, 0x00000236c75e4040, 0x00000236c75e8c30, 0x00000236c75e17c0,
0x00000236c75e9140, 0x00000236c75e4a60, 0x00000236c60d8660
}

Java Threads: ( => current thread )
  0x00000236a99f74d0 JavaThread "main" [_thread_blocked, id=2172, stack(0x0000009cf7500000,0x0000009cf7600000)]
  0x00000236be3987f0 JavaThread "Reference Handler" daemon [_thread_blocked, id=17096, stack(0x0000009cf7800000,0x0000009cf7900000)]
  0x00000236be39a140 JavaThread "Finalizer" daemon [_thread_blocked, id=17028, stack(0x0000009cf7900000,0x0000009cf7a00000)]
  0x00000236c32ab4e0 JavaThread "Signal Dispatcher" daemon [_thread_blocked, id=16996, stack(0x0000009cf7a00000,0x0000009cf7b00000)]
  0x00000236c32ac270 JavaThread "Attach Listener" daemon [_thread_blocked, id=1440, stack(0x0000009cf7b00000,0x0000009cf7c00000)]
  0x00000236c32adf90 JavaThread "Service Thread" daemon [_thread_blocked, id=9732, stack(0x0000009cf7c00000,0x0000009cf7d00000)]
  0x00000236c32f1030 JavaThread "Monitor Deflation Thread" daemon [_thread_blocked, id=2832, stack(0x0000009cf7d00000,0x0000009cf7e00000)]
  0x00000236c32f2a20 JavaThread "C2 CompilerThread0" daemon [_thread_blocked, id=14876, stack(0x0000009cf7e00000,0x0000009cf7f00000)]
  0x00000236c32fbed0 JavaThread "C1 CompilerThread0" daemon [_thread_blocked, id=17204, stack(0x0000009cf7f00000,0x0000009cf8000000)]
  0x00000236c33162a0 JavaThread "Sweeper thread" daemon [_thread_blocked, id=12012, stack(0x0000009cf8000000,0x0000009cf8100000)]
  0x00000236c338a5c0 JavaThread "Common-Cleaner" daemon [_thread_blocked, id=5560, stack(0x0000009cf8100000,0x0000009cf8200000)]
  0x00000236c46048f0 JavaThread "Notification Thread" daemon [_thread_blocked, id=16832, stack(0x0000009cf8300000,0x0000009cf8400000)]
  0x00000236c4f7a3b0 JavaThread "Active Thread: Equinox Container: 75fadde6-74f1-4943-939c-58bc3bffbc7a" [_thread_blocked, id=5152, stack(0x0000009cf8c00000,0x0000009cf8d00000)]
  0x00000236c4f0fa60 JavaThread "Framework Event Dispatcher: Equinox Container: 75fadde6-74f1-4943-939c-58bc3bffbc7a" daemon [_thread_blocked, id=15696, stack(0x0000009cf8d00000,0x0000009cf8e00000)]
  0x00000236c50ee490 JavaThread "Start Level: Equinox Container: 75fadde6-74f1-4943-939c-58bc3bffbc7a" daemon [_thread_blocked, id=1644, stack(0x0000009cf8e00000,0x0000009cf8f00000)]
  0x00000236c50aa730 JavaThread "Bundle File Closer" daemon [_thread_blocked, id=14020, stack(0x0000009cf8500000,0x0000009cf8600000)]
  0x00000236c4f39c80 JavaThread "SCR Component Actor" daemon [_thread_blocked, id=14572, stack(0x0000009cf8200000,0x0000009cf8300000)]
  0x00000236c588d3e0 JavaThread "Worker-JM" [_thread_blocked, id=3364, stack(0x0000009cf9100000,0x0000009cf9200000)]
  0x00000236c5890170 JavaThread "Worker-0: Java indexing... " [_thread_blocked, id=16536, stack(0x0000009cf9200000,0x0000009cf9300000)]
  0x00000236c588d8f0 JavaThread "Worker-1" [_thread_blocked, id=7500, stack(0x0000009cf9300000,0x0000009cf9400000)]
  0x00000236c588de00 JavaThread "Worker-2" [_thread_blocked, id=1240, stack(0x0000009cf9400000,0x0000009cf9500000)]
  0x00000236c588e820 JavaThread "Worker-3: Initialize Workspace" [_thread_blocked, id=2784, stack(0x0000009cf9600000,0x0000009cf9700000)]
  0x00000236c588e310 JavaThread "Java indexing" daemon [_thread_blocked, id=12520, stack(0x0000009cf9800000,0x0000009cf9900000)]
  0x00000236c588fc60 JavaThread "JNA Cleaner" daemon [_thread_blocked, id=16640, stack(0x0000009cf9700000,0x0000009cf9800000)]
  0x00000236c75e68c0 JavaThread "pool-2-thread-1" [_thread_blocked, id=14200, stack(0x0000009cf9a00000,0x0000009cf9b00000)]
  0x00000236c75e4040 JavaThread "WorkspaceEventsHandler" [_thread_blocked, id=3376, stack(0x0000009cf9900000,0x0000009cf9a00000)]
  0x00000236c75e8c30 JavaThread "pool-1-thread-1" [_thread_blocked, id=17232, stack(0x0000009cf9b00000,0x0000009cf9c00000)]
  0x00000236c75e17c0 JavaThread "pool-3-thread-1" [_thread_in_native, id=17044, stack(0x0000009cf9c00000,0x0000009cf9d00000)]
  0x00000236c75e9140 JavaThread "Worker-4" [_thread_blocked, id=16108, stack(0x0000009cf9d00000,0x0000009cf9e00000)]
  0x00000236c75e4a60 JavaThread "Worker-5" [_thread_blocked, id=15976, stack(0x0000009cf9000000,0x0000009cf9100000)]
  0x00000236c60d8660 JavaThread "C2 CompilerThread1" daemon [_thread_blocked, id=13644, stack(0x0000009cf9500000,0x0000009cf9600000)]

Other Threads:
  0x00000236be2920d0 VMThread "VM Thread" [stack: 0x0000009cf7700000,0x0000009cf7800000] [id=9164]
  0x00000236c454be80 WatcherThread [stack: 0x0000009cf8400000,0x0000009cf8500000] [id=11984]
  0x00000236a9a0c0e0 GCTaskThread "GC Thread#0" [stack: 0x0000009cf7600000,0x0000009cf7700000] [id=13568]
=>0x00000236c4b963d0 GCTaskThread "GC Thread#1" [stack: 0x0000009cf8600000,0x0000009cf8700000] [id=15956]
  0x00000236c4b96ea0 GCTaskThread "GC Thread#2" [stack: 0x0000009cf8700000,0x0000009cf8800000] [id=2848]
  0x00000236c4b97160 GCTaskThread "GC Thread#3" [stack: 0x0000009cf8800000,0x0000009cf8900000] [id=13044]
  0x00000236c4d1a910 GCTaskThread "GC Thread#4" [stack: 0x0000009cf8900000,0x0000009cf8a00000] [id=16584]
  0x00000236c4d1abd0 GCTaskThread "GC Thread#5" [stack: 0x0000009cf8a00000,0x0000009cf8b00000] [id=16356]
  0x00000236c4c8c950 GCTaskThread "GC Thread#6" [stack: 0x0000009cf8b00000,0x0000009cf8c00000] [id=10196]
  0x00000236a99e0660 GCTaskThread "GC Thread#7" [stack: 0x0000009cf8f00000,0x0000009cf9000000] [id=3380]

Threads with active compile tasks:

VM state: at safepoint (normal execution)

VM Mutex/Monitor currently owned by a thread:  ([mutex/lock_event])
[0x00000236a99f2dc0] Threads_lock - owner thread: 0x00000236be2920d0
[0x00000236a99f3a20] Heap_lock - owner thread: 0x00000236c588e310

Heap address: 0x00000000c0000000, size: 1024 MB, Compressed Oops mode: 32-bit

CDS archive(s) not mapped
Compressed class space mapped at: 0x0000000100000000-0x0000000140000000, reserved size: 1073741824
Narrow klass base: 0x0000000000000000, Narrow klass shift: 3, Narrow klass range: 0x140000000

GC Precious Log:
 CPUs: 8 total, 8 available
 Memory: 32674M
 Large Page Support: Disabled
 NUMA Support: Disabled
 Compressed Oops: Enabled (32-bit)
 Alignments: Space 512K, Generation 512K, Heap 2M
 Heap Min Capacity: 100M
 Heap Initial Capacity: 100M
 Heap Max Capacity: 1G
 Pre-touch: Disabled
 Parallel Workers: 8

Heap:
 PSYoungGen      total 6144K, used 5743K [0x00000000eab00000, 0x00000000eb600000, 0x0000000100000000)
  eden space 3584K, 100% used [0x00000000eab00000,0x00000000eae80000,0x00000000eae80000)
  from space 2560K, 84% used [0x00000000eb380000,0x00000000eb59bd20,0x00000000eb600000)
  to   space 3072K, 99% used [0x00000000eb000000,0x00000000eb2fbd20,0x00000000eb300000)
 ParOldGen       total 378880K, used 351985K [0x00000000c0000000, 0x00000000d7200000, 0x00000000eab00000)
  object space 378880K, 92% used [0x00000000c0000000,0x00000000d57bc6f0,0x00000000d7200000)
 Metaspace       used 54898K, committed 56000K, reserved 1114112K
  class space    used 5842K, committed 6336K, reserved 1048576K

Card table byte_map: [0x00000236bbc30000,0x00000236bbe40000] _byte_map_base: 0x00000236bb630000

Marking Bits: (ParMarkBitMap*) 0x00007ffdb55dd7d0
 Begin Bits: [0x00000236bbfa0000, 0x00000236bcfa0000)
 End Bits:   [0x00000236bcfa0000, 0x00000236bdfa0000)

Polling page: 0x00000236a7fa0000

Metaspace:

Usage:
  Non-class:     47.91 MB used.
      Class:      5.71 MB used.
       Both:     53.61 MB used.

Virtual space:
  Non-class space:       64.00 MB reserved,      48.50 MB ( 76%) committed,  1 nodes.
      Class space:        1.00 GB reserved,       6.19 MB ( <1%) committed,  1 nodes.
             Both:        1.06 GB reserved,      54.69 MB (  5%) committed. 

Chunk freelists:
   Non-Class:  14.77 MB
       Class:  9.66 MB
        Both:  24.43 MB

MaxMetaspaceSize: unlimited
CompressedClassSpaceSize: 1.00 GB
Initial GC threshold: 21.00 MB
Current GC threshold: 91.19 MB
CDS: off
MetaspaceReclaimPolicy: balanced
 - commit_granule_bytes: 65536.
 - commit_granule_words: 8192.
 - virtual_space_node_default_size: 8388608.
 - enlarge_chunks_in_place: 1.
 - new_chunks_are_fully_committed: 0.
 - uncommit_free_chunks: 1.
 - use_allocation_guard: 0.
 - handle_deallocations: 1.


Internal statistics:

num_allocs_failed_limit: 6.
num_arena_births: 504.
num_arena_deaths: 14.
num_vsnodes_births: 2.
num_vsnodes_deaths: 0.
num_space_committed: 875.
num_space_uncommitted: 0.
num_chunks_returned_to_freelist: 20.
num_chunks_taken_from_freelist: 2627.
num_chunk_merges: 11.
num_chunk_splits: 1618.
num_chunks_enlarged: 953.
num_inconsistent_stats: 0.

CodeHeap 'non-profiled nmethods': size=120000Kb used=5524Kb max_used=5524Kb free=114475Kb
 bounds [0x00000236b4520000, 0x00000236b4a90000, 0x00000236bba50000]
CodeHeap 'profiled nmethods': size=120000Kb used=13236Kb max_used=14047Kb free=106763Kb
 bounds [0x00000236aca50000, 0x00000236ad810000, 0x00000236b3f80000]
CodeHeap 'non-nmethods': size=5760Kb used=1297Kb max_used=1380Kb free=4462Kb
 bounds [0x00000236b3f80000, 0x00000236b41f0000, 0x00000236b4520000]
 total_blobs=7164 nmethods=6536 adapters=542
 compilation: enabled
              stopped_count=0, restarted_count=0
 full_count=0

Compilation events (20 events):
Event: 33.910 Thread 0x00000236c32fbed0 nmethod 7985 0x00000236aca77b10 code [0x00000236aca77de0, 0x00000236aca790d8]
Event: 33.911 Thread 0x00000236c32fbed0 7986       3       org.eclipse.jdt.internal.core.index.DiskIndex::writeStreamInt (122 bytes)
Event: 33.911 Thread 0x00000236c32fbed0 nmethod 7986 0x00000236ad16b190 code [0x00000236ad16b340, 0x00000236ad16b5c8]
Event: 33.911 Thread 0x00000236c32fbed0 7987       3       org.eclipse.jdt.internal.core.index.DiskIndex::writeDocumentNumbers (384 bytes)
Event: 33.912 Thread 0x00000236c32fbed0 nmethod 7987 0x00000236acc1e390 code [0x00000236acc1e600, 0x00000236acc1f2c8]
Event: 33.912 Thread 0x00000236c32fbed0 7988       3       org.eclipse.jdt.internal.core.util.Util::sort (16 bytes)
Event: 33.912 Thread 0x00000236c32f2a20 7989 %     4       org.eclipse.jdt.internal.core.index.DiskIndex::writeCategoryTable @ 154 (252 bytes)
Event: 33.912 Thread 0x00000236c32fbed0 nmethod 7988 0x00000236ad6a7410 code [0x00000236ad6a75c0, 0x00000236ad6a7728]
Event: 33.917 Thread 0x00000236c60d8660 nmethod 7982 0x00000236b47cfe10 code [0x00000236b47cffe0, 0x00000236b47d0650]
Event: 33.917 Thread 0x00000236c60d8660 7990       4       org.eclipse.jdt.internal.core.index.DiskIndex::writeStreamChars (220 bytes)
Event: 33.921 Thread 0x00000236c60d8660 nmethod 7990 0x00000236b47cf490 code [0x00000236b47cf640, 0x00000236b47cf9f8]
Event: 33.921 Thread 0x00000236c60d8660 7992       4       org.eclipse.jdt.internal.core.index.DiskIndex::writeDocumentNumbers (384 bytes)
Event: 33.922 Thread 0x00000236c32f2a20 nmethod 7989% 0x00000236b4a7ee90 code [0x00000236b4a7f060, 0x00000236b4a7fc08]
Event: 33.922 Thread 0x00000236c32f2a20 7991       4       org.eclipse.jdt.internal.core.index.DiskIndex::writeStreamInt (122 bytes)
Event: 33.922 Thread 0x00000236c32f2a20 nmethod 7991 0x00000236b49ceb90 code [0x00000236b49ced00, 0x00000236b49cee78]
Event: 33.929 Thread 0x00000236c32f2a20 7993 %     4       org.eclipse.jdt.internal.core.index.DiskIndex::writeCategoryTable @ 22 (252 bytes)
Event: 33.949 Thread 0x00000236c32f2a20 nmethod 7993% 0x00000236b4a80490 code [0x00000236b4a806e0, 0x00000236b4a81900]
Event: 33.950 Thread 0x00000236c32f2a20 7994 %     4       org.eclipse.jdt.internal.core.index.DiskIndex::writeCategoryTable @ 154 (252 bytes)
Event: 33.959 Thread 0x00000236c32f2a20 nmethod 7994% 0x00000236b4a82510 code [0x00000236b4a82700, 0x00000236b4a831c0]
Event: 33.959 Thread 0x00000236c60d8660 nmethod 7992 0x00000236b4a83990 code [0x00000236b4a83b80, 0x00000236b4a85260]

GC Heap History (20 events):
Event: 33.597 GC heap after
{Heap after GC invocations=346 (full 15):
 PSYoungGen      total 10240K, used 4435K [0x00000000eab00000, 0x00000000eb980000, 0x0000000100000000)
  eden space 5632K, 0% used [0x00000000eab00000,0x00000000eab00000,0x00000000eb080000)
  from space 4608K, 96% used [0x00000000eb080000,0x00000000eb4d4c30,0x00000000eb500000)
  to   space 4608K, 0% used [0x00000000eb500000,0x00000000eb500000,0x00000000eb980000)
 ParOldGen       total 378880K, used 331906K [0x00000000c0000000, 0x00000000d7200000, 0x00000000eab00000)
  object space 378880K, 87% used [0x00000000c0000000,0x00000000d4420808,0x00000000d7200000)
 Metaspace       used 54879K, committed 56000K, reserved 1114112K
  class space    used 5842K, committed 6336K, reserved 1048576K
}
Event: 33.658 GC heap before
{Heap before GC invocations=347 (full 15):
 PSYoungGen      total 10240K, used 10067K [0x00000000eab00000, 0x00000000eb980000, 0x0000000100000000)
  eden space 5632K, 100% used [0x00000000eab00000,0x00000000eb080000,0x00000000eb080000)
  from space 4608K, 96% used [0x00000000eb080000,0x00000000eb4d4c30,0x00000000eb500000)
  to   space 4608K, 0% used [0x00000000eb500000,0x00000000eb500000,0x00000000eb980000)
 ParOldGen       total 378880K, used 331906K [0x00000000c0000000, 0x00000000d7200000, 0x00000000eab00000)
  object space 378880K, 87% used [0x00000000c0000000,0x00000000d4420808,0x00000000d7200000)
 Metaspace       used 54879K, committed 56000K, reserved 1114112K
  class space    used 5842K, committed 6336K, reserved 1048576K
}
Event: 33.662 GC heap after
{Heap after GC invocations=347 (full 15):
 PSYoungGen      total 5632K, used 4594K [0x00000000eab00000, 0x00000000ec280000, 0x0000000100000000)
  eden space 1024K, 0% used [0x00000000eab00000,0x00000000eab00000,0x00000000eac00000)
  from space 4608K, 99% used [0x00000000eb500000,0x00000000eb97c868,0x00000000eb980000)
  to   space 9216K, 0% used [0x00000000eac00000,0x00000000eac00000,0x00000000eb500000)
 ParOldGen       total 378880K, used 335707K [0x00000000c0000000, 0x00000000d7200000, 0x00000000eab00000)
  object space 378880K, 88% used [0x00000000c0000000,0x00000000d47d6c58,0x00000000d7200000)
 Metaspace       used 54879K, committed 56000K, reserved 1114112K
  class space    used 5842K, committed 6336K, reserved 1048576K
}
Event: 33.676 GC heap before
{Heap before GC invocations=348 (full 15):
 PSYoungGen      total 5632K, used 5618K [0x00000000eab00000, 0x00000000ec280000, 0x0000000100000000)
  eden space 1024K, 100% used [0x00000000eab00000,0x00000000eac00000,0x00000000eac00000)
  from space 4608K, 99% used [0x00000000eb500000,0x00000000eb97c868,0x00000000eb980000)
  to   space 9216K, 0% used [0x00000000eac00000,0x00000000eac00000,0x00000000eb500000)
 ParOldGen       total 378880K, used 335707K [0x00000000c0000000, 0x00000000d7200000, 0x00000000eab00000)
  object space 378880K, 88% used [0x00000000c0000000,0x00000000d47d6c58,0x00000000d7200000)
 Metaspace       used 54879K, committed 56000K, reserved 1114112K
  class space    used 5842K, committed 6336K, reserved 1048576K
}
Event: 33.680 GC heap after
{Heap after GC invocations=348 (full 15):
 PSYoungGen      total 2048K, used 867K [0x00000000eab00000, 0x00000000eb580000, 0x0000000100000000)
  eden space 1024K, 0% used [0x00000000eab00000,0x00000000eab00000,0x00000000eac00000)
  from space 1024K, 84% used [0x00000000eac00000,0x00000000eacd8ee8,0x00000000ead00000)
  to   space 4096K, 0% used [0x00000000eb180000,0x00000000eb180000,0x00000000eb580000)
 ParOldGen       total 378880K, used 340331K [0x00000000c0000000, 0x00000000d7200000, 0x00000000eab00000)
  object space 378880K, 89% used [0x00000000c0000000,0x00000000d4c5adf8,0x00000000d7200000)
 Metaspace       used 54879K, committed 56000K, reserved 1114112K
  class space    used 5842K, committed 6336K, reserved 1048576K
}
Event: 33.697 GC heap before
{Heap before GC invocations=349 (full 15):
 PSYoungGen      total 2048K, used 1877K [0x00000000eab00000, 0x00000000eb580000, 0x0000000100000000)
  eden space 1024K, 98% used [0x00000000eab00000,0x00000000eabfc600,0x00000000eac00000)
  from space 1024K, 84% used [0x00000000eac00000,0x00000000eacd8ee8,0x00000000ead00000)
  to   space 4096K, 0% used [0x00000000eb180000,0x00000000eb180000,0x00000000eb580000)
 ParOldGen       total 378880K, used 340331K [0x00000000c0000000, 0x00000000d7200000, 0x00000000eab00000)
  object space 378880K, 89% used [0x00000000c0000000,0x00000000d4c5adf8,0x00000000d7200000)
 Metaspace       used 54879K, committed 56000K, reserved 1114112K
  class space    used 5842K, committed 6336K, reserved 1048576K
}
Event: 33.700 GC heap after
{Heap after GC invocations=349 (full 15):
 PSYoungGen      total 2560K, used 839K [0x00000000eab00000, 0x00000000eb280000, 0x0000000100000000)
  eden space 1536K, 0% used [0x00000000eab00000,0x00000000eab00000,0x00000000eac80000)
  from space 1024K, 82% used [0x00000000eb180000,0x00000000eb251fa0,0x00000000eb280000)
  to   space 1536K, 0% used [0x00000000eaf80000,0x00000000eaf80000,0x00000000eb100000)
 ParOldGen       total 378880K, used 341111K [0x00000000c0000000, 0x00000000d7200000, 0x00000000eab00000)
  object space 378880K, 90% used [0x00000000c0000000,0x00000000d4d1dc70,0x00000000d7200000)
 Metaspace       used 54879K, committed 56000K, reserved 1114112K
  class space    used 5842K, committed 6336K, reserved 1048576K
}
Event: 33.719 GC heap before
{Heap before GC invocations=350 (full 15):
 PSYoungGen      total 2560K, used 2375K [0x00000000eab00000, 0x00000000eb280000, 0x0000000100000000)
  eden space 1536K, 100% used [0x00000000eab00000,0x00000000eac80000,0x00000000eac80000)
  from space 1024K, 82% used [0x00000000eb180000,0x00000000eb251fa0,0x00000000eb280000)
  to   space 1536K, 0% used [0x00000000eaf80000,0x00000000eaf80000,0x00000000eb100000)
 ParOldGen       total 378880K, used 341111K [0x00000000c0000000, 0x00000000d7200000, 0x00000000eab00000)
  object space 378880K, 90% used [0x00000000c0000000,0x00000000d4d1dc70,0x00000000d7200000)
 Metaspace       used 54879K, committed 56000K, reserved 1114112K
  class space    used 5842K, committed 6336K, reserved 1048576K
}
Event: 33.722 GC heap after
{Heap after GC invocations=350 (full 15):
 PSYoungGen      total 3584K, used 1344K [0x00000000eab00000, 0x00000000eb200000, 0x0000000100000000)
  eden space 2048K, 0% used [0x00000000eab00000,0x00000000eab00000,0x00000000ead00000)
  from space 1536K, 87% used [0x00000000eaf80000,0x00000000eb0d0000,0x00000000eb100000)
  to   space 1024K, 0% used [0x00000000eb100000,0x00000000eb100000,0x00000000eb200000)
 ParOldGen       total 378880K, used 341850K [0x00000000c0000000, 0x00000000d7200000, 0x00000000eab00000)
  object space 378880K, 90% used [0x00000000c0000000,0x00000000d4dd6be0,0x00000000d7200000)
 Metaspace       used 54879K, committed 56000K, reserved 1114112K
  class space    used 5842K, committed 6336K, reserved 1048576K
}
Event: 33.745 GC heap before
{Heap before GC invocations=351 (full 15):
 PSYoungGen      total 3584K, used 3392K [0x00000000eab00000, 0x00000000eb200000, 0x0000000100000000)
  eden space 2048K, 100% used [0x00000000eab00000,0x00000000ead00000,0x00000000ead00000)
  from space 1536K, 87% used [0x00000000eaf80000,0x00000000eb0d0000,0x00000000eb100000)
  to   space 1024K, 0% used [0x00000000eb100000,0x00000000eb100000,0x00000000eb200000)
 ParOldGen       total 378880K, used 341850K [0x00000000c0000000, 0x00000000d7200000, 0x00000000eab00000)
  object space 378880K, 90% used [0x00000000c0000000,0x00000000d4dd6be0,0x00000000d7200000)
 Metaspace       used 54879K, committed 56000K, reserved 1114112K
  class space    used 5842K, committed 6336K, reserved 1048576K
}
Event: 33.748 GC heap after
{Heap after GC invocations=351 (full 15):
 PSYoungGen      total 3584K, used 1022K [0x00000000eab00000, 0x00000000eb480000, 0x0000000100000000)
  eden space 2560K, 0% used [0x00000000eab00000,0x00000000eab00000,0x00000000ead80000)
  from space 1024K, 99% used [0x00000000eb100000,0x00000000eb1ffa18,0x00000000eb200000)
  to   space 3584K, 0% used [0x00000000ead80000,0x00000000ead80000,0x00000000eb100000)
 ParOldGen       total 378880K, used 343690K [0x00000000c0000000, 0x00000000d7200000, 0x00000000eab00000)
  object space 378880K, 90% used [0x00000000c0000000,0x00000000d4fa2b00,0x00000000d7200000)
 Metaspace       used 54879K, committed 56000K, reserved 1114112K
  class space    used 5842K, committed 6336K, reserved 1048576K
}
Event: 33.780 GC heap before
{Heap before GC invocations=352 (full 15):
 PSYoungGen      total 3584K, used 3582K [0x00000000eab00000, 0x00000000eb480000, 0x0000000100000000)
  eden space 2560K, 100% used [0x00000000eab00000,0x00000000ead80000,0x00000000ead80000)
  from space 1024K, 99% used [0x00000000eb100000,0x00000000eb1ffa18,0x00000000eb200000)
  to   space 3584K, 0% used [0x00000000ead80000,0x00000000ead80000,0x00000000eb100000)
 ParOldGen       total 378880K, used 343690K [0x00000000c0000000, 0x00000000d7200000, 0x00000000eab00000)
  object space 378880K, 90% used [0x00000000c0000000,0x00000000d4fa2b00,0x00000000d7200000)
 Metaspace       used 54879K, committed 56000K, reserved 1114112K
  class space    used 5842K, committed 6336K, reserved 1048576K
}
Event: 33.784 GC heap after
{Heap after GC invocations=352 (full 15):
 PSYoungGen      total 5120K, used 2119K [0x00000000eab00000, 0x00000000eb300000, 0x0000000100000000)
  eden space 2560K, 0% used [0x00000000eab00000,0x00000000eab00000,0x00000000ead80000)
  from space 2560K, 82% used [0x00000000ead80000,0x00000000eaf91fa0,0x00000000eb000000)
  to   space 2560K, 0% used [0x00000000eb080000,0x00000000eb080000,0x00000000eb300000)
 ParOldGen       total 378880K, used 344762K [0x00000000c0000000, 0x00000000d7200000, 0x00000000eab00000)
  object space 378880K, 90% used [0x00000000c0000000,0x00000000d50ae9c8,0x00000000d7200000)
 Metaspace       used 54879K, committed 56000K, reserved 1114112K
  class space    used 5842K, committed 6336K, reserved 1048576K
}
Event: 33.823 GC heap before
{Heap before GC invocations=353 (full 15):
 PSYoungGen      total 5120K, used 4675K [0x00000000eab00000, 0x00000000eb300000, 0x0000000100000000)
  eden space 2560K, 99% used [0x00000000eab00000,0x00000000ead7ef70,0x00000000ead80000)
  from space 2560K, 82% used [0x00000000ead80000,0x00000000eaf91fa0,0x00000000eb000000)
  to   space 2560K, 0% used [0x00000000eb080000,0x00000000eb080000,0x00000000eb300000)
 ParOldGen       total 378880K, used 344762K [0x00000000c0000000, 0x00000000d7200000, 0x00000000eab00000)
  object space 378880K, 90% used [0x00000000c0000000,0x00000000d50ae9c8,0x00000000d7200000)
 Metaspace       used 54879K, committed 56000K, reserved 1114112K
  class space    used 5842K, committed 6336K, reserved 1048576K
}
Event: 33.825 GC heap after
{Heap after GC invocations=353 (full 15):
 PSYoungGen      total 5632K, used 2003K [0x00000000eab00000, 0x00000000eb300000, 0x0000000100000000)
  eden space 3072K, 0% used [0x00000000eab00000,0x00000000eab00000,0x00000000eae00000)
  from space 2560K, 78% used [0x00000000eb080000,0x00000000eb274fd0,0x00000000eb300000)
  to   space 2560K, 0% used [0x00000000eae00000,0x00000000eae00000,0x00000000eb080000)
 ParOldGen       total 378880K, used 346772K [0x00000000c0000000, 0x00000000d7200000, 0x00000000eab00000)
  object space 378880K, 91% used [0x00000000c0000000,0x00000000d52a53e8,0x00000000d7200000)
 Metaspace       used 54879K, committed 56000K, reserved 1114112K
  class space    used 5842K, committed 6336K, reserved 1048576K
}
Event: 33.853 GC heap before
{Heap before GC invocations=354 (full 15):
 PSYoungGen      total 5632K, used 5075K [0x00000000eab00000, 0x00000000eb300000, 0x0000000100000000)
  eden space 3072K, 100% used [0x00000000eab00000,0x00000000eae00000,0x00000000eae00000)
  from space 2560K, 78% used [0x00000000eb080000,0x00000000eb274fd0,0x00000000eb300000)
  to   space 2560K, 0% used [0x00000000eae00000,0x00000000eae00000,0x00000000eb080000)
 ParOldGen       total 378880K, used 346772K [0x00000000c0000000, 0x00000000d7200000, 0x00000000eab00000)
  object space 378880K, 91% used [0x00000000c0000000,0x00000000d52a53e8,0x00000000d7200000)
 Metaspace       used 54879K, committed 56000K, reserved 1114112K
  class space    used 5842K, committed 6336K, reserved 1048576K
}
Event: 33.857 GC heap after
{Heap after GC invocations=354 (full 15):
 PSYoungGen      total 5632K, used 2551K [0x00000000eab00000, 0x00000000eb880000, 0x0000000100000000)
  eden space 3072K, 0% used [0x00000000eab00000,0x00000000eab00000,0x00000000eae00000)
  from space 2560K, 99% used [0x00000000eae00000,0x00000000eb07dee8,0x00000000eb080000)
  to   space 5120K, 0% used [0x00000000eb380000,0x00000000eb380000,0x00000000eb880000)
 ParOldGen       total 378880K, used 348720K [0x00000000c0000000, 0x00000000d7200000, 0x00000000eab00000)
  object space 378880K, 92% used [0x00000000c0000000,0x00000000d548c3b0,0x00000000d7200000)
 Metaspace       used 54879K, committed 56000K, reserved 1114112K
  class space    used 5842K, committed 6336K, reserved 1048576K
}
Event: 33.893 GC heap before
{Heap before GC invocations=355 (full 15):
 PSYoungGen      total 5632K, used 5321K [0x00000000eab00000, 0x00000000eb880000, 0x0000000100000000)
  eden space 3072K, 90% used [0x00000000eab00000,0x00000000eadb48b8,0x00000000eae00000)
  from space 2560K, 99% used [0x00000000eae00000,0x00000000eb07dee8,0x00000000eb080000)
  to   space 5120K, 0% used [0x00000000eb380000,0x00000000eb380000,0x00000000eb880000)
 ParOldGen       total 378880K, used 348720K [0x00000000c0000000, 0x00000000d7200000, 0x00000000eab00000)
  object space 378880K, 92% used [0x00000000c0000000,0x00000000d548c3b0,0x00000000d7200000)
 Metaspace       used 54893K, committed 56000K, reserved 1114112K
  class space    used 5842K, committed 6336K, reserved 1048576K
}
Event: 33.897 GC heap after
{Heap after GC invocations=355 (full 15):
 PSYoungGen      total 6144K, used 2159K [0x00000000eab00000, 0x00000000eb600000, 0x0000000100000000)
  eden space 3584K, 0% used [0x00000000eab00000,0x00000000eab00000,0x00000000eae80000)
  from space 2560K, 84% used [0x00000000eb380000,0x00000000eb59bd20,0x00000000eb600000)
  to   space 3072K, 0% used [0x00000000eb000000,0x00000000eb000000,0x00000000eb300000)
 ParOldGen       total 378880K, used 351321K [0x00000000c0000000, 0x00000000d7200000, 0x00000000eab00000)
  object space 378880K, 92% used [0x00000000c0000000,0x00000000d57166f0,0x00000000d7200000)
 Metaspace       used 54893K, committed 56000K, reserved 1114112K
  class space    used 5842K, committed 6336K, reserved 1048576K
}
Event: 33.962 GC heap before
{Heap before GC invocations=356 (full 15):
 PSYoungGen      total 6144K, used 5743K [0x00000000eab00000, 0x00000000eb600000, 0x0000000100000000)
  eden space 3584K, 100% used [0x00000000eab00000,0x00000000eae80000,0x00000000eae80000)
  from space 2560K, 84% used [0x00000000eb380000,0x00000000eb59bd20,0x00000000eb600000)
  to   space 3072K, 0% used [0x00000000eb000000,0x00000000eb000000,0x00000000eb300000)
 ParOldGen       total 378880K, used 351321K [0x00000000c0000000, 0x00000000d7200000, 0x00000000eab00000)
  object space 378880K, 92% used [0x00000000c0000000,0x00000000d57166f0,0x00000000d7200000)
 Metaspace       used 54898K, committed 56000K, reserved 1114112K
  class space    used 5842K, committed 6336K, reserved 1048576K
}

Dll operation events (10 events):
Event: 0.025 Loaded shared library c:\Users\SXRBS\.vscode\extensions\redhat.java-1.28.1-win32-x64\jre\17.0.10-win32-x86_64\bin\java.dll
Event: 0.182 Loaded shared library c:\Users\SXRBS\.vscode\extensions\redhat.java-1.28.1-win32-x64\jre\17.0.10-win32-x86_64\bin\zip.dll
Event: 0.189 Loaded shared library C:\Users\SXRBS\.vscode\extensions\redhat.java-1.28.1-win32-x64\jre\17.0.10-win32-x86_64\bin\instrument.dll
Event: 0.210 Loaded shared library C:\Users\SXRBS\.vscode\extensions\redhat.java-1.28.1-win32-x64\jre\17.0.10-win32-x86_64\bin\net.dll
Event: 0.216 Loaded shared library C:\Users\SXRBS\.vscode\extensions\redhat.java-1.28.1-win32-x64\jre\17.0.10-win32-x86_64\bin\nio.dll
Event: 0.224 Loaded shared library C:\Users\SXRBS\.vscode\extensions\redhat.java-1.28.1-win32-x64\jre\17.0.10-win32-x86_64\bin\zip.dll
Event: 0.245 Loaded shared library C:\Users\SXRBS\.vscode\extensions\redhat.java-1.28.1-win32-x64\jre\17.0.10-win32-x86_64\bin\jimage.dll
Event: 0.318 Loaded shared library c:\Users\SXRBS\.vscode\extensions\redhat.java-1.28.1-win32-x64\jre\17.0.10-win32-x86_64\bin\verify.dll
Event: 1.536 Loaded shared library C:\Users\SXRBS\AppData\Roaming\Code\User\globalStorage\redhat.java\1.28.1\config_win\org.eclipse.equinox.launcher\org.eclipse.equinox.launcher.win32.win32.x86_64_1.2.900.v20240129-1338\eclipse_11900.dll
Event: 8.086 Loaded shared library C:\Users\SXRBS\AppData\Local\Temp\jna-79354782\jna1202918743458986140.dll

Deoptimization events (20 events):
Event: 33.924 Thread 0x00000236c588e310 Uncommon trap: trap_request=0xffffffde fr.pc=0x00000236b4a7fb10 relative=0x0000000000000ab0
Event: 33.924 Thread 0x00000236c588e310 Uncommon trap: reason=class_check action=maybe_recompile pc=0x00000236b4a7fb10 method=org.eclipse.jdt.internal.core.index.DiskIndex.writeCategoryTable([CLorg/eclipse/jdt/internal/compiler/util/HashtableOfObject;Ljava/io/FileOutputStream;)V @ 178 c2
Event: 33.924 Thread 0x00000236c588e310 DEOPT PACKING pc=0x00000236b4a7fb10 sp=0x0000009cf98feb30
Event: 33.924 Thread 0x00000236c588e310 DEOPT UNPACKING pc=0x00000236b3fd66a3 sp=0x0000009cf98feb08 mode 2
Event: 33.927 Thread 0x00000236c588e310 Uncommon trap: trap_request=0xffffffde fr.pc=0x00000236b4a7fb10 relative=0x0000000000000ab0
Event: 33.927 Thread 0x00000236c588e310 Uncommon trap: reason=class_check action=maybe_recompile pc=0x00000236b4a7fb10 method=org.eclipse.jdt.internal.core.index.DiskIndex.writeCategoryTable([CLorg/eclipse/jdt/internal/compiler/util/HashtableOfObject;Ljava/io/FileOutputStream;)V @ 178 c2
Event: 33.927 Thread 0x00000236c588e310 DEOPT PACKING pc=0x00000236b4a7fb10 sp=0x0000009cf98feb30
Event: 33.927 Thread 0x00000236c588e310 DEOPT UNPACKING pc=0x00000236b3fd66a3 sp=0x0000009cf98feb08 mode 2
Event: 33.929 Thread 0x00000236c588e310 Uncommon trap: trap_request=0xffffffde fr.pc=0x00000236b4a7fb10 relative=0x0000000000000ab0
Event: 33.929 Thread 0x00000236c588e310 Uncommon trap: reason=class_check action=maybe_recompile pc=0x00000236b4a7fb10 method=org.eclipse.jdt.internal.core.index.DiskIndex.writeCategoryTable([CLorg/eclipse/jdt/internal/compiler/util/HashtableOfObject;Ljava/io/FileOutputStream;)V @ 178 c2
Event: 33.929 Thread 0x00000236c588e310 DEOPT PACKING pc=0x00000236b4a7fb10 sp=0x0000009cf98feb30
Event: 33.929 Thread 0x00000236c588e310 DEOPT UNPACKING pc=0x00000236b3fd66a3 sp=0x0000009cf98feb08 mode 2
Event: 33.936 Thread 0x00000236c588e310 DEOPT PACKING pc=0x00000236aca78f64 sp=0x0000009cf98feae0
Event: 33.936 Thread 0x00000236c588e310 DEOPT UNPACKING pc=0x00000236b3fd6e43 sp=0x0000009cf98fdfe0 mode 0
Event: 33.939 Thread 0x00000236c588e310 Uncommon trap: trap_request=0xffffffde fr.pc=0x00000236b4a7fb10 relative=0x0000000000000ab0
Event: 33.939 Thread 0x00000236c588e310 Uncommon trap: reason=class_check action=maybe_recompile pc=0x00000236b4a7fb10 method=org.eclipse.jdt.internal.core.index.DiskIndex.writeCategoryTable([CLorg/eclipse/jdt/internal/compiler/util/HashtableOfObject;Ljava/io/FileOutputStream;)V @ 178 c2
Event: 33.939 Thread 0x00000236c588e310 DEOPT PACKING pc=0x00000236b4a7fb10 sp=0x0000009cf98feb20
Event: 33.939 Thread 0x00000236c588e310 DEOPT UNPACKING pc=0x00000236b3fd66a3 sp=0x0000009cf98feaf8 mode 2
Event: 33.957 Thread 0x00000236c588e310 DEOPT PACKING pc=0x00000236aca78e66 sp=0x0000009cf98feae0
Event: 33.957 Thread 0x00000236c588e310 DEOPT UNPACKING pc=0x00000236b3fd6e43 sp=0x0000009cf98fdfe0 mode 0

Classes unloaded (7 events):
Event: 3.037 Thread 0x00000236be2920d0 Unloading class 0x000000010024a400 'java/lang/invoke/LambdaForm$MH+0x000000010024a400'
Event: 3.037 Thread 0x00000236be2920d0 Unloading class 0x000000010024a000 'java/lang/invoke/LambdaForm$MH+0x000000010024a000'
Event: 3.037 Thread 0x00000236be2920d0 Unloading class 0x0000000100249c00 'java/lang/invoke/LambdaForm$MH+0x0000000100249c00'
Event: 3.037 Thread 0x00000236be2920d0 Unloading class 0x0000000100249800 'java/lang/invoke/LambdaForm$MH+0x0000000100249800'
Event: 3.037 Thread 0x00000236be2920d0 Unloading class 0x0000000100249400 'java/lang/invoke/LambdaForm$BMH+0x0000000100249400'
Event: 3.037 Thread 0x00000236be2920d0 Unloading class 0x0000000100249000 'java/lang/invoke/LambdaForm$DMH+0x0000000100249000'
Event: 3.037 Thread 0x00000236be2920d0 Unloading class 0x0000000100244400 'java/lang/invoke/LambdaForm$DMH+0x0000000100244400'

Classes redefined (0 events):
No events

Internal exceptions (20 events):
Event: 15.193 Thread 0x00000236c588e820 Exception <a 'sun/nio/fs/WindowsException'{0x00000000ead9e9d8}> (0x00000000ead9e9d8) 
thrown [s\src\hotspot\share\prims\jni.cpp, line 516]
Event: 15.194 Thread 0x00000236c588de00 Exception <a 'java/io/FileNotFoundException'{0x00000000eadfab08}> (0x00000000eadfab08) 
thrown [s\src\hotspot\share\prims\jni.cpp, line 516]
Event: 15.533 Thread 0x00000236c588e820 Exception <a 'java/lang/NoSuchMethodError'{0x00000000eadc9ce8}: 'void java.lang.invoke.DirectMethodHandle$Holder.invokeStatic(java.lang.Object, long)'> (0x00000000eadc9ce8) 
thrown [s\src\hotspot\share\interpreter\linkResolver.cpp, line 759]
Event: 15.534 Thread 0x00000236c588e820 Exception <a 'java/lang/NoSuchMethodError'{0x00000000eadcf090}: 'java.lang.Object java.lang.invoke.DirectMethodHandle$Holder.newInvokeSpecial(java.lang.Object, long)'> (0x00000000eadcf090) 
thrown [s\src\hotspot\share\interpreter\linkResolver.cpp, line 759]
Event: 17.329 Thread 0x00000236c588de00 Exception <a 'java/io/FileNotFoundException'{0x00000000eac8d3d8}> (0x00000000eac8d3d8) 
thrown [s\src\hotspot\share\prims\jni.cpp, line 516]
Event: 17.355 Thread 0x00000236c588de00 Implicit null exception at 0x00000236b4894260 to 0x00000236b4895108
Event: 17.381 Thread 0x00000236c588de00 Exception <a 'java/lang/NoSuchMethodError'{0x00000000eacae150}: 'int java.lang.invoke.DirectMethodHandle$Holder.invokeVirtual(java.lang.Object, java.lang.Object, java.lang.Object)'> (0x00000000eacae150) 
thrown [s\src\hotspot\share\interpreter\linkResolver.cpp, line 759]
Event: 19.983 Thread 0x00000236c588de00 Exception <a 'java/io/FileNotFoundException'{0x00000000eadb13d8}> (0x00000000eadb13d8) 
thrown [s\src\hotspot\share\prims\jni.cpp, line 516]
Event: 19.984 Thread 0x00000236c588de00 Exception <a 'java/io/FileNotFoundException'{0x00000000eadb28f0}> (0x00000000eadb28f0) 
thrown [s\src\hotspot\share\prims\jni.cpp, line 516]
Event: 19.984 Thread 0x00000236c588de00 Exception <a 'java/io/FileNotFoundException'{0x00000000eadb39b8}> (0x00000000eadb39b8) 
thrown [s\src\hotspot\share\prims\jni.cpp, line 516]
Event: 20.402 Thread 0x00000236c588e310 Implicit null exception at 0x00000236b4932aac to 0x00000236b4932bc4
Event: 21.680 Thread 0x00000236c588e310 Implicit null exception at 0x00000236b498d952 to 0x00000236b498e519
Event: 22.224 Thread 0x00000236c588e310 Implicit null exception at 0x00000236b49d15d5 to 0x00000236b49d621c
Event: 29.274 Thread 0x00000236c588e310 Implicit null exception at 0x00000236b4a5b700 to 0x00000236b4a5bce0
Event: 29.478 Thread 0x00000236c588e820 Exception <a 'java/lang/NoSuchMethodError'{0x00000000eab2c9f0}: 'java.lang.Object java.lang.invoke.DirectMethodHandle$Holder.newInvokeSpecial(java.lang.Object, java.lang.Object, java.lang.Object, int)'> (0x00000000eab2c9f0) 
thrown [s\src\hotspot\share\interpreter\linkResolver.cpp, line 759]
Event: 29.478 Thread 0x00000236c588e820 Exception <a 'java/lang/NoSuchMethodError'{0x00000000eab9d220}: 'java.lang.Object java.lang.invoke.DirectMethodHandle$Holder.invokeSpecial(java.lang.Object, java.lang.Object, java.lang.Object, java.lang.Object, int)'> (0x00000000eab9d220) 
thrown [s\src\hotspot\share\interpreter\linkResolver.cpp, line 759]
Event: 29.479 Thread 0x00000236c588e820 Exception <a 'java/lang/NoSuchMethodError'{0x00000000eaba0de8}: 'java.lang.Object java.lang.invoke.Invokers$Holder.linkToTargetMethod(java.lang.Object, java.lang.Object, int, java.lang.Object)'> (0x00000000eaba0de8) 
thrown [s\src\hotspot\share\interpreter\linkResolver.cpp, line 759]
Event: 31.271 Thread 0x00000236c4f7a3b0 Implicit null exception at 0x00000236b4549f95 to 0x00000236b454a21c
Event: 32.619 Thread 0x00000236c588e310 Exception <a 'java/lang/ArrayIndexOutOfBoundsException'{0x00000000eb9e27c0}> (0x00000000eb9e27c0) 
thrown [s\src\hotspot\share\runtime\sharedRuntime.cpp, line 631]
Event: 32.626 Thread 0x00000236c588e310 Implicit null exception at 0x00000236b46c488c to 0x00000236b46c48bc

VM Operations (20 events):
Event: 33.597 Executing VM operation: ParallelGCFailedAllocation done
Event: 33.658 Executing VM operation: ParallelGCFailedAllocation
Event: 33.662 Executing VM operation: ParallelGCFailedAllocation done
Event: 33.676 Executing VM operation: ParallelGCFailedAllocation
Event: 33.680 Executing VM operation: ParallelGCFailedAllocation done
Event: 33.697 Executing VM operation: ParallelGCFailedAllocation
Event: 33.700 Executing VM operation: ParallelGCFailedAllocation done
Event: 33.719 Executing VM operation: ParallelGCFailedAllocation
Event: 33.722 Executing VM operation: ParallelGCFailedAllocation done
Event: 33.745 Executing VM operation: ParallelGCFailedAllocation
Event: 33.748 Executing VM operation: ParallelGCFailedAllocation done
Event: 33.780 Executing VM operation: ParallelGCFailedAllocation
Event: 33.784 Executing VM operation: ParallelGCFailedAllocation done
Event: 33.823 Executing VM operation: ParallelGCFailedAllocation
Event: 33.825 Executing VM operation: ParallelGCFailedAllocation done
Event: 33.853 Executing VM operation: ParallelGCFailedAllocation
Event: 33.857 Executing VM operation: ParallelGCFailedAllocation done
Event: 33.893 Executing VM operation: ParallelGCFailedAllocation
Event: 33.897 Executing VM operation: ParallelGCFailedAllocation done
Event: 33.962 Executing VM operation: ParallelGCFailedAllocation

Events (20 events):
Event: 25.754 Thread 0x00000236c33162a0 flushing nmethod 0x00000236ad804510
Event: 29.358 loading class java/util/regex/PatternSyntaxException
Event: 29.358 loading class java/util/regex/PatternSyntaxException done
Event: 31.270 Thread 0x00000236c60d5690 Thread added: 0x00000236c60d5690
Event: 31.289 Thread 0x00000236c60d6130 Thread added: 0x00000236c60d6130
Event: 31.457 Thread 0x00000236c60d6130 Thread exited: 0x00000236c60d6130
Event: 31.461 Thread 0x00000236c60d5690 Thread exited: 0x00000236c60d5690
Event: 32.624 loading class java/lang/Throwable$WrappedPrintWriter
Event: 32.624 loading class java/lang/Throwable$PrintStreamOrWriter
Event: 32.624 loading class java/lang/Throwable$PrintStreamOrWriter done
Event: 32.624 loading class java/lang/Throwable$WrappedPrintWriter done
Event: 32.625 loading class java/text/DontCareFieldPosition
Event: 32.625 loading class java/text/DontCareFieldPosition done
Event: 32.625 loading class java/text/DontCareFieldPosition$1
Event: 32.625 loading class java/text/Format$FieldDelegate
Event: 32.625 loading class java/text/Format$FieldDelegate done
Event: 32.625 loading class java/text/DontCareFieldPosition$1 done
Event: 32.625 loading class java/text/NumberFormat$Field
Event: 32.626 loading class java/text/NumberFormat$Field done
Event: 32.789 Thread 0x00000236c60d8660 Thread added: 0x00000236c60d8660


Dynamic libraries:
0x00007ff7e0120000 - 0x00007ff7e012e000 	c:\Users\SXRBS\.vscode\extensions\redhat.java-1.28.1-win32-x64\jre\17.0.10-win32-x86_64\bin\java.exe
0x00007ffdf4f20000 - 0x00007ffdf510e000 	C:\Windows\SYSTEM32\ntdll.dll
0x00007ffdf4d30000 - 0x00007ffdf4de3000 	C:\Windows\System32\KERNEL32.DLL
0x00007ffdf1a20000 - 0x00007ffdf1cbd000 	C:\Windows\System32\KERNELBASE.dll
0x00007ffdf1e10000 - 0x00007ffdf1f0a000 	C:\Windows\System32\ucrtbase.dll
0x00007ffdec3b0000 - 0x00007ffdec3cb000 	c:\Users\SXRBS\.vscode\extensions\redhat.java-1.28.1-win32-x64\jre\17.0.10-win32-x86_64\bin\VCRUNTIME140.dll
0x00007ffdec3d0000 - 0x00007ffdec3e7000 	c:\Users\SXRBS\.vscode\extensions\redhat.java-1.28.1-win32-x64\jre\17.0.10-win32-x86_64\bin\jli.dll
0x00007ffdf49b0000 - 0x00007ffdf4b47000 	C:\Windows\System32\USER32.dll
0x00007ffdf1200000 - 0x00007ffdf1220000 	C:\Windows\System32\win32u.dll
0x00007ffdf4be0000 - 0x00007ffdf4c09000 	C:\Windows\System32\GDI32.dll
0x00007ffdf0ff0000 - 0x00007ffdf119a000 	C:\Windows\System32\gdi32full.dll
0x00007ffdf1cc0000 - 0x00007ffdf1d60000 	C:\Windows\System32\msvcp_win.dll
0x00007ffde0410000 - 0x00007ffde0689000 	C:\Windows\WinSxS\amd64_microsoft.windows.common-controls_6595b64144ccf1df_6.0.17763.5458_none_de7234b4534a7f0e\COMCTL32.dll
0x00007ffdf4c10000 - 0x00007ffdf4cae000 	C:\Windows\System32\msvcrt.dll
0x00007ffdf4510000 - 0x00007ffdf483b000 	C:\Windows\System32\combase.dll
0x00007ffdf2140000 - 0x00007ffdf225d000 	C:\Windows\System32\RPCRT4.dll
0x00007ffdf1d80000 - 0x00007ffdf1e02000 	C:\Windows\System32\bcryptPrimitives.dll
0x00007ffdf4bb0000 - 0x00007ffdf4bde000 	C:\Windows\System32\IMM32.DLL
0x00000000510f0000 - 0x00000000510fd000 	C:\Program Files (x86)\360\360Safe\safemon\SafeWrapper.dll
0x00007ffdf2490000 - 0x00007ffdf2538000 	C:\Windows\System32\ADVAPI32.dll
0x00007ffdf2670000 - 0x00007ffdf2712000 	C:\Windows\System32\sechost.dll
0x00007ffdf2110000 - 0x00007ffdf2136000 	C:\Windows\System32\bcrypt.dll
0x00007ffddd050000 - 0x00007ffddd0fc000 	C:\Program Files (x86)\360\360Safe\safemon\libzdtp64.dll
0x00007ffdf2c10000 - 0x00007ffdf4108000 	C:\Windows\System32\SHELL32.dll
0x00007ffdf0fa0000 - 0x00007ffdf0fea000 	C:\Windows\System32\cfgmgr32.dll
0x00007ffdf2280000 - 0x00007ffdf2327000 	C:\Windows\System32\shcore.dll
0x00007ffdf12d0000 - 0x00007ffdf1a17000 	C:\Windows\System32\windows.storage.dll
0x00007ffdf0f70000 - 0x00007ffdf0f93000 	C:\Windows\System32\profapi.dll
0x00007ffdf0ef0000 - 0x00007ffdf0f4d000 	C:\Windows\System32\powrprof.dll
0x00007ffdf4b50000 - 0x00007ffdf4ba2000 	C:\Windows\System32\shlwapi.dll
0x00007ffdf0ed0000 - 0x00007ffdf0ee1000 	C:\Windows\System32\kernel.appcore.dll
0x00007ffdf1d60000 - 0x00007ffdf1d7b000 	C:\Windows\System32\cryptsp.dll
0x00007ffdf0c70000 - 0x00007ffdf0c7a000 	C:\Windows\SYSTEM32\VERSION.dll
0x00007ffded310000 - 0x00007ffded31c000 	c:\Users\SXRBS\.vscode\extensions\redhat.java-1.28.1-win32-x64\jre\17.0.10-win32-x86_64\bin\vcruntime140_1.dll
0x00007ffde1840000 - 0x00007ffde18cd000 	c:\Users\SXRBS\.vscode\extensions\redhat.java-1.28.1-win32-x64\jre\17.0.10-win32-x86_64\bin\msvcp140.dll
0x00007ffdb4a40000 - 0x00007ffdb56a2000 	c:\Users\SXRBS\.vscode\extensions\redhat.java-1.28.1-win32-x64\jre\17.0.10-win32-x86_64\bin\server\jvm.dll
0x00007ffde9160000 - 0x00007ffde9169000 	C:\Windows\SYSTEM32\WSOCK32.dll
0x00007ffdf4e80000 - 0x00007ffdf4eed000 	C:\Windows\System32\WS2_32.dll
0x00007ffdeecb0000 - 0x00007ffdeecd4000 	C:\Windows\SYSTEM32\WINMM.dll
0x00007ffdeeb90000 - 0x00007ffdeebbd000 	C:\Windows\SYSTEM32\winmmbase.dll
0x00007ffdec3a0000 - 0x00007ffdec3aa000 	c:\Users\SXRBS\.vscode\extensions\redhat.java-1.28.1-win32-x64\jre\17.0.10-win32-x86_64\bin\jimage.dll
0x00007ffdf07a0000 - 0x00007ffdf098d000 	C:\Windows\SYSTEM32\DBGHELP.DLL
0x00007ffdf06f0000 - 0x00007ffdf071a000 	C:\Windows\SYSTEM32\dbgcore.DLL
0x00007ffde9c70000 - 0x00007ffde9c7e000 	c:\Users\SXRBS\.vscode\extensions\redhat.java-1.28.1-win32-x64\jre\17.0.10-win32-x86_64\bin\instrument.dll
0x00007ffde1a80000 - 0x00007ffde1aa5000 	c:\Users\SXRBS\.vscode\extensions\redhat.java-1.28.1-win32-x64\jre\17.0.10-win32-x86_64\bin\java.dll
0x00007ffde9650000 - 0x00007ffde9668000 	c:\Users\SXRBS\.vscode\extensions\redhat.java-1.28.1-win32-x64\jre\17.0.10-win32-x86_64\bin\zip.dll
0x00007ffde3fc0000 - 0x00007ffde3fd9000 	C:\Users\SXRBS\.vscode\extensions\redhat.java-1.28.1-win32-x64\jre\17.0.10-win32-x86_64\bin\net.dll
0x00007ffde5210000 - 0x00007ffde530d000 	C:\Windows\SYSTEM32\WINHTTP.dll
0x00007ffdf0170000 - 0x00007ffdf01d7000 	C:\Windows\system32\mswsock.dll
0x00007ffde3e50000 - 0x00007ffde3e66000 	C:\Users\SXRBS\.vscode\extensions\redhat.java-1.28.1-win32-x64\jre\17.0.10-win32-x86_64\bin\nio.dll
0x00007ffde8ef0000 - 0x00007ffde8f00000 	c:\Users\SXRBS\.vscode\extensions\redhat.java-1.28.1-win32-x64\jre\17.0.10-win32-x86_64\bin\verify.dll
0x00007ffde1770000 - 0x00007ffde17ae000 	C:\Users\SXRBS\AppData\Roaming\Code\User\globalStorage\redhat.java\1.28.1\config_win\org.eclipse.equinox.launcher\org.eclipse.equinox.launcher.win32.win32.x86_64_1.2.900.v20240129-1338\eclipse_11900.dll
0x00007ffdf2330000 - 0x00007ffdf2486000 	C:\Windows\System32\ole32.dll
0x00007ffdefd50000 - 0x00007ffdefd83000 	C:\Windows\system32\rsaenh.dll
0x00007ffdf0e00000 - 0x00007ffdf0e29000 	C:\Windows\SYSTEM32\USERENV.dll
0x00007ffdf0340000 - 0x00007ffdf034c000 	C:\Windows\SYSTEM32\CRYPTBASE.dll
0x00007ffdf0410000 - 0x00007ffdf044d000 	C:\Windows\SYSTEM32\IPHLPAPI.DLL
0x00007ffdf4e70000 - 0x00007ffdf4e78000 	C:\Windows\System32\NSI.dll
0x00007ffde9c80000 - 0x00007ffde9c96000 	C:\Windows\SYSTEM32\dhcpcsvc6.DLL
0x00007ffde9bb0000 - 0x00007ffde9bcc000 	C:\Windows\SYSTEM32\dhcpcsvc.DLL
0x00007ffdefee0000 - 0x00007ffdeffa6000 	C:\Windows\SYSTEM32\DNSAPI.dll
0x00007ffdd8850000 - 0x00007ffdd8895000 	C:\Users\SXRBS\AppData\Local\Temp\jna-79354782\jna1202918743458986140.dll
0x00007ffdf2c00000 - 0x00007ffdf2c08000 	C:\Windows\System32\PSAPI.DLL

dbghelp: loaded successfully - version: 4.0.5 - missing functions: none
symbol engine: initialized successfully - sym options: 0x614 - pdb path: .;c:\Users\SXRBS\.vscode\extensions\redhat.java-1.28.1-win32-x64\jre\17.0.10-win32-x86_64\bin;C:\Windows\SYSTEM32;C:\Windows\WinSxS\amd64_microsoft.windows.common-controls_6595b64144ccf1df_6.0.17763.5458_none_de7234b4534a7f0e;C:\Program Files (x86)\360\360Safe\safemon;c:\Users\SXRBS\.vscode\extensions\redhat.java-1.28.1-win32-x64\jre\17.0.10-win32-x86_64\bin\server;C:\Users\SXRBS\AppData\Roaming\Code\User\globalStorage\redhat.java\1.28.1\config_win\org.eclipse.equinox.launcher\org.eclipse.equinox.launcher.win32.win32.x86_64_1.2.900.v20240129-1338;C:\Users\SXRBS\AppData\Local\Temp\jna-79354782

VM Arguments:
jvm_args: --add-modules=ALL-SYSTEM --add-opens=java.base/java.util=ALL-UNNAMED --add-opens=java.base/java.lang=ALL-UNNAMED --add-opens=java.base/sun.nio.fs=ALL-UNNAMED -Declipse.application=org.eclipse.jdt.ls.core.id1 -Dosgi.bundles.defaultStartLevel=4 -Declipse.product=org.eclipse.jdt.ls.core.product -Djava.import.generatesMetadataFilesAtProjectRoot=false -DDetectVMInstallationsJob.disabled=true -Dfile.encoding=utf8 -XX:+UseParallelGC -XX:GCTimeRatio=4 -XX:AdaptiveSizePolicyWeight=90 -Dsun.zip.disableMemoryMapping=true -Xmx1G -Xms100m -Xlog:disable -javaagent:c:\Users\SXRBS\.vscode\extensions\redhat.java-1.28.1-win32-x64\lombok\lombok-1.18.31.jar -XX:+HeapDumpOnOutOfMemoryError -XX:HeapDumpPath=c:\Users\SXRBS\AppData\Roaming\Code\User\workspaceStorage\c8669b37ec549c97780dae6a6d3fc7b2\redhat.java -Daether.dependencyCollector.impl=bf 
java_command: c:\Users\SXRBS\.vscode\extensions\redhat.java-1.28.1-win32-x64\server\plugins\org.eclipse.equinox.launcher_1.6.700.v20231214-2017.jar -configuration c:\Users\SXRBS\AppData\Roaming\Code\User\globalStorage\redhat.java\1.28.1\config_win -data c:\Users\SXRBS\AppData\Roaming\Code\User\workspaceStorage\c8669b37ec549c97780dae6a6d3fc7b2\redhat.java\jdt_ws --stdio
java_class_path (initial): c:\Users\SXRBS\.vscode\extensions\redhat.java-1.28.1-win32-x64\server\plugins\org.eclipse.equinox.launcher_1.6.700.v20231214-2017.jar
Launcher Type: SUN_STANDARD

[Global flags]
    uintx AdaptiveSizePolicyWeight                 = 90                                        {product} {command line}
     intx CICompilerCount                          = 4                                         {product} {ergonomic}
    uintx GCTimeRatio                              = 4                                         {product} {command line}
     bool HeapDumpOnOutOfMemoryError               = true                                   {manageable} {command line}
    ccstr HeapDumpPath                             = c:\Users\SXRBS\AppData\Roaming\Code\User\workspaceStorage\c8669b37ec549c97780dae6a6d3fc7b2\redhat.java         {manageable} {command line}
   size_t InitialHeapSize                          = 104857600                                 {product} {command line}
   size_t MaxHeapSize                              = 1073741824                                {product} {command line}
   size_t MaxNewSize                               = 357564416                                 {product} {ergonomic}
   size_t MinHeapDeltaBytes                        = 524288                                    {product} {ergonomic}
   size_t MinHeapSize                              = 104857600                                 {product} {command line}
   size_t NewSize                                  = 34603008                                  {product} {ergonomic}
    uintx NonNMethodCodeHeapSize                   = 5839372                                {pd product} {ergonomic}
    uintx NonProfiledCodeHeapSize                  = 122909434                              {pd product} {ergonomic}
   size_t OldSize                                  = 70254592                                  {product} {ergonomic}
    uintx ProfiledCodeHeapSize                     = 122909434                              {pd product} {ergonomic}
    uintx ReservedCodeCacheSize                    = 251658240                              {pd product} {ergonomic}
     bool SegmentedCodeCache                       = true                                      {product} {ergonomic}
   size_t SoftMaxHeapSize                          = 1073741824                             {manageable} {ergonomic}
     bool UseCompressedClassPointers               = true                           {product lp64_product} {ergonomic}
     bool UseCompressedOops                        = true                           {product lp64_product} {ergonomic}
     bool UseLargePagesIndividualAllocation        = false                                  {pd product} {ergonomic}
     bool UseParallelGC                            = true                                      {product} {command line}

Logging:
Log output configuration:
 #0: stdout all=off uptime,level,tags
 #1: stderr all=off uptime,level,tags

Environment Variables:
JAVA_HOME=C:\Program Files\Java\jdk-17
PATH=C:\Program Files\Common Files\Oracle\Java\javapath;C:\Windows\system32;C:\Windows;C:\Windows\System32\Wbem;C:\Windows\System32\WindowsPowerShell\v1.0\;C:\Windows\System32\OpenSSH\;C:\Program Files\Java\jdk-17\bin;C:\Program Files\nodejs\;C:\Program Files\Redis;C:\Program Files\Microsoft SQL Server\150\Tools\Binn\;C:\Program Files\Microsoft SQL Server\Client SDK\ODBC\170\Tools\Binn\;C:\Program Files\dotnet\;C:\Program Files (x86)\Microsoft SQL Server\160\DTS\Binn\;C:\Program Files\Azure Data Studio\bin;C:\Program Files (x86)\NetSarang\Xshell 7\;C:\Program Files (x86)\NetSarang\Xftp 7\;C:\Users\SXRBS\AppData\Local\Microsoft\WindowsApps;C:\Users\SXRBS\AppData\Roaming\npm;C:\Users\SXRBS\.dotnet\tools;C:\Program Files\Azure Data Studio\bin;C:\Users\SXRBS\AppData\Local\Programs\Microsoft VS Code\bin
USERNAME=SXRBS
OS=Windows_NT
PROCESSOR_IDENTIFIER=Intel64 Family 6 Model 158 Stepping 9, GenuineIntel
TMP=C:\Users\SXRBS\AppData\Local\Temp
TEMP=C:\Users\SXRBS\AppData\Local\Temp



Periodic native trim disabled


---------------  S Y S T E M  ---------------

OS:
 Windows 10 , 64 bit Build 17763 (10.0.17763.4974)
OS uptime: 0 days 0:27 hours

CPU: total 8 (initial active 8) (4 cores per cpu, 2 threads per core) family 6 model 158 stepping 9 microcode 0x8e, cx8, cmov, fxsr, ht, mmx, 3dnowpref, sse, sse2, sse3, ssse3, sse4.1, sse4.2, popcnt, lzcnt, tsc, tscinvbit, avx, avx2, aes, erms, clmul, bmi1, bmi2, rtm, adx, fma, vzeroupper, clflush, clflushopt
Processor Information for all 8 processors :
  Max Mhz: 3600, Current Mhz: 3600, Mhz Limit: 3600

Memory: 4k page, system-wide physical 32674M (19616M free)
TotalPageFile size 65442M (AvailPageFile size 49487M)
current process WorkingSet (physical memory assigned to process): 662M, peak: 662M
current process commit charge ("private bytes"): 586M, peak: 593M

vm_info: OpenJDK 64-Bit Server VM (17.0.10+7) for windows-amd64 JRE (17.0.10+7), built on Jan 16 2024 23:25:11 by "admin" with MS VC++ 16.10 / 16.11 (VS2019)

END.
