#
# A fatal error has been detected by the Java Runtime Environment:
#
#  EXCEPTION_ACCESS_VIOLATION (0xc0000005) at pc=0x000001db53506354, pid=10964, tid=8816
#
# JRE version: OpenJDK Runtime Environment Temurin-17.0.10+7 (17.0.10+7) (build 17.0.10+7)
# Java VM: OpenJDK 64-Bit Server VM Temurin-17.0.10+7 (17.0.10+7, mixed mode, tiered, compressed oops, compressed class ptrs, parallel gc, windows-amd64)
# Problematic frame:
# v  ~BufferBlob::I2C/C2I adapters
#
# No core dump will be written. Minidumps are not enabled by default on client versions of Windows
#
# If you would like to submit a bug report, please visit:
#   https://github.com/adoptium/adoptium-support/issues
#

---------------  S U M M A R Y ------------

Command Line: --add-modules=ALL-SYSTEM --add-opens=java.base/java.util=ALL-UNNAMED --add-opens=java.base/java.lang=ALL-UNNAMED --add-opens=java.base/sun.nio.fs=ALL-UNNAMED -Declipse.application=org.eclipse.jdt.ls.core.id1 -Dosgi.bundles.defaultStartLevel=4 -Declipse.product=org.eclipse.jdt.ls.core.product -Djava.import.generatesMetadataFilesAtProjectRoot=false -DDetectVMInstallationsJob.disabled=true -Dfile.encoding=utf8 -XX:+UseParallelGC -XX:GCTimeRatio=4 -XX:AdaptiveSizePolicyWeight=90 -Dsun.zip.disableMemoryMapping=true -Xmx1G -Xms100m -Xlog:disable -javaagent:c:\Users\SXRBS\.vscode\extensions\redhat.java-1.28.1-win32-x64\lombok\lombok-1.18.31.jar c:\Users\SXRBS\.vscode\extensions\redhat.java-1.28.1-win32-x64\server\plugins\org.eclipse.equinox.launcher_1.6.700.v20231214-2017.jar -configuration c:\Users\SXRBS\AppData\Roaming\Code\User\globalStorage\redhat.java\1.28.1\config_ss_win -data c:\Users\SXRBS\AppData\Roaming\Code\User\workspaceStorage\c8669b37ec549c97780dae6a6d3fc7b2\redhat.java\ss_ws --stdio

Host: Intel(R) Core(TM) i7-7700 CPU @ 3.60GHz, 8 cores, 31G,  Windows 10 , 64 bit Build 17763 (10.0.17763.4974)
Time: Tue Feb 27 08:09:08 2024 中国标准时间 elapsed time: 0.883566 seconds (0d 0h 0m 0s)

---------------  T H R E A D  ---------------

Current thread (0x000001db48f227e0):  GCTaskThread "GC Thread#0" [stack: 0x0000000152600000,0x0000000152700000] [id=8816]

Stack: [0x0000000152600000,0x0000000152700000],  sp=0x00000001526ff508,  free space=1021k
Native frames: (J=compiled Java code, j=interpreted, Vv=VM code, C=native code)
C  0x000001db53506354

The last pc belongs to I2C/C2I adapters (printed below).

siginfo: EXCEPTION_ACCESS_VIOLATION (0xc0000005), reading address 0x0000000000000029


Registers:
RAX=0x000001db5e15c420, RBX=0x0000000000000001, RCX=0x00000001000605c0, RDX=0x00000000ebe5ff58
RSP=0x00000001526ff508, RBP=0x0000000000000700, RSI=0x00000000ec55598c, RDI=0x000001db5d8bfd80
R8 =0x00000001000605c0, R9 =0x00007ffa6211c740, R10=0x0000000000000000, R11=0x000001db5d8bfd80
R12=0x0000000000000000, R13=0x0000000000000010, R14=0x00000000ebe5ff58, R15=0x000001db5d8bfd80
RIP=0x000001db53506354, EFLAGS=0x0000000000010246


Register to memory mapping:

RIP=0x000001db53506354 is at code_begin+84 in an AdapterHandler
Adapter for signature: 0x000001db53506354 is at code_begin+84 in 
[CodeBlob (0x000001db53506290)]
Framesize: 0
BufferBlob (0x000001db53506290) used for I2C/C2I adapters
RAX={method} {0x000001db5e15c428} 'setValue' '(Ljava/lang/Object;)Ljava/lang/Object;' in 'java/util/KeyValueHolder'
RBX=0x0000000000000001 is an unknown value
RCX=0x00000001000605c0 is pointing into metadata
RDX=0x00000000ebe5ff58 points into unknown readable memory: 0x0000000000000001 | 01 00 00 00 00 00 00 00
RSP=0x00000001526ff508 points into unknown readable memory: 0x00007ffa61caa5e1 | e1 a5 ca 61 fa 7f 00 00
RBP=0x0000000000000700 is an unknown value
RSI=0x00000000ec55598c points into unknown readable memory: 58 ff e5 eb
RDI=0x000001db5d8bfd80 points into unknown readable memory: 0x00007ffa61fa1db8 | b8 1d fa 61 fa 7f 00 00
R8 =0x00000001000605c0 is pointing into metadata
R9 =0x00007ffa6211c740 jvm.dll
R10=0x0 is NULL
R11=0x000001db5d8bfd80 points into unknown readable memory: 0x00007ffa61fa1db8 | b8 1d fa 61 fa 7f 00 00
R12=0x0 is NULL
R13=0x0000000000000010 is an unknown value
R14=0x00000000ebe5ff58 points into unknown readable memory: 0x0000000000000001 | 01 00 00 00 00 00 00 00
R15=0x000001db5d8bfd80 points into unknown readable memory: 0x00007ffa61fa1db8 | b8 1d fa 61 fa 7f 00 00


Top of Stack: (sp=0x00000001526ff508)
0x00000001526ff508:   00007ffa61caa5e1 0000000000000001
0x00000001526ff518:   0000000000000000 00007ffa61fa1ef8
0x00000001526ff528:   00000001526ff6b0 000001db48f7e1d0
0x00000001526ff538:   0000000000000020 00000000ec556e00
0x00000001526ff548:   0000000000001000 00000000ec556e00
0x00000001526ff558:   0000000000001000 0000000000000010
0x00000001526ff568:   0000000000000000 000000000000000c
0x00000001526ff578:   000000000000076a 00000000ec55598c
0x00000001526ff588:   0000000000000738 0000000000000001
0x00000001526ff598:   00007ffa61cab820 000001db5d8bfd80
0x00000001526ff5a8:   00007ffa61cac828 0000000000000001
0x00000001526ff5b8:   000001db5d7fb5f2 00000001526ff6a8
0x00000001526ff5c8:   00007ffa61fa1ef8 0000000000000000
0x00000001526ff5d8:   00007ffa61fa1ee0 0000000000000000
0x00000001526ff5e8:   000001db5d8bfd80 00000001527fef80
0x00000001526ff5f8:   00000001526ff6a9 0000000000000000
0x00000001526ff608:   00007ffa61cae3cb 0000000000000000
0x00000001526ff618:   0000000000000000 0000000000000000
0x00000001526ff628:   00007ffa997eb5c6 0000000000000000
0x00000001526ff638:   00007ffa99304d35 0000000000000000
0x00000001526ff648:   0000000000000000 0000000000000000
0x00000001526ff658:   000001db475a74a0 00007ffa61fa1f20
0x00000001526ff668:   000001db5d8bfd80 00000001527fee40
0x00000001526ff678:   000001db48f1aa80 00000000000003d8
0x00000001526ff688:   000001db48f1aa90 000001db48f1ae68
0x00000001526ff698:   00007ffa9934309d 0000000000000048
0x00000001526ff6a8:   00007ffa61fa1ef8 00007ffa61fa1ee0
0x00000001526ff6b8:   000001db5d8bfd80 0000000000000000
0x00000001526ff6c8:   0000e3a17d58d6c8 0000000000000000
0x00000001526ff6d8:   000001db48f227e0 0000000000000000
0x00000001526ff6e8:   0000000000000000 00000001527fee40
0x00000001526ff6f8:   000001db48f227e0 0000000000000000 

Instructions: (pc=0x000001db53506354)
0x000001db53506254:   00 00 00 00 00 00 00 00 00 00 00 00 00 00 00 00
0x000001db53506264:   00 00 00 00 00 00 00 00 00 00 00 00 00 00 00 00
0x000001db53506274:   00 00 00 00 00 00 00 00 00 00 00 00 06 00 00 00
0x000001db53506284:   00 00 00 00 01 00 00 00 00 00 00 00 50 8f f2 61
0x000001db53506294:   fa 7f 00 00 00 00 00 00 20 02 00 00 68 00 00 00
0x000001db535062a4:   ff ff ff ff 20 02 00 00 00 00 00 00 00 63 50 53
0x000001db535062b4:   db 01 00 00 b0 64 50 53 db 01 00 00 00 63 50 53
0x000001db535062c4:   db 01 00 00 b0 64 50 53 db 01 00 00 f8 62 50 53
0x000001db535062d4:   db 01 00 00 00 63 50 53 db 01 00 00 00 00 00 00
0x000001db535062e4:   00 00 00 00 00 00 00 00 00 00 00 00 70 98 f2 61
0x000001db535062f4:   fa 7f 00 00 3c 64 13 64 3d 64 8d 60 48 8b 04 24
0x000001db53506304:   4c 8b dc 48 83 e4 f0 50 49 8b c3 4c 8b 5b 40 48
0x000001db53506314:   8b 50 10 4c 8b 40 08 49 89 9f e8 02 00 00 48 8b
0x000001db53506324:   c3 41 ff e3 8b 5a 08 48 c1 e3 03 48 3b 58 08 48
0x000001db53506334:   8b 18 0f 84 05 00 00 00 e9 3f aa ff ff 48 81 7b
0x000001db53506344:   48 00 00 00 00 0f 84 43 01 00 00 e9 2c aa ff ff
0x000001db53506354:   44 8b 53 28 41 f7 c2 08 00 00 00 0f 84 2c 00 00
0x000001db53506364:   00 4c 8b 53 08 4d 8b 52 08 4d 8b 52 18 41 80 ba
0x000001db53506374:   33 01 00 00 04 0f 84 12 00 00 00 4d 3b ba 38 01
0x000001db53506384:   00 00 0f 84 05 00 00 00 e9 6f 21 fb ff 48 81 7b
0x000001db53506394:   48 00 00 00 00 0f 84 f3 00 00 00 4c 8b ec 48 8b
0x000001db535063a4:   04 24 48 83 e4 f0 9c 48 83 ec 08 48 81 ec 80 00
0x000001db535063b4:   00 00 48 89 44 24 78 48 89 4c 24 70 48 89 54 24
0x000001db535063c4:   68 48 89 5c 24 60 48 89 6c 24 50 48 89 74 24 48
0x000001db535063d4:   48 89 7c 24 40 4c 89 44 24 38 4c 89 4c 24 30 4c
0x000001db535063e4:   89 54 24 28 4c 89 5c 24 20 4c 89 64 24 18 4c 89
0x000001db535063f4:   6c 24 10 4c 89 74 24 08 4c 89 3c 24 48 81 ec 80
0x000001db53506404:   0a 00 00 48 0f ae 04 24 c5 f8 77 48 83 ec 20 48
0x000001db53506414:   8b cb 48 8b d0 49 ba 90 39 cd 61 fa 7f 00 00 41
0x000001db53506424:   ff d2 48 83 c4 20 c5 f8 77 48 0f ae 0c 24 48 81
0x000001db53506434:   c4 80 0a 00 00 4c 8b 3c 24 4c 8b 74 24 08 4c 8b
0x000001db53506444:   6c 24 10 4c 8b 64 24 18 4c 8b 5c 24 20 4c 8b 54 


Stack slot to memory mapping:
stack at sp + 0 slots: 0x00007ffa61caa5e1 jvm.dll
stack at sp + 1 slots: 0x0000000000000001 is an unknown value
stack at sp + 2 slots: 0x0 is NULL
stack at sp + 3 slots: 0x00007ffa61fa1ef8 jvm.dll
stack at sp + 4 slots: 0x00000001526ff6b0 points into unknown readable memory: 0x00007ffa61fa1ee0 | e0 1e fa 61 fa 7f 00 00
stack at sp + 5 slots: 0x000001db48f7e1d0 points into unknown readable memory: 0x00000000ec450360 | 60 03 45 ec 00 00 00 00
stack at sp + 6 slots: 0x0000000000000020 is an unknown value
stack at sp + 7 slots: 0x00000000ec556e00 is an oop: java.util.LinkedHashMap$LinkedEntrySet 
{0x00000000ec556e00} - klass: 'java/util/LinkedHashMap$LinkedEntrySet'
 - ---- fields (total size 2 words):
 - final synthetic 'this$0' 'Ljava/util/LinkedHashMap;' @12  a 'java/util/LinkedHashMap'{0x00000000ec556d20} (ec556d20)

--------------------------------------------------------------------------------
Decoding CodeBlob, name: I2C/C2I adapters, at  [0x000001db53506300, 0x000001db535064b0]  432 bytes
[MachCode]
  0x000001db53506300: 488b 0424 | 4c8b dc48 | 83e4 f050 | 498b c34c | 8b5b 4048 | 8b50 104c | 8b40 0849 | 899f e802 
  0x000001db53506320: 0000 488b | c341 ffe3 | 8b5a 0848 | c1e3 0348 | 3b58 0848 | 8b18 0f84 | 0500 0000 | e93f aaff 
  0x000001db53506340: ff48 817b | 4800 0000 | 000f 8443 | 0100 00e9 | 2caa ffff | 448b 5328 | 41f7 c208 | 0000 000f 
  0x000001db53506360: 842c 0000 | 004c 8b53 | 084d 8b52 | 084d 8b52 | 1841 80ba | 3301 0000 | 040f 8412 | 0000 004d 
  0x000001db53506380: 3bba 3801 | 0000 0f84 | 0500 0000 | e96f 21fb | ff48 817b | 4800 0000 | 000f 84f3 | 0000 004c 
  0x000001db535063a0: 8bec 488b | 0424 4883 | e4f0 9c48 | 83ec 0848 | 81ec 8000 | 0000 4889 | 4424 7848 | 894c 2470 
  0x000001db535063c0: 4889 5424 | 6848 895c | 2460 4889 | 6c24 5048 | 8974 2448 | 4889 7c24 | 404c 8944 | 2438 4c89 
  0x000001db535063e0: 4c24 304c | 8954 2428 | 4c89 5c24 | 204c 8964 | 2418 4c89 | 6c24 104c | 8974 2408 | 4c89 3c24 
  0x000001db53506400: 4881 ec80 | 0a00 0048 | 0fae 0424 | c5f8 7748 | 83ec 2048 | 8bcb 488b | d049 ba90 | 39cd 61fa 
  0x000001db53506420: 7f00 0041 | ffd2 4883 | c420 c5f8 | 7748 0fae | 0c24 4881 | c480 0a00 | 004c 8b3c | 244c 8b74 
  0x000001db53506440: 2408 4c8b | 6c24 104c | 8b64 2418 | 4c8b 5c24 | 204c 8b54 | 2428 4c8b | 4c24 304c | 8b44 2438 
  0x000001db53506460: 488b 7c24 | 4048 8b74 | 2448 488b | 6c24 5048 | 8b5c 2460 | 488b 5424 | 6848 8b4c | 2470 488b 
  0x000001db53506480: 4424 7848 | 81c4 8000 | 0000 4883 | c408 9d49 | 8be5 584c | 8bec 4883 | ec20 4889 | 0424 4889 
  0x000001db535064a0: 5424 104c | 8944 2408 | 488b 4b38 | ffe1 f4f4 
[/MachCode]
--------------------------------------------------------------------------------


---------------  P R O C E S S  ---------------

Threads class SMR info:
_java_thread_list=0x000001db62819080, length=14, elements={
0x000001db48f0cc80, 0x000001db5d8ca770, 0x000001db5d8ce9c0, 0x000001db62832410,
0x000001db628330a0, 0x000001db628349f0, 0x000001db6283b8e0, 0x000001db62842970,
0x000001db6284a710, 0x000001db6284c3e0, 0x000001db628fbdc0, 0x000001db629f1850,
0x000001db63a88eb0, 0x000001db62a87c90
}

Java Threads: ( => current thread )
  0x000001db48f0cc80 JavaThread "main" [_thread_blocked, id=232, stack(0x0000000152500000,0x0000000152600000)]
  0x000001db5d8ca770 JavaThread "Reference Handler" daemon [_thread_blocked, id=12620, stack(0x0000000152800000,0x0000000152900000)]
  0x000001db5d8ce9c0 JavaThread "Finalizer" daemon [_thread_blocked, id=8604, stack(0x0000000152900000,0x0000000152a00000)]
  0x000001db62832410 JavaThread "Signal Dispatcher" daemon [_thread_blocked, id=3324, stack(0x0000000152a00000,0x0000000152b00000)]
  0x000001db628330a0 JavaThread "Attach Listener" daemon [_thread_blocked, id=3304, stack(0x0000000152b00000,0x0000000152c00000)]
  0x000001db628349f0 JavaThread "Service Thread" daemon [_thread_blocked, id=7092, stack(0x0000000152c00000,0x0000000152d00000)]
  0x000001db6283b8e0 JavaThread "Monitor Deflation Thread" daemon [_thread_blocked, id=5804, stack(0x0000000152d00000,0x0000000152e00000)]
  0x000001db62842970 JavaThread "C2 CompilerThread0" daemon [_thread_blocked, id=12060, stack(0x0000000152e00000,0x0000000152f00000)]
  0x000001db6284a710 JavaThread "C1 CompilerThread0" daemon [_thread_blocked, id=872, stack(0x0000000152f00000,0x0000000153000000)]
  0x000001db6284c3e0 JavaThread "Sweeper thread" daemon [_thread_blocked, id=2512, stack(0x0000000153000000,0x0000000153100000)]
  0x000001db628fbdc0 JavaThread "Common-Cleaner" daemon [_thread_blocked, id=1680, stack(0x0000000153100000,0x0000000153200000)]
  0x000001db629f1850 JavaThread "C2 CompilerThread1" daemon [_thread_blocked, id=9836, stack(0x0000000153200000,0x0000000153300000)]
  0x000001db63a88eb0 JavaThread "Notification Thread" daemon [_thread_blocked, id=10536, stack(0x0000000153300000,0x0000000153400000)]
  0x000001db62a87c90 JavaThread "C2 CompilerThread2" daemon [_thread_blocked, id=12668, stack(0x0000000153500000,0x0000000153600000)]

Other Threads:
  0x000001db5d7c21f0 VMThread "VM Thread" [stack: 0x0000000152700000,0x0000000152800000] [id=12612]
  0x000001db63aa89c0 WatcherThread [stack: 0x0000000153400000,0x0000000153500000] [id=12928]
=>0x000001db48f227e0 GCTaskThread "GC Thread#0" [stack: 0x0000000152600000,0x0000000152700000] [id=8816]
  0x000001db63fc2ac0 GCTaskThread "GC Thread#1" [stack: 0x0000000153600000,0x0000000153700000] [id=8208]

Threads with active compile tasks:
C1 CompilerThread0     1221  977       3       java.lang.invoke.MemberName::getName (25 bytes)
C2 CompilerThread1     1221  956       4       java.util.HashMap::putVal (300 bytes)
C2 CompilerThread2     1221  971       4       jdk.internal.org.objectweb.asm.ByteVector::putUTF8 (144 bytes)

VM state: at safepoint (normal execution)

VM Mutex/Monitor currently owned by a thread:  ([mutex/lock_event])
[0x000001db48f0a0c0] Threads_lock - owner thread: 0x000001db5d7c21f0
[0x000001db48f08ec0] Heap_lock - owner thread: 0x000001db48f0cc80

Heap address: 0x00000000c0000000, size: 1024 MB, Compressed Oops mode: 32-bit

CDS archive(s) not mapped
Compressed class space mapped at: 0x0000000100000000-0x0000000140000000, reserved size: 1073741824
Narrow klass base: 0x0000000000000000, Narrow klass shift: 3, Narrow klass range: 0x140000000

GC Precious Log:
 CPUs: 8 total, 8 available
 Memory: 32674M
 Large Page Support: Disabled
 NUMA Support: Disabled
 Compressed Oops: Enabled (32-bit)
 Alignments: Space 512K, Generation 512K, Heap 2M
 Heap Min Capacity: 100M
 Heap Initial Capacity: 100M
 Heap Max Capacity: 1G
 Pre-touch: Disabled
 Parallel Workers: 8

Heap:
 PSYoungGen      total 29696K, used 25600K [0x00000000eab00000, 0x00000000ecc00000, 0x0000000100000000)
  eden space 25600K, 100% used [0x00000000eab00000,0x00000000ec400000,0x00000000ec400000)
  from space 4096K, 0% used [0x00000000ec800000,0x00000000ec800000,0x00000000ecc00000)
  to   space 4096K, 73% used [0x00000000ec400000,0x00000000ec6f55b8,0x00000000ec800000)
 ParOldGen       total 68608K, used 16K [0x00000000c0000000, 0x00000000c4300000, 0x00000000eab00000)
  object space 68608K, 0% used [0x00000000c0000000,0x00000000c0004000,0x00000000c4300000)
 Metaspace       used 10996K, committed 11200K, reserved 1114112K
  class space    used 1096K, committed 1216K, reserved 1048576K

Card table byte_map: [0x000001db5b160000,0x000001db5b370000] _byte_map_base: 0x000001db5ab60000

Marking Bits: (ParMarkBitMap*) 0x00007ffa6218d7d0
 Begin Bits: [0x000001db5b4d0000, 0x000001db5c4d0000)
 End Bits:   [0x000001db5c4d0000, 0x000001db5d4d0000)

Polling page: 0x000001db477f0000

Metaspace:

Usage:
  Non-class:      9.67 MB used.
      Class:      1.07 MB used.
       Both:     10.74 MB used.

Virtual space:
  Non-class space:       64.00 MB reserved,       9.75 MB ( 15%) committed,  1 nodes.
      Class space:        1.00 GB reserved,       1.19 MB ( <1%) committed,  1 nodes.
             Both:        1.06 GB reserved,      10.94 MB (  1%) committed. 

Chunk freelists:
   Non-Class:  6.14 MB
       Class:  14.68 MB
        Both:  20.82 MB

MaxMetaspaceSize: unlimited
CompressedClassSpaceSize: 1.00 GB
Initial GC threshold: 21.00 MB
Current GC threshold: 21.00 MB
CDS: off
MetaspaceReclaimPolicy: balanced
 - commit_granule_bytes: 65536.
 - commit_granule_words: 8192.
 - virtual_space_node_default_size: 8388608.
 - enlarge_chunks_in_place: 1.
 - new_chunks_are_fully_committed: 0.
 - uncommit_free_chunks: 1.
 - use_allocation_guard: 0.
 - handle_deallocations: 1.


Internal statistics:

num_allocs_failed_limit: 0.
num_arena_births: 28.
num_arena_deaths: 0.
num_vsnodes_births: 2.
num_vsnodes_deaths: 0.
num_space_committed: 175.
num_space_uncommitted: 0.
num_chunks_returned_to_freelist: 0.
num_chunks_taken_from_freelist: 102.
num_chunk_merges: 0.
num_chunk_splits: 69.
num_chunks_enlarged: 59.
num_inconsistent_stats: 0.

CodeHeap 'non-profiled nmethods': size=120000Kb used=387Kb max_used=387Kb free=119612Kb
 bounds [0x000001db53a50000, 0x000001db53cc0000, 0x000001db5af80000]
CodeHeap 'profiled nmethods': size=120000Kb used=1615Kb max_used=1615Kb free=118384Kb
 bounds [0x000001db4bf80000, 0x000001db4c1f0000, 0x000001db534b0000]
CodeHeap 'non-nmethods': size=5760Kb used=1142Kb max_used=1173Kb free=4617Kb
 bounds [0x000001db534b0000, 0x000001db53720000, 0x000001db53a50000]
 total_blobs=1407 nmethods=973 adapters=349
 compilation: enabled
              stopped_count=0, restarted_count=0
 full_count=0

Compilation events (20 events):
Event: 0.604 Thread 0x000001db6284a710  965       3       java.lang.invoke.MethodHandleNatives::refKindIsField (32 bytes)
Event: 0.605 Thread 0x000001db6284a710 nmethod 965 0x000001db4c10f710 code [0x000001db4c10f8a0, 0x000001db4c10f9f8]
Event: 0.605 Thread 0x000001db6284a710  967       3       java.lang.invoke.TypeConvertingMethodAdapter::descriptorToName (36 bytes)
Event: 0.605 Thread 0x000001db62a87c90  971       4       jdk.internal.org.objectweb.asm.ByteVector::putUTF8 (144 bytes)
Event: 0.605 Thread 0x000001db6284a710 nmethod 967 0x000001db4c10fa90 code [0x000001db4c10fd20, 0x000001db4c1108c8]
Event: 0.605 Thread 0x000001db6284a710  970       3       java.lang.invoke.MemberName::isConstructor (7 bytes)
Event: 0.605 Thread 0x000001db6284a710 nmethod 970 0x000001db4c110d90 code [0x000001db4c110f40, 0x000001db4c111178]
Event: 0.605 Thread 0x000001db6284a710  969       3       java.lang.invoke.MemberName::getMethodOrFieldType (72 bytes)
Event: 0.606 Thread 0x000001db6284a710 nmethod 969 0x000001db4c111290 code [0x000001db4c1115c0, 0x000001db4c112488]
Event: 0.606 Thread 0x000001db6284a710  972       3       java.lang.invoke.MemberName::isStatic (8 bytes)
Event: 0.606 Thread 0x000001db6284a710 nmethod 972 0x000001db4c112990 code [0x000001db4c112b20, 0x000001db4c112cf8]
Event: 0.606 Thread 0x000001db6284a710  973       3       java.lang.invoke.LambdaForm$BasicType::basicType (19 bytes)
Event: 0.607 Thread 0x000001db6284a710 nmethod 973 0x000001db4c112d90 code [0x000001db4c112f60, 0x000001db4c1131b8]
Event: 0.607 Thread 0x000001db6284a710  976       3       jdk.internal.org.objectweb.asm.SymbolTable::addType (81 bytes)
Event: 0.607 Thread 0x000001db6284a710 nmethod 976 0x000001db4c113310 code [0x000001db4c113520, 0x000001db4c113a78]
Event: 0.607 Thread 0x000001db6284a710  974       1       jdk.internal.org.objectweb.asm.MethodWriter::hasAsmInstructions (5 bytes)
Event: 0.607 Thread 0x000001db6284a710 nmethod 974 0x000001db53ab0890 code [0x000001db53ab0a20, 0x000001db53ab0af8]
Event: 0.607 Thread 0x000001db6284a710  975       1       java.lang.invoke.MethodTypeForm::basicType (5 bytes)
Event: 0.607 Thread 0x000001db6284a710 nmethod 975 0x000001db53ab0b90 code [0x000001db53ab0d20, 0x000001db53ab0df8]
Event: 0.607 Thread 0x000001db6284a710  977       3       java.lang.invoke.MemberName::getName (25 bytes)

GC Heap History (1 events):
Event: 0.607 GC heap before
{Heap before GC invocations=1 (full 0):
 PSYoungGen      total 29696K, used 25600K [0x00000000eab00000, 0x00000000ecc00000, 0x0000000100000000)
  eden space 25600K, 100% used [0x00000000eab00000,0x00000000ec400000,0x00000000ec400000)
  from space 4096K, 0% used [0x00000000ec800000,0x00000000ec800000,0x00000000ecc00000)
  to   space 4096K, 0% used [0x00000000ec400000,0x00000000ec400000,0x00000000ec800000)
 ParOldGen       total 68608K, used 0K [0x00000000c0000000, 0x00000000c4300000, 0x00000000eab00000)
  object space 68608K, 0% used [0x00000000c0000000,0x00000000c0000000,0x00000000c4300000)
 Metaspace       used 10996K, committed 11200K, reserved 1114112K
  class space    used 1096K, committed 1216K, reserved 1048576K
}

Dll operation events (8 events):
Event: 0.017 Loaded shared library c:\Users\SXRBS\.vscode\extensions\redhat.java-1.28.1-win32-x64\jre\17.0.10-win32-x86_64\bin\java.dll
Event: 0.128 Loaded shared library c:\Users\SXRBS\.vscode\extensions\redhat.java-1.28.1-win32-x64\jre\17.0.10-win32-x86_64\bin\zip.dll
Event: 0.134 Loaded shared library C:\Users\SXRBS\.vscode\extensions\redhat.java-1.28.1-win32-x64\jre\17.0.10-win32-x86_64\bin\instrument.dll
Event: 0.143 Loaded shared library C:\Users\SXRBS\.vscode\extensions\redhat.java-1.28.1-win32-x64\jre\17.0.10-win32-x86_64\bin\net.dll
Event: 0.146 Loaded shared library C:\Users\SXRBS\.vscode\extensions\redhat.java-1.28.1-win32-x64\jre\17.0.10-win32-x86_64\bin\nio.dll
Event: 0.151 Loaded shared library C:\Users\SXRBS\.vscode\extensions\redhat.java-1.28.1-win32-x64\jre\17.0.10-win32-x86_64\bin\zip.dll
Event: 0.161 Loaded shared library C:\Users\SXRBS\.vscode\extensions\redhat.java-1.28.1-win32-x64\jre\17.0.10-win32-x86_64\bin\jimage.dll
Event: 0.205 Loaded shared library c:\Users\SXRBS\.vscode\extensions\redhat.java-1.28.1-win32-x64\jre\17.0.10-win32-x86_64\bin\verify.dll

Deoptimization events (20 events):
Event: 0.572 Thread 0x000001db48f0cc80 Uncommon trap: trap_request=0xffffffde fr.pc=0x000001db53a85edc relative=0x000000000000057c
Event: 0.572 Thread 0x000001db48f0cc80 Uncommon trap: reason=class_check action=maybe_recompile pc=0x000001db53a85edc method=java.util.Collections$UnmodifiableCollection$1.<init>(Ljava/util/Collections$UnmodifiableCollection;)V @ 17 c2
Event: 0.572 Thread 0x000001db48f0cc80 DEOPT PACKING pc=0x000001db53a85edc sp=0x00000001525fde80
Event: 0.572 Thread 0x000001db48f0cc80 DEOPT UNPACKING pc=0x000001db535066a3 sp=0x00000001525fddc8 mode 2
Event: 0.572 Thread 0x000001db48f0cc80 Uncommon trap: trap_request=0xffffff45 fr.pc=0x000001db53a9c070 relative=0x0000000000000250
Event: 0.572 Thread 0x000001db48f0cc80 Uncommon trap: reason=unstable_if action=reinterpret pc=0x000001db53a9c070 method=java.util.HashMap.hash(Ljava/lang/Object;)I @ 1 c2
Event: 0.572 Thread 0x000001db48f0cc80 DEOPT PACKING pc=0x000001db53a9c070 sp=0x00000001525fde30
Event: 0.572 Thread 0x000001db48f0cc80 DEOPT UNPACKING pc=0x000001db535066a3 sp=0x00000001525fdcc8 mode 2
Event: 0.572 Thread 0x000001db48f0cc80 Uncommon trap: trap_request=0xffffff45 fr.pc=0x000001db53a9d46c relative=0x000000000000024c
Event: 0.572 Thread 0x000001db48f0cc80 Uncommon trap: reason=unstable_if action=reinterpret pc=0x000001db53a9d46c method=java.util.HashMap.hash(Ljava/lang/Object;)I @ 1 c2
Event: 0.572 Thread 0x000001db48f0cc80 DEOPT PACKING pc=0x000001db53a9d46c sp=0x00000001525fded0
Event: 0.572 Thread 0x000001db48f0cc80 DEOPT UNPACKING pc=0x000001db535066a3 sp=0x00000001525fddd8 mode 2
Event: 0.573 Thread 0x000001db48f0cc80 Uncommon trap: trap_request=0xffffffde fr.pc=0x000001db53a85edc relative=0x000000000000057c
Event: 0.573 Thread 0x000001db48f0cc80 Uncommon trap: reason=class_check action=maybe_recompile pc=0x000001db53a85edc method=java.util.Collections$UnmodifiableCollection$1.<init>(Ljava/util/Collections$UnmodifiableCollection;)V @ 17 c2
Event: 0.573 Thread 0x000001db48f0cc80 DEOPT PACKING pc=0x000001db53a85edc sp=0x00000001525fde80
Event: 0.573 Thread 0x000001db48f0cc80 DEOPT UNPACKING pc=0x000001db535066a3 sp=0x00000001525fddc8 mode 2
Event: 0.573 Thread 0x000001db48f0cc80 Uncommon trap: trap_request=0xffffff45 fr.pc=0x000001db53a96a18 relative=0x0000000000000098
Event: 0.573 Thread 0x000001db48f0cc80 Uncommon trap: reason=unstable_if action=reinterpret pc=0x000001db53a96a18 method=java.util.HashMap.hash(Ljava/lang/Object;)I @ 1 c2
Event: 0.573 Thread 0x000001db48f0cc80 DEOPT PACKING pc=0x000001db53a96a18 sp=0x00000001525fdd30
Event: 0.573 Thread 0x000001db48f0cc80 DEOPT UNPACKING pc=0x000001db535066a3 sp=0x00000001525fdcc8 mode 2

Classes unloaded (0 events):
No events

Classes redefined (0 events):
No events

Internal exceptions (20 events):
Event: 0.386 Thread 0x000001db48f0cc80 Exception <a 'java/lang/ClassNotFoundException'{0x00000000eb887280}: sun/net/www/protocol/c/Handler> (0x00000000eb887280) 
thrown [s\src\hotspot\share\classfile\systemDictionary.cpp, line 256]
Event: 0.389 Thread 0x000001db48f0cc80 Exception <a 'java/io/FileNotFoundException'{0x00000000eb89eee0}> (0x00000000eb89eee0) 
thrown [s\src\hotspot\share\prims\jni.cpp, line 516]
Event: 0.389 Thread 0x000001db48f0cc80 Exception <a 'java/io/FileNotFoundException'{0x00000000eb89fe90}> (0x00000000eb89fe90) 
thrown [s\src\hotspot\share\prims\jni.cpp, line 516]
Event: 0.390 Thread 0x000001db48f0cc80 Exception <a 'java/io/FileNotFoundException'{0x00000000eb8a0e38}> (0x00000000eb8a0e38) 
thrown [s\src\hotspot\share\prims\jni.cpp, line 516]
Event: 0.390 Thread 0x000001db48f0cc80 Exception <a 'java/io/FileNotFoundException'{0x00000000eb8a1db0}> (0x00000000eb8a1db0) 
thrown [s\src\hotspot\share\prims\jni.cpp, line 516]
Event: 0.396 Thread 0x000001db48f0cc80 Exception <a 'java/io/FileNotFoundException'{0x00000000eb8dc930}> (0x00000000eb8dc930) 
thrown [s\src\hotspot\share\prims\jni.cpp, line 516]
Event: 0.514 Thread 0x000001db48f0cc80 Exception <a 'java/lang/ClassNotFoundException'{0x00000000ec0df7d8}: sun/net/www/protocol/c/Handler> (0x00000000ec0df7d8) 
thrown [s\src\hotspot\share\classfile\systemDictionary.cpp, line 256]
Event: 0.515 Thread 0x000001db48f0cc80 Exception <a 'java/lang/ClassNotFoundException'{0x00000000ec0e0b18}: sun/net/www/protocol/k/Handler> (0x00000000ec0e0b18) 
thrown [s\src\hotspot\share\classfile\systemDictionary.cpp, line 256]
Event: 0.547 Thread 0x000001db48f0cc80 Exception <a 'java/lang/ClassNotFoundException'{0x00000000ec0e1c90}: sun/net/www/protocol/c/Handler> (0x00000000ec0e1c90) 
thrown [s\src\hotspot\share\classfile\systemDictionary.cpp, line 256]
Event: 0.553 Thread 0x000001db48f0cc80 Exception <a 'java/io/FileNotFoundException'{0x00000000ec105090}> (0x00000000ec105090) 
thrown [s\src\hotspot\share\prims\jni.cpp, line 516]
Event: 0.572 Thread 0x000001db48f0cc80 Implicit null exception at 0x000001db53aa3580 to 0x000001db53aa3f60
Event: 0.572 Thread 0x000001db48f0cc80 Implicit null exception at 0x000001db53a9be6c to 0x000001db53a9c058
Event: 0.572 Thread 0x000001db48f0cc80 Implicit null exception at 0x000001db53a9d26c to 0x000001db53a9d454
Event: 0.573 Thread 0x000001db48f0cc80 Implicit null exception at 0x000001db53a9698f to 0x000001db53a96a09
Event: 0.603 Thread 0x000001db48f0cc80 Exception <a 'java/lang/NoSuchMethodError'{0x00000000ec3d7240}: 'int java.lang.invoke.DirectMethodHandle$Holder.invokeStaticInit(java.lang.Object, java.lang.Object, java.lang.Object, java.lang.Object)'> (0x00000000ec3d7240) 
thrown [s\src\hotspot\share\interpreter\linkResolver.cpp, line 759]
Event: 0.604 Thread 0x000001db48f0cc80 Exception <a 'java/lang/NoSuchMethodError'{0x00000000ec3e18b0}: 'java.lang.Object java.lang.invoke.DirectMethodHandle$Holder.invokeInterface(java.lang.Object, java.lang.Object)'> (0x00000000ec3e18b0) 
thrown [s\src\hotspot\share\interpreter\linkResolver.cpp, line 759]
Event: 0.605 Thread 0x000001db48f0cc80 Exception <a 'java/lang/IncompatibleClassChangeError'{0x00000000ec3e50a8}: Found class java.lang.Object, but interface was expected> (0x00000000ec3e50a8) 
thrown [s\src\hotspot\share\interpreter\linkResolver.cpp, line 826]
Event: 0.605 Thread 0x000001db48f0cc80 Exception <a 'java/lang/NoSuchMethodError'{0x00000000ec3e9598}: 'void java.lang.invoke.DirectMethodHandle$Holder.invokeStatic(java.lang.Object, java.lang.Object)'> (0x00000000ec3e9598) 
thrown [s\src\hotspot\share\interpreter\linkResolver.cpp, line 759]
Event: 0.605 Thread 0x000001db48f0cc80 Exception <a 'java/lang/NoSuchMethodError'{0x00000000ec3ecd98}: 'void java.lang.invoke.DirectMethodHandle$Holder.invokeStaticInit(java.lang.Object, java.lang.Object)'> (0x00000000ec3ecd98) 
thrown [s\src\hotspot\share\interpreter\linkResolver.cpp, line 759]
Event: 0.606 Thread 0x000001db48f0cc80 Exception <a 'java/lang/NoSuchMethodError'{0x00000000ec3f4188}: 'int java.lang.invoke.DirectMethodHandle$Holder.invokeStaticInit(java.lang.Object, java.lang.Object)'> (0x00000000ec3f4188) 
thrown [s\src\hotspot\share\interpreter\linkResolver.cpp, line 759]

VM Operations (11 events):
Event: 0.115 Executing VM operation: HandshakeAllThreads
Event: 0.115 Executing VM operation: HandshakeAllThreads done
Event: 0.172 Executing VM operation: HandshakeAllThreads
Event: 0.172 Executing VM operation: HandshakeAllThreads done
Event: 0.369 Executing VM operation: HandshakeAllThreads
Event: 0.369 Executing VM operation: HandshakeAllThreads done
Event: 0.382 Executing VM operation: HandshakeAllThreads
Event: 0.382 Executing VM operation: HandshakeAllThreads done
Event: 0.566 Executing VM operation: ICBufferFull
Event: 0.566 Executing VM operation: ICBufferFull done
Event: 0.607 Executing VM operation: ParallelGCFailedAllocation

Events (20 events):
Event: 0.594 loading class java/util/Collections$SingletonMap
Event: 0.595 loading class java/util/Collections$SingletonMap done
Event: 0.597 loading class sun/misc/Unsafe
Event: 0.597 loading class sun/misc/Unsafe done
Event: 0.597 loading class jdk/internal/reflect/UnsafeFieldAccessorFactory
Event: 0.598 loading class jdk/internal/reflect/UnsafeFieldAccessorFactory done
Event: 0.598 loading class jdk/internal/reflect/UnsafeQualifiedStaticObjectFieldAccessorImpl
Event: 0.598 loading class jdk/internal/reflect/UnsafeQualifiedStaticFieldAccessorImpl
Event: 0.598 loading class jdk/internal/reflect/UnsafeQualifiedStaticFieldAccessorImpl done
Event: 0.598 loading class jdk/internal/reflect/UnsafeQualifiedStaticObjectFieldAccessorImpl done
Event: 0.598 loading class java/lang/InstantiationException
Event: 0.598 loading class java/lang/InstantiationException done
Event: 0.600 loading class jdk/internal/vm/annotation/ForceInline
Event: 0.600 loading class jdk/internal/vm/annotation/ForceInline done
Event: 0.602 loading class java/lang/Long$LongCache
Event: 0.602 loading class java/lang/Long$LongCache done
Event: 0.605 loading class java/util/stream/ReferencePipeline$7
Event: 0.605 loading class java/util/stream/ReferencePipeline$7 done
Event: 0.606 loading class java/util/stream/ReferencePipeline$7$1
Event: 0.606 loading class java/util/stream/ReferencePipeline$7$1 done


Dynamic libraries:
0x00007ff7916c0000 - 0x00007ff7916ce000 	c:\Users\SXRBS\.vscode\extensions\redhat.java-1.28.1-win32-x64\jre\17.0.10-win32-x86_64\bin\java.exe
0x00007ffa9d0b0000 - 0x00007ffa9d29e000 	C:\Windows\SYSTEM32\ntdll.dll
0x00007ffa9cee0000 - 0x00007ffa9cf93000 	C:\Windows\System32\KERNEL32.DLL
0x00007ffa992e0000 - 0x00007ffa9957d000 	C:\Windows\System32\KERNELBASE.dll
0x00007ffa997e0000 - 0x00007ffa998da000 	C:\Windows\System32\ucrtbase.dll
0x00007ffa93770000 - 0x00007ffa93787000 	c:\Users\SXRBS\.vscode\extensions\redhat.java-1.28.1-win32-x64\jre\17.0.10-win32-x86_64\bin\jli.dll
0x00007ffa92090000 - 0x00007ffa920ab000 	c:\Users\SXRBS\.vscode\extensions\redhat.java-1.28.1-win32-x64\jre\17.0.10-win32-x86_64\bin\VCRUNTIME140.dll
0x00007ffa9a500000 - 0x00007ffa9a697000 	C:\Windows\System32\USER32.dll
0x00007ffa992c0000 - 0x00007ffa992e0000 	C:\Windows\System32\win32u.dll
0x00007ffa9c440000 - 0x00007ffa9c469000 	C:\Windows\System32\GDI32.dll
0x00007ffa9a0d0000 - 0x00007ffa9a27a000 	C:\Windows\System32\gdi32full.dll
0x00007ffa998e0000 - 0x00007ffa99980000 	C:\Windows\System32\msvcp_win.dll
0x00007ffa881b0000 - 0x00007ffa88429000 	C:\Windows\WinSxS\amd64_microsoft.windows.common-controls_6595b64144ccf1df_6.0.17763.5458_none_de7234b4534a7f0e\COMCTL32.dll
0x00007ffa9c190000 - 0x00007ffa9c22e000 	C:\Windows\System32\msvcrt.dll
0x00007ffa9cb50000 - 0x00007ffa9ce7b000 	C:\Windows\System32\combase.dll
0x00007ffa9c960000 - 0x00007ffa9ca7d000 	C:\Windows\System32\RPCRT4.dll
0x00007ffa99210000 - 0x00007ffa99292000 	C:\Windows\System32\bcryptPrimitives.dll
0x00007ffa9d050000 - 0x00007ffa9d07e000 	C:\Windows\System32\IMM32.DLL
0x000000005d770000 - 0x000000005d77d000 	C:\Program Files (x86)\360\360Safe\safemon\SafeWrapper.dll
0x00007ffa9a810000 - 0x00007ffa9a8b8000 	C:\Windows\System32\ADVAPI32.dll
0x00007ffa9cfa0000 - 0x00007ffa9d042000 	C:\Windows\System32\sechost.dll
0x00007ffa99130000 - 0x00007ffa99156000 	C:\Windows\System32\bcrypt.dll
0x00007ffa86140000 - 0x00007ffa861ec000 	C:\Program Files (x86)\360\360Safe\safemon\libzdtp64.dll
0x00007ffa9ac90000 - 0x00007ffa9c188000 	C:\Windows\System32\SHELL32.dll
0x00007ffa9a280000 - 0x00007ffa9a2ca000 	C:\Windows\System32\cfgmgr32.dll
0x00007ffa9c390000 - 0x00007ffa9c437000 	C:\Windows\System32\shcore.dll
0x00007ffa99980000 - 0x00007ffa9a0c7000 	C:\Windows\System32\windows.storage.dll
0x00007ffa99100000 - 0x00007ffa99123000 	C:\Windows\System32\profapi.dll
0x00007ffa99080000 - 0x00007ffa990dd000 	C:\Windows\System32\powrprof.dll
0x00007ffa9ac30000 - 0x00007ffa9ac82000 	C:\Windows\System32\shlwapi.dll
0x00007ffa990e0000 - 0x00007ffa990f1000 	C:\Windows\System32\kernel.appcore.dll
0x00007ffa992a0000 - 0x00007ffa992bb000 	C:\Windows\System32\cryptsp.dll
0x00007ffa98e00000 - 0x00007ffa98e0a000 	C:\Windows\SYSTEM32\VERSION.dll
0x00007ffa93760000 - 0x00007ffa9376c000 	c:\Users\SXRBS\.vscode\extensions\redhat.java-1.28.1-win32-x64\jre\17.0.10-win32-x86_64\bin\vcruntime140_1.dll
0x00007ffa92000000 - 0x00007ffa9208d000 	c:\Users\SXRBS\.vscode\extensions\redhat.java-1.28.1-win32-x64\jre\17.0.10-win32-x86_64\bin\msvcp140.dll
0x00007ffa615f0000 - 0x00007ffa62252000 	c:\Users\SXRBS\.vscode\extensions\redhat.java-1.28.1-win32-x64\jre\17.0.10-win32-x86_64\bin\server\jvm.dll
0x00007ffa946a0000 - 0x00007ffa946a9000 	C:\Windows\SYSTEM32\WSOCK32.dll
0x00007ffa96e70000 - 0x00007ffa96e94000 	C:\Windows\SYSTEM32\WINMM.dll
0x00007ffa9cae0000 - 0x00007ffa9cb4d000 	C:\Windows\System32\WS2_32.dll
0x00007ffa96d20000 - 0x00007ffa96d4d000 	C:\Windows\SYSTEM32\winmmbase.dll
0x00007ffa91f10000 - 0x00007ffa91f1a000 	c:\Users\SXRBS\.vscode\extensions\redhat.java-1.28.1-win32-x64\jre\17.0.10-win32-x86_64\bin\jimage.dll
0x00007ffa98930000 - 0x00007ffa98b1d000 	C:\Windows\SYSTEM32\DBGHELP.DLL
0x00007ffa98880000 - 0x00007ffa988aa000 	C:\Windows\SYSTEM32\dbgcore.DLL
0x00007ffa91f00000 - 0x00007ffa91f0e000 	c:\Users\SXRBS\.vscode\extensions\redhat.java-1.28.1-win32-x64\jre\17.0.10-win32-x86_64\bin\instrument.dll
0x00007ffa91ed0000 - 0x00007ffa91ef5000 	c:\Users\SXRBS\.vscode\extensions\redhat.java-1.28.1-win32-x64\jre\17.0.10-win32-x86_64\bin\java.dll
0x00007ffa91e50000 - 0x00007ffa91e68000 	c:\Users\SXRBS\.vscode\extensions\redhat.java-1.28.1-win32-x64\jre\17.0.10-win32-x86_64\bin\zip.dll
0x00007ffa91530000 - 0x00007ffa91549000 	C:\Users\SXRBS\.vscode\extensions\redhat.java-1.28.1-win32-x64\jre\17.0.10-win32-x86_64\bin\net.dll
0x00007ffa8f830000 - 0x00007ffa8f92d000 	C:\Windows\SYSTEM32\WINHTTP.dll
0x00007ffa98300000 - 0x00007ffa98367000 	C:\Windows\system32\mswsock.dll
0x00007ffa91510000 - 0x00007ffa91526000 	C:\Users\SXRBS\.vscode\extensions\redhat.java-1.28.1-win32-x64\jre\17.0.10-win32-x86_64\bin\nio.dll
0x00007ffa91d70000 - 0x00007ffa91d80000 	c:\Users\SXRBS\.vscode\extensions\redhat.java-1.28.1-win32-x64\jre\17.0.10-win32-x86_64\bin\verify.dll

dbghelp: loaded successfully - version: 4.0.5 - missing functions: none
symbol engine: initialized successfully - sym options: 0x614 - pdb path: .;c:\Users\SXRBS\.vscode\extensions\redhat.java-1.28.1-win32-x64\jre\17.0.10-win32-x86_64\bin;C:\Windows\SYSTEM32;C:\Windows\WinSxS\amd64_microsoft.windows.common-controls_6595b64144ccf1df_6.0.17763.5458_none_de7234b4534a7f0e;C:\Program Files (x86)\360\360Safe\safemon;c:\Users\SXRBS\.vscode\extensions\redhat.java-1.28.1-win32-x64\jre\17.0.10-win32-x86_64\bin\server

VM Arguments:
jvm_args: --add-modules=ALL-SYSTEM --add-opens=java.base/java.util=ALL-UNNAMED --add-opens=java.base/java.lang=ALL-UNNAMED --add-opens=java.base/sun.nio.fs=ALL-UNNAMED -Declipse.application=org.eclipse.jdt.ls.core.id1 -Dosgi.bundles.defaultStartLevel=4 -Declipse.product=org.eclipse.jdt.ls.core.product -Djava.import.generatesMetadataFilesAtProjectRoot=false -DDetectVMInstallationsJob.disabled=true -Dfile.encoding=utf8 -XX:+UseParallelGC -XX:GCTimeRatio=4 -XX:AdaptiveSizePolicyWeight=90 -Dsun.zip.disableMemoryMapping=true -Xmx1G -Xms100m -Xlog:disable -javaagent:c:\Users\SXRBS\.vscode\extensions\redhat.java-1.28.1-win32-x64\lombok\lombok-1.18.31.jar 
java_command: c:\Users\SXRBS\.vscode\extensions\redhat.java-1.28.1-win32-x64\server\plugins\org.eclipse.equinox.launcher_1.6.700.v20231214-2017.jar -configuration c:\Users\SXRBS\AppData\Roaming\Code\User\globalStorage\redhat.java\1.28.1\config_ss_win -data c:\Users\SXRBS\AppData\Roaming\Code\User\workspaceStorage\c8669b37ec549c97780dae6a6d3fc7b2\redhat.java\ss_ws --stdio
java_class_path (initial): c:\Users\SXRBS\.vscode\extensions\redhat.java-1.28.1-win32-x64\server\plugins\org.eclipse.equinox.launcher_1.6.700.v20231214-2017.jar
Launcher Type: SUN_STANDARD

[Global flags]
    uintx AdaptiveSizePolicyWeight                 = 90                                        {product} {command line}
     intx CICompilerCount                          = 4                                         {product} {ergonomic}
    uintx GCTimeRatio                              = 4                                         {product} {command line}
   size_t InitialHeapSize                          = 104857600                                 {product} {command line}
   size_t MaxHeapSize                              = 1073741824                                {product} {command line}
   size_t MaxNewSize                               = 357564416                                 {product} {ergonomic}
   size_t MinHeapDeltaBytes                        = 524288                                    {product} {ergonomic}
   size_t MinHeapSize                              = 104857600                                 {product} {command line}
   size_t NewSize                                  = 34603008                                  {product} {ergonomic}
    uintx NonNMethodCodeHeapSize                   = 5839372                                {pd product} {ergonomic}
    uintx NonProfiledCodeHeapSize                  = 122909434                              {pd product} {ergonomic}
   size_t OldSize                                  = 70254592                                  {product} {ergonomic}
    uintx ProfiledCodeHeapSize                     = 122909434                              {pd product} {ergonomic}
    uintx ReservedCodeCacheSize                    = 251658240                              {pd product} {ergonomic}
     bool SegmentedCodeCache                       = true                                      {product} {ergonomic}
   size_t SoftMaxHeapSize                          = 1073741824                             {manageable} {ergonomic}
     bool UseCompressedClassPointers               = true                           {product lp64_product} {ergonomic}
     bool UseCompressedOops                        = true                           {product lp64_product} {ergonomic}
     bool UseLargePagesIndividualAllocation        = false                                  {pd product} {ergonomic}
     bool UseParallelGC                            = true                                      {product} {command line}

Logging:
Log output configuration:
 #0: stdout all=off uptime,level,tags
 #1: stderr all=off uptime,level,tags

Environment Variables:
JAVA_HOME=C:\Program Files\Java\jdk-17
PATH=C:\Program Files\Common Files\Oracle\Java\javapath;C:\Windows\system32;C:\Windows;C:\Windows\System32\Wbem;C:\Windows\System32\WindowsPowerShell\v1.0\;C:\Windows\System32\OpenSSH\;C:\Program Files\Java\jdk-17\bin;C:\Program Files\nodejs\;C:\Program Files\Redis;C:\Program Files\Microsoft SQL Server\150\Tools\Binn\;C:\Program Files\Microsoft SQL Server\Client SDK\ODBC\170\Tools\Binn\;C:\Program Files\dotnet\;C:\Program Files (x86)\Microsoft SQL Server\160\DTS\Binn\;C:\Program Files\Azure Data Studio\bin;C:\Program Files (x86)\NetSarang\Xshell 7\;C:\Program Files (x86)\NetSarang\Xftp 7\;C:\Users\SXRBS\AppData\Local\Microsoft\WindowsApps;C:\Users\SXRBS\AppData\Roaming\npm;C:\Users\SXRBS\.dotnet\tools;C:\Program Files\Azure Data Studio\bin;C:\Users\SXRBS\AppData\Local\Programs\Microsoft VS Code\bin
USERNAME=SXRBS
OS=Windows_NT
PROCESSOR_IDENTIFIER=Intel64 Family 6 Model 158 Stepping 9, GenuineIntel
TMP=C:\Users\SXRBS\AppData\Local\Temp
TEMP=C:\Users\SXRBS\AppData\Local\Temp



Periodic native trim disabled


---------------  S Y S T E M  ---------------

OS:
 Windows 10 , 64 bit Build 17763 (10.0.17763.4974)
OS uptime: 0 days 0:01 hours

CPU: total 8 (initial active 8) (4 cores per cpu, 2 threads per core) family 6 model 158 stepping 9 microcode 0x8e, cx8, cmov, fxsr, ht, mmx, 3dnowpref, sse, sse2, sse3, ssse3, sse4.1, sse4.2, popcnt, lzcnt, tsc, tscinvbit, avx, avx2, aes, erms, clmul, bmi1, bmi2, rtm, adx, fma, vzeroupper, clflush, clflushopt
Processor Information for all 8 processors :
  Max Mhz: 3600, Current Mhz: 3600, Mhz Limit: 3600

Memory: 4k page, system-wide physical 32674M (27913M free)
TotalPageFile size 65442M (AvailPageFile size 57611M)
current process WorkingSet (physical memory assigned to process): 78M, peak: 78M
current process commit charge ("private bytes"): 201M, peak: 201M

vm_info: OpenJDK 64-Bit Server VM (17.0.10+7) for windows-amd64 JRE (17.0.10+7), built on Jan 16 2024 23:25:11 by "admin" with MS VC++ 16.10 / 16.11 (VS2019)

END.
