#
# A fatal error has been detected by the Java Runtime Environment:
#
#  EXCEPTION_ACCESS_VIOLATION (0xc0000005) at pc=0x00007ffdb4a4cac8, pid=1464, tid=13684
#
# JRE version: OpenJDK Runtime Environment Temurin-17.0.10+7 (17.0.10+7) (build 17.0.10+7)
# Java VM: OpenJDK 64-Bit Server VM Temurin-17.0.10+7 (17.0.10+7, mixed mode, tiered, compressed oops, compressed class ptrs, parallel gc, windows-amd64)
# Problematic frame:
# V  [jvm.dll+0xcac8]
#
# No core dump will be written. Minidumps are not enabled by default on client versions of Windows
#
# If you would like to submit a bug report, please visit:
#   https://github.com/adoptium/adoptium-support/issues
#

---------------  S U M M A R Y ------------

Command Line: --add-modules=ALL-SYSTEM --add-opens=java.base/java.util=ALL-UNNAMED --add-opens=java.base/java.lang=ALL-UNNAMED --add-opens=java.base/sun.nio.fs=ALL-UNNAMED -Declipse.application=org.eclipse.jdt.ls.core.id1 -Dosgi.bundles.defaultStartLevel=4 -Declipse.product=org.eclipse.jdt.ls.core.product -Djava.import.generatesMetadataFilesAtProjectRoot=false -DDetectVMInstallationsJob.disabled=true -Dfile.encoding=utf8 -XX:+UseParallelGC -XX:GCTimeRatio=4 -XX:AdaptiveSizePolicyWeight=90 -Dsun.zip.disableMemoryMapping=true -Xmx1G -Xms100m -Xlog:disable -javaagent:c:\Users\SXRBS\.vscode\extensions\redhat.java-1.28.1-win32-x64\lombok\lombok-1.18.31.jar -XX:+HeapDumpOnOutOfMemoryError -XX:HeapDumpPath=c:\Users\SXRBS\AppData\Roaming\Code\User\workspaceStorage\c8669b37ec549c97780dae6a6d3fc7b2\redhat.java -Daether.dependencyCollector.impl=bf c:\Users\SXRBS\.vscode\extensions\redhat.java-1.28.1-win32-x64\server\plugins\org.eclipse.equinox.launcher_1.6.700.v20231214-2017.jar -configuration c:\Users\SXRBS\AppData\Roaming\Code\User\globalStorage\redhat.java\1.28.1\config_win -data c:\Users\SXRBS\AppData\Roaming\Code\User\workspaceStorage\c8669b37ec549c97780dae6a6d3fc7b2\redhat.java\jdt_ws --stdio

Host: Intel(R) Core(TM) i7-7700 CPU @ 3.60GHz, 8 cores, 31G,  Windows 10 , 64 bit Build 17763 (10.0.17763.4974)
Time: Tue Feb 27 07:39:40 2024 中国标准时间 elapsed time: 8.455381 seconds (0d 0h 0m 8s)

---------------  T H R E A D  ---------------

Current thread (0x00000229f9afa7b0):  GCTaskThread "GC Thread#6" [stack: 0x0000002cd0100000,0x0000002cd0200000] [id=13684]

Stack: [0x0000002cd0100000,0x0000002cd0200000],  sp=0x0000002cd01ffaf8,  free space=1022k
Native frames: (J=compiled Java code, j=interpreted, Vv=VM code, C=native code)
V  [jvm.dll+0xcac8]


siginfo: EXCEPTION_ACCESS_VIOLATION (0xc0000005), reading address 0x0000000565450648


Registers:
RAX=0x0000000000000001, RBX=0x00000000c8b24fb3, RCX=0x0000000000000003, RDX=0x00000000c8b24fb3
RSP=0x0000002cd01ffaf8, RBP=0x00000229f348a980, RSI=0x0000000000000005, RDI=0x00000000c8b24a20
R8 =0x0000000565450640, R9 =0x0000000000001360, R10=0x00000000c8b24ff8, R11=0x0000000000000116
R12=0x00000000000003d8, R13=0x0000002cd01ffce0, R14=0x00000000c8b24aa8, R15=0x0000000000000000
RIP=0x00007ffdb4a4cac8, EFLAGS=0x0000000000010202


Register to memory mapping:

RIP=0x00007ffdb4a4cac8 jvm.dll
RAX=0x0000000000000001 is an unknown value
RBX=
[error occurred during error reporting (printing register info), id 0xc0000005, EXCEPTION_ACCESS_VIOLATION (0xc0000005) at pc=0x00007ffdb50c99b3]

Top of Stack: (sp=0x0000002cd01ffaf8)
0x0000002cd01ffaf8:   00007ffdb50f0328 00000000c8b24ff8
0x0000002cd01ffb08:   00000000c8b24a1c 0000000000000000
0x0000002cd01ffb18:   00007ffdb556c7a0 00007ffdb556c7a0
0x0000002cd01ffb28:   00007ffdb50f0663 00000229f348a980
0x0000002cd01ffb38:   00007ffdb535bb90 00007ffdb53f1158
0x0000002cd01ffb48:   0000000000001359 0000000000000000
0x0000002cd01ffb58:   00007ffd00000000 00000229fa287250
0x0000002cd01ffb68:   00007ffdb5220001 0000000000000001
0x0000002cd01ffb78:   00000000c06b4250 00007ffdb535bb90
0x0000002cd01ffb88:   00000229debf5c20 0000022900000003
0x0000002cd01ffb98:   00000229f348a980 0000000000000000
0x0000002cd01ffba8:   0000000000000000 00000229fa287250
0x0000002cd01ffbb8:   00000229f85ea1f8 00000229f97d2120
0x0000002cd01ffbc8:   00000229f85e9e20 00000229f85e9e10
0x0000002cd01ffbd8:   00007ffdb50f5218 00000229f348a980
0x0000002cd01ffbe8:   00000229f85e9e10 00000229f85e9e20
0x0000002cd01ffbf8:   00000229f348a980 00007ffdb53f1948
0x0000002cd01ffc08:   00000229f348a980 00007ffdb5394ad0
0x0000002cd01ffc18:   0000002cd01ffc00 0000000000000000
0x0000002cd01ffc28:   00000000000001c2 0000000000000004
0x0000002cd01ffc38:   0000000000000001 00007ffdb53f1948
0x0000002cd01ffc48:   0000002cceffece0 00000229fe4664b0
0x0000002cd01ffc58:   00007ffdb52281e8 0000000000000080
0x0000002cd01ffc68:   00000229fe466528 0000002cd01ffce0
0x0000002cd01ffc78:   0000000000000006 0000002cceffee20
0x0000002cd01ffc88:   00007ffdb50f9c0d 0000000000000000
0x0000002cd01ffc98:   0000002cd01ffd10 00000229f9afa7b0
0x0000002cd01ffca8:   0000002cceffece0 0000002ccefff080
0x0000002cd01ffcb8:   00000229f85e9e10 0000000400000003
0x0000002cd01ffcc8:   0000002cceffece0 0000000600000000
0x0000002cd01ffcd8:   0000000005062611 00007ffdb53f1b50
0x0000002cd01ffce8:   0000000000000004 0000000000000000 

Instructions: (pc=0x00007ffdb4a4cac8)
0x00007ffdb4a4c9c8:   48 83 c4 20 5e c3 cc cc 48 8b 01 c3 cc cc cc cc
0x00007ffdb4a4c9d8:   cc cc cc cc cc cc cc cc 4c 8b 01 4c 8b c9 48 8b
0x00007ffdb4a4c9e8:   0d e3 60 b6 00 ba 44 60 08 00 e9 d9 f1 ff ff cc
0x00007ffdb4a4c9f8:   cc cc cc cc cc cc cc cc 48 89 5c 24 08 57 48 83
0x00007ffdb4a4ca08:   ec 20 48 8b 39 48 8b d9 48 85 3d 01 4a bb 00 75
0x00007ffdb4a4ca18:   0e 48 8b c7 48 8b 5c 24 30 48 83 c4 20 5f c3 48
0x00007ffdb4a4ca28:   8b cf e8 41 98 85 00 48 8b d0 48 85 c0 74 20 48
0x00007ffdb4a4ca38:   8b c7 f0 48 0f b1 13 74 16 48 85 05 d0 49 bb 00
0x00007ffdb4a4ca48:   74 0d 48 8b c8 f0 48 0f b1 13 48 3b c1 75 ea 48
0x00007ffdb4a4ca58:   8b 5c 24 30 48 8b c2 48 83 c4 20 5f c3 cc cc cc
0x00007ffdb4a4ca68:   cc cc cc cc cc cc cc cc 4c 8b 01 4c 8b c9 48 8b
0x00007ffdb4a4ca78:   0d 53 60 b6 00 ba 64 60 08 00 e9 49 f1 ff ff cc
0x00007ffdb4a4ca88:   cc cc cc cc cc cc cc cc 8b 05 62 a8 b0 00 c3 cc
0x00007ffdb4a4ca98:   cc cc cc cc cc cc cc cc 0f b6 05 db 68 b7 00 48
0x00007ffdb4a4caa8:   8b d1 84 c0 74 16 44 8b 41 08 8b 0d 40 a8 b0 00
0x00007ffdb4a4cab8:   49 d3 e0 4c 03 05 2e a8 b0 00 eb 04 4c 8b 41 08
0x00007ffdb4a4cac8:   45 8b 50 08 45 85 d2 7e 0e 41 f6 c2 01 75 53 41
0x00007ffdb4a4cad8:   c1 fa 03 41 8b c2 c3 79 49 84 c0 b9 10 00 00 00
0x00007ffdb4a4cae8:   8b 05 46 b7 b0 00 41 b8 0c 00 00 00 41 0f 45 c8
0x00007ffdb4a4caf8:   ff c8 4c 63 c8 48 63 14 11 41 8b ca 83 e1 3f 48
0x00007ffdb4a4cb08:   d3 e2 41 8b ca 48 c1 f9 10 0f b6 c1 49 8d 0c 11
0x00007ffdb4a4cb18:   49 f7 d1 48 03 c1 49 c1 e9 03 48 c1 e8 03 41 23
0x00007ffdb4a4cb28:   c1 c3 49 8b 00 49 8b c8 48 ff a0 00 01 00 00 cc
0x00007ffdb4a4cb38:   cc cc cc cc cc cc cc cc 8b 44 24 30 45 03 c9 44
0x00007ffdb4a4cb48:   2b 4c 24 28 83 c0 0b 44 03 ca 45 03 c8 41 03 c1
0x00007ffdb4a4cb58:   c3 cc cc cc cc cc cc cc 4c 8b ca 48 8b d1 45 8b
0x00007ffdb4a4cb68:   41 08 45 85 c0 7e 0e 41 f6 c0 01 75 56 41 c1 f8
0x00007ffdb4a4cb78:   03 41 8b c0 c3 79 4c 80 3d fc 67 b7 00 00 b8 0c
0x00007ffdb4a4cb88:   00 00 00 b9 10 00 00 00 0f 45 c8 8b 05 9b b6 b0
0x00007ffdb4a4cb98:   00 ff c8 4c 63 c8 48 63 14 11 41 8b c8 83 e1 3f
0x00007ffdb4a4cba8:   48 d3 e2 41 8b c8 48 c1 f9 10 0f b6 c1 49 8d 0c
0x00007ffdb4a4cbb8:   11 49 f7 d1 48 03 c1 49 c1 e9 03 48 c1 e8 03 41 


Stack slot to memory mapping:
stack at sp + 0 slots: 0x00007ffdb50f0328 jvm.dll
stack at sp + 1 slots: 0x00000000c8b24ff8 is an oop: org.eclipse.jdt.internal.core.ClassFile 
{0x00000000c8b24ff8} - klass: 'org/eclipse/jdt/internal/core/ClassFile'
 - ---- fields (total size 5 words):
 - private 'hashCode' 'I' @12  0
 - private final 'parent' 'Lorg/eclipse/jdt/internal/core/JavaElement;' @16  a 'org/eclipse/jdt/internal/core/JarPackageFragment'{0x00000000c81c1720} (c81c1720)
 - private final 'project' 'Lorg/eclipse/jdt/internal/core/JavaProject;' @20  a 'org/eclipse/jdt/internal/core/JavaProject'{0x00000000c1aca8a0} (c1aca8a0)
 - protected final 'name' 'Ljava/lang/String;' @24  "IntegrityHmac$IntegrityHmacSHA256"{0x00000000c8244d78} (c8244d78)
 - protected 'binaryType' 'Lorg/eclipse/jdt/internal/core/BinaryType;' @28  NULL (0)
 - private 'externalAnnotationBase' 'Lorg/eclipse/core/runtime/IPath;' @32  NULL (0)
stack at sp + 2 slots: 0x00000000c8b24a1c is pointing into object: [Lorg.eclipse.jdt.core.IJavaElement; 
{0x00000000c8b249f0} - klass: 'org/eclipse/jdt/core/IJavaElement'[]
 - length: 42
stack at sp + 3 slots: 0x0 is NULL
stack at sp + 4 slots: 0x00007ffdb556c7a0 jvm.dll
stack at sp + 5 slots: 0x00007ffdb556c7a0 jvm.dll
stack at sp + 6 slots: 0x00007ffdb50f0663 jvm.dll
stack at sp + 7 slots: 0x00000229f348a980 points into unknown readable memory: 0x00000229dd2d0150 | 50 01 2d dd 29 02 00 00


---------------  P R O C E S S  ---------------

Threads class SMR info:
_java_thread_list=0x00000229fe354880, length=33, elements={
0x00000229dd3ce970, 0x00000229f34d78a0, 0x00000229f34d9750, 0x00000229f83bdc20,
0x00000229f83fc3d0, 0x00000229f8401540, 0x00000229f8405890, 0x00000229f8406830,
0x00000229f84092f0, 0x00000229f8409cf0, 0x00000229f8487b70, 0x00000229f9672280,
0x00000229f9cc2390, 0x00000229f9f529d0, 0x00000229f9dda840, 0x00000229f9ddb780,
0x00000229fa241560, 0x00000229fa2f3f30, 0x00000229fa287250, 0x00000229fa0db490,
0x00000229fa287c70, 0x00000229fa286d40, 0x00000229fa285900, 0x00000229fa288ba0,
0x00000229fa288690, 0x00000229fa2890b0, 0x00000229fa286830, 0x00000229fcac88e0,
0x00000229fcac6060, 0x00000229fcac79b0, 0x00000229fcac6a80, 0x00000229fcaca230,
0x00000229fcacb670
}

Java Threads: ( => current thread )
  0x00000229dd3ce970 JavaThread "main" [_thread_blocked, id=13228, stack(0x0000002cced00000,0x0000002ccee00000)]
  0x00000229f34d78a0 JavaThread "Reference Handler" daemon [_thread_blocked, id=2808, stack(0x0000002ccf000000,0x0000002ccf100000)]
  0x00000229f34d9750 JavaThread "Finalizer" daemon [_thread_blocked, id=14520, stack(0x0000002ccf100000,0x0000002ccf200000)]
  0x00000229f83bdc20 JavaThread "Signal Dispatcher" daemon [_thread_blocked, id=7220, stack(0x0000002ccf200000,0x0000002ccf300000)]
  0x00000229f83fc3d0 JavaThread "Attach Listener" daemon [_thread_blocked, id=3312, stack(0x0000002ccf300000,0x0000002ccf400000)]
  0x00000229f8401540 JavaThread "Service Thread" daemon [_thread_blocked, id=1776, stack(0x0000002ccf400000,0x0000002ccf500000)]
  0x00000229f8405890 JavaThread "Monitor Deflation Thread" daemon [_thread_blocked, id=1164, stack(0x0000002ccf500000,0x0000002ccf600000)]
  0x00000229f8406830 JavaThread "C2 CompilerThread0" daemon [_thread_blocked, id=13096, stack(0x0000002ccf600000,0x0000002ccf700000)]
  0x00000229f84092f0 JavaThread "C1 CompilerThread0" daemon [_thread_blocked, id=14964, stack(0x0000002ccf700000,0x0000002ccf800000)]
  0x00000229f8409cf0 JavaThread "Sweeper thread" daemon [_thread_blocked, id=7432, stack(0x0000002ccf800000,0x0000002ccf900000)]
  0x00000229f8487b70 JavaThread "Common-Cleaner" daemon [_thread_blocked, id=4904, stack(0x0000002ccf900000,0x0000002ccfa00000)]
  0x00000229f9672280 JavaThread "Notification Thread" daemon [_thread_blocked, id=15396, stack(0x0000002ccfa00000,0x0000002ccfb00000)]
  0x00000229f9cc2390 JavaThread "C2 CompilerThread1" daemon [_thread_blocked, id=15748, stack(0x0000002cd0200000,0x0000002cd0300000)]
  0x00000229f9f529d0 JavaThread "Active Thread: Equinox Container: f8c84ba1-aa8d-4ec0-9035-661591707aea" [_thread_blocked, id=14484, stack(0x0000002cd0400000,0x0000002cd0500000)]
  0x00000229f9dda840 JavaThread "Framework Event Dispatcher: Equinox Container: f8c84ba1-aa8d-4ec0-9035-661591707aea" daemon [_thread_blocked, id=5560, stack(0x0000002cd0500000,0x0000002cd0600000)]
  0x00000229f9ddb780 JavaThread "Start Level: Equinox Container: f8c84ba1-aa8d-4ec0-9035-661591707aea" daemon [_thread_blocked, id=14948, stack(0x0000002cd0600000,0x0000002cd0700000)]
  0x00000229fa241560 JavaThread "Bundle File Closer" daemon [_thread_blocked, id=7820, stack(0x0000002cd0800000,0x0000002cd0900000)]
  0x00000229fa2f3f30 JavaThread "SCR Component Actor" daemon [_thread_blocked, id=15324, stack(0x0000002cd0900000,0x0000002cd0a00000)]
  0x00000229fa287250 JavaThread "Worker-JM" [_thread_blocked, id=12572, stack(0x0000002cd0b00000,0x0000002cd0c00000)]
  0x00000229fa0db490 JavaThread "C2 CompilerThread2" daemon [_thread_blocked, id=13680, stack(0x0000002cd0300000,0x0000002cd0400000)]
  0x00000229fa287c70 JavaThread "Worker-0: Synchronizing projects" [_thread_blocked, id=15680, stack(0x0000002cd0c00000,0x0000002cd0d00000)]
  0x00000229fa286d40 JavaThread "Worker-1: Refreshing workspace" [_thread_blocked, id=14136, stack(0x0000002cd0d00000,0x0000002cd0e00000)]
  0x00000229fa285900 JavaThread "Worker-2" [_thread_blocked, id=13296, stack(0x0000002cd0e00000,0x0000002cd0f00000)]
  0x00000229fa288ba0 JavaThread "Java indexing" daemon [_thread_blocked, id=14904, stack(0x0000002cd0f00000,0x0000002cd1000000)]
  0x00000229fa288690 JavaThread "JNA Cleaner" daemon [_thread_blocked, id=2616, stack(0x0000002cd1000000,0x0000002cd1100000)]
  0x00000229fa2890b0 JavaThread "Worker-3" [_thread_blocked, id=7876, stack(0x0000002cd1100000,0x0000002cd1200000)]
  0x00000229fa286830 JavaThread "pool-2-thread-1" [_thread_blocked, id=12704, stack(0x0000002cd1200000,0x0000002cd1300000)]
  0x00000229fcac88e0 JavaThread "WorkspaceEventsHandler" [_thread_blocked, id=5816, stack(0x0000002cd1300000,0x0000002cd1400000)]
  0x00000229fcac6060 JavaThread "pool-1-thread-1" [_thread_blocked, id=2408, stack(0x0000002cd1400000,0x0000002cd1500000)]
  0x00000229fcac79b0 JavaThread "Worker-4: Java indexing... " [_thread_blocked, id=11816, stack(0x0000002cd1500000,0x0000002cd1600000)]
  0x00000229fcac6a80 JavaThread "Worker-5" [_thread_blocked, id=4128, stack(0x0000002cd1600000,0x0000002cd1700000)]
  0x00000229fcaca230 JavaThread "Worker-6: Initialize Workspace" [_thread_blocked, id=15300, stack(0x0000002cd1700000,0x0000002cd1800000)]
  0x00000229fcacb670 JavaThread "pool-3-thread-1" [_thread_in_native, id=11128, stack(0x0000002cd1800000,0x0000002cd1900000)]

Other Threads:
  0x00000229f34d0e40 VMThread "VM Thread" [stack: 0x0000002ccef00000,0x0000002ccf000000] [id=3572]
  0x00000229f872ecb0 WatcherThread [stack: 0x0000002ccfb00000,0x0000002ccfc00000] [id=14900]
  0x00000229dec0bb20 GCTaskThread "GC Thread#0" [stack: 0x0000002ccee00000,0x0000002ccef00000] [id=3480]
  0x00000229f9672b30 GCTaskThread "GC Thread#1" [stack: 0x0000002ccfc00000,0x0000002ccfd00000] [id=12428]
  0x00000229f9712610 GCTaskThread "GC Thread#2" [stack: 0x0000002ccfd00000,0x0000002ccfe00000] [id=15900]
  0x00000229f9e0e930 GCTaskThread "GC Thread#3" [stack: 0x0000002ccfe00000,0x0000002ccff00000] [id=5164]
  0x00000229f9e0ebf0 GCTaskThread "GC Thread#4" [stack: 0x0000002ccff00000,0x0000002cd0000000] [id=13492]
  0x00000229f9afa4f0 GCTaskThread "GC Thread#5" [stack: 0x0000002cd0000000,0x0000002cd0100000] [id=2556]
=>0x00000229f9afa7b0 GCTaskThread "GC Thread#6" [stack: 0x0000002cd0100000,0x0000002cd0200000] [id=13684]
  0x00000229dd3c6cd0 GCTaskThread "GC Thread#7" [stack: 0x0000002cd0700000,0x0000002cd0800000] [id=8768]

Threads with active compile tasks:
C2 CompilerThread0     8495 7941   !   4       org.eclipse.jdt.internal.core.search.indexing.BinaryIndexer::toUri (51 bytes)
C2 CompilerThread1     8495 7957   !   4       org.eclipse.jdt.internal.core.search.indexing.AddJrtToIndex$JrtIndexer::visitFile (133 bytes)
C2 CompilerThread2     8495 7956       4       org.eclipse.jdt.internal.core.search.indexing.AddJrtToIndex$JrtTraverser::visitFile (14 bytes)

VM state: at safepoint (normal execution)

VM Mutex/Monitor currently owned by a thread:  ([mutex/lock_event])
[0x00000229debf10c0] Threads_lock - owner thread: 0x00000229f34d0e40
[0x00000229debf19c0] Heap_lock - owner thread: 0x00000229fa288ba0

Heap address: 0x00000000c0000000, size: 1024 MB, Compressed Oops mode: 32-bit

CDS archive(s) not mapped
Compressed class space mapped at: 0x0000000100000000-0x0000000140000000, reserved size: 1073741824
Narrow klass base: 0x0000000000000000, Narrow klass shift: 3, Narrow klass range: 0x140000000

GC Precious Log:
 CPUs: 8 total, 8 available
 Memory: 32674M
 Large Page Support: Disabled
 NUMA Support: Disabled
 Compressed Oops: Enabled (32-bit)
 Alignments: Space 512K, Generation 512K, Heap 2M
 Heap Min Capacity: 100M
 Heap Initial Capacity: 100M
 Heap Max Capacity: 1G
 Pre-touch: Disabled
 Parallel Workers: 8

Heap:
 PSYoungGen      total 19456K, used 5872K [0x00000000eab00000, 0x00000000ec500000, 0x0000000100000000)
  eden space 13312K, 0% used [0x00000000eab00000,0x00000000eab00000,0x00000000eb800000)
  from space 6144K, 95% used [0x00000000ebf00000,0x00000000ec4bc1d8,0x00000000ec500000)
  to   space 6144K, 0% used [0x00000000eb900000,0x00000000eb900000,0x00000000ebf00000)
 ParOldGen       total 186880K, used 184540K [0x00000000c0000000, 0x00000000cb680000, 0x00000000eab00000)
  object space 186880K, 98% used [0x00000000c0000000,0x00000000cb4370b8,0x00000000cb680000)
 Metaspace       used 55906K, committed 56960K, reserved 1114112K
  class space    used 5979K, committed 6464K, reserved 1048576K

Card table byte_map: [0x00000229f0d70000,0x00000229f0f80000] _byte_map_base: 0x00000229f0770000

Marking Bits: (ParMarkBitMap*) 0x00007ffdb55dd7d0
 Begin Bits: [0x00000229f10e0000, 0x00000229f20e0000)
 End Bits:   [0x00000229f20e0000, 0x00000229f30e0000)

Polling page: 0x00000229dd210000

Metaspace:

Usage:
  Non-class:     48.76 MB used.
      Class:      5.84 MB used.
       Both:     54.60 MB used.

Virtual space:
  Non-class space:       64.00 MB reserved,      49.31 MB ( 77%) committed,  1 nodes.
      Class space:        1.00 GB reserved,       6.31 MB ( <1%) committed,  1 nodes.
             Both:        1.06 GB reserved,      55.63 MB (  5%) committed. 

Chunk freelists:
   Non-Class:  14.28 MB
       Class:  9.70 MB
        Both:  23.98 MB

MaxMetaspaceSize: unlimited
CompressedClassSpaceSize: 1.00 GB
Initial GC threshold: 21.00 MB
Current GC threshold: 92.19 MB
CDS: off
MetaspaceReclaimPolicy: balanced
 - commit_granule_bytes: 65536.
 - commit_granule_words: 8192.
 - virtual_space_node_default_size: 8388608.
 - enlarge_chunks_in_place: 1.
 - new_chunks_are_fully_committed: 0.
 - uncommit_free_chunks: 1.
 - use_allocation_guard: 0.
 - handle_deallocations: 1.


Internal statistics:

num_allocs_failed_limit: 6.
num_arena_births: 500.
num_arena_deaths: 14.
num_vsnodes_births: 2.
num_vsnodes_deaths: 0.
num_space_committed: 890.
num_space_uncommitted: 0.
num_chunks_returned_to_freelist: 20.
num_chunks_taken_from_freelist: 2620.
num_chunk_merges: 5.
num_chunk_splits: 1650.
num_chunks_enlarged: 1010.
num_inconsistent_stats: 0.

CodeHeap 'non-profiled nmethods': size=120000Kb used=4177Kb max_used=4520Kb free=115822Kb
 bounds [0x00000229e9750000, 0x00000229e9bc0000, 0x00000229f0c80000]
CodeHeap 'profiled nmethods': size=120000Kb used=11706Kb max_used=14074Kb free=108293Kb
 bounds [0x00000229e1c80000, 0x00000229e2a40000, 0x00000229e91b0000]
CodeHeap 'non-nmethods': size=5760Kb used=1305Kb max_used=1411Kb free=4454Kb
 bounds [0x00000229e91b0000, 0x00000229e9420000, 0x00000229e9750000]
 total_blobs=6963 nmethods=6326 adapters=551
 compilation: enabled
              stopped_count=0, restarted_count=0
 full_count=0

Compilation events (20 events):
Event: 8.307 Thread 0x00000229f9cc2390 nmethod 7947 0x00000229e999b410 code [0x00000229e999b580, 0x00000229e999b638]
Event: 8.307 Thread 0x00000229f9cc2390 7945       4       java.net.URI$Parser::parse (243 bytes)
Event: 8.320 Thread 0x00000229fa0db490 nmethod 7873 0x00000229e9b71290 code [0x00000229e9b71d00, 0x00000229e9b7ae30]
Event: 8.324 Thread 0x00000229fa0db490 7955       4       jdk.internal.jrtfs.JrtPath::getNameCount (10 bytes)
Event: 8.333 Thread 0x00000229fa0db490 nmethod 7955 0x00000229e9952990 code [0x00000229e9952b60, 0x00000229e9953470]
Event: 8.333 Thread 0x00000229fa0db490 7946       4       java.net.URI$Parser::checkChar (14 bytes)
Event: 8.342 Thread 0x00000229fa0db490 nmethod 7946 0x00000229e9830190 code [0x00000229e9830380, 0x00000229e9830950]
Event: 8.342 Thread 0x00000229fa0db490 7948       4       java.net.URI$Parser::parseHierarchical (178 bytes)
Event: 8.370 Thread 0x00000229fa0db490 nmethod 7948 0x00000229e9a84e90 code [0x00000229e9a85140, 0x00000229e9a86228]
Event: 8.370 Thread 0x00000229fa0db490 7951       4       sun.nio.fs.WindowsPath::normalize (5 bytes)
Event: 8.370 Thread 0x00000229fa0db490 nmethod 7951 0x00000229e999b110 code [0x00000229e999b2a0, 0x00000229e999b348]
Event: 8.370 Thread 0x00000229fa0db490 7952   !   4       org.eclipse.jdt.internal.compiler.util.Jdk::<init> (49 bytes)
Event: 8.377 Thread 0x00000229f9cc2390 nmethod 7945 0x00000229e9a54e10 code [0x00000229e9a551a0, 0x00000229e9a572f0]
Event: 8.378 Thread 0x00000229f9cc2390 7953       4       org.eclipse.jdt.internal.compiler.util.Jdk::toJdkHome (51 bytes)
Event: 8.408 Thread 0x00000229fa0db490 nmethod 7952 0x00000229e9a42190 code [0x00000229e9a42460, 0x00000229e9a43ed0]
Event: 8.408 Thread 0x00000229fa0db490 7954   !   4       org.eclipse.jdt.internal.compiler.util.JRTUtil::getJrtSystem (67 bytes)
Event: 8.411 Thread 0x00000229fa0db490 nmethod 7954 0x00000229e9a4d590 code [0x00000229e9a4d740, 0x00000229e9a4d9b8]
Event: 8.411 Thread 0x00000229fa0db490 7956       4       org.eclipse.jdt.internal.core.search.indexing.AddJrtToIndex$JrtTraverser::visitFile (14 bytes)
Event: 8.415 Thread 0x00000229f9cc2390 nmethod 7953 0x00000229e97e7b10 code [0x00000229e97e7da0, 0x00000229e97e9580]
Event: 8.421 Thread 0x00000229f9cc2390 7957   !   4       org.eclipse.jdt.internal.core.search.indexing.AddJrtToIndex$JrtIndexer::visitFile (133 bytes)

GC Heap History (20 events):
Event: 7.869 GC heap after
{Heap after GC invocations=111 (full 6):
 PSYoungGen      total 17408K, used 4064K [0x00000000eab00000, 0x00000000ec500000, 0x0000000100000000)
  eden space 13312K, 0% used [0x00000000eab00000,0x00000000eab00000,0x00000000eb800000)
  from space 4096K, 99% used [0x00000000eb980000,0x00000000ebd781e0,0x00000000ebd80000)
  to   space 6656K, 0% used [0x00000000ebe80000,0x00000000ebe80000,0x00000000ec500000)
 ParOldGen       total 186880K, used 156718K [0x00000000c0000000, 0x00000000cb680000, 0x00000000eab00000)
  object space 186880K, 83% used [0x00000000c0000000,0x00000000c990b980,0x00000000cb680000)
 Metaspace       used 55905K, committed 56960K, reserved 1114112K
  class space    used 5979K, committed 6464K, reserved 1048576K
}
Event: 7.916 GC heap before
{Heap before GC invocations=112 (full 6):
 PSYoungGen      total 17408K, used 17376K [0x00000000eab00000, 0x00000000ec500000, 0x0000000100000000)
  eden space 13312K, 100% used [0x00000000eab00000,0x00000000eb800000,0x00000000eb800000)
  from space 4096K, 99% used [0x00000000eb980000,0x00000000ebd781e0,0x00000000ebd80000)
  to   space 6656K, 0% used [0x00000000ebe80000,0x00000000ebe80000,0x00000000ec500000)
 ParOldGen       total 186880K, used 156718K [0x00000000c0000000, 0x00000000cb680000, 0x00000000eab00000)
  object space 186880K, 83% used [0x00000000c0000000,0x00000000c990b980,0x00000000cb680000)
 Metaspace       used 55905K, committed 56960K, reserved 1114112K
  class space    used 5979K, committed 6464K, reserved 1048576K
}
Event: 7.918 GC heap after
{Heap after GC invocations=112 (full 6):
 PSYoungGen      total 16384K, used 3061K [0x00000000eab00000, 0x00000000ec180000, 0x0000000100000000)
  eden space 13312K, 0% used [0x00000000eab00000,0x00000000eab00000,0x00000000eb800000)
  from space 3072K, 99% used [0x00000000ebe80000,0x00000000ec17d410,0x00000000ec180000)
  to   space 4096K, 0% used [0x00000000eb980000,0x00000000eb980000,0x00000000ebd80000)
 ParOldGen       total 186880K, used 160792K [0x00000000c0000000, 0x00000000cb680000, 0x00000000eab00000)
  object space 186880K, 86% used [0x00000000c0000000,0x00000000c9d063d0,0x00000000cb680000)
 Metaspace       used 55905K, committed 56960K, reserved 1114112K
  class space    used 5979K, committed 6464K, reserved 1048576K
}
Event: 7.962 GC heap before
{Heap before GC invocations=113 (full 6):
 PSYoungGen      total 16384K, used 16373K [0x00000000eab00000, 0x00000000ec180000, 0x0000000100000000)
  eden space 13312K, 100% used [0x00000000eab00000,0x00000000eb800000,0x00000000eb800000)
  from space 3072K, 99% used [0x00000000ebe80000,0x00000000ec17d410,0x00000000ec180000)
  to   space 4096K, 0% used [0x00000000eb980000,0x00000000eb980000,0x00000000ebd80000)
 ParOldGen       total 186880K, used 160792K [0x00000000c0000000, 0x00000000cb680000, 0x00000000eab00000)
  object space 186880K, 86% used [0x00000000c0000000,0x00000000c9d063d0,0x00000000cb680000)
 Metaspace       used 55906K, committed 56960K, reserved 1114112K
  class space    used 5979K, committed 6464K, reserved 1048576K
}
Event: 7.964 GC heap after
{Heap after GC invocations=113 (full 6):
 PSYoungGen      total 17408K, used 4083K [0x00000000eab00000, 0x00000000ec500000, 0x0000000100000000)
  eden space 13312K, 0% used [0x00000000eab00000,0x00000000eab00000,0x00000000eb800000)
  from space 4096K, 99% used [0x00000000eb980000,0x00000000ebd7ccd0,0x00000000ebd80000)
  to   space 6656K, 0% used [0x00000000ebe80000,0x00000000ebe80000,0x00000000ec500000)
 ParOldGen       total 186880K, used 162432K [0x00000000c0000000, 0x00000000cb680000, 0x00000000eab00000)
  object space 186880K, 86% used [0x00000000c0000000,0x00000000c9ea01e0,0x00000000cb680000)
 Metaspace       used 55906K, committed 56960K, reserved 1114112K
  class space    used 5979K, committed 6464K, reserved 1048576K
}
Event: 8.010 GC heap before
{Heap before GC invocations=114 (full 6):
 PSYoungGen      total 17408K, used 17395K [0x00000000eab00000, 0x00000000ec500000, 0x0000000100000000)
  eden space 13312K, 100% used [0x00000000eab00000,0x00000000eb800000,0x00000000eb800000)
  from space 4096K, 99% used [0x00000000eb980000,0x00000000ebd7ccd0,0x00000000ebd80000)
  to   space 6656K, 0% used [0x00000000ebe80000,0x00000000ebe80000,0x00000000ec500000)
 ParOldGen       total 186880K, used 162432K [0x00000000c0000000, 0x00000000cb680000, 0x00000000eab00000)
  object space 186880K, 86% used [0x00000000c0000000,0x00000000c9ea01e0,0x00000000cb680000)
 Metaspace       used 55906K, committed 56960K, reserved 1114112K
  class space    used 5979K, committed 6464K, reserved 1048576K
}
Event: 8.013 GC heap after
{Heap after GC invocations=114 (full 6):
 PSYoungGen      total 16384K, used 3042K [0x00000000eab00000, 0x00000000ec180000, 0x0000000100000000)
  eden space 13312K, 0% used [0x00000000eab00000,0x00000000eab00000,0x00000000eb800000)
  from space 3072K, 99% used [0x00000000ebe80000,0x00000000ec178b58,0x00000000ec180000)
  to   space 4096K, 0% used [0x00000000eb980000,0x00000000eb980000,0x00000000ebd80000)
 ParOldGen       total 186880K, used 166492K [0x00000000c0000000, 0x00000000cb680000, 0x00000000eab00000)
  object space 186880K, 89% used [0x00000000c0000000,0x00000000ca2972f8,0x00000000cb680000)
 Metaspace       used 55906K, committed 56960K, reserved 1114112K
  class space    used 5979K, committed 6464K, reserved 1048576K
}
Event: 8.062 GC heap before
{Heap before GC invocations=115 (full 6):
 PSYoungGen      total 16384K, used 16354K [0x00000000eab00000, 0x00000000ec180000, 0x0000000100000000)
  eden space 13312K, 100% used [0x00000000eab00000,0x00000000eb800000,0x00000000eb800000)
  from space 3072K, 99% used [0x00000000ebe80000,0x00000000ec178b58,0x00000000ec180000)
  to   space 4096K, 0% used [0x00000000eb980000,0x00000000eb980000,0x00000000ebd80000)
 ParOldGen       total 186880K, used 166492K [0x00000000c0000000, 0x00000000cb680000, 0x00000000eab00000)
  object space 186880K, 89% used [0x00000000c0000000,0x00000000ca2972f8,0x00000000cb680000)
 Metaspace       used 55906K, committed 56960K, reserved 1114112K
  class space    used 5979K, committed 6464K, reserved 1048576K
}
Event: 8.064 GC heap after
{Heap after GC invocations=115 (full 6):
 PSYoungGen      total 17408K, used 4080K [0x00000000eab00000, 0x00000000ec500000, 0x0000000100000000)
  eden space 13312K, 0% used [0x00000000eab00000,0x00000000eab00000,0x00000000eb800000)
  from space 4096K, 99% used [0x00000000eb980000,0x00000000ebd7c2f0,0x00000000ebd80000)
  to   space 6656K, 0% used [0x00000000ebe80000,0x00000000ebe80000,0x00000000ec500000)
 ParOldGen       total 186880K, used 168196K [0x00000000c0000000, 0x00000000cb680000, 0x00000000eab00000)
  object space 186880K, 90% used [0x00000000c0000000,0x00000000ca441060,0x00000000cb680000)
 Metaspace       used 55906K, committed 56960K, reserved 1114112K
  class space    used 5979K, committed 6464K, reserved 1048576K
}
Event: 8.116 GC heap before
{Heap before GC invocations=116 (full 6):
 PSYoungGen      total 17408K, used 17392K [0x00000000eab00000, 0x00000000ec500000, 0x0000000100000000)
  eden space 13312K, 100% used [0x00000000eab00000,0x00000000eb800000,0x00000000eb800000)
  from space 4096K, 99% used [0x00000000eb980000,0x00000000ebd7c2f0,0x00000000ebd80000)
  to   space 6656K, 0% used [0x00000000ebe80000,0x00000000ebe80000,0x00000000ec500000)
 ParOldGen       total 186880K, used 168196K [0x00000000c0000000, 0x00000000cb680000, 0x00000000eab00000)
  object space 186880K, 90% used [0x00000000c0000000,0x00000000ca441060,0x00000000cb680000)
 Metaspace       used 55906K, committed 56960K, reserved 1114112K
  class space    used 5979K, committed 6464K, reserved 1048576K
}
Event: 8.119 GC heap after
{Heap after GC invocations=116 (full 6):
 PSYoungGen      total 16384K, used 3026K [0x00000000eab00000, 0x00000000ec180000, 0x0000000100000000)
  eden space 13312K, 0% used [0x00000000eab00000,0x00000000eab00000,0x00000000eb800000)
  from space 3072K, 98% used [0x00000000ebe80000,0x00000000ec1749e0,0x00000000ec180000)
  to   space 4096K, 0% used [0x00000000eb980000,0x00000000eb980000,0x00000000ebd80000)
 ParOldGen       total 186880K, used 172216K [0x00000000c0000000, 0x00000000cb680000, 0x00000000eab00000)
  object space 186880K, 92% used [0x00000000c0000000,0x00000000ca82e2d8,0x00000000cb680000)
 Metaspace       used 55906K, committed 56960K, reserved 1114112K
  class space    used 5979K, committed 6464K, reserved 1048576K
}
Event: 8.183 GC heap before
{Heap before GC invocations=117 (full 6):
 PSYoungGen      total 16384K, used 16338K [0x00000000eab00000, 0x00000000ec180000, 0x0000000100000000)
  eden space 13312K, 100% used [0x00000000eab00000,0x00000000eb800000,0x00000000eb800000)
  from space 3072K, 98% used [0x00000000ebe80000,0x00000000ec1749e0,0x00000000ec180000)
  to   space 4096K, 0% used [0x00000000eb980000,0x00000000eb980000,0x00000000ebd80000)
 ParOldGen       total 186880K, used 172216K [0x00000000c0000000, 0x00000000cb680000, 0x00000000eab00000)
  object space 186880K, 92% used [0x00000000c0000000,0x00000000ca82e2d8,0x00000000cb680000)
 Metaspace       used 55906K, committed 56960K, reserved 1114112K
  class space    used 5979K, committed 6464K, reserved 1048576K
}
Event: 8.186 GC heap after
{Heap after GC invocations=117 (full 6):
 PSYoungGen      total 17408K, used 4077K [0x00000000eab00000, 0x00000000ec500000, 0x0000000100000000)
  eden space 13312K, 0% used [0x00000000eab00000,0x00000000eab00000,0x00000000eb800000)
  from space 4096K, 99% used [0x00000000eb980000,0x00000000ebd7b448,0x00000000ebd80000)
  to   space 6656K, 0% used [0x00000000ebe80000,0x00000000ebe80000,0x00000000ec500000)
 ParOldGen       total 186880K, used 174186K [0x00000000c0000000, 0x00000000cb680000, 0x00000000eab00000)
  object space 186880K, 93% used [0x00000000c0000000,0x00000000caa1ab48,0x00000000cb680000)
 Metaspace       used 55906K, committed 56960K, reserved 1114112K
  class space    used 5979K, committed 6464K, reserved 1048576K
}
Event: 8.245 GC heap before
{Heap before GC invocations=118 (full 6):
 PSYoungGen      total 17408K, used 17389K [0x00000000eab00000, 0x00000000ec500000, 0x0000000100000000)
  eden space 13312K, 100% used [0x00000000eab00000,0x00000000eb800000,0x00000000eb800000)
  from space 4096K, 99% used [0x00000000eb980000,0x00000000ebd7b448,0x00000000ebd80000)
  to   space 6656K, 0% used [0x00000000ebe80000,0x00000000ebe80000,0x00000000ec500000)
 ParOldGen       total 186880K, used 174186K [0x00000000c0000000, 0x00000000cb680000, 0x00000000eab00000)
  object space 186880K, 93% used [0x00000000c0000000,0x00000000caa1ab48,0x00000000cb680000)
 Metaspace       used 55906K, committed 56960K, reserved 1114112K
  class space    used 5979K, committed 6464K, reserved 1048576K
}
Event: 8.248 GC heap after
{Heap after GC invocations=118 (full 6):
 PSYoungGen      total 16896K, used 3332K [0x00000000eab00000, 0x00000000ec200000, 0x0000000100000000)
  eden space 13312K, 0% used [0x00000000eab00000,0x00000000eab00000,0x00000000eb800000)
  from space 3584K, 92% used [0x00000000ebe80000,0x00000000ec1c1098,0x00000000ec200000)
  to   space 4608K, 0% used [0x00000000eb900000,0x00000000eb900000,0x00000000ebd80000)
 ParOldGen       total 186880K, used 178232K [0x00000000c0000000, 0x00000000cb680000, 0x00000000eab00000)
  object space 186880K, 95% used [0x00000000c0000000,0x00000000cae0e108,0x00000000cb680000)
 Metaspace       used 55906K, committed 56960K, reserved 1114112K
  class space    used 5979K, committed 6464K, reserved 1048576K
}
Event: 8.297 GC heap before
{Heap before GC invocations=119 (full 6):
 PSYoungGen      total 16896K, used 16644K [0x00000000eab00000, 0x00000000ec200000, 0x0000000100000000)
  eden space 13312K, 100% used [0x00000000eab00000,0x00000000eb800000,0x00000000eb800000)
  from space 3584K, 92% used [0x00000000ebe80000,0x00000000ec1c1098,0x00000000ec200000)
  to   space 4608K, 0% used [0x00000000eb900000,0x00000000eb900000,0x00000000ebd80000)
 ParOldGen       total 186880K, used 178232K [0x00000000c0000000, 0x00000000cb680000, 0x00000000eab00000)
  object space 186880K, 95% used [0x00000000c0000000,0x00000000cae0e108,0x00000000cb680000)
 Metaspace       used 55906K, committed 56960K, reserved 1114112K
  class space    used 5979K, committed 6464K, reserved 1048576K
}
Event: 8.300 GC heap after
{Heap after GC invocations=119 (full 6):
 PSYoungGen      total 17920K, used 4605K [0x00000000eab00000, 0x00000000ec600000, 0x0000000100000000)
  eden space 13312K, 0% used [0x00000000eab00000,0x00000000eab00000,0x00000000eb800000)
  from space 4608K, 99% used [0x00000000eb900000,0x00000000ebd7f5c8,0x00000000ebd80000)
  to   space 7168K, 0% used [0x00000000ebf00000,0x00000000ebf00000,0x00000000ec600000)
 ParOldGen       total 186880K, used 179933K [0x00000000c0000000, 0x00000000cb680000, 0x00000000eab00000)
  object space 186880K, 96% used [0x00000000c0000000,0x00000000cafb77c0,0x00000000cb680000)
 Metaspace       used 55906K, committed 56960K, reserved 1114112K
  class space    used 5979K, committed 6464K, reserved 1048576K
}
Event: 8.421 GC heap before
{Heap before GC invocations=120 (full 6):
 PSYoungGen      total 17920K, used 17917K [0x00000000eab00000, 0x00000000ec600000, 0x0000000100000000)
  eden space 13312K, 100% used [0x00000000eab00000,0x00000000eb800000,0x00000000eb800000)
  from space 4608K, 99% used [0x00000000eb900000,0x00000000ebd7f5c8,0x00000000ebd80000)
  to   space 7168K, 0% used [0x00000000ebf00000,0x00000000ebf00000,0x00000000ec600000)
 ParOldGen       total 186880K, used 179933K [0x00000000c0000000, 0x00000000cb680000, 0x00000000eab00000)
  object space 186880K, 96% used [0x00000000c0000000,0x00000000cafb77c0,0x00000000cb680000)
 Metaspace       used 55906K, committed 56960K, reserved 1114112K
  class space    used 5979K, committed 6464K, reserved 1048576K
}
Event: 8.429 GC heap after
{Heap after GC invocations=120 (full 6):
 PSYoungGen      total 19456K, used 5872K [0x00000000eab00000, 0x00000000ec500000, 0x0000000100000000)
  eden space 13312K, 0% used [0x00000000eab00000,0x00000000eab00000,0x00000000eb800000)
  from space 6144K, 95% used [0x00000000ebf00000,0x00000000ec4bc1d8,0x00000000ec500000)
  to   space 6144K, 0% used [0x00000000eb900000,0x00000000eb900000,0x00000000ebf00000)
 ParOldGen       total 186880K, used 184540K [0x00000000c0000000, 0x00000000cb680000, 0x00000000eab00000)
  object space 186880K, 98% used [0x00000000c0000000,0x00000000cb4370b8,0x00000000cb680000)
 Metaspace       used 55906K, committed 56960K, reserved 1114112K
  class space    used 5979K, committed 6464K, reserved 1048576K
}
Event: 8.429 GC heap before
{Heap before GC invocations=121 (full 7):
 PSYoungGen      total 19456K, used 5872K [0x00000000eab00000, 0x00000000ec500000, 0x0000000100000000)
  eden space 13312K, 0% used [0x00000000eab00000,0x00000000eab00000,0x00000000eb800000)
  from space 6144K, 95% used [0x00000000ebf00000,0x00000000ec4bc1d8,0x00000000ec500000)
  to   space 6144K, 0% used [0x00000000eb900000,0x00000000eb900000,0x00000000ebf00000)
 ParOldGen       total 186880K, used 184540K [0x00000000c0000000, 0x00000000cb680000, 0x00000000eab00000)
  object space 186880K, 98% used [0x00000000c0000000,0x00000000cb4370b8,0x00000000cb680000)
 Metaspace       used 55906K, committed 56960K, reserved 1114112K
  class space    used 5979K, committed 6464K, reserved 1048576K
}

Dll operation events (10 events):
Event: 0.021 Loaded shared library c:\Users\SXRBS\.vscode\extensions\redhat.java-1.28.1-win32-x64\jre\17.0.10-win32-x86_64\bin\java.dll
Event: 0.167 Loaded shared library c:\Users\SXRBS\.vscode\extensions\redhat.java-1.28.1-win32-x64\jre\17.0.10-win32-x86_64\bin\zip.dll
Event: 0.172 Loaded shared library C:\Users\SXRBS\.vscode\extensions\redhat.java-1.28.1-win32-x64\jre\17.0.10-win32-x86_64\bin\instrument.dll
Event: 0.186 Loaded shared library C:\Users\SXRBS\.vscode\extensions\redhat.java-1.28.1-win32-x64\jre\17.0.10-win32-x86_64\bin\net.dll
Event: 0.190 Loaded shared library C:\Users\SXRBS\.vscode\extensions\redhat.java-1.28.1-win32-x64\jre\17.0.10-win32-x86_64\bin\nio.dll
Event: 0.198 Loaded shared library C:\Users\SXRBS\.vscode\extensions\redhat.java-1.28.1-win32-x64\jre\17.0.10-win32-x86_64\bin\zip.dll
Event: 0.212 Loaded shared library C:\Users\SXRBS\.vscode\extensions\redhat.java-1.28.1-win32-x64\jre\17.0.10-win32-x86_64\bin\jimage.dll
Event: 0.287 Loaded shared library c:\Users\SXRBS\.vscode\extensions\redhat.java-1.28.1-win32-x64\jre\17.0.10-win32-x86_64\bin\verify.dll
Event: 1.414 Loaded shared library C:\Users\SXRBS\AppData\Roaming\Code\User\globalStorage\redhat.java\1.28.1\config_win\org.eclipse.equinox.launcher\org.eclipse.equinox.launcher.win32.win32.x86_64_1.2.900.v20240129-1338\eclipse_11900.dll
Event: 3.858 Loaded shared library C:\Users\SXRBS\AppData\Local\Temp\jna-79354782\jna6892086129387220886.dll

Deoptimization events (20 events):
Event: 7.869 Thread 0x00000229fa288ba0 DEOPT PACKING pc=0x00000229e29d0bf5 sp=0x0000002cd0ffeaf0
Event: 7.869 Thread 0x00000229fa288ba0 DEOPT UNPACKING pc=0x00000229e9206e43 sp=0x0000002cd0ffe018 mode 0
Event: 7.877 Thread 0x00000229fa288ba0 DEOPT PACKING pc=0x00000229e29d0bf5 sp=0x0000002cd0ffeaf0
Event: 7.877 Thread 0x00000229fa288ba0 DEOPT UNPACKING pc=0x00000229e9206e43 sp=0x0000002cd0ffe018 mode 0
Event: 7.881 Thread 0x00000229fa288ba0 DEOPT PACKING pc=0x00000229e29d0bf5 sp=0x0000002cd0ffeaf0
Event: 7.881 Thread 0x00000229fa288ba0 DEOPT UNPACKING pc=0x00000229e9206e43 sp=0x0000002cd0ffe018 mode 0
Event: 7.886 Thread 0x00000229fa288ba0 DEOPT PACKING pc=0x00000229e29d0bf5 sp=0x0000002cd0ffeaf0
Event: 7.886 Thread 0x00000229fa288ba0 DEOPT UNPACKING pc=0x00000229e9206e43 sp=0x0000002cd0ffe018 mode 0
Event: 7.900 Thread 0x00000229fa288ba0 DEOPT PACKING pc=0x00000229e29d0bf5 sp=0x0000002cd0ffeaf0
Event: 7.900 Thread 0x00000229fa288ba0 DEOPT UNPACKING pc=0x00000229e9206e43 sp=0x0000002cd0ffe018 mode 0
Event: 7.905 Thread 0x00000229fa288ba0 DEOPT PACKING pc=0x00000229e29d0bf5 sp=0x0000002cd0ffeaf0
Event: 7.905 Thread 0x00000229fa288ba0 DEOPT UNPACKING pc=0x00000229e9206e43 sp=0x0000002cd0ffe018 mode 0
Event: 7.910 Thread 0x00000229fa288ba0 DEOPT PACKING pc=0x00000229e29d0bf5 sp=0x0000002cd0ffeaf0
Event: 7.910 Thread 0x00000229fa288ba0 DEOPT UNPACKING pc=0x00000229e9206e43 sp=0x0000002cd0ffe018 mode 0
Event: 7.915 Thread 0x00000229fa288ba0 DEOPT PACKING pc=0x00000229e29d0bf5 sp=0x0000002cd0ffeaf0
Event: 7.915 Thread 0x00000229fa288ba0 DEOPT UNPACKING pc=0x00000229e9206e43 sp=0x0000002cd0ffe018 mode 0
Event: 7.925 Thread 0x00000229fa288ba0 DEOPT PACKING pc=0x00000229e29d0bf5 sp=0x0000002cd0ffeaf0
Event: 7.925 Thread 0x00000229fa288ba0 DEOPT UNPACKING pc=0x00000229e9206e43 sp=0x0000002cd0ffe018 mode 0
Event: 7.936 Thread 0x00000229fa288ba0 DEOPT PACKING pc=0x00000229e29d0bf5 sp=0x0000002cd0ffeaf0
Event: 7.936 Thread 0x00000229fa288ba0 DEOPT UNPACKING pc=0x00000229e9206e43 sp=0x0000002cd0ffe018 mode 0

Classes unloaded (7 events):
Event: 3.774 Thread 0x00000229f34d0e40 Unloading class 0x0000000100251400 'java/lang/invoke/LambdaForm$MH+0x0000000100251400'
Event: 3.774 Thread 0x00000229f34d0e40 Unloading class 0x0000000100251000 'java/lang/invoke/LambdaForm$MH+0x0000000100251000'
Event: 3.774 Thread 0x00000229f34d0e40 Unloading class 0x0000000100250c00 'java/lang/invoke/LambdaForm$MH+0x0000000100250c00'
Event: 3.774 Thread 0x00000229f34d0e40 Unloading class 0x0000000100250800 'java/lang/invoke/LambdaForm$MH+0x0000000100250800'
Event: 3.774 Thread 0x00000229f34d0e40 Unloading class 0x0000000100250400 'java/lang/invoke/LambdaForm$BMH+0x0000000100250400'
Event: 3.774 Thread 0x00000229f34d0e40 Unloading class 0x0000000100250000 'java/lang/invoke/LambdaForm$DMH+0x0000000100250000'
Event: 3.774 Thread 0x00000229f34d0e40 Unloading class 0x0000000100249400 'java/lang/invoke/LambdaForm$DMH+0x0000000100249400'

Classes redefined (0 events):
No events

Internal exceptions (20 events):
Event: 7.677 Thread 0x00000229fcaca230 Exception <a 'sun/nio/fs/WindowsException'{0x00000000eafe65f0}> (0x00000000eafe65f0) 
thrown [s\src\hotspot\share\prims\jni.cpp, line 516]
Event: 7.678 Thread 0x00000229fcaca230 Exception <a 'sun/nio/fs/WindowsException'{0x00000000eafe9cc8}> (0x00000000eafe9cc8) 
thrown [s\src\hotspot\share\prims\jni.cpp, line 516]
Event: 7.680 Thread 0x00000229fcaca230 Exception <a 'sun/nio/fs/WindowsException'{0x00000000eafed3b8}> (0x00000000eafed3b8) 
thrown [s\src\hotspot\share\prims\jni.cpp, line 516]
Event: 7.680 Thread 0x00000229fcaca230 Exception <a 'sun/nio/fs/WindowsException'{0x00000000eb360b98}> (0x00000000eb360b98) 
thrown [s\src\hotspot\share\prims\jni.cpp, line 516]
Event: 7.681 Thread 0x00000229fcaca230 Exception <a 'sun/nio/fs/WindowsException'{0x00000000eb363df0}> (0x00000000eb363df0) 
thrown [s\src\hotspot\share\prims\jni.cpp, line 516]
Event: 7.682 Thread 0x00000229fcaca230 Exception <a 'sun/nio/fs/WindowsException'{0x00000000eb367200}> (0x00000000eb367200) 
thrown [s\src\hotspot\share\prims\jni.cpp, line 516]
Event: 7.683 Thread 0x00000229fcaca230 Exception <a 'sun/nio/fs/WindowsException'{0x00000000eb36a7f0}> (0x00000000eb36a7f0) 
thrown [s\src\hotspot\share\prims\jni.cpp, line 516]
Event: 7.684 Thread 0x00000229fcaca230 Exception <a 'sun/nio/fs/WindowsException'{0x00000000eb36e098}> (0x00000000eb36e098) 
thrown [s\src\hotspot\share\prims\jni.cpp, line 516]
Event: 7.685 Thread 0x00000229fcaca230 Exception <a 'sun/nio/fs/WindowsException'{0x00000000eb3717c0}> (0x00000000eb3717c0) 
thrown [s\src\hotspot\share\prims\jni.cpp, line 516]
Event: 7.686 Thread 0x00000229fcaca230 Exception <a 'sun/nio/fs/WindowsException'{0x00000000eb3753d8}> (0x00000000eb3753d8) 
thrown [s\src\hotspot\share\prims\jni.cpp, line 516]
Event: 7.687 Thread 0x00000229fcaca230 Exception <a 'sun/nio/fs/WindowsException'{0x00000000eb379598}> (0x00000000eb379598) 
thrown [s\src\hotspot\share\prims\jni.cpp, line 516]
Event: 7.693 Thread 0x00000229fcaca230 Exception <a 'sun/nio/fs/WindowsException'{0x00000000eab01df0}> (0x00000000eab01df0) 
thrown [s\src\hotspot\share\prims\jni.cpp, line 516]
Event: 7.694 Thread 0x00000229fcaca230 Exception <a 'sun/nio/fs/WindowsException'{0x00000000eab05890}> (0x00000000eab05890) 
thrown [s\src\hotspot\share\prims\jni.cpp, line 516]
Event: 7.695 Thread 0x00000229fcaca230 Exception <a 'sun/nio/fs/WindowsException'{0x00000000eab08d20}> (0x00000000eab08d20) 
thrown [s\src\hotspot\share\prims\jni.cpp, line 516]
Event: 7.696 Thread 0x00000229fcaca230 Exception <a 'sun/nio/fs/WindowsException'{0x00000000eab0c130}> (0x00000000eab0c130) 
thrown [s\src\hotspot\share\prims\jni.cpp, line 516]
Event: 7.697 Thread 0x00000229fcaca230 Exception <a 'sun/nio/fs/WindowsException'{0x00000000eab0f720}> (0x00000000eab0f720) 
thrown [s\src\hotspot\share\prims\jni.cpp, line 516]
Event: 7.698 Thread 0x00000229fcaca230 Exception <a 'sun/nio/fs/WindowsException'{0x00000000eab130b0}> (0x00000000eab130b0) 
thrown [s\src\hotspot\share\prims\jni.cpp, line 516]
Event: 7.748 Thread 0x00000229fa288ba0 Implicit null exception at 0x00000229e9b73ee0 to 0x00000229e9b78c08
Event: 7.786 Thread 0x00000229fcaca230 Exception <a 'java/lang/NoSuchMethodError'{0x00000000eb07e550}: 'void java.lang.invoke.DirectMethodHandle$Holder.invokeStatic(java.lang.Object, long)'> (0x00000000eb07e550) 
thrown [s\src\hotspot\share\interpreter\linkResolver.cpp, line 759]
Event: 7.787 Thread 0x00000229fcaca230 Exception <a 'java/lang/NoSuchMethodError'{0x00000000eb0838f8}: 'java.lang.Object java.lang.invoke.DirectMethodHandle$Holder.newInvokeSpecial(java.lang.Object, long)'> (0x00000000eb0838f8) 
thrown [s\src\hotspot\share\interpreter\linkResolver.cpp, line 759]

VM Operations (20 events):
Event: 7.964 Executing VM operation: ParallelGCFailedAllocation done
Event: 8.006 Executing VM operation: HandshakeAllThreads
Event: 8.009 Executing VM operation: HandshakeAllThreads done
Event: 8.010 Executing VM operation: ParallelGCFailedAllocation
Event: 8.013 Executing VM operation: ParallelGCFailedAllocation done
Event: 8.062 Executing VM operation: ParallelGCFailedAllocation
Event: 8.064 Executing VM operation: ParallelGCFailedAllocation done
Event: 8.085 Executing VM operation: HandshakeAllThreads
Event: 8.085 Executing VM operation: HandshakeAllThreads done
Event: 8.116 Executing VM operation: ParallelGCFailedAllocation
Event: 8.119 Executing VM operation: ParallelGCFailedAllocation done
Event: 8.167 Executing VM operation: HandshakeAllThreads
Event: 8.167 Executing VM operation: HandshakeAllThreads done
Event: 8.183 Executing VM operation: ParallelGCFailedAllocation
Event: 8.186 Executing VM operation: ParallelGCFailedAllocation done
Event: 8.245 Executing VM operation: ParallelGCFailedAllocation
Event: 8.248 Executing VM operation: ParallelGCFailedAllocation done
Event: 8.297 Executing VM operation: ParallelGCFailedAllocation
Event: 8.300 Executing VM operation: ParallelGCFailedAllocation done
Event: 8.421 Executing VM operation: ParallelGCFailedAllocation

Events (20 events):
Event: 8.178 Thread 0x00000229f8409cf0 flushing nmethod 0x00000229e2952610
Event: 8.178 Thread 0x00000229f8409cf0 flushing nmethod 0x00000229e2952a10
Event: 8.178 Thread 0x00000229f8409cf0 flushing nmethod 0x00000229e2953c90
Event: 8.178 Thread 0x00000229f8409cf0 flushing nmethod 0x00000229e2954410
Event: 8.178 Thread 0x00000229f8409cf0 flushing nmethod 0x00000229e2955190
Event: 8.178 Thread 0x00000229f8409cf0 flushing nmethod 0x00000229e2955c10
Event: 8.178 Thread 0x00000229f8409cf0 flushing nmethod 0x00000229e2957190
Event: 8.178 Thread 0x00000229f8409cf0 flushing nmethod 0x00000229e2959010
Event: 8.178 Thread 0x00000229f8409cf0 flushing nmethod 0x00000229e2959510
Event: 8.178 Thread 0x00000229f8409cf0 flushing nmethod 0x00000229e295ad10
Event: 8.178 Thread 0x00000229f8409cf0 flushing nmethod 0x00000229e2970210
Event: 8.178 Thread 0x00000229f8409cf0 flushing nmethod 0x00000229e2971210
Event: 8.178 Thread 0x00000229f8409cf0 flushing nmethod 0x00000229e29bdf90
Event: 8.178 Thread 0x00000229f8409cf0 flushing nmethod 0x00000229e29c9810
Event: 8.178 Thread 0x00000229f8409cf0 flushing nmethod 0x00000229e29e0110
Event: 8.178 Thread 0x00000229f8409cf0 flushing nmethod 0x00000229e29e4290
Event: 8.178 Thread 0x00000229f8409cf0 flushing nmethod 0x00000229e29eda90
Event: 8.178 Thread 0x00000229f8409cf0 flushing nmethod 0x00000229e29edf10
Event: 8.178 Thread 0x00000229f8409cf0 flushing nmethod 0x00000229e29efe90
Event: 8.178 Thread 0x00000229f8409cf0 flushing nmethod 0x00000229e2a12390


Dynamic libraries:
0x00007ff7e0120000 - 0x00007ff7e012e000 	c:\Users\SXRBS\.vscode\extensions\redhat.java-1.28.1-win32-x64\jre\17.0.10-win32-x86_64\bin\java.exe
0x00007ffdf4f20000 - 0x00007ffdf510e000 	C:\Windows\SYSTEM32\ntdll.dll
0x00007ffdf4d30000 - 0x00007ffdf4de3000 	C:\Windows\System32\KERNEL32.DLL
0x00007ffdf1a20000 - 0x00007ffdf1cbd000 	C:\Windows\System32\KERNELBASE.dll
0x00007ffdf1e10000 - 0x00007ffdf1f0a000 	C:\Windows\System32\ucrtbase.dll
0x00007ffddcc70000 - 0x00007ffddcc8b000 	c:\Users\SXRBS\.vscode\extensions\redhat.java-1.28.1-win32-x64\jre\17.0.10-win32-x86_64\bin\VCRUNTIME140.dll
0x00007ffddbec0000 - 0x00007ffddbed7000 	c:\Users\SXRBS\.vscode\extensions\redhat.java-1.28.1-win32-x64\jre\17.0.10-win32-x86_64\bin\jli.dll
0x00007ffdf49b0000 - 0x00007ffdf4b47000 	C:\Windows\System32\USER32.dll
0x00007ffdf1200000 - 0x00007ffdf1220000 	C:\Windows\System32\win32u.dll
0x00007ffdf4be0000 - 0x00007ffdf4c09000 	C:\Windows\System32\GDI32.dll
0x00007ffdf0ff0000 - 0x00007ffdf119a000 	C:\Windows\System32\gdi32full.dll
0x00007ffdf1cc0000 - 0x00007ffdf1d60000 	C:\Windows\System32\msvcp_win.dll
0x00007ffde0410000 - 0x00007ffde0689000 	C:\Windows\WinSxS\amd64_microsoft.windows.common-controls_6595b64144ccf1df_6.0.17763.5458_none_de7234b4534a7f0e\COMCTL32.dll
0x00007ffdf4c10000 - 0x00007ffdf4cae000 	C:\Windows\System32\msvcrt.dll
0x00007ffdf4510000 - 0x00007ffdf483b000 	C:\Windows\System32\combase.dll
0x00007ffdf2140000 - 0x00007ffdf225d000 	C:\Windows\System32\RPCRT4.dll
0x00007ffdf1d80000 - 0x00007ffdf1e02000 	C:\Windows\System32\bcryptPrimitives.dll
0x00007ffdf4bb0000 - 0x00007ffdf4bde000 	C:\Windows\System32\IMM32.DLL
0x00000000510f0000 - 0x00000000510fd000 	C:\Program Files (x86)\360\360Safe\safemon\SafeWrapper.dll
0x00007ffdf2490000 - 0x00007ffdf2538000 	C:\Windows\System32\ADVAPI32.dll
0x00007ffdf2670000 - 0x00007ffdf2712000 	C:\Windows\System32\sechost.dll
0x00007ffdf2110000 - 0x00007ffdf2136000 	C:\Windows\System32\bcrypt.dll
0x00007ffddd050000 - 0x00007ffddd0fc000 	C:\Program Files (x86)\360\360Safe\safemon\libzdtp64.dll
0x00007ffdf2c10000 - 0x00007ffdf4108000 	C:\Windows\System32\SHELL32.dll
0x00007ffdf0fa0000 - 0x00007ffdf0fea000 	C:\Windows\System32\cfgmgr32.dll
0x00007ffdf2280000 - 0x00007ffdf2327000 	C:\Windows\System32\shcore.dll
0x00007ffdf12d0000 - 0x00007ffdf1a17000 	C:\Windows\System32\windows.storage.dll
0x00007ffdf0f70000 - 0x00007ffdf0f93000 	C:\Windows\System32\profapi.dll
0x00007ffdf0ef0000 - 0x00007ffdf0f4d000 	C:\Windows\System32\powrprof.dll
0x00007ffdf4b50000 - 0x00007ffdf4ba2000 	C:\Windows\System32\shlwapi.dll
0x00007ffdf0ed0000 - 0x00007ffdf0ee1000 	C:\Windows\System32\kernel.appcore.dll
0x00007ffdf1d60000 - 0x00007ffdf1d7b000 	C:\Windows\System32\cryptsp.dll
0x00007ffdf0c70000 - 0x00007ffdf0c7a000 	C:\Windows\SYSTEM32\VERSION.dll
0x00007ffde8ef0000 - 0x00007ffde8efc000 	c:\Users\SXRBS\.vscode\extensions\redhat.java-1.28.1-win32-x64\jre\17.0.10-win32-x86_64\bin\vcruntime140_1.dll
0x00007ffdccc30000 - 0x00007ffdcccbd000 	c:\Users\SXRBS\.vscode\extensions\redhat.java-1.28.1-win32-x64\jre\17.0.10-win32-x86_64\bin\msvcp140.dll
0x00007ffdb4a40000 - 0x00007ffdb56a2000 	c:\Users\SXRBS\.vscode\extensions\redhat.java-1.28.1-win32-x64\jre\17.0.10-win32-x86_64\bin\server\jvm.dll
0x00007ffdeecb0000 - 0x00007ffdeecd4000 	C:\Windows\SYSTEM32\WINMM.dll
0x00007ffde9160000 - 0x00007ffde9169000 	C:\Windows\SYSTEM32\WSOCK32.dll
0x00007ffdf4e80000 - 0x00007ffdf4eed000 	C:\Windows\System32\WS2_32.dll
0x00007ffdeeb90000 - 0x00007ffdeebbd000 	C:\Windows\SYSTEM32\winmmbase.dll
0x00007ffde3360000 - 0x00007ffde336a000 	c:\Users\SXRBS\.vscode\extensions\redhat.java-1.28.1-win32-x64\jre\17.0.10-win32-x86_64\bin\jimage.dll
0x00007ffdf07a0000 - 0x00007ffdf098d000 	C:\Windows\SYSTEM32\DBGHELP.DLL
0x00007ffdf06f0000 - 0x00007ffdf071a000 	C:\Windows\SYSTEM32\dbgcore.DLL
0x00007ffde08d0000 - 0x00007ffde08de000 	c:\Users\SXRBS\.vscode\extensions\redhat.java-1.28.1-win32-x64\jre\17.0.10-win32-x86_64\bin\instrument.dll
0x00007ffdd5a70000 - 0x00007ffdd5a95000 	c:\Users\SXRBS\.vscode\extensions\redhat.java-1.28.1-win32-x64\jre\17.0.10-win32-x86_64\bin\java.dll
0x00007ffdceb40000 - 0x00007ffdceb58000 	c:\Users\SXRBS\.vscode\extensions\redhat.java-1.28.1-win32-x64\jre\17.0.10-win32-x86_64\bin\zip.dll
0x00007ffdceae0000 - 0x00007ffdceaf9000 	C:\Users\SXRBS\.vscode\extensions\redhat.java-1.28.1-win32-x64\jre\17.0.10-win32-x86_64\bin\net.dll
0x00007ffde5210000 - 0x00007ffde530d000 	C:\Windows\SYSTEM32\WINHTTP.dll
0x00007ffdf0170000 - 0x00007ffdf01d7000 	C:\Windows\system32\mswsock.dll
0x00007ffdce930000 - 0x00007ffdce946000 	C:\Users\SXRBS\.vscode\extensions\redhat.java-1.28.1-win32-x64\jre\17.0.10-win32-x86_64\bin\nio.dll
0x00007ffddae50000 - 0x00007ffddae60000 	c:\Users\SXRBS\.vscode\extensions\redhat.java-1.28.1-win32-x64\jre\17.0.10-win32-x86_64\bin\verify.dll
0x00007ffde1a70000 - 0x00007ffde1aae000 	C:\Users\SXRBS\AppData\Roaming\Code\User\globalStorage\redhat.java\1.28.1\config_win\org.eclipse.equinox.launcher\org.eclipse.equinox.launcher.win32.win32.x86_64_1.2.900.v20240129-1338\eclipse_11900.dll
0x00007ffdf2330000 - 0x00007ffdf2486000 	C:\Windows\System32\ole32.dll
0x00007ffdefd50000 - 0x00007ffdefd83000 	C:\Windows\system32\rsaenh.dll
0x00007ffdf0e00000 - 0x00007ffdf0e29000 	C:\Windows\SYSTEM32\USERENV.dll
0x00007ffdf0340000 - 0x00007ffdf034c000 	C:\Windows\SYSTEM32\CRYPTBASE.dll
0x00007ffdf0410000 - 0x00007ffdf044d000 	C:\Windows\SYSTEM32\IPHLPAPI.DLL
0x00007ffdf4e70000 - 0x00007ffdf4e78000 	C:\Windows\System32\NSI.dll
0x00007ffde9c80000 - 0x00007ffde9c96000 	C:\Windows\SYSTEM32\dhcpcsvc6.DLL
0x00007ffde9bb0000 - 0x00007ffde9bcc000 	C:\Windows\SYSTEM32\dhcpcsvc.DLL
0x00007ffdefee0000 - 0x00007ffdeffa6000 	C:\Windows\SYSTEM32\DNSAPI.dll
0x00007ffde1a20000 - 0x00007ffde1a65000 	C:\Users\SXRBS\AppData\Local\Temp\jna-79354782\jna6892086129387220886.dll
0x00007ffdf2c00000 - 0x00007ffdf2c08000 	C:\Windows\System32\PSAPI.DLL

dbghelp: loaded successfully - version: 4.0.5 - missing functions: none
symbol engine: initialized successfully - sym options: 0x614 - pdb path: .;c:\Users\SXRBS\.vscode\extensions\redhat.java-1.28.1-win32-x64\jre\17.0.10-win32-x86_64\bin;C:\Windows\SYSTEM32;C:\Windows\WinSxS\amd64_microsoft.windows.common-controls_6595b64144ccf1df_6.0.17763.5458_none_de7234b4534a7f0e;C:\Program Files (x86)\360\360Safe\safemon;c:\Users\SXRBS\.vscode\extensions\redhat.java-1.28.1-win32-x64\jre\17.0.10-win32-x86_64\bin\server;C:\Users\SXRBS\AppData\Roaming\Code\User\globalStorage\redhat.java\1.28.1\config_win\org.eclipse.equinox.launcher\org.eclipse.equinox.launcher.win32.win32.x86_64_1.2.900.v20240129-1338;C:\Users\SXRBS\AppData\Local\Temp\jna-79354782

VM Arguments:
jvm_args: --add-modules=ALL-SYSTEM --add-opens=java.base/java.util=ALL-UNNAMED --add-opens=java.base/java.lang=ALL-UNNAMED --add-opens=java.base/sun.nio.fs=ALL-UNNAMED -Declipse.application=org.eclipse.jdt.ls.core.id1 -Dosgi.bundles.defaultStartLevel=4 -Declipse.product=org.eclipse.jdt.ls.core.product -Djava.import.generatesMetadataFilesAtProjectRoot=false -DDetectVMInstallationsJob.disabled=true -Dfile.encoding=utf8 -XX:+UseParallelGC -XX:GCTimeRatio=4 -XX:AdaptiveSizePolicyWeight=90 -Dsun.zip.disableMemoryMapping=true -Xmx1G -Xms100m -Xlog:disable -javaagent:c:\Users\SXRBS\.vscode\extensions\redhat.java-1.28.1-win32-x64\lombok\lombok-1.18.31.jar -XX:+HeapDumpOnOutOfMemoryError -XX:HeapDumpPath=c:\Users\SXRBS\AppData\Roaming\Code\User\workspaceStorage\c8669b37ec549c97780dae6a6d3fc7b2\redhat.java -Daether.dependencyCollector.impl=bf 
java_command: c:\Users\SXRBS\.vscode\extensions\redhat.java-1.28.1-win32-x64\server\plugins\org.eclipse.equinox.launcher_1.6.700.v20231214-2017.jar -configuration c:\Users\SXRBS\AppData\Roaming\Code\User\globalStorage\redhat.java\1.28.1\config_win -data c:\Users\SXRBS\AppData\Roaming\Code\User\workspaceStorage\c8669b37ec549c97780dae6a6d3fc7b2\redhat.java\jdt_ws --stdio
java_class_path (initial): c:\Users\SXRBS\.vscode\extensions\redhat.java-1.28.1-win32-x64\server\plugins\org.eclipse.equinox.launcher_1.6.700.v20231214-2017.jar
Launcher Type: SUN_STANDARD

[Global flags]
    uintx AdaptiveSizePolicyWeight                 = 90                                        {product} {command line}
     intx CICompilerCount                          = 4                                         {product} {ergonomic}
    uintx GCTimeRatio                              = 4                                         {product} {command line}
     bool HeapDumpOnOutOfMemoryError               = true                                   {manageable} {command line}
    ccstr HeapDumpPath                             = c:\Users\SXRBS\AppData\Roaming\Code\User\workspaceStorage\c8669b37ec549c97780dae6a6d3fc7b2\redhat.java         {manageable} {command line}
   size_t InitialHeapSize                          = 104857600                                 {product} {command line}
   size_t MaxHeapSize                              = 1073741824                                {product} {command line}
   size_t MaxNewSize                               = 357564416                                 {product} {ergonomic}
   size_t MinHeapDeltaBytes                        = 524288                                    {product} {ergonomic}
   size_t MinHeapSize                              = 104857600                                 {product} {command line}
   size_t NewSize                                  = 34603008                                  {product} {ergonomic}
    uintx NonNMethodCodeHeapSize                   = 5839372                                {pd product} {ergonomic}
    uintx NonProfiledCodeHeapSize                  = 122909434                              {pd product} {ergonomic}
   size_t OldSize                                  = 70254592                                  {product} {ergonomic}
    uintx ProfiledCodeHeapSize                     = 122909434                              {pd product} {ergonomic}
    uintx ReservedCodeCacheSize                    = 251658240                              {pd product} {ergonomic}
     bool SegmentedCodeCache                       = true                                      {product} {ergonomic}
   size_t SoftMaxHeapSize                          = 1073741824                             {manageable} {ergonomic}
     bool UseCompressedClassPointers               = true                           {product lp64_product} {ergonomic}
     bool UseCompressedOops                        = true                           {product lp64_product} {ergonomic}
     bool UseLargePagesIndividualAllocation        = false                                  {pd product} {ergonomic}
     bool UseParallelGC                            = true                                      {product} {command line}

Logging:
Log output configuration:
 #0: stdout all=off uptime,level,tags
 #1: stderr all=off uptime,level,tags

Environment Variables:
JAVA_HOME=C:\Program Files\Java\jdk-17
PATH=C:\Program Files\Common Files\Oracle\Java\javapath;C:\Windows\system32;C:\Windows;C:\Windows\System32\Wbem;C:\Windows\System32\WindowsPowerShell\v1.0\;C:\Windows\System32\OpenSSH\;C:\Program Files\Java\jdk-17\bin;C:\Program Files\nodejs\;C:\Program Files\Redis;C:\Program Files\Microsoft SQL Server\150\Tools\Binn\;C:\Program Files\Microsoft SQL Server\Client SDK\ODBC\170\Tools\Binn\;C:\Program Files\dotnet\;C:\Program Files (x86)\Microsoft SQL Server\160\DTS\Binn\;C:\Program Files\Azure Data Studio\bin;C:\Program Files (x86)\NetSarang\Xshell 7\;C:\Program Files (x86)\NetSarang\Xftp 7\;C:\Users\SXRBS\AppData\Local\Microsoft\WindowsApps;C:\Users\SXRBS\AppData\Roaming\npm;C:\Users\SXRBS\.dotnet\tools;C:\Program Files\Azure Data Studio\bin;C:\Users\SXRBS\AppData\Local\Programs\Microsoft VS Code\bin
USERNAME=SXRBS
OS=Windows_NT
PROCESSOR_IDENTIFIER=Intel64 Family 6 Model 158 Stepping 9, GenuineIntel
TMP=C:\Users\SXRBS\AppData\Local\Temp
TEMP=C:\Users\SXRBS\AppData\Local\Temp



Periodic native trim disabled


---------------  S Y S T E M  ---------------

OS:
 Windows 10 , 64 bit Build 17763 (10.0.17763.4974)
OS uptime: 0 days 0:14 hours

CPU: total 8 (initial active 8) (4 cores per cpu, 2 threads per core) family 6 model 158 stepping 9 microcode 0x8e, cx8, cmov, fxsr, ht, mmx, 3dnowpref, sse, sse2, sse3, ssse3, sse4.1, sse4.2, popcnt, lzcnt, tsc, tscinvbit, avx, avx2, aes, erms, clmul, bmi1, bmi2, rtm, adx, fma, vzeroupper, clflush, clflushopt
Processor Information for all 8 processors :
  Max Mhz: 3600, Current Mhz: 3600, Mhz Limit: 3600

Memory: 4k page, system-wide physical 32674M (21225M free)
TotalPageFile size 65442M (AvailPageFile size 50672M)
current process WorkingSet (physical memory assigned to process): 458M, peak: 458M
current process commit charge ("private bytes"): 436M, peak: 441M

vm_info: OpenJDK 64-Bit Server VM (17.0.10+7) for windows-amd64 JRE (17.0.10+7), built on Jan 16 2024 23:25:11 by "admin" with MS VC++ 16.10 / 16.11 (VS2019)

END.
