#
# A fatal error has been detected by the Java Runtime Environment:
#
#  EXCEPTION_ACCESS_VIOLATION (0xc0000005) at pc=0x00007ffd2b9cead1, pid=13448, tid=27904
#
# JRE version: Java(TM) SE Runtime Environment (17.0.9+11) (build 17.0.9+11-LTS-201)
# Java VM: Java HotSpot(TM) 64-Bit Server VM (17.0.9+11-LTS-201, mixed mode, sharing, tiered, compressed oops, compressed class ptrs, g1 gc, windows-amd64)
# Problematic frame:
# V  [jvm.dll+0x1aead1]
#
# No core dump will be written. Minidumps are not enabled by default on client versions of Windows
#
# If you would like to submit a bug report, please visit:
#   https://bugreport.java.com/bugreport/crash.jsp
#

---------------  S U M M A R Y ------------

Command Line: --add-opens=java.base/java.util=ALL-UNNAMED --add-opens=java.base/java.lang=ALL-UNNAMED --add-opens=java.base/java.lang.invoke=ALL-UNNAMED --add-opens=java.prefs/java.util.prefs=ALL-UNNAMED --add-opens=java.base/java.nio.charset=ALL-UNNAMED --add-opens=java.base/java.net=ALL-UNNAMED --add-opens=java.base/java.util.concurrent.atomic=ALL-UNNAMED -XX:MaxMetaspaceSize=384m -XX:+HeapDumpOnOutOfMemoryError -Xms256m -Xmx512m -Dfile.encoding=GBK -Duser.country=CN -Duser.language=zh -Duser.variant -javaagent:C:\Users\SXRBS\.gradle\wrapper\dists\gradle-8.5-bin\5t9huq95ubn472n8rpzujfbqh\gradle-8.5\lib\agents\gradle-instrumentation-agent-8.5.jar org.gradle.launcher.daemon.bootstrap.GradleDaemon 8.5

Host: Intel(R) Core(TM) i7-7700 CPU @ 3.60GHz, 8 cores, 31G,  Windows 10 , 64 bit Build 17763 (10.0.17763.4974)
Time: Thu Dec 21 20:25:50 2023 中国标准时间 elapsed time: 23.200107 seconds (0d 0h 0m 23s)

---------------  T H R E A D  ---------------

Current thread (0x00000253ce731570):  GCTaskThread "GC Thread#6" [stack: 0x000000d161800000,0x000000d161900000] [id=27904]

Stack: [0x000000d161800000,0x000000d161900000],  sp=0x000000d1618ff8f8,  free space=1022k
Native frames: (J=compiled Java code, j=interpreted, Vv=VM code, C=native code)
V  [jvm.dll+0x1aead1]


siginfo: EXCEPTION_ACCESS_VIOLATION (0xc0000005), reading address 0x0000000000000118


Register to memory mapping:

RIP=0x00007ffd2b9cead1 jvm.dll
RAX=0x0000000000000018 is an unknown value
RBX=0x0000000000000001 is an unknown value
RCX=0x00000253b200e978 is pointing into metadata
RDX=
[error occurred during error reporting (printing register info), id 0xc0000005, EXCEPTION_ACCESS_VIOLATION (0xc0000005) at pc=0x00007ffd2baf1b46]

Registers:
RAX=0x0000000000000018, RBX=0x0000000000000001, RCX=0x00000253b200e978, RDX=0x00000000e7268e18
RSP=0x000000d1618ff8f8, RBP=0x000000000000112d, RSI=0x00000000e24f23a0, RDI=0x00000000e7268e18
R8 =0x0000000000000011, R9 =0x00000253b200e978, R10=0x00000000e7268e18, R11=0x00007ffd5c3815c3
R12=0x000000d1618ffc00, R13=0x0000025396c976a0, R14=0x00000253cd663720, R15=0x00000253b200e978
RIP=0x00007ffd2b9cead1, EFLAGS=0x0000000000010202

Top of Stack: (sp=0x000000d1618ff8f8)
0x000000d1618ff8f8:   00007ffd2bb2519c 0000000000000001
0x000000d1618ff908:   00000000e6901880 0000000000000002
0x000000d1618ff918:   000000d1618ffa70 0000025396c976a0
0x000000d1618ff928:   00000000e1ba9000 0000000000000011
0x000000d1618ff938:   00000253b1e210e0 00000000e0d7b9d8
0x000000d1618ff948:   00007ffd2bb2b822 0000000000000001
0x000000d1618ff958:   0000000000000000 0000000000000040
0x000000d1618ff968:   0000025396c976a0 000000d1618ffc00
0x000000d1618ff978:   00000253cd663720 00000000e24f23a0
0x000000d1618ff988:   000000000000112d 00000000e24f23a1
0x000000d1618ff998:   00007ffd2bb262e2 0000000000000000
0x000000d1618ff9a8:   0000000000700100 0000000000000000
0x000000d1618ff9b8:   0000000000000011 00000253ae37dd60
0x000000d1618ff9c8:   0000000000000004 0000000000000100
0x000000d1618ff9d8:   000000d1618ffc00 00000000e1bae200
0x000000d1618ff9e8:   00007ffd2bb22fee 00000000e1b9de00 

Instructions: (pc=0x00007ffd2b9cead1)
0x00007ffd2b9ce9d1:   74 32 0f 10 83 f8 02 00 00 48 8b 07 48 8d 54 24
0x00007ffd2b9ce9e1:   20 48 8b cf 0f 29 44 24 20 ff 50 40 33 c0 48 89
0x00007ffd2b9ce9f1:   44 24 20 48 89 44 24 28 0f 28 44 24 20 0f 11 83
0x00007ffd2b9cea01:   f8 02 00 00 48 8b 5c 24 40 48 83 c4 30 5f c3 48
0x00007ffd2b9cea11:   8b 49 40 48 8b 01 48 ff 60 28 cc cc cc cc cc 80
0x00007ffd2b9cea21:   3d 11 b4 95 00 00 48 8b c1 74 1b 8b 51 08 8b 0d
0x00007ffd2b9cea31:   93 38 8f 00 48 d3 e2 48 8b c8 48 03 15 7e 38 8f
0x00007ffd2b9cea41:   00 e9 19 00 00 00 48 8b 51 08 48 8b c8 e9 0d 00
0x00007ffd2b9cea51:   00 00 cc cc cc cc cc cc cc cc cc cc cc cc cc 4c
0x00007ffd2b9cea61:   8b ca 48 8b d1 45 8b 41 08 45 85 c0 7e 0e 41 f6
0x00007ffd2b9cea71:   c0 01 75 56 41 c1 f8 03 41 8b c0 c3 79 4c 80 3d
0x00007ffd2b9cea81:   b2 b3 95 00 00 b8 0c 00 00 00 b9 10 00 00 00 0f
0x00007ffd2b9cea91:   45 c8 8b 05 4b 47 8f 00 ff c8 4c 63 c8 48 63 14
0x00007ffd2b9ceaa1:   11 41 8b c8 83 e1 3f 48 d3 e2 41 8b c8 48 c1 f9
0x00007ffd2b9ceab1:   10 0f b6 c1 49 8d 0c 11 49 f7 d1 48 03 c1 49 c1
0x00007ffd2b9ceac1:   e9 03 48 c1 e8 03 41 23 c1 c3 49 8b 01 49 8b c9
0x00007ffd2b9cead1:   48 ff a0 00 01 00 00 cc cc cc cc cc cc cc cc 48
0x00007ffd2b9ceae1:   83 ec 38 0f 10 02 48 8b 49 40 48 8d 54 24 20 0f
0x00007ffd2b9ceaf1:   29 44 24 20 e8 66 f2 ff ff 48 83 c4 38 c3 cc 48
0x00007ffd2b9ceb01:   83 ec 38 0f 10 02 48 8b 01 48 8d 54 24 20 0f 29
0x00007ffd2b9ceb11:   44 24 20 ff 50 38 48 83 c4 38 c3 cc cc cc cc 48
0x00007ffd2b9ceb21:   89 5c 24 08 55 56 57 41 54 41 55 41 56 41 57 48
0x00007ffd2b9ceb31:   8d 6c 24 e0 48 81 ec 20 01 00 00 48 8b 05 2d 36
0x00007ffd2b9ceb41:   92 00 48 33 c4 48 89 45 10 48 8b 05 7f aa 94 00
0x00007ffd2b9ceb51:   45 33 ed 4c 8b b5 80 00 00 00 4c 8b fa 48 8b bd
0x00007ffd2b9ceb61:   88 00 00 00 4d 8b c6 49 8b d6 49 8b f1 48 8b 48
0x00007ffd2b9ceb71:   40 48 8b 59 40 49 8b cf c7 45 c0 ff ff ff ff 44
0x00007ffd2b9ceb81:   89 6d d4 4c 89 6d d8 44 88 6d e0 c7 45 e8 ff ff
0x00007ffd2b9ceb91:   ff ff 44 89 6d fc 4c 89 6d 00 44 88 6d 08 e8 3c
0x00007ffd2b9ceba1:   ef f3 ff 41 b1 01 4c 8d 45 e8 41 8d 55 04 49 8b
0x00007ffd2b9cebb1:   cf e8 39 05 f2 ff 48 8b 05 d2 9c 7a 00 4c 8d 25
0x00007ffd2b9cebc1:   1b 94 69 00 48 89 44 24 30 4c 8d 44 24 70 0f b6 


Stack slot to memory mapping:
stack at sp + 0 slots: 0x00007ffd2bb2519c jvm.dll
stack at sp + 1 slots: 0x0000000000000001 is an unknown value
stack at sp + 2 slots: 0x00000000e6901880 is an oop: java.util.concurrent.ConcurrentHashMap$Node 
{0x00000000e6901880} - klass: 'java/util/concurrent/ConcurrentHashMap$Node'
 - ---- fields (total size 4 words):
 - final 'hash' 'I' @12  393370701 (17725c4d)
 - final 'key' 'Ljava/lang/Object;' @16  
[error occurred during error reporting (inspecting top of stack), id 0xc0000005, EXCEPTION_ACCESS_VIOLATION (0xc0000005) at pc=0x00007ffd2be85279]


---------------  P R O C E S S  ---------------

Threads class SMR info:
_java_thread_list=0x00000253ce2d91d0, length=136, elements={
0x0000025396c72c40, 0x00000253b1fcd870, 0x00000253b1fce600, 0x00000253b1fe5e50,
0x00000253b1fe7930, 0x00000253b1fe8400, 0x00000253b1feace0, 0x00000253b1feb990,
0x00000253b1fec350, 0x00000253b1ff0080, 0x00000253cb08d3f0, 0x00000253cb1c5c80,
0x00000253ccd77b30, 0x00000253cce16740, 0x00000253ccee4230, 0x00000253ccf5c300,
0x00000253ccf5c7e0, 0x00000253cc39bc20, 0x00000253cc298540, 0x00000253cbca74d0,
0x00000253cbca9d50, 0x00000253cbca6fc0, 0x00000253cbca9840, 0x00000253cbca8910,
0x00000253cbcaa770, 0x00000253cbca7ef0, 0x00000253cbca8400, 0x00000253cbca8e20,
0x00000253cbca9330, 0x00000253cd573540, 0x00000253cd573f60, 0x00000253cd579a80,
0x00000253cd574980, 0x00000253cd579f90, 0x00000253cd5767e0, 0x00000253cd578130,
0x00000253cd576cf0, 0x00000253cd57a4a0, 0x00000253cd5753a0, 0x00000253cd574e90,
0x00000253cd578b50, 0x00000253cd5762d0, 0x00000253cd5758b0, 0x00000253cd579060,
0x00000253cd577200, 0x00000253cd579570, 0x00000253cd57a9b0, 0x00000253cd573a50,
0x00000253cd574470, 0x00000253cd577710, 0x00000253cbca79e0, 0x00000253cb953550,
0x00000253cb959070, 0x00000253cb954480, 0x00000253cb959fa0, 0x00000253cb954990,
0x00000253cb9562e0, 0x00000253cb953a60, 0x00000253cb954ea0, 0x00000253cb9553b0,
0x00000253cb9558c0, 0x00000253cbc0eab0, 0x00000253cfb1ffc0, 0x00000253cb959580,
0x00000253cb955dd0, 0x00000253cb958650, 0x00000253cb959a90, 0x00000253cb9567f0,
0x00000253cb957210, 0x00000253cb953f70, 0x00000253cb957720, 0x00000253cb957c30,
0x00000253cb952b30, 0x00000253cb958140, 0x00000253cb958b60, 0x00000253cb953040,
0x00000253d0550ec0, 0x00000253d05513d0, 0x00000253d05504a0, 0x00000253d05518e0,
0x00000253d054f570, 0x00000253d0551df0, 0x00000253d0552810, 0x00000253d054f060,
0x00000253d05509b0, 0x00000253d054fa80, 0x00000253d054ff90, 0x00000253d0552300,
0x00000253cbc8e3f0, 0x00000253cbc87eb0, 0x00000253cbc88de0, 0x00000253cbc8a220,
0x00000253cbc888d0, 0x00000253cbc892f0, 0x00000253cbc883c0, 0x00000253cbc8a730,
0x00000253cbc8caa0, 0x00000253cbc8cfb0, 0x00000253cbc89800, 0x00000253cbc8ac40,
0x00000253cbc86f80, 0x00000253cbc8d4c0, 0x00000253cbc8e900, 0x00000253cbc87490,
0x00000253cbc8b660, 0x00000253cbc89d10, 0x00000253cbc8b150, 0x00000253cbc8bb70,
0x00000253cbc8c080, 0x00000253cbc8c590, 0x00000253cbc8d9d0, 0x00000253cbc879a0,
0x00000253ce4461b0, 0x00000253ce444860, 0x00000253ce43fc70, 0x00000253ce4466c0,
0x00000253ce441fe0, 0x00000253ce446bd0, 0x00000253ce443930, 0x00000253ce441ad0,
0x00000253ce443420, 0x00000253ce43f760, 0x00000253ce444350, 0x00000253ce445ca0,
0x00000253ce443e40, 0x00000253ce445280, 0x00000253ce4470e0, 0x00000253ce4410b0,
0x00000253ce444d70, 0x00000253ce440690, 0x00000253ce445790, 0x00000253ce4424f0,
0x00000253ce440ba0, 0x00000253ce440180, 0x00000253ce442a00, 0x00000253ce4415c0
}

Java Threads: ( => current thread )
  0x0000025396c72c40 JavaThread "main" [_thread_blocked, id=15260, stack(0x000000d15f000000,0x000000d15f100000)]
  0x00000253b1fcd870 JavaThread "Reference Handler" daemon [_thread_blocked, id=3052, stack(0x000000d15f700000,0x000000d15f800000)]
  0x00000253b1fce600 JavaThread "Finalizer" daemon [_thread_blocked, id=5736, stack(0x000000d15f800000,0x000000d15f900000)]
  0x00000253b1fe5e50 JavaThread "Signal Dispatcher" daemon [_thread_blocked, id=32032, stack(0x000000d15f900000,0x000000d15fa00000)]
  0x00000253b1fe7930 JavaThread "Attach Listener" daemon [_thread_blocked, id=20832, stack(0x000000d15fa00000,0x000000d15fb00000)]
  0x00000253b1fe8400 JavaThread "Service Thread" daemon [_thread_blocked, id=9920, stack(0x000000d15fb00000,0x000000d15fc00000)]
  0x00000253b1feace0 JavaThread "Monitor Deflation Thread" daemon [_thread_blocked, id=22404, stack(0x000000d15fc00000,0x000000d15fd00000)]
  0x00000253b1feb990 JavaThread "C2 CompilerThread0" daemon [_thread_blocked, id=27504, stack(0x000000d15fd00000,0x000000d15fe00000)]
  0x00000253b1fec350 JavaThread "C1 CompilerThread0" daemon [_thread_blocked, id=20660, stack(0x000000d15fe00000,0x000000d15ff00000)]
  0x00000253b1ff0080 JavaThread "Sweeper thread" daemon [_thread_blocked, id=14304, stack(0x000000d15ff00000,0x000000d160000000)]
  0x00000253cb08d3f0 JavaThread "Common-Cleaner" daemon [_thread_blocked, id=6732, stack(0x000000d160000000,0x000000d160100000)]
  0x00000253cb1c5c80 JavaThread "Notification Thread" daemon [_thread_blocked, id=31716, stack(0x000000d160100000,0x000000d160200000)]
  0x00000253ccd77b30 JavaThread "Daemon health stats" [_thread_blocked, id=24044, stack(0x000000d160900000,0x000000d160a00000)]
  0x00000253cce16740 JavaThread "Incoming local TCP Connector on port 52322" [_thread_in_native, id=26608, stack(0x000000d160300000,0x000000d160400000)]
  0x00000253ccee4230 JavaThread "Daemon periodic checks" [_thread_blocked, id=22336, stack(0x000000d160a00000,0x000000d160b00000)]
  0x00000253ccf5c300 JavaThread "Daemon" [_thread_blocked, id=26512, stack(0x000000d160c00000,0x000000d160d00000)]
  0x00000253ccf5c7e0 JavaThread "Handler for socket connection from /127.0.0.1:52322 to /127.0.0.1:52323" [_thread_in_native, id=32508, stack(0x000000d160d00000,0x000000d160e00000)]
  0x00000253cc39bc20 JavaThread "Cancel handler" [_thread_blocked, id=23712, stack(0x000000d160e00000,0x000000d160f00000)]
  0x00000253cc298540 JavaThread "Daemon worker" [_thread_blocked, id=8748, stack(0x000000d160f00000,0x000000d161000000)]
  0x00000253cbca74d0 JavaThread "Asynchronous log dispatcher for DefaultDaemonConnection: socket connection from /127.0.0.1:52322 to /127.0.0.1:52323" [_thread_blocked, id=10864, stack(0x000000d161000000,0x000000d161100000)]
  0x00000253cbca9d50 JavaThread "Stdin handler" [_thread_blocked, id=32924, stack(0x000000d161100000,0x000000d161200000)]
  0x00000253cbca6fc0 JavaThread "Daemon client event forwarder" [_thread_blocked, id=31628, stack(0x000000d161200000,0x000000d161300000)]
  0x00000253cbca9840 JavaThread "Cache worker for journal cache (C:\Users\SXRBS\.gradle\caches\journal-1)" [_thread_blocked, id=17392, stack(0x000000d161300000,0x000000d161400000)]
  0x00000253cbca8910 JavaThread "File lock request listener" [_thread_in_native, id=21284, stack(0x000000d161400000,0x000000d161500000)]
  0x00000253cbcaa770 JavaThread "Cache worker for file hash cache (C:\Users\SXRBS\.gradle\caches\8.5\fileHashes)" [_thread_blocked, id=26932, stack(0x000000d161500000,0x000000d161600000)]
  0x00000253cbca7ef0 JavaThread "File lock release action executor" [_thread_blocked, id=576, stack(0x000000d161700000,0x000000d161800000)]
  0x00000253cbca8400 JavaThread "File watcher server" daemon [_thread_blocked, id=32988, stack(0x000000d160b00000,0x000000d160c00000)]
  0x00000253cbca8e20 JavaThread "File watcher consumer" daemon [_thread_blocked, id=4076, stack(0x000000d161600000,0x000000d161700000)]
  0x00000253cbca9330 JavaThread "Cache worker for checksums cache (J:\mywork\springjwtstudy\sqdsback\.gradle\8.5\checksums)" [_thread_blocked, id=29568, stack(0x000000d161b00000,0x000000d161c00000)]
  0x00000253cd573540 JavaThread "Cache worker for file hash cache (J:\mywork\springjwtstudy\sqdsback\.gradle\8.5\fileHashes)" [_thread_blocked, id=32388, stack(0x000000d161c00000,0x000000d161d00000)]
  0x00000253cd573f60 JavaThread "Cache worker for cache directory md-supplier (C:\Users\SXRBS\.gradle\caches\8.5\md-supplier)" [_thread_blocked, id=27776, stack(0x000000d161d00000,0x000000d161e00000)]
  0x00000253cd579a80 JavaThread "Cache worker for cache directory md-rule (C:\Users\SXRBS\.gradle\caches\8.5\md-rule)" [_thread_blocked, id=4108, stack(0x000000d161e00000,0x000000d161f00000)]
  0x00000253cd574980 JavaThread "Cache worker for file content cache (C:\Users\SXRBS\.gradle\caches\8.5\fileContent)" [_thread_blocked, id=33084, stack(0x000000d161f00000,0x000000d162000000)]
  0x00000253cd579f90 JavaThread "Cache worker for execution history cache (C:\Users\SXRBS\.gradle\caches\8.5\executionHistory)" [_thread_blocked, id=12660, stack(0x000000d162000000,0x000000d162100000)]
  0x00000253cd5767e0 JavaThread "jar transforms" [_thread_blocked, id=3392, stack(0x000000d162200000,0x000000d162300000)]
  0x00000253cd578130 JavaThread "jar transforms Thread 2" [_thread_blocked, id=14736, stack(0x000000d162300000,0x000000d162400000)]
  0x00000253cd576cf0 JavaThread "jar transforms Thread 3" [_thread_blocked, id=31456, stack(0x000000d162500000,0x000000d162600000)]
  0x00000253cd57a4a0 JavaThread "jar transforms Thread 4" [_thread_blocked, id=16768, stack(0x000000d162600000,0x000000d162700000)]
  0x00000253cd5753a0 JavaThread "jar transforms Thread 5" [_thread_blocked, id=24816, stack(0x000000d162700000,0x000000d162800000)]
  0x00000253cd574e90 JavaThread "jar transforms Thread 6" [_thread_blocked, id=4440, stack(0x000000d162800000,0x000000d162900000)]
  0x00000253cd578b50 JavaThread "jar transforms Thread 7" [_thread_blocked, id=10260, stack(0x000000d162900000,0x000000d162a00000)]
  0x00000253cd5762d0 JavaThread "jar transforms Thread 8" [_thread_blocked, id=11792, stack(0x000000d162100000,0x000000d162200000)]
  0x00000253cd5758b0 JavaThread "Cache worker for dependencies-accessors (J:\mywork\springjwtstudy\sqdsback\.gradle\8.5\dependencies-accessors)" [_thread_blocked, id=17848, stack(0x000000d162400000,0x000000d162500000)]
  0x00000253cd579060 JavaThread "Cache worker for Build Output Cleanup Cache (J:\mywork\springjwtstudy\sqdsback\.gradle\buildOutputCleanup)" [_thread_blocked, id=32120, stack(0x000000d162b00000,0x000000d162c00000)]
  0x00000253cd577200 JavaThread "Unconstrained build operations" [_thread_blocked, id=2732, stack(0x000000d162a00000,0x000000d162b00000)]
  0x00000253cd579570 JavaThread "Unconstrained build operations Thread 2" [_thread_blocked, id=32472, stack(0x000000d162c00000,0x000000d162d00000)]
  0x00000253cd57a9b0 JavaThread "Unconstrained build operations Thread 3" [_thread_blocked, id=32284, stack(0x000000d162d00000,0x000000d162e00000)]
  0x00000253cd573a50 JavaThread "Unconstrained build operations Thread 4" [_thread_blocked, id=13668, stack(0x000000d162e00000,0x000000d162f00000)]
  0x00000253cd574470 JavaThread "Unconstrained build operations Thread 5" [_thread_blocked, id=11772, stack(0x000000d162f00000,0x000000d163000000)]
  0x00000253cd577710 JavaThread "Unconstrained build operations Thread 6" [_thread_blocked, id=11288, stack(0x000000d163000000,0x000000d163100000)]
  0x00000253cbca79e0 JavaThread "Unconstrained build operations Thread 7" [_thread_blocked, id=27224, stack(0x000000d163100000,0x000000d163200000)]
  0x00000253cb953550 JavaThread "Memory manager" [_thread_blocked, id=2580, stack(0x000000d163200000,0x000000d163300000)]
  0x00000253cb959070 JavaThread "included builds" [_thread_blocked, id=17308, stack(0x000000d163500000,0x000000d163600000)]
  0x00000253cb954480 JavaThread "Execution worker" [_thread_blocked, id=26636, stack(0x000000d163600000,0x000000d163700000)]
  0x00000253cb959fa0 JavaThread "Execution worker Thread 2" [_thread_blocked, id=32232, stack(0x000000d163700000,0x000000d163800000)]
  0x00000253cb954990 JavaThread "Execution worker Thread 3" [_thread_blocked, id=16264, stack(0x000000d163800000,0x000000d163900000)]
  0x00000253cb9562e0 JavaThread "Execution worker Thread 4" [_thread_blocked, id=29624, stack(0x000000d163900000,0x000000d163a00000)]
  0x00000253cb953a60 JavaThread "Execution worker Thread 5" [_thread_blocked, id=26628, stack(0x000000d163a00000,0x000000d163b00000)]
  0x00000253cb954ea0 JavaThread "Execution worker Thread 6" [_thread_blocked, id=31136, stack(0x000000d163b00000,0x000000d163c00000)]
  0x00000253cb9553b0 JavaThread "Execution worker Thread 7" [_thread_blocked, id=10968, stack(0x000000d163c00000,0x000000d163d00000)]
  0x00000253cb9558c0 JavaThread "Cache worker for execution history cache (J:\mywork\springjwtstudy\sqdsback\.gradle\8.5\executionHistory)" [_thread_blocked, id=21260, stack(0x000000d163d00000,0x000000d163e00000)]
  0x00000253cbc0eab0 JavaThread "C2 CompilerThread1" daemon [_thread_blocked, id=11920, stack(0x000000d163300000,0x000000d163400000)]
  0x00000253cfb1ffc0 JavaThread "C2 CompilerThread2" daemon [_thread_blocked, id=33536, stack(0x000000d163400000,0x000000d163500000)]
  0x00000253cb959580 JavaThread "Unconstrained build operations Thread 8" [_thread_blocked, id=32716, stack(0x000000d163e00000,0x000000d163f00000)]
  0x00000253cb955dd0 JavaThread "Unconstrained build operations Thread 9" [_thread_blocked, id=32400, stack(0x000000d163f00000,0x000000d164000000)]
  0x00000253cb958650 JavaThread "Unconstrained build operations Thread 10" [_thread_blocked, id=28260, stack(0x000000d164000000,0x000000d164100000)]
  0x00000253cb959a90 JavaThread "Unconstrained build operations Thread 11" [_thread_blocked, id=26236, stack(0x000000d164100000,0x000000d164200000)]
  0x00000253cb9567f0 JavaThread "Unconstrained build operations Thread 12" [_thread_blocked, id=32040, stack(0x000000d164200000,0x000000d164300000)]
  0x00000253cb957210 JavaThread "Unconstrained build operations Thread 13" [_thread_blocked, id=5852, stack(0x000000d164300000,0x000000d164400000)]
  0x00000253cb953f70 JavaThread "Unconstrained build operations Thread 14" [_thread_blocked, id=28780, stack(0x000000d164400000,0x000000d164500000)]
  0x00000253cb957720 JavaThread "Unconstrained build operations Thread 15" [_thread_blocked, id=31928, stack(0x000000d164500000,0x000000d164600000)]
  0x00000253cb957c30 JavaThread "Unconstrained build operations Thread 16" [_thread_blocked, id=5544, stack(0x000000d164600000,0x000000d164700000)]
  0x00000253cb952b30 JavaThread "Unconstrained build operations Thread 17" [_thread_blocked, id=3452, stack(0x000000d164700000,0x000000d164800000)]
  0x00000253cb958140 JavaThread "Unconstrained build operations Thread 18" [_thread_blocked, id=30076, stack(0x000000d164800000,0x000000d164900000)]
  0x00000253cb958b60 JavaThread "Unconstrained build operations Thread 19" [_thread_blocked, id=4876, stack(0x000000d164900000,0x000000d164a00000)]
  0x00000253cb953040 JavaThread "Unconstrained build operations Thread 20" [_thread_blocked, id=19308, stack(0x000000d164a00000,0x000000d164b00000)]
  0x00000253d0550ec0 JavaThread "Unconstrained build operations Thread 21" [_thread_blocked, id=11464, stack(0x000000d164b00000,0x000000d164c00000)]
  0x00000253d05513d0 JavaThread "Unconstrained build operations Thread 22" [_thread_blocked, id=21520, stack(0x000000d164c00000,0x000000d164d00000)]
  0x00000253d05504a0 JavaThread "Unconstrained build operations Thread 23" [_thread_blocked, id=32780, stack(0x000000d164d00000,0x000000d164e00000)]
  0x00000253d05518e0 JavaThread "Unconstrained build operations Thread 24" [_thread_blocked, id=27136, stack(0x000000d165100000,0x000000d165200000)]
  0x00000253d054f570 JavaThread "Unconstrained build operations Thread 25" [_thread_blocked, id=10456, stack(0x000000d165200000,0x000000d165300000)]
  0x00000253d0551df0 JavaThread "Unconstrained build operations Thread 26" [_thread_blocked, id=33516, stack(0x000000d165300000,0x000000d165400000)]
  0x00000253d0552810 JavaThread "Unconstrained build operations Thread 27" [_thread_blocked, id=30796, stack(0x000000d165400000,0x000000d165500000)]
  0x00000253d054f060 JavaThread "Unconstrained build operations Thread 28" [_thread_blocked, id=19172, stack(0x000000d165500000,0x000000d165600000)]
  0x00000253d05509b0 JavaThread "Unconstrained build operations Thread 29" [_thread_blocked, id=15280, stack(0x000000d165600000,0x000000d165700000)]
  0x00000253d054fa80 JavaThread "Unconstrained build operations Thread 30" [_thread_blocked, id=21764, stack(0x000000d165700000,0x000000d165800000)]
  0x00000253d054ff90 JavaThread "Unconstrained build operations Thread 31" [_thread_blocked, id=12704, stack(0x000000d165800000,0x000000d165900000)]
  0x00000253d0552300 JavaThread "Unconstrained build operations Thread 32" [_thread_blocked, id=5764, stack(0x000000d165900000,0x000000d165a00000)]
  0x00000253cbc8e3f0 JavaThread "Unconstrained build operations Thread 33" [_thread_blocked, id=1532, stack(0x000000d165a00000,0x000000d165b00000)]
  0x00000253cbc87eb0 JavaThread "Unconstrained build operations Thread 34" [_thread_blocked, id=33208, stack(0x000000d165b00000,0x000000d165c00000)]
  0x00000253cbc88de0 JavaThread "Unconstrained build operations Thread 35" [_thread_blocked, id=21620, stack(0x000000d165c00000,0x000000d165d00000)]
  0x00000253cbc8a220 JavaThread "Unconstrained build operations Thread 36" [_thread_blocked, id=232, stack(0x000000d165d00000,0x000000d165e00000)]
  0x00000253cbc888d0 JavaThread "Unconstrained build operations Thread 37" [_thread_blocked, id=15104, stack(0x000000d165e00000,0x000000d165f00000)]
  0x00000253cbc892f0 JavaThread "Unconstrained build operations Thread 38" [_thread_blocked, id=33308, stack(0x000000d165f00000,0x000000d166000000)]
  0x00000253cbc883c0 JavaThread "Unconstrained build operations Thread 39" [_thread_blocked, id=29396, stack(0x000000d166000000,0x000000d166100000)]
  0x00000253cbc8a730 JavaThread "Unconstrained build operations Thread 40" [_thread_blocked, id=3808, stack(0x000000d166100000,0x000000d166200000)]
  0x00000253cbc8caa0 JavaThread "Unconstrained build operations Thread 41" [_thread_blocked, id=27076, stack(0x000000d166200000,0x000000d166300000)]
  0x00000253cbc8cfb0 JavaThread "Unconstrained build operations Thread 42" [_thread_blocked, id=11768, stack(0x000000d166300000,0x000000d166400000)]
  0x00000253cbc89800 JavaThread "Unconstrained build operations Thread 43" [_thread_blocked, id=33296, stack(0x000000d166400000,0x000000d166500000)]
  0x00000253cbc8ac40 JavaThread "Unconstrained build operations Thread 44" [_thread_blocked, id=13732, stack(0x000000d166500000,0x000000d166600000)]
  0x00000253cbc86f80 JavaThread "Unconstrained build operations Thread 45" [_thread_blocked, id=11248, stack(0x000000d166600000,0x000000d166700000)]
  0x00000253cbc8d4c0 JavaThread "Unconstrained build operations Thread 46" [_thread_blocked, id=26896, stack(0x000000d166700000,0x000000d166800000)]
  0x00000253cbc8e900 JavaThread "Unconstrained build operations Thread 47" [_thread_blocked, id=29332, stack(0x000000d166800000,0x000000d166900000)]
  0x00000253cbc87490 JavaThread "Unconstrained build operations Thread 48" [_thread_blocked, id=29180, stack(0x000000d166900000,0x000000d166a00000)]
  0x00000253cbc8b660 JavaThread "Unconstrained build operations Thread 49" [_thread_blocked, id=23336, stack(0x000000d166a00000,0x000000d166b00000)]
  0x00000253cbc89d10 JavaThread "Unconstrained build operations Thread 50" [_thread_blocked, id=27984, stack(0x000000d166b00000,0x000000d166c00000)]
  0x00000253cbc8b150 JavaThread "Unconstrained build operations Thread 51" [_thread_blocked, id=1660, stack(0x000000d166c00000,0x000000d166d00000)]
  0x00000253cbc8bb70 JavaThread "Unconstrained build operations Thread 52" [_thread_blocked, id=22160, stack(0x000000d166d00000,0x000000d166e00000)]
  0x00000253cbc8c080 JavaThread "Unconstrained build operations Thread 53" [_thread_blocked, id=21712, stack(0x000000d166e00000,0x000000d166f00000)]
  0x00000253cbc8c590 JavaThread "Unconstrained build operations Thread 54" [_thread_blocked, id=33016, stack(0x000000d166f00000,0x000000d167000000)]
  0x00000253cbc8d9d0 JavaThread "Unconstrained build operations Thread 55" [_thread_blocked, id=31372, stack(0x000000d167000000,0x000000d167100000)]
  0x00000253cbc879a0 JavaThread "Unconstrained build operations Thread 56" [_thread_blocked, id=33080, stack(0x000000d167100000,0x000000d167200000)]
  0x00000253ce4461b0 JavaThread "Unconstrained build operations Thread 57" [_thread_blocked, id=33556, stack(0x000000d167200000,0x000000d167300000)]
  0x00000253ce444860 JavaThread "Unconstrained build operations Thread 58" [_thread_blocked, id=26456, stack(0x000000d167300000,0x000000d167400000)]
  0x00000253ce43fc70 JavaThread "Unconstrained build operations Thread 59" [_thread_blocked, id=12740, stack(0x000000d167400000,0x000000d167500000)]
  0x00000253ce4466c0 JavaThread "Unconstrained build operations Thread 60" [_thread_blocked, id=33140, stack(0x000000d167500000,0x000000d167600000)]
  0x00000253ce441fe0 JavaThread "Unconstrained build operations Thread 61" [_thread_blocked, id=33476, stack(0x000000d167600000,0x000000d167700000)]
  0x00000253ce446bd0 JavaThread "Unconstrained build operations Thread 62" [_thread_blocked, id=18380, stack(0x000000d167700000,0x000000d167800000)]
  0x00000253ce443930 JavaThread "Unconstrained build operations Thread 63" [_thread_blocked, id=4448, stack(0x000000d167800000,0x000000d167900000)]
  0x00000253ce441ad0 JavaThread "Unconstrained build operations Thread 64" [_thread_blocked, id=23632, stack(0x000000d167900000,0x000000d167a00000)]
  0x00000253ce443420 JavaThread "Unconstrained build operations Thread 65" [_thread_blocked, id=32880, stack(0x000000d167a00000,0x000000d167b00000)]
  0x00000253ce43f760 JavaThread "Unconstrained build operations Thread 66" [_thread_blocked, id=10832, stack(0x000000d167b00000,0x000000d167c00000)]
  0x00000253ce444350 JavaThread "Unconstrained build operations Thread 67" [_thread_blocked, id=17544, stack(0x000000d167c00000,0x000000d167d00000)]
  0x00000253ce445ca0 JavaThread "Unconstrained build operations Thread 68" [_thread_blocked, id=24908, stack(0x000000d167d00000,0x000000d167e00000)]
  0x00000253ce443e40 JavaThread "Unconstrained build operations Thread 69" [_thread_blocked, id=18900, stack(0x000000d167e00000,0x000000d167f00000)]
  0x00000253ce445280 JavaThread "Unconstrained build operations Thread 70" [_thread_blocked, id=26692, stack(0x000000d167f00000,0x000000d168000000)]
  0x00000253ce4470e0 JavaThread "Unconstrained build operations Thread 71" [_thread_blocked, id=17648, stack(0x000000d168000000,0x000000d168100000)]
  0x00000253ce4410b0 JavaThread "Unconstrained build operations Thread 72" [_thread_blocked, id=13284, stack(0x000000d168100000,0x000000d168200000)]
  0x00000253ce444d70 JavaThread "Unconstrained build operations Thread 73" [_thread_blocked, id=31612, stack(0x000000d168200000,0x000000d168300000)]
  0x00000253ce440690 JavaThread "Unconstrained build operations Thread 74" [_thread_blocked, id=33612, stack(0x000000d168300000,0x000000d168400000)]
  0x00000253ce445790 JavaThread "Unconstrained build operations Thread 75" [_thread_blocked, id=7408, stack(0x000000d168400000,0x000000d168500000)]
  0x00000253ce4424f0 JavaThread "Unconstrained build operations Thread 76" [_thread_blocked, id=29328, stack(0x000000d168500000,0x000000d168600000)]
  0x00000253ce440ba0 JavaThread "Unconstrained build operations Thread 77" [_thread_blocked, id=32128, stack(0x000000d168600000,0x000000d168700000)]
  0x00000253ce440180 JavaThread "Unconstrained build operations Thread 78" [_thread_blocked, id=16632, stack(0x000000d168700000,0x000000d168800000)]
  0x00000253ce442a00 JavaThread "Unconstrained build operations Thread 79" [_thread_blocked, id=9544, stack(0x000000d168800000,0x000000d168900000)]
  0x00000253ce4415c0 JavaThread "Unconstrained build operations Thread 80" [_thread_blocked, id=25312, stack(0x000000d168900000,0x000000d168a00000)]

Other Threads:
  0x00000253b1fc8970 VMThread "VM Thread" [stack: 0x000000d15f600000,0x000000d15f700000] [id=19944]
  0x00000253cb1a2200 WatcherThread [stack: 0x000000d160200000,0x000000d160300000] [id=20264]
  0x0000025396ca1e60 GCTaskThread "GC Thread#0" [stack: 0x000000d15f100000,0x000000d15f200000] [id=10000]
  0x00000253cbd02180 GCTaskThread "GC Thread#1" [stack: 0x000000d160400000,0x000000d160500000] [id=25252]
  0x00000253cbd01340 GCTaskThread "GC Thread#2" [stack: 0x000000d160500000,0x000000d160600000] [id=16836]
  0x00000253cbd01600 GCTaskThread "GC Thread#3" [stack: 0x000000d160600000,0x000000d160700000] [id=9772]
  0x00000253cbe26660 GCTaskThread "GC Thread#4" [stack: 0x000000d160700000,0x000000d160800000] [id=14652]
  0x00000253cbe26920 GCTaskThread "GC Thread#5" [stack: 0x000000d160800000,0x000000d160900000] [id=18052]
=>0x00000253ce731570 GCTaskThread "GC Thread#6" [stack: 0x000000d161800000,0x000000d161900000] [id=27904]
  0x00000253ce65b7d0 GCTaskThread "GC Thread#7" [stack: 0x000000d161900000,0x000000d161a00000] [id=22492]
  0x0000025396c8e7a0 ConcurrentGCThread "G1 Main Marker" [stack: 0x000000d15f200000,0x000000d15f300000] [id=31060]
  0x0000025396ca8320 ConcurrentGCThread "G1 Conc#0" [stack: 0x000000d15f300000,0x000000d15f400000] [id=16052]
  0x00000253ce7bb850 ConcurrentGCThread "G1 Conc#1" [stack: 0x000000d161a00000,0x000000d161b00000] [id=31632]
  0x0000025396cfdb40 ConcurrentGCThread "G1 Refine#0" [stack: 0x000000d15f400000,0x000000d15f500000] [id=1892]
  0x00000253cd889890 ConcurrentGCThread "G1 Refine#1" [stack: 0x000000d164e00000,0x000000d164f00000] [id=28896]
  0x00000253cd888fc0 ConcurrentGCThread "G1 Refine#2" [stack: 0x000000d164f00000,0x000000d165000000] [id=2024]
  0x00000253cd8892b0 ConcurrentGCThread "G1 Refine#3" [stack: 0x000000d165000000,0x000000d165100000] [id=18820]
  0x0000025396cfe480 ConcurrentGCThread "G1 Service" [stack: 0x000000d15f500000,0x000000d15f600000] [id=33332]

Threads with active compile tasks:
C2 CompilerThread0    23236 9898       4       java.lang.Class::getPackageName (81 bytes)
C2 CompilerThread1    23236 9895       4       groovy.lang.MetaClassImpl::filterPropertyMethod (305 bytes)
C2 CompilerThread2    23236 9406   !   4       io.spring.gradle.dependencymanagement.org.codehaus.plexus.interpolation.StringSearchInterpolator::interpolate (668 bytes)

VM state: at safepoint (normal execution)

VM Mutex/Monitor currently owned by a thread:  ([mutex/lock_event])
[0x0000025396c6f7f0] Threads_lock - owner thread: 0x00000253b1fc8970
[0x0000025396c6f2e0] Heap_lock - owner thread: 0x00000253cc298540

Heap address: 0x00000000e0000000, size: 512 MB, Compressed Oops mode: 32-bit

CDS archive(s) mapped at: [0x00000253b2000000-0x00000253b2bd0000-0x00000253b2bd0000), size 12386304, SharedBaseAddress: 0x00000253b2000000, ArchiveRelocationMode: 1.
Compressed class space mapped at: 0x00000253b3000000-0x00000253c7000000, reserved size: 335544320
Narrow klass base: 0x00000253b2000000, Narrow klass shift: 0, Narrow klass range: 0x100000000

GC Precious Log:
 CPUs: 8 total, 8 available
 Memory: 32674M
 Large Page Support: Disabled
 NUMA Support: Disabled
 Compressed Oops: Enabled (32-bit)
 Heap Region Size: 1M
 Heap Min Capacity: 256M
 Heap Initial Capacity: 256M
 Heap Max Capacity: 512M
 Pre-touch: Disabled
 Parallel Workers: 8
 Concurrent Workers: 2
 Concurrent Refinement Workers: 8
 Periodic GC: Disabled

Heap:
 garbage-first heap   total 262144K, used 162840K [0x00000000e0000000, 0x0000000100000000)
  region size 1024K, 117 young (119808K), 6 survivors (6144K)
 Metaspace       used 59547K, committed 60096K, reserved 393216K
  class space    used 8315K, committed 8640K, reserved 327680K

Heap Regions: E=young(eden), S=young(survivor), O=old, HS=humongous(starts), HC=humongous(continues), CS=collection set, F=free, OA=open archive, CA=closed archive, TAMS=top-at-mark-start (previous, next)
|   0|0x00000000e0000000, 0x00000000e0100000, 0x00000000e0100000|100%|HS|  |TAMS 0x00000000e0100000, 0x00000000e0100000| Complete 
|   1|0x00000000e0100000, 0x00000000e0200000, 0x00000000e0200000|100%|HC|  |TAMS 0x00000000e0200000, 0x00000000e0200000| Complete 
|   2|0x00000000e0200000, 0x00000000e0300000, 0x00000000e0300000|100%|HC|  |TAMS 0x00000000e0300000, 0x00000000e0300000| Complete 
|   3|0x00000000e0300000, 0x00000000e0400000, 0x00000000e0400000|100%|HC|  |TAMS 0x00000000e0400000, 0x00000000e0400000| Complete 
|   4|0x00000000e0400000, 0x00000000e0500000, 0x00000000e0500000|100%| O|  |TAMS 0x00000000e0500000, 0x00000000e0500000| Untracked 
|   5|0x00000000e0500000, 0x00000000e0600000, 0x00000000e0600000|100%| O|  |TAMS 0x00000000e0600000, 0x00000000e0600000| Untracked 
|   6|0x00000000e0600000, 0x00000000e0700000, 0x00000000e0700000|100%| O|  |TAMS 0x00000000e0700000, 0x00000000e0700000| Untracked 
|   7|0x00000000e0700000, 0x00000000e0800000, 0x00000000e0800000|100%| O|  |TAMS 0x00000000e0800000, 0x00000000e0800000| Untracked 
|   8|0x00000000e0800000, 0x00000000e0900000, 0x00000000e0900000|100%| O|  |TAMS 0x00000000e0900000, 0x00000000e0900000| Untracked 
|   9|0x00000000e0900000, 0x00000000e0a00000, 0x00000000e0a00000|100%| O|  |TAMS 0x00000000e0a00000, 0x00000000e0a00000| Untracked 
|  10|0x00000000e0a00000, 0x00000000e0b00000, 0x00000000e0b00000|100%| O|  |TAMS 0x00000000e0ac3600, 0x00000000e0b00000| Untracked 
|  11|0x00000000e0b00000, 0x00000000e0c00000, 0x00000000e0c00000|100%| O|  |TAMS 0x00000000e0b00000, 0x00000000e0c00000| Untracked 
|  12|0x00000000e0c00000, 0x00000000e0d00000, 0x00000000e0d00000|100%| O|  |TAMS 0x00000000e0c00000, 0x00000000e0d00000| Untracked 
|  13|0x00000000e0d00000, 0x00000000e0e00000, 0x00000000e0e00000|100%| O|  |TAMS 0x00000000e0d00000, 0x00000000e0e00000| Untracked 
|  14|0x00000000e0e00000, 0x00000000e0f00000, 0x00000000e0f00000|100%| O|  |TAMS 0x00000000e0e00000, 0x00000000e0f00000| Untracked 
|  15|0x00000000e0f00000, 0x00000000e1000000, 0x00000000e1000000|100%| O|  |TAMS 0x00000000e0f00000, 0x00000000e1000000| Untracked 
|  16|0x00000000e1000000, 0x00000000e1100000, 0x00000000e1100000|100%| O|  |TAMS 0x00000000e1000000, 0x00000000e1100000| Untracked 
|  17|0x00000000e1100000, 0x00000000e1200000, 0x00000000e1200000|100%| O|  |TAMS 0x00000000e1100000, 0x00000000e1200000| Untracked 
|  18|0x00000000e1200000, 0x00000000e1300000, 0x00000000e1300000|100%| O|  |TAMS 0x00000000e1200000, 0x00000000e1300000| Untracked 
|  19|0x00000000e1300000, 0x00000000e1400000, 0x00000000e1400000|100%| O|  |TAMS 0x00000000e1300000, 0x00000000e1400000| Untracked 
|  20|0x00000000e1400000, 0x00000000e1500000, 0x00000000e1500000|100%| O|  |TAMS 0x00000000e1400000, 0x00000000e1500000| Untracked 
|  21|0x00000000e1500000, 0x00000000e1600000, 0x00000000e1600000|100%| O|  |TAMS 0x00000000e1500000, 0x00000000e1600000| Untracked 
|  22|0x00000000e1600000, 0x00000000e1700000, 0x00000000e1700000|100%| O|  |TAMS 0x00000000e1600000, 0x00000000e1700000| Untracked 
|  23|0x00000000e1700000, 0x00000000e1800000, 0x00000000e1800000|100%| O|  |TAMS 0x00000000e1700000, 0x00000000e1800000| Untracked 
|  24|0x00000000e1800000, 0x00000000e1900000, 0x00000000e1900000|100%| O|  |TAMS 0x00000000e1800000, 0x00000000e1900000| Untracked 
|  25|0x00000000e1900000, 0x00000000e1a00000, 0x00000000e1a00000|100%| O|  |TAMS 0x00000000e1900000, 0x00000000e1a00000| Untracked 
|  26|0x00000000e1a00000, 0x00000000e1b00000, 0x00000000e1b00000|100%| O|  |TAMS 0x00000000e1a00000, 0x00000000e1b00000| Untracked 
|  27|0x00000000e1b00000, 0x00000000e1c00000, 0x00000000e1c00000|100%| O|  |TAMS 0x00000000e1b00000, 0x00000000e1c00000| Untracked 
|  28|0x00000000e1c00000, 0x00000000e1d00000, 0x00000000e1d00000|100%| O|  |TAMS 0x00000000e1c00000, 0x00000000e1d00000| Untracked 
|  29|0x00000000e1d00000, 0x00000000e1e00000, 0x00000000e1e00000|100%| O|  |TAMS 0x00000000e1d00000, 0x00000000e1d36800| Untracked 
|  30|0x00000000e1e00000, 0x00000000e1f00000, 0x00000000e1f00000|100%| O|  |TAMS 0x00000000e1e00000, 0x00000000e1e00000| Untracked 
|  31|0x00000000e1f00000, 0x00000000e2000000, 0x00000000e2000000|100%| O|  |TAMS 0x00000000e1f00000, 0x00000000e1f00000| Untracked 
|  32|0x00000000e2000000, 0x00000000e2100000, 0x00000000e2100000|100%| O|  |TAMS 0x00000000e2000000, 0x00000000e2000000| Untracked 
|  33|0x00000000e2100000, 0x00000000e2200000, 0x00000000e2200000|100%| O|  |TAMS 0x00000000e2100000, 0x00000000e2100000| Untracked 
|  34|0x00000000e2200000, 0x00000000e2300000, 0x00000000e2300000|100%| O|  |TAMS 0x00000000e2200000, 0x00000000e2200000| Untracked 
|  35|0x00000000e2300000, 0x00000000e2400000, 0x00000000e2400000|100%| O|  |TAMS 0x00000000e2300000, 0x00000000e2300000| Untracked 
|  36|0x00000000e2400000, 0x00000000e2500000, 0x00000000e2500000|100%| O|  |TAMS 0x00000000e2400000, 0x00000000e2400000| Untracked 
|  37|0x00000000e2500000, 0x00000000e2600000, 0x00000000e2600000|100%| O|  |TAMS 0x00000000e2500000, 0x00000000e2500000| Untracked 
|  38|0x00000000e2600000, 0x00000000e2700000, 0x00000000e2700000|100%| O|  |TAMS 0x00000000e2600000, 0x00000000e2600000| Untracked 
|  39|0x00000000e2700000, 0x00000000e2800000, 0x00000000e2800000|100%| O|  |TAMS 0x00000000e2700000, 0x00000000e2700000| Untracked 
|  40|0x00000000e2800000, 0x00000000e2900000, 0x00000000e2900000|100%| O|  |TAMS 0x00000000e2800000, 0x00000000e2800000| Untracked 
|  41|0x00000000e2900000, 0x00000000e2a00000, 0x00000000e2a00000|100%| O|  |TAMS 0x00000000e2900000, 0x00000000e2900000| Untracked 
|  42|0x00000000e2a00000, 0x00000000e2b00000, 0x00000000e2b00000|100%| O|  |TAMS 0x00000000e2a00000, 0x00000000e2a00000| Untracked 
|  43|0x00000000e2b00000, 0x00000000e2c00000, 0x00000000e2c00000|100%| O|  |TAMS 0x00000000e2b00000, 0x00000000e2b00000| Untracked 
|  44|0x00000000e2c00000, 0x00000000e2d00000, 0x00000000e2d00000|100%| O|  |TAMS 0x00000000e2c00000, 0x00000000e2c00000| Untracked 
|  45|0x00000000e2d00000, 0x00000000e2e00000, 0x00000000e2e00000|100%| O|  |TAMS 0x00000000e2d00000, 0x00000000e2d00000| Untracked 
|  46|0x00000000e2e00000, 0x00000000e2f00000, 0x00000000e2f00000|100%| O|  |TAMS 0x00000000e2e00000, 0x00000000e2e00000| Untracked 
|  47|0x00000000e2f00000, 0x00000000e2f231e0, 0x00000000e3000000| 13%| O|  |TAMS 0x00000000e2f00000, 0x00000000e2f00000| Untracked 
|  48|0x00000000e3000000, 0x00000000e3000000, 0x00000000e3100000|  0%| F|  |TAMS 0x00000000e3000000, 0x00000000e3000000| Untracked 
|  49|0x00000000e3100000, 0x00000000e3100000, 0x00000000e3200000|  0%| F|  |TAMS 0x00000000e3100000, 0x00000000e3100000| Untracked 
|  50|0x00000000e3200000, 0x00000000e3200000, 0x00000000e3300000|  0%| F|  |TAMS 0x00000000e3200000, 0x00000000e3200000| Untracked 
|  51|0x00000000e3300000, 0x00000000e3300000, 0x00000000e3400000|  0%| F|  |TAMS 0x00000000e3300000, 0x00000000e3300000| Untracked 
|  52|0x00000000e3400000, 0x00000000e3400000, 0x00000000e3500000|  0%| F|  |TAMS 0x00000000e3400000, 0x00000000e3400000| Untracked 
|  53|0x00000000e3500000, 0x00000000e3500000, 0x00000000e3600000|  0%| F|  |TAMS 0x00000000e3500000, 0x00000000e3500000| Untracked 
|  54|0x00000000e3600000, 0x00000000e3600000, 0x00000000e3700000|  0%| F|  |TAMS 0x00000000e3600000, 0x00000000e3600000| Untracked 
|  55|0x00000000e3700000, 0x00000000e3700000, 0x00000000e3800000|  0%| F|  |TAMS 0x00000000e3700000, 0x00000000e3700000| Untracked 
|  56|0x00000000e3800000, 0x00000000e3800000, 0x00000000e3900000|  0%| F|  |TAMS 0x00000000e3800000, 0x00000000e3800000| Untracked 
|  57|0x00000000e3900000, 0x00000000e3900000, 0x00000000e3a00000|  0%| F|  |TAMS 0x00000000e3900000, 0x00000000e3900000| Untracked 
|  58|0x00000000e3a00000, 0x00000000e3a00000, 0x00000000e3b00000|  0%| F|  |TAMS 0x00000000e3a00000, 0x00000000e3a00000| Untracked 
|  59|0x00000000e3b00000, 0x00000000e3b00000, 0x00000000e3c00000|  0%| F|  |TAMS 0x00000000e3b00000, 0x00000000e3b00000| Untracked 
|  60|0x00000000e3c00000, 0x00000000e3c00000, 0x00000000e3d00000|  0%| F|  |TAMS 0x00000000e3c00000, 0x00000000e3c00000| Untracked 
|  61|0x00000000e3d00000, 0x00000000e3d00000, 0x00000000e3e00000|  0%| F|  |TAMS 0x00000000e3d00000, 0x00000000e3d00000| Untracked 
|  62|0x00000000e3e00000, 0x00000000e3e00000, 0x00000000e3f00000|  0%| F|  |TAMS 0x00000000e3e00000, 0x00000000e3e00000| Untracked 
|  63|0x00000000e3f00000, 0x00000000e3f00000, 0x00000000e4000000|  0%| F|  |TAMS 0x00000000e3f00000, 0x00000000e3f00000| Untracked 
|  64|0x00000000e4000000, 0x00000000e4000000, 0x00000000e4100000|  0%| F|  |TAMS 0x00000000e4000000, 0x00000000e4000000| Untracked 
|  65|0x00000000e4100000, 0x00000000e4100000, 0x00000000e4200000|  0%| F|  |TAMS 0x00000000e4100000, 0x00000000e4100000| Untracked 
|  66|0x00000000e4200000, 0x00000000e4200000, 0x00000000e4300000|  0%| F|  |TAMS 0x00000000e4200000, 0x00000000e4200000| Untracked 
|  67|0x00000000e4300000, 0x00000000e4300000, 0x00000000e4400000|  0%| F|  |TAMS 0x00000000e4300000, 0x00000000e4300000| Untracked 
|  68|0x00000000e4400000, 0x00000000e4400000, 0x00000000e4500000|  0%| F|  |TAMS 0x00000000e4400000, 0x00000000e4400000| Untracked 
|  69|0x00000000e4500000, 0x00000000e4500000, 0x00000000e4600000|  0%| F|  |TAMS 0x00000000e4500000, 0x00000000e4500000| Untracked 
|  70|0x00000000e4600000, 0x00000000e4600000, 0x00000000e4700000|  0%| F|  |TAMS 0x00000000e4600000, 0x00000000e4600000| Untracked 
|  71|0x00000000e4700000, 0x00000000e4700000, 0x00000000e4800000|  0%| F|  |TAMS 0x00000000e4700000, 0x00000000e4700000| Untracked 
|  72|0x00000000e4800000, 0x00000000e4800000, 0x00000000e4900000|  0%| F|  |TAMS 0x00000000e4800000, 0x00000000e4800000| Untracked 
|  73|0x00000000e4900000, 0x00000000e4900000, 0x00000000e4a00000|  0%| F|  |TAMS 0x00000000e4900000, 0x00000000e4900000| Untracked 
|  74|0x00000000e4a00000, 0x00000000e4a00000, 0x00000000e4b00000|  0%| F|  |TAMS 0x00000000e4a00000, 0x00000000e4a00000| Untracked 
|  75|0x00000000e4b00000, 0x00000000e4b00000, 0x00000000e4c00000|  0%| F|  |TAMS 0x00000000e4b00000, 0x00000000e4b00000| Untracked 
|  76|0x00000000e4c00000, 0x00000000e4c00000, 0x00000000e4d00000|  0%| F|  |TAMS 0x00000000e4c00000, 0x00000000e4c00000| Untracked 
|  77|0x00000000e4d00000, 0x00000000e4d00000, 0x00000000e4e00000|  0%| F|  |TAMS 0x00000000e4d00000, 0x00000000e4d00000| Untracked 
|  78|0x00000000e4e00000, 0x00000000e4e00000, 0x00000000e4f00000|  0%| F|  |TAMS 0x00000000e4e00000, 0x00000000e4e00000| Untracked 
|  79|0x00000000e4f00000, 0x00000000e4f00000, 0x00000000e5000000|  0%| F|  |TAMS 0x00000000e4f00000, 0x00000000e4f00000| Untracked 
|  80|0x00000000e5000000, 0x00000000e5000000, 0x00000000e5100000|  0%| F|  |TAMS 0x00000000e5000000, 0x00000000e5000000| Untracked 
|  81|0x00000000e5100000, 0x00000000e5100000, 0x00000000e5200000|  0%| F|  |TAMS 0x00000000e5100000, 0x00000000e5100000| Untracked 
|  82|0x00000000e5200000, 0x00000000e5200000, 0x00000000e5300000|  0%| F|  |TAMS 0x00000000e5200000, 0x00000000e5200000| Untracked 
|  83|0x00000000e5300000, 0x00000000e534f338, 0x00000000e5400000| 30%| E|CS|TAMS 0x00000000e5300000, 0x00000000e534f338| Complete 
|  84|0x00000000e5400000, 0x00000000e5500000, 0x00000000e5500000|100%| E|CS|TAMS 0x00000000e5400000, 0x00000000e5500000| Complete 
|  85|0x00000000e5500000, 0x00000000e5600000, 0x00000000e5600000|100%| E|CS|TAMS 0x00000000e5500000, 0x00000000e5600000| Complete 
|  86|0x00000000e5600000, 0x00000000e5700000, 0x00000000e5700000|100%| E|CS|TAMS 0x00000000e5600000, 0x00000000e5700000| Complete 
|  87|0x00000000e5700000, 0x00000000e5800000, 0x00000000e5800000|100%| E|CS|TAMS 0x00000000e5700000, 0x00000000e5800000| Complete 
|  88|0x00000000e5800000, 0x00000000e5800000, 0x00000000e5900000|  0%| F|  |TAMS 0x00000000e5800000, 0x00000000e5800000| Untracked 
|  89|0x00000000e5900000, 0x00000000e5900000, 0x00000000e5a00000|  0%| F|  |TAMS 0x00000000e5900000, 0x00000000e5900000| Untracked 
|  90|0x00000000e5a00000, 0x00000000e5a00000, 0x00000000e5b00000|  0%| F|  |TAMS 0x00000000e5a00000, 0x00000000e5a00000| Untracked 
|  91|0x00000000e5b00000, 0x00000000e5b00000, 0x00000000e5c00000|  0%| F|  |TAMS 0x00000000e5b00000, 0x00000000e5b00000| Untracked 
|  92|0x00000000e5c00000, 0x00000000e5c00000, 0x00000000e5d00000|  0%| F|  |TAMS 0x00000000e5c00000, 0x00000000e5c00000| Untracked 
|  93|0x00000000e5d00000, 0x00000000e5d00000, 0x00000000e5e00000|  0%| F|  |TAMS 0x00000000e5d00000, 0x00000000e5d00000| Untracked 
|  94|0x00000000e5e00000, 0x00000000e5e00000, 0x00000000e5f00000|  0%| F|  |TAMS 0x00000000e5e00000, 0x00000000e5e00000| Untracked 
|  95|0x00000000e5f00000, 0x00000000e5f00000, 0x00000000e6000000|  0%| F|  |TAMS 0x00000000e5f00000, 0x00000000e5f00000| Untracked 
|  96|0x00000000e6000000, 0x00000000e6000000, 0x00000000e6100000|  0%| F|  |TAMS 0x00000000e6000000, 0x00000000e6000000| Untracked 
|  97|0x00000000e6100000, 0x00000000e6100000, 0x00000000e6200000|  0%| F|  |TAMS 0x00000000e6100000, 0x00000000e6100000| Untracked 
|  98|0x00000000e6200000, 0x00000000e6200000, 0x00000000e6300000|  0%| F|  |TAMS 0x00000000e6200000, 0x00000000e6200000| Untracked 
|  99|0x00000000e6300000, 0x00000000e6300000, 0x00000000e6400000|  0%| F|  |TAMS 0x00000000e6300000, 0x00000000e6300000| Untracked 
| 100|0x00000000e6400000, 0x00000000e6400000, 0x00000000e6500000|  0%| F|  |TAMS 0x00000000e6400000, 0x00000000e6400000| Untracked 
| 101|0x00000000e6500000, 0x00000000e6500000, 0x00000000e6600000|  0%| F|  |TAMS 0x00000000e6500000, 0x00000000e6500000| Untracked 
| 102|0x00000000e6600000, 0x00000000e6600000, 0x00000000e6700000|  0%| F|  |TAMS 0x00000000e6600000, 0x00000000e6600000| Untracked 
| 103|0x00000000e6700000, 0x00000000e6800000, 0x00000000e6800000|100%| E|CS|TAMS 0x00000000e6700000, 0x00000000e6800000| Complete 
| 104|0x00000000e6800000, 0x00000000e6900000, 0x00000000e6900000|100%| E|CS|TAMS 0x00000000e6800000, 0x00000000e6900000| Complete 
| 105|0x00000000e6900000, 0x00000000e6a00000, 0x00000000e6a00000|100%| E|CS|TAMS 0x00000000e6900000, 0x00000000e6a00000| Complete 
| 106|0x00000000e6a00000, 0x00000000e6b00000, 0x00000000e6b00000|100%| E|CS|TAMS 0x00000000e6a00000, 0x00000000e6b00000| Complete 
| 107|0x00000000e6b00000, 0x00000000e6c00000, 0x00000000e6c00000|100%| E|CS|TAMS 0x00000000e6b00000, 0x00000000e6c00000| Complete 
| 108|0x00000000e6c00000, 0x00000000e6d00000, 0x00000000e6d00000|100%| E|CS|TAMS 0x00000000e6c00000, 0x00000000e6d00000| Complete 
| 109|0x00000000e6d00000, 0x00000000e6e00000, 0x00000000e6e00000|100%| E|CS|TAMS 0x00000000e6d00000, 0x00000000e6e00000| Complete 
| 110|0x00000000e6e00000, 0x00000000e6f00000, 0x00000000e6f00000|100%| E|CS|TAMS 0x00000000e6e00000, 0x00000000e6f00000| Complete 
| 111|0x00000000e6f00000, 0x00000000e7000000, 0x00000000e7000000|100%| E|CS|TAMS 0x00000000e6f00000, 0x00000000e7000000| Complete 
| 112|0x00000000e7000000, 0x00000000e7100000, 0x00000000e7100000|100%| E|CS|TAMS 0x00000000e7000000, 0x00000000e7100000| Complete 
| 113|0x00000000e7100000, 0x00000000e7200000, 0x00000000e7200000|100%| E|CS|TAMS 0x00000000e7100000, 0x00000000e7200000| Complete 
| 114|0x00000000e7200000, 0x00000000e7300000, 0x00000000e7300000|100%| E|CS|TAMS 0x00000000e7200000, 0x00000000e7300000| Complete 
| 115|0x00000000e7300000, 0x00000000e7400000, 0x00000000e7400000|100%| E|CS|TAMS 0x00000000e7300000, 0x00000000e7400000| Complete 
| 116|0x00000000e7400000, 0x00000000e7500000, 0x00000000e7500000|100%| E|CS|TAMS 0x00000000e7400000, 0x00000000e7500000| Complete 
| 117|0x00000000e7500000, 0x00000000e7600000, 0x00000000e7600000|100%| E|CS|TAMS 0x00000000e7500000, 0x00000000e7600000| Complete 
| 118|0x00000000e7600000, 0x00000000e7600000, 0x00000000e7700000|  0%| F|  |TAMS 0x00000000e7600000, 0x00000000e7600000| Untracked 
| 119|0x00000000e7700000, 0x00000000e7700000, 0x00000000e7800000|  0%| F|  |TAMS 0x00000000e7700000, 0x00000000e7700000| Untracked 
| 120|0x00000000e7800000, 0x00000000e7800000, 0x00000000e7900000|  0%| F|  |TAMS 0x00000000e7800000, 0x00000000e7800000| Untracked 
| 121|0x00000000e7900000, 0x00000000e7900000, 0x00000000e7a00000|  0%| F|  |TAMS 0x00000000e7900000, 0x00000000e7900000| Untracked 
| 122|0x00000000e7a00000, 0x00000000e7a00000, 0x00000000e7b00000|  0%| F|  |TAMS 0x00000000e7a00000, 0x00000000e7a00000| Untracked 
| 123|0x00000000e7b00000, 0x00000000e7b00000, 0x00000000e7c00000|  0%| F|  |TAMS 0x00000000e7b00000, 0x00000000e7b00000| Untracked 
| 124|0x00000000e7c00000, 0x00000000e7c00000, 0x00000000e7d00000|  0%| F|  |TAMS 0x00000000e7c00000, 0x00000000e7c00000| Untracked 
| 125|0x00000000e7d00000, 0x00000000e7d00000, 0x00000000e7e00000|  0%| F|  |TAMS 0x00000000e7d00000, 0x00000000e7d00000| Untracked 
| 126|0x00000000e7e00000, 0x00000000e7e00000, 0x00000000e7f00000|  0%| F|  |TAMS 0x00000000e7e00000, 0x00000000e7e00000| Untracked 
| 127|0x00000000e7f00000, 0x00000000e7f00000, 0x00000000e8000000|  0%| F|  |TAMS 0x00000000e7f00000, 0x00000000e7f00000| Untracked 
| 128|0x00000000e8000000, 0x00000000e8000000, 0x00000000e8100000|  0%| F|  |TAMS 0x00000000e8000000, 0x00000000e8000000| Untracked 
| 129|0x00000000e8100000, 0x00000000e8100000, 0x00000000e8200000|  0%| F|  |TAMS 0x00000000e8100000, 0x00000000e8100000| Untracked 
| 130|0x00000000e8200000, 0x00000000e8200000, 0x00000000e8300000|  0%| F|  |TAMS 0x00000000e8200000, 0x00000000e8200000| Untracked 
| 131|0x00000000e8300000, 0x00000000e8300000, 0x00000000e8400000|  0%| F|  |TAMS 0x00000000e8300000, 0x00000000e8300000| Untracked 
| 132|0x00000000e8400000, 0x00000000e8400000, 0x00000000e8500000|  0%| F|  |TAMS 0x00000000e8400000, 0x00000000e8400000| Untracked 
| 133|0x00000000e8500000, 0x00000000e8500000, 0x00000000e8600000|  0%| F|  |TAMS 0x00000000e8500000, 0x00000000e8500000| Untracked 
| 134|0x00000000e8600000, 0x00000000e8600000, 0x00000000e8700000|  0%| F|  |TAMS 0x00000000e8600000, 0x00000000e8600000| Untracked 
| 135|0x00000000e8700000, 0x00000000e8700000, 0x00000000e8800000|  0%| F|  |TAMS 0x00000000e8700000, 0x00000000e8700000| Untracked 
| 136|0x00000000e8800000, 0x00000000e8800000, 0x00000000e8900000|  0%| F|  |TAMS 0x00000000e8800000, 0x00000000e8800000| Untracked 
| 137|0x00000000e8900000, 0x00000000e8900000, 0x00000000e8a00000|  0%| F|  |TAMS 0x00000000e8900000, 0x00000000e8900000| Untracked 
| 138|0x00000000e8a00000, 0x00000000e8a00000, 0x00000000e8b00000|  0%| F|  |TAMS 0x00000000e8a00000, 0x00000000e8a00000| Untracked 
| 139|0x00000000e8b00000, 0x00000000e8b69a10, 0x00000000e8c00000| 41%| S|  |TAMS 0x00000000e8b00000, 0x00000000e8b00000| Complete 
| 140|0x00000000e8c00000, 0x00000000e8d00000, 0x00000000e8d00000|100%| S|  |TAMS 0x00000000e8c00000, 0x00000000e8c00000| Complete 
| 141|0x00000000e8d00000, 0x00000000e8e00000, 0x00000000e8e00000|100%| S|  |TAMS 0x00000000e8d00000, 0x00000000e8d00000| Complete 
| 142|0x00000000e8e00000, 0x00000000e8f00000, 0x00000000e8f00000|100%| S|  |TAMS 0x00000000e8e00000, 0x00000000e8e00000| Complete 
| 143|0x00000000e8f00000, 0x00000000e9000000, 0x00000000e9000000|100%| S|  |TAMS 0x00000000e8f00000, 0x00000000e8f00000| Complete 
| 144|0x00000000e9000000, 0x00000000e9100000, 0x00000000e9100000|100%| S|  |TAMS 0x00000000e9000000, 0x00000000e9000000| Complete 
| 145|0x00000000e9100000, 0x00000000e9180800, 0x00000000e9200000| 50%| E|CS|TAMS 0x00000000e9100000, 0x00000000e9180800| Complete 
| 146|0x00000000e9200000, 0x00000000e9300000, 0x00000000e9300000|100%| E|CS|TAMS 0x00000000e9200000, 0x00000000e9300000| Complete 
| 147|0x00000000e9300000, 0x00000000e9400000, 0x00000000e9400000|100%| E|CS|TAMS 0x00000000e9300000, 0x00000000e9400000| Complete 
| 148|0x00000000e9400000, 0x00000000e9500000, 0x00000000e9500000|100%| E|CS|TAMS 0x00000000e9400000, 0x00000000e9500000| Complete 
| 149|0x00000000e9500000, 0x00000000e9600000, 0x00000000e9600000|100%| E|CS|TAMS 0x00000000e9500000, 0x00000000e9600000| Complete 
| 150|0x00000000e9600000, 0x00000000e9700000, 0x00000000e9700000|100%| E|CS|TAMS 0x00000000e9600000, 0x00000000e9700000| Complete 
| 151|0x00000000e9700000, 0x00000000e9800000, 0x00000000e9800000|100%| E|CS|TAMS 0x00000000e9700000, 0x00000000e9800000| Complete 
| 152|0x00000000e9800000, 0x00000000e9900000, 0x00000000e9900000|100%| E|CS|TAMS 0x00000000e9800000, 0x00000000e9900000| Complete 
| 153|0x00000000e9900000, 0x00000000e9a00000, 0x00000000e9a00000|100%| E|CS|TAMS 0x00000000e9900000, 0x00000000e9a00000| Complete 
| 154|0x00000000e9a00000, 0x00000000e9b00000, 0x00000000e9b00000|100%| E|CS|TAMS 0x00000000e9a00000, 0x00000000e9b00000| Complete 
| 155|0x00000000e9b00000, 0x00000000e9c00000, 0x00000000e9c00000|100%| E|CS|TAMS 0x00000000e9b00000, 0x00000000e9c00000| Complete 
| 156|0x00000000e9c00000, 0x00000000e9d00000, 0x00000000e9d00000|100%| E|CS|TAMS 0x00000000e9c00000, 0x00000000e9d00000| Complete 
| 157|0x00000000e9d00000, 0x00000000e9e00000, 0x00000000e9e00000|100%| E|CS|TAMS 0x00000000e9d00000, 0x00000000e9e00000| Complete 
| 158|0x00000000e9e00000, 0x00000000e9f00000, 0x00000000e9f00000|100%| E|CS|TAMS 0x00000000e9e00000, 0x00000000e9f00000| Complete 
| 159|0x00000000e9f00000, 0x00000000ea000000, 0x00000000ea000000|100%| E|CS|TAMS 0x00000000e9f00000, 0x00000000ea000000| Complete 
| 160|0x00000000ea000000, 0x00000000ea100000, 0x00000000ea100000|100%| E|CS|TAMS 0x00000000ea000000, 0x00000000ea100000| Complete 
| 161|0x00000000ea100000, 0x00000000ea200000, 0x00000000ea200000|100%| E|CS|TAMS 0x00000000ea100000, 0x00000000ea200000| Complete 
| 162|0x00000000ea200000, 0x00000000ea300000, 0x00000000ea300000|100%| E|CS|TAMS 0x00000000ea200000, 0x00000000ea300000| Complete 
| 163|0x00000000ea300000, 0x00000000ea400000, 0x00000000ea400000|100%| E|CS|TAMS 0x00000000ea300000, 0x00000000ea400000| Complete 
| 164|0x00000000ea400000, 0x00000000ea500000, 0x00000000ea500000|100%| E|CS|TAMS 0x00000000ea400000, 0x00000000ea500000| Complete 
| 165|0x00000000ea500000, 0x00000000ea600000, 0x00000000ea600000|100%| E|CS|TAMS 0x00000000ea500000, 0x00000000ea600000| Complete 
| 166|0x00000000ea600000, 0x00000000ea700000, 0x00000000ea700000|100%| E|CS|TAMS 0x00000000ea600000, 0x00000000ea700000| Complete 
| 167|0x00000000ea700000, 0x00000000ea800000, 0x00000000ea800000|100%| E|CS|TAMS 0x00000000ea700000, 0x00000000ea800000| Complete 
| 168|0x00000000ea800000, 0x00000000ea900000, 0x00000000ea900000|100%| E|CS|TAMS 0x00000000ea800000, 0x00000000ea900000| Complete 
| 169|0x00000000ea900000, 0x00000000eaa00000, 0x00000000eaa00000|100%| E|CS|TAMS 0x00000000ea900000, 0x00000000eaa00000| Complete 
| 170|0x00000000eaa00000, 0x00000000eab00000, 0x00000000eab00000|100%| E|CS|TAMS 0x00000000eaa00000, 0x00000000eab00000| Complete 
| 171|0x00000000eab00000, 0x00000000eac00000, 0x00000000eac00000|100%| E|CS|TAMS 0x00000000eab00000, 0x00000000eac00000| Complete 
| 172|0x00000000eac00000, 0x00000000ead00000, 0x00000000ead00000|100%| E|CS|TAMS 0x00000000eac00000, 0x00000000ead00000| Complete 
| 173|0x00000000ead00000, 0x00000000eae00000, 0x00000000eae00000|100%| E|CS|TAMS 0x00000000ead00000, 0x00000000eae00000| Complete 
| 174|0x00000000eae00000, 0x00000000eaf00000, 0x00000000eaf00000|100%| E|CS|TAMS 0x00000000eae00000, 0x00000000eaf00000| Complete 
| 175|0x00000000eaf00000, 0x00000000eb000000, 0x00000000eb000000|100%| E|CS|TAMS 0x00000000eaf00000, 0x00000000eb000000| Complete 
| 176|0x00000000eb000000, 0x00000000eb100000, 0x00000000eb100000|100%| E|CS|TAMS 0x00000000eb000000, 0x00000000eb100000| Complete 
| 177|0x00000000eb100000, 0x00000000eb200000, 0x00000000eb200000|100%| E|CS|TAMS 0x00000000eb100000, 0x00000000eb200000| Complete 
| 178|0x00000000eb200000, 0x00000000eb300000, 0x00000000eb300000|100%| E|CS|TAMS 0x00000000eb200000, 0x00000000eb300000| Complete 
| 179|0x00000000eb300000, 0x00000000eb400000, 0x00000000eb400000|100%| E|CS|TAMS 0x00000000eb300000, 0x00000000eb400000| Complete 
| 180|0x00000000eb400000, 0x00000000eb500000, 0x00000000eb500000|100%| E|CS|TAMS 0x00000000eb400000, 0x00000000eb500000| Complete 
| 181|0x00000000eb500000, 0x00000000eb600000, 0x00000000eb600000|100%| E|CS|TAMS 0x00000000eb500000, 0x00000000eb600000| Complete 
| 182|0x00000000eb600000, 0x00000000eb700000, 0x00000000eb700000|100%| E|CS|TAMS 0x00000000eb600000, 0x00000000eb700000| Complete 
| 183|0x00000000eb700000, 0x00000000eb800000, 0x00000000eb800000|100%| E|CS|TAMS 0x00000000eb700000, 0x00000000eb800000| Complete 
| 184|0x00000000eb800000, 0x00000000eb900000, 0x00000000eb900000|100%| E|CS|TAMS 0x00000000eb800000, 0x00000000eb900000| Complete 
| 185|0x00000000eb900000, 0x00000000eba00000, 0x00000000eba00000|100%| E|CS|TAMS 0x00000000eb900000, 0x00000000eba00000| Complete 
| 186|0x00000000eba00000, 0x00000000ebb00000, 0x00000000ebb00000|100%| E|CS|TAMS 0x00000000eba00000, 0x00000000ebb00000| Complete 
| 187|0x00000000ebb00000, 0x00000000ebc00000, 0x00000000ebc00000|100%| E|CS|TAMS 0x00000000ebb00000, 0x00000000ebc00000| Complete 
| 188|0x00000000ebc00000, 0x00000000ebd00000, 0x00000000ebd00000|100%| E|CS|TAMS 0x00000000ebc00000, 0x00000000ebd00000| Complete 
| 189|0x00000000ebd00000, 0x00000000ebe00000, 0x00000000ebe00000|100%| E|CS|TAMS 0x00000000ebd00000, 0x00000000ebe00000| Complete 
| 190|0x00000000ebe00000, 0x00000000ebf00000, 0x00000000ebf00000|100%| E|CS|TAMS 0x00000000ebe00000, 0x00000000ebf00000| Complete 
| 191|0x00000000ebf00000, 0x00000000ec000000, 0x00000000ec000000|100%| E|CS|TAMS 0x00000000ebf00000, 0x00000000ec000000| Complete 
| 192|0x00000000ec000000, 0x00000000ec100000, 0x00000000ec100000|100%| E|CS|TAMS 0x00000000ec000000, 0x00000000ec100000| Complete 
| 193|0x00000000ec100000, 0x00000000ec200000, 0x00000000ec200000|100%| E|CS|TAMS 0x00000000ec100000, 0x00000000ec200000| Complete 
| 194|0x00000000ec200000, 0x00000000ec300000, 0x00000000ec300000|100%| E|CS|TAMS 0x00000000ec200000, 0x00000000ec300000| Complete 
| 195|0x00000000ec300000, 0x00000000ec400000, 0x00000000ec400000|100%| E|CS|TAMS 0x00000000ec300000, 0x00000000ec400000| Complete 
| 196|0x00000000ec400000, 0x00000000ec500000, 0x00000000ec500000|100%| E|CS|TAMS 0x00000000ec400000, 0x00000000ec500000| Complete 
| 197|0x00000000ec500000, 0x00000000ec600000, 0x00000000ec600000|100%| E|CS|TAMS 0x00000000ec500000, 0x00000000ec600000| Complete 
| 198|0x00000000ec600000, 0x00000000ec700000, 0x00000000ec700000|100%| E|CS|TAMS 0x00000000ec600000, 0x00000000ec700000| Complete 
| 199|0x00000000ec700000, 0x00000000ec800000, 0x00000000ec800000|100%| E|CS|TAMS 0x00000000ec700000, 0x00000000ec800000| Complete 
| 200|0x00000000ec800000, 0x00000000ec900000, 0x00000000ec900000|100%| E|CS|TAMS 0x00000000ec800000, 0x00000000ec900000| Complete 
| 201|0x00000000ec900000, 0x00000000eca00000, 0x00000000eca00000|100%| E|CS|TAMS 0x00000000ec900000, 0x00000000eca00000| Complete 
| 202|0x00000000eca00000, 0x00000000ecb00000, 0x00000000ecb00000|100%| E|CS|TAMS 0x00000000eca00000, 0x00000000ecb00000| Complete 
| 203|0x00000000ecb00000, 0x00000000ecc00000, 0x00000000ecc00000|100%| E|CS|TAMS 0x00000000ecb00000, 0x00000000ecc00000| Complete 
| 204|0x00000000ecc00000, 0x00000000ecd00000, 0x00000000ecd00000|100%| E|CS|TAMS 0x00000000ecc00000, 0x00000000ecd00000| Complete 
| 205|0x00000000ecd00000, 0x00000000ece00000, 0x00000000ece00000|100%| E|CS|TAMS 0x00000000ecd00000, 0x00000000ece00000| Complete 
| 206|0x00000000ece00000, 0x00000000ecf00000, 0x00000000ecf00000|100%| E|CS|TAMS 0x00000000ece00000, 0x00000000ecf00000| Complete 
| 207|0x00000000ecf00000, 0x00000000ed000000, 0x00000000ed000000|100%| E|CS|TAMS 0x00000000ecf00000, 0x00000000ed000000| Complete 
| 208|0x00000000ed000000, 0x00000000ed100000, 0x00000000ed100000|100%| E|CS|TAMS 0x00000000ed000000, 0x00000000ed100000| Complete 
| 209|0x00000000ed100000, 0x00000000ed200000, 0x00000000ed200000|100%| E|CS|TAMS 0x00000000ed100000, 0x00000000ed200000| Complete 
| 210|0x00000000ed200000, 0x00000000ed300000, 0x00000000ed300000|100%| E|CS|TAMS 0x00000000ed200000, 0x00000000ed300000| Complete 
| 211|0x00000000ed300000, 0x00000000ed400000, 0x00000000ed400000|100%| E|CS|TAMS 0x00000000ed300000, 0x00000000ed400000| Complete 
| 212|0x00000000ed400000, 0x00000000ed500000, 0x00000000ed500000|100%| E|CS|TAMS 0x00000000ed400000, 0x00000000ed500000| Complete 
| 213|0x00000000ed500000, 0x00000000ed600000, 0x00000000ed600000|100%| E|CS|TAMS 0x00000000ed500000, 0x00000000ed600000| Complete 
| 214|0x00000000ed600000, 0x00000000ed700000, 0x00000000ed700000|100%| E|CS|TAMS 0x00000000ed600000, 0x00000000ed700000| Complete 
| 215|0x00000000ed700000, 0x00000000ed800000, 0x00000000ed800000|100%| E|CS|TAMS 0x00000000ed700000, 0x00000000ed800000| Complete 
| 216|0x00000000ed800000, 0x00000000ed900000, 0x00000000ed900000|100%| E|CS|TAMS 0x00000000ed800000, 0x00000000ed900000| Complete 
| 217|0x00000000ed900000, 0x00000000eda00000, 0x00000000eda00000|100%| E|CS|TAMS 0x00000000ed900000, 0x00000000eda00000| Complete 
| 218|0x00000000eda00000, 0x00000000edb00000, 0x00000000edb00000|100%| E|CS|TAMS 0x00000000eda00000, 0x00000000edb00000| Complete 
| 219|0x00000000edb00000, 0x00000000edc00000, 0x00000000edc00000|100%| E|CS|TAMS 0x00000000edb00000, 0x00000000edc00000| Complete 
| 220|0x00000000edc00000, 0x00000000edd00000, 0x00000000edd00000|100%| E|CS|TAMS 0x00000000edc00000, 0x00000000edd00000| Complete 
| 221|0x00000000edd00000, 0x00000000ede00000, 0x00000000ede00000|100%| E|CS|TAMS 0x00000000edd00000, 0x00000000ede00000| Complete 
| 222|0x00000000ede00000, 0x00000000edf00000, 0x00000000edf00000|100%| E|CS|TAMS 0x00000000ede00000, 0x00000000edf00000| Complete 
| 223|0x00000000edf00000, 0x00000000ee000000, 0x00000000ee000000|100%| E|CS|TAMS 0x00000000edf00000, 0x00000000ee000000| Complete 
| 224|0x00000000ee000000, 0x00000000ee100000, 0x00000000ee100000|100%| E|CS|TAMS 0x00000000ee000000, 0x00000000ee100000| Complete 
| 225|0x00000000ee100000, 0x00000000ee200000, 0x00000000ee200000|100%| E|CS|TAMS 0x00000000ee100000, 0x00000000ee200000| Complete 
| 226|0x00000000ee200000, 0x00000000ee300000, 0x00000000ee300000|100%| E|CS|TAMS 0x00000000ee200000, 0x00000000ee300000| Complete 
| 227|0x00000000ee300000, 0x00000000ee400000, 0x00000000ee400000|100%| E|CS|TAMS 0x00000000ee300000, 0x00000000ee400000| Complete 
| 228|0x00000000ee400000, 0x00000000ee500000, 0x00000000ee500000|100%| E|CS|TAMS 0x00000000ee400000, 0x00000000ee500000| Complete 
| 229|0x00000000ee500000, 0x00000000ee600000, 0x00000000ee600000|100%| E|CS|TAMS 0x00000000ee500000, 0x00000000ee600000| Complete 
| 230|0x00000000ee600000, 0x00000000ee700000, 0x00000000ee700000|100%| E|CS|TAMS 0x00000000ee600000, 0x00000000ee700000| Complete 
| 231|0x00000000ee700000, 0x00000000ee800000, 0x00000000ee800000|100%| E|CS|TAMS 0x00000000ee700000, 0x00000000ee800000| Complete 
| 232|0x00000000ee800000, 0x00000000ee900000, 0x00000000ee900000|100%| E|CS|TAMS 0x00000000ee800000, 0x00000000ee900000| Complete 
| 233|0x00000000ee900000, 0x00000000eea00000, 0x00000000eea00000|100%| E|CS|TAMS 0x00000000ee900000, 0x00000000eea00000| Complete 
| 234|0x00000000eea00000, 0x00000000eeb00000, 0x00000000eeb00000|100%| E|CS|TAMS 0x00000000eea00000, 0x00000000eeb00000| Complete 
| 235|0x00000000eeb00000, 0x00000000eec00000, 0x00000000eec00000|100%| E|CS|TAMS 0x00000000eeb00000, 0x00000000eec00000| Complete 
| 236|0x00000000eec00000, 0x00000000eed00000, 0x00000000eed00000|100%| E|CS|TAMS 0x00000000eec00000, 0x00000000eed00000| Complete 
| 237|0x00000000eed00000, 0x00000000eee00000, 0x00000000eee00000|100%| E|CS|TAMS 0x00000000eed00000, 0x00000000eee00000| Complete 
| 238|0x00000000eee00000, 0x00000000eef00000, 0x00000000eef00000|100%| E|CS|TAMS 0x00000000eee00000, 0x00000000eef00000| Complete 
| 239|0x00000000eef00000, 0x00000000ef000000, 0x00000000ef000000|100%| E|CS|TAMS 0x00000000eef00000, 0x00000000ef000000| Complete 
| 240|0x00000000ef000000, 0x00000000ef100000, 0x00000000ef100000|100%| E|CS|TAMS 0x00000000ef000000, 0x00000000ef100000| Complete 
| 241|0x00000000ef100000, 0x00000000ef200000, 0x00000000ef200000|100%| E|CS|TAMS 0x00000000ef100000, 0x00000000ef200000| Complete 
| 242|0x00000000ef200000, 0x00000000ef300000, 0x00000000ef300000|100%| E|CS|TAMS 0x00000000ef200000, 0x00000000ef300000| Complete 
| 243|0x00000000ef300000, 0x00000000ef400000, 0x00000000ef400000|100%| E|CS|TAMS 0x00000000ef300000, 0x00000000ef400000| Complete 
| 244|0x00000000ef400000, 0x00000000ef500000, 0x00000000ef500000|100%| E|CS|TAMS 0x00000000ef400000, 0x00000000ef500000| Complete 
| 245|0x00000000ef500000, 0x00000000ef600000, 0x00000000ef600000|100%| E|CS|TAMS 0x00000000ef500000, 0x00000000ef600000| Complete 
| 246|0x00000000ef600000, 0x00000000ef700000, 0x00000000ef700000|100%| E|CS|TAMS 0x00000000ef600000, 0x00000000ef700000| Complete 
| 247|0x00000000ef700000, 0x00000000ef800000, 0x00000000ef800000|100%| E|CS|TAMS 0x00000000ef700000, 0x00000000ef800000| Complete 
| 248|0x00000000ef800000, 0x00000000ef900000, 0x00000000ef900000|100%| E|CS|TAMS 0x00000000ef800000, 0x00000000ef900000| Complete 
| 249|0x00000000ef900000, 0x00000000efa00000, 0x00000000efa00000|100%| E|CS|TAMS 0x00000000ef900000, 0x00000000efa00000| Complete 
| 250|0x00000000efa00000, 0x00000000efb00000, 0x00000000efb00000|100%| E|CS|TAMS 0x00000000efa00000, 0x00000000efb00000| Complete 
| 251|0x00000000efb00000, 0x00000000efc00000, 0x00000000efc00000|100%| E|CS|TAMS 0x00000000efb00000, 0x00000000efc00000| Complete 
| 252|0x00000000efc00000, 0x00000000efd00000, 0x00000000efd00000|100%| E|CS|TAMS 0x00000000efc00000, 0x00000000efd00000| Complete 
| 253|0x00000000efd00000, 0x00000000efe00000, 0x00000000efe00000|100%| E|CS|TAMS 0x00000000efd00000, 0x00000000efe00000| Complete 
| 254|0x00000000efe00000, 0x00000000eff00000, 0x00000000eff00000|100%| E|CS|TAMS 0x00000000efe00000, 0x00000000eff00000| Complete 
| 255|0x00000000eff00000, 0x00000000f0000000, 0x00000000f0000000|100%| E|CS|TAMS 0x00000000eff00000, 0x00000000f0000000| Complete 

Card table byte_map: [0x00000253ae370000,0x00000253ae470000] _byte_map_base: 0x00000253adc70000

Marking Bits (Prev, Next): (CMBitMap*) 0x0000025396ca33a0, (CMBitMap*) 0x0000025396ca33e0
 Prev Bits: [0x00000253ae570000, 0x00000253aed70000)
 Next Bits: [0x00000253aed70000, 0x00000253af570000)

Polling page: 0x0000025395380000

Metaspace:

Usage:
  Non-class:     50.03 MB used.
      Class:      8.12 MB used.
       Both:     58.15 MB used.

Virtual space:
  Non-class space:       64.00 MB reserved,      50.25 MB ( 79%) committed,  1 nodes.
      Class space:      320.00 MB reserved,       8.44 MB (  3%) committed,  1 nodes.
             Both:      384.00 MB reserved,      58.69 MB ( 15%) committed. 

Chunk freelists:
   Non-Class:  13.75 MB
       Class:  7.53 MB
        Both:  21.28 MB

MaxMetaspaceSize: 384.00 MB
CompressedClassSpaceSize: 320.00 MB
Initial GC threshold: 21.00 MB
Current GC threshold: 58.69 MB
CDS: on
MetaspaceReclaimPolicy: balanced
 - commit_granule_bytes: 65536.
 - commit_granule_words: 8192.
 - virtual_space_node_default_size: 8388608.
 - enlarge_chunks_in_place: 1.
 - new_chunks_are_fully_committed: 0.
 - uncommit_free_chunks: 1.
 - use_allocation_guard: 0.
 - handle_deallocations: 1.


Internal statistics:

num_allocs_failed_limit: 9.
num_arena_births: 630.
num_arena_deaths: 0.
num_vsnodes_births: 2.
num_vsnodes_deaths: 0.
num_space_committed: 939.
num_space_uncommitted: 0.
num_chunks_returned_to_freelist: 9.
num_chunks_taken_from_freelist: 3019.
num_chunk_merges: 9.
num_chunk_splits: 2004.
num_chunks_enlarged: 1364.
num_inconsistent_stats: 0.

CodeHeap 'non-profiled nmethods': size=120000Kb used=5764Kb max_used=5764Kb free=114235Kb
 bounds [0x00000253a62e0000, 0x00000253a6890000, 0x00000253ad810000]
CodeHeap 'profiled nmethods': size=120000Kb used=17945Kb max_used=17945Kb free=102054Kb
 bounds [0x000002539e810000, 0x000002539f9a0000, 0x00000253a5d40000]
CodeHeap 'non-nmethods': size=5760Kb used=2341Kb max_used=2472Kb free=3418Kb
 bounds [0x00000253a5d40000, 0x00000253a5fc0000, 0x00000253a62e0000]
 total_blobs=9962 nmethods=9098 adapters=774
 compilation: enabled
              stopped_count=0, restarted_count=0
 full_count=0

Compilation events (20 events):
Event: 23.171 Thread 0x00000253b1feb990 nmethod 9894 0x00000253a6880790 code [0x00000253a6880920, 0x00000253a6880c88]
Event: 23.171 Thread 0x00000253b1feb990 9898       4       java.lang.Class::getPackageName (81 bytes)
Event: 23.172 Thread 0x00000253b1fec350 9903       3       groovy.lang.MetaClassImpl::applyStrayPropertyMethods (288 bytes)
Event: 23.174 Thread 0x00000253b1fec350 nmethod 9903 0x000002539f98f190 code [0x000002539f98f640, 0x000002539f9920b8]
Event: 23.174 Thread 0x00000253b1fec350 9904       3       org.codehaus.groovy.reflection.CachedClass$3::initValue (5 bytes)
Event: 23.174 Thread 0x00000253b1fec350 nmethod 9904 0x000002539f993010 code [0x000002539f9931c0, 0x000002539f993308]
Event: 23.174 Thread 0x00000253b1fec350 9905       3       org.codehaus.groovy.reflection.CachedClass$3$$Lambda$474/0x00000253b33ff1a0::run (8 bytes)
Event: 23.174 Thread 0x00000253b1fec350 nmethod 9905 0x000002539f993390 code [0x000002539f993540, 0x000002539f993688]
Event: 23.175 Thread 0x00000253b1fec350 9907       3       sun.reflect.generics.parser.SignatureParser::parseBounds (112 bytes)
Event: 23.176 Thread 0x00000253b1fec350 nmethod 9907 0x000002539f993790 code [0x000002539f993a60, 0x000002539f994978]
Event: 23.176 Thread 0x00000253b1fec350 9906       3       sun.reflect.generics.parser.SignatureParser::parseFormalTypeParameter (16 bytes)
Event: 23.176 Thread 0x00000253b1fec350 nmethod 9906 0x000002539f994e90 code [0x000002539f995080, 0x000002539f9955a8]
Event: 23.176 Thread 0x00000253b1fec350 9908       3       sun.reflect.generics.tree.FormalTypeParameter::make (10 bytes)
Event: 23.176 Thread 0x00000253b1fec350 nmethod 9908 0x000002539f995810 code [0x000002539f9959c0, 0x000002539f995c78]
Event: 23.176 Thread 0x00000253b1fec350 9910       3       com.google.common.reflect.TypeToken$4::visitClass (10 bytes)
Event: 23.176 Thread 0x00000253b1fec350 nmethod 9910 0x000002539f995d90 code [0x000002539f995f40, 0x000002539f996108]
Event: 23.176 Thread 0x00000253b1fec350 9911       3       java.util.IdentityHashMap::nextKeyIndex (15 bytes)
Event: 23.176 Thread 0x00000253b1fec350 nmethod 9911 0x000002539f996210 code [0x000002539f9963a0, 0x000002539f9964d8]
Event: 23.176 Thread 0x00000253b1fec350 9909       1       java.lang.reflect.AccessibleObject::isAccessible (5 bytes)
Event: 23.176 Thread 0x00000253b1fec350 nmethod 9909 0x00000253a6880e10 code [0x00000253a6880fa0, 0x00000253a6881078]

GC Heap History (13 events):
Event: 1.381 GC heap before
{Heap before GC invocations=0 (full 0):
 garbage-first heap   total 262144K, used 26624K [0x00000000e0000000, 0x0000000100000000)
  region size 1024K, 23 young (23552K), 0 survivors (0K)
 Metaspace       used 3091K, committed 3200K, reserved 393216K
  class space    used 396K, committed 448K, reserved 327680K
}
Event: 1.430 GC heap after
{Heap after GC invocations=1 (full 0):
 garbage-first heap   total 262144K, used 10651K [0x00000000e0000000, 0x0000000100000000)
  region size 1024K, 3 young (3072K), 3 survivors (3072K)
 Metaspace       used 3091K, committed 3200K, reserved 393216K
  class space    used 396K, committed 448K, reserved 327680K
}
Event: 2.338 GC heap before
{Heap before GC invocations=1 (full 0):
 garbage-first heap   total 262144K, used 36251K [0x00000000e0000000, 0x0000000100000000)
  region size 1024K, 28 young (28672K), 3 survivors (3072K)
 Metaspace       used 4032K, committed 4160K, reserved 393216K
  class space    used 497K, committed 576K, reserved 327680K
}
Event: 2.341 GC heap after
{Heap after GC invocations=2 (full 0):
 garbage-first heap   total 262144K, used 11704K [0x00000000e0000000, 0x0000000100000000)
  region size 1024K, 1 young (1024K), 1 survivors (1024K)
 Metaspace       used 4032K, committed 4160K, reserved 393216K
  class space    used 497K, committed 576K, reserved 327680K
}
Event: 6.478 GC heap before
{Heap before GC invocations=2 (full 0):
 garbage-first heap   total 262144K, used 132536K [0x00000000e0000000, 0x0000000100000000)
  region size 1024K, 119 young (121856K), 1 survivors (1024K)
 Metaspace       used 21186K, committed 21504K, reserved 393216K
  class space    used 3109K, committed 3264K, reserved 327680K
}
Event: 6.485 GC heap after
{Heap after GC invocations=3 (full 0):
 garbage-first heap   total 262144K, used 22833K [0x00000000e0000000, 0x0000000100000000)
  region size 1024K, 12 young (12288K), 12 survivors (12288K)
 Metaspace       used 21186K, committed 21504K, reserved 393216K
  class space    used 3109K, committed 3264K, reserved 327680K
}
Event: 9.612 GC heap before
{Heap before GC invocations=4 (full 0):
 garbage-first heap   total 262144K, used 132401K [0x00000000e0000000, 0x0000000100000000)
  region size 1024K, 116 young (118784K), 12 survivors (12288K)
 Metaspace       used 35655K, committed 35968K, reserved 393216K
  class space    used 4999K, committed 5120K, reserved 327680K
}
Event: 9.624 GC heap after
{Heap after GC invocations=5 (full 0):
 garbage-first heap   total 262144K, used 31090K [0x00000000e0000000, 0x0000000100000000)
  region size 1024K, 9 young (9216K), 9 survivors (9216K)
 Metaspace       used 35655K, committed 35968K, reserved 393216K
  class space    used 4999K, committed 5120K, reserved 327680K
}
Event: 14.840 GC heap before
{Heap before GC invocations=6 (full 0):
 garbage-first heap   total 262144K, used 180594K [0x00000000e0000000, 0x0000000100000000)
  region size 1024K, 153 young (156672K), 9 survivors (9216K)
 Metaspace       used 48167K, committed 48640K, reserved 393216K
  class space    used 6724K, committed 6912K, reserved 327680K
}
Event: 14.852 GC heap after
{Heap after GC invocations=7 (full 0):
 garbage-first heap   total 262144K, used 37786K [0x00000000e0000000, 0x0000000100000000)
  region size 1024K, 15 young (15360K), 15 survivors (15360K)
 Metaspace       used 48167K, committed 48640K, reserved 393216K
  class space    used 6724K, committed 6912K, reserved 327680K
}
Event: 22.157 GC heap before
{Heap before GC invocations=7 (full 0):
 garbage-first heap   total 262144K, used 178074K [0x00000000e0000000, 0x0000000100000000)
  region size 1024K, 153 young (156672K), 15 survivors (15360K)
 Metaspace       used 57581K, committed 58112K, reserved 393216K
  class space    used 8148K, committed 8384K, reserved 327680K
}
Event: 22.169 GC heap after
{Heap after GC invocations=8 (full 0):
 garbage-first heap   total 262144K, used 49686K [0x00000000e0000000, 0x0000000100000000)
  region size 1024K, 20 young (20480K), 20 survivors (20480K)
 Metaspace       used 57581K, committed 58112K, reserved 393216K
  class space    used 8148K, committed 8384K, reserved 327680K
}
Event: 23.177 GC heap before
{Heap before GC invocations=8 (full 0):
 garbage-first heap   total 262144K, used 162326K [0x00000000e0000000, 0x0000000100000000)
  region size 1024K, 131 young (134144K), 20 survivors (20480K)
 Metaspace       used 59547K, committed 60096K, reserved 393216K
  class space    used 8315K, committed 8640K, reserved 327680K
}

Deoptimization events (20 events):
Event: 23.137 Thread 0x00000253cb959fa0 DEOPT PACKING pc=0x00000253a63f33e4 sp=0x000000d1637fee60
Event: 23.137 Thread 0x00000253cb959fa0 DEOPT UNPACKING pc=0x00000253a5d923a3 sp=0x000000d1637fee58 mode 2
Event: 23.137 Thread 0x00000253cb9553b0 Uncommon trap: trap_request=0xffffffde fr.pc=0x00000253a62f6828 relative=0x0000000000000288
Event: 23.137 Thread 0x00000253cb9553b0 Uncommon trap: reason=class_check action=maybe_recompile pc=0x00000253a62f6828 method=java.util.stream.StreamOpFlag.fromCharacteristics(Ljava/util/Spliterator;)I @ 14 c2
Event: 23.137 Thread 0x00000253cb9553b0 DEOPT PACKING pc=0x00000253a62f6828 sp=0x000000d163cfe2e0
Event: 23.137 Thread 0x00000253cb9553b0 DEOPT UNPACKING pc=0x00000253a5d923a3 sp=0x000000d163cfe1c8 mode 2
Event: 23.139 Thread 0x00000253cbca6fc0 Uncommon trap: trap_request=0xffffffd6 fr.pc=0x00000253a66e4884 relative=0x0000000000000844
Event: 23.139 Thread 0x00000253cbca6fc0 Uncommon trap: reason=array_check action=maybe_recompile pc=0x00000253a66e4884 method=java.util.TimSort.binarySort([Ljava/lang/Object;IIILjava/util/Comparator;)V @ 193 c2
Event: 23.139 Thread 0x00000253cbca6fc0 DEOPT PACKING pc=0x00000253a66e4884 sp=0x000000d1612fe7a0
Event: 23.139 Thread 0x00000253cbca6fc0 DEOPT UNPACKING pc=0x00000253a5d923a3 sp=0x000000d1612fe738 mode 2
Event: 23.153 Thread 0x00000253cb9553b0 Uncommon trap: trap_request=0xffffffc6 fr.pc=0x00000253a63f33e4 relative=0x00000000000010c4
Event: 23.153 Thread 0x00000253cb9553b0 Uncommon trap: reason=bimorphic_or_optimized_type_check action=maybe_recompile pc=0x00000253a63f33e4 method=java.util.Collections$SetFromMap.remove(Ljava/lang/Object;)Z @ 5 c2
Event: 23.153 Thread 0x00000253cb9553b0 DEOPT PACKING pc=0x00000253a63f33e4 sp=0x000000d163cfeb00
Event: 23.153 Thread 0x00000253cb9553b0 DEOPT UNPACKING pc=0x00000253a5d923a3 sp=0x000000d163cfeaf8 mode 2
Event: 23.153 Thread 0x00000253cb9553b0 Uncommon trap: trap_request=0xffffffde fr.pc=0x00000253a62f6828 relative=0x0000000000000288
Event: 23.153 Thread 0x00000253cb9553b0 Uncommon trap: reason=class_check action=maybe_recompile pc=0x00000253a62f6828 method=java.util.stream.StreamOpFlag.fromCharacteristics(Ljava/util/Spliterator;)I @ 14 c2
Event: 23.153 Thread 0x00000253cb9553b0 DEOPT PACKING pc=0x00000253a62f6828 sp=0x000000d163cfe2e0
Event: 23.153 Thread 0x00000253cb9553b0 DEOPT UNPACKING pc=0x00000253a5d923a3 sp=0x000000d163cfe1c8 mode 2
Event: 23.170 Thread 0x00000253cc298540 DEOPT PACKING pc=0x000002539f3418ee sp=0x000000d160ff8e50
Event: 23.170 Thread 0x00000253cc298540 DEOPT UNPACKING pc=0x00000253a5d92b43 sp=0x000000d160ff8300 mode 0

Classes unloaded (0 events):
No events

Classes redefined (0 events):
No events

Internal exceptions (20 events):
Event: 21.995 Thread 0x00000253cb959fa0 Exception <a 'java/lang/ClassNotFoundException'{0x00000000e8059000}: org/gradle/api/plugins/internal/NaggingJavaPluginConventionBeanInfo> (0x00000000e8059000) 
thrown [s\open\src\hotspot\share\classfile\systemDictionary.cpp, line 256]
Event: 21.995 Thread 0x00000253cb959fa0 Exception <a 'java/lang/ClassNotFoundException'{0x00000000e80659d8}: org/gradle/api/plugins/JavaPluginConventionBeanInfo> (0x00000000e80659d8) 
thrown [s\open\src\hotspot\share\classfile\systemDictionary.cpp, line 256]
Event: 21.996 Thread 0x00000253cb959fa0 Exception <a 'java/lang/ClassNotFoundException'{0x00000000e8072690}: org/gradle/api/plugins/JavaPluginConventionCustomizer> (0x00000000e8072690) 
thrown [s\open\src\hotspot\share\classfile\systemDictionary.cpp, line 256]
Event: 21.997 Thread 0x00000253cb959fa0 Exception <a 'java/lang/ClassNotFoundException'{0x00000000e80932a8}: org/gradle/api/plugins/internal/NaggingJavaPluginConventionCustomizer> (0x00000000e80932a8) 
thrown [s\open\src\hotspot\share\classfile\systemDictionary.cpp, line 256]
Event: 22.590 Thread 0x00000253cb959fa0 Implicit null exception at 0x00000253a63d5ef5 to 0x00000253a63d6514
Event: 22.590 Thread 0x00000253cb959fa0 Implicit null exception at 0x00000253a6334ef2 to 0x00000253a633550c
Event: 23.014 Thread 0x00000253cb959fa0 Exception <a 'java/lang/NoSuchMethodError'{0x00000000e9e8ad18}: 'void java.lang.invoke.DirectMethodHandle$Holder.invokeVirtual(java.lang.Object, java.lang.Object, java.lang.Object, java.lang.Object)'> (0x00000000e9e8ad18) 
thrown [s\open\src\hotspot\share\interpreter\linkResolver.cpp, line 759]
Event: 23.115 Thread 0x00000253cb959fa0 Exception <a 'java/lang/NoSuchMethodError'{0x00000000e9659108}: 'int java.lang.invoke.DirectMethodHandle$Holder.invokeStaticInit(java.lang.Object, java.lang.Object, java.lang.Object, java.lang.Object, java.lang.Object)'> (0x00000000e9659108) 
thrown [s\open\src\hotspot\share\interpreter\linkResolver.cpp, line 759]
Event: 23.137 Thread 0x00000253cbca6fc0 Exception <a 'java/lang/NoSuchMethodError'{0x00000000eff08ef8}: static Lorg/gradle/internal/build/event/types/DefaultTaskFinishedProgressEvent;.<clinit>()V> (0x00000000eff08ef8) 
thrown [s\open\src\hotspot\share\prims\jni.cpp, line 1107]
Event: 23.138 Thread 0x00000253cbca6fc0 Exception <a 'java/lang/NoSuchMethodError'{0x00000000e94124c0}: static Lorg/gradle/internal/build/event/types/DefaultTaskSuccessResult;.<clinit>()V> (0x00000000e94124c0) 
thrown [s\open\src\hotspot\share\prims\jni.cpp, line 1107]
Event: 23.139 Thread 0x00000253cbca6fc0 Exception <a 'java/lang/NoSuchMethodError'{0x00000000e9413730}: static Lorg/gradle/internal/build/event/types/AbstractTaskResult;.<clinit>()V> (0x00000000e9413730) 
thrown [s\open\src\hotspot\share\prims\jni.cpp, line 1107]
Event: 23.139 Thread 0x00000253cbca6fc0 Exception <a 'java/lang/NoSuchMethodError'{0x00000000e9414c58}: static Lorg/gradle/internal/build/event/types/AbstractResult;.<clinit>()V> (0x00000000e9414c58) 
thrown [s\open\src\hotspot\share\prims\jni.cpp, line 1107]
Event: 23.162 Thread 0x00000253cc298540 Exception <a 'java/lang/ClassNotFoundException'{0x00000000e9346cd0}: OutputPathCollectorService$Params$InjectBeanInfo> (0x00000000e9346cd0) 
thrown [s\open\src\hotspot\share\classfile\systemDictionary.cpp, line 256]
Event: 23.162 Thread 0x00000253cc298540 Exception <a 'java/lang/ClassNotFoundException'{0x00000000e934f880}: OutputPathCollectorService$Params$InjectCustomizer> (0x00000000e934f880) 
thrown [s\open\src\hotspot\share\classfile\systemDictionary.cpp, line 256]
Event: 23.165 Thread 0x00000253cc298540 Exception <a 'java/lang/ClassNotFoundException'{0x00000000e9385a38}: org/gradle/api/internal/tasks/TaskStateInternalBeanInfo> (0x00000000e9385a38) 
thrown [s\open\src\hotspot\share\classfile\systemDictionary.cpp, line 256]
Event: 23.166 Thread 0x00000253cc298540 Exception <a 'java/lang/ClassNotFoundException'{0x00000000e938efc8}: org/gradle/api/internal/tasks/TaskStateInternalCustomizer> (0x00000000e938efc8) 
thrown [s\open\src\hotspot\share\classfile\systemDictionary.cpp, line 256]
Event: 23.171 Thread 0x00000253cc298540 Exception <a 'java/lang/ClassNotFoundException'{0x00000000e92afdd0}: java/lang/StringBeanInfo> (0x00000000e92afdd0) 
thrown [s\open\src\hotspot\share\classfile\systemDictionary.cpp, line 256]
Event: 23.171 Thread 0x00000253cc298540 Exception <a 'java/lang/ClassNotFoundException'{0x00000000e92b4e40}: java/lang/StringCustomizer> (0x00000000e92b4e40) 
thrown [s\open\src\hotspot\share\classfile\systemDictionary.cpp, line 256]
Event: 23.174 Thread 0x00000253cc298540 Exception <a 'java/lang/ClassNotFoundException'{0x00000000e91020d8}: org/gradle/api/internal/tasks/DefaultTaskOutputsBeanInfo> (0x00000000e91020d8) 
thrown [s\open\src\hotspot\share\classfile\systemDictionary.cpp, line 256]
Event: 23.174 Thread 0x00000253cc298540 Exception <a 'java/lang/ClassNotFoundException'{0x00000000e910b668}: org/gradle/api/internal/tasks/DefaultTaskOutputsCustomizer> (0x00000000e910b668) 
thrown [s\open\src\hotspot\share\classfile\systemDictionary.cpp, line 256]

VM Operations (20 events):
Event: 21.169 Executing VM operation: Cleanup done
Event: 22.157 Executing VM operation: G1CollectForAllocation
Event: 22.170 Executing VM operation: G1CollectForAllocation done
Event: 22.479 Executing VM operation: HandshakeAllThreads
Event: 22.479 Executing VM operation: HandshakeAllThreads done
Event: 22.488 Executing VM operation: ICBufferFull
Event: 22.488 Executing VM operation: ICBufferFull done
Event: 22.596 Executing VM operation: HandshakeAllThreads
Event: 22.597 Executing VM operation: HandshakeAllThreads done
Event: 22.770 Executing VM operation: ICBufferFull
Event: 22.770 Executing VM operation: ICBufferFull done
Event: 23.054 Executing VM operation: ICBufferFull
Event: 23.055 Executing VM operation: ICBufferFull done
Event: 23.123 Executing VM operation: HandshakeAllThreads
Event: 23.123 Executing VM operation: HandshakeAllThreads done
Event: 23.135 Executing VM operation: HandshakeAllThreads
Event: 23.136 Executing VM operation: HandshakeAllThreads done
Event: 23.163 Executing VM operation: ICBufferFull
Event: 23.163 Executing VM operation: ICBufferFull done
Event: 23.177 Executing VM operation: CollectForMetadataAllocation

Events (20 events):
Event: 22.697 Thread 0x00000253ce444d70 Thread added: 0x00000253ce444d70
Event: 22.703 Thread 0x00000253ce440690 Thread added: 0x00000253ce440690
Event: 22.723 Thread 0x00000253ce445790 Thread added: 0x00000253ce445790
Event: 22.731 Thread 0x00000253ce4424f0 Thread added: 0x00000253ce4424f0
Event: 22.767 Thread 0x00000253ce440ba0 Thread added: 0x00000253ce440ba0
Event: 22.773 Thread 0x00000253ce440180 Thread added: 0x00000253ce440180
Event: 22.780 Thread 0x00000253ce442a00 Thread added: 0x00000253ce442a00
Event: 22.815 Thread 0x00000253ce4415c0 Thread added: 0x00000253ce4415c0
Event: 22.975 loading class sun/nio/cs/ISO_8859_1$Decoder
Event: 22.976 loading class sun/nio/cs/ISO_8859_1$Decoder done
Event: 23.157 loading class java/util/concurrent/ConcurrentLinkedQueue$Itr
Event: 23.157 loading class java/util/concurrent/ConcurrentLinkedQueue$Itr done
Event: 23.171 loading class java/lang/StringBeanInfo
Event: 23.171 loading class java/lang/StringBeanInfo done
Event: 23.171 loading class java/lang/StringBeanInfo
Event: 23.171 loading class java/lang/StringBeanInfo done
Event: 23.171 loading class java/lang/StringCustomizer
Event: 23.171 loading class java/lang/StringCustomizer done
Event: 23.171 loading class java/lang/StringCustomizer
Event: 23.171 loading class java/lang/StringCustomizer done


Dynamic libraries:
0x00007ff658850000 - 0x00007ff658860000 	C:\Program Files\Java\jdk-17\bin\java.exe
0x00007ffd64cc0000 - 0x00007ffd64eae000 	C:\Windows\SYSTEM32\ntdll.dll
0x00007ffd62520000 - 0x00007ffd625d3000 	C:\Windows\System32\KERNEL32.DLL
0x00007ffd61000000 - 0x00007ffd6129d000 	C:\Windows\System32\KERNELBASE.dll
0x00007ffd60d40000 - 0x00007ffd60e3a000 	C:\Windows\System32\ucrtbase.dll
0x00007ffd5f1d0000 - 0x00007ffd5f1e9000 	C:\Program Files\Java\jdk-17\bin\jli.dll
0x00007ffd5c380000 - 0x00007ffd5c39b000 	C:\Program Files\Java\jdk-17\bin\VCRUNTIME140.dll
0x00007ffd64990000 - 0x00007ffd64a37000 	C:\Windows\System32\ADVAPI32.dll
0x00007ffd64a40000 - 0x00007ffd64ade000 	C:\Windows\System32\msvcrt.dll
0x00007ffd63e80000 - 0x00007ffd63f1f000 	C:\Windows\System32\sechost.dll
0x00007ffd623a0000 - 0x00007ffd624be000 	C:\Windows\System32\RPCRT4.dll
0x00007ffd64690000 - 0x00007ffd64827000 	C:\Windows\System32\USER32.dll
0x00007ffd60fe0000 - 0x00007ffd61000000 	C:\Windows\System32\win32u.dll
0x00007ffd64560000 - 0x00007ffd64589000 	C:\Windows\System32\GDI32.dll
0x00007ffd521c0000 - 0x00007ffd52439000 	C:\Windows\WinSxS\amd64_microsoft.windows.common-controls_6595b64144ccf1df_6.0.17763.5206_none_de6d611a534ecc77\COMCTL32.dll
0x00007ffd612a0000 - 0x00007ffd6144b000 	C:\Windows\System32\gdi32full.dll
0x00007ffd60ef0000 - 0x00007ffd60f90000 	C:\Windows\System32\msvcp_win.dll
0x00007ffd62060000 - 0x00007ffd6238b000 	C:\Windows\System32\combase.dll
0x00007ffd61710000 - 0x00007ffd61792000 	C:\Windows\System32\bcryptPrimitives.dll
0x00007ffd60a10000 - 0x00007ffd60a1a000 	C:\Windows\SYSTEM32\VERSION.dll
0x00007ffd644d0000 - 0x00007ffd644fe000 	C:\Windows\System32\IMM32.DLL
0x0000000057030000 - 0x000000005703d000 	C:\Program Files (x86)\360\360Safe\safemon\SafeWrapper.dll
0x00007ffd50250000 - 0x00007ffd502fc000 	C:\Program Files (x86)\360\360Safe\safemon\libzdtp64.dll
0x00007ffd62750000 - 0x00007ffd63c48000 	C:\Windows\System32\SHELL32.dll
0x00007ffd60f90000 - 0x00007ffd60fda000 	C:\Windows\System32\cfgmgr32.dll
0x00007ffd63dd0000 - 0x00007ffd63e77000 	C:\Windows\System32\shcore.dll
0x00007ffd617a0000 - 0x00007ffd61ee7000 	C:\Windows\System32\windows.storage.dll
0x00007ffd60cb0000 - 0x00007ffd60cd3000 	C:\Windows\System32\profapi.dll
0x00007ffd60ce0000 - 0x00007ffd60d3d000 	C:\Windows\System32\powrprof.dll
0x00007ffd63d10000 - 0x00007ffd63d62000 	C:\Windows\System32\shlwapi.dll
0x00007ffd60c70000 - 0x00007ffd60c81000 	C:\Windows\System32\kernel.appcore.dll
0x00007ffd60e40000 - 0x00007ffd60e5b000 	C:\Windows\System32\cryptsp.dll
0x00007ffd5c990000 - 0x00007ffd5c99c000 	C:\Program Files\Java\jdk-17\bin\vcruntime140_1.dll
0x00007ffd4fbb0000 - 0x00007ffd4fc3e000 	C:\Program Files\Java\jdk-17\bin\msvcp140.dll
0x00007ffd2b820000 - 0x00007ffd2c401000 	C:\Program Files\Java\jdk-17\bin\server\jvm.dll
0x00007ffd62390000 - 0x00007ffd62398000 	C:\Windows\System32\PSAPI.DLL
0x00007ffd5f680000 - 0x00007ffd5f689000 	C:\Windows\SYSTEM32\WSOCK32.dll
0x00007ffd61f00000 - 0x00007ffd61f6d000 	C:\Windows\System32\WS2_32.dll
0x00007ffd5e360000 - 0x00007ffd5e384000 	C:\Windows\SYSTEM32\WINMM.dll
0x00007ffd5e330000 - 0x00007ffd5e35d000 	C:\Windows\SYSTEM32\winmmbase.dll
0x00007ffd5c950000 - 0x00007ffd5c95a000 	C:\Program Files\Java\jdk-17\bin\jimage.dll
0x00007ffd604c0000 - 0x00007ffd606ad000 	C:\Windows\SYSTEM32\DBGHELP.DLL
0x00007ffd60490000 - 0x00007ffd604ba000 	C:\Windows\SYSTEM32\dbgcore.DLL
0x00007ffd5c490000 - 0x00007ffd5c49e000 	C:\Program Files\Java\jdk-17\bin\instrument.dll
0x00007ffd5b320000 - 0x00007ffd5b345000 	C:\Program Files\Java\jdk-17\bin\java.dll
0x00007ffd45190000 - 0x00007ffd45267000 	C:\Program Files\Java\jdk-17\bin\jsvml.dll
0x00007ffd5c280000 - 0x00007ffd5c298000 	C:\Program Files\Java\jdk-17\bin\zip.dll
0x00007ffd5c180000 - 0x00007ffd5c199000 	C:\Program Files\Java\jdk-17\bin\net.dll
0x00007ffd58a10000 - 0x00007ffd58b0d000 	C:\Windows\SYSTEM32\WINHTTP.dll
0x00007ffd5ff10000 - 0x00007ffd5ff77000 	C:\Windows\system32\mswsock.dll
0x00007ffd55d60000 - 0x00007ffd55d76000 	C:\Program Files\Java\jdk-17\bin\nio.dll
0x00007ffd5c150000 - 0x00007ffd5c160000 	C:\Program Files\Java\jdk-17\bin\verify.dll
0x00007ffd57e70000 - 0x00007ffd57e97000 	C:\Users\SXRBS\.gradle\native\c067742578af261105cb4f569cf0c3c89f3d7b1fecec35dd04571415982c5e48\windows-amd64\native-platform.dll
0x00007ffd2e9a0000 - 0x00007ffd2eae4000 	C:\Users\SXRBS\.gradle\native\38dada09dfb8b06ba9b0570ebf7e218e3eb74d4ef43ca46872605cf95ebc2f47\windows-amd64\native-platform-file-events.dll
0x00007ffd58910000 - 0x00007ffd5891a000 	C:\Program Files\Java\jdk-17\bin\management.dll
0x00007ffd57e60000 - 0x00007ffd57e6b000 	C:\Program Files\Java\jdk-17\bin\management_ext.dll
0x00007ffd5faf0000 - 0x00007ffd5fb23000 	C:\Windows\system32\rsaenh.dll
0x00007ffd60e60000 - 0x00007ffd60e86000 	C:\Windows\System32\bcrypt.dll
0x00007ffd60b70000 - 0x00007ffd60b99000 	C:\Windows\SYSTEM32\USERENV.dll
0x00007ffd60140000 - 0x00007ffd6014c000 	C:\Windows\SYSTEM32\CRYPTBASE.dll
0x00007ffd601b0000 - 0x00007ffd601ed000 	C:\Windows\SYSTEM32\IPHLPAPI.DLL
0x00007ffd61ef0000 - 0x00007ffd61ef8000 	C:\Windows\System32\NSI.dll
0x00007ffd59670000 - 0x00007ffd59686000 	C:\Windows\SYSTEM32\dhcpcsvc6.DLL
0x00007ffd59650000 - 0x00007ffd5966c000 	C:\Windows\SYSTEM32\dhcpcsvc.DLL
0x00007ffd5fc80000 - 0x00007ffd5fd46000 	C:\Windows\SYSTEM32\DNSAPI.dll
0x00007ffd55cc0000 - 0x00007ffd55cce000 	C:\Program Files\Java\jdk-17\bin\sunmscapi.dll
0x00007ffd61450000 - 0x00007ffd61654000 	C:\Windows\System32\CRYPT32.dll
0x00007ffd60c90000 - 0x00007ffd60ca2000 	C:\Windows\System32\MSASN1.dll
0x00007ffd60340000 - 0x00007ffd6036c000 	C:\Windows\SYSTEM32\ncrypt.dll
0x00007ffd60300000 - 0x00007ffd6033c000 	C:\Windows\SYSTEM32\NTASN1.dll
0x00007ffd5caa0000 - 0x00007ffd5caa7000 	C:\Windows\system32\wshunix.dll

dbghelp: loaded successfully - version: 4.0.5 - missing functions: none
symbol engine: initialized successfully - sym options: 0x614 - pdb path: .;C:\Program Files\Java\jdk-17\bin;C:\Windows\SYSTEM32;C:\Windows\WinSxS\amd64_microsoft.windows.common-controls_6595b64144ccf1df_6.0.17763.5206_none_de6d611a534ecc77;C:\Program Files (x86)\360\360Safe\safemon;C:\Program Files\Java\jdk-17\bin\server;C:\Users\SXRBS\.gradle\native\c067742578af261105cb4f569cf0c3c89f3d7b1fecec35dd04571415982c5e48\windows-amd64;C:\Users\SXRBS\.gradle\native\38dada09dfb8b06ba9b0570ebf7e218e3eb74d4ef43ca46872605cf95ebc2f47\windows-amd64

VM Arguments:
jvm_args: --add-opens=java.base/java.util=ALL-UNNAMED --add-opens=java.base/java.lang=ALL-UNNAMED --add-opens=java.base/java.lang.invoke=ALL-UNNAMED --add-opens=java.prefs/java.util.prefs=ALL-UNNAMED --add-opens=java.base/java.nio.charset=ALL-UNNAMED --add-opens=java.base/java.net=ALL-UNNAMED --add-opens=java.base/java.util.concurrent.atomic=ALL-UNNAMED -XX:MaxMetaspaceSize=384m -XX:+HeapDumpOnOutOfMemoryError -Xms256m -Xmx512m -Dfile.encoding=GBK -Duser.country=CN -Duser.language=zh -Duser.variant -javaagent:C:\Users\SXRBS\.gradle\wrapper\dists\gradle-8.5-bin\5t9huq95ubn472n8rpzujfbqh\gradle-8.5\lib\agents\gradle-instrumentation-agent-8.5.jar 
java_command: org.gradle.launcher.daemon.bootstrap.GradleDaemon 8.5
java_class_path (initial): C:\Users\SXRBS\.gradle\wrapper\dists\gradle-8.5-bin\5t9huq95ubn472n8rpzujfbqh\gradle-8.5\lib\gradle-launcher-8.5.jar
Launcher Type: SUN_STANDARD

[Global flags]
     intx CICompilerCount                          = 4                                         {product} {ergonomic}
   size_t CompressedClassSpaceSize                 = 335544320                                 {product} {ergonomic}
     uint ConcGCThreads                            = 2                                         {product} {ergonomic}
     uint G1ConcRefinementThreads                  = 8                                         {product} {ergonomic}
   size_t G1HeapRegionSize                         = 1048576                                   {product} {ergonomic}
    uintx GCDrainStackTargetSize                   = 64                                        {product} {ergonomic}
     bool HeapDumpOnOutOfMemoryError               = true                                   {manageable} {command line}
   size_t InitialHeapSize                          = 268435456                                 {product} {command line}
   size_t MarkStackSize                            = 4194304                                   {product} {ergonomic}
   size_t MaxHeapSize                              = 536870912                                 {product} {command line}
   size_t MaxMetaspaceSize                         = 402653184                                 {product} {command line}
   size_t MaxNewSize                               = 321912832                                 {product} {ergonomic}
   size_t MinHeapDeltaBytes                        = 1048576                                   {product} {ergonomic}
   size_t MinHeapSize                              = 268435456                                 {product} {command line}
    uintx NonNMethodCodeHeapSize                   = 5839372                                {pd product} {ergonomic}
    uintx NonProfiledCodeHeapSize                  = 122909434                              {pd product} {ergonomic}
    uintx ProfiledCodeHeapSize                     = 122909434                              {pd product} {ergonomic}
    uintx ReservedCodeCacheSize                    = 251658240                              {pd product} {ergonomic}
     bool SegmentedCodeCache                       = true                                      {product} {ergonomic}
   size_t SoftMaxHeapSize                          = 536870912                              {manageable} {ergonomic}
     bool UseCompressedClassPointers               = true                           {product lp64_product} {ergonomic}
     bool UseCompressedOops                        = true                           {product lp64_product} {ergonomic}
     bool UseG1GC                                  = true                                      {product} {ergonomic}
     bool UseLargePagesIndividualAllocation        = false                                  {pd product} {ergonomic}

Logging:
Log output configuration:
 #0: stdout all=warning uptime,level,tags
 #1: stderr all=off uptime,level,tags

Environment Variables:
JAVA_HOME=C:\Program Files\Java\jdk-17
PATH=C:\Program Files\Common Files\Oracle\Java\javapath;C:\Windows\system32;C:\Windows;C:\Windows\System32\Wbem;C:\Windows\System32\WindowsPowerShell\v1.0\;C:\Windows\System32\OpenSSH\;C:\Program Files\Java\jdk-17\bin;C:\Program Files\nodejs\;C:\Program Files\Redis;C:\Program Files\Microsoft SQL Server\150\Tools\Binn\;C:\Program Files\Microsoft SQL Server\Client SDK\ODBC\170\Tools\Binn\;C:\Program Files\dotnet\;C:\Program Files (x86)\Microsoft SQL Server\160\DTS\Binn\;C:\Program Files\Azure Data Studio\bin;C:\Program Files (x86)\NetSarang\Xshell 7\;C:\Program Files (x86)\NetSarang\Xftp 7\;C:\Users\SXRBS\AppData\Local\Microsoft\WindowsApps;C:\Users\SXRBS\AppData\Roaming\npm;C:\Users\SXRBS\AppData\Local\Programs\Microsoft VS Code\bin;C:\Users\SXRBS\.dotnet\tools;C:\Program Files\Azure Data Studio\bin
USERNAME=SXRBS
OS=Windows_NT
PROCESSOR_IDENTIFIER=Intel64 Family 6 Model 158 Stepping 9, GenuineIntel



---------------  S Y S T E M  ---------------

OS:
 Windows 10 , 64 bit Build 17763 (10.0.17763.4974)
OS uptime: 5 days 20:16 hours

CPU: total 8 (initial active 8) (4 cores per cpu, 2 threads per core) family 6 model 158 stepping 9 microcode 0x8e, cx8, cmov, fxsr, ht, mmx, 3dnowpref, sse, sse2, sse3, ssse3, sse4.1, sse4.2, popcnt, lzcnt, tsc, tscinvbit, avx, avx2, aes, erms, clmul, bmi1, bmi2, rtm, adx, fma, vzeroupper, clflush, clflushopt

Memory: 4k page, system-wide physical 32674M (18487M free)
TotalPageFile size 38962M (AvailPageFile size 17294M)
current process WorkingSet (physical memory assigned to process): 436M, peak: 439M
current process commit charge ("private bytes"): 518M, peak: 521M

vm_info: Java HotSpot(TM) 64-Bit Server VM (17.0.9+11-LTS-201) for windows-amd64 JRE (17.0.9+11-LTS-201), built on Oct 10 2023 23:16:06 by "mach5one" with MS VC++ 17.1 (VS2022)

END.
