#
# A fatal error has been detected by the Java Runtime Environment:
#
#  EXCEPTION_ACCESS_VIOLATION (0xc0000005) at pc=0x00007ffa61ca9ab7, pid=11656, tid=12052
#
# JRE version: OpenJDK Runtime Environment Temurin-17.0.10+7 (17.0.10+7) (build 17.0.10+7)
# Java VM: OpenJDK 64-Bit Server VM Temurin-17.0.10+7 (17.0.10+7, mixed mode, tiered, compressed oops, compressed class ptrs, parallel gc, windows-amd64)
# Problematic frame:
# V  [jvm.dll+0x6b9ab7]
#
# No core dump will be written. Minidumps are not enabled by default on client versions of Windows
#
# If you would like to submit a bug report, please visit:
#   https://github.com/adoptium/adoptium-support/issues
#

---------------  S U M M A R Y ------------

Command Line: --add-modules=ALL-SYSTEM --add-opens=java.base/java.util=ALL-UNNAMED --add-opens=java.base/java.lang=ALL-UNNAMED --add-opens=java.base/sun.nio.fs=ALL-UNNAMED -Declipse.application=org.eclipse.jdt.ls.core.id1 -Dosgi.bundles.defaultStartLevel=4 -Declipse.product=org.eclipse.jdt.ls.core.product -Djava.import.generatesMetadataFilesAtProjectRoot=false -DDetectVMInstallationsJob.disabled=true -Dfile.encoding=utf8 -XX:+UseParallelGC -XX:GCTimeRatio=4 -XX:AdaptiveSizePolicyWeight=90 -Dsun.zip.disableMemoryMapping=true -Xmx1G -Xms100m -Xlog:disable -javaagent:c:\Users\SXRBS\.vscode\extensions\redhat.java-1.28.1-win32-x64\lombok\lombok-1.18.31.jar c:\Users\SXRBS\.vscode\extensions\redhat.java-1.28.1-win32-x64\server\plugins\org.eclipse.equinox.launcher_1.6.700.v20231214-2017.jar -configuration c:\Users\SXRBS\AppData\Roaming\Code\User\globalStorage\redhat.java\1.28.1\config_ss_win -data c:\Users\SXRBS\AppData\Roaming\Code\User\workspaceStorage\c8669b37ec549c97780dae6a6d3fc7b2\redhat.java\ss_ws --stdio

Host: Intel(R) Core(TM) i7-7700 CPU @ 3.60GHz, 8 cores, 31G,  Windows 10 , 64 bit Build 17763 (10.0.17763.4974)
Time: Tue Feb 27 08:09:04 2024 中国标准时间 elapsed time: 63.489160 seconds (0d 0h 1m 3s)

---------------  T H R E A D  ---------------

Current thread (0x00000216feb5cb00):  GCTaskThread "GC Thread#3" [stack: 0x000000df3b600000,0x000000df3b700000] [id=12052]

Stack: [0x000000df3b600000,0x000000df3b700000],  sp=0x000000df3b6ff750,  free space=1021k
Native frames: (J=compiled Java code, j=interpreted, Vv=VM code, C=native code)
V  [jvm.dll+0x6b9ab7]
V  [jvm.dll+0x6b50d2]
V  [jvm.dll+0x6873fb]
V  [jvm.dll+0x6b5e3c]
V  [jvm.dll+0x6b41ff]
V  [jvm.dll+0x86226b]
V  [jvm.dll+0x8622b6]
V  [jvm.dll+0x7e3fba]
V  [jvm.dll+0x67c1b5]
C  [ucrtbase.dll+0x2268a]
C  [KERNEL32.DLL+0x17ac4]
C  [ntdll.dll+0x5a4e1]


siginfo: EXCEPTION_ACCESS_VIOLATION (0xc0000005), reading address 0x0000000602e0c108


Registers:
RAX=0x0000000602e0c100, RBX=0x000000df3b6ff8c0, RCX=0x0000000000000003, RDX=0x00000000ec248d48
RSP=0x000000df3b6ff750, RBP=0x00000000000c0000, RSI=0x00000000000b8313, RDI=0x0000000000000012
R8 =0x00000000c05c1820, R9 =0x0000000000000001, R10=0x0000000000000000, R11=0x00000216fc1eb300
R12=0x00000000c401d838, R13=0x000000000000000b, R14=0x00007ffa6218d7d0, R15=0x000000df3b6ff8c0
RIP=0x00007ffa61ca9ab7, EFLAGS=0x0000000000010206


Register to memory mapping:

RIP=0x00007ffa61ca9ab7 jvm.dll
RAX=0x0000000602e0c100 is an unknown value
RBX=0x000000df3b6ff8c0 points into unknown readable memory: 0x00007ffa61fa18b0 | b0 18 fa 61 fa 7f 00 00
RCX=0x0000000000000003 is an unknown value
RDX=0x00000000ec248d48 points into unknown readable memory: 0xc0c55df02004230e | 0e 23 04 20 f0 5d c5 c0
RSP=0x000000df3b6ff750 points into unknown readable memory: 0x000000df3b6ff8c0 | c0 f8 6f 3b df 00 00 00
RBP=0x00000000000c0000 is an unknown value
RSI=0x00000000000b8313 is an unknown value
RDI=0x0000000000000012 is an unknown value
R8 =0x00000000c05c1820 is an oop: java.lang.String 
{0x00000000c05c1820} - klass: 'java/lang/String'
 - string: "mbeans-descriptors.xml"
R9 =0x0000000000000001 is an unknown value
R10=0x0 is NULL
R11=0x00000216fc1eb300 points into unknown readable memory: 0x00000216e5ed0150 | 50 01 ed e5 16 02 00 00
R12=
[error occurred during error reporting (printing register info), id 0xc0000005, EXCEPTION_ACCESS_VIOLATION (0xc0000005) at pc=0x00007ffa61c79936]

Top of Stack: (sp=0x000000df3b6ff750)
0x000000df3b6ff750:   000000df3b6ff8c0 00000000000b82e1
0x000000df3b6ff760:   0000000000000008 00000000000c0000
0x000000df3b6ff770:   00007ffa61fa18e8 0000000000000000
0x000000df3b6ff780:   00000216fc1eb300 00000216e7940050
0x000000df3b6ff790:   00000000c0180000 00007ffa61ca50d2
0x000000df3b6ff7a0:   0000000000000202 000000df3b6ff8c0
0x000000df3b6ff7b0:   00000216fc1eb300 00000000c3094c00
0x000000df3b6ff7c0:   00000000000c0000 00007ffa61c773fb
0x000000df3b6ff7d0:   00000000000b8302 00007ffa61c667ef
0x000000df3b6ff7e0:   000000df3b6ff860 00007ffa61ca50d2
0x000000df3b6ff7f0:   00000000c0500000 00007ffa6218d7d0
0x000000df3b6ff800:   000000000000000b 00000000c401d838
0x000000df3b6ff810:   00000000c0500000 00007ffa61ca5e3c
0x000000df3b6ff820:   000000df3b6ff8c0 00000216fc1eb300
0x000000df3b6ff830:   00000000c0600000 00007ffa61c3da03
0x000000df3b6ff840:   00000216e7940190 00000000c0500000
0x000000df3b6ff850:   00000000c2b84480 0000000000000002
0x000000df3b6ff860:   000000000000000a 00000000057a0000
0x000000df3b6ff870:   000000df3a5fef40 00007ffa61fa18b0
0x000000df3b6ff880:   0000000000000001 00000216e7940190
0x000000df3b6ff890:   00000216fc1eb300 00007ffa61ca41ff
0x000000df3b6ff8a0:   00000216fc1eb300 0000021600000000
0x000000df3b6ff8b0:   000000000000000b 00000000c401d838
0x000000df3b6ff8c0:   00007ffa61fa18b0 00007ffa6218d7d0
0x000000df3b6ff8d0:   00000216fc1eb300 0000000000006e57
0x000000df3b6ff8e0:   00000000c05c1810 00000000c0548d48
0x000000df3b6ff8f0:   00000216e78d14a0 00000000057a0000
0x000000df3b6ff900:   0000000000000584 0000000025c14b66
0x000000df3b6ff910:   00000034b3a94eb8 00007ffa99314513
0x000000df3b6ff920:   000000df3a5ff090 00000216fd2e2270
0x000000df3b6ff930:   0000000000000000 0000000000000000
0x000000df3b6ff940:   0000000000000000 0000000025beae2c 

Instructions: (pc=0x00007ffa61ca9ab7)
0x00007ffa61ca99b7:   00 00 4c 89 64 24 38 4c 89 7c 24 40 48 c7 44 24
0x00007ffa61ca99c7:   48 ff ff ff ff 48 89 5c 24 20 e8 ea d7 fc ff 85
0x00007ffa61ca99d7:   c0 75 40 48 8b 84 24 90 00 00 00 48 8b 94 24 80
0x00007ffa61ca99e7:   00 00 00 48 8b ca 48 c1 e9 09 4c 8b 40 70 49 03
0x00007ffa61ca99f7:   c8 49 c1 e0 09 48 8b c1 48 c1 e0 09 4c 2b c0 4c
0x00007ffa61ca9a07:   03 c2 49 c1 e8 03 44 88 01 48 8b 4c 24 70 e8 66
0x00007ffa61ca9a17:   00 00 00 48 8b 0d 07 3e 4e 00 48 8d 04 b6 48 8d
0x00007ffa61ca9a27:   14 c1 48 8d 04 bf 48 8d 04 c1 48 3b c2 73 25 66
0x00007ffa61ca9a37:   66 0f 1f 84 00 00 00 00 00 8b 48 1c 81 e1 ff ff
0x00007ffa61ca9a47:   ff 07 81 c9 00 00 00 60 89 48 1c 48 83 c0 28 48
0x00007ffa61ca9a57:   3b c2 72 e5 4c 8d 9c 24 a0 00 00 00 49 8b 5b 30
0x00007ffa61ca9a67:   49 8b 6b 38 49 8b 73 40 49 8b e3 41 5f 41 5e 41
0x00007ffa61ca9a77:   5d 41 5c 5f c3 cc cc cc cc 48 83 ec 48 44 0f b6
0x00007ffa61ca9a87:   0d f6 98 4c 00 4c 8b d9 8b 0d 63 d8 45 00 4c 8b
0x00007ffa61ca9a97:   15 54 d8 45 00 45 84 c9 74 0f 44 8b 42 08 41 8b
0x00007ffa61ca9aa7:   c0 48 d3 e0 49 03 c2 eb 07 48 8b 42 08 44 8b c0
0x00007ffa61ca9ab7:   81 78 08 00 00 00 c0 73 3f 48 c7 44 24 28 00 00
0x00007ffa61ca9ac7:   00 00 48 8d 05 18 7e 2f 00 48 89 44 24 20 4c 89
0x00007ffa61ca9ad7:   5c 24 30 45 84 c9 74 08 49 d3 e0 4d 03 c2 eb 04
0x00007ffa61ca9ae7:   4c 8b 42 08 49 63 40 0c 4c 8d 0d 7a 2c 47 00 48
0x00007ffa61ca9af7:   8d 4c 24 20 41 ff 14 c1 48 83 c4 48 c3 cc cc cc
0x00007ffa61ca9b07:   cc cc cc cc cc cc cc cc cc 48 89 5c 24 18 55 56
0x00007ffa61ca9b17:   57 41 54 41 55 41 56 41 57 48 8b ec 48 81 ec 80
0x00007ffa61ca9b27:   00 00 00 48 8b 05 07 ef 48 00 48 33 c4 48 89 45
0x00007ffa61ca9b37:   f8 4c 8d b1 40 01 00 00 89 55 b4 44 8b fa 48 89
0x00007ffa61ca9b47:   4d b8 4c 8b e1 48 8d 55 b0 33 db 49 8b ce 89 5d
0x00007ffa61ca9b57:   b0 e8 73 8a 1a 00 4c 8d 2d e4 7d 2f 00 84 c0 0f
0x00007ffa61ca9b67:   84 87 00 00 00 4c 8d 25 5d d0 29 00 8b 7d b0 41
0x00007ffa61ca9b77:   8b cf e8 e2 6c ff ff 4c 89 6d c0 48 8b f0 48 89
0x00007ffa61ca9b87:   45 c8 85 ff 74 2e 83 ff 02 75 45 4c 8d 0d bf 7f
0x00007ffa61ca9b97:   2f 00 89 7c 24 20 41 b8 c7 07 00 00 48 8d 15 ce
0x00007ffa61ca9ba7:   7f 2f 00 b9 00 00 00 e0 e8 bc d8 b8 ff e8 17 32 


Stack slot to memory mapping:
stack at sp + 0 slots: 0x000000df3b6ff8c0 points into unknown readable memory: 0x00007ffa61fa18b0 | b0 18 fa 61 fa 7f 00 00
stack at sp + 1 slots: 0x00000000000b82e1 is an unknown value
stack at sp + 2 slots: 0x0000000000000008 is an unknown value
stack at sp + 3 slots: 0x00000000000c0000 is an unknown value
stack at sp + 4 slots: 0x00007ffa61fa18e8 jvm.dll
stack at sp + 5 slots: 0x0 is NULL
stack at sp + 6 slots: 0x00000216fc1eb300 points into unknown readable memory: 0x00000216e5ed0150 | 50 01 ed e5 16 02 00 00
stack at sp + 7 slots: 0x00000216e7940050 points into unknown readable memory: 0x00000000c00ff980 | 80 f9 0f c0 00 00 00 00


---------------  P R O C E S S  ---------------

Threads class SMR info:
_java_thread_list=0x00000216ff9ee940, length=30, elements={
0x00000216e78b69c0, 0x00000216fc277f30, 0x00000216fc279130, 0x00000216fd0fa550,
0x00000216fd117670, 0x00000216fd1181a0, 0x00000216fd11bcf0, 0x00000216fd11e900,
0x00000216fd122170, 0x00000216fd124a90, 0x00000216fd27af90, 0x00000216fe43c370,
0x00000216fe9b0450, 0x00000216fe8f3bd0, 0x00000216fe8f40b0, 0x00000216fed1cde0,
0x00000216fe9e3cc0, 0x00000216feeec830, 0x00000216feee9aa0, 0x00000216feeeaee0,
0x00000216feee9080, 0x00000216feeeb3f0, 0x00000216feeec320, 0x00000216feee9590,
0x00000216feee9fb0, 0x00000216feeea4c0, 0x00000216ff2795e0, 0x00000216ff27a000,
0x00000216859583d0, 0x00000216fe368050
}

Java Threads: ( => current thread )
  0x00000216e78b69c0 JavaThread "main" [_thread_blocked, id=10620, stack(0x000000df3a300000,0x000000df3a400000)]
  0x00000216fc277f30 JavaThread "Reference Handler" daemon [_thread_blocked, id=12188, stack(0x000000df3a600000,0x000000df3a700000)]
  0x00000216fc279130 JavaThread "Finalizer" daemon [_thread_blocked, id=12032, stack(0x000000df3a700000,0x000000df3a800000)]
  0x00000216fd0fa550 JavaThread "Signal Dispatcher" daemon [_thread_blocked, id=11952, stack(0x000000df3a800000,0x000000df3a900000)]
  0x00000216fd117670 JavaThread "Attach Listener" daemon [_thread_blocked, id=11948, stack(0x000000df3a900000,0x000000df3aa00000)]
  0x00000216fd1181a0 JavaThread "Service Thread" daemon [_thread_blocked, id=12148, stack(0x000000df3aa00000,0x000000df3ab00000)]
  0x00000216fd11bcf0 JavaThread "Monitor Deflation Thread" daemon [_thread_blocked, id=12012, stack(0x000000df3ab00000,0x000000df3ac00000)]
  0x00000216fd11e900 JavaThread "C2 CompilerThread0" daemon [_thread_blocked, id=12044, stack(0x000000df3ac00000,0x000000df3ad00000)]
  0x00000216fd122170 JavaThread "C1 CompilerThread0" daemon [_thread_blocked, id=12128, stack(0x000000df3ad00000,0x000000df3ae00000)]
  0x00000216fd124a90 JavaThread "Sweeper thread" daemon [_thread_blocked, id=12140, stack(0x000000df3ae00000,0x000000df3af00000)]
  0x00000216fd27af90 JavaThread "Common-Cleaner" daemon [_thread_blocked, id=11936, stack(0x000000df3af00000,0x000000df3b000000)]
  0x00000216fe43c370 JavaThread "Notification Thread" daemon [_thread_blocked, id=12120, stack(0x000000df3b100000,0x000000df3b200000)]
  0x00000216fe9b0450 JavaThread "Active Thread: Equinox Container: 9832daef-1ee6-44b3-b850-49c1db88de8f" [_thread_blocked, id=12248, stack(0x000000df3ba00000,0x000000df3bb00000)]
  0x00000216fe8f3bd0 JavaThread "Framework Event Dispatcher: Equinox Container: 9832daef-1ee6-44b3-b850-49c1db88de8f" daemon [_thread_blocked, id=11292, stack(0x000000df3bb00000,0x000000df3bc00000)]
  0x00000216fe8f40b0 JavaThread "Start Level: Equinox Container: 9832daef-1ee6-44b3-b850-49c1db88de8f" daemon [_thread_blocked, id=10112, stack(0x000000df3bc00000,0x000000df3bd00000)]
  0x00000216fed1cde0 JavaThread "SCR Component Actor" daemon [_thread_blocked, id=9596, stack(0x000000df3bd00000,0x000000df3be00000)]
  0x00000216fe9e3cc0 JavaThread "Worker-JM" [_thread_blocked, id=8952, stack(0x000000df3b000000,0x000000df3b100000)]
  0x00000216feeec830 JavaThread "Worker-0" [_thread_blocked, id=10624, stack(0x000000df3c100000,0x000000df3c200000)]
  0x00000216feee9aa0 JavaThread "Worker-1" [_thread_blocked, id=8100, stack(0x000000df3c200000,0x000000df3c300000)]
  0x00000216feeeaee0 JavaThread "Worker-2" [_thread_blocked, id=8136, stack(0x000000df3c300000,0x000000df3c400000)]
  0x00000216feee9080 JavaThread "JNA Cleaner" daemon [_thread_blocked, id=12296, stack(0x000000df3c400000,0x000000df3c500000)]
  0x00000216feeeb3f0 JavaThread "pool-2-thread-1" [_thread_blocked, id=12308, stack(0x000000df3c500000,0x000000df3c600000)]
  0x00000216feeec320 JavaThread "WorkspaceEventsHandler" [_thread_blocked, id=12380, stack(0x000000df3c600000,0x000000df3c700000)]
  0x00000216feee9590 JavaThread "pool-1-thread-1" [_thread_in_native, id=12384, stack(0x000000df3c700000,0x000000df3c800000)]
  0x00000216feee9fb0 JavaThread "Worker-3" [_thread_blocked, id=12488, stack(0x000000df3b300000,0x000000df3b400000)]
  0x00000216feeea4c0 JavaThread "ForkJoinPool.commonPool-worker-1" daemon [_thread_blocked, id=12512, stack(0x000000df3c800000,0x000000df3c900000)]
  0x00000216ff2795e0 JavaThread "ForkJoinPool.commonPool-worker-2" daemon [_thread_blocked, id=12516, stack(0x000000df3c900000,0x000000df3ca00000)]
  0x00000216ff27a000 JavaThread "ForkJoinPool.commonPool-worker-3" daemon [_thread_blocked, id=12520, stack(0x000000df3ca00000,0x000000df3cb00000)]
  0x00000216859583d0 JavaThread "C2 CompilerThread1" daemon [_thread_blocked, id=11576, stack(0x000000df3a000000,0x000000df3a100000)]
  0x00000216fe368050 JavaThread "C2 CompilerThread2" daemon [_thread_blocked, id=11568, stack(0x000000df3a100000,0x000000df3a200000)]

Other Threads:
  0x00000216fd0c2d50 VMThread "VM Thread" [stack: 0x000000df3a500000,0x000000df3a600000] [id=12216]
  0x00000216fd359be0 WatcherThread [stack: 0x000000df3b200000,0x000000df3b300000] [id=3656]
  0x00000216e78ce7b0 GCTaskThread "GC Thread#0" [stack: 0x000000df3a400000,0x000000df3a500000] [id=10164]
  0x00000216fea25120 GCTaskThread "GC Thread#1" [stack: 0x000000df3b400000,0x000000df3b500000] [id=9952]
  0x00000216feb5c840 GCTaskThread "GC Thread#2" [stack: 0x000000df3b500000,0x000000df3b600000] [id=9696]
=>0x00000216feb5cb00 GCTaskThread "GC Thread#3" [stack: 0x000000df3b600000,0x000000df3b700000] [id=12052]
  0x00000216feb5cdc0 GCTaskThread "GC Thread#4" [stack: 0x000000df3b700000,0x000000df3b800000] [id=11900]
  0x00000216fe9006d0 GCTaskThread "GC Thread#5" [stack: 0x000000df3b800000,0x000000df3b900000] [id=11344]
  0x00000216fe900990 GCTaskThread "GC Thread#6" [stack: 0x000000df3b900000,0x000000df3ba00000] [id=12176]
  0x00000216feadb4d0 GCTaskThread "GC Thread#7" [stack: 0x000000df3be00000,0x000000df3bf00000] [id=11696]

Threads with active compile tasks:
C2 CompilerThread0    63629 6112       4       org.eclipse.jdt.internal.compiler.parser.Scanner::getNextToken (182 bytes)
C2 CompilerThread1    63629 6020       4       org.eclipse.jdt.internal.compiler.lookup.BinaryTypeBinding::createMethod (1717 bytes)
C2 CompilerThread2    63629 6194   !   4       org.eclipse.jdt.internal.compiler.parser.Scanner::getNextToken0 (2518 bytes)

VM state: at safepoint (normal execution)

VM Mutex/Monitor currently owned by a thread:  ([mutex/lock_event])
[0x00000216e78b36f0] Threads_lock - owner thread: 0x00000216fd0c2d50
[0x00000216e78b5c60] Heap_lock - owner thread: 0x00000216feeea4c0

Heap address: 0x00000000c0000000, size: 1024 MB, Compressed Oops mode: 32-bit

CDS archive(s) not mapped
Compressed class space mapped at: 0x0000000100000000-0x0000000140000000, reserved size: 1073741824
Narrow klass base: 0x0000000000000000, Narrow klass shift: 3, Narrow klass range: 0x140000000

GC Precious Log:
 CPUs: 8 total, 8 available
 Memory: 32674M
 Large Page Support: Disabled
 NUMA Support: Disabled
 Compressed Oops: Enabled (32-bit)
 Alignments: Space 512K, Generation 512K, Heap 2M
 Heap Min Capacity: 100M
 Heap Initial Capacity: 100M
 Heap Max Capacity: 1G
 Pre-touch: Disabled
 Parallel Workers: 8

Heap:
 PSYoungGen      total 27136K, used 4969K [0x00000000eab00000, 0x00000000ecb80000, 0x0000000100000000)
  eden space 22016K, 0% used [0x00000000eab00000,0x00000000eab00000,0x00000000ec080000)
  from space 5120K, 97% used [0x00000000ec680000,0x00000000ecb5a440,0x00000000ecb80000)
  to   space 5632K, 0% used [0x00000000ec080000,0x00000000ec080000,0x00000000ec600000)
 ParOldGen       total 68608K, used 65654K [0x00000000c0000000, 0x00000000c4300000, 0x00000000eab00000)
  object space 68608K, 95% used [0x00000000c0000000,0x00000000c401d838,0x00000000c4300000)
 Metaspace       used 49843K, committed 50688K, reserved 1114112K
  class space    used 4985K, committed 5376K, reserved 1048576K

Card table byte_map: [0x00000216f9b10000,0x00000216f9d20000] _byte_map_base: 0x00000216f9510000

Marking Bits: (ParMarkBitMap*) 0x00007ffa6218d7d0
 Begin Bits: [0x00000216f9e80000, 0x00000216fae80000)
 End Bits:   [0x00000216fae80000, 0x00000216fbe80000)

Polling page: 0x00000216e5ec0000

Metaspace:

Usage:
  Non-class:     43.81 MB used.
      Class:      4.87 MB used.
       Both:     48.68 MB used.

Virtual space:
  Non-class space:       64.00 MB reserved,      44.25 MB ( 69%) committed,  1 nodes.
      Class space:        1.00 GB reserved,       5.25 MB ( <1%) committed,  1 nodes.
             Both:        1.06 GB reserved,      49.50 MB (  5%) committed. 

Chunk freelists:
   Non-Class:  3.03 MB
       Class:  10.58 MB
        Both:  13.61 MB

MaxMetaspaceSize: unlimited
CompressedClassSpaceSize: 1.00 GB
Initial GC threshold: 21.00 MB
Current GC threshold: 58.38 MB
CDS: off
MetaspaceReclaimPolicy: balanced
 - commit_granule_bytes: 65536.
 - commit_granule_words: 8192.
 - virtual_space_node_default_size: 8388608.
 - enlarge_chunks_in_place: 1.
 - new_chunks_are_fully_committed: 0.
 - uncommit_free_chunks: 1.
 - use_allocation_guard: 0.
 - handle_deallocations: 1.


Internal statistics:

num_allocs_failed_limit: 6.
num_arena_births: 444.
num_arena_deaths: 14.
num_vsnodes_births: 2.
num_vsnodes_deaths: 0.
num_space_committed: 792.
num_space_uncommitted: 0.
num_chunks_returned_to_freelist: 20.
num_chunks_taken_from_freelist: 2169.
num_chunk_merges: 5.
num_chunk_splits: 1391.
num_chunks_enlarged: 917.
num_inconsistent_stats: 0.

CodeHeap 'non-profiled nmethods': size=120000Kb used=4292Kb max_used=4292Kb free=115707Kb
 bounds [0x00000216f2400000, 0x00000216f2840000, 0x00000216f9930000]
CodeHeap 'profiled nmethods': size=120000Kb used=12761Kb max_used=12761Kb free=107238Kb
 bounds [0x00000216ea930000, 0x00000216eb5b0000, 0x00000216f1e60000]
CodeHeap 'non-nmethods': size=5760Kb used=1333Kb max_used=1436Kb free=4426Kb
 bounds [0x00000216f1e60000, 0x00000216f20d0000, 0x00000216f2400000]
 total_blobs=6079 nmethods=5406 adapters=586
 compilation: enabled
              stopped_count=0, restarted_count=0
 full_count=0

Compilation events (20 events):
Event: 63.301 Thread 0x00000216fd122170 6240       2       java.net.URI$Parser::scanEscape (115 bytes)
Event: 63.302 Thread 0x00000216fd122170 nmethod 6240 0x00000216eb5a4490 code [0x00000216eb5a46c0, 0x00000216eb5a4d48]
Event: 63.302 Thread 0x00000216fd122170 6241       2       java.net.URI::decode (73 bytes)
Event: 63.302 Thread 0x00000216fd122170 nmethod 6241 0x00000216eb5a5190 code [0x00000216eb5a5340, 0x00000216eb5a54f8]
Event: 63.302 Thread 0x00000216fd122170 6233       2       org.eclipse.jdt.internal.compiler.lookup.ArrayBinding::<init> (118 bytes)
Event: 63.302 Thread 0x00000216fd11e900 nmethod 6017 0x00000216f282a310 code [0x00000216f282a6a0, 0x00000216f282f178]
Event: 63.302 Thread 0x00000216fd122170 nmethod 6233 0x00000216eb5a5590 code [0x00000216eb5a5740, 0x00000216eb5a5ac8]
Event: 63.302 Thread 0x00000216fd122170 6232       1       org.eclipse.jdt.internal.compiler.ast.ConstructorDeclaration::isConstructor (2 bytes)
Event: 63.303 Thread 0x00000216fd122170 nmethod 6232 0x00000216f2830e90 code [0x00000216f2831020, 0x00000216f28310f8]
Event: 63.303 Thread 0x00000216fd11e900 6112       4       org.eclipse.jdt.internal.compiler.parser.Scanner::getNextToken (182 bytes)
Event: 63.305 Thread 0x00000216fd122170 6242       2       java.nio.charset.CharsetDecoder::replaceWith (68 bytes)
Event: 63.305 Thread 0x00000216fd122170 nmethod 6242 0x00000216eb5a5c90 code [0x00000216eb5a5e60, 0x00000216eb5a6208]
Event: 63.305 Thread 0x00000216fd122170 6244       2       java.lang.System$2::decodeASCII (11 bytes)
Event: 63.305 Thread 0x00000216fd122170 nmethod 6244 0x00000216eb5a6410 code [0x00000216eb5a65a0, 0x00000216eb5a66c8]
Event: 63.305 Thread 0x00000216fd122170 6243       2       java.nio.charset.CharsetDecoder::implReplaceWith (1 bytes)
Event: 63.305 Thread 0x00000216fd122170 nmethod 6243 0x00000216eaf89d10 code [0x00000216eaf89ea0, 0x00000216eaf89f98]
Event: 63.306 Thread 0x00000216fd122170 6245       2       java.io.FileDescriptor$1::getHandle (5 bytes)
Event: 63.306 Thread 0x00000216fd122170 nmethod 6245 0x00000216eb5a6790 code [0x00000216eb5a6920, 0x00000216eb5a6a38]
Event: 63.306 Thread 0x00000216fd122170 6246       2       java.io.FileCleanable::register (49 bytes)
Event: 63.306 Thread 0x00000216fd122170 nmethod 6246 0x00000216eb5a6b10 code [0x00000216eb5a6cc0, 0x00000216eb5a7018]

GC Heap History (20 events):
Event: 10.684 GC heap after
{Heap after GC invocations=31 (full 2):
 PSYoungGen      total 23040K, used 1006K [0x00000000eab00000, 0x00000000ec600000, 0x0000000100000000)
  eden space 22016K, 0% used [0x00000000eab00000,0x00000000eab00000,0x00000000ec080000)
  from space 1024K, 98% used [0x00000000ec480000,0x00000000ec57ba60,0x00000000ec580000)
  to   space 512K, 0% used [0x00000000ec580000,0x00000000ec580000,0x00000000ec600000)
 ParOldGen       total 68608K, used 48287K [0x00000000c0000000, 0x00000000c4300000, 0x00000000eab00000)
  object space 68608K, 70% used [0x00000000c0000000,0x00000000c2f27f38,0x00000000c4300000)
 Metaspace       used 46050K, committed 46720K, reserved 1114112K
  class space    used 4660K, committed 4992K, reserved 1048576K
}
Event: 16.367 GC heap before
{Heap before GC invocations=32 (full 2):
 PSYoungGen      total 23040K, used 23017K [0x00000000eab00000, 0x00000000ec600000, 0x0000000100000000)
  eden space 22016K, 99% used [0x00000000eab00000,0x00000000ec07ea78,0x00000000ec080000)
  from space 1024K, 98% used [0x00000000ec480000,0x00000000ec57ba60,0x00000000ec580000)
  to   space 512K, 0% used [0x00000000ec580000,0x00000000ec580000,0x00000000ec600000)
 ParOldGen       total 68608K, used 48287K [0x00000000c0000000, 0x00000000c4300000, 0x00000000eab00000)
  object space 68608K, 70% used [0x00000000c0000000,0x00000000c2f27f38,0x00000000c4300000)
 Metaspace       used 47227K, committed 48000K, reserved 1114112K
  class space    used 4766K, committed 5120K, reserved 1048576K
}
Event: 16.370 GC heap after
{Heap after GC invocations=32 (full 2):
 PSYoungGen      total 22528K, used 489K [0x00000000eab00000, 0x00000000ec880000, 0x0000000100000000)
  eden space 22016K, 0% used [0x00000000eab00000,0x00000000eab00000,0x00000000ec080000)
  from space 512K, 95% used [0x00000000ec580000,0x00000000ec5fa448,0x00000000ec600000)
  to   space 4096K, 0% used [0x00000000ec080000,0x00000000ec080000,0x00000000ec480000)
 ParOldGen       total 68608K, used 51079K [0x00000000c0000000, 0x00000000c4300000, 0x00000000eab00000)
  object space 68608K, 74% used [0x00000000c0000000,0x00000000c31e1d40,0x00000000c4300000)
 Metaspace       used 47227K, committed 48000K, reserved 1114112K
  class space    used 4766K, committed 5120K, reserved 1048576K
}
Event: 62.941 GC heap before
{Heap before GC invocations=33 (full 2):
 PSYoungGen      total 22528K, used 22472K [0x00000000eab00000, 0x00000000ec880000, 0x0000000100000000)
  eden space 22016K, 99% used [0x00000000eab00000,0x00000000ec077c68,0x00000000ec080000)
  from space 512K, 95% used [0x00000000ec580000,0x00000000ec5fa448,0x00000000ec600000)
  to   space 4096K, 0% used [0x00000000ec080000,0x00000000ec080000,0x00000000ec480000)
 ParOldGen       total 68608K, used 51079K [0x00000000c0000000, 0x00000000c4300000, 0x00000000eab00000)
  object space 68608K, 74% used [0x00000000c0000000,0x00000000c31e1d40,0x00000000c4300000)
 Metaspace       used 48980K, committed 49792K, reserved 1114112K
  class space    used 4949K, committed 5376K, reserved 1048576K
}
Event: 62.943 GC heap after
{Heap after GC invocations=33 (full 2):
 PSYoungGen      total 26112K, used 3587K [0x00000000eab00000, 0x00000000ec880000, 0x0000000100000000)
  eden space 22016K, 0% used [0x00000000eab00000,0x00000000eab00000,0x00000000ec080000)
  from space 4096K, 87% used [0x00000000ec080000,0x00000000ec400ce0,0x00000000ec480000)
  to   space 4096K, 0% used [0x00000000ec480000,0x00000000ec480000,0x00000000ec880000)
 ParOldGen       total 68608K, used 51582K [0x00000000c0000000, 0x00000000c4300000, 0x00000000eab00000)
  object space 68608K, 75% used [0x00000000c0000000,0x00000000c325fbc8,0x00000000c4300000)
 Metaspace       used 48980K, committed 49792K, reserved 1114112K
  class space    used 4949K, committed 5376K, reserved 1048576K
}
Event: 63.101 GC heap before
{Heap before GC invocations=34 (full 2):
 PSYoungGen      total 26112K, used 25603K [0x00000000eab00000, 0x00000000ec880000, 0x0000000100000000)
  eden space 22016K, 100% used [0x00000000eab00000,0x00000000ec080000,0x00000000ec080000)
  from space 4096K, 87% used [0x00000000ec080000,0x00000000ec400ce0,0x00000000ec480000)
  to   space 4096K, 0% used [0x00000000ec480000,0x00000000ec480000,0x00000000ec880000)
 ParOldGen       total 68608K, used 51582K [0x00000000c0000000, 0x00000000c4300000, 0x00000000eab00000)
  object space 68608K, 75% used [0x00000000c0000000,0x00000000c325fbc8,0x00000000c4300000)
 Metaspace       used 49404K, committed 50240K, reserved 1114112K
  class space    used 4964K, committed 5376K, reserved 1048576K
}
Event: 63.102 GC heap after
{Heap after GC invocations=34 (full 2):
 PSYoungGen      total 24064K, used 1736K [0x00000000eab00000, 0x00000000ec680000, 0x0000000100000000)
  eden space 22016K, 0% used [0x00000000eab00000,0x00000000eab00000,0x00000000ec080000)
  from space 2048K, 84% used [0x00000000ec480000,0x00000000ec632230,0x00000000ec680000)
  to   space 2560K, 0% used [0x00000000ec180000,0x00000000ec180000,0x00000000ec400000)
 ParOldGen       total 68608K, used 52504K [0x00000000c0000000, 0x00000000c4300000, 0x00000000eab00000)
  object space 68608K, 76% used [0x00000000c0000000,0x00000000c33462c0,0x00000000c4300000)
 Metaspace       used 49404K, committed 50240K, reserved 1114112K
  class space    used 4964K, committed 5376K, reserved 1048576K
}
Event: 63.142 GC heap before
{Heap before GC invocations=35 (full 2):
 PSYoungGen      total 24064K, used 22878K [0x00000000eab00000, 0x00000000ec680000, 0x0000000100000000)
  eden space 22016K, 96% used [0x00000000eab00000,0x00000000ebfa56c0,0x00000000ec080000)
  from space 2048K, 84% used [0x00000000ec480000,0x00000000ec632230,0x00000000ec680000)
  to   space 2560K, 0% used [0x00000000ec180000,0x00000000ec180000,0x00000000ec400000)
 ParOldGen       total 68608K, used 52504K [0x00000000c0000000, 0x00000000c4300000, 0x00000000eab00000)
  object space 68608K, 76% used [0x00000000c0000000,0x00000000c33462c0,0x00000000c4300000)
 Metaspace       used 49540K, committed 50368K, reserved 1114112K
  class space    used 4974K, committed 5376K, reserved 1048576K
}
Event: 63.144 GC heap after
{Heap after GC invocations=35 (full 2):
 PSYoungGen      total 24576K, used 2345K [0x00000000eab00000, 0x00000000ec580000, 0x0000000100000000)
  eden space 22016K, 0% used [0x00000000eab00000,0x00000000eab00000,0x00000000ec080000)
  from space 2560K, 91% used [0x00000000ec180000,0x00000000ec3ca6a0,0x00000000ec400000)
  to   space 1536K, 0% used [0x00000000ec400000,0x00000000ec400000,0x00000000ec580000)
 ParOldGen       total 68608K, used 54007K [0x00000000c0000000, 0x00000000c4300000, 0x00000000eab00000)
  object space 68608K, 78% used [0x00000000c0000000,0x00000000c34bdcd0,0x00000000c4300000)
 Metaspace       used 49540K, committed 50368K, reserved 1114112K
  class space    used 4974K, committed 5376K, reserved 1048576K
}
Event: 63.166 GC heap before
{Heap before GC invocations=36 (full 2):
 PSYoungGen      total 24576K, used 24136K [0x00000000eab00000, 0x00000000ec580000, 0x0000000100000000)
  eden space 22016K, 98% used [0x00000000eab00000,0x00000000ec047b70,0x00000000ec080000)
  from space 2560K, 91% used [0x00000000ec180000,0x00000000ec3ca6a0,0x00000000ec400000)
  to   space 1536K, 0% used [0x00000000ec400000,0x00000000ec400000,0x00000000ec580000)
 ParOldGen       total 68608K, used 54368K [0x00000000c0000000, 0x00000000c4300000, 0x00000000eab00000)
  object space 68608K, 79% used [0x00000000c0000000,0x00000000c35183c0,0x00000000c4300000)
 Metaspace       used 49589K, committed 50432K, reserved 1114112K
  class space    used 4974K, committed 5376K, reserved 1048576K
}
Event: 63.167 GC heap after
{Heap after GC invocations=36 (full 2):
 PSYoungGen      total 23552K, used 1475K [0x00000000eab00000, 0x00000000ec580000, 0x0000000100000000)
  eden space 22016K, 0% used [0x00000000eab00000,0x00000000eab00000,0x00000000ec080000)
  from space 1536K, 96% used [0x00000000ec400000,0x00000000ec570d40,0x00000000ec580000)
  to   space 2048K, 0% used [0x00000000ec180000,0x00000000ec180000,0x00000000ec380000)
 ParOldGen       total 68608K, used 58148K [0x00000000c0000000, 0x00000000c4300000, 0x00000000eab00000)
  object space 68608K, 84% used [0x00000000c0000000,0x00000000c38c9288,0x00000000c4300000)
 Metaspace       used 49589K, committed 50432K, reserved 1114112K
  class space    used 4974K, committed 5376K, reserved 1048576K
}
Event: 63.186 GC heap before
{Heap before GC invocations=37 (full 2):
 PSYoungGen      total 23552K, used 23491K [0x00000000eab00000, 0x00000000ec580000, 0x0000000100000000)
  eden space 22016K, 100% used [0x00000000eab00000,0x00000000ec080000,0x00000000ec080000)
  from space 1536K, 96% used [0x00000000ec400000,0x00000000ec570d40,0x00000000ec580000)
  to   space 2048K, 0% used [0x00000000ec180000,0x00000000ec180000,0x00000000ec380000)
 ParOldGen       total 68608K, used 58358K [0x00000000c0000000, 0x00000000c4300000, 0x00000000eab00000)
  object space 68608K, 85% used [0x00000000c0000000,0x00000000c38fd8d0,0x00000000c4300000)
 Metaspace       used 49647K, committed 50432K, reserved 1114112K
  class space    used 4976K, committed 5376K, reserved 1048576K
}
Event: 63.186 GC heap after
{Heap after GC invocations=37 (full 2):
 PSYoungGen      total 24064K, used 2018K [0x00000000eab00000, 0x00000000ec680000, 0x0000000100000000)
  eden space 22016K, 0% used [0x00000000eab00000,0x00000000eab00000,0x00000000ec080000)
  from space 2048K, 98% used [0x00000000ec180000,0x00000000ec3788c0,0x00000000ec380000)
  to   space 3072K, 0% used [0x00000000ec380000,0x00000000ec380000,0x00000000ec680000)
 ParOldGen       total 68608K, used 58781K [0x00000000c0000000, 0x00000000c4300000, 0x00000000eab00000)
  object space 68608K, 85% used [0x00000000c0000000,0x00000000c3967500,0x00000000c4300000)
 Metaspace       used 49647K, committed 50432K, reserved 1114112K
  class space    used 4976K, committed 5376K, reserved 1048576K
}
Event: 63.204 GC heap before
{Heap before GC invocations=38 (full 2):
 PSYoungGen      total 24064K, used 23900K [0x00000000eab00000, 0x00000000ec680000, 0x0000000100000000)
  eden space 22016K, 99% used [0x00000000eab00000,0x00000000ec05ea68,0x00000000ec080000)
  from space 2048K, 98% used [0x00000000ec180000,0x00000000ec3788c0,0x00000000ec380000)
  to   space 3072K, 0% used [0x00000000ec380000,0x00000000ec380000,0x00000000ec680000)
 ParOldGen       total 68608K, used 58781K [0x00000000c0000000, 0x00000000c4300000, 0x00000000eab00000)
  object space 68608K, 85% used [0x00000000c0000000,0x00000000c3967500,0x00000000c4300000)
 Metaspace       used 49673K, committed 50496K, reserved 1114112K
  class space    used 4976K, committed 5376K, reserved 1048576K
}
Event: 63.205 GC heap after
{Heap after GC invocations=38 (full 2):
 PSYoungGen      total 23040K, used 736K [0x00000000eab00000, 0x00000000ec480000, 0x0000000100000000)
  eden space 22016K, 0% used [0x00000000eab00000,0x00000000eab00000,0x00000000ec080000)
  from space 1024K, 71% used [0x00000000ec380000,0x00000000ec438000,0x00000000ec480000)
  to   space 1536K, 0% used [0x00000000ec180000,0x00000000ec180000,0x00000000ec300000)
 ParOldGen       total 68608K, used 58893K [0x00000000c0000000, 0x00000000c4300000, 0x00000000eab00000)
  object space 68608K, 85% used [0x00000000c0000000,0x00000000c3983500,0x00000000c4300000)
 Metaspace       used 49673K, committed 50496K, reserved 1114112K
  class space    used 4976K, committed 5376K, reserved 1048576K
}
Event: 63.262 GC heap before
{Heap before GC invocations=39 (full 2):
 PSYoungGen      total 23040K, used 22752K [0x00000000eab00000, 0x00000000ec480000, 0x0000000100000000)
  eden space 22016K, 100% used [0x00000000eab00000,0x00000000ec080000,0x00000000ec080000)
  from space 1024K, 71% used [0x00000000ec380000,0x00000000ec438000,0x00000000ec480000)
  to   space 1536K, 0% used [0x00000000ec180000,0x00000000ec180000,0x00000000ec300000)
 ParOldGen       total 68608K, used 58893K [0x00000000c0000000, 0x00000000c4300000, 0x00000000eab00000)
  object space 68608K, 85% used [0x00000000c0000000,0x00000000c3983500,0x00000000c4300000)
 Metaspace       used 49782K, committed 50624K, reserved 1114112K
  class space    used 4980K, committed 5376K, reserved 1048576K
}
Event: 63.264 GC heap after
{Heap after GC invocations=39 (full 2):
 PSYoungGen      total 23552K, used 1533K [0x00000000eab00000, 0x00000000ecc80000, 0x0000000100000000)
  eden space 22016K, 0% used [0x00000000eab00000,0x00000000eab00000,0x00000000ec080000)
  from space 1536K, 99% used [0x00000000ec180000,0x00000000ec2ff7d8,0x00000000ec300000)
  to   space 6144K, 0% used [0x00000000ec680000,0x00000000ec680000,0x00000000ecc80000)
 ParOldGen       total 68608K, used 62511K [0x00000000c0000000, 0x00000000c4300000, 0x00000000eab00000)
  object space 68608K, 91% used [0x00000000c0000000,0x00000000c3d0bcf0,0x00000000c4300000)
 Metaspace       used 49782K, committed 50624K, reserved 1114112K
  class space    used 4980K, committed 5376K, reserved 1048576K
}
Event: 63.309 GC heap before
{Heap before GC invocations=40 (full 2):
 PSYoungGen      total 23552K, used 23538K [0x00000000eab00000, 0x00000000ecc80000, 0x0000000100000000)
  eden space 22016K, 99% used [0x00000000eab00000,0x00000000ec07d0f8,0x00000000ec080000)
  from space 1536K, 99% used [0x00000000ec180000,0x00000000ec2ff7d8,0x00000000ec300000)
  to   space 6144K, 0% used [0x00000000ec680000,0x00000000ec680000,0x00000000ecc80000)
 ParOldGen       total 68608K, used 62692K [0x00000000c0000000, 0x00000000c4300000, 0x00000000eab00000)
  object space 68608K, 91% used [0x00000000c0000000,0x00000000c3d39070,0x00000000c4300000)
 Metaspace       used 49843K, committed 50688K, reserved 1114112K
  class space    used 4985K, committed 5376K, reserved 1048576K
}
Event: 63.311 GC heap after
{Heap after GC invocations=40 (full 2):
 PSYoungGen      total 27136K, used 4969K [0x00000000eab00000, 0x00000000ecb80000, 0x0000000100000000)
  eden space 22016K, 0% used [0x00000000eab00000,0x00000000eab00000,0x00000000ec080000)
  from space 5120K, 97% used [0x00000000ec680000,0x00000000ecb5a440,0x00000000ecb80000)
  to   space 5632K, 0% used [0x00000000ec080000,0x00000000ec080000,0x00000000ec600000)
 ParOldGen       total 68608K, used 65654K [0x00000000c0000000, 0x00000000c4300000, 0x00000000eab00000)
  object space 68608K, 95% used [0x00000000c0000000,0x00000000c401d838,0x00000000c4300000)
 Metaspace       used 49843K, committed 50688K, reserved 1114112K
  class space    used 4985K, committed 5376K, reserved 1048576K
}
Event: 63.311 GC heap before
{Heap before GC invocations=41 (full 3):
 PSYoungGen      total 27136K, used 4969K [0x00000000eab00000, 0x00000000ecb80000, 0x0000000100000000)
  eden space 22016K, 0% used [0x00000000eab00000,0x00000000eab00000,0x00000000ec080000)
  from space 5120K, 97% used [0x00000000ec680000,0x00000000ecb5a440,0x00000000ecb80000)
  to   space 5632K, 0% used [0x00000000ec080000,0x00000000ec080000,0x00000000ec600000)
 ParOldGen       total 68608K, used 65654K [0x00000000c0000000, 0x00000000c4300000, 0x00000000eab00000)
  object space 68608K, 95% used [0x00000000c0000000,0x00000000c401d838,0x00000000c4300000)
 Metaspace       used 49843K, committed 50688K, reserved 1114112K
  class space    used 4985K, committed 5376K, reserved 1048576K
}

Dll operation events (10 events):
Event: 0.284 Loaded shared library c:\Users\SXRBS\.vscode\extensions\redhat.java-1.28.1-win32-x64\jre\17.0.10-win32-x86_64\bin\java.dll
Event: 0.664 Loaded shared library c:\Users\SXRBS\.vscode\extensions\redhat.java-1.28.1-win32-x64\jre\17.0.10-win32-x86_64\bin\zip.dll
Event: 0.674 Loaded shared library C:\Users\SXRBS\.vscode\extensions\redhat.java-1.28.1-win32-x64\jre\17.0.10-win32-x86_64\bin\instrument.dll
Event: 0.696 Loaded shared library C:\Users\SXRBS\.vscode\extensions\redhat.java-1.28.1-win32-x64\jre\17.0.10-win32-x86_64\bin\net.dll
Event: 0.701 Loaded shared library C:\Users\SXRBS\.vscode\extensions\redhat.java-1.28.1-win32-x64\jre\17.0.10-win32-x86_64\bin\nio.dll
Event: 0.711 Loaded shared library C:\Users\SXRBS\.vscode\extensions\redhat.java-1.28.1-win32-x64\jre\17.0.10-win32-x86_64\bin\zip.dll
Event: 0.735 Loaded shared library C:\Users\SXRBS\.vscode\extensions\redhat.java-1.28.1-win32-x64\jre\17.0.10-win32-x86_64\bin\jimage.dll
Event: 0.814 Loaded shared library c:\Users\SXRBS\.vscode\extensions\redhat.java-1.28.1-win32-x64\jre\17.0.10-win32-x86_64\bin\verify.dll
Event: 2.012 Loaded shared library C:\Users\SXRBS\AppData\Roaming\Code\User\globalStorage\redhat.java\1.28.1\config_ss_win\org.eclipse.equinox.launcher\org.eclipse.equinox.launcher.win32.win32.x86_64_1.2.900.v20240129-1338\eclipse_11900.dll
Event: 4.722 Loaded shared library C:\Users\SXRBS\AppData\Local\Temp\jna-79354782\jna15324738193715077157.dll

Deoptimization events (20 events):
Event: 63.190 Thread 0x00000216feeea4c0 DEOPT PACKING pc=0x00000216eb485a67 sp=0x000000df3c8fd3d0
Event: 63.190 Thread 0x00000216feeea4c0 DEOPT UNPACKING pc=0x00000216f1eb6e43 sp=0x000000df3c8fc960 mode 0
Event: 63.195 Thread 0x00000216ff27a000 DEOPT PACKING pc=0x00000216eb485a67 sp=0x000000df3cafd210
Event: 63.195 Thread 0x00000216feeea4c0 DEOPT PACKING pc=0x00000216eb485a67 sp=0x000000df3c8fd4d0
Event: 63.195 Thread 0x00000216ff27a000 DEOPT UNPACKING pc=0x00000216f1eb6e43 sp=0x000000df3cafc7a0 mode 0
Event: 63.195 Thread 0x00000216feeea4c0 DEOPT UNPACKING pc=0x00000216f1eb6e43 sp=0x000000df3c8fca60 mode 0
Event: 63.196 Thread 0x00000216ff2795e0 DEOPT PACKING pc=0x00000216eb485a67 sp=0x000000df3c9fd480
Event: 63.196 Thread 0x00000216ff2795e0 DEOPT UNPACKING pc=0x00000216f1eb6e43 sp=0x000000df3c9fca10 mode 0
Event: 63.201 Thread 0x00000216ff2795e0 DEOPT PACKING pc=0x00000216eb485a67 sp=0x000000df3c9fd480
Event: 63.201 Thread 0x00000216ff2795e0 DEOPT UNPACKING pc=0x00000216f1eb6e43 sp=0x000000df3c9fca10 mode 0
Event: 63.202 Thread 0x00000216ff27a000 DEOPT PACKING pc=0x00000216eb485a67 sp=0x000000df3cafd210
Event: 63.202 Thread 0x00000216ff27a000 DEOPT UNPACKING pc=0x00000216f1eb6e43 sp=0x000000df3cafc7a0 mode 0
Event: 63.264 Thread 0x00000216feeea4c0 DEOPT PACKING pc=0x00000216eb446607 sp=0x000000df3c8fd690
Event: 63.264 Thread 0x00000216feeea4c0 DEOPT UNPACKING pc=0x00000216f1eb6e43 sp=0x000000df3c8fcba0 mode 0
Event: 63.264 Thread 0x00000216feeea4c0 Uncommon trap: trap_request=0xffffff45 fr.pc=0x00000216f281fd9c relative=0x000000000000111c
Event: 63.265 Thread 0x00000216feeea4c0 Uncommon trap: reason=unstable_if action=reinterpret pc=0x00000216f281fd9c method=org.eclipse.jdt.internal.compiler.parser.Scanner.getNextToken0()I @ 2098 c2
Event: 63.265 Thread 0x00000216feeea4c0 DEOPT PACKING pc=0x00000216f281fd9c sp=0x000000df3c8fd720
Event: 63.265 Thread 0x00000216feeea4c0 DEOPT UNPACKING pc=0x00000216f1eb66a3 sp=0x000000df3c8fd6b0 mode 2
Event: 63.296 Thread 0x00000216feeea4c0 DEOPT PACKING pc=0x00000216eb487dd1 sp=0x000000df3c8fde80
Event: 63.296 Thread 0x00000216feeea4c0 DEOPT UNPACKING pc=0x00000216f1eb6e43 sp=0x000000df3c8fd378 mode 0

Classes unloaded (8 events):
Event: 2.811 Thread 0x00000216fd0c2d50 Unloading class 0x000000010021a400 'java/lang/invoke/LambdaForm$MH+0x000000010021a400'
Event: 2.811 Thread 0x00000216fd0c2d50 Unloading class 0x000000010021a000 'java/lang/invoke/LambdaForm$MH+0x000000010021a000'
Event: 2.811 Thread 0x00000216fd0c2d50 Unloading class 0x0000000100219c00 'java/lang/invoke/LambdaForm$MH+0x0000000100219c00'
Event: 2.811 Thread 0x00000216fd0c2d50 Unloading class 0x0000000100219800 'java/lang/invoke/LambdaForm$MH+0x0000000100219800'
Event: 2.811 Thread 0x00000216fd0c2d50 Unloading class 0x0000000100219400 'java/lang/invoke/LambdaForm$BMH+0x0000000100219400'
Event: 2.812 Thread 0x00000216fd0c2d50 Unloading class 0x0000000100219000 'java/lang/invoke/LambdaForm$DMH+0x0000000100219000'
Event: 2.812 Thread 0x00000216fd0c2d50 Unloading class 0x0000000100214400 'java/lang/invoke/LambdaForm$DMH+0x0000000100214400'
Event: 63.325 Thread 0x00000216fd0c2d50 Unloading class 0x00000001003f6800 'java/lang/invoke/LambdaForm$DMH+0x00000001003f6800'

Classes redefined (0 events):
No events

Internal exceptions (20 events):
Event: 9.373 Thread 0x00000216feeea4c0 Exception <a 'java/lang/LinkageError'{0x00000000eab1c7a8}: loader lombok.launch.ShadowClassLoader @6bb2130a attempted duplicate class definition for lombok.launch.PatchFixesHider$ValPortal. (lombok.launch.PatchFixesHider$ValPortal is in unnamed module of loader lombok.launch.ShadowClassLoader @6bb2130a, parent loader org.eclipse.osgi.internal.loader.EquinoxClassLoader @24042832)> (0x00000000eab1c7a8) 
thrown [s\src\hotspot\share\classfile\systemDictionary.cpp, line 1724]
Event: 10.156 Thread 0x00000216feee9590 Exception <a 'java/lang/ClassNotFoundException'{0x00000000eb61ac40}: sun/util/logging/resources/spi/loggingProvider> (0x00000000eb61ac40) 
thrown [s\src\hotspot\share\classfile\systemDictionary.cpp, line 256]
Event: 10.573 Thread 0x00000216ff27a000 Exception <a 'java/lang/NoSuchMethodError'{0x00000000ebb85a68}: 'int java.lang.invoke.DirectMethodHandle$Holder.invokeSpecialIFC(java.lang.Object, java.lang.Object, java.lang.Object)'> (0x00000000ebb85a68) 
thrown [s\src\hotspot\share\interpreter\linkResolver.cpp, line 759]
Event: 10.606 Thread 0x00000216ff27a000 Exception <a 'java/io/FileNotFoundException'{0x00000000ebd42000}> (0x00000000ebd42000) 
thrown [s\src\hotspot\share\prims\jni.cpp, line 516]
Event: 10.606 Thread 0x00000216ff27a000 Exception <a 'java/io/FileNotFoundException'{0x00000000ebd43370}> (0x00000000ebd43370) 
thrown [s\src\hotspot\share\prims\jni.cpp, line 516]
Event: 13.711 Thread 0x00000216feee9aa0 Implicit null exception at 0x00000216f2545bf5 to 0x00000216f2545f4c
Event: 13.712 Thread 0x00000216feee9aa0 Implicit null exception at 0x00000216f257c1a0 to 0x00000216f257c66c
Event: 16.355 Thread 0x00000216feee9aa0 Exception <a 'java/lang/NoSuchMethodError'{0x00000000ec032c40}: 'java.lang.Object java.lang.invoke.DirectMethodHandle$Holder.newInvokeSpecial(java.lang.Object, java.lang.Object, java.lang.Object, int)'> (0x00000000ec032c40) 
thrown [s\src\hotspot\share\interpreter\linkResolver.cpp, line 759]
Event: 16.356 Thread 0x00000216feee9aa0 Exception <a 'java/lang/NoSuchMethodError'{0x00000000ec036f88}: 'java.lang.Object java.lang.invoke.DirectMethodHandle$Holder.invokeSpecial(java.lang.Object, java.lang.Object, java.lang.Object, java.lang.Object, int)'> (0x00000000ec036f88) 
thrown [s\src\hotspot\share\interpreter\linkResolver.cpp, line 759]
Event: 16.356 Thread 0x00000216feee9aa0 Exception <a 'java/lang/NoSuchMethodError'{0x00000000ec03a690}: 'java.lang.Object java.lang.invoke.Invokers$Holder.linkToTargetMethod(java.lang.Object, java.lang.Object, int, java.lang.Object)'> (0x00000000ec03a690) 
thrown [s\src\hotspot\share\interpreter\linkResolver.cpp, line 759]
Event: 54.864 Thread 0x00000216ff27a000 Implicit null exception at 0x00000216f26b75ac to 0x00000216f26b75c3
Event: 54.864 Thread 0x00000216feeea4c0 Implicit null exception at 0x00000216f26b75ac to 0x00000216f26b75c3
Event: 63.140 Thread 0x00000216feeea4c0 Exception <a 'java/lang/ArrayIndexOutOfBoundsException'{0x00000000ebd85020}> (0x00000000ebd85020) 
thrown [s\src\hotspot\share\runtime\sharedRuntime.cpp, line 631]
Event: 63.140 Thread 0x00000216feeea4c0 Exception <a 'java/lang/ArrayIndexOutOfBoundsException'{0x00000000ebd86dd8}> (0x00000000ebd86dd8) 
thrown [s\src\hotspot\share\runtime\sharedRuntime.cpp, line 631]
Event: 63.140 Thread 0x00000216feeea4c0 Exception <a 'java/lang/ArrayIndexOutOfBoundsException'{0x00000000ebd88de0}> (0x00000000ebd88de0) 
thrown [s\src\hotspot\share\runtime\sharedRuntime.cpp, line 631]
Event: 63.140 Thread 0x00000216feeea4c0 Exception <a 'java/lang/ArrayIndexOutOfBoundsException'{0x00000000ebd8aba0}> (0x00000000ebd8aba0) 
thrown [s\src\hotspot\share\runtime\sharedRuntime.cpp, line 631]
Event: 63.140 Thread 0x00000216feeea4c0 Exception <a 'java/lang/ArrayIndexOutOfBoundsException'{0x00000000ebd8c968}> (0x00000000ebd8c968) 
thrown [s\src\hotspot\share\runtime\sharedRuntime.cpp, line 631]
Event: 63.140 Thread 0x00000216feeea4c0 Exception <a 'java/lang/ArrayIndexOutOfBoundsException'{0x00000000ebd8e730}> (0x00000000ebd8e730) 
thrown [s\src\hotspot\share\runtime\sharedRuntime.cpp, line 631]
Event: 63.140 Thread 0x00000216feeea4c0 Exception <a 'java/lang/ArrayIndexOutOfBoundsException'{0x00000000ebd90500}> (0x00000000ebd90500) 
thrown [s\src\hotspot\share\runtime\sharedRuntime.cpp, line 631]
Event: 63.140 Thread 0x00000216feeea4c0 Exception <a 'java/lang/ArrayIndexOutOfBoundsException'{0x00000000ebd922d8}> (0x00000000ebd922d8) 
thrown [s\src\hotspot\share\runtime\sharedRuntime.cpp, line 631]

VM Operations (20 events):
Event: 63.144 Executing VM operation: ParallelGCFailedAllocation done
Event: 63.166 Executing VM operation: ParallelGCFailedAllocation
Event: 63.166 Executing VM operation: ParallelGCFailedAllocation done
Event: 63.166 Executing VM operation: ParallelGCSystemGC
Event: 63.168 Executing VM operation: ParallelGCSystemGC done
Event: 63.186 Executing VM operation: ParallelGCFailedAllocation
Event: 63.186 Executing VM operation: ParallelGCFailedAllocation done
Event: 63.204 Executing VM operation: ParallelGCFailedAllocation
Event: 63.205 Executing VM operation: ParallelGCFailedAllocation done
Event: 63.230 Executing VM operation: HandshakeAllThreads
Event: 63.230 Executing VM operation: HandshakeAllThreads done
Event: 63.262 Executing VM operation: ParallelGCFailedAllocation
Event: 63.264 Executing VM operation: ParallelGCFailedAllocation done
Event: 63.287 Executing VM operation: HandshakeAllThreads
Event: 63.287 Executing VM operation: HandshakeAllThreads done
Event: 63.290 Executing VM operation: HandshakeAllThreads
Event: 63.290 Executing VM operation: HandshakeAllThreads done
Event: 63.309 Executing VM operation: ParallelGCFailedAllocation
Event: 63.309 Executing VM operation: ParallelGCFailedAllocation done
Event: 63.309 Executing VM operation: ParallelGCSystemGC

Events (20 events):
Event: 54.856 loading class java/util/concurrent/locks/ReentrantReadWriteLock$Sync$HoldCounter
Event: 54.856 loading class java/util/concurrent/locks/ReentrantReadWriteLock$Sync$HoldCounter done
Event: 54.857 Thread 0x00000216fe368050 Thread added: 0x00000216fe368050
Event: 59.988 Thread 0x00000216fe368050 Thread exited: 0x00000216fe368050
Event: 61.681 Thread 0x00000216859583d0 Thread exited: 0x00000216859583d0
Event: 62.963 Thread 0x00000216859583d0 Thread added: 0x00000216859583d0
Event: 62.980 Thread 0x00000216fe368050 Thread added: 0x00000216fe368050
Event: 63.176 loading class java/util/AbstractList$SubList
Event: 63.176 loading class java/util/AbstractList$SubList done
Event: 63.176 loading class java/util/AbstractList$SubList$1
Event: 63.176 loading class java/util/AbstractList$SubList$1 done
Event: 63.286 loading class java/util/Spliterators$IntArraySpliterator
Event: 63.286 loading class java/util/Spliterators$IntArraySpliterator done
Event: 63.287 loading class java/util/stream/Nodes$IntSpinedNodeBuilder
Event: 63.287 loading class java/util/stream/SpinedBuffer$OfInt
Event: 63.287 loading class java/util/stream/SpinedBuffer$OfPrimitive
Event: 63.287 loading class java/util/stream/SpinedBuffer$OfPrimitive done
Event: 63.287 loading class java/util/stream/SpinedBuffer$OfInt done
Event: 63.288 loading class java/util/stream/Nodes$IntSpinedNodeBuilder done
Event: 63.297 Thread 0x00000216fd124a90 flushing nmethod 0x00000216eadefc10


Dynamic libraries:
0x00007ff7916c0000 - 0x00007ff7916ce000 	c:\Users\SXRBS\.vscode\extensions\redhat.java-1.28.1-win32-x64\jre\17.0.10-win32-x86_64\bin\java.exe
0x00007ffa9d0b0000 - 0x00007ffa9d29e000 	C:\Windows\SYSTEM32\ntdll.dll
0x00007ffa9cee0000 - 0x00007ffa9cf93000 	C:\Windows\System32\KERNEL32.DLL
0x00007ffa992e0000 - 0x00007ffa9957d000 	C:\Windows\System32\KERNELBASE.dll
0x00007ffa997e0000 - 0x00007ffa998da000 	C:\Windows\System32\ucrtbase.dll
0x00007ffa93770000 - 0x00007ffa93787000 	c:\Users\SXRBS\.vscode\extensions\redhat.java-1.28.1-win32-x64\jre\17.0.10-win32-x86_64\bin\jli.dll
0x00007ffa9a500000 - 0x00007ffa9a697000 	C:\Windows\System32\USER32.dll
0x00007ffa992c0000 - 0x00007ffa992e0000 	C:\Windows\System32\win32u.dll
0x00007ffa9c440000 - 0x00007ffa9c469000 	C:\Windows\System32\GDI32.dll
0x00007ffa9a0d0000 - 0x00007ffa9a27a000 	C:\Windows\System32\gdi32full.dll
0x00007ffa998e0000 - 0x00007ffa99980000 	C:\Windows\System32\msvcp_win.dll
0x00007ffa881b0000 - 0x00007ffa88429000 	C:\Windows\WinSxS\amd64_microsoft.windows.common-controls_6595b64144ccf1df_6.0.17763.5458_none_de7234b4534a7f0e\COMCTL32.dll
0x00007ffa9c190000 - 0x00007ffa9c22e000 	C:\Windows\System32\msvcrt.dll
0x00007ffa92090000 - 0x00007ffa920ab000 	c:\Users\SXRBS\.vscode\extensions\redhat.java-1.28.1-win32-x64\jre\17.0.10-win32-x86_64\bin\VCRUNTIME140.dll
0x00007ffa9cb50000 - 0x00007ffa9ce7b000 	C:\Windows\System32\combase.dll
0x00007ffa9c960000 - 0x00007ffa9ca7d000 	C:\Windows\System32\RPCRT4.dll
0x00007ffa99210000 - 0x00007ffa99292000 	C:\Windows\System32\bcryptPrimitives.dll
0x00007ffa9d050000 - 0x00007ffa9d07e000 	C:\Windows\System32\IMM32.DLL
0x000000005d770000 - 0x000000005d77d000 	C:\Program Files (x86)\360\360Safe\safemon\SafeWrapper.dll
0x00007ffa9a810000 - 0x00007ffa9a8b8000 	C:\Windows\System32\ADVAPI32.dll
0x00007ffa9cfa0000 - 0x00007ffa9d042000 	C:\Windows\System32\sechost.dll
0x00007ffa99130000 - 0x00007ffa99156000 	C:\Windows\System32\bcrypt.dll
0x00007ffa86140000 - 0x00007ffa861ec000 	C:\Program Files (x86)\360\360Safe\safemon\libzdtp64.dll
0x00007ffa9ac90000 - 0x00007ffa9c188000 	C:\Windows\System32\SHELL32.dll
0x00007ffa9a280000 - 0x00007ffa9a2ca000 	C:\Windows\System32\cfgmgr32.dll
0x00007ffa9c390000 - 0x00007ffa9c437000 	C:\Windows\System32\shcore.dll
0x00007ffa99980000 - 0x00007ffa9a0c7000 	C:\Windows\System32\windows.storage.dll
0x00007ffa99100000 - 0x00007ffa99123000 	C:\Windows\System32\profapi.dll
0x00007ffa99080000 - 0x00007ffa990dd000 	C:\Windows\System32\powrprof.dll
0x00007ffa9ac30000 - 0x00007ffa9ac82000 	C:\Windows\System32\shlwapi.dll
0x00007ffa990e0000 - 0x00007ffa990f1000 	C:\Windows\System32\kernel.appcore.dll
0x00007ffa992a0000 - 0x00007ffa992bb000 	C:\Windows\System32\cryptsp.dll
0x00007ffa98e00000 - 0x00007ffa98e0a000 	C:\Windows\SYSTEM32\VERSION.dll
0x00007ffa93760000 - 0x00007ffa9376c000 	c:\Users\SXRBS\.vscode\extensions\redhat.java-1.28.1-win32-x64\jre\17.0.10-win32-x86_64\bin\vcruntime140_1.dll
0x00007ffa92000000 - 0x00007ffa9208d000 	c:\Users\SXRBS\.vscode\extensions\redhat.java-1.28.1-win32-x64\jre\17.0.10-win32-x86_64\bin\msvcp140.dll
0x00007ffa615f0000 - 0x00007ffa62252000 	c:\Users\SXRBS\.vscode\extensions\redhat.java-1.28.1-win32-x64\jre\17.0.10-win32-x86_64\bin\server\jvm.dll
0x00007ffa96e70000 - 0x00007ffa96e94000 	C:\Windows\SYSTEM32\WINMM.dll
0x00007ffa946a0000 - 0x00007ffa946a9000 	C:\Windows\SYSTEM32\WSOCK32.dll
0x00007ffa9cae0000 - 0x00007ffa9cb4d000 	C:\Windows\System32\WS2_32.dll
0x00007ffa96d20000 - 0x00007ffa96d4d000 	C:\Windows\SYSTEM32\WINMMBASE.dll
0x00007ffa91f10000 - 0x00007ffa91f1a000 	c:\Users\SXRBS\.vscode\extensions\redhat.java-1.28.1-win32-x64\jre\17.0.10-win32-x86_64\bin\jimage.dll
0x00007ffa98930000 - 0x00007ffa98b1d000 	C:\Windows\SYSTEM32\DBGHELP.DLL
0x00007ffa98880000 - 0x00007ffa988aa000 	C:\Windows\SYSTEM32\dbgcore.DLL
0x00007ffa91f00000 - 0x00007ffa91f0e000 	c:\Users\SXRBS\.vscode\extensions\redhat.java-1.28.1-win32-x64\jre\17.0.10-win32-x86_64\bin\instrument.dll
0x00007ffa91ed0000 - 0x00007ffa91ef5000 	c:\Users\SXRBS\.vscode\extensions\redhat.java-1.28.1-win32-x64\jre\17.0.10-win32-x86_64\bin\java.dll
0x00007ffa91e50000 - 0x00007ffa91e68000 	c:\Users\SXRBS\.vscode\extensions\redhat.java-1.28.1-win32-x64\jre\17.0.10-win32-x86_64\bin\zip.dll
0x00007ffa91530000 - 0x00007ffa91549000 	C:\Users\SXRBS\.vscode\extensions\redhat.java-1.28.1-win32-x64\jre\17.0.10-win32-x86_64\bin\net.dll
0x00007ffa8f830000 - 0x00007ffa8f92d000 	C:\Windows\SYSTEM32\WINHTTP.dll
0x00007ffa98300000 - 0x00007ffa98367000 	C:\Windows\system32\mswsock.dll
0x00007ffa91510000 - 0x00007ffa91526000 	C:\Users\SXRBS\.vscode\extensions\redhat.java-1.28.1-win32-x64\jre\17.0.10-win32-x86_64\bin\nio.dll
0x00007ffa91d70000 - 0x00007ffa91d80000 	c:\Users\SXRBS\.vscode\extensions\redhat.java-1.28.1-win32-x64\jre\17.0.10-win32-x86_64\bin\verify.dll
0x00007ffa914d0000 - 0x00007ffa9150e000 	C:\Users\SXRBS\AppData\Roaming\Code\User\globalStorage\redhat.java\1.28.1\config_ss_win\org.eclipse.equinox.launcher\org.eclipse.equinox.launcher.win32.win32.x86_64_1.2.900.v20240129-1338\eclipse_11900.dll
0x00007ffa9c230000 - 0x00007ffa9c386000 	C:\Windows\System32\ole32.dll
0x00007ffa97ee0000 - 0x00007ffa97f13000 	C:\Windows\system32\rsaenh.dll
0x00007ffa98f60000 - 0x00007ffa98f89000 	C:\Windows\SYSTEM32\USERENV.dll
0x00007ffa98530000 - 0x00007ffa9853c000 	C:\Windows\SYSTEM32\CRYPTBASE.dll
0x00007ffa985a0000 - 0x00007ffa985dd000 	C:\Windows\SYSTEM32\IPHLPAPI.DLL
0x00007ffa9a4f0000 - 0x00007ffa9a4f8000 	C:\Windows\System32\NSI.dll
0x00007ffa92380000 - 0x00007ffa92396000 	C:\Windows\SYSTEM32\dhcpcsvc6.DLL
0x00007ffa91e30000 - 0x00007ffa91e4c000 	C:\Windows\SYSTEM32\dhcpcsvc.DLL
0x00007ffa98070000 - 0x00007ffa98136000 	C:\Windows\SYSTEM32\DNSAPI.dll
0x00007ffa91310000 - 0x00007ffa91355000 	C:\Users\SXRBS\AppData\Local\Temp\jna-79354782\jna15324738193715077157.dll
0x00007ffa9c4d0000 - 0x00007ffa9c4d8000 	C:\Windows\System32\PSAPI.DLL

dbghelp: loaded successfully - version: 4.0.5 - missing functions: none
symbol engine: initialized successfully - sym options: 0x614 - pdb path: .;c:\Users\SXRBS\.vscode\extensions\redhat.java-1.28.1-win32-x64\jre\17.0.10-win32-x86_64\bin;C:\Windows\SYSTEM32;C:\Windows\WinSxS\amd64_microsoft.windows.common-controls_6595b64144ccf1df_6.0.17763.5458_none_de7234b4534a7f0e;C:\Program Files (x86)\360\360Safe\safemon;c:\Users\SXRBS\.vscode\extensions\redhat.java-1.28.1-win32-x64\jre\17.0.10-win32-x86_64\bin\server;C:\Users\SXRBS\AppData\Roaming\Code\User\globalStorage\redhat.java\1.28.1\config_ss_win\org.eclipse.equinox.launcher\org.eclipse.equinox.launcher.win32.win32.x86_64_1.2.900.v20240129-1338;C:\Users\SXRBS\AppData\Local\Temp\jna-79354782

VM Arguments:
jvm_args: --add-modules=ALL-SYSTEM --add-opens=java.base/java.util=ALL-UNNAMED --add-opens=java.base/java.lang=ALL-UNNAMED --add-opens=java.base/sun.nio.fs=ALL-UNNAMED -Declipse.application=org.eclipse.jdt.ls.core.id1 -Dosgi.bundles.defaultStartLevel=4 -Declipse.product=org.eclipse.jdt.ls.core.product -Djava.import.generatesMetadataFilesAtProjectRoot=false -DDetectVMInstallationsJob.disabled=true -Dfile.encoding=utf8 -XX:+UseParallelGC -XX:GCTimeRatio=4 -XX:AdaptiveSizePolicyWeight=90 -Dsun.zip.disableMemoryMapping=true -Xmx1G -Xms100m -Xlog:disable -javaagent:c:\Users\SXRBS\.vscode\extensions\redhat.java-1.28.1-win32-x64\lombok\lombok-1.18.31.jar 
java_command: c:\Users\SXRBS\.vscode\extensions\redhat.java-1.28.1-win32-x64\server\plugins\org.eclipse.equinox.launcher_1.6.700.v20231214-2017.jar -configuration c:\Users\SXRBS\AppData\Roaming\Code\User\globalStorage\redhat.java\1.28.1\config_ss_win -data c:\Users\SXRBS\AppData\Roaming\Code\User\workspaceStorage\c8669b37ec549c97780dae6a6d3fc7b2\redhat.java\ss_ws --stdio
java_class_path (initial): c:\Users\SXRBS\.vscode\extensions\redhat.java-1.28.1-win32-x64\server\plugins\org.eclipse.equinox.launcher_1.6.700.v20231214-2017.jar
Launcher Type: SUN_STANDARD

[Global flags]
    uintx AdaptiveSizePolicyWeight                 = 90                                        {product} {command line}
     intx CICompilerCount                          = 4                                         {product} {ergonomic}
    uintx GCTimeRatio                              = 4                                         {product} {command line}
   size_t InitialHeapSize                          = 104857600                                 {product} {command line}
   size_t MaxHeapSize                              = 1073741824                                {product} {command line}
   size_t MaxNewSize                               = 357564416                                 {product} {ergonomic}
   size_t MinHeapDeltaBytes                        = 524288                                    {product} {ergonomic}
   size_t MinHeapSize                              = 104857600                                 {product} {command line}
   size_t NewSize                                  = 34603008                                  {product} {ergonomic}
    uintx NonNMethodCodeHeapSize                   = 5839372                                {pd product} {ergonomic}
    uintx NonProfiledCodeHeapSize                  = 122909434                              {pd product} {ergonomic}
   size_t OldSize                                  = 70254592                                  {product} {ergonomic}
    uintx ProfiledCodeHeapSize                     = 122909434                              {pd product} {ergonomic}
    uintx ReservedCodeCacheSize                    = 251658240                              {pd product} {ergonomic}
     bool SegmentedCodeCache                       = true                                      {product} {ergonomic}
   size_t SoftMaxHeapSize                          = 1073741824                             {manageable} {ergonomic}
     bool UseCompressedClassPointers               = true                           {product lp64_product} {ergonomic}
     bool UseCompressedOops                        = true                           {product lp64_product} {ergonomic}
     bool UseLargePagesIndividualAllocation        = false                                  {pd product} {ergonomic}
     bool UseParallelGC                            = true                                      {product} {command line}

Logging:
Log output configuration:
 #0: stdout all=off uptime,level,tags
 #1: stderr all=off uptime,level,tags

Environment Variables:
JAVA_HOME=C:\Program Files\Java\jdk-17
PATH=C:\Program Files\Common Files\Oracle\Java\javapath;C:\Windows\system32;C:\Windows;C:\Windows\System32\Wbem;C:\Windows\System32\WindowsPowerShell\v1.0\;C:\Windows\System32\OpenSSH\;C:\Program Files\Java\jdk-17\bin;C:\Program Files\nodejs\;C:\Program Files\Redis;C:\Program Files\Microsoft SQL Server\150\Tools\Binn\;C:\Program Files\Microsoft SQL Server\Client SDK\ODBC\170\Tools\Binn\;C:\Program Files\dotnet\;C:\Program Files (x86)\Microsoft SQL Server\160\DTS\Binn\;C:\Program Files\Azure Data Studio\bin;C:\Program Files (x86)\NetSarang\Xshell 7\;C:\Program Files (x86)\NetSarang\Xftp 7\;C:\Users\SXRBS\AppData\Local\Microsoft\WindowsApps;C:\Users\SXRBS\AppData\Roaming\npm;C:\Users\SXRBS\.dotnet\tools;C:\Program Files\Azure Data Studio\bin;C:\Users\SXRBS\AppData\Local\Programs\Microsoft VS Code\bin
USERNAME=SXRBS
OS=Windows_NT
PROCESSOR_IDENTIFIER=Intel64 Family 6 Model 158 Stepping 9, GenuineIntel
TMP=C:\Users\SXRBS\AppData\Local\Temp
TEMP=C:\Users\SXRBS\AppData\Local\Temp



Periodic native trim disabled


---------------  S Y S T E M  ---------------

OS:
 Windows 10 , 64 bit Build 17763 (10.0.17763.4974)
OS uptime: 0 days 0:01 hours

CPU: total 8 (initial active 8) (4 cores per cpu, 2 threads per core) family 6 model 158 stepping 9 microcode 0x8e, cx8, cmov, fxsr, ht, mmx, 3dnowpref, sse, sse2, sse3, ssse3, sse4.1, sse4.2, popcnt, lzcnt, tsc, tscinvbit, avx, avx2, aes, erms, clmul, bmi1, bmi2, rtm, adx, fma, vzeroupper, clflush, clflushopt
Processor Information for all 8 processors :
  Max Mhz: 3600, Current Mhz: 3600, Mhz Limit: 3600

Memory: 4k page, system-wide physical 32674M (27709M free)
TotalPageFile size 65442M (AvailPageFile size 57507M)
current process WorkingSet (physical memory assigned to process): 235M, peak: 274M
current process commit charge ("private bytes"): 305M, peak: 337M

vm_info: OpenJDK 64-Bit Server VM (17.0.10+7) for windows-amd64 JRE (17.0.10+7), built on Jan 16 2024 23:25:11 by "admin" with MS VC++ 16.10 / 16.11 (VS2019)

END.
