#
# A fatal error has been detected by the Java Runtime Environment:
#
#  EXCEPTION_ACCESS_VIOLATION (0xc0000005) at pc=0x00007ffdb7cb0316, pid=9016, tid=8500
#
# JRE version: OpenJDK Runtime Environment Temurin-17.0.10+7 (17.0.10+7) (build 17.0.10+7)
# Java VM: OpenJDK 64-Bit Server VM Temurin-17.0.10+7 (17.0.10+7, mixed mode, tiered, compressed oops, compressed class ptrs, parallel gc, windows-amd64)
# Problematic frame:
# V  [jvm.dll+0x6b0316]
#
# No core dump will be written. Minidumps are not enabled by default on client versions of Windows
#
# If you would like to submit a bug report, please visit:
#   https://github.com/adoptium/adoptium-support/issues
#

---------------  S U M M A R Y ------------

Command Line: --add-modules=ALL-SYSTEM --add-opens=java.base/java.util=ALL-UNNAMED --add-opens=java.base/java.lang=ALL-UNNAMED --add-opens=java.base/sun.nio.fs=ALL-UNNAMED -Declipse.application=org.eclipse.jdt.ls.core.id1 -Dosgi.bundles.defaultStartLevel=4 -Declipse.product=org.eclipse.jdt.ls.core.product -Djava.import.generatesMetadataFilesAtProjectRoot=false -DDetectVMInstallationsJob.disabled=true -Dfile.encoding=utf8 -XX:+UseParallelGC -XX:GCTimeRatio=4 -XX:AdaptiveSizePolicyWeight=90 -Dsun.zip.disableMemoryMapping=true -Xmx1G -Xms100m -Xlog:disable -javaagent:c:\Users\SXRBS\.vscode\extensions\redhat.java-1.28.1-win32-x64\lombok\lombok-1.18.31.jar -XX:+HeapDumpOnOutOfMemoryError -XX:HeapDumpPath=c:\Users\SXRBS\AppData\Roaming\Code\User\workspaceStorage\c8669b37ec549c97780dae6a6d3fc7b2\redhat.java -Daether.dependencyCollector.impl=bf c:\Users\SXRBS\.vscode\extensions\redhat.java-1.28.1-win32-x64\server\plugins\org.eclipse.equinox.launcher_1.6.700.v20231214-2017.jar -configuration c:\Users\SXRBS\AppData\Roaming\Code\User\globalStorage\redhat.java\1.28.1\config_win -data c:\Users\SXRBS\AppData\Roaming\Code\User\workspaceStorage\c8669b37ec549c97780dae6a6d3fc7b2\redhat.java\jdt_ws --stdio

Host: Intel(R) Core(TM) i7-7700 CPU @ 3.60GHz, 8 cores, 31G,  Windows 10 , 64 bit Build 17763 (10.0.17763.4974)
Time: Tue Feb 27 08:03:53 2024 中国标准时间 elapsed time: 14.610431 seconds (0d 0h 0m 14s)

---------------  T H R E A D  ---------------

Current thread (0x000001c27e89bce0):  GCTaskThread "GC Thread#5" [stack: 0x00000060fdf00000,0x00000060fe000000] [id=8500]

Stack: [0x00000060fdf00000,0x00000060fe000000],  sp=0x00000060fdfff6d0,  free space=1021k
Native frames: (J=compiled Java code, j=interpreted, Vv=VM code, C=native code)
V  [jvm.dll+0x6b0316]
V  [jvm.dll+0x6b0663]
V  [jvm.dll+0x6b5218]
V  [jvm.dll+0x7e81e8]
V  [jvm.dll+0x6b9c0d]
V  [jvm.dll+0x86226b]
V  [jvm.dll+0x8622b6]
V  [jvm.dll+0x7e3fba]
V  [jvm.dll+0x67c1b5]
C  [ucrtbase.dll+0x2268a]
C  [KERNEL32.DLL+0x17ac4]
C  [ntdll.dll+0x5a4e1]


siginfo: EXCEPTION_ACCESS_VIOLATION (0xc0000005), reading address 0xffffffffffffffff


Registers:
RAX=0x1fffffffe8000002, RBX=0x0000000000000014, RCX=0x0000000000000002, RDX=0x000001c27a210000
RSP=0x00000060fdfff6d0, RBP=0x000001c27c5bd950, RSI=0x0000000000000003, RDI=0x00000000c4a48ce0
R8 =0x007fffffffa00000, R9 =0x0000000000000e05, R10=0x00000000c4a49288, R11=0x0000000000000094
R12=0x00000000000003d8, R13=0x00000060fdfff8b0, R14=0x00000000c4a48d2c, R15=0x0000000000000000
RIP=0x00007ffdb7cb0316, EFLAGS=0x0000000000010206


Register to memory mapping:

RIP=0x00007ffdb7cb0316 jvm.dll
RAX=0x1fffffffe8000002 is an unknown value
RBX=0x0000000000000014 is an unknown value
RCX=0x0000000000000002 is an unknown value
RDX=0x000001c27a210000 points into unknown readable memory: 0x0008014949249249 | 49 92 24 49 49 01 08 00
RSP=0x00000060fdfff6d0 points into unknown readable memory: 0x00000000c4a49288 | 88 92 a4 c4 00 00 00 00
RBP=0x000001c27c5bd950 points into unknown readable memory: 0x000001c266280150 | 50 01 28 66 c2 01 00 00
RSI=0x0000000000000003 is an unknown value
RDI=0x00000000c4a48ce0 is pointing into object: [Ljava.lang.Object; 
{0x00000000c4a48ca0} - klass: 'java/lang/Object'[]
 - length: 31
R8 =0x007fffffffa00000 is an unknown value
R9 =0x0000000000000e05 is an unknown value
R10=0x00000000c4a49288 is an oop: org.eclipse.jdt.internal.core.util.SimpleWordSet 
{0x00000000c4a49288} - klass: 'org/eclipse/jdt/internal/core/util/SimpleWordSet'
 - ---- fields (total size 3 words):
 - public 'elementSize' 'I' @12  30 (1e)
 - public 'threshold' 'I' @16  46 (2e)
 - public 'words' '[[C' @20  a {type array char}[69] {0x00000000c4a492a0} (c4a492a0)
R11=0x0000000000000094 is an unknown value
R12=0x00000000000003d8 is an unknown value
R13=0x00000060fdfff8b0 points into unknown readable memory: 0x00007ffdb7fb1b50 | 50 1b fb b7 fd 7f 00 00
R14=0x00000000c4a48d2c is pointing into object: [Ljava.lang.Object; 
{0x00000000c4a48ca0} - klass: 'java/lang/Object'[]
 - length: 31
R15=0x0 is NULL


Top of Stack: (sp=0x00000060fdfff6d0)
0x00000060fdfff6d0:   00000000c4a49288 00000000c4a48cd4
0x00000060fdfff6e0:   0000000000000000 00007ffdb812c7a0
0x00000060fdfff6f0:   00007ffdb812c7a0 00007ffdb7cb0663
0x00000060fdfff700:   000001c27c5bd950 00007ffdb7f1bb90
0x00000060fdfff710:   00007ffdb7fb1158 0000000000000e03
0x00000060fdfff720:   0000000000000000 0000000000000000
0x00000060fdfff730:   000001c27f4f0f20 00007ffdb7de0001
0x00000060fdfff740:   00000060fdfff701 0000000000000000
0x00000060fdfff750:   00007ffdb7f1bb90 000001c267c950d0
0x00000060fdfff760:   000001c200000003 000001c27c5bd950
0x00000060fdfff770:   0000000000000000 0000000000000000
0x00000060fdfff780:   000001c27f4f0f20 000001c27d50cd28
0x00000060fdfff790:   000001c27ee5d6c0 000001c27d50c950
0x00000060fdfff7a0:   000001c27d50c940 00007ffdb7cb5218
0x00000060fdfff7b0:   000001c27c5bd950 000001c27d50c940
0x00000060fdfff7c0:   000001c27d50c950 000001c27c5bd950
0x00000060fdfff7d0:   00007ffdb7fb1948 000001c27c5bd950
0x00000060fdfff7e0:   00007ffdb7f54ad0 00000060fdfff7d0
0x00000060fdfff7f0:   0000000000000000 0000000000000086
0x00000060fdfff800:   0000000000000004 0000000000000001
0x00000060fdfff810:   00007ffdb7fb1948 00000060fccfefd0
0x00000060fdfff820:   000001c204301c40 00007ffdb7de81e8
0x00000060fdfff830:   000000000000003d 000001c204301c90
0x00000060fdfff840:   00000060fdfff8b0 0000000000000007
0x00000060fdfff850:   00000060fccff110 00007ffdb7cb9c0d
0x00000060fdfff860:   0000000000000000 00000060fdfff8e0
0x00000060fdfff870:   000001c27e89bce0 00000060fccfefd0
0x00000060fdfff880:   00000060fccff370 000001c27d50c940
0x00000060fdfff890:   0000000400000002 00000060fccfefd0
0x00000060fdfff8a0:   0000000600000000 0000000008b13f7b
0x00000060fdfff8b0:   00007ffdb7fb1b50 0000000000000004
0x00000060fdfff8c0:   0000000000000000 0000000000000000 

Instructions: (pc=0x00007ffdb7cb0316)
0x00007ffdb7cb0216:   48 8b 74 24 48 48 83 c4 20 5f c3 cc cc cc cc cc
0x00007ffdb7cb0226:   cc cc cc cc cc cc cc cc cc cc 48 89 5c 24 08 48
0x00007ffdb7cb0236:   89 6c 24 10 48 89 74 24 18 48 89 7c 24 20 41 56
0x00007ffdb7cb0246:   48 83 ec 20 80 3d 30 31 4d 00 00 bb 10 00 00 00
0x00007ffdb7cb0256:   48 8b e9 4d 63 d0 4c 8b da 8b c3 8d 4b fc 0f 84
0x00007ffdb7cb0266:   06 01 00 00 44 0f b6 0d 10 31 4d 00 45 84 c9 0f
0x00007ffdb7cb0276:   45 c1 4c 63 04 10 49 8b d2 49 8b c0 49 2b c2 41
0x00007ffdb7cb0286:   ba 00 08 00 00 49 3b c2 4c 0f 42 d0 b8 18 00 00
0x00007ffdb7cb0296:   00 4c 03 d2 45 84 c9 0f 45 c3 49 03 c3 48 8d 3c
0x00007ffdb7cb02a6:   90 4e 8d 34 90 4d 3b d0 73 0e 4d 8b c2 49 8b d3
0x00007ffdb7cb02b6:   48 8b cd e8 82 0b 00 00 49 3b fe 0f 83 90 01 00
0x00007ffdb7cb02c6:   00 66 0f 1f 84 00 00 00 00 00 8b 07 85 c0 0f 84
0x00007ffdb7cb02d6:   84 00 00 00 8b 0d 08 70 46 00 8b d8 48 8b 15 17
0x00007ffdb7cb02e6:   d3 4e 00 48 d3 e3 48 03 1d ed 6f 46 00 8b 0d 3f
0x00007ffdb7cb02f6:   7f 46 00 48 8b c3 48 2b 02 48 8b 52 10 48 c1 e8
0x00007ffdb7cb0306:   03 48 d3 e8 4c 8b c0 24 3f 49 c1 e8 06 0f b6 c8
0x00007ffdb7cb0316:   4a 8b 04 c2 48 0f a3 c8 72 3e 48 8b cb e8 78 c7
0x00007ffdb7cb0326:   95 ff 48 63 f0 48 8d 0d 9e d4 4e 00 4c 8b c6 48
0x00007ffdb7cb0336:   8b d3 e8 d3 72 fd ff 84 c0 74 1d 4c 8b c6 48 8d
0x00007ffdb7cb0346:   0d c5 d4 4e 00 48 8b d3 e8 0d 2f 00 00 48 8b d3
0x00007ffdb7cb0356:   48 8b cd e8 42 0a 00 00 48 83 c7 04 49 3b fe 0f
0x00007ffdb7cb0366:   82 65 ff ff ff e9 e7 00 00 00 0f b6 15 0b 30 4d
0x00007ffdb7cb0376:   00 84 d2 48 0f 45 c1 49 8b ca 4e 63 0c 18 49 8b
0x00007ffdb7cb0386:   c1 49 2b c2 41 ba 00 08 00 00 49 3b c2 4c 0f 42
0x00007ffdb7cb0396:   d0 b8 18 00 00 00 4c 03 d1 84 d2 48 0f 45 c3 49
0x00007ffdb7cb03a6:   03 c3 48 8d 3c c8 4e 8d 34 d0 4d 3b d1 73 0e 4d
0x00007ffdb7cb03b6:   8b c2 49 8b d3 48 8b cd e8 7d 0a 00 00 49 3b fe
0x00007ffdb7cb03c6:   0f 83 8b 00 00 00 0f 1f 40 00 48 8b 1f 48 85 db
0x00007ffdb7cb03d6:   74 72 48 8b 15 21 d2 4e 00 48 8b c3 8b 0d 50 7e
0x00007ffdb7cb03e6:   46 00 48 2b 02 48 8b 52 10 48 c1 e8 03 48 d3 e8
0x00007ffdb7cb03f6:   4c 8b c0 24 3f 49 c1 e8 06 0f b6 c8 4a 8b 04 c2
0x00007ffdb7cb0406:   48 0f a3 c8 72 3e 48 8b cb e8 8c c6 95 ff 48 63 


Stack slot to memory mapping:
stack at sp + 0 slots: 0x00000000c4a49288 is an oop: org.eclipse.jdt.internal.core.util.SimpleWordSet 
{0x00000000c4a49288} - klass: 'org/eclipse/jdt/internal/core/util/SimpleWordSet'
 - ---- fields (total size 3 words):
 - public 'elementSize' 'I' @12  30 (1e)
 - public 'threshold' 'I' @16  46 (2e)
 - public 'words' '[[C' @20  a {type array char}[69] {0x00000000c4a492a0} (c4a492a0)
stack at sp + 1 slots: 0x00000000c4a48cd4 is pointing into object: [Ljava.lang.Object; 
{0x00000000c4a48ca0} - klass: 'java/lang/Object'[]
 - length: 31
stack at sp + 2 slots: 0x0 is NULL
stack at sp + 3 slots: 0x00007ffdb812c7a0 jvm.dll
stack at sp + 4 slots: 0x00007ffdb812c7a0 jvm.dll
stack at sp + 5 slots: 0x00007ffdb7cb0663 jvm.dll
stack at sp + 6 slots: 0x000001c27c5bd950 points into unknown readable memory: 0x000001c266280150 | 50 01 28 66 c2 01 00 00
stack at sp + 7 slots: 0x00007ffdb7f1bb90 jvm.dll


---------------  P R O C E S S  ---------------

Threads class SMR info:
_java_thread_list=0x000001c206026120, length=30, elements={
0x000001c267c76b40, 0x000001c27c609660, 0x000001c27c60b510, 0x000001c27d46a950,
0x000001c27d46b8f0, 0x000001c27d4ae210, 0x000001c27d4ad7f0, 0x000001c27d4be7d0,
0x000001c27d4c0940, 0x000001c27d4c1730, 0x000001c27d4ab990, 0x000001c27d4ae720,
0x000001c27d4abea0, 0x000001c27d4ac3b0, 0x000001c27d4af140, 0x000001c27d4add00,
0x000001c27d4ac8c0, 0x000001c27f4f1430, 0x000001c27f4efff0, 0x000001c27f4f0500,
0x000001c27f4f0f20, 0x000001c27f4f0a10, 0x000001c27f4f2d80, 0x000001c27f4f6020,
0x000001c27f4f1e50, 0x000001c27f4f2870, 0x000001c27f4ef5d0, 0x000001c27f4f37a0,
0x000001c27f4f4be0, 0x000001c27f4f41c0
}

Java Threads: ( => current thread )
  0x000001c267c76b40 JavaThread "main" [_thread_blocked, id=13024, stack(0x00000060fca00000,0x00000060fcb00000)]
  0x000001c27c609660 JavaThread "Reference Handler" daemon [_thread_blocked, id=6796, stack(0x00000060fcd00000,0x00000060fce00000)]
  0x000001c27c60b510 JavaThread "Finalizer" daemon [_thread_blocked, id=15840, stack(0x00000060fce00000,0x00000060fcf00000)]
  0x000001c27d46a950 JavaThread "Signal Dispatcher" daemon [_thread_blocked, id=2296, stack(0x00000060fcf00000,0x00000060fd000000)]
  0x000001c27d46b8f0 JavaThread "Attach Listener" daemon [_thread_blocked, id=17536, stack(0x00000060fd000000,0x00000060fd100000)]
  0x000001c27d4ae210 JavaThread "Service Thread" daemon [_thread_blocked, id=4352, stack(0x00000060fd100000,0x00000060fd200000)]
  0x000001c27d4ad7f0 JavaThread "Monitor Deflation Thread" daemon [_thread_blocked, id=15500, stack(0x00000060fd200000,0x00000060fd300000)]
  0x000001c27d4be7d0 JavaThread "C2 CompilerThread0" daemon [_thread_blocked, id=17836, stack(0x00000060fd300000,0x00000060fd400000)]
  0x000001c27d4c0940 JavaThread "C1 CompilerThread0" daemon [_thread_blocked, id=17172, stack(0x00000060fd400000,0x00000060fd500000)]
  0x000001c27d4c1730 JavaThread "Sweeper thread" daemon [_thread_blocked, id=15868, stack(0x00000060fd500000,0x00000060fd600000)]
  0x000001c27d4ab990 JavaThread "Common-Cleaner" daemon [_thread_blocked, id=11536, stack(0x00000060fd600000,0x00000060fd700000)]
  0x000001c27d4ae720 JavaThread "Notification Thread" daemon [_thread_blocked, id=2096, stack(0x00000060fd800000,0x00000060fd900000)]
  0x000001c27d4abea0 JavaThread "Active Thread: Equinox Container: 88c92b76-a0f7-4b31-adbc-d5dc82e5a71a" [_thread_blocked, id=17860, stack(0x00000060fda00000,0x00000060fdb00000)]
  0x000001c27d4ac3b0 JavaThread "Framework Event Dispatcher: Equinox Container: 88c92b76-a0f7-4b31-adbc-d5dc82e5a71a" daemon [_thread_blocked, id=16288, stack(0x00000060fd700000,0x00000060fd800000)]
  0x000001c27d4af140 JavaThread "Start Level: Equinox Container: 88c92b76-a0f7-4b31-adbc-d5dc82e5a71a" daemon [_thread_blocked, id=17004, stack(0x00000060fe100000,0x00000060fe200000)]
  0x000001c27d4add00 JavaThread "Bundle File Closer" daemon [_thread_blocked, id=10572, stack(0x00000060fe400000,0x00000060fe500000)]
  0x000001c27d4ac8c0 JavaThread "SCR Component Actor" daemon [_thread_blocked, id=2348, stack(0x00000060fe500000,0x00000060fe600000)]
  0x000001c27f4f1430 JavaThread "Worker-JM" [_thread_blocked, id=1444, stack(0x00000060fe700000,0x00000060fe800000)]
  0x000001c27f4efff0 JavaThread "Worker-0" [_thread_blocked, id=18220, stack(0x00000060fe900000,0x00000060fea00000)]
  0x000001c27f4f0500 JavaThread "Worker-1" [_thread_blocked, id=5836, stack(0x00000060fea00000,0x00000060feb00000)]
  0x000001c27f4f0f20 JavaThread "Java indexing" daemon [_thread_blocked, id=7356, stack(0x00000060feb00000,0x00000060fec00000)]
  0x000001c27f4f0a10 JavaThread "Worker-2: Initialize Workspace" [_thread_blocked, id=15836, stack(0x00000060fe800000,0x00000060fe900000)]
  0x000001c27f4f2d80 JavaThread "JNA Cleaner" daemon [_thread_blocked, id=476, stack(0x00000060fed00000,0x00000060fee00000)]
  0x000001c27f4f6020 JavaThread "pool-2-thread-1" [_thread_blocked, id=18152, stack(0x00000060fee00000,0x00000060fef00000)]
  0x000001c27f4f1e50 JavaThread "WorkspaceEventsHandler" [_thread_blocked, id=8576, stack(0x00000060fef00000,0x00000060ff000000)]
  0x000001c27f4f2870 JavaThread "pool-1-thread-1" [_thread_blocked, id=11092, stack(0x00000060ff000000,0x00000060ff100000)]
  0x000001c27f4ef5d0 JavaThread "pool-3-thread-1" [_thread_blocked, id=4832, stack(0x00000060fe300000,0x00000060fe400000)]
  0x000001c27f4f37a0 JavaThread "Worker-3: Java indexing... " [_thread_blocked, id=12592, stack(0x00000060fe600000,0x00000060fe700000)]
  0x000001c27f4f4be0 JavaThread "Worker-4" [_thread_blocked, id=16264, stack(0x00000060ff200000,0x00000060ff300000)]
  0x000001c27f4f41c0 JavaThread "Worker-5" [_thread_blocked, id=7340, stack(0x00000060ff300000,0x00000060ff400000)]

Other Threads:
  0x000001c27c602e00 VMThread "VM Thread" [stack: 0x00000060fcc00000,0x00000060fcd00000] [id=2708]
  0x000001c27d7d37e0 WatcherThread [stack: 0x00000060fd900000,0x00000060fda00000] [id=17540]
  0x000001c267c8ca80 GCTaskThread "GC Thread#0" [stack: 0x00000060fcb00000,0x00000060fcc00000] [id=13296]
  0x000001c27eedeae0 GCTaskThread "GC Thread#1" [stack: 0x00000060fdb00000,0x00000060fdc00000] [id=13656]
  0x000001c27ecb8720 GCTaskThread "GC Thread#2" [stack: 0x00000060fdc00000,0x00000060fdd00000] [id=244]
  0x000001c27e89b760 GCTaskThread "GC Thread#3" [stack: 0x00000060fdd00000,0x00000060fde00000] [id=2880]
  0x000001c27e89ba20 GCTaskThread "GC Thread#4" [stack: 0x00000060fde00000,0x00000060fdf00000] [id=17056]
=>0x000001c27e89bce0 GCTaskThread "GC Thread#5" [stack: 0x00000060fdf00000,0x00000060fe000000] [id=8500]
  0x000001c27e89bfa0 GCTaskThread "GC Thread#6" [stack: 0x00000060fe000000,0x00000060fe100000] [id=13704]
  0x000001c26637e590 GCTaskThread "GC Thread#7" [stack: 0x00000060fe200000,0x00000060fe300000] [id=16440]

Threads with active compile tasks:

VM state: at safepoint (normal execution)

VM Mutex/Monitor currently owned by a thread:  ([mutex/lock_event])
[0x000001c267c72cf0] Threads_lock - owner thread: 0x000001c27c602e00
[0x000001c267c726c0] Heap_lock - owner thread: 0x000001c27f4f0f20

Heap address: 0x00000000c0000000, size: 1024 MB, Compressed Oops mode: 32-bit

CDS archive(s) not mapped
Compressed class space mapped at: 0x0000000100000000-0x0000000140000000, reserved size: 1073741824
Narrow klass base: 0x0000000000000000, Narrow klass shift: 3, Narrow klass range: 0x140000000

GC Precious Log:
 CPUs: 8 total, 8 available
 Memory: 32674M
 Large Page Support: Disabled
 NUMA Support: Disabled
 Compressed Oops: Enabled (32-bit)
 Alignments: Space 512K, Generation 512K, Heap 2M
 Heap Min Capacity: 100M
 Heap Initial Capacity: 100M
 Heap Max Capacity: 1G
 Pre-touch: Disabled
 Parallel Workers: 8

Heap:
 PSYoungGen      total 14336K, used 2558K [0x00000000eab00000, 0x00000000ec580000, 0x0000000100000000)
  eden space 11776K, 0% used [0x00000000eab00000,0x00000000eab00000,0x00000000eb680000)
  from space 2560K, 99% used [0x00000000ebd00000,0x00000000ebf7f8a0,0x00000000ebf80000)
  to   space 6656K, 0% used [0x00000000eb680000,0x00000000eb680000,0x00000000ebd00000)
 ParOldGen       total 92672K, used 92276K [0x00000000c0000000, 0x00000000c5a80000, 0x00000000eab00000)
  object space 92672K, 99% used [0x00000000c0000000,0x00000000c5a1d328,0x00000000c5a80000)
 Metaspace       used 54458K, committed 55488K, reserved 1114112K
  class space    used 5815K, committed 6272K, reserved 1048576K

Card table byte_map: [0x000001c279ea0000,0x000001c27a0b0000] _byte_map_base: 0x000001c2798a0000

Marking Bits: (ParMarkBitMap*) 0x00007ffdb819d7d0
 Begin Bits: [0x000001c27a210000, 0x000001c27b210000)
 End Bits:   [0x000001c27b210000, 0x000001c27c210000)

Polling page: 0x000001c266400000

Metaspace:

Usage:
  Non-class:     47.50 MB used.
      Class:      5.68 MB used.
       Both:     53.18 MB used.

Virtual space:
  Non-class space:       64.00 MB reserved,      48.06 MB ( 75%) committed,  1 nodes.
      Class space:        1.00 GB reserved,       6.13 MB ( <1%) committed,  1 nodes.
             Both:        1.06 GB reserved,      54.19 MB (  5%) committed. 

Chunk freelists:
   Non-Class:  15.19 MB
       Class:  9.85 MB
        Both:  25.04 MB

MaxMetaspaceSize: unlimited
CompressedClassSpaceSize: 1.00 GB
Initial GC threshold: 21.00 MB
Current GC threshold: 90.31 MB
CDS: off
MetaspaceReclaimPolicy: balanced
 - commit_granule_bytes: 65536.
 - commit_granule_words: 8192.
 - virtual_space_node_default_size: 8388608.
 - enlarge_chunks_in_place: 1.
 - new_chunks_are_fully_committed: 0.
 - uncommit_free_chunks: 1.
 - use_allocation_guard: 0.
 - handle_deallocations: 1.


Internal statistics:

num_allocs_failed_limit: 6.
num_arena_births: 492.
num_arena_deaths: 14.
num_vsnodes_births: 2.
num_vsnodes_deaths: 0.
num_space_committed: 867.
num_space_uncommitted: 0.
num_chunks_returned_to_freelist: 20.
num_chunks_taken_from_freelist: 2594.
num_chunk_merges: 5.
num_chunk_splits: 1583.
num_chunks_enlarged: 927.
num_inconsistent_stats: 0.

CodeHeap 'non-profiled nmethods': size=120000Kb used=4818Kb max_used=5570Kb free=115181Kb
 bounds [0x000001c272790000, 0x000001c272d10000, 0x000001c279cc0000]
CodeHeap 'profiled nmethods': size=120000Kb used=11762Kb max_used=13693Kb free=108237Kb
 bounds [0x000001c26acc0000, 0x000001c26ba30000, 0x000001c2721f0000]
CodeHeap 'non-nmethods': size=5760Kb used=1298Kb max_used=1398Kb free=4461Kb
 bounds [0x000001c2721f0000, 0x000001c272460000, 0x000001c272790000]
 total_blobs=6732 nmethods=6104 adapters=542
 compilation: enabled
              stopped_count=0, restarted_count=0
 full_count=0

Compilation events (20 events):
Event: 14.329 Thread 0x000001c205866d40 nmethod 7502 0x000001c2727b1510 code [0x000001c2727b1680, 0x000001c2727b1738]
Event: 14.344 Thread 0x000001c205866d40 7503       4       org.eclipse.jdt.internal.core.search.indexing.AbstractIndexer::addTypeDeclaration (109 bytes)
Event: 14.412 Thread 0x000001c205866d40 nmethod 7503 0x000001c272bb7d10 code [0x000001c272bb7fc0, 0x000001c272bbac68]
Event: 14.412 Thread 0x000001c205866d40 7504       4       org.eclipse.jdt.internal.core.search.indexing.BinaryContainer::isIdentifier (44 bytes)
Event: 14.413 Thread 0x000001c205866d40 nmethod 7504 0x000001c2728b9410 code [0x000001c2728b95a0, 0x000001c2728b9688]
Event: 14.413 Thread 0x000001c205866d40 7506       4       jdk.internal.util.Preconditions::checkFromIndexSize (25 bytes)
Event: 14.414 Thread 0x000001c205866d40 nmethod 7506 0x000001c272977790 code [0x000001c272977900, 0x000001c2729779b8]
Event: 14.414 Thread 0x000001c27d4c0940 7505   !   3       org.eclipse.jdt.internal.core.search.indexing.BinaryContainer::isValidPackageNameForClassOrisModule (158 bytes)
Event: 14.417 Thread 0x000001c27d4c0940 nmethod 7505 0x000001c26acdc910 code [0x000001c26acdcba0, 0x000001c26acdd638]
Event: 14.486 Thread 0x000001c27d4c0940 7507   !   3       org.eclipse.core.internal.jobs.JobManager::select (160 bytes)
Event: 14.487 Thread 0x000001c27d4c0940 nmethod 7507 0x000001c26aed8790 code [0x000001c26aed8a80, 0x000001c26aed9df8]
Event: 14.513 Thread 0x000001c27d4be7d0 nmethod 7497 0x000001c272c08a10 code [0x000001c272c08f40, 0x000001c272c0f010]
Event: 14.520 Thread 0x000001c27d4c0940 7508       3       org.eclipse.core.internal.jobs.JobManager::wakeUp (53 bytes)
Event: 14.521 Thread 0x000001c27d4c0940 nmethod 7508 0x000001c26ad32f10 code [0x000001c26ad33160, 0x000001c26ad33a98]
Event: 14.566 Thread 0x000001c27d4c0940 7509       3       com.google.gson.stream.JsonReader::nextName (116 bytes)
Event: 14.566 Thread 0x000001c27d4c0940 nmethod 7509 0x000001c26b120190 code [0x000001c26b120460, 0x000001c26b121228]
Event: 14.566 Thread 0x000001c27d4c0940 7510   !   3       java.io.StringReader::read (105 bytes)
Event: 14.567 Thread 0x000001c27d4c0940 nmethod 7510 0x000001c26ae02a10 code [0x000001c26ae02c40, 0x000001c26ae033e8]
Event: 14.567 Thread 0x000001c27d4c0940 7511       3       java.io.StringReader::ensureOpen (18 bytes)
Event: 14.567 Thread 0x000001c27d4c0940 nmethod 7511 0x000001c26ad29810 code [0x000001c26ad299c0, 0x000001c26ad29bc8]

GC Heap History (20 events):
Event: 12.437 GC heap after
{Heap after GC invocations=47 (full 3):
 PSYoungGen      total 17920K, used 3191K [0x00000000eab00000, 0x00000000ec000000, 0x0000000100000000)
  eden space 14336K, 0% used [0x00000000eab00000,0x00000000eab00000,0x00000000eb900000)
  from space 3584K, 89% used [0x00000000eb900000,0x00000000ebc1dd98,0x00000000ebc80000)
  to   space 3584K, 0% used [0x00000000ebc80000,0x00000000ebc80000,0x00000000ec000000)
 ParOldGen       total 92672K, used 64181K [0x00000000c0000000, 0x00000000c5a80000, 0x00000000eab00000)
  object space 92672K, 69% used [0x00000000c0000000,0x00000000c3ead758,0x00000000c5a80000)
 Metaspace       used 54443K, committed 55488K, reserved 1114112K
  class space    used 5815K, committed 6272K, reserved 1048576K
}
Event: 12.722 GC heap before
{Heap before GC invocations=48 (full 3):
 PSYoungGen      total 17920K, used 17527K [0x00000000eab00000, 0x00000000ec000000, 0x0000000100000000)
  eden space 14336K, 100% used [0x00000000eab00000,0x00000000eb900000,0x00000000eb900000)
  from space 3584K, 89% used [0x00000000eb900000,0x00000000ebc1dd98,0x00000000ebc80000)
  to   space 3584K, 0% used [0x00000000ebc80000,0x00000000ebc80000,0x00000000ec000000)
 ParOldGen       total 92672K, used 64181K [0x00000000c0000000, 0x00000000c5a80000, 0x00000000eab00000)
  object space 92672K, 69% used [0x00000000c0000000,0x00000000c3ead758,0x00000000c5a80000)
 Metaspace       used 54448K, committed 55488K, reserved 1114112K
  class space    used 5815K, committed 6272K, reserved 1048576K
}
Event: 12.725 GC heap after
{Heap after GC invocations=48 (full 3):
 PSYoungGen      total 17920K, used 3070K [0x00000000eab00000, 0x00000000ec000000, 0x0000000100000000)
  eden space 14336K, 0% used [0x00000000eab00000,0x00000000eab00000,0x00000000eb900000)
  from space 3584K, 85% used [0x00000000ebc80000,0x00000000ebf7f8d8,0x00000000ec000000)
  to   space 3584K, 0% used [0x00000000eb900000,0x00000000eb900000,0x00000000ebc80000)
 ParOldGen       total 92672K, used 67242K [0x00000000c0000000, 0x00000000c5a80000, 0x00000000eab00000)
  object space 92672K, 72% used [0x00000000c0000000,0x00000000c41aa8d0,0x00000000c5a80000)
 Metaspace       used 54448K, committed 55488K, reserved 1114112K
  class space    used 5815K, committed 6272K, reserved 1048576K
}
Event: 13.062 GC heap before
{Heap before GC invocations=49 (full 3):
 PSYoungGen      total 17920K, used 17406K [0x00000000eab00000, 0x00000000ec000000, 0x0000000100000000)
  eden space 14336K, 100% used [0x00000000eab00000,0x00000000eb900000,0x00000000eb900000)
  from space 3584K, 85% used [0x00000000ebc80000,0x00000000ebf7f8d8,0x00000000ec000000)
  to   space 3584K, 0% used [0x00000000eb900000,0x00000000eb900000,0x00000000ebc80000)
 ParOldGen       total 92672K, used 67242K [0x00000000c0000000, 0x00000000c5a80000, 0x00000000eab00000)
  object space 92672K, 72% used [0x00000000c0000000,0x00000000c41aa8d0,0x00000000c5a80000)
 Metaspace       used 54452K, committed 55488K, reserved 1114112K
  class space    used 5815K, committed 6272K, reserved 1048576K
}
Event: 13.066 GC heap after
{Heap after GC invocations=49 (full 3):
 PSYoungGen      total 17920K, used 3229K [0x00000000eab00000, 0x00000000ec000000, 0x0000000100000000)
  eden space 14336K, 0% used [0x00000000eab00000,0x00000000eab00000,0x00000000eb900000)
  from space 3584K, 90% used [0x00000000eb900000,0x00000000ebc277c0,0x00000000ebc80000)
  to   space 3584K, 0% used [0x00000000ebc80000,0x00000000ebc80000,0x00000000ec000000)
 ParOldGen       total 92672K, used 70265K [0x00000000c0000000, 0x00000000c5a80000, 0x00000000eab00000)
  object space 92672K, 75% used [0x00000000c0000000,0x00000000c449e4d0,0x00000000c5a80000)
 Metaspace       used 54452K, committed 55488K, reserved 1114112K
  class space    used 5815K, committed 6272K, reserved 1048576K
}
Event: 13.507 GC heap before
{Heap before GC invocations=50 (full 3):
 PSYoungGen      total 17920K, used 17565K [0x00000000eab00000, 0x00000000ec000000, 0x0000000100000000)
  eden space 14336K, 100% used [0x00000000eab00000,0x00000000eb900000,0x00000000eb900000)
  from space 3584K, 90% used [0x00000000eb900000,0x00000000ebc277c0,0x00000000ebc80000)
  to   space 3584K, 0% used [0x00000000ebc80000,0x00000000ebc80000,0x00000000ec000000)
 ParOldGen       total 92672K, used 70265K [0x00000000c0000000, 0x00000000c5a80000, 0x00000000eab00000)
  object space 92672K, 75% used [0x00000000c0000000,0x00000000c449e4d0,0x00000000c5a80000)
 Metaspace       used 54452K, committed 55488K, reserved 1114112K
  class space    used 5815K, committed 6272K, reserved 1048576K
}
Event: 13.509 GC heap after
{Heap after GC invocations=50 (full 3):
 PSYoungGen      total 17408K, used 3549K [0x00000000eab00000, 0x00000000ec100000, 0x0000000100000000)
  eden space 13824K, 0% used [0x00000000eab00000,0x00000000eab00000,0x00000000eb880000)
  from space 3584K, 99% used [0x00000000ebc80000,0x00000000ebff7560,0x00000000ec000000)
  to   space 4096K, 0% used [0x00000000eb880000,0x00000000eb880000,0x00000000ebc80000)
 ParOldGen       total 92672K, used 73317K [0x00000000c0000000, 0x00000000c5a80000, 0x00000000eab00000)
  object space 92672K, 79% used [0x00000000c0000000,0x00000000c4799430,0x00000000c5a80000)
 Metaspace       used 54452K, committed 55488K, reserved 1114112K
  class space    used 5815K, committed 6272K, reserved 1048576K
}
Event: 13.804 GC heap before
{Heap before GC invocations=51 (full 3):
 PSYoungGen      total 17408K, used 17373K [0x00000000eab00000, 0x00000000ec100000, 0x0000000100000000)
  eden space 13824K, 100% used [0x00000000eab00000,0x00000000eb880000,0x00000000eb880000)
  from space 3584K, 99% used [0x00000000ebc80000,0x00000000ebff7560,0x00000000ec000000)
  to   space 4096K, 0% used [0x00000000eb880000,0x00000000eb880000,0x00000000ebc80000)
 ParOldGen       total 92672K, used 73317K [0x00000000c0000000, 0x00000000c5a80000, 0x00000000eab00000)
  object space 92672K, 79% used [0x00000000c0000000,0x00000000c4799430,0x00000000c5a80000)
 Metaspace       used 54452K, committed 55488K, reserved 1114112K
  class space    used 5815K, committed 6272K, reserved 1048576K
}
Event: 13.808 GC heap after
{Heap after GC invocations=51 (full 3):
 PSYoungGen      total 16896K, used 3022K [0x00000000eab00000, 0x00000000ebf80000, 0x0000000100000000)
  eden space 13824K, 0% used [0x00000000eab00000,0x00000000eab00000,0x00000000eb880000)
  from space 3072K, 98% used [0x00000000eb880000,0x00000000ebb73b18,0x00000000ebb80000)
  to   space 3584K, 0% used [0x00000000ebc00000,0x00000000ebc00000,0x00000000ebf80000)
 ParOldGen       total 92672K, used 76831K [0x00000000c0000000, 0x00000000c5a80000, 0x00000000eab00000)
  object space 92672K, 82% used [0x00000000c0000000,0x00000000c4b07c30,0x00000000c5a80000)
 Metaspace       used 54452K, committed 55488K, reserved 1114112K
  class space    used 5815K, committed 6272K, reserved 1048576K
}
Event: 13.964 GC heap before
{Heap before GC invocations=52 (full 3):
 PSYoungGen      total 16896K, used 16846K [0x00000000eab00000, 0x00000000ebf80000, 0x0000000100000000)
  eden space 13824K, 100% used [0x00000000eab00000,0x00000000eb880000,0x00000000eb880000)
  from space 3072K, 98% used [0x00000000eb880000,0x00000000ebb73b18,0x00000000ebb80000)
  to   space 3584K, 0% used [0x00000000ebc00000,0x00000000ebc00000,0x00000000ebf80000)
 ParOldGen       total 92672K, used 76831K [0x00000000c0000000, 0x00000000c5a80000, 0x00000000eab00000)
  object space 92672K, 82% used [0x00000000c0000000,0x00000000c4b07c30,0x00000000c5a80000)
 Metaspace       used 54452K, committed 55488K, reserved 1114112K
  class space    used 5815K, committed 6272K, reserved 1048576K
}
Event: 13.967 GC heap after
{Heap after GC invocations=52 (full 3):
 PSYoungGen      total 16896K, used 2969K [0x00000000eab00000, 0x00000000ebf00000, 0x0000000100000000)
  eden space 13824K, 0% used [0x00000000eab00000,0x00000000eab00000,0x00000000eb880000)
  from space 3072K, 96% used [0x00000000ebc00000,0x00000000ebee65c0,0x00000000ebf00000)
  to   space 3072K, 0% used [0x00000000eb880000,0x00000000eb880000,0x00000000ebb80000)
 ParOldGen       total 92672K, used 79828K [0x00000000c0000000, 0x00000000c5a80000, 0x00000000eab00000)
  object space 92672K, 86% used [0x00000000c0000000,0x00000000c4df51f0,0x00000000c5a80000)
 Metaspace       used 54452K, committed 55488K, reserved 1114112K
  class space    used 5815K, committed 6272K, reserved 1048576K
}
Event: 14.010 GC heap before
{Heap before GC invocations=53 (full 3):
 PSYoungGen      total 16896K, used 16793K [0x00000000eab00000, 0x00000000ebf00000, 0x0000000100000000)
  eden space 13824K, 100% used [0x00000000eab00000,0x00000000eb880000,0x00000000eb880000)
  from space 3072K, 96% used [0x00000000ebc00000,0x00000000ebee65c0,0x00000000ebf00000)
  to   space 3072K, 0% used [0x00000000eb880000,0x00000000eb880000,0x00000000ebb80000)
 ParOldGen       total 92672K, used 79828K [0x00000000c0000000, 0x00000000c5a80000, 0x00000000eab00000)
  object space 92672K, 86% used [0x00000000c0000000,0x00000000c4df51f0,0x00000000c5a80000)
 Metaspace       used 54455K, committed 55488K, reserved 1114112K
  class space    used 5815K, committed 6272K, reserved 1048576K
}
Event: 14.012 GC heap after
{Heap after GC invocations=53 (full 3):
 PSYoungGen      total 16896K, used 3071K [0x00000000eab00000, 0x00000000ec580000, 0x0000000100000000)
  eden space 13824K, 0% used [0x00000000eab00000,0x00000000eab00000,0x00000000eb880000)
  from space 3072K, 99% used [0x00000000eb880000,0x00000000ebb7fd30,0x00000000ebb80000)
  to   space 6656K, 0% used [0x00000000ebf00000,0x00000000ebf00000,0x00000000ec580000)
 ParOldGen       total 92672K, used 82749K [0x00000000c0000000, 0x00000000c5a80000, 0x00000000eab00000)
  object space 92672K, 89% used [0x00000000c0000000,0x00000000c50cf778,0x00000000c5a80000)
 Metaspace       used 54455K, committed 55488K, reserved 1114112K
  class space    used 5815K, committed 6272K, reserved 1048576K
}
Event: 14.146 GC heap before
{Heap before GC invocations=54 (full 3):
 PSYoungGen      total 16896K, used 16895K [0x00000000eab00000, 0x00000000ec580000, 0x0000000100000000)
  eden space 13824K, 100% used [0x00000000eab00000,0x00000000eb880000,0x00000000eb880000)
  from space 3072K, 99% used [0x00000000eb880000,0x00000000ebb7fd30,0x00000000ebb80000)
  to   space 6656K, 0% used [0x00000000ebf00000,0x00000000ebf00000,0x00000000ec580000)
 ParOldGen       total 92672K, used 82749K [0x00000000c0000000, 0x00000000c5a80000, 0x00000000eab00000)
  object space 92672K, 89% used [0x00000000c0000000,0x00000000c50cf778,0x00000000c5a80000)
 Metaspace       used 54455K, committed 55488K, reserved 1114112K
  class space    used 5815K, committed 6272K, reserved 1048576K
}
Event: 14.148 GC heap after
{Heap after GC invocations=54 (full 3):
 PSYoungGen      total 17408K, used 3080K [0x00000000eab00000, 0x00000000ec280000, 0x0000000100000000)
  eden space 13824K, 0% used [0x00000000eab00000,0x00000000eab00000,0x00000000eb880000)
  from space 3584K, 85% used [0x00000000ebf00000,0x00000000ec202268,0x00000000ec280000)
  to   space 4608K, 0% used [0x00000000eb980000,0x00000000eb980000,0x00000000ebe00000)
 ParOldGen       total 92672K, used 85747K [0x00000000c0000000, 0x00000000c5a80000, 0x00000000eab00000)
  object space 92672K, 92% used [0x00000000c0000000,0x00000000c53bcd90,0x00000000c5a80000)
 Metaspace       used 54455K, committed 55488K, reserved 1114112K
  class space    used 5815K, committed 6272K, reserved 1048576K
}
Event: 14.210 GC heap before
{Heap before GC invocations=55 (full 3):
 PSYoungGen      total 17408K, used 16904K [0x00000000eab00000, 0x00000000ec280000, 0x0000000100000000)
  eden space 13824K, 100% used [0x00000000eab00000,0x00000000eb880000,0x00000000eb880000)
  from space 3584K, 85% used [0x00000000ebf00000,0x00000000ec202268,0x00000000ec280000)
  to   space 4608K, 0% used [0x00000000eb980000,0x00000000eb980000,0x00000000ebe00000)
 ParOldGen       total 92672K, used 85747K [0x00000000c0000000, 0x00000000c5a80000, 0x00000000eab00000)
  object space 92672K, 92% used [0x00000000c0000000,0x00000000c53bcd90,0x00000000c5a80000)
 Metaspace       used 54455K, committed 55488K, reserved 1114112K
  class space    used 5815K, committed 6272K, reserved 1048576K
}
Event: 14.217 GC heap after
{Heap after GC invocations=55 (full 3):
 PSYoungGen      total 17408K, used 3214K [0x00000000eab00000, 0x00000000ebf80000, 0x0000000100000000)
  eden space 13824K, 0% used [0x00000000eab00000,0x00000000eab00000,0x00000000eb880000)
  from space 3584K, 89% used [0x00000000eb980000,0x00000000ebca3b68,0x00000000ebd00000)
  to   space 2560K, 0% used [0x00000000ebd00000,0x00000000ebd00000,0x00000000ebf80000)
 ParOldGen       total 92672K, used 88725K [0x00000000c0000000, 0x00000000c5a80000, 0x00000000eab00000)
  object space 92672K, 95% used [0x00000000c0000000,0x00000000c56a5530,0x00000000c5a80000)
 Metaspace       used 54455K, committed 55488K, reserved 1114112K
  class space    used 5815K, committed 6272K, reserved 1048576K
}
Event: 14.581 GC heap before
{Heap before GC invocations=56 (full 3):
 PSYoungGen      total 17408K, used 17038K [0x00000000eab00000, 0x00000000ebf80000, 0x0000000100000000)
  eden space 13824K, 100% used [0x00000000eab00000,0x00000000eb880000,0x00000000eb880000)
  from space 3584K, 89% used [0x00000000eb980000,0x00000000ebca3b68,0x00000000ebd00000)
  to   space 2560K, 0% used [0x00000000ebd00000,0x00000000ebd00000,0x00000000ebf80000)
 ParOldGen       total 92672K, used 88725K [0x00000000c0000000, 0x00000000c5a80000, 0x00000000eab00000)
  object space 92672K, 95% used [0x00000000c0000000,0x00000000c56a5530,0x00000000c5a80000)
 Metaspace       used 54458K, committed 55488K, reserved 1114112K
  class space    used 5815K, committed 6272K, reserved 1048576K
}
Event: 14.583 GC heap after
{Heap after GC invocations=56 (full 3):
 PSYoungGen      total 14336K, used 2558K [0x00000000eab00000, 0x00000000ec580000, 0x0000000100000000)
  eden space 11776K, 0% used [0x00000000eab00000,0x00000000eab00000,0x00000000eb680000)
  from space 2560K, 99% used [0x00000000ebd00000,0x00000000ebf7f8a0,0x00000000ebf80000)
  to   space 6656K, 0% used [0x00000000eb680000,0x00000000eb680000,0x00000000ebd00000)
 ParOldGen       total 92672K, used 92276K [0x00000000c0000000, 0x00000000c5a80000, 0x00000000eab00000)
  object space 92672K, 99% used [0x00000000c0000000,0x00000000c5a1d328,0x00000000c5a80000)
 Metaspace       used 54458K, committed 55488K, reserved 1114112K
  class space    used 5815K, committed 6272K, reserved 1048576K
}
Event: 14.583 GC heap before
{Heap before GC invocations=57 (full 4):
 PSYoungGen      total 14336K, used 2558K [0x00000000eab00000, 0x00000000ec580000, 0x0000000100000000)
  eden space 11776K, 0% used [0x00000000eab00000,0x00000000eab00000,0x00000000eb680000)
  from space 2560K, 99% used [0x00000000ebd00000,0x00000000ebf7f8a0,0x00000000ebf80000)
  to   space 6656K, 0% used [0x00000000eb680000,0x00000000eb680000,0x00000000ebd00000)
 ParOldGen       total 92672K, used 92276K [0x00000000c0000000, 0x00000000c5a80000, 0x00000000eab00000)
  object space 92672K, 99% used [0x00000000c0000000,0x00000000c5a1d328,0x00000000c5a80000)
 Metaspace       used 54458K, committed 55488K, reserved 1114112K
  class space    used 5815K, committed 6272K, reserved 1048576K
}

Dll operation events (10 events):
Event: 0.017 Loaded shared library c:\Users\SXRBS\.vscode\extensions\redhat.java-1.28.1-win32-x64\jre\17.0.10-win32-x86_64\bin\java.dll
Event: 0.131 Loaded shared library c:\Users\SXRBS\.vscode\extensions\redhat.java-1.28.1-win32-x64\jre\17.0.10-win32-x86_64\bin\zip.dll
Event: 0.136 Loaded shared library C:\Users\SXRBS\.vscode\extensions\redhat.java-1.28.1-win32-x64\jre\17.0.10-win32-x86_64\bin\instrument.dll
Event: 0.149 Loaded shared library C:\Users\SXRBS\.vscode\extensions\redhat.java-1.28.1-win32-x64\jre\17.0.10-win32-x86_64\bin\net.dll
Event: 0.152 Loaded shared library C:\Users\SXRBS\.vscode\extensions\redhat.java-1.28.1-win32-x64\jre\17.0.10-win32-x86_64\bin\nio.dll
Event: 0.158 Loaded shared library C:\Users\SXRBS\.vscode\extensions\redhat.java-1.28.1-win32-x64\jre\17.0.10-win32-x86_64\bin\zip.dll
Event: 0.169 Loaded shared library C:\Users\SXRBS\.vscode\extensions\redhat.java-1.28.1-win32-x64\jre\17.0.10-win32-x86_64\bin\jimage.dll
Event: 0.225 Loaded shared library c:\Users\SXRBS\.vscode\extensions\redhat.java-1.28.1-win32-x64\jre\17.0.10-win32-x86_64\bin\verify.dll
Event: 1.779 Loaded shared library C:\Users\SXRBS\AppData\Roaming\Code\User\globalStorage\redhat.java\1.28.1\config_win\org.eclipse.equinox.launcher\org.eclipse.equinox.launcher.win32.win32.x86_64_1.2.900.v20240129-1338\eclipse_11900.dll
Event: 5.685 Loaded shared library C:\Users\SXRBS\AppData\Local\Temp\jna-79354782\jna10766602785795925992.dll

Deoptimization events (20 events):
Event: 13.538 Thread 0x000001c27f4f0f20 DEOPT PACKING pc=0x000001c26ba1e713 sp=0x00000060febfe650
Event: 13.538 Thread 0x000001c27f4f0f20 DEOPT UNPACKING pc=0x000001c272246e43 sp=0x00000060febfdbb8 mode 0
Event: 13.545 Thread 0x000001c27f4f0f20 DEOPT PACKING pc=0x000001c26ba1e8b8 sp=0x00000060febfe650
Event: 13.545 Thread 0x000001c27f4f0f20 DEOPT UNPACKING pc=0x000001c272246e43 sp=0x00000060febfdbb8 mode 0
Event: 13.550 Thread 0x000001c27f4f0f20 DEOPT PACKING pc=0x000001c26ba1e713 sp=0x00000060febfe650
Event: 13.550 Thread 0x000001c27f4f0f20 DEOPT UNPACKING pc=0x000001c272246e43 sp=0x00000060febfdbb8 mode 0
Event: 13.557 Thread 0x000001c27f4f0f20 DEOPT PACKING pc=0x000001c26ba1e693 sp=0x00000060febfe650
Event: 13.557 Thread 0x000001c27f4f0f20 DEOPT UNPACKING pc=0x000001c272246e43 sp=0x00000060febfdbb8 mode 0
Event: 13.562 Thread 0x000001c27f4f0f20 DEOPT PACKING pc=0x000001c26ba1e8b8 sp=0x00000060febfe650
Event: 13.565 Thread 0x000001c27f4f0f20 DEOPT UNPACKING pc=0x000001c272246e43 sp=0x00000060febfdbb8 mode 0
Event: 13.670 Thread 0x000001c27f4f0f20 DEOPT PACKING pc=0x000001c26ba1e693 sp=0x00000060febfe650
Event: 13.670 Thread 0x000001c27f4f0f20 DEOPT UNPACKING pc=0x000001c272246e43 sp=0x00000060febfdbb8 mode 0
Event: 14.249 Thread 0x000001c27f4f0f20 Uncommon trap: trap_request=0xffffff45 fr.pc=0x000001c272978d5c relative=0x000000000000095c
Event: 14.250 Thread 0x000001c27f4f0f20 Uncommon trap: reason=unstable_if action=reinterpret pc=0x000001c272978d5c method=org.eclipse.jdt.internal.core.search.indexing.BinaryContainer.isValidPackageNameForClassOrisModule(Ljava/lang/String;)Z @ 27 c2
Event: 14.258 Thread 0x000001c27f4f0f20 DEOPT PACKING pc=0x000001c272978d5c sp=0x00000060febfe930
Event: 14.258 Thread 0x000001c27f4f0f20 DEOPT UNPACKING pc=0x000001c2722466a3 sp=0x00000060febfe900 mode 2
Event: 14.258 Thread 0x000001c27f4f0f20 Uncommon trap: trap_request=0xffffff45 fr.pc=0x000001c272cc46fc relative=0x00000000000065fc
Event: 14.258 Thread 0x000001c27f4f0f20 Uncommon trap: reason=unstable_if action=reinterpret pc=0x000001c272cc46fc method=org.eclipse.jdt.internal.compiler.classfmt.ClassFileReader.<init>(Ljava/net/URI;[B[C)V @ 16 c2
Event: 14.258 Thread 0x000001c27f4f0f20 DEOPT PACKING pc=0x000001c272cc46fc sp=0x00000060febfe7d0
Event: 14.259 Thread 0x000001c27f4f0f20 DEOPT UNPACKING pc=0x000001c2722466a3 sp=0x00000060febfe6d0 mode 2

Classes unloaded (7 events):
Event: 5.110 Thread 0x000001c27c602e00 Unloading class 0x0000000100250400 'java/lang/invoke/LambdaForm$MH+0x0000000100250400'
Event: 5.110 Thread 0x000001c27c602e00 Unloading class 0x0000000100250000 'java/lang/invoke/LambdaForm$MH+0x0000000100250000'
Event: 5.110 Thread 0x000001c27c602e00 Unloading class 0x000000010024fc00 'java/lang/invoke/LambdaForm$MH+0x000000010024fc00'
Event: 5.110 Thread 0x000001c27c602e00 Unloading class 0x000000010024f800 'java/lang/invoke/LambdaForm$MH+0x000000010024f800'
Event: 5.110 Thread 0x000001c27c602e00 Unloading class 0x000000010024f400 'java/lang/invoke/LambdaForm$BMH+0x000000010024f400'
Event: 5.110 Thread 0x000001c27c602e00 Unloading class 0x000000010024f000 'java/lang/invoke/LambdaForm$DMH+0x000000010024f000'
Event: 5.110 Thread 0x000001c27c602e00 Unloading class 0x000000010024c400 'java/lang/invoke/LambdaForm$DMH+0x000000010024c400'

Classes redefined (0 events):
No events

Internal exceptions (20 events):
Event: 8.139 Thread 0x000001c27f4f0a10 Exception <a 'sun/nio/fs/WindowsException'{0x00000000eacb8860}> (0x00000000eacb8860) 
thrown [s\src\hotspot\share\prims\jni.cpp, line 516]
Event: 8.141 Thread 0x000001c27f4f0a10 Exception <a 'sun/nio/fs/WindowsException'{0x00000000eacbca20}> (0x00000000eacbca20) 
thrown [s\src\hotspot\share\prims\jni.cpp, line 516]
Event: 8.143 Thread 0x000001c27f4f0a10 Exception <a 'sun/nio/fs/WindowsException'{0x00000000eacc00a0}> (0x00000000eacc00a0) 
thrown [s\src\hotspot\share\prims\jni.cpp, line 516]
Event: 8.144 Thread 0x000001c27f4f0a10 Exception <a 'sun/nio/fs/WindowsException'{0x00000000eacc3b40}> (0x00000000eacc3b40) 
thrown [s\src\hotspot\share\prims\jni.cpp, line 516]
Event: 8.145 Thread 0x000001c27f4f0a10 Exception <a 'sun/nio/fs/WindowsException'{0x00000000eacc6fd0}> (0x00000000eacc6fd0) 
thrown [s\src\hotspot\share\prims\jni.cpp, line 516]
Event: 8.146 Thread 0x000001c27f4f0a10 Exception <a 'sun/nio/fs/WindowsException'{0x00000000eacca3e0}> (0x00000000eacca3e0) 
thrown [s\src\hotspot\share\prims\jni.cpp, line 516]
Event: 8.148 Thread 0x000001c27f4f0a10 Exception <a 'sun/nio/fs/WindowsException'{0x00000000eaccd9d0}> (0x00000000eaccd9d0) 
thrown [s\src\hotspot\share\prims\jni.cpp, line 516]
Event: 8.149 Thread 0x000001c27f4f0a10 Exception <a 'sun/nio/fs/WindowsException'{0x00000000eacd1360}> (0x00000000eacd1360) 
thrown [s\src\hotspot\share\prims\jni.cpp, line 516]
Event: 8.435 Thread 0x000001c27f4f0a10 Exception <a 'java/lang/NoSuchMethodError'{0x00000000eacf7a50}: 'void java.lang.invoke.DirectMethodHandle$Holder.invokeStatic(java.lang.Object, long)'> (0x00000000eacf7a50) 
thrown [s\src\hotspot\share\interpreter\linkResolver.cpp, line 759]
Event: 8.436 Thread 0x000001c27f4f0a10 Exception <a 'java/lang/NoSuchMethodError'{0x00000000eacfcdf8}: 'java.lang.Object java.lang.invoke.DirectMethodHandle$Holder.newInvokeSpecial(java.lang.Object, long)'> (0x00000000eacfcdf8) 
thrown [s\src\hotspot\share\interpreter\linkResolver.cpp, line 759]
Event: 9.037 Thread 0x000001c27f4efff0 Exception <a 'java/io/FileNotFoundException'{0x00000000eb851070}> (0x00000000eb851070) 
thrown [s\src\hotspot\share\prims\jni.cpp, line 516]
Event: 10.179 Thread 0x000001c27f4efff0 Exception <a 'java/io/FileNotFoundException'{0x00000000eb26c3f0}> (0x00000000eb26c3f0) 
thrown [s\src\hotspot\share\prims\jni.cpp, line 516]
Event: 10.182 Thread 0x000001c27f4efff0 Implicit null exception at 0x000001c272b3a1b7 to 0x000001c272b3b078
Event: 10.186 Thread 0x000001c27f4efff0 Exception <a 'java/lang/NoSuchMethodError'{0x00000000eb285598}: 'int java.lang.invoke.DirectMethodHandle$Holder.invokeVirtual(java.lang.Object, java.lang.Object, java.lang.Object)'> (0x00000000eb285598) 
thrown [s\src\hotspot\share\interpreter\linkResolver.cpp, line 759]
Event: 11.148 Thread 0x000001c27f4efff0 Exception <a 'java/io/FileNotFoundException'{0x00000000eb1287a8}> (0x00000000eb1287a8) 
thrown [s\src\hotspot\share\prims\jni.cpp, line 516]
Event: 11.149 Thread 0x000001c27f4efff0 Exception <a 'java/io/FileNotFoundException'{0x00000000eb129cc0}> (0x00000000eb129cc0) 
thrown [s\src\hotspot\share\prims\jni.cpp, line 516]
Event: 11.149 Thread 0x000001c27f4efff0 Exception <a 'java/io/FileNotFoundException'{0x00000000eb12ad88}> (0x00000000eb12ad88) 
thrown [s\src\hotspot\share\prims\jni.cpp, line 516]
Event: 11.183 Thread 0x000001c27f4f0f20 Implicit null exception at 0x000001c272b80a2c to 0x000001c272b80b44
Event: 12.212 Thread 0x000001c27f4f0f20 Implicit null exception at 0x000001c272c18126 to 0x000001c272c1952c
Event: 12.722 Thread 0x000001c27f4f0f20 Implicit null exception at 0x000001c272c7fd74 to 0x000001c272c8653c

VM Operations (20 events):
Event: 13.066 Executing VM operation: ParallelGCFailedAllocation done
Event: 13.492 Executing VM operation: HandshakeAllThreads
Event: 13.506 Executing VM operation: HandshakeAllThreads done
Event: 13.507 Executing VM operation: ParallelGCFailedAllocation
Event: 13.509 Executing VM operation: ParallelGCFailedAllocation done
Event: 13.803 Executing VM operation: ParallelGCFailedAllocation
Event: 13.809 Executing VM operation: ParallelGCFailedAllocation done
Event: 13.964 Executing VM operation: ParallelGCFailedAllocation
Event: 13.968 Executing VM operation: ParallelGCFailedAllocation done
Event: 14.010 Executing VM operation: ParallelGCFailedAllocation
Event: 14.012 Executing VM operation: ParallelGCFailedAllocation done
Event: 14.146 Executing VM operation: ParallelGCFailedAllocation
Event: 14.148 Executing VM operation: ParallelGCFailedAllocation done
Event: 14.210 Executing VM operation: ParallelGCFailedAllocation
Event: 14.217 Executing VM operation: ParallelGCFailedAllocation done
Event: 14.217 Executing VM operation: HandshakeAllThreads
Event: 14.222 Executing VM operation: HandshakeAllThreads done
Event: 14.258 Executing VM operation: HandshakeAllThreads
Event: 14.276 Executing VM operation: HandshakeAllThreads done
Event: 14.581 Executing VM operation: ParallelGCFailedAllocation

Events (20 events):
Event: 14.287 Thread 0x000001c27d4c1730 flushing nmethod 0x000001c26b9aaf90
Event: 14.287 Thread 0x000001c27d4c1730 flushing nmethod 0x000001c26b9ad890
Event: 14.287 Thread 0x000001c27d4c1730 flushing nmethod 0x000001c26b9aef90
Event: 14.287 Thread 0x000001c27d4c1730 flushing nmethod 0x000001c26b9b8390
Event: 14.287 Thread 0x000001c27d4c1730 flushing nmethod 0x000001c26b9be590
Event: 14.287 Thread 0x000001c27d4c1730 flushing nmethod 0x000001c26b9c9010
Event: 14.287 Thread 0x000001c27d4c1730 flushing nmethod 0x000001c26b9d7d90
Event: 14.287 Thread 0x000001c27d4c1730 flushing nmethod 0x000001c26b9daa10
Event: 14.287 Thread 0x000001c27d4c1730 flushing nmethod 0x000001c26b9db290
Event: 14.287 Thread 0x000001c27d4c1730 flushing nmethod 0x000001c26b9dcb90
Event: 14.287 Thread 0x000001c27d4c1730 flushing nmethod 0x000001c26b9df310
Event: 14.287 Thread 0x000001c27d4c1730 flushing nmethod 0x000001c26b9df890
Event: 14.287 Thread 0x000001c27d4c1730 flushing nmethod 0x000001c26b9e0690
Event: 14.287 Thread 0x000001c27d4c1730 flushing nmethod 0x000001c26b9f0f90
Event: 14.287 Thread 0x000001c27d4c1730 flushing nmethod 0x000001c26b9f3890
Event: 14.287 Thread 0x000001c27d4c1730 flushing nmethod 0x000001c26b9f6110
Event: 14.287 Thread 0x000001c27d4c1730 flushing nmethod 0x000001c26b9f8f10
Event: 14.287 Thread 0x000001c27d4c1730 flushing nmethod 0x000001c26ba08010
Event: 14.287 Thread 0x000001c27d4c1730 flushing nmethod 0x000001c26ba0c210
Event: 14.520 Thread 0x000001c205866d40 Thread exited: 0x000001c205866d40


Dynamic libraries:
0x00007ff7e0120000 - 0x00007ff7e012e000 	c:\Users\SXRBS\.vscode\extensions\redhat.java-1.28.1-win32-x64\jre\17.0.10-win32-x86_64\bin\java.exe
0x00007ffdf4f20000 - 0x00007ffdf510e000 	C:\Windows\SYSTEM32\ntdll.dll
0x00007ffdf4d30000 - 0x00007ffdf4de3000 	C:\Windows\System32\KERNEL32.DLL
0x00007ffdf1a20000 - 0x00007ffdf1cbd000 	C:\Windows\System32\KERNELBASE.dll
0x00007ffdf1e10000 - 0x00007ffdf1f0a000 	C:\Windows\System32\ucrtbase.dll
0x00007ffdd94a0000 - 0x00007ffdd94b7000 	c:\Users\SXRBS\.vscode\extensions\redhat.java-1.28.1-win32-x64\jre\17.0.10-win32-x86_64\bin\jli.dll
0x00007ffdf49b0000 - 0x00007ffdf4b47000 	C:\Windows\System32\USER32.dll
0x00007ffdf1200000 - 0x00007ffdf1220000 	C:\Windows\System32\win32u.dll
0x00007ffdf4be0000 - 0x00007ffdf4c09000 	C:\Windows\System32\GDI32.dll
0x00007ffdf0ff0000 - 0x00007ffdf119a000 	C:\Windows\System32\gdi32full.dll
0x00007ffdf1cc0000 - 0x00007ffdf1d60000 	C:\Windows\System32\msvcp_win.dll
0x00007ffdd8810000 - 0x00007ffdd882b000 	c:\Users\SXRBS\.vscode\extensions\redhat.java-1.28.1-win32-x64\jre\17.0.10-win32-x86_64\bin\VCRUNTIME140.dll
0x00007ffde0410000 - 0x00007ffde0689000 	C:\Windows\WinSxS\amd64_microsoft.windows.common-controls_6595b64144ccf1df_6.0.17763.5458_none_de7234b4534a7f0e\COMCTL32.dll
0x00007ffdf4c10000 - 0x00007ffdf4cae000 	C:\Windows\System32\msvcrt.dll
0x00007ffdf4510000 - 0x00007ffdf483b000 	C:\Windows\System32\combase.dll
0x00007ffdf2140000 - 0x00007ffdf225d000 	C:\Windows\System32\RPCRT4.dll
0x00007ffdf1d80000 - 0x00007ffdf1e02000 	C:\Windows\System32\bcryptPrimitives.dll
0x00007ffdf4bb0000 - 0x00007ffdf4bde000 	C:\Windows\System32\IMM32.DLL
0x00000000510f0000 - 0x00000000510fd000 	C:\Program Files (x86)\360\360Safe\safemon\SafeWrapper.dll
0x00007ffdf2490000 - 0x00007ffdf2538000 	C:\Windows\System32\ADVAPI32.dll
0x00007ffdf2670000 - 0x00007ffdf2712000 	C:\Windows\System32\sechost.dll
0x00007ffdf2110000 - 0x00007ffdf2136000 	C:\Windows\System32\bcrypt.dll
0x00007ffddd050000 - 0x00007ffddd0fc000 	C:\Program Files (x86)\360\360Safe\safemon\libzdtp64.dll
0x00007ffdf2c10000 - 0x00007ffdf4108000 	C:\Windows\System32\SHELL32.dll
0x00007ffdf0fa0000 - 0x00007ffdf0fea000 	C:\Windows\System32\cfgmgr32.dll
0x00007ffdf2280000 - 0x00007ffdf2327000 	C:\Windows\System32\shcore.dll
0x00007ffdf12d0000 - 0x00007ffdf1a17000 	C:\Windows\System32\windows.storage.dll
0x00007ffdf0f70000 - 0x00007ffdf0f93000 	C:\Windows\System32\profapi.dll
0x00007ffdf0ef0000 - 0x00007ffdf0f4d000 	C:\Windows\System32\powrprof.dll
0x00007ffdf4b50000 - 0x00007ffdf4ba2000 	C:\Windows\System32\shlwapi.dll
0x00007ffdf0ed0000 - 0x00007ffdf0ee1000 	C:\Windows\System32\kernel.appcore.dll
0x00007ffdf1d60000 - 0x00007ffdf1d7b000 	C:\Windows\System32\cryptsp.dll
0x00007ffdf0c70000 - 0x00007ffdf0c7a000 	C:\Windows\SYSTEM32\VERSION.dll
0x00007ffde17b0000 - 0x00007ffde17bc000 	c:\Users\SXRBS\.vscode\extensions\redhat.java-1.28.1-win32-x64\jre\17.0.10-win32-x86_64\bin\vcruntime140_1.dll
0x00007ffdb9da0000 - 0x00007ffdb9e2d000 	c:\Users\SXRBS\.vscode\extensions\redhat.java-1.28.1-win32-x64\jre\17.0.10-win32-x86_64\bin\msvcp140.dll
0x00007ffdb7600000 - 0x00007ffdb8262000 	c:\Users\SXRBS\.vscode\extensions\redhat.java-1.28.1-win32-x64\jre\17.0.10-win32-x86_64\bin\server\jvm.dll
0x00007ffdeecb0000 - 0x00007ffdeecd4000 	C:\Windows\SYSTEM32\WINMM.dll
0x00007ffde9160000 - 0x00007ffde9169000 	C:\Windows\SYSTEM32\WSOCK32.dll
0x00007ffdf4e80000 - 0x00007ffdf4eed000 	C:\Windows\System32\WS2_32.dll
0x00007ffdeeb90000 - 0x00007ffdeebbd000 	C:\Windows\SYSTEM32\winmmbase.dll
0x00007ffde08d0000 - 0x00007ffde08da000 	c:\Users\SXRBS\.vscode\extensions\redhat.java-1.28.1-win32-x64\jre\17.0.10-win32-x86_64\bin\jimage.dll
0x00007ffdf07a0000 - 0x00007ffdf098d000 	C:\Windows\SYSTEM32\DBGHELP.DLL
0x00007ffdf06f0000 - 0x00007ffdf071a000 	C:\Windows\SYSTEM32\dbgcore.DLL
0x00007ffddd030000 - 0x00007ffddd03e000 	c:\Users\SXRBS\.vscode\extensions\redhat.java-1.28.1-win32-x64\jre\17.0.10-win32-x86_64\bin\instrument.dll
0x00007ffdce310000 - 0x00007ffdce335000 	c:\Users\SXRBS\.vscode\extensions\redhat.java-1.28.1-win32-x64\jre\17.0.10-win32-x86_64\bin\java.dll
0x00007ffddd010000 - 0x00007ffddd028000 	c:\Users\SXRBS\.vscode\extensions\redhat.java-1.28.1-win32-x64\jre\17.0.10-win32-x86_64\bin\zip.dll
0x00007ffdd0060000 - 0x00007ffdd0079000 	C:\Users\SXRBS\.vscode\extensions\redhat.java-1.28.1-win32-x64\jre\17.0.10-win32-x86_64\bin\net.dll
0x00007ffde5210000 - 0x00007ffde530d000 	C:\Windows\SYSTEM32\WINHTTP.dll
0x00007ffdf0170000 - 0x00007ffdf01d7000 	C:\Windows\system32\mswsock.dll
0x00007ffdceae0000 - 0x00007ffdceaf6000 	C:\Users\SXRBS\.vscode\extensions\redhat.java-1.28.1-win32-x64\jre\17.0.10-win32-x86_64\bin\nio.dll
0x00007ffddc890000 - 0x00007ffddc8a0000 	c:\Users\SXRBS\.vscode\extensions\redhat.java-1.28.1-win32-x64\jre\17.0.10-win32-x86_64\bin\verify.dll
0x00007ffdbae30000 - 0x00007ffdbae6e000 	C:\Users\SXRBS\AppData\Roaming\Code\User\globalStorage\redhat.java\1.28.1\config_win\org.eclipse.equinox.launcher\org.eclipse.equinox.launcher.win32.win32.x86_64_1.2.900.v20240129-1338\eclipse_11900.dll
0x00007ffdf2330000 - 0x00007ffdf2486000 	C:\Windows\System32\ole32.dll
0x00007ffdefd50000 - 0x00007ffdefd83000 	C:\Windows\system32\rsaenh.dll
0x00007ffdf0e00000 - 0x00007ffdf0e29000 	C:\Windows\SYSTEM32\USERENV.dll
0x00007ffdf0340000 - 0x00007ffdf034c000 	C:\Windows\SYSTEM32\CRYPTBASE.dll
0x00007ffdf0410000 - 0x00007ffdf044d000 	C:\Windows\SYSTEM32\IPHLPAPI.DLL
0x00007ffdf4e70000 - 0x00007ffdf4e78000 	C:\Windows\System32\NSI.dll
0x00007ffde9c80000 - 0x00007ffde9c96000 	C:\Windows\SYSTEM32\dhcpcsvc6.DLL
0x00007ffde9bb0000 - 0x00007ffde9bcc000 	C:\Windows\SYSTEM32\dhcpcsvc.DLL
0x00007ffdefee0000 - 0x00007ffdeffa6000 	C:\Windows\SYSTEM32\DNSAPI.dll
0x00007ffdbade0000 - 0x00007ffdbae25000 	C:\Users\SXRBS\AppData\Local\Temp\jna-79354782\jna10766602785795925992.dll
0x00007ffdf2c00000 - 0x00007ffdf2c08000 	C:\Windows\System32\PSAPI.DLL

dbghelp: loaded successfully - version: 4.0.5 - missing functions: none
symbol engine: initialized successfully - sym options: 0x614 - pdb path: .;c:\Users\SXRBS\.vscode\extensions\redhat.java-1.28.1-win32-x64\jre\17.0.10-win32-x86_64\bin;C:\Windows\SYSTEM32;C:\Windows\WinSxS\amd64_microsoft.windows.common-controls_6595b64144ccf1df_6.0.17763.5458_none_de7234b4534a7f0e;C:\Program Files (x86)\360\360Safe\safemon;c:\Users\SXRBS\.vscode\extensions\redhat.java-1.28.1-win32-x64\jre\17.0.10-win32-x86_64\bin\server;C:\Users\SXRBS\AppData\Roaming\Code\User\globalStorage\redhat.java\1.28.1\config_win\org.eclipse.equinox.launcher\org.eclipse.equinox.launcher.win32.win32.x86_64_1.2.900.v20240129-1338;C:\Users\SXRBS\AppData\Local\Temp\jna-79354782

VM Arguments:
jvm_args: --add-modules=ALL-SYSTEM --add-opens=java.base/java.util=ALL-UNNAMED --add-opens=java.base/java.lang=ALL-UNNAMED --add-opens=java.base/sun.nio.fs=ALL-UNNAMED -Declipse.application=org.eclipse.jdt.ls.core.id1 -Dosgi.bundles.defaultStartLevel=4 -Declipse.product=org.eclipse.jdt.ls.core.product -Djava.import.generatesMetadataFilesAtProjectRoot=false -DDetectVMInstallationsJob.disabled=true -Dfile.encoding=utf8 -XX:+UseParallelGC -XX:GCTimeRatio=4 -XX:AdaptiveSizePolicyWeight=90 -Dsun.zip.disableMemoryMapping=true -Xmx1G -Xms100m -Xlog:disable -javaagent:c:\Users\SXRBS\.vscode\extensions\redhat.java-1.28.1-win32-x64\lombok\lombok-1.18.31.jar -XX:+HeapDumpOnOutOfMemoryError -XX:HeapDumpPath=c:\Users\SXRBS\AppData\Roaming\Code\User\workspaceStorage\c8669b37ec549c97780dae6a6d3fc7b2\redhat.java -Daether.dependencyCollector.impl=bf 
java_command: c:\Users\SXRBS\.vscode\extensions\redhat.java-1.28.1-win32-x64\server\plugins\org.eclipse.equinox.launcher_1.6.700.v20231214-2017.jar -configuration c:\Users\SXRBS\AppData\Roaming\Code\User\globalStorage\redhat.java\1.28.1\config_win -data c:\Users\SXRBS\AppData\Roaming\Code\User\workspaceStorage\c8669b37ec549c97780dae6a6d3fc7b2\redhat.java\jdt_ws --stdio
java_class_path (initial): c:\Users\SXRBS\.vscode\extensions\redhat.java-1.28.1-win32-x64\server\plugins\org.eclipse.equinox.launcher_1.6.700.v20231214-2017.jar
Launcher Type: SUN_STANDARD

[Global flags]
    uintx AdaptiveSizePolicyWeight                 = 90                                        {product} {command line}
     intx CICompilerCount                          = 4                                         {product} {ergonomic}
    uintx GCTimeRatio                              = 4                                         {product} {command line}
     bool HeapDumpOnOutOfMemoryError               = true                                   {manageable} {command line}
    ccstr HeapDumpPath                             = c:\Users\SXRBS\AppData\Roaming\Code\User\workspaceStorage\c8669b37ec549c97780dae6a6d3fc7b2\redhat.java         {manageable} {command line}
   size_t InitialHeapSize                          = 104857600                                 {product} {command line}
   size_t MaxHeapSize                              = 1073741824                                {product} {command line}
   size_t MaxNewSize                               = 357564416                                 {product} {ergonomic}
   size_t MinHeapDeltaBytes                        = 524288                                    {product} {ergonomic}
   size_t MinHeapSize                              = 104857600                                 {product} {command line}
   size_t NewSize                                  = 34603008                                  {product} {ergonomic}
    uintx NonNMethodCodeHeapSize                   = 5839372                                {pd product} {ergonomic}
    uintx NonProfiledCodeHeapSize                  = 122909434                              {pd product} {ergonomic}
   size_t OldSize                                  = 70254592                                  {product} {ergonomic}
    uintx ProfiledCodeHeapSize                     = 122909434                              {pd product} {ergonomic}
    uintx ReservedCodeCacheSize                    = 251658240                              {pd product} {ergonomic}
     bool SegmentedCodeCache                       = true                                      {product} {ergonomic}
   size_t SoftMaxHeapSize                          = 1073741824                             {manageable} {ergonomic}
     bool UseCompressedClassPointers               = true                           {product lp64_product} {ergonomic}
     bool UseCompressedOops                        = true                           {product lp64_product} {ergonomic}
     bool UseLargePagesIndividualAllocation        = false                                  {pd product} {ergonomic}
     bool UseParallelGC                            = true                                      {product} {command line}

Logging:
Log output configuration:
 #0: stdout all=off uptime,level,tags
 #1: stderr all=off uptime,level,tags

Environment Variables:
JAVA_HOME=C:\Program Files\Java\jdk-17
PATH=C:\Program Files\Common Files\Oracle\Java\javapath;C:\Windows\system32;C:\Windows;C:\Windows\System32\Wbem;C:\Windows\System32\WindowsPowerShell\v1.0\;C:\Windows\System32\OpenSSH\;C:\Program Files\Java\jdk-17\bin;C:\Program Files\nodejs\;C:\Program Files\Redis;C:\Program Files\Microsoft SQL Server\150\Tools\Binn\;C:\Program Files\Microsoft SQL Server\Client SDK\ODBC\170\Tools\Binn\;C:\Program Files\dotnet\;C:\Program Files (x86)\Microsoft SQL Server\160\DTS\Binn\;C:\Program Files\Azure Data Studio\bin;C:\Program Files (x86)\NetSarang\Xshell 7\;C:\Program Files (x86)\NetSarang\Xftp 7\;C:\Users\SXRBS\AppData\Local\Microsoft\WindowsApps;C:\Users\SXRBS\AppData\Roaming\npm;C:\Users\SXRBS\.dotnet\tools;C:\Program Files\Azure Data Studio\bin;C:\Users\SXRBS\AppData\Local\Programs\Microsoft VS Code\bin
USERNAME=SXRBS
OS=Windows_NT
PROCESSOR_IDENTIFIER=Intel64 Family 6 Model 158 Stepping 9, GenuineIntel
TMP=C:\Users\SXRBS\AppData\Local\Temp
TEMP=C:\Users\SXRBS\AppData\Local\Temp



Periodic native trim disabled


---------------  S Y S T E M  ---------------

OS:
 Windows 10 , 64 bit Build 17763 (10.0.17763.4974)
OS uptime: 0 days 0:38 hours

CPU: total 8 (initial active 8) (4 cores per cpu, 2 threads per core) family 6 model 158 stepping 9 microcode 0x8e, cx8, cmov, fxsr, ht, mmx, 3dnowpref, sse, sse2, sse3, ssse3, sse4.1, sse4.2, popcnt, lzcnt, tsc, tscinvbit, avx, avx2, aes, erms, clmul, bmi1, bmi2, rtm, adx, fma, vzeroupper, clflush, clflushopt
Processor Information for all 8 processors :
  Max Mhz: 3600, Current Mhz: 3600, Mhz Limit: 3600

Memory: 4k page, system-wide physical 32674M (21785M free)
TotalPageFile size 65442M (AvailPageFile size 50881M)
current process WorkingSet (physical memory assigned to process): 305M, peak: 312M
current process commit charge ("private bytes"): 329M, peak: 339M

vm_info: OpenJDK 64-Bit Server VM (17.0.10+7) for windows-amd64 JRE (17.0.10+7), built on Jan 16 2024 23:25:11 by "admin" with MS VC++ 16.10 / 16.11 (VS2019)

END.
