#
# A fatal error has been detected by the Java Runtime Environment:
#
#  EXCEPTION_ACCESS_VIOLATION (0xc0000005) at pc=0x00007ffc98d6874c, pid=25380, tid=16016
#
# JRE version: Java(TM) SE Runtime Environment (17.0.9+11) (build 17.0.9+11-LTS-201)
# Java VM: Java HotSpot(TM) 64-Bit Server VM (17.0.9+11-LTS-201, mixed mode, emulated-client, sharing, tiered, compressed oops, compressed class ptrs, g1 gc, windows-amd64)
# Problematic frame:
# V  [jvm.dll+0x24874c]
#
# No core dump will be written. Minidumps are not enabled by default on client versions of Windows
#
# If you would like to submit a bug report, please visit:
#   https://bugreport.java.com/bugreport/crash.jsp
#

---------------  S U M M A R Y ------------

Command Line: -agentlib:jdwp=transport=dt_socket,address=127.0.0.1:57118,suspend=y,server=n -XX:TieredStopAtLevel=1 -Dspring.output.ansi.enabled=always -Dcom.sun.management.jmxremote -Dspring.jmx.enabled=true -Dspring.liveBeansView.mbeanDomain -Dspring.application.admin.enabled=true -Dmanagement.endpoints.jmx.exposure.include=* -javaagent:C:\Users\SXRBS\AppData\Local\JetBrains\IntelliJIdea2023.3\captureAgent\debugger-agent.jar=file:/C:/Users/SXRBS/AppData/Local/Temp/capture.props -Dfile.encoding=GBK com.sqds.SqdsbackApplication

Host: Intel(R) Core(TM) i7-7700 CPU @ 3.60GHz, 8 cores, 31G,  Windows 10 , 64 bit Build 17763 (10.0.17763.4974)
Time: Fri Feb  2 18:08:18 2024 中国标准时间 elapsed time: 1.144414 seconds (0d 0h 0m 1s)

---------------  T H R E A D  ---------------

Current thread (0x00000265152323c0):  JavaThread "C1 CompilerThread0" daemon [_thread_in_native, id=16016, stack(0x000000c58d600000,0x000000c58d700000)]


Current CompileTask:
C1:   1144 1340       1       sun.net.www.protocol.jar.Handler::parseContextSpec (150 bytes)

Stack: [0x000000c58d600000,0x000000c58d700000],  sp=0x000000c58d6fec90,  free space=1019k
Native frames: (J=compiled Java code, j=interpreted, Vv=VM code, C=native code)
V  [jvm.dll+0x24874c]
V  [jvm.dll+0x2488dc]
V  [jvm.dll+0x248369]
V  [jvm.dll+0x14a31a]
V  [jvm.dll+0x14a30e]
V  [jvm.dll+0x14a2a1]
V  [jvm.dll+0x150207]
V  [jvm.dll+0x150620]
V  [jvm.dll+0x150897]
V  [jvm.dll+0x1506cb]
V  [jvm.dll+0x134c09]
V  [jvm.dll+0x13476a]
V  [jvm.dll+0x134958]
V  [jvm.dll+0x133df1]
V  [jvm.dll+0x135a8d]
V  [jvm.dll+0x2272de]
V  [jvm.dll+0x22548b]
V  [jvm.dll+0x78f58c]
V  [jvm.dll+0x78998a]
V  [jvm.dll+0x677875]
C  [ucrtbase.dll+0x2268a]
C  [KERNEL32.DLL+0x17ac4]
C  [ntdll.dll+0x5a4e1]


siginfo: EXCEPTION_ACCESS_VIOLATION (0xc0000005), reading address 0x0000000000000008


Register to memory mapping:

RIP=0x00007ffc98d6874c jvm.dll
RAX=0x0000000000000001 is an unknown value
RBX=0x0000026515a94fe0 points into unknown readable memory: 0x0000000f00000001 | 01 00 00 00 0f 00 00 00
RCX=0x0000026515478080 points into unknown readable memory: 0x0000000000000000 | 00 00 00 00 00 00 00 00
RDX=0x0000000000000006 is an unknown value
RSP=0x000000c58d6fec90 is pointing into the stack for thread: 0x00000265152323c0
RBP=0x0000026515232a10 points into unknown readable memory: 0x00000265154789e0 | e0 89 47 15 65 02 00 00
RSI=0x0000000000000001 is an unknown value
RDI=0x0 is NULL
R8 =0x000000008de81b8f is an unknown value
R9 =0x0 is NULL
R10=0x000000000000000f is an unknown value
R11=0x0000000000000001 is an unknown value
R12=0x0000026515478068 points into unknown readable memory: 0x0000026515478080 | 80 80 47 15 65 02 00 00
R13=0x0000026515478060 points into unknown readable memory: 0x0000012c000000dc | dc 00 00 00 2c 01 00 00
R14=0x0000000000000003 is an unknown value
R15=0x000000008de81b8f is an unknown value


Registers:
RAX=0x0000000000000001, RBX=0x0000026515a94fe0, RCX=0x0000026515478080, RDX=0x0000000000000006
RSP=0x000000c58d6fec90, RBP=0x0000026515232a10, RSI=0x0000000000000001, RDI=0x0000000000000000
R8 =0x000000008de81b8f, R9 =0x0000000000000000, R10=0x000000000000000f, R11=0x0000000000000001
R12=0x0000026515478068, R13=0x0000026515478060, R14=0x0000000000000003, R15=0x000000008de81b8f
RIP=0x00007ffc98d6874c, EFLAGS=0x0000000000010203

Top of Stack: (sp=0x000000c58d6fec90)
0x000000c58d6fec90:   0000000000000000 000000000000000f
0x000000c58d6feca0:   0000000000000001 00007ffc98d67e33
0x000000c58d6fecb0:   0000000000000000 0000000000000001
0x000000c58d6fecc0:   0000026515c8a990 0000026515232a10
0x000000c58d6fecd0:   0000026515b6da10 00007ffc98d688dc
0x000000c58d6fece0:   0000026515a94fe0 0000026515b6da90
0x000000c58d6fecf0:   0000000000000005 000000000000000c
0x000000c58d6fed00:   0000026515232a10 00007ffc98d68369
0x000000c58d6fed10:   0000026515b6da90 0000000000000003
0x000000c58d6fed20:   000000000000007c 0000026515bfe0a0
0x000000c58d6fed30:   0000026515a94f8c 00007ffc98c6a31a
0x000000c58d6fed40:   000000c58d6ff448 000000000000000a
0x000000c58d6fed50:   000000000000003c 0000000000000000
0x000000c58d6fed60:   0000026515a94dc4 00007ffc98d20852
0x000000c58d6fed70:   000000c58d6ff3f8 000000000000001d
0x000000c58d6fed80:   0000026515a94df0 00007ffc98bef5ca 

Instructions: (pc=0x00007ffc98d6874c)
0x00007ffc98d6864c:   18 41 8b 41 f8 39 42 08 75 0f 41 8b 41 fc 39 42
0x00007ffc98d6865c:   0c 75 06 44 89 12 ff 49 44 45 84 c0 74 04 44 89
0x00007ffc98d6866c:   51 48 c3 cc 40 53 55 48 83 ec 38 48 8b 41 10 48
0x00007ffc98d6867c:   8b e9 48 8b 59 28 48 89 74 24 58 4c 89 64 24 68
0x00007ffc98d6868c:   8b 70 08 4c 89 6c 24 30 4c 89 74 24 28 4c 63 f2
0x00007ffc98d6869c:   41 2b f6 48 3b 59 30 72 1a 33 d2 b9 60 09 00 00
0x00007ffc98d686ac:   e8 ff 69 48 00 48 8b d8 48 8d 88 60 09 00 00 48
0x00007ffc98d686bc:   89 4d 30 48 89 7c 24 60 48 8d 4b 18 33 ff 48 89
0x00007ffc98d686cc:   4d 28 48 85 db 74 40 44 89 33 4d 8b ce 89 73 04
0x00007ffc98d686dc:   44 8b c7 48 89 6b 10 48 8b 45 10 4c 63 d6 4c 03
0x00007ffc98d686ec:   08 85 f6 7e 1c 8b d7 48 83 fa 06 74 14 42 0f b6
0x00007ffc98d686fc:   0c 0a 48 ff c2 45 6b c0 7f 44 03 c1 49 3b d2 7c
0x00007ffc98d6870c:   e6 44 89 43 08 eb 03 48 8b df 4c 8b 6d 20 4c 89
0x00007ffc98d6871c:   7c 24 20 48 89 5c 24 50 45 8b 75 00 4d 8d 65 08
0x00007ffc98d6872c:   41 83 ee 01 78 69 49 8b 0c 24 44 8b 7b 08 66 0f
0x00007ffc98d6873c:   1f 44 00 00 41 8d 04 3e d1 e8 8b f0 4c 8b 0c c1
0x00007ffc98d6874c:   45 39 79 08 7f 41 7c 35 48 63 53 04 41 39 51 04
0x00007ffc98d6875c:   7f 35 7c 29 48 8b 43 10 4c 8b c2 48 63 13 48 8b
0x00007ffc98d6876c:   48 10 48 8b 01 49 63 09 48 03 d0 48 03 c8 e8 fb
0x00007ffc98d6877c:   f3 5e 00 85 c0 7f 0c 79 27 49 8b 0c 24 44 8d 76
0x00007ffc98d6878c:   ff eb 07 49 8b 0c 24 8d 7e 01 44 3b f7 7d a5 4c
0x00007ffc98d6879c:   8d 44 24 50 8b d7 49 8b cd 8b f7 e8 a4 8e f7 ff
0x00007ffc98d687ac:   49 8b 04 24 4c 8b 7c 24 20 4c 8b 74 24 28 4c 8b
0x00007ffc98d687bc:   6c 24 30 4c 8b 64 24 68 48 8b 7c 24 60 48 63 ce
0x00007ffc98d687cc:   48 8b 74 24 58 48 8b 14 c8 48 3b d3 74 0d 48 89
0x00007ffc98d687dc:   5d 28 8b 02 48 83 c4 38 5d 5b c3 33 c0 48 83 c4
0x00007ffc98d687ec:   38 5d 5b c3 40 53 48 83 ec 20 83 79 44 00 48 8b
0x00007ffc98d687fc:   d9 7f 24 4c 8d 0d b2 76 68 00 ba c1 00 00 00 4c
0x00007ffc98d6880c:   8d 05 ce 76 68 00 48 8d 0d ef 76 68 00 e8 d2 d4
0x00007ffc98d6881c:   ff ff e8 3d fd 42 00 48 63 4b 44 48 8b 43 38 48
0x00007ffc98d6882c:   03 c9 81 7c c8 f0 ff ff ff 7f 74 0d ba ff ff ff
0x00007ffc98d6883c:   7f 48 8b cb e8 4b f9 ff ff 8b 43 44 c1 e0 04 48 


Stack slot to memory mapping:
stack at sp + 0 slots: 0x0 is NULL
stack at sp + 1 slots: 0x000000000000000f is an unknown value
stack at sp + 2 slots: 0x0000000000000001 is an unknown value
stack at sp + 3 slots: 0x00007ffc98d67e33 jvm.dll
stack at sp + 4 slots: 0x0 is NULL
stack at sp + 5 slots: 0x0000000000000001 is an unknown value
stack at sp + 6 slots: 0x0000026515c8a990 points into unknown readable memory: 0x000000200000000c | 0c 00 00 00 20 00 00 00
stack at sp + 7 slots: 0x0000026515232a10 points into unknown readable memory: 0x00000265154789e0 | e0 89 47 15 65 02 00 00


---------------  P R O C E S S  ---------------

Threads class SMR info:
_java_thread_list=0x000002655b0ba580, length=20, elements={
0x0000026572a709a0, 0x0000026515208860, 0x00000265152095f0, 0x000002651521da40,
0x0000026515220520, 0x0000026515225a00, 0x0000026515223e10, 0x00000265152323c0,
0x00000265152378a0, 0x00000265152ad9f0, 0x00000265153289f0, 0x000002651532cfd0,
0x000002651532fcd0, 0x0000026515373970, 0x000002651538b340, 0x000002651538b830,
0x0000026515cf9010, 0x000002655b001a70, 0x000002655b11ac40, 0x000002655b1d6610
}

Java Threads: ( => current thread )
  0x0000026572a709a0 JavaThread "main" [_thread_in_native, id=18692, stack(0x000000c58c900000,0x000000c58ca00000)]
  0x0000026515208860 JavaThread "Reference Handler" daemon [_thread_blocked, id=26516, stack(0x000000c58d000000,0x000000c58d100000)]
  0x00000265152095f0 JavaThread "Finalizer" daemon [_thread_blocked, id=10880, stack(0x000000c58d100000,0x000000c58d200000)]
  0x000002651521da40 JavaThread "Signal Dispatcher" daemon [_thread_blocked, id=12628, stack(0x000000c58d200000,0x000000c58d300000)]
  0x0000026515220520 JavaThread "Attach Listener" daemon [_thread_blocked, id=25284, stack(0x000000c58d300000,0x000000c58d400000)]
  0x0000026515225a00 JavaThread "Service Thread" daemon [_thread_blocked, id=19588, stack(0x000000c58d400000,0x000000c58d500000)]
  0x0000026515223e10 JavaThread "Monitor Deflation Thread" daemon [_thread_blocked, id=26376, stack(0x000000c58d500000,0x000000c58d600000)]
=>0x00000265152323c0 JavaThread "C1 CompilerThread0" daemon [_thread_in_native, id=16016, stack(0x000000c58d600000,0x000000c58d700000)]
  0x00000265152378a0 JavaThread "Sweeper thread" daemon [_thread_blocked, id=25308, stack(0x000000c58d700000,0x000000c58d800000)]
  0x00000265152ad9f0 JavaThread "Common-Cleaner" daemon [_thread_blocked, id=23484, stack(0x000000c58d800000,0x000000c58d900000)]
  0x00000265153289f0 JavaThread "C1 CompilerThread1" daemon [_thread_blocked, id=24124, stack(0x000000c58d900000,0x000000c58da00000)]
  0x000002651532cfd0 JavaThread "C1 CompilerThread2" daemon [_thread_blocked, id=3680, stack(0x000000c58da00000,0x000000c58db00000)]
  0x000002651532fcd0 JavaThread "C1 CompilerThread3" daemon [_thread_blocked, id=5124, stack(0x000000c58db00000,0x000000c58dc00000)]
  0x0000026515373970 JavaThread "JDWP Transport Listener: dt_socket" daemon [_thread_blocked, id=10732, stack(0x000000c58dc00000,0x000000c58dd00000)]
  0x000002651538b340 JavaThread "JDWP Event Helper Thread" daemon [_thread_blocked, id=23844, stack(0x000000c58dd00000,0x000000c58de00000)]
  0x000002651538b830 JavaThread "JDWP Command Reader" daemon [_thread_in_native, id=26204, stack(0x000000c58de00000,0x000000c58df00000)]
  0x0000026515cf9010 JavaThread "Notification Thread" daemon [_thread_blocked, id=17028, stack(0x000000c58df00000,0x000000c58e000000)]
  0x000002655b001a70 JavaThread "RMI TCP Accept-0" daemon [_thread_in_native, id=23352, stack(0x000000c58e000000,0x000000c58e100000)]
  0x000002655b11ac40 JavaThread "RMI TCP Connection(1)-10.18.8.50" daemon [_thread_in_native, id=26508, stack(0x000000c58eb00000,0x000000c58ec00000)]
  0x000002655b1d6610 JavaThread "RMI Scheduler(0)" daemon [_thread_blocked, id=3732, stack(0x000000c58ec00000,0x000000c58ed00000)]

Other Threads:
  0x000002657f89d990 VMThread "VM Thread" [stack: 0x000000c58cf00000,0x000000c58d000000] [id=24964]
  0x0000026572ab8ec0 WatcherThread [stack: 0x000000c58e100000,0x000000c58e200000] [id=23064]
  0x000002657f720d00 GCTaskThread "GC Thread#0" [stack: 0x000000c58ca00000,0x000000c58cb00000] [id=21340]
  0x000002655b045c90 GCTaskThread "GC Thread#1" [stack: 0x000000c58e200000,0x000000c58e300000] [id=26560]
  0x000002655b05bcd0 GCTaskThread "GC Thread#2" [stack: 0x000000c58e300000,0x000000c58e400000] [id=13708]
  0x000002655b045f50 GCTaskThread "GC Thread#3" [stack: 0x000000c58e400000,0x000000c58e500000] [id=24836]
  0x000002655b046620 GCTaskThread "GC Thread#4" [stack: 0x000000c58e500000,0x000000c58e600000] [id=16224]
  0x000002655b0663c0 GCTaskThread "GC Thread#5" [stack: 0x000000c58e600000,0x000000c58e700000] [id=10836]
  0x000002655b066680 GCTaskThread "GC Thread#6" [stack: 0x000000c58e700000,0x000000c58e800000] [id=15900]
  0x000002655b066940 GCTaskThread "GC Thread#7" [stack: 0x000000c58e800000,0x000000c58e900000] [id=23208]
  0x0000026572ab0640 ConcurrentGCThread "G1 Main Marker" [stack: 0x000000c58cb00000,0x000000c58cc00000] [id=25088]
  0x0000026572ab1f90 ConcurrentGCThread "G1 Conc#0" [stack: 0x000000c58cc00000,0x000000c58cd00000] [id=23004]
  0x000002657f7d9580 ConcurrentGCThread "G1 Refine#0" [stack: 0x000000c58cd00000,0x000000c58ce00000] [id=17096]
  0x000002655b08ac20 ConcurrentGCThread "G1 Refine#1" [stack: 0x000000c58e900000,0x000000c58ea00000] [id=25212]
  0x000002655b08b320 ConcurrentGCThread "G1 Refine#2" [stack: 0x000000c58ea00000,0x000000c58eb00000] [id=19060]
  0x000002657f7daed0 ConcurrentGCThread "G1 Service" [stack: 0x000000c58ce00000,0x000000c58cf00000] [id=26552]

Threads with active compile tasks:
C1 CompilerThread0     1326 1340       1       sun.net.www.protocol.jar.Handler::parseContextSpec (150 bytes)

VM state: not at safepoint (normal execution)

VM Mutex/Monitor currently owned by a thread: None

Heap address: 0x0000000601400000, size: 8172 MB, Compressed Oops mode: Zero based, Oop shift amount: 3

CDS archive(s) mapped at: [0x0000026516000000-0x0000026516bd0000-0x0000026516bd0000), size 12386304, SharedBaseAddress: 0x0000026516000000, ArchiveRelocationMode: 1.
Compressed class space mapped at: 0x0000026517000000-0x0000026557000000, reserved size: 1073741824
Narrow klass base: 0x0000026516000000, Narrow klass shift: 0, Narrow klass range: 0x100000000

GC Precious Log:
 CPUs: 8 total, 8 available
 Memory: 32674M
 Large Page Support: Disabled
 NUMA Support: Disabled
 Compressed Oops: Enabled (Zero based)
 Heap Region Size: 4M
 Heap Min Capacity: 8M
 Heap Initial Capacity: 512M
 Heap Max Capacity: 8172M
 Pre-touch: Disabled
 Parallel Workers: 8
 Concurrent Workers: 2
 Concurrent Refinement Workers: 8
 Periodic GC: Disabled

Heap:
 garbage-first heap   total 524288K, used 21849K [0x0000000601400000, 0x0000000800000000)
  region size 4096K, 5 young (20480K), 1 survivors (4096K)
 Metaspace       used 8156K, committed 8320K, reserved 1114112K
  class space    used 1013K, committed 1088K, reserved 1048576K

Heap Regions: E=young(eden), S=young(survivor), O=old, HS=humongous(starts), HC=humongous(continues), CS=collection set, F=free, OA=open archive, CA=closed archive, TAMS=top-at-mark-start (previous, next)
|   0|0x0000000601400000, 0x0000000601800000, 0x0000000601800000|100%| O|  |TAMS 0x0000000601400000, 0x0000000601400000| Untracked 
|   1|0x0000000601800000, 0x0000000601956400, 0x0000000601c00000| 33%| O|  |TAMS 0x0000000601800000, 0x0000000601800000| Untracked 
|   2|0x0000000601c00000, 0x0000000601c00000, 0x0000000602000000|  0%| F|  |TAMS 0x0000000601c00000, 0x0000000601c00000| Untracked 
|   3|0x0000000602000000, 0x0000000602000000, 0x0000000602400000|  0%| F|  |TAMS 0x0000000602000000, 0x0000000602000000| Untracked 
|   4|0x0000000602400000, 0x0000000602400000, 0x0000000602800000|  0%| F|  |TAMS 0x0000000602400000, 0x0000000602400000| Untracked 
|   5|0x0000000602800000, 0x0000000602800000, 0x0000000602c00000|  0%| F|  |TAMS 0x0000000602800000, 0x0000000602800000| Untracked 
|   6|0x0000000602c00000, 0x0000000602c00000, 0x0000000603000000|  0%| F|  |TAMS 0x0000000602c00000, 0x0000000602c00000| Untracked 
|   7|0x0000000603000000, 0x0000000603000000, 0x0000000603400000|  0%| F|  |TAMS 0x0000000603000000, 0x0000000603000000| Untracked 
|   8|0x0000000603400000, 0x0000000603400000, 0x0000000603800000|  0%| F|  |TAMS 0x0000000603400000, 0x0000000603400000| Untracked 
|   9|0x0000000603800000, 0x0000000603800000, 0x0000000603c00000|  0%| F|  |TAMS 0x0000000603800000, 0x0000000603800000| Untracked 
|  10|0x0000000603c00000, 0x0000000603c00000, 0x0000000604000000|  0%| F|  |TAMS 0x0000000603c00000, 0x0000000603c00000| Untracked 
|  11|0x0000000604000000, 0x0000000604000000, 0x0000000604400000|  0%| F|  |TAMS 0x0000000604000000, 0x0000000604000000| Untracked 
|  12|0x0000000604400000, 0x0000000604400000, 0x0000000604800000|  0%| F|  |TAMS 0x0000000604400000, 0x0000000604400000| Untracked 
|  13|0x0000000604800000, 0x0000000604800000, 0x0000000604c00000|  0%| F|  |TAMS 0x0000000604800000, 0x0000000604800000| Untracked 
|  14|0x0000000604c00000, 0x0000000604c00000, 0x0000000605000000|  0%| F|  |TAMS 0x0000000604c00000, 0x0000000604c00000| Untracked 
|  15|0x0000000605000000, 0x0000000605000000, 0x0000000605400000|  0%| F|  |TAMS 0x0000000605000000, 0x0000000605000000| Untracked 
|  16|0x0000000605400000, 0x0000000605400000, 0x0000000605800000|  0%| F|  |TAMS 0x0000000605400000, 0x0000000605400000| Untracked 
|  17|0x0000000605800000, 0x0000000605800000, 0x0000000605c00000|  0%| F|  |TAMS 0x0000000605800000, 0x0000000605800000| Untracked 
|  18|0x0000000605c00000, 0x0000000605c00000, 0x0000000606000000|  0%| F|  |TAMS 0x0000000605c00000, 0x0000000605c00000| Untracked 
|  19|0x0000000606000000, 0x0000000606000000, 0x0000000606400000|  0%| F|  |TAMS 0x0000000606000000, 0x0000000606000000| Untracked 
|  20|0x0000000606400000, 0x0000000606400000, 0x0000000606800000|  0%| F|  |TAMS 0x0000000606400000, 0x0000000606400000| Untracked 
|  21|0x0000000606800000, 0x0000000606800000, 0x0000000606c00000|  0%| F|  |TAMS 0x0000000606800000, 0x0000000606800000| Untracked 
|  22|0x0000000606c00000, 0x0000000606c00000, 0x0000000607000000|  0%| F|  |TAMS 0x0000000606c00000, 0x0000000606c00000| Untracked 
|  23|0x0000000607000000, 0x0000000607000000, 0x0000000607400000|  0%| F|  |TAMS 0x0000000607000000, 0x0000000607000000| Untracked 
|  24|0x0000000607400000, 0x0000000607400000, 0x0000000607800000|  0%| F|  |TAMS 0x0000000607400000, 0x0000000607400000| Untracked 
|  25|0x0000000607800000, 0x0000000607800000, 0x0000000607c00000|  0%| F|  |TAMS 0x0000000607800000, 0x0000000607800000| Untracked 
|  26|0x0000000607c00000, 0x0000000607c00000, 0x0000000608000000|  0%| F|  |TAMS 0x0000000607c00000, 0x0000000607c00000| Untracked 
|  27|0x0000000608000000, 0x0000000608000000, 0x0000000608400000|  0%| F|  |TAMS 0x0000000608000000, 0x0000000608000000| Untracked 
|  28|0x0000000608400000, 0x0000000608400000, 0x0000000608800000|  0%| F|  |TAMS 0x0000000608400000, 0x0000000608400000| Untracked 
|  29|0x0000000608800000, 0x0000000608800000, 0x0000000608c00000|  0%| F|  |TAMS 0x0000000608800000, 0x0000000608800000| Untracked 
|  30|0x0000000608c00000, 0x0000000608c00000, 0x0000000609000000|  0%| F|  |TAMS 0x0000000608c00000, 0x0000000608c00000| Untracked 
|  31|0x0000000609000000, 0x0000000609000000, 0x0000000609400000|  0%| F|  |TAMS 0x0000000609000000, 0x0000000609000000| Untracked 
|  32|0x0000000609400000, 0x0000000609400000, 0x0000000609800000|  0%| F|  |TAMS 0x0000000609400000, 0x0000000609400000| Untracked 
|  33|0x0000000609800000, 0x0000000609800000, 0x0000000609c00000|  0%| F|  |TAMS 0x0000000609800000, 0x0000000609800000| Untracked 
|  34|0x0000000609c00000, 0x0000000609c00000, 0x000000060a000000|  0%| F|  |TAMS 0x0000000609c00000, 0x0000000609c00000| Untracked 
|  35|0x000000060a000000, 0x000000060a000000, 0x000000060a400000|  0%| F|  |TAMS 0x000000060a000000, 0x000000060a000000| Untracked 
|  36|0x000000060a400000, 0x000000060a400000, 0x000000060a800000|  0%| F|  |TAMS 0x000000060a400000, 0x000000060a400000| Untracked 
|  37|0x000000060a800000, 0x000000060a800000, 0x000000060ac00000|  0%| F|  |TAMS 0x000000060a800000, 0x000000060a800000| Untracked 
|  38|0x000000060ac00000, 0x000000060ac00000, 0x000000060b000000|  0%| F|  |TAMS 0x000000060ac00000, 0x000000060ac00000| Untracked 
|  39|0x000000060b000000, 0x000000060b000000, 0x000000060b400000|  0%| F|  |TAMS 0x000000060b000000, 0x000000060b000000| Untracked 
|  40|0x000000060b400000, 0x000000060b400000, 0x000000060b800000|  0%| F|  |TAMS 0x000000060b400000, 0x000000060b400000| Untracked 
|  41|0x000000060b800000, 0x000000060b800000, 0x000000060bc00000|  0%| F|  |TAMS 0x000000060b800000, 0x000000060b800000| Untracked 
|  42|0x000000060bc00000, 0x000000060bc00000, 0x000000060c000000|  0%| F|  |TAMS 0x000000060bc00000, 0x000000060bc00000| Untracked 
|  43|0x000000060c000000, 0x000000060c000000, 0x000000060c400000|  0%| F|  |TAMS 0x000000060c000000, 0x000000060c000000| Untracked 
|  44|0x000000060c400000, 0x000000060c400000, 0x000000060c800000|  0%| F|  |TAMS 0x000000060c400000, 0x000000060c400000| Untracked 
|  45|0x000000060c800000, 0x000000060c800000, 0x000000060cc00000|  0%| F|  |TAMS 0x000000060c800000, 0x000000060c800000| Untracked 
|  46|0x000000060cc00000, 0x000000060cc00000, 0x000000060d000000|  0%| F|  |TAMS 0x000000060cc00000, 0x000000060cc00000| Untracked 
|  47|0x000000060d000000, 0x000000060d000000, 0x000000060d400000|  0%| F|  |TAMS 0x000000060d000000, 0x000000060d000000| Untracked 
|  48|0x000000060d400000, 0x000000060d400000, 0x000000060d800000|  0%| F|  |TAMS 0x000000060d400000, 0x000000060d400000| Untracked 
|  49|0x000000060d800000, 0x000000060d800000, 0x000000060dc00000|  0%| F|  |TAMS 0x000000060d800000, 0x000000060d800000| Untracked 
|  50|0x000000060dc00000, 0x000000060dc00000, 0x000000060e000000|  0%| F|  |TAMS 0x000000060dc00000, 0x000000060dc00000| Untracked 
|  51|0x000000060e000000, 0x000000060e000000, 0x000000060e400000|  0%| F|  |TAMS 0x000000060e000000, 0x000000060e000000| Untracked 
|  52|0x000000060e400000, 0x000000060e400000, 0x000000060e800000|  0%| F|  |TAMS 0x000000060e400000, 0x000000060e400000| Untracked 
|  53|0x000000060e800000, 0x000000060e800000, 0x000000060ec00000|  0%| F|  |TAMS 0x000000060e800000, 0x000000060e800000| Untracked 
|  54|0x000000060ec00000, 0x000000060ec00000, 0x000000060f000000|  0%| F|  |TAMS 0x000000060ec00000, 0x000000060ec00000| Untracked 
|  55|0x000000060f000000, 0x000000060f000000, 0x000000060f400000|  0%| F|  |TAMS 0x000000060f000000, 0x000000060f000000| Untracked 
|  56|0x000000060f400000, 0x000000060f400000, 0x000000060f800000|  0%| F|  |TAMS 0x000000060f400000, 0x000000060f400000| Untracked 
|  57|0x000000060f800000, 0x000000060f800000, 0x000000060fc00000|  0%| F|  |TAMS 0x000000060f800000, 0x000000060f800000| Untracked 
|  58|0x000000060fc00000, 0x000000060fc00000, 0x0000000610000000|  0%| F|  |TAMS 0x000000060fc00000, 0x000000060fc00000| Untracked 
|  59|0x0000000610000000, 0x0000000610000000, 0x0000000610400000|  0%| F|  |TAMS 0x0000000610000000, 0x0000000610000000| Untracked 
|  60|0x0000000610400000, 0x0000000610400000, 0x0000000610800000|  0%| F|  |TAMS 0x0000000610400000, 0x0000000610400000| Untracked 
|  61|0x0000000610800000, 0x0000000610800000, 0x0000000610c00000|  0%| F|  |TAMS 0x0000000610800000, 0x0000000610800000| Untracked 
|  62|0x0000000610c00000, 0x0000000610c00000, 0x0000000611000000|  0%| F|  |TAMS 0x0000000610c00000, 0x0000000610c00000| Untracked 
|  63|0x0000000611000000, 0x0000000611000000, 0x0000000611400000|  0%| F|  |TAMS 0x0000000611000000, 0x0000000611000000| Untracked 
|  64|0x0000000611400000, 0x0000000611400000, 0x0000000611800000|  0%| F|  |TAMS 0x0000000611400000, 0x0000000611400000| Untracked 
|  65|0x0000000611800000, 0x0000000611800000, 0x0000000611c00000|  0%| F|  |TAMS 0x0000000611800000, 0x0000000611800000| Untracked 
|  66|0x0000000611c00000, 0x0000000611c00000, 0x0000000612000000|  0%| F|  |TAMS 0x0000000611c00000, 0x0000000611c00000| Untracked 
|  67|0x0000000612000000, 0x0000000612000000, 0x0000000612400000|  0%| F|  |TAMS 0x0000000612000000, 0x0000000612000000| Untracked 
|  68|0x0000000612400000, 0x0000000612400000, 0x0000000612800000|  0%| F|  |TAMS 0x0000000612400000, 0x0000000612400000| Untracked 
|  69|0x0000000612800000, 0x0000000612800000, 0x0000000612c00000|  0%| F|  |TAMS 0x0000000612800000, 0x0000000612800000| Untracked 
|  70|0x0000000612c00000, 0x0000000612c00000, 0x0000000613000000|  0%| F|  |TAMS 0x0000000612c00000, 0x0000000612c00000| Untracked 
|  71|0x0000000613000000, 0x0000000613000000, 0x0000000613400000|  0%| F|  |TAMS 0x0000000613000000, 0x0000000613000000| Untracked 
|  72|0x0000000613400000, 0x0000000613400000, 0x0000000613800000|  0%| F|  |TAMS 0x0000000613400000, 0x0000000613400000| Untracked 
|  73|0x0000000613800000, 0x0000000613800000, 0x0000000613c00000|  0%| F|  |TAMS 0x0000000613800000, 0x0000000613800000| Untracked 
|  74|0x0000000613c00000, 0x0000000613c00000, 0x0000000614000000|  0%| F|  |TAMS 0x0000000613c00000, 0x0000000613c00000| Untracked 
|  75|0x0000000614000000, 0x0000000614000000, 0x0000000614400000|  0%| F|  |TAMS 0x0000000614000000, 0x0000000614000000| Untracked 
|  76|0x0000000614400000, 0x0000000614400000, 0x0000000614800000|  0%| F|  |TAMS 0x0000000614400000, 0x0000000614400000| Untracked 
|  77|0x0000000614800000, 0x0000000614800000, 0x0000000614c00000|  0%| F|  |TAMS 0x0000000614800000, 0x0000000614800000| Untracked 
|  78|0x0000000614c00000, 0x0000000614c00000, 0x0000000615000000|  0%| F|  |TAMS 0x0000000614c00000, 0x0000000614c00000| Untracked 
|  79|0x0000000615000000, 0x0000000615000000, 0x0000000615400000|  0%| F|  |TAMS 0x0000000615000000, 0x0000000615000000| Untracked 
|  80|0x0000000615400000, 0x0000000615400000, 0x0000000615800000|  0%| F|  |TAMS 0x0000000615400000, 0x0000000615400000| Untracked 
|  81|0x0000000615800000, 0x0000000615800000, 0x0000000615c00000|  0%| F|  |TAMS 0x0000000615800000, 0x0000000615800000| Untracked 
|  82|0x0000000615c00000, 0x0000000615c00000, 0x0000000616000000|  0%| F|  |TAMS 0x0000000615c00000, 0x0000000615c00000| Untracked 
|  83|0x0000000616000000, 0x0000000616000000, 0x0000000616400000|  0%| F|  |TAMS 0x0000000616000000, 0x0000000616000000| Untracked 
|  84|0x0000000616400000, 0x0000000616400000, 0x0000000616800000|  0%| F|  |TAMS 0x0000000616400000, 0x0000000616400000| Untracked 
|  85|0x0000000616800000, 0x0000000616800000, 0x0000000616c00000|  0%| F|  |TAMS 0x0000000616800000, 0x0000000616800000| Untracked 
|  86|0x0000000616c00000, 0x0000000616c00000, 0x0000000617000000|  0%| F|  |TAMS 0x0000000616c00000, 0x0000000616c00000| Untracked 
|  87|0x0000000617000000, 0x0000000617000000, 0x0000000617400000|  0%| F|  |TAMS 0x0000000617000000, 0x0000000617000000| Untracked 
|  88|0x0000000617400000, 0x0000000617400000, 0x0000000617800000|  0%| F|  |TAMS 0x0000000617400000, 0x0000000617400000| Untracked 
|  89|0x0000000617800000, 0x0000000617800000, 0x0000000617c00000|  0%| F|  |TAMS 0x0000000617800000, 0x0000000617800000| Untracked 
|  90|0x0000000617c00000, 0x0000000617c00000, 0x0000000618000000|  0%| F|  |TAMS 0x0000000617c00000, 0x0000000617c00000| Untracked 
|  91|0x0000000618000000, 0x0000000618000000, 0x0000000618400000|  0%| F|  |TAMS 0x0000000618000000, 0x0000000618000000| Untracked 
|  92|0x0000000618400000, 0x0000000618400000, 0x0000000618800000|  0%| F|  |TAMS 0x0000000618400000, 0x0000000618400000| Untracked 
|  93|0x0000000618800000, 0x0000000618800000, 0x0000000618c00000|  0%| F|  |TAMS 0x0000000618800000, 0x0000000618800000| Untracked 
|  94|0x0000000618c00000, 0x0000000618c00000, 0x0000000619000000|  0%| F|  |TAMS 0x0000000618c00000, 0x0000000618c00000| Untracked 
|  95|0x0000000619000000, 0x0000000619000000, 0x0000000619400000|  0%| F|  |TAMS 0x0000000619000000, 0x0000000619000000| Untracked 
|  96|0x0000000619400000, 0x0000000619400000, 0x0000000619800000|  0%| F|  |TAMS 0x0000000619400000, 0x0000000619400000| Untracked 
|  97|0x0000000619800000, 0x0000000619800000, 0x0000000619c00000|  0%| F|  |TAMS 0x0000000619800000, 0x0000000619800000| Untracked 
|  98|0x0000000619c00000, 0x0000000619c00000, 0x000000061a000000|  0%| F|  |TAMS 0x0000000619c00000, 0x0000000619c00000| Untracked 
|  99|0x000000061a000000, 0x000000061a000000, 0x000000061a400000|  0%| F|  |TAMS 0x000000061a000000, 0x000000061a000000| Untracked 
| 100|0x000000061a400000, 0x000000061a400000, 0x000000061a800000|  0%| F|  |TAMS 0x000000061a400000, 0x000000061a400000| Untracked 
| 101|0x000000061a800000, 0x000000061a800000, 0x000000061ac00000|  0%| F|  |TAMS 0x000000061a800000, 0x000000061a800000| Untracked 
| 102|0x000000061ac00000, 0x000000061ac00000, 0x000000061b000000|  0%| F|  |TAMS 0x000000061ac00000, 0x000000061ac00000| Untracked 
| 103|0x000000061b000000, 0x000000061b000000, 0x000000061b400000|  0%| F|  |TAMS 0x000000061b000000, 0x000000061b000000| Untracked 
| 104|0x000000061b400000, 0x000000061b400000, 0x000000061b800000|  0%| F|  |TAMS 0x000000061b400000, 0x000000061b400000| Untracked 
| 105|0x000000061b800000, 0x000000061b800000, 0x000000061bc00000|  0%| F|  |TAMS 0x000000061b800000, 0x000000061b800000| Untracked 
| 106|0x000000061bc00000, 0x000000061bc00000, 0x000000061c000000|  0%| F|  |TAMS 0x000000061bc00000, 0x000000061bc00000| Untracked 
| 107|0x000000061c000000, 0x000000061c000000, 0x000000061c400000|  0%| F|  |TAMS 0x000000061c000000, 0x000000061c000000| Untracked 
| 108|0x000000061c400000, 0x000000061c400000, 0x000000061c800000|  0%| F|  |TAMS 0x000000061c400000, 0x000000061c400000| Untracked 
| 109|0x000000061c800000, 0x000000061c800000, 0x000000061cc00000|  0%| F|  |TAMS 0x000000061c800000, 0x000000061c800000| Untracked 
| 110|0x000000061cc00000, 0x000000061cc00000, 0x000000061d000000|  0%| F|  |TAMS 0x000000061cc00000, 0x000000061cc00000| Untracked 
| 111|0x000000061d000000, 0x000000061d000000, 0x000000061d400000|  0%| F|  |TAMS 0x000000061d000000, 0x000000061d000000| Untracked 
| 112|0x000000061d400000, 0x000000061d400000, 0x000000061d800000|  0%| F|  |TAMS 0x000000061d400000, 0x000000061d400000| Untracked 
| 113|0x000000061d800000, 0x000000061d800000, 0x000000061dc00000|  0%| F|  |TAMS 0x000000061d800000, 0x000000061d800000| Untracked 
| 114|0x000000061dc00000, 0x000000061dc00000, 0x000000061e000000|  0%| F|  |TAMS 0x000000061dc00000, 0x000000061dc00000| Untracked 
| 115|0x000000061e000000, 0x000000061e000000, 0x000000061e400000|  0%| F|  |TAMS 0x000000061e000000, 0x000000061e000000| Untracked 
| 116|0x000000061e400000, 0x000000061e400000, 0x000000061e800000|  0%| F|  |TAMS 0x000000061e400000, 0x000000061e400000| Untracked 
| 117|0x000000061e800000, 0x000000061e800000, 0x000000061ec00000|  0%| F|  |TAMS 0x000000061e800000, 0x000000061e800000| Untracked 
| 118|0x000000061ec00000, 0x000000061ec00000, 0x000000061f000000|  0%| F|  |TAMS 0x000000061ec00000, 0x000000061ec00000| Untracked 
| 119|0x000000061f000000, 0x000000061f000000, 0x000000061f400000|  0%| F|  |TAMS 0x000000061f000000, 0x000000061f000000| Untracked 
| 120|0x000000061f400000, 0x000000061f400000, 0x000000061f800000|  0%| F|  |TAMS 0x000000061f400000, 0x000000061f400000| Untracked 
| 121|0x000000061f800000, 0x000000061fc00000, 0x000000061fc00000|100%| S|CS|TAMS 0x000000061f800000, 0x000000061f800000| Complete 
| 122|0x000000061fc00000, 0x000000061fc00000, 0x0000000620000000|  0%| F|  |TAMS 0x000000061fc00000, 0x000000061fc00000| Untracked 
| 123|0x0000000620000000, 0x0000000620000000, 0x0000000620400000|  0%| F|  |TAMS 0x0000000620000000, 0x0000000620000000| Untracked 
| 124|0x0000000620400000, 0x00000006206edc20, 0x0000000620800000| 73%| E|  |TAMS 0x0000000620400000, 0x0000000620400000| Complete 
| 125|0x0000000620800000, 0x0000000620c00000, 0x0000000620c00000|100%| E|CS|TAMS 0x0000000620800000, 0x0000000620800000| Complete 
| 126|0x0000000620c00000, 0x0000000621000000, 0x0000000621000000|100%| E|CS|TAMS 0x0000000620c00000, 0x0000000620c00000| Complete 
| 127|0x0000000621000000, 0x0000000621400000, 0x0000000621400000|100%| E|CS|TAMS 0x0000000621000000, 0x0000000621000000| Complete 

Card table byte_map: [0x0000026501000000,0x0000026502000000] _byte_map_base: 0x00000264fdff6000

Marking Bits (Prev, Next): (CMBitMap*) 0x0000026572a9fdc0, (CMBitMap*) 0x0000026572a9fe00
 Prev Bits: [0x0000026503000000, 0x000002650afb0000)
 Next Bits: [0x000002650afb0000, 0x0000026512f60000)

Polling page: 0x0000026572820000

Metaspace:

Usage:
  Non-class:      6.98 MB used.
      Class:   1013.62 KB used.
       Both:      7.97 MB used.

Virtual space:
  Non-class space:       64.00 MB reserved,       7.06 MB ( 11%) committed,  1 nodes.
      Class space:        1.00 GB reserved,       1.06 MB ( <1%) committed,  1 nodes.
             Both:        1.06 GB reserved,       8.13 MB ( <1%) committed. 

Chunk freelists:
   Non-Class:  8.08 MB
       Class:  14.89 MB
        Both:  22.97 MB

MaxMetaspaceSize: unlimited
CompressedClassSpaceSize: 1.00 GB
Initial GC threshold: 21.00 MB
Current GC threshold: 21.00 MB
CDS: on
MetaspaceReclaimPolicy: balanced
 - commit_granule_bytes: 65536.
 - commit_granule_words: 8192.
 - virtual_space_node_default_size: 8388608.
 - enlarge_chunks_in_place: 1.
 - new_chunks_are_fully_committed: 0.
 - uncommit_free_chunks: 1.
 - use_allocation_guard: 0.
 - handle_deallocations: 1.


Internal statistics:

num_allocs_failed_limit: 0.
num_arena_births: 200.
num_arena_deaths: 0.
num_vsnodes_births: 2.
num_vsnodes_deaths: 0.
num_space_committed: 130.
num_space_uncommitted: 0.
num_chunks_returned_to_freelist: 0.
num_chunks_taken_from_freelist: 364.
num_chunk_merges: 0.
num_chunk_splits: 223.
num_chunks_enlarged: 115.
num_inconsistent_stats: 0.

CodeCache: size=49152Kb used=5169Kb max_used=5169Kb free=43982Kb
 bounds [0x000002657bda0000, 0x000002657c2b0000, 0x000002657eda0000]
 total_blobs=1935 nmethods=1475 adapters=385
 compilation: enabled
              stopped_count=0, restarted_count=0
 full_count=0

Compilation events (20 events):
Event: 1.127 Thread 0x000002651532cfd0 nmethod 1339 0x000002657c271910 code [0x000002657c271b60, 0x000002657c2720f8]
Event: 1.127 Thread 0x000002651532cfd0 1344       1       java.net.URLStreamHandler::setURL (159 bytes)
Event: 1.128 Thread 0x00000265153289f0 nmethod 1342 0x000002657c272590 code [0x000002657c272760, 0x000002657c272ab8]
Event: 1.128 Thread 0x00000265153289f0 1345       1       jdk.internal.loader.URLClassPath$JarLoader$2::<init> (31 bytes)
Event: 1.128 Thread 0x000002651532fcd0 nmethod 1343 0x000002657c272d10 code [0x000002657c272f40, 0x000002657c273528]
Event: 1.128 Thread 0x000002651532fcd0 1347       1       jdk.internal.reflect.ReflectionFactory::copyConstructor (11 bytes)
Event: 1.128 Thread 0x00000265153289f0 nmethod 1345 0x000002657c273a10 code [0x000002657c273ba0, 0x000002657c273e38]
Event: 1.128 Thread 0x00000265153289f0 1348       1       java.lang.reflect.ReflectAccess::copyConstructor (5 bytes)
Event: 1.128 Thread 0x00000265153289f0 nmethod 1348 0x000002657c273f10 code [0x000002657c2740a0, 0x000002657c274188]
Event: 1.128 Thread 0x00000265153289f0 1349       1       java.lang.reflect.Constructor::copy (72 bytes)
Event: 1.128 Thread 0x000002651532fcd0 nmethod 1347 0x000002657c274290 code [0x000002657c274420, 0x000002657c274568]
Event: 1.128 Thread 0x000002651532fcd0 1350       1       java.security.CodeSource::matchCerts (254 bytes)
Event: 1.128 Thread 0x00000265153289f0 nmethod 1349 0x000002657c275710 code [0x000002657c2758c0, 0x000002657c275bf8]
Event: 1.128 Thread 0x000002651532cfd0 nmethod 1344 0x000002657c274690 code [0x000002657c274900, 0x000002657c2750e8]
Event: 1.128 Thread 0x00000265153289f0 1351       1       java.lang.Class::privateGetDeclaredConstructors (79 bytes)
Event: 1.129 Thread 0x00000265153289f0 nmethod 1351 0x000002657c275d10 code [0x000002657c275ee0, 0x000002657c276268]
Event: 1.129 Thread 0x000002651532fcd0 nmethod 1350 0x000002657c276410 code [0x000002657c276620, 0x000002657c276b78]
Event: 1.129 Thread 0x00000265153289f0 1352       1       java.util.stream.StreamOpFlag::isKnown (19 bytes)
Event: 1.129 Thread 0x00000265153289f0 nmethod 1352 0x000002657c276f10 code [0x000002657c2770a0, 0x000002657c277178]
Event: 1.129 Thread 0x000002651532fcd0 1353       1       java.lang.Class::searchMethods (104 bytes)

GC Heap History (2 events):
Event: 1.013 GC heap before
{Heap before GC invocations=0 (full 0):
 garbage-first heap   total 524288K, used 24576K [0x0000000601400000, 0x0000000800000000)
  region size 4096K, 6 young (24576K), 0 survivors (0K)
 Metaspace       used 5399K, committed 5568K, reserved 1114112K
  class space    used 670K, committed 768K, reserved 1048576K
}
Event: 1.017 GC heap after
{Heap after GC invocations=1 (full 0):
 garbage-first heap   total 524288K, used 9561K [0x0000000601400000, 0x0000000800000000)
  region size 4096K, 1 young (4096K), 1 survivors (4096K)
 Metaspace       used 5399K, committed 5568K, reserved 1114112K
  class space    used 670K, committed 768K, reserved 1048576K
}

Deoptimization events (18 events):
Event: 0.967 Thread 0x0000026572a709a0 DEOPT PACKING pc=0x000002657c2058d0 sp=0x000000c58c9fc630
Event: 0.967 Thread 0x0000026572a709a0 DEOPT UNPACKING pc=0x000002657bdf2b43 sp=0x000000c58c9fbb68 mode 3
Event: 0.987 Thread 0x0000026572a709a0 DEOPT PACKING pc=0x000002657c1c905c sp=0x000000c58c9fe770
Event: 0.987 Thread 0x0000026572a709a0 DEOPT UNPACKING pc=0x000002657bdf2b43 sp=0x000000c58c9fdc60 mode 1
Event: 1.063 Thread 0x0000026572a709a0 DEOPT PACKING pc=0x000002657c2372e4 sp=0x000000c58c9fe2f0
Event: 1.063 Thread 0x0000026572a709a0 DEOPT UNPACKING pc=0x000002657bdf2b43 sp=0x000000c58c9fd788 mode 1
Event: 1.063 Thread 0x0000026572a709a0 DEOPT PACKING pc=0x000002657c235b7c sp=0x000000c58c9fe3c0
Event: 1.063 Thread 0x0000026572a709a0 DEOPT UNPACKING pc=0x000002657bdf2b43 sp=0x000000c58c9fd878 mode 1
Event: 1.063 Thread 0x0000026572a709a0 DEOPT PACKING pc=0x000002657c1c905c sp=0x000000c58c9fed50
Event: 1.063 Thread 0x0000026572a709a0 DEOPT UNPACKING pc=0x000002657bdf2b43 sp=0x000000c58c9fe240 mode 1
Event: 1.108 Thread 0x0000026572a709a0 DEOPT PACKING pc=0x000002657c2372e4 sp=0x000000c58c9fd450
Event: 1.108 Thread 0x0000026572a709a0 DEOPT UNPACKING pc=0x000002657bdf2b43 sp=0x000000c58c9fc8e8 mode 1
Event: 1.108 Thread 0x0000026572a709a0 DEOPT PACKING pc=0x000002657c235b7c sp=0x000000c58c9fd520
Event: 1.108 Thread 0x0000026572a709a0 DEOPT UNPACKING pc=0x000002657bdf2b43 sp=0x000000c58c9fc9d8 mode 1
Event: 1.108 Thread 0x0000026572a709a0 DEOPT PACKING pc=0x000002657c1c905c sp=0x000000c58c9fdeb0
Event: 1.108 Thread 0x0000026572a709a0 DEOPT UNPACKING pc=0x000002657bdf2b43 sp=0x000000c58c9fd3a0 mode 1
Event: 1.116 Thread 0x000002655b11ac40 DEOPT PACKING pc=0x000002657c1c905c sp=0x000000c58ebfdf10
Event: 1.116 Thread 0x000002655b11ac40 DEOPT UNPACKING pc=0x000002657bdf2b43 sp=0x000000c58ebfd400 mode 1

Classes unloaded (0 events):
No events

Classes redefined (0 events):
No events

Internal exceptions (20 events):
Event: 0.624 Thread 0x0000026572a709a0 Exception <a 'java/lang/NoSuchMethodError'{0x00000006206e5e28}: 'java.lang.Object java.lang.invoke.Invokers$Holder.linkToTargetMethod(java.lang.Object, long, java.lang.Object, java.lang.Object)'> (0x00000006206e5e28) 
thrown [s\open\src\hotspot\share\interpreter\linkResolver.cpp, line 759]
Event: 0.637 Thread 0x0000026572a709a0 Exception <a 'java/lang/ClassNotFoundException'{0x000000062071b728}: javax/smartcardio/CardPermission> (0x000000062071b728) 
thrown [s\open\src\hotspot\share\classfile\systemDictionary.cpp, line 256]
Event: 0.640 Thread 0x0000026572a709a0 Exception <a 'java/io/FileNotFoundException'{0x000000062072abe8}> (0x000000062072abe8) 
thrown [s\open\src\hotspot\share\prims\jni.cpp, line 516]
Event: 0.697 Thread 0x0000026572a709a0 Exception <a 'java/lang/NoSuchMethodError'{0x0000000620126828}: 'java.lang.Object java.lang.invoke.DirectMethodHandle$Holder.invokeStaticInit(java.lang.Object)'> (0x0000000620126828) 
thrown [s\open\src\hotspot\share\interpreter\linkResolver.cpp, line 759]
Event: 0.713 Thread 0x0000026572a709a0 Exception <a 'java/lang/NoSuchMethodError'{0x00000006201bbfa0}: 'int java.lang.invoke.DirectMethodHandle$Holder.invokeInterface(java.lang.Object, java.lang.Object)'> (0x00000006201bbfa0) 
thrown [s\open\src\hotspot\share\interpreter\linkResolver.cpp, line 759]
Event: 0.713 Thread 0x0000026572a709a0 Exception <a 'java/lang/IncompatibleClassChangeError'{0x00000006201bf5a0}: Found class java.lang.Object, but interface was expected> (0x00000006201bf5a0) 
thrown [s\open\src\hotspot\share\interpreter\linkResolver.cpp, line 826]
Event: 0.714 Thread 0x0000026572a709a0 Exception <a 'java/lang/NoSuchMethodError'{0x00000006201c5810}: 'void java.lang.invoke.DirectMethodHandle$Holder.invokeStatic(java.lang.Object, java.lang.Object)'> (0x00000006201c5810) 
thrown [s\open\src\hotspot\share\interpreter\linkResolver.cpp, line 759]
Event: 0.753 Thread 0x0000026572a709a0 Exception <a 'java/lang/NoSuchMethodError'{0x00000006202f89a0}: 'int java.lang.invoke.DirectMethodHandle$Holder.invokeSpecial(java.lang.Object, java.lang.Object, java.lang.Object)'> (0x00000006202f89a0) 
thrown [s\open\src\hotspot\share\interpreter\linkResolver.cpp, line 759]
Event: 0.806 Thread 0x0000026572a709a0 Exception <a 'java/lang/NoSuchMethodError'{0x000000061fc721c8}: 'void java.lang.invoke.DirectMethodHandle$Holder.invokeStatic(java.lang.Object, java.lang.Object, java.lang.Object)'> (0x000000061fc721c8) 
thrown [s\open\src\hotspot\share\interpreter\linkResolver.cpp, line 759]
Event: 0.817 Thread 0x0000026572a709a0 Exception <a 'java/lang/NoSuchMethodError'{0x000000061fcd1998}: 'int java.lang.invoke.DirectMethodHandle$Holder.invokeSpecialIFC(java.lang.Object, java.lang.Object, java.lang.Object)'> (0x000000061fcd1998) 
thrown [s\open\src\hotspot\share\interpreter\linkResolver.cpp, line 759]
Event: 0.845 Thread 0x0000026572a709a0 Exception <a 'java/lang/NoSuchMethodError'{0x000000061fda9b18}: 'java.lang.Object java.lang.invoke.DirectMethodHandle$Holder.invokeStaticInit(java.lang.Object, int, int, int, int)'> (0x000000061fda9b18) 
thrown [s\open\src\hotspot\share\interpreter\linkResolver.cpp, line 759]
Event: 0.971 Thread 0x0000026572a709a0 Exception <a 'java/lang/NoSuchMethodError'{0x000000061feff5e8}: 'java.lang.Object java.lang.invoke.DirectMethodHandle$Holder.invokeStaticInit(java.lang.Object, java.lang.Object, int, int, int, int)'> (0x000000061feff5e8) 
thrown [s\open\src\hotspot\share\interpreter\linkResolver.cpp, line 759]
Event: 0.987 Thread 0x0000026572a709a0 Exception <a 'java/lang/ClassNotFoundException'{0x000000061ff39568}: javax/management/remote/rmi/RMIServerImpl_Skel> (0x000000061ff39568) 
thrown [s\open\src\hotspot\share\classfile\systemDictionary.cpp, line 256]
Event: 1.068 Thread 0x0000026572a709a0 Exception <a 'java/lang/NoSuchMethodError'{0x0000000620c1e770}: 'void java.lang.invoke.DirectMethodHandle$Holder.invokeStatic(java.lang.Object, java.lang.Object, java.lang.Object, java.lang.Object)'> (0x0000000620c1e770) 
thrown [s\open\src\hotspot\share\interpreter\linkResolver.cpp, line 759]
Event: 1.109 Thread 0x000002655b11ac40 Exception <a 'java/lang/NoSuchMethodError'{0x0000000620e66618}: static [B.<clinit>()V> (0x0000000620e66618) 
thrown [s\open\src\hotspot\share\prims\jni.cpp, line 1107]
Event: 1.110 Thread 0x0000026572a709a0 Exception <a 'java/lang/NoSuchMethodError'{0x0000000620ea5480}: 'int java.lang.invoke.DirectMethodHandle$Holder.invokeStaticInit(java.lang.Object, java.lang.Object)'> (0x0000000620ea5480) 
thrown [s\open\src\hotspot\share\interpreter\linkResolver.cpp, line 759]
Event: 1.113 Thread 0x0000026572a709a0 Exception <a 'java/lang/NoSuchMethodError'{0x0000000620ebf0e8}: 'void java.lang.invoke.DirectMethodHandle$Holder.invokeInterface(java.lang.Object, java.lang.Object, java.lang.Object, java.lang.Object)'> (0x0000000620ebf0e8) 
thrown [s\open\src\hotspot\share\interpreter\linkResolver.cpp, line 759]
Event: 1.116 Thread 0x000002655b1323a0 Exception <a 'java/lang/NoSuchMethodError'{0x0000000620f48928}: 'java.lang.Object java.lang.invoke.Invokers$Holder.linkToTargetMethod(java.lang.Object, long, java.lang.Object)'> (0x0000000620f48928) 
thrown [s\open\src\hotspot\share\interpreter\linkResolver.cpp, line 759]
Event: 1.116 Thread 0x000002655b11ac40 Exception <a 'java/lang/ClassNotFoundException'{0x0000000620f29568}: javax/management/remote/rmi/RMIConnectionImpl_Skel> (0x0000000620f29568) 
thrown [s\open\src\hotspot\share\classfile\systemDictionary.cpp, line 256]
Event: 1.124 Thread 0x000002655b11ac40 Exception <a 'java/lang/reflect/InvocationTargetException'{0x0000000620ff2760}> (0x0000000620ff2760) 
thrown [s\open\src\hotspot\share\runtime\reflection.cpp, line 1121]

VM Operations (20 events):
Event: 0.830 Executing VM operation: HandshakeAllThreads
Event: 0.830 Executing VM operation: HandshakeAllThreads done
Event: 1.012 Executing VM operation: HandshakeAllThreads
Event: 1.012 Executing VM operation: HandshakeAllThreads done
Event: 1.013 Executing VM operation: G1CollectForAllocation
Event: 1.017 Executing VM operation: G1CollectForAllocation done
Event: 1.020 Executing VM operation: ChangeBreakpoints
Event: 1.020 Executing VM operation: ChangeBreakpoints done
Event: 1.021 Executing VM operation: ChangeBreakpoints
Event: 1.021 Executing VM operation: ChangeBreakpoints done
Event: 1.021 Executing VM operation: ChangeBreakpoints
Event: 1.022 Executing VM operation: ChangeBreakpoints done
Event: 1.022 Executing VM operation: ChangeBreakpoints
Event: 1.022 Executing VM operation: ChangeBreakpoints done
Event: 1.023 Executing VM operation: ChangeBreakpoints
Event: 1.023 Executing VM operation: ChangeBreakpoints done
Event: 1.047 Executing VM operation: HandshakeAllThreads
Event: 1.047 Executing VM operation: HandshakeAllThreads done
Event: 1.115 Executing VM operation: HandshakeAllThreads
Event: 1.115 Executing VM operation: HandshakeAllThreads done

Events (20 events):
Event: 1.123 loading class org/springframework/core/annotation/RepeatableContainers$StandardRepeatableContainers done
Event: 1.123 loading class javax/management/MalformedObjectNameException done
Event: 1.123 loading class javax/management/remote/rmi/RMIConnectionImpl$PrivilegedOperation
Event: 1.123 loading class javax/management/remote/rmi/RMIConnectionImpl$PrivilegedOperation done
Event: 1.123 loading class org/springframework/core/annotation/AnnotationFilter
Event: 1.123 loading class org/springframework/core/annotation/AnnotationFilter done
Event: 1.123 loading class java/security/PrivilegedActionException
Event: 1.123 loading class java/security/PrivilegedActionException done
Event: 1.124 loading class org/springframework/core/annotation/PackagesAnnotationFilter
Event: 1.124 loading class org/springframework/core/annotation/PackagesAnnotationFilter done
Event: 1.124 loading class java/io/PrintWriter
Event: 1.125 loading class java/io/PrintWriter done
Event: 1.125 loading class java/lang/Throwable$PrintStreamOrWriter
Event: 1.125 loading class java/lang/Throwable$PrintStreamOrWriter done
Event: 1.126 loading class org/springframework/core/annotation/AnnotationFilter$1
Event: 1.126 loading class org/springframework/core/annotation/AnnotationFilter$1 done
Event: 1.127 loading class org/springframework/core/annotation/AnnotationFilter$2
Event: 1.127 loading class org/springframework/core/annotation/AnnotationFilter$2 done
Event: 1.128 loading class org/springframework/core/annotation/MergedAnnotations$Search
Event: 1.128 loading class org/springframework/core/annotation/MergedAnnotations$Search done


Dynamic libraries:
0x00007ff6c6e90000 - 0x00007ff6c6ea0000 	C:\Program Files\Java\jdk-17\bin\java.exe
0x00007ffcf3d20000 - 0x00007ffcf3f0e000 	C:\Windows\SYSTEM32\ntdll.dll
0x00007ffcf3a20000 - 0x00007ffcf3ad3000 	C:\Windows\System32\KERNEL32.DLL
0x00007ffcf0c10000 - 0x00007ffcf0ead000 	C:\Windows\System32\KERNELBASE.dll
0x00007ffcefda0000 - 0x00007ffcefe9a000 	C:\Windows\System32\ucrtbase.dll
0x00007ffcd5700000 - 0x00007ffcd571b000 	C:\Program Files\Java\jdk-17\bin\VCRUNTIME140.dll
0x00007ffcd5660000 - 0x00007ffcd5679000 	C:\Program Files\Java\jdk-17\bin\jli.dll
0x00007ffcf2630000 - 0x00007ffcf26d8000 	C:\Windows\System32\ADVAPI32.dll
0x00007ffcf2e40000 - 0x00007ffcf2ede000 	C:\Windows\System32\msvcrt.dll
0x00007ffcf3ae0000 - 0x00007ffcf3b82000 	C:\Windows\System32\sechost.dll
0x00007ffcf0f40000 - 0x00007ffcf105e000 	C:\Windows\System32\RPCRT4.dll
0x00007ffcf00f0000 - 0x00007ffcf0116000 	C:\Windows\System32\bcrypt.dll
0x00007ffcf26f0000 - 0x00007ffcf2887000 	C:\Windows\System32\USER32.dll
0x00007ffcf0bf0000 - 0x00007ffcf0c10000 	C:\Windows\System32\win32u.dll
0x00007ffcf39f0000 - 0x00007ffcf3a19000 	C:\Windows\System32\GDI32.dll
0x00007ffcefea0000 - 0x00007ffcf004a000 	C:\Windows\System32\gdi32full.dll
0x00007ffcf0050000 - 0x00007ffcf00f0000 	C:\Windows\System32\msvcp_win.dll
0x00007ffcde0f0000 - 0x00007ffcde369000 	C:\Windows\WinSxS\amd64_microsoft.windows.common-controls_6595b64144ccf1df_6.0.17763.5329_none_de6f1d32534d4c59\COMCTL32.dll
0x00007ffcf30e0000 - 0x00007ffcf340b000 	C:\Windows\System32\combase.dll
0x00007ffcf0eb0000 - 0x00007ffcf0f32000 	C:\Windows\System32\bcryptPrimitives.dll
0x00007ffcefa70000 - 0x00007ffcefa7a000 	C:\Windows\SYSTEM32\VERSION.dll
0x00007ffcf3410000 - 0x00007ffcf343e000 	C:\Windows\System32\IMM32.DLL
0x000000005b390000 - 0x000000005b39d000 	C:\Program Files (x86)\360\360Safe\safemon\SafeWrapper.dll
0x00007ffcda2e0000 - 0x00007ffcda38c000 	C:\Program Files (x86)\360\360Safe\safemon\libzdtp64.dll
0x00007ffcf1130000 - 0x00007ffcf2628000 	C:\Windows\System32\SHELL32.dll
0x00007ffcf0a90000 - 0x00007ffcf0ada000 	C:\Windows\System32\cfgmgr32.dll
0x00007ffcf38e0000 - 0x00007ffcf3987000 	C:\Windows\System32\shcore.dll
0x00007ffcf0140000 - 0x00007ffcf0887000 	C:\Windows\System32\windows.storage.dll
0x00007ffcefd70000 - 0x00007ffcefd93000 	C:\Windows\System32\profapi.dll
0x00007ffcefcd0000 - 0x00007ffcefd2d000 	C:\Windows\System32\powrprof.dll
0x00007ffcf3c10000 - 0x00007ffcf3c62000 	C:\Windows\System32\shlwapi.dll
0x00007ffcefd50000 - 0x00007ffcefd61000 	C:\Windows\System32\kernel.appcore.dll
0x00007ffcf0120000 - 0x00007ffcf013b000 	C:\Windows\System32\cryptsp.dll
0x00007ffcd5040000 - 0x00007ffcd504c000 	C:\Program Files\Java\jdk-17\bin\vcruntime140_1.dll
0x00007ffc99710000 - 0x00007ffc9979e000 	C:\Program Files\Java\jdk-17\bin\msvcp140.dll
0x00007ffc98b20000 - 0x00007ffc99701000 	C:\Program Files\Java\jdk-17\bin\server\jvm.dll
0x00007ffcf3c70000 - 0x00007ffcf3c78000 	C:\Windows\System32\PSAPI.DLL
0x00007ffcd83f0000 - 0x00007ffcd83f9000 	C:\Windows\SYSTEM32\WSOCK32.dll
0x00007ffcedad0000 - 0x00007ffcedaf4000 	C:\Windows\SYSTEM32\WINMM.dll
0x00007ffcf3c80000 - 0x00007ffcf3ced000 	C:\Windows\System32\WS2_32.dll
0x00007ffced980000 - 0x00007ffced9ad000 	C:\Windows\SYSTEM32\winmmbase.dll
0x00007ffcd3990000 - 0x00007ffcd399a000 	C:\Program Files\Java\jdk-17\bin\jimage.dll
0x00007ffcef520000 - 0x00007ffcef70d000 	C:\Windows\SYSTEM32\DBGHELP.DLL
0x00007ffcef4f0000 - 0x00007ffcef51a000 	C:\Windows\SYSTEM32\dbgcore.DLL
0x00007ffcd6bf0000 - 0x00007ffcd6c2b000 	C:\Program Files\Java\jdk-17\bin\jdwp.dll
0x00007ffcd6280000 - 0x00007ffcd628e000 	C:\Program Files\Java\jdk-17\bin\instrument.dll
0x00007ffc98af0000 - 0x00007ffc98b15000 	C:\Program Files\Java\jdk-17\bin\java.dll
0x00007ffccb360000 - 0x00007ffccb378000 	C:\Program Files\Java\jdk-17\bin\zip.dll
0x00007ffc98a10000 - 0x00007ffc98ae7000 	C:\Program Files\Java\jdk-17\bin\jsvml.dll
0x00007ffcec110000 - 0x00007ffcec11c000 	C:\Program Files\Java\jdk-17\bin\dt_socket.dll
0x00007ffcef210000 - 0x00007ffcef24d000 	C:\Windows\SYSTEM32\IPHLPAPI.DLL
0x00007ffceef70000 - 0x00007ffceefd7000 	C:\Windows\system32\mswsock.dll
0x00007ffcce4f0000 - 0x00007ffcce509000 	C:\Program Files\Java\jdk-17\bin\net.dll
0x00007ffce27c0000 - 0x00007ffce28bd000 	C:\Windows\SYSTEM32\WINHTTP.dll
0x00007ffccca60000 - 0x00007ffccca76000 	C:\Program Files\Java\jdk-17\bin\nio.dll
0x00007ffceece0000 - 0x00007ffceeda6000 	C:\Windows\SYSTEM32\DNSAPI.dll
0x00007ffcf26e0000 - 0x00007ffcf26e8000 	C:\Windows\System32\NSI.dll
0x00007ffce1e80000 - 0x00007ffce1e8a000 	C:\Windows\System32\rasadhlp.dll
0x00007ffce2380000 - 0x00007ffce23f9000 	C:\Windows\System32\fwpuclnt.dll
0x00007ffcbac00000 - 0x00007ffcbac0a000 	C:\Program Files\Java\jdk-17\bin\management.dll
0x00007ffcbaab0000 - 0x00007ffcbaabb000 	C:\Program Files\Java\jdk-17\bin\management_ext.dll
0x00007ffceeb50000 - 0x00007ffceeb83000 	C:\Windows\system32\rsaenh.dll
0x00007ffcefbd0000 - 0x00007ffcefbf9000 	C:\Windows\SYSTEM32\USERENV.dll
0x00007ffcef140000 - 0x00007ffcef14c000 	C:\Windows\SYSTEM32\CRYPTBASE.dll
0x00007ffce8c10000 - 0x00007ffce8c26000 	C:\Windows\SYSTEM32\dhcpcsvc6.DLL
0x00007ffce86b0000 - 0x00007ffce86cc000 	C:\Windows\SYSTEM32\dhcpcsvc.DLL
0x00007ffcead10000 - 0x00007ffcead26000 	C:\Windows\system32\napinsp.dll
0x00007ffceacf0000 - 0x00007ffcead0a000 	C:\Windows\system32\pnrpnsp.dll
0x00007ffceac50000 - 0x00007ffceac5e000 	C:\Windows\System32\winrnr.dll
0x00007ffcebfc0000 - 0x00007ffcebfdb000 	C:\Windows\system32\NLAapi.dll
0x00007ffce7140000 - 0x00007ffce7155000 	C:\Windows\system32\wshbth.dll

dbghelp: loaded successfully - version: 4.0.5 - missing functions: none
symbol engine: initialized successfully - sym options: 0x614 - pdb path: .;C:\Program Files\Java\jdk-17\bin;C:\Windows\SYSTEM32;C:\Windows\WinSxS\amd64_microsoft.windows.common-controls_6595b64144ccf1df_6.0.17763.5329_none_de6f1d32534d4c59;C:\Program Files (x86)\360\360Safe\safemon;C:\Program Files\Java\jdk-17\bin\server

VM Arguments:
jvm_args: -agentlib:jdwp=transport=dt_socket,address=127.0.0.1:57118,suspend=y,server=n -XX:TieredStopAtLevel=1 -Dspring.output.ansi.enabled=always -Dcom.sun.management.jmxremote -Dspring.jmx.enabled=true -Dspring.liveBeansView.mbeanDomain -Dspring.application.admin.enabled=true -Dmanagement.endpoints.jmx.exposure.include=* -javaagent:C:\Users\SXRBS\AppData\Local\JetBrains\IntelliJIdea2023.3\captureAgent\debugger-agent.jar=file:/C:/Users/SXRBS/AppData/Local/Temp/capture.props -Dfile.encoding=GBK 
java_command: com.sqds.SqdsbackApplication
java_class_path (initial): K:\mywork\springjwtstudy\sqdsback\build\classes\java\main;K:\mywork\springjwtstudy\sqdsback\build\resources\main;C:\Users\SXRBS\.gradle\caches\modules-2\files-2.1\org.projectlombok\lombok\1.18.30\f195ee86e6c896ea47a1d39defbe20eb59cd149d\lombok-1.18.30.jar;C:\Users\SXRBS\.gradle\caches\modules-2\files-2.1\org.springframework.boot\spring-boot-starter-data-redis\3.2.0\59a9a4674277151840f7c8711c3c254cdb7d949d\spring-boot-starter-data-redis-3.2.0.jar;C:\Users\SXRBS\.gradle\caches\modules-2\files-2.1\com.squareup.okhttp3\okhttp\4.12.0\2f4525d4a200e97e1b87449c2cd9bd2e25b7e8cd\okhttp-4.12.0.jar;C:\Users\SXRBS\.gradle\caches\modules-2\files-2.1\org.json\json\20220320\6df2c050972619466f6dcef7654ef9bcc01dfd0\json-20220320.jar;C:\Users\SXRBS\.gradle\caches\modules-2\files-2.1\org.springframework.boot\spring-boot-starter-security\3.2.0\c692cc94ac3b5bfa9eb47fa04afa5b570a5b24b2\spring-boot-starter-security-3.2.0.jar;C:\Users\SXRBS\.gradle\caches\modules-2\files-2.1\org.springframework.boot\spring-boot-starter-data-jpa\3.2.0\6a8ad077a37f8a0cef6949dcfd91a9b2115cade\spring-boot-starter-data-jpa-3.2.0.jar;C:\Users\SXRBS\.gradle\caches\modules-2\files-2.1\org.springframework.boot\spring-boot-starter-web\3.2.0\e609f839e7c2ff9c90bc75d7c05dbcbb19315319\spring-boot-starter-web-3.2.0.jar;C:\Users\SXRBS\.gradle\caches\modules-2\files-2.1\org.springframework.boot\spring-boot-starter-cache\3.2.0\bcdd3dd28886f772a8d514006764479912a77f9e\spring-boot-starter-cache-3.2.0.jar;C:\Users\SXRBS\.gradle\caches\modules-2\files-2.1\org.springframework.modulith\spring-modulith-starter-jpa\1.1.2\ccdf062f35f888210e6d11dbc872639c60d2bc73\spring-modulith-starter-jpa-1.1.2.jar;C:\Users\SXRBS\.gradle\caches\modules-2\files-2.1\org.springframework.modulith\spring-modulith-starter-core\1.1.2\2f910ab9b3d6d5c6cacddefbc634d9f96a96dde7\spring-modulith-starter-core-1.1.2.jar;C:\Users\SXRBS\.gradle\caches\modules-2\files-2.1\org.springframework.boot\spring-boot-configuration-processor\3.2.0\
Launcher Type: SUN_STANDARD

[Global flags]
     intx CICompilerCount                          = 4                                         {product} {ergonomic}
     uint ConcGCThreads                            = 2                                         {product} {ergonomic}
     uint G1ConcRefinementThreads                  = 8                                         {product} {ergonomic}
   size_t G1HeapRegionSize                         = 4194304                                   {product} {ergonomic}
    uintx GCDrainStackTargetSize                   = 64                                        {product} {ergonomic}
   size_t InitialHeapSize                          = 536870912                                 {product} {ergonomic}
     bool ManagementServer                         = true                                      {product} {command line}
   size_t MarkStackSize                            = 4194304                                   {product} {ergonomic}
   size_t MaxHeapSize                              = 8568963072                                {product} {ergonomic}
   size_t MaxNewSize                               = 5138022400                                {product} {ergonomic}
   size_t MinHeapDeltaBytes                        = 4194304                                   {product} {ergonomic}
   size_t MinHeapSize                              = 8388608                                   {product} {ergonomic}
    uintx NonProfiledCodeHeapSize                  = 0                                      {pd product} {ergonomic}
     bool ProfileInterpreter                       = false                                  {pd product} {command line}
    uintx ProfiledCodeHeapSize                     = 0                                      {pd product} {ergonomic}
   size_t SoftMaxHeapSize                          = 8568963072                             {manageable} {ergonomic}
     intx TieredStopAtLevel                        = 1                                         {product} {command line}
     bool UseCompressedClassPointers               = true                           {product lp64_product} {ergonomic}
     bool UseCompressedOops                        = true                           {product lp64_product} {ergonomic}
     bool UseG1GC                                  = true                                      {product} {ergonomic}
     bool UseLargePagesIndividualAllocation        = false                                  {pd product} {ergonomic}

Logging:
Log output configuration:
 #0: stdout all=warning uptime,level,tags
 #1: stderr all=off uptime,level,tags

Environment Variables:
JAVA_HOME=C:\Program Files\Java\jdk-17
PATH=C:\Program Files\Common Files\Oracle\Java\javapath;C:\Windows\system32;C:\Windows;C:\Windows\System32\Wbem;C:\Windows\System32\WindowsPowerShell\v1.0\;C:\Windows\System32\OpenSSH\;C:\Program Files\Java\jdk-17\bin;C:\Program Files\nodejs\;C:\Program Files\Redis;C:\Program Files\Microsoft SQL Server\150\Tools\Binn\;C:\Program Files\Microsoft SQL Server\Client SDK\ODBC\170\Tools\Binn\;C:\Program Files\dotnet\;C:\Program Files (x86)\Microsoft SQL Server\160\DTS\Binn\;C:\Program Files\Azure Data Studio\bin;C:\Program Files (x86)\NetSarang\Xshell 7\;C:\Program Files (x86)\NetSarang\Xftp 7\;C:\Users\SXRBS\AppData\Local\Microsoft\WindowsApps;C:\Users\SXRBS\AppData\Roaming\npm;C:\Users\SXRBS\.dotnet\tools;C:\Program Files\Azure Data Studio\bin;C:\Users\SXRBS\AppData\Local\Programs\Microsoft VS Code\bin
USERNAME=SXRBS
OS=Windows_NT
PROCESSOR_IDENTIFIER=Intel64 Family 6 Model 158 Stepping 9, GenuineIntel



---------------  S Y S T E M  ---------------

OS:
 Windows 10 , 64 bit Build 17763 (10.0.17763.4974)
OS uptime: 1 days 18:57 hours

CPU: total 8 (initial active 8) (4 cores per cpu, 2 threads per core) family 6 model 158 stepping 9 microcode 0x8e, cx8, cmov, fxsr, ht, mmx, 3dnowpref, sse, sse2, sse3, ssse3, sse4.1, sse4.2, popcnt, lzcnt, tsc, tscinvbit, avx, avx2, aes, erms, clmul, bmi1, bmi2, rtm, adx, fma, vzeroupper, clflush, clflushopt

Memory: 4k page, system-wide physical 32674M (8785M free)
TotalPageFile size 65442M (AvailPageFile size 36728M)
current process WorkingSet (physical memory assigned to process): 90M, peak: 90M
current process commit charge ("private bytes"): 629M, peak: 629M

vm_info: Java HotSpot(TM) 64-Bit Server VM (17.0.9+11-LTS-201) for windows-amd64 JRE (17.0.9+11-LTS-201), built on Oct 10 2023 23:16:06 by "mach5one" with MS VC++ 17.1 (VS2022)

END.
