#
# A fatal error has been detected by the Java Runtime Environment:
#
#  EXCEPTION_ACCESS_VIOLATION (0xc0000005) at pc=0x00007ffee7d262a9, pid=20172, tid=16464
#
# JRE version: Java(TM) SE Runtime Environment (17.0.9+11) (build 17.0.9+11-LTS-201)
# Java VM: Java HotSpot(TM) 64-Bit Server VM (17.0.9+11-LTS-201, mixed mode, emulated-client, sharing, tiered, compressed oops, compressed class ptrs, g1 gc, windows-amd64)
# Problematic frame:
# V  [jvm.dll+0x3062a9]
#
# No core dump will be written. Minidumps are not enabled by default on client versions of Windows
#
# If you would like to submit a bug report, please visit:
#   https://bugreport.java.com/bugreport/crash.jsp
#

---------------  S U M M A R Y ------------

Command Line: -agentlib:jdwp=transport=dt_socket,address=127.0.0.1:61909,suspend=y,server=n -XX:TieredStopAtLevel=1 -Dspring.output.ansi.enabled=always -Dcom.sun.management.jmxremote -Dspring.jmx.enabled=true -Dspring.liveBeansView.mbeanDomain -Dspring.application.admin.enabled=true -Dmanagement.endpoints.jmx.exposure.include=* -javaagent:C:\Users\SXRBS\AppData\Local\JetBrains\IntelliJIdea2023.3\captureAgent\debugger-agent.jar=file:/C:/Users/SXRBS/AppData/Local/Temp/capture.props -Dfile.encoding=UTF-8 com.sqds.SqdsbackApplication

Host: Intel(R) Core(TM) i7-7700 CPU @ 3.60GHz, 8 cores, 31G,  Windows 10 , 64 bit Build 17763 (10.0.17763.4974)
Time: Sat Dec 30 08:58:20 2023 中国标准时间 elapsed time: 326.271316 seconds (0d 0h 5m 26s)

---------------  T H R E A D  ---------------

Current thread (0x0000022bbb980d00):  GCTaskThread "GC Thread#0" [stack: 0x0000008e64600000,0x0000008e64700000] [id=16464]

Stack: [0x0000008e64600000,0x0000008e64700000],  sp=0x0000008e646ff3f0,  free space=1020k
Native frames: (J=compiled Java code, j=interpreted, Vv=VM code, C=native code)
V  [jvm.dll+0x3062a9]
V  [jvm.dll+0x302fee]
V  [jvm.dll+0x311823]
V  [jvm.dll+0x31370b]
V  [jvm.dll+0x311e3d]
V  [jvm.dll+0x3132aa]
V  [jvm.dll+0x2ddc93]
V  [jvm.dll+0x2df55b]
V  [jvm.dll+0x807b5b]
V  [jvm.dll+0x807ba6]
V  [jvm.dll+0x78998a]
V  [jvm.dll+0x677875]
C  [ucrtbase.dll+0x2268a]
C  [KERNEL32.DLL+0x17ac4]
C  [ntdll.dll+0x5a4e1]


siginfo: EXCEPTION_ACCESS_VIOLATION (0xc0000005), reading address 0x0000000000000400


Register to memory mapping:

RIP=0x00007ffee7d262a9 jvm.dll
RAX=0x0 is NULL
RBX=0x0000000604fa8cf9 is pointing into object: java.lang.reflect.Field 
{0x0000000604fa8cc8} - klass: 'java/lang/reflect/Field'
 - ---- fields (total size 9 words):
 - 'override' 'Z' @12  false
 - volatile 'accessCheckCache' 'Ljava/lang/Object;' @16  NULL (0)
 - private 'trustedFinal' 'Z' @13  false
 - private 'slot' 'I' @20  4
 - private 'modifiers' 'I' @24  2
 - private 'clazz' 'Ljava/lang/Class;' @28  a 'java/lang/Class'{0x00000006048b9d00} = 'com/sqds/ufdataManager/model/ufdata/Department' (c09173a0)
 - private 'name' 'Ljava/lang/String;' @32  "bDepEnd"{0x0000000602836298} (c0506c53)
 - private 'type' 'Ljava/lang/Class;' @36  a 'java/lang/Class'{0x00000006018f15b8} = boolean (c031e2b7)
 - private transient 'signature' 'Ljava/lang/String;' @40  NULL (0)
 - private transient 'genericInfo' 'Lsun/reflect/generics/repository/FieldRepository;' @44  NULL (0)
 - private 'annotations' '[B' @48  
[error occurred during error reporting (printing register info), id 0xc0000005, EXCEPTION_ACCESS_VIOLATION (0xc0000005) at pc=0x00007ffee7daf7ce]

Registers:
RAX=0x0000000000000000, RBX=0x0000000604fa8cf9, RCX=0x0000000000000016, RDX=0x0000000000000000
RSP=0x0000008e646ff3f0, RBP=0x00000000000028b1, RSI=0x0000000604fa8cf8, RDI=0x0000022bd1e2a6b0
R8 =0x0000000604fa8cc8, R9 =0x00000006048b9d00, R10=0x0000000000000400, R11=0x00007fff259a15c3
R12=0x0000008e646ff650, R13=0x0000022bb047be10, R14=0x0000000000000040, R15=0x0000000000000000
RIP=0x00007ffee7d262a9, EFLAGS=0x0000000000010246

Top of Stack: (sp=0x0000008e646ff3f0)
0x0000008e646ff3f0:   00000006071c0000 0000000000000100
0x0000008e646ff400:   0000022b00000000 0000000000000021
0x0000008e646ff410:   0000022bbcb0d5c0 0000000000000002
0x0000008e646ff420:   0000000000000080 0000008e646ff650
0x0000008e646ff430:   0000000602ebba00 00007ffee7d22fee
0x0000008e646ff440:   0000000602c14c00 0000022bd1e2a6b0
0x0000008e646ff450:   0000022bb047be10 0000022bbcb0d5c0
0x0000008e646ff460:   00000000c277257d 000001117424b2d6
0x0000008e646ff470:   0000008e646ff650 0000000602ebba00
0x0000008e646ff480:   0000000602ebbe28 00007ffee7d31823
0x0000008e646ff490:   0000000602ebba00 0000008e646ff4b0
0x0000008e646ff4a0:   0000008e646ff4c0 0000008e646ff650
0x0000008e646ff4b0:   0000000602ebba00 0000000000000080
0x0000008e646ff4c0:   00007ffee8320dc8 0000000000000000
0x0000008e646ff4d0:   0000022bb0472560 0000022bd1e2a6b0
0x0000008e646ff4e0:   0000022bbcb0d600 00007ffee7d3370b 

Instructions: (pc=0x00007ffee7d262a9)
0x00007ffee7d261a9:   ff 48 8d 53 fe 48 8b cf e8 5a f4 ff ff e9 35 fd
0x00007ffee7d261b9:   ff ff 0f 1f 44 00 00 48 8b 77 10 8b ae 80 00 00
0x00007ffee7d261c9:   00 8b cd 8b 86 00 01 00 00 2b c8 81 e1 ff ff 01
0x00007ffee7d261d9:   00 41 3b ce 0f 86 e9 02 00 00 ff cd 81 e5 ff ff
0x00007ffee7d261e9:   01 00 89 ae 80 00 00 00 e8 1a 3b 36 00 90 8b d5
0x00007ffee7d261f9:   8b 86 00 01 00 00 8b cd 48 8b 9e 80 01 00 00 2b
0x00007ffee7d26209:   c8 81 e1 ff ff 01 00 81 f9 ff ff 01 00 48 8b 1c
0x00007ffee7d26219:   eb 41 0f 44 cf 85 c9 75 3d 90 89 6c 24 50 48 8b
0x00007ffee7d26229:   86 00 01 00 00 48 8b c8 48 c1 e9 20 ff c1 89 4c
0x00007ffee7d26239:   24 54 3b e8 0f 85 77 02 00 00 48 c1 e1 20 48 0b
0x00007ffee7d26249:   ca f0 48 0f b1 8e 00 01 00 00 0f 85 61 02 00 00
0x00007ffee7d26259:   8b 86 00 01 00 00 f6 c3 01 0f 84 2f 01 00 00 8b
0x00007ffee7d26269:   0d 4a c0 79 00 48 8d 73 ff 48 8b 47 08 44 8b 16
0x00007ffee7d26279:   49 d3 e2 4c 03 15 2d c0 79 00 8b 88 90 05 00 00
0x00007ffee7d26289:   49 8b d2 48 8b 80 80 05 00 00 48 d3 ea 0f b7 14
0x00007ffee7d26299:   50 0f b7 c2 66 c1 e8 08 84 c0 0f 88 17 ff ff ff
0x00007ffee7d262a9:   4d 8b 02 41 0f b6 c0 24 03 3c 03 75 1e 44 38 3d
0x00007ffee7d262b9:   88 3c 80 00 74 0f 41 0f b6 c0 24 07 3c 05 75 05
0x00007ffee7d262c9:   4d 8b c7 eb 17 49 83 e0 fc eb 11 4d 8b c8 48 8b
0x00007ffee7d262d9:   cf 4d 8b c2 e8 6e ee ff ff 4c 8b c0 8b 0d cd bf
0x00007ffee7d262e9:   79 00 49 8b d0 48 2b 15 bb bf 79 00 48 d3 ea 89
0x00007ffee7d262f9:   16 49 8b d0 8b 0d ed 44 80 00 48 33 d6 48 d3 ea
0x00007ffee7d26309:   48 85 d2 0f 84 ae fe ff ff 48 8b 47 08 48 8b d6
0x00007ffee7d26319:   8b 88 c0 01 00 00 48 8b 80 b0 01 00 00 48 d3 ea
0x00007ffee7d26329:   48 8b 0c d0 8b 81 94 00 00 00 d1 e8 a8 01 0f 85
0x00007ffee7d26339:   83 fe ff ff 48 8b 47 08 8b 88 90 05 00 00 48 8b
0x00007ffee7d26349:   80 80 05 00 00 49 d3 e8 46 38 3c 40 0f 84 65 fe
0x00007ffee7d26359:   ff ff 48 8b 47 60 48 c1 ee 09 48 8b 58 40 48 8b
0x00007ffee7d26369:   48 38 48 03 de 48 2b d9 48 39 9f b0 01 00 00 0f
0x00007ffee7d26379:   84 42 fe ff ff 48 8d 14 0b 48 8d 4f 18 e8 65 40
0x00007ffee7d26389:   00 00 48 89 9f b0 01 00 00 e9 29 fe ff ff f6 c3
0x00007ffee7d26399:   03 0f 85 09 01 00 00 48 8b 47 08 4c 8b 13 49 8b 


Stack slot to memory mapping:
stack at sp + 0 slots: 0x00000006071c0000 is pointing into object: java.util.HashMap$Node 
{0x00000006071bffe8} - klass: 'java/util/HashMap$Node'
 - ---- fields (total size 4 words):
 - final 'hash' 'I' @12  1852973844 (6e722314)
 - final 'key' 'Ljava/lang/Object;' @16  "truncate"{0x00000006071c0008} (c0e38001)
 - 'value' 'Ljava/lang/Object;' @20  a 'java/lang/Object'{0x00000006018da6a0} (c031b4d4)
 - 'next' 'Ljava/util/HashMap$Node;' @24  NULL (0)
stack at sp + 1 slots: 0x0000000000000100 is an unknown value
stack at sp + 2 slots: 0x0000022b00000000 is an unknown value
stack at sp + 3 slots: 0x0000000000000021 is an unknown value
stack at sp + 4 slots: 0x0000022bbcb0d5c0 points into unknown readable memory: 0xffffffffffffffff | ff ff ff ff ff ff ff ff
stack at sp + 5 slots: 0x0000000000000002 is an unknown value
stack at sp + 6 slots: 0x0000000000000080 is an unknown value
stack at sp + 7 slots: 0x0000008e646ff650 points into unknown readable memory: 0x00007ffee8320fb8 | b8 0f 32 e8 fe 7f 00 00


---------------  P R O C E S S  ---------------

Threads class SMR info:
_java_thread_list=0x0000022bd1c23ff0, length=32, elements={
0x0000022bbbace570, 0x0000022bbbacf3f0, 0x0000022bbbae38b0, 0x0000022bbbae4730,
0x0000022bbbae66d0, 0x0000022bbbae9470, 0x0000022bbbaf5980, 0x0000022bd14553b0,
0x0000022bbbab8540, 0x0000022bd1585ff0, 0x0000022bd15a7d70, 0x0000022bd15a8eb0,
0x0000022bd1e1d350, 0x0000022bd1f0aff0, 0x0000022c1732d560, 0x0000022bd1c9ce50,
0x0000022bd1c9ecb0, 0x0000022bd1c996a0, 0x0000022bd1530f00, 0x0000022bd1c99bb0,
0x0000022bd1c9f1c0, 0x0000022bd1c9e290, 0x0000022bd1c9d870, 0x0000022bd1c9fbe0,
0x0000022bd1c9a0c0, 0x0000022c1f032b70, 0x0000022c1f033090, 0x0000022bd1c9a5d0,
0x0000022bd1c9aae0, 0x0000022bd1c9f6d0, 0x0000022bd1c98770, 0x0000022bd1c9c430
}

Java Threads: ( => current thread )
  0x0000022bbbace570 JavaThread "Reference Handler" daemon [_thread_blocked, id=12100, stack(0x0000008e64c00000,0x0000008e64d00000)]
  0x0000022bbbacf3f0 JavaThread "Finalizer" daemon [_thread_blocked, id=20868, stack(0x0000008e64d00000,0x0000008e64e00000)]
  0x0000022bbbae38b0 JavaThread "Signal Dispatcher" daemon [_thread_blocked, id=10828, stack(0x0000008e64e00000,0x0000008e64f00000)]
  0x0000022bbbae4730 JavaThread "Attach Listener" daemon [_thread_blocked, id=13668, stack(0x0000008e64f00000,0x0000008e65000000)]
  0x0000022bbbae66d0 JavaThread "Service Thread" daemon [_thread_blocked, id=12912, stack(0x0000008e65000000,0x0000008e65100000)]
  0x0000022bbbae9470 JavaThread "Monitor Deflation Thread" daemon [_thread_blocked, id=11804, stack(0x0000008e65100000,0x0000008e65200000)]
  0x0000022bbbaf5980 JavaThread "C1 CompilerThread0" daemon [_thread_blocked, id=9492, stack(0x0000008e65200000,0x0000008e65300000)]
  0x0000022bd14553b0 JavaThread "Sweeper thread" daemon [_thread_blocked, id=17884, stack(0x0000008e65300000,0x0000008e65400000)]
  0x0000022bbbab8540 JavaThread "Common-Cleaner" daemon [_thread_blocked, id=19280, stack(0x0000008e65400000,0x0000008e65500000)]
  0x0000022bd1585ff0 JavaThread "JDWP Transport Listener: dt_socket" daemon [_thread_blocked, id=14644, stack(0x0000008e65800000,0x0000008e65900000)]
  0x0000022bd15a7d70 JavaThread "JDWP Event Helper Thread" daemon [_thread_blocked, id=10728, stack(0x0000008e65900000,0x0000008e65a00000)]
  0x0000022bd15a8eb0 JavaThread "JDWP Command Reader" daemon [_thread_in_native, id=14668, stack(0x0000008e65a00000,0x0000008e65b00000)]
  0x0000022bd1e1d350 JavaThread "Notification Thread" daemon [_thread_blocked, id=12184, stack(0x0000008e65b00000,0x0000008e65c00000)]
  0x0000022bd1f0aff0 JavaThread "RMI TCP Accept-0" daemon [_thread_in_native, id=19192, stack(0x0000008e65c00000,0x0000008e65d00000)]
  0x0000022c1732d560 JavaThread "RMI Scheduler(0)" daemon [_thread_blocked, id=18136, stack(0x0000008e66a00000,0x0000008e66b00000)]
  0x0000022bd1c9ce50 JavaThread "Live Reload Server" daemon [_thread_in_native, id=19432, stack(0x0000008e67900000,0x0000008e67a00000)]
  0x0000022bd1c9ecb0 JavaThread "DestroyJavaVM" [_thread_blocked, id=22776, stack(0x0000008e64500000,0x0000008e64600000)]
  0x0000022bd1c996a0 JavaThread "Thread-5" [_thread_blocked, id=16612, stack(0x0000008e64300000,0x0000008e64400000)]
  0x0000022bd1530f00 JavaThread "C1 CompilerThread1" daemon [_thread_blocked, id=6660, stack(0x0000008e65500000,0x0000008e65600000)]
  0x0000022bd1c99bb0 JavaThread "File Watcher" daemon [_thread_blocked, id=18656, stack(0x0000008e64400000,0x0000008e64500000)]
  0x0000022bd1c9f1c0 JavaThread "restartedMain" [_thread_blocked, id=16420, stack(0x0000008e65600000,0x0000008e65700000)]
  0x0000022bd1c9e290 JavaThread "mssql-jdbc-shared-timer-core-1" daemon [_thread_blocked, id=7092, stack(0x0000008e65700000,0x0000008e65800000)]
  0x0000022bd1c9d870 JavaThread "HikariPool-3 housekeeper" daemon [_thread_blocked, id=10904, stack(0x0000008e66700000,0x0000008e66800000)]
  0x0000022bd1c9fbe0 JavaThread "HikariPool-3 connection adder" daemon [_thread_blocked, id=17308, stack(0x0000008e66800000,0x0000008e66900000)]
  0x0000022bd1c9a0c0 JavaThread "HikariPool-4 housekeeper" daemon [_thread_blocked, id=7716, stack(0x0000008e66900000,0x0000008e66a00000)]
  0x0000022c1f032b70 JavaThread "C1 CompilerThread2" daemon [_thread_blocked, id=17284, stack(0x0000008e66c00000,0x0000008e66d00000)]
  0x0000022c1f033090 JavaThread "C1 CompilerThread3" daemon [_thread_blocked, id=1020, stack(0x0000008e66e00000,0x0000008e66f00000)]
  0x0000022bd1c9a5d0 JavaThread "HikariPool-4 connection adder" daemon [_thread_blocked, id=10436, stack(0x0000008e66f00000,0x0000008e67000000)]
  0x0000022bd1c9aae0 JavaThread "Catalina-utility-1" [_thread_blocked, id=3064, stack(0x0000008e67000000,0x0000008e67100000)]
  0x0000022bd1c9f6d0 JavaThread "Catalina-utility-2" [_thread_blocked, id=20460, stack(0x0000008e67100000,0x0000008e67200000)]
  0x0000022bd1c98770 JavaThread "container-0" [_thread_blocked, id=13476, stack(0x0000008e67200000,0x0000008e67300000)]
  0x0000022bd1c9c430 JavaThread "lettuce-timer-8-1" daemon [_thread_blocked, id=13436, stack(0x0000008e67300000,0x0000008e67400000)]

Other Threads:
  0x0000022bbbac6570 VMThread "VM Thread" [stack: 0x0000008e64b00000,0x0000008e64c00000] [id=9368]
  0x0000022bb04af210 WatcherThread [stack: 0x0000008e65d00000,0x0000008e65e00000] [id=9400]
=>0x0000022bbb980d00 GCTaskThread "GC Thread#0" [stack: 0x0000008e64600000,0x0000008e64700000] [id=16464]
  0x0000022bd1ef9360 GCTaskThread "GC Thread#1" [stack: 0x0000008e65e00000,0x0000008e65f00000] [id=6256]
  0x0000022bd1f5aaa0 GCTaskThread "GC Thread#2" [stack: 0x0000008e65f00000,0x0000008e66000000] [id=21288]
  0x0000022bd1f05760 GCTaskThread "GC Thread#3" [stack: 0x0000008e66000000,0x0000008e66100000] [id=10304]
  0x0000022bd1f5e9e0 GCTaskThread "GC Thread#4" [stack: 0x0000008e66100000,0x0000008e66200000] [id=13464]
  0x0000022bd1f93630 GCTaskThread "GC Thread#5" [stack: 0x0000008e66200000,0x0000008e66300000] [id=9232]
  0x0000022bd1f938f0 GCTaskThread "GC Thread#6" [stack: 0x0000008e66300000,0x0000008e66400000] [id=17708]
  0x0000022bd1f93bb0 GCTaskThread "GC Thread#7" [stack: 0x0000008e66400000,0x0000008e66500000] [id=23756]
  0x0000022bb047e940 ConcurrentGCThread "G1 Main Marker" [stack: 0x0000008e64700000,0x0000008e64800000] [id=18124]
  0x0000022bb04a2320 ConcurrentGCThread "G1 Conc#0" [stack: 0x0000008e64800000,0x0000008e64900000] [id=15156]
  0x0000022c179f28a0 ConcurrentGCThread "G1 Conc#1" [stack: 0x0000008e66b00000,0x0000008e66c00000] [id=10764]
  0x0000022bb04cdfe0 ConcurrentGCThread "G1 Refine#0" [stack: 0x0000008e64900000,0x0000008e64a00000] [id=3960]
  0x0000022bd1f605d0 ConcurrentGCThread "G1 Refine#1" [stack: 0x0000008e66500000,0x0000008e66600000] [id=11476]
  0x0000022bd1f64160 ConcurrentGCThread "G1 Refine#2" [stack: 0x0000008e66600000,0x0000008e66700000] [id=22556]
  0x0000022bb04cea10 ConcurrentGCThread "G1 Service" [stack: 0x0000008e64a00000,0x0000008e64b00000] [id=2564]

Threads with active compile tasks:

VM state: at safepoint (normal execution)

VM Mutex/Monitor currently owned by a thread:  ([mutex/lock_event])
[0x0000022bb045dee0] Threads_lock - owner thread: 0x0000022bbbac6570
[0x0000022bb045dca0] Heap_lock - owner thread: 0x0000022bd1c9f1c0

Heap address: 0x0000000601400000, size: 8172 MB, Compressed Oops mode: Zero based, Oop shift amount: 3

CDS archive(s) mapped at: [0x0000022bd2000000-0x0000022bd2bd0000-0x0000022bd2bd0000), size 12386304, SharedBaseAddress: 0x0000022bd2000000, ArchiveRelocationMode: 1.
Compressed class space mapped at: 0x0000022bd3000000-0x0000022c13000000, reserved size: 1073741824
Narrow klass base: 0x0000022bd2000000, Narrow klass shift: 0, Narrow klass range: 0x100000000

GC Precious Log:
 CPUs: 8 total, 8 available
 Memory: 32674M
 Large Page Support: Disabled
 NUMA Support: Disabled
 Compressed Oops: Enabled (Zero based)
 Heap Region Size: 4M
 Heap Min Capacity: 8M
 Heap Initial Capacity: 512M
 Heap Max Capacity: 8172M
 Pre-touch: Disabled
 Parallel Workers: 8
 Concurrent Workers: 2
 Concurrent Refinement Workers: 8
 Periodic GC: Disabled

Heap:
 garbage-first heap   total 192512K, used 154675K [0x0000000601400000, 0x0000000800000000)
  region size 4096K, 24 young (98304K), 2 survivors (8192K)
 Metaspace       used 99879K, committed 100736K, reserved 1179648K
  class space    used 14078K, committed 14528K, reserved 1048576K

Heap Regions: E=young(eden), S=young(survivor), O=old, HS=humongous(starts), HC=humongous(continues), CS=collection set, F=free, OA=open archive, CA=closed archive, TAMS=top-at-mark-start (previous, next)
|   0|0x0000000601400000, 0x0000000601800000, 0x0000000601800000|100%| O|  |TAMS 0x0000000601800000, 0x0000000601400000| Untracked 
|   1|0x0000000601800000, 0x0000000601c00000, 0x0000000601c00000|100%| O|  |TAMS 0x0000000601c00000, 0x0000000601800000| Untracked 
|   2|0x0000000601c00000, 0x0000000602000000, 0x0000000602000000|100%| O|  |TAMS 0x0000000601c00000, 0x0000000601c00000| Untracked 
|   3|0x0000000602000000, 0x00000006023ffff0, 0x0000000602400000| 99%| O|  |TAMS 0x0000000602000000, 0x0000000602000000| Untracked 
|   4|0x0000000602400000, 0x00000006027fff88, 0x0000000602800000| 99%| O|  |TAMS 0x0000000602400000, 0x0000000602400000| Untracked 
|   5|0x0000000602800000, 0x0000000602bffff8, 0x0000000602c00000| 99%| O|  |TAMS 0x0000000602800000, 0x0000000602800000| Untracked 
|   6|0x0000000602c00000, 0x0000000602fffe80, 0x0000000603000000| 99%| O|  |TAMS 0x0000000602c00000, 0x0000000602c00000| Untracked 
|   7|0x0000000603000000, 0x00000006033ff420, 0x0000000603400000| 99%| O|  |TAMS 0x0000000603000000, 0x0000000603000000| Untracked 
|   8|0x0000000603400000, 0x00000006036626c8, 0x0000000603800000| 59%| O|  |TAMS 0x0000000603400000, 0x0000000603400000| Untracked 
|   9|0x0000000603800000, 0x0000000603ae3208, 0x0000000603c00000| 72%| O|  |TAMS 0x0000000603800000, 0x0000000603800000| Untracked 
|  10|0x0000000603c00000, 0x0000000603ecea60, 0x0000000604000000| 70%| O|  |TAMS 0x0000000603c00000, 0x0000000603c00000| Untracked 
|  11|0x0000000604000000, 0x0000000604321620, 0x0000000604400000| 78%| O|  |TAMS 0x0000000604000000, 0x0000000604000000| Untracked 
|  12|0x0000000604400000, 0x000000060473e828, 0x0000000604800000| 81%| O|  |TAMS 0x0000000604400000, 0x0000000604400000| Untracked 
|  13|0x0000000604800000, 0x0000000604c00000, 0x0000000604c00000|100%| O|  |TAMS 0x0000000604800000, 0x0000000604800000| Untracked 
|  14|0x0000000604c00000, 0x0000000605000000, 0x0000000605000000|100%| O|  |TAMS 0x0000000604c00000, 0x0000000604c00000| Untracked 
|  15|0x0000000605000000, 0x0000000605400000, 0x0000000605400000|100%| O|  |TAMS 0x0000000605000000, 0x0000000605000000| Untracked 
|  16|0x0000000605400000, 0x00000006054067c8, 0x0000000605800000|  0%| O|  |TAMS 0x0000000605400000, 0x0000000605400000| Untracked 
|  17|0x0000000605800000, 0x0000000605800000, 0x0000000605c00000|  0%| F|  |TAMS 0x0000000605800000, 0x0000000605800000| Untracked 
|  18|0x0000000605c00000, 0x0000000605c00000, 0x0000000606000000|  0%| F|  |TAMS 0x0000000605c00000, 0x0000000605c00000| Untracked 
|  19|0x0000000606000000, 0x0000000606000000, 0x0000000606400000|  0%| F|  |TAMS 0x0000000606000000, 0x0000000606000000| Untracked 
|  20|0x0000000606400000, 0x0000000606575d10, 0x0000000606800000| 36%| S|  |TAMS 0x0000000606400000, 0x0000000606400000| Complete 
|  21|0x0000000606800000, 0x0000000606c00000, 0x0000000606c00000|100%| S|  |TAMS 0x0000000606800000, 0x0000000606800000| Complete 
|  22|0x0000000606c00000, 0x0000000606f64260, 0x0000000607000000| 84%| E|CS|TAMS 0x0000000606c00000, 0x0000000606c00000| Complete 
|  23|0x0000000607000000, 0x0000000607400000, 0x0000000607400000|100%| E|CS|TAMS 0x0000000607000000, 0x0000000607000000| Complete 
|  24|0x0000000607400000, 0x0000000607800000, 0x0000000607800000|100%| E|CS|TAMS 0x0000000607400000, 0x0000000607400000| Complete 
|  25|0x0000000607800000, 0x0000000607c00000, 0x0000000607c00000|100%| E|CS|TAMS 0x0000000607800000, 0x0000000607800000| Complete 
|  26|0x0000000607c00000, 0x0000000608000000, 0x0000000608000000|100%| E|CS|TAMS 0x0000000607c00000, 0x0000000607c00000| Complete 
|  27|0x0000000608000000, 0x0000000608400000, 0x0000000608400000|100%| E|CS|TAMS 0x0000000608000000, 0x0000000608000000| Complete 
|  28|0x0000000608400000, 0x0000000608800000, 0x0000000608800000|100%| E|CS|TAMS 0x0000000608400000, 0x0000000608400000| Complete 
|  29|0x0000000608800000, 0x0000000608c00000, 0x0000000608c00000|100%| E|CS|TAMS 0x0000000608800000, 0x0000000608800000| Complete 
|  30|0x0000000608c00000, 0x0000000609000000, 0x0000000609000000|100%| E|CS|TAMS 0x0000000608c00000, 0x0000000608c00000| Complete 
|  31|0x0000000609000000, 0x0000000609400000, 0x0000000609400000|100%| E|CS|TAMS 0x0000000609000000, 0x0000000609000000| Complete 
|  32|0x0000000609400000, 0x0000000609800000, 0x0000000609800000|100%| E|CS|TAMS 0x0000000609400000, 0x0000000609400000| Complete 
|  33|0x0000000609800000, 0x0000000609c00000, 0x0000000609c00000|100%| E|CS|TAMS 0x0000000609800000, 0x0000000609800000| Complete 
|  34|0x0000000609c00000, 0x000000060a000000, 0x000000060a000000|100%| E|CS|TAMS 0x0000000609c00000, 0x0000000609c00000| Complete 
|  35|0x000000060a000000, 0x000000060a400000, 0x000000060a400000|100%| E|CS|TAMS 0x000000060a000000, 0x000000060a000000| Complete 
|  36|0x000000060a400000, 0x000000060a800000, 0x000000060a800000|100%| E|CS|TAMS 0x000000060a400000, 0x000000060a400000| Complete 
|  37|0x000000060a800000, 0x000000060ac00000, 0x000000060ac00000|100%| E|CS|TAMS 0x000000060a800000, 0x000000060a800000| Complete 
|  38|0x000000060ac00000, 0x000000060b000000, 0x000000060b000000|100%| E|CS|TAMS 0x000000060ac00000, 0x000000060ac00000| Complete 
|  39|0x000000060b000000, 0x000000060b400000, 0x000000060b400000|100%| E|CS|TAMS 0x000000060b000000, 0x000000060b000000| Complete 
|  40|0x000000060b400000, 0x000000060b800000, 0x000000060b800000|100%| E|CS|TAMS 0x000000060b400000, 0x000000060b400000| Complete 
|  41|0x000000060b800000, 0x000000060bc00000, 0x000000060bc00000|100%| E|CS|TAMS 0x000000060b800000, 0x000000060b800000| Complete 
|  42|0x000000060bc00000, 0x000000060c000000, 0x000000060c000000|100%| E|CS|TAMS 0x000000060bc00000, 0x000000060bc00000| Complete 
|  43|0x000000060c000000, 0x000000060c400000, 0x000000060c400000|100%| E|CS|TAMS 0x000000060c000000, 0x000000060c000000| Complete 
|  44|0x000000060c400000, 0x000000060c800000, 0x000000060c800000|100%| E|CS|TAMS 0x000000060c400000, 0x000000060c400000| Complete 
|  45|0x000000060c800000, 0x000000060cc00000, 0x000000060cc00000|100%| E|CS|TAMS 0x000000060c800000, 0x000000060c800000| Complete 
|  61|0x0000000610800000, 0x0000000610af29b0, 0x0000000610c00000| 73%| O|  |TAMS 0x0000000610800000, 0x0000000610800000| Untracked 

Card table byte_map: [0x0000022bbcb00000,0x0000022bbdb00000] _byte_map_base: 0x0000022bb9af6000

Marking Bits (Prev, Next): (CMBitMap*) 0x0000022bb04907a0, (CMBitMap*) 0x0000022bb04907e0
 Prev Bits: [0x0000022bbeb00000, 0x0000022bc6ab0000)
 Next Bits: [0x0000022bc6ab0000, 0x0000022bcea60000)

Polling page: 0x0000022baebb0000

Metaspace:

Usage:
  Non-class:     83.79 MB used.
      Class:     13.75 MB used.
       Both:     97.54 MB used.

Virtual space:
  Non-class space:      128.00 MB reserved,      84.19 MB ( 66%) committed,  2 nodes.
      Class space:        1.00 GB reserved,      14.19 MB (  1%) committed,  1 nodes.
             Both:        1.13 GB reserved,      98.38 MB (  9%) committed. 

Chunk freelists:
   Non-Class:  11.51 MB
       Class:  1.72 MB
        Both:  13.23 MB

MaxMetaspaceSize: unlimited
CompressedClassSpaceSize: 1.00 GB
Initial GC threshold: 21.00 MB
Current GC threshold: 160.56 MB
CDS: on
MetaspaceReclaimPolicy: balanced
 - commit_granule_bytes: 65536.
 - commit_granule_words: 8192.
 - virtual_space_node_default_size: 8388608.
 - enlarge_chunks_in_place: 1.
 - new_chunks_are_fully_committed: 0.
 - uncommit_free_chunks: 1.
 - use_allocation_guard: 0.
 - handle_deallocations: 1.


Internal statistics:

num_allocs_failed_limit: 9.
num_arena_births: 1422.
num_arena_deaths: 12.
num_vsnodes_births: 3.
num_vsnodes_deaths: 0.
num_space_committed: 1574.
num_space_uncommitted: 0.
num_chunks_returned_to_freelist: 27.
num_chunks_taken_from_freelist: 5142.
num_chunk_merges: 9.
num_chunk_splits: 3706.
num_chunks_enlarged: 2773.
num_inconsistent_stats: 0.

CodeCache: size=49152Kb used=24918Kb max_used=24918Kb free=24233Kb
 bounds [0x0000022bb8010000, 0x0000022bb9870000, 0x0000022bbb010000]
 total_blobs=13705 nmethods=12897 adapters=731
 compilation: enabled
              stopped_count=0, restarted_count=0
 full_count=0

Compilation events (20 events):
Event: 326.130 Thread 0x0000022bd1530f00 13039       1       org.springframework.web.servlet.mvc.method.RequestMappingInfo::getActivePatternsCondition (32 bytes)
Event: 326.130 Thread 0x0000022bd1530f00 nmethod 13039 0x0000022bb9860190 code [0x0000022bb9860340, 0x0000022bb98604e8]
Event: 326.153 Thread 0x0000022c1f032b70 13040       1       org.springframework.core.annotation.AnnotationUtils::getAnnotation (67 bytes)
Event: 326.153 Thread 0x0000022bd1530f00 13041       1       org.springframework.core.annotation.AnnotationUtils$$Lambda$858/0x0000022bd3502d08::test (8 bytes)
Event: 326.153 Thread 0x0000022bd1530f00 nmethod 13041 0x0000022bb9860590 code [0x0000022bb9860720, 0x0000022bb98608a8]
Event: 326.154 Thread 0x0000022c1f032b70 nmethod 13040 0x0000022bb9860990 code [0x0000022bb9860c20, 0x0000022bb98614c8]
Event: 326.182 Thread 0x0000022bd1530f00 13042   !   1       sun.nio.fs.WindowsDirectoryStream::iterator (66 bytes)
Event: 326.182 Thread 0x0000022c1f033090 13043       1       sun.nio.fs.WindowsDirectoryStream$WindowsDirectoryIterator::<init> (73 bytes)
Event: 326.182 Thread 0x0000022bbbaf5980 13044       1       sun.nio.fs.WindowsPath::needsSlashWhenResolving (37 bytes)
Event: 326.182 Thread 0x0000022bd1530f00 nmethod 13042 0x0000022bb9861a10 code [0x0000022bb9861c00, 0x0000022bb9862008]
Event: 326.182 Thread 0x0000022bbbaf5980 nmethod 13044 0x0000022bb9862210 code [0x0000022bb98623c0, 0x0000022bb9862588]
Event: 326.183 Thread 0x0000022c1f033090 nmethod 13043 0x0000022bb9862710 code [0x0000022bb9862900, 0x0000022bb9862e58]
Event: 326.190 Thread 0x0000022c1f032b70 13045   !   1       jdk.proxy2.$Proxy61::annotationType (29 bytes)
Event: 326.190 Thread 0x0000022c1f032b70 nmethod 13045 0x0000022bb9863110 code [0x0000022bb98632e0, 0x0000022bb9863538]
Event: 326.222 Thread 0x0000022c1f033090 13046       1       java.util.concurrent.ConcurrentHashMap$TreeBin::rotateRight (91 bytes)
Event: 326.223 Thread 0x0000022c1f033090 nmethod 13046 0x0000022bb9863690 code [0x0000022bb9863840, 0x0000022bb9863c38]
Event: 326.235 Thread 0x0000022bd1530f00 13047       1       java.util.concurrent.ConcurrentHashMap$TreeBin::rotateLeft (91 bytes)
Event: 326.236 Thread 0x0000022bd1530f00 nmethod 13047 0x0000022bb9863d90 code [0x0000022bb9863f40, 0x0000022bb9864338]
Event: 326.236 Thread 0x0000022bd1530f00 13048   !   1       java.util.concurrent.ConcurrentHashMap$TreeBin::putTreeVal (371 bytes)
Event: 326.237 Thread 0x0000022bd1530f00 nmethod 13048 0x0000022bb9864490 code [0x0000022bb9864700, 0x0000022bb98654f8]

GC Heap History (20 events):
Event: 47.873 GC heap after
{Heap after GC invocations=27 (full 0):
 garbage-first heap   total 303104K, used 60189K [0x0000000601400000, 0x0000000800000000)
  region size 4096K, 3 young (12288K), 3 survivors (12288K)
 Metaspace       used 97036K, committed 97920K, reserved 1179648K
  class space    used 13739K, committed 14208K, reserved 1048576K
}
Event: 48.182 GC heap before
{Heap before GC invocations=27 (full 0):
 garbage-first heap   total 303104K, used 228125K [0x0000000601400000, 0x0000000800000000)
  region size 4096K, 44 young (180224K), 3 survivors (12288K)
 Metaspace       used 97036K, committed 97920K, reserved 1179648K
  class space    used 13739K, committed 14208K, reserved 1048576K
}
Event: 48.189 GC heap after
{Heap after GC invocations=28 (full 0):
 garbage-first heap   total 606208K, used 59464K [0x0000000601400000, 0x0000000800000000)
  region size 4096K, 3 young (12288K), 3 survivors (12288K)
 Metaspace       used 97036K, committed 97920K, reserved 1179648K
  class space    used 13739K, committed 14208K, reserved 1048576K
}
Event: 194.133 GC heap before
{Heap before GC invocations=28 (full 0):
 garbage-first heap   total 606208K, used 407624K [0x0000000601400000, 0x0000000800000000)
  region size 4096K, 88 young (360448K), 3 survivors (12288K)
 Metaspace       used 97591K, committed 98496K, reserved 1179648K
  class space    used 13817K, committed 14272K, reserved 1048576K
}
Event: 194.139 GC heap after
{Heap after GC invocations=29 (full 0):
 garbage-first heap   total 606208K, used 58638K [0x0000000601400000, 0x0000000800000000)
  region size 4096K, 3 young (12288K), 3 survivors (12288K)
 Metaspace       used 97591K, committed 98496K, reserved 1179648K
  class space    used 13817K, committed 14272K, reserved 1048576K
}
Event: 318.786 GC heap before
{Heap before GC invocations=29 (full 0):
 garbage-first heap   total 606208K, used 107790K [0x0000000601400000, 0x0000000800000000)
  region size 4096K, 16 young (65536K), 3 survivors (12288K)
 Metaspace       used 97824K, committed 98624K, reserved 1179648K
  class space    used 13868K, committed 14272K, reserved 1048576K
}
Event: 318.846 GC heap after
{Heap after GC invocations=30 (full 1):
 garbage-first heap   total 192512K, used 50583K [0x0000000601400000, 0x0000000800000000)
  region size 4096K, 0 young (0K), 0 survivors (0K)
 Metaspace       used 97804K, committed 98624K, reserved 1179648K
  class space    used 13865K, committed 14272K, reserved 1048576K
}
Event: 323.271 GC heap before
{Heap before GC invocations=30 (full 1):
 garbage-first heap   total 192512K, used 157079K [0x0000000601400000, 0x0000000800000000)
  region size 4096K, 26 young (106496K), 0 survivors (0K)
 Metaspace       used 98801K, committed 99648K, reserved 1179648K
  class space    used 13983K, committed 14400K, reserved 1048576K
}
Event: 323.275 GC heap after
{Heap after GC invocations=31 (full 1):
 garbage-first heap   total 192512K, used 56164K [0x0000000601400000, 0x0000000800000000)
  region size 4096K, 2 young (8192K), 2 survivors (8192K)
 Metaspace       used 98801K, committed 99648K, reserved 1179648K
  class space    used 13983K, committed 14400K, reserved 1048576K
}
Event: 323.771 GC heap before
{Heap before GC invocations=31 (full 1):
 garbage-first heap   total 192512K, used 154468K [0x0000000601400000, 0x0000000800000000)
  region size 4096K, 26 young (106496K), 2 survivors (8192K)
 Metaspace       used 98932K, committed 99776K, reserved 1179648K
  class space    used 13995K, committed 14400K, reserved 1048576K
}
Event: 323.775 GC heap after
{Heap after GC invocations=32 (full 1):
 garbage-first heap   total 192512K, used 57595K [0x0000000601400000, 0x0000000800000000)
  region size 4096K, 2 young (8192K), 2 survivors (8192K)
 Metaspace       used 98932K, committed 99776K, reserved 1179648K
  class space    used 13995K, committed 14400K, reserved 1048576K
}
Event: 325.072 GC heap before
{Heap before GC invocations=32 (full 1):
 garbage-first heap   total 192512K, used 155899K [0x0000000601400000, 0x0000000800000000)
  region size 4096K, 26 young (106496K), 2 survivors (8192K)
 Metaspace       used 99299K, committed 100160K, reserved 1179648K
  class space    used 14037K, committed 14464K, reserved 1048576K
}
Event: 325.078 GC heap after
{Heap after GC invocations=33 (full 1):
 garbage-first heap   total 192512K, used 61367K [0x0000000601400000, 0x0000000800000000)
  region size 4096K, 3 young (12288K), 3 survivors (12288K)
 Metaspace       used 99299K, committed 100160K, reserved 1179648K
  class space    used 14037K, committed 14464K, reserved 1048576K
}
Event: 325.373 GC heap before
{Heap before GC invocations=33 (full 1):
 garbage-first heap   total 192512K, used 147383K [0x0000000601400000, 0x0000000800000000)
  region size 4096K, 25 young (102400K), 3 survivors (12288K)
 Metaspace       used 99500K, committed 100352K, reserved 1179648K
  class space    used 14052K, committed 14464K, reserved 1048576K
}
Event: 325.377 GC heap after
{Heap after GC invocations=34 (full 1):
 garbage-first heap   total 192512K, used 62815K [0x0000000601400000, 0x0000000800000000)
  region size 4096K, 2 young (8192K), 2 survivors (8192K)
 Metaspace       used 99500K, committed 100352K, reserved 1179648K
  class space    used 14052K, committed 14464K, reserved 1048576K
}
Event: 325.678 GC heap before
{Heap before GC invocations=34 (full 1):
 garbage-first heap   total 192512K, used 152927K [0x0000000601400000, 0x0000000800000000)
  region size 4096K, 24 young (98304K), 2 survivors (8192K)
 Metaspace       used 99604K, committed 100480K, reserved 1179648K
  class space    used 14059K, committed 14528K, reserved 1048576K
}
Event: 325.682 GC heap after
{Heap after GC invocations=35 (full 1):
 garbage-first heap   total 192512K, used 63523K [0x0000000601400000, 0x0000000800000000)
  region size 4096K, 2 young (8192K), 2 survivors (8192K)
 Metaspace       used 99604K, committed 100480K, reserved 1179648K
  class space    used 14059K, committed 14528K, reserved 1048576K
}
Event: 325.901 GC heap before
{Heap before GC invocations=35 (full 1):
 garbage-first heap   total 192512K, used 153635K [0x0000000601400000, 0x0000000800000000)
  region size 4096K, 24 young (98304K), 2 survivors (8192K)
 Metaspace       used 99776K, committed 100672K, reserved 1179648K
  class space    used 14070K, committed 14528K, reserved 1048576K
}
Event: 325.905 GC heap after
{Heap after GC invocations=36 (full 1):
 garbage-first heap   total 192512K, used 64563K [0x0000000601400000, 0x0000000800000000)
  region size 4096K, 2 young (8192K), 2 survivors (8192K)
 Metaspace       used 99776K, committed 100672K, reserved 1179648K
  class space    used 14070K, committed 14528K, reserved 1048576K
}
Event: 326.258 GC heap before
{Heap before GC invocations=36 (full 1):
 garbage-first heap   total 192512K, used 154675K [0x0000000601400000, 0x0000000800000000)
  region size 4096K, 24 young (98304K), 2 survivors (8192K)
 Metaspace       used 99879K, committed 100736K, reserved 1179648K
  class space    used 14078K, committed 14528K, reserved 1048576K
}

Deoptimization events (20 events):
Event: 326.251 Thread 0x0000022bd1c9f1c0 DEOPT PACKING pc=0x0000022bb87527cc sp=0x0000008e656f3110
Event: 326.251 Thread 0x0000022bd1c9f1c0 DEOPT UNPACKING pc=0x0000022bb8062b43 sp=0x0000008e656f26e0 mode 1
Event: 326.251 Thread 0x0000022bd1c9f1c0 DEOPT PACKING pc=0x0000022bb874f6b4 sp=0x0000008e656f2e20
Event: 326.251 Thread 0x0000022bd1c9f1c0 DEOPT UNPACKING pc=0x0000022bb8062b43 sp=0x0000008e656f2358 mode 1
Event: 326.251 Thread 0x0000022bd1c9f1c0 DEOPT PACKING pc=0x0000022bb87505dc sp=0x0000008e656f2f10
Event: 326.251 Thread 0x0000022bd1c9f1c0 DEOPT UNPACKING pc=0x0000022bb8062b43 sp=0x0000008e656f24c0 mode 1
Event: 326.251 Thread 0x0000022bd1c9f1c0 DEOPT PACKING pc=0x0000022bb87527cc sp=0x0000008e656f3080
Event: 326.251 Thread 0x0000022bd1c9f1c0 DEOPT UNPACKING pc=0x0000022bb8062b43 sp=0x0000008e656f2650 mode 1
Event: 326.252 Thread 0x0000022bd1c9f1c0 DEOPT PACKING pc=0x0000022bb874f6b4 sp=0x0000008e656f2eb0
Event: 326.252 Thread 0x0000022bd1c9f1c0 DEOPT UNPACKING pc=0x0000022bb8062b43 sp=0x0000008e656f23e8 mode 1
Event: 326.252 Thread 0x0000022bd1c9f1c0 DEOPT PACKING pc=0x0000022bb87505dc sp=0x0000008e656f2fa0
Event: 326.252 Thread 0x0000022bd1c9f1c0 DEOPT UNPACKING pc=0x0000022bb8062b43 sp=0x0000008e656f2550 mode 1
Event: 326.252 Thread 0x0000022bd1c9f1c0 DEOPT PACKING pc=0x0000022bb87527cc sp=0x0000008e656f3110
Event: 326.252 Thread 0x0000022bd1c9f1c0 DEOPT UNPACKING pc=0x0000022bb8062b43 sp=0x0000008e656f26e0 mode 1
Event: 326.253 Thread 0x0000022bd1c9f1c0 DEOPT PACKING pc=0x0000022bb874f6b4 sp=0x0000008e656f2eb0
Event: 326.253 Thread 0x0000022bd1c9f1c0 DEOPT UNPACKING pc=0x0000022bb8062b43 sp=0x0000008e656f23e8 mode 1
Event: 326.253 Thread 0x0000022bd1c9f1c0 DEOPT PACKING pc=0x0000022bb87505dc sp=0x0000008e656f2fa0
Event: 326.253 Thread 0x0000022bd1c9f1c0 DEOPT UNPACKING pc=0x0000022bb8062b43 sp=0x0000008e656f2550 mode 1
Event: 326.253 Thread 0x0000022bd1c9f1c0 DEOPT PACKING pc=0x0000022bb87527cc sp=0x0000008e656f3110
Event: 326.253 Thread 0x0000022bd1c9f1c0 DEOPT UNPACKING pc=0x0000022bb8062b43 sp=0x0000008e656f26e0 mode 1

Classes unloaded (6 events):
Event: 318.804 Thread 0x0000022bbbac6570 Unloading class 0x0000022bd3ad1800 'jdk/internal/reflect/GeneratedSerializationConstructorAccessor23'
Event: 318.804 Thread 0x0000022bbbac6570 Unloading class 0x0000022bd3ad0c00 'jdk/internal/reflect/GeneratedSerializationConstructorAccessor22'
Event: 318.804 Thread 0x0000022bbbac6570 Unloading class 0x0000022bd3ad0000 'jdk/internal/reflect/GeneratedSerializationConstructorAccessor21'
Event: 318.804 Thread 0x0000022bbbac6570 Unloading class 0x0000022bd3a4c000 'jdk/internal/reflect/GeneratedSerializationConstructorAccessor20'
Event: 318.804 Thread 0x0000022bbbac6570 Unloading class 0x0000022bd3a41400 'jdk/internal/reflect/GeneratedSerializationConstructorAccessor19'
Event: 318.804 Thread 0x0000022bbbac6570 Unloading class 0x0000022bd3a20000 'jdk/internal/reflect/GeneratedSerializationConstructorAccessor18'

Classes redefined (0 events):
No events

Internal exceptions (20 events):
Event: 323.184 Thread 0x0000022bd1c9f1c0 Exception <a 'java/lang/ArrayIndexOutOfBoundsException'{0x0000000607091dd0}> (0x0000000607091dd0) 
thrown [s\open\src\hotspot\share\runtime\sharedRuntime.cpp, line 631]
Event: 323.187 Thread 0x0000022bd1c9f1c0 Exception <a 'java/lang/ArrayIndexOutOfBoundsException'{0x00000006070cfd80}> (0x00000006070cfd80) 
thrown [s\open\src\hotspot\share\runtime\sharedRuntime.cpp, line 631]
Event: 323.187 Thread 0x0000022bd1c9f1c0 Exception <a 'java/lang/ArrayIndexOutOfBoundsException'{0x00000006070d05f0}> (0x00000006070d05f0) 
thrown [s\open\src\hotspot\share\runtime\sharedRuntime.cpp, line 631]
Event: 323.189 Thread 0x0000022bd1c9f1c0 Exception <a 'java/lang/ArrayIndexOutOfBoundsException'{0x00000006070dc4b0}> (0x00000006070dc4b0) 
thrown [s\open\src\hotspot\share\runtime\sharedRuntime.cpp, line 631]
Event: 323.189 Thread 0x0000022bd1c9f1c0 Exception <a 'java/lang/ArrayIndexOutOfBoundsException'{0x00000006070dcd20}> (0x00000006070dcd20) 
thrown [s\open\src\hotspot\share\runtime\sharedRuntime.cpp, line 631]
Event: 323.189 Thread 0x0000022bd1c9f1c0 Exception <a 'java/lang/ArrayIndexOutOfBoundsException'{0x00000006070df2f0}> (0x00000006070df2f0) 
thrown [s\open\src\hotspot\share\runtime\sharedRuntime.cpp, line 631]
Event: 323.189 Thread 0x0000022bd1c9f1c0 Exception <a 'java/lang/ArrayIndexOutOfBoundsException'{0x00000006070dfb60}> (0x00000006070dfb60) 
thrown [s\open\src\hotspot\share\runtime\sharedRuntime.cpp, line 631]
Event: 323.325 Thread 0x0000022bd1c9f1c0 Exception <a 'sun/nio/fs/WindowsException'{0x000000060b9e5668}> (0x000000060b9e5668) 
thrown [s\open\src\hotspot\share\prims\jni.cpp, line 516]
Event: 323.325 Thread 0x0000022bd1c9f1c0 Exception <a 'sun/nio/fs/WindowsException'{0x000000060b9e5cc0}> (0x000000060b9e5cc0) 
thrown [s\open\src\hotspot\share\prims\jni.cpp, line 516]
Event: 323.326 Thread 0x0000022bd1c9f1c0 Exception <a 'sun/nio/fs/WindowsException'{0x000000060b9e6398}> (0x000000060b9e6398) 
thrown [s\open\src\hotspot\share\prims\jni.cpp, line 516]
Event: 323.348 Thread 0x0000022bd1c9f1c0 Exception <a 'java/io/FileNotFoundException'{0x000000060ba34ad8}> (0x000000060ba34ad8) 
thrown [s\open\src\hotspot\share\prims\jni.cpp, line 516]
Event: 323.348 Thread 0x0000022bd1c9f1c0 Exception <a 'java/io/FileNotFoundException'{0x000000060ba361e0}> (0x000000060ba361e0) 
thrown [s\open\src\hotspot\share\prims\jni.cpp, line 516]
Event: 323.445 Thread 0x0000022bd1c9f1c0 Exception <a 'sun/nio/fs/WindowsException'{0x000000060ab68538}> (0x000000060ab68538) 
thrown [s\open\src\hotspot\share\prims\jni.cpp, line 516]
Event: 323.760 Thread 0x0000022bd1c9f1c0 Exception <a 'sun/nio/fs/WindowsException'{0x0000000606f2d300}> (0x0000000606f2d300) 
thrown [s\open\src\hotspot\share\prims\jni.cpp, line 516]
Event: 323.761 Thread 0x0000022bd1c9f1c0 Exception <a 'sun/nio/fs/WindowsException'{0x0000000606f4a1f0}> (0x0000000606f4a1f0) 
thrown [s\open\src\hotspot\share\prims\jni.cpp, line 516]
Event: 323.763 Thread 0x0000022bd1c9f1c0 Exception <a 'sun/nio/fs/WindowsException'{0x0000000606f67ab8}> (0x0000000606f67ab8) 
thrown [s\open\src\hotspot\share\prims\jni.cpp, line 516]
Event: 324.102 Thread 0x0000022bd1c9f1c0 Exception <a 'sun/nio/fs/WindowsException'{0x000000060a8c19e0}> (0x000000060a8c19e0) 
thrown [s\open\src\hotspot\share\prims\jni.cpp, line 516]
Event: 324.823 Thread 0x0000022bd1c9f1c0 Exception <a 'sun/nio/fs/WindowsException'{0x00000006091bb838}> (0x00000006091bb838) 
thrown [s\open\src\hotspot\share\prims\jni.cpp, line 516]
Event: 325.105 Thread 0x0000022bd1c9f1c0 Exception <a 'java/io/FileNotFoundException'{0x000000060c6b4e98}> (0x000000060c6b4e98) 
thrown [s\open\src\hotspot\share\prims\jni.cpp, line 516]
Event: 326.180 Thread 0x0000022bd1c9f1c0 Exception <a 'sun/nio/fs/WindowsException'{0x00000006087de270}> (0x00000006087de270) 
thrown [s\open\src\hotspot\share\prims\jni.cpp, line 516]

VM Operations (20 events):
Event: 325.520 Executing VM operation: ChangeBreakpoints done
Event: 325.521 Executing VM operation: ChangeBreakpoints
Event: 325.523 Executing VM operation: ChangeBreakpoints done
Event: 325.524 Executing VM operation: ChangeBreakpoints
Event: 325.526 Executing VM operation: ChangeBreakpoints done
Event: 325.526 Executing VM operation: ChangeBreakpoints
Event: 325.528 Executing VM operation: ChangeBreakpoints done
Event: 325.678 Executing VM operation: G1CollectForAllocation
Event: 325.682 Executing VM operation: G1CollectForAllocation done
Event: 325.740 Executing VM operation: ChangeBreakpoints
Event: 325.742 Executing VM operation: ChangeBreakpoints done
Event: 325.746 Executing VM operation: ChangeBreakpoints
Event: 325.749 Executing VM operation: ChangeBreakpoints done
Event: 325.749 Executing VM operation: ChangeBreakpoints
Event: 325.751 Executing VM operation: ChangeBreakpoints done
Event: 325.752 Executing VM operation: ChangeBreakpoints
Event: 325.754 Executing VM operation: ChangeBreakpoints done
Event: 325.901 Executing VM operation: G1CollectForAllocation
Event: 325.905 Executing VM operation: G1CollectForAllocation done
Event: 326.258 Executing VM operation: G1CollectForAllocation

Events (20 events):
Event: 326.093 loading class freemarker/template/Configuration
Event: 326.093 loading class freemarker/template/Configuration done
Event: 326.094 loading class com/samskivert/mustache/Template
Event: 326.094 loading class com/samskivert/mustache/Template done
Event: 326.094 loading class groovy/text/TemplateEngine
Event: 326.094 loading class groovy/text/TemplateEngine done
Event: 326.095 loading class org/thymeleaf/spring6/SpringTemplateEngine
Event: 326.095 loading class org/thymeleaf/spring6/SpringTemplateEngine done
Event: 326.095 loading class org/apache/jasper/compiler/JspConfig
Event: 326.095 loading class org/apache/jasper/compiler/JspConfig done
Event: 326.109 loading class freemarker/template/Configuration
Event: 326.109 loading class freemarker/template/Configuration done
Event: 326.110 loading class com/samskivert/mustache/Template
Event: 326.110 loading class com/samskivert/mustache/Template done
Event: 326.110 loading class groovy/text/TemplateEngine
Event: 326.110 loading class groovy/text/TemplateEngine done
Event: 326.111 loading class org/thymeleaf/spring6/SpringTemplateEngine
Event: 326.111 loading class org/thymeleaf/spring6/SpringTemplateEngine done
Event: 326.111 loading class org/apache/jasper/compiler/JspConfig
Event: 326.111 loading class org/apache/jasper/compiler/JspConfig done


Dynamic libraries:
0x00007ff720cf0000 - 0x00007ff720d00000 	C:\Program Files\Java\jdk-17\bin\java.exe
0x00007fff472b0000 - 0x00007fff4749e000 	C:\Windows\SYSTEM32\ntdll.dll
0x00007fff44a10000 - 0x00007fff44ac3000 	C:\Windows\System32\KERNEL32.DLL
0x00007fff43a90000 - 0x00007fff43d2d000 	C:\Windows\System32\KERNELBASE.dll
0x00007fff43990000 - 0x00007fff43a8a000 	C:\Windows\System32\ucrtbase.dll
0x00007fff23130000 - 0x00007fff23149000 	C:\Program Files\Java\jdk-17\bin\jli.dll
0x00007fff259a0000 - 0x00007fff259bb000 	C:\Program Files\Java\jdk-17\bin\VCRUNTIME140.dll
0x00007fff45170000 - 0x00007fff45217000 	C:\Windows\System32\ADVAPI32.dll
0x00007fff450d0000 - 0x00007fff4516e000 	C:\Windows\System32\msvcrt.dll
0x00007fff44ad0000 - 0x00007fff44b6f000 	C:\Windows\System32\sechost.dll
0x00007fff459c0000 - 0x00007fff45ade000 	C:\Windows\System32\RPCRT4.dll
0x00007fff45740000 - 0x00007fff458d7000 	C:\Windows\System32\USER32.dll
0x00007fff43970000 - 0x00007fff43990000 	C:\Windows\System32\win32u.dll
0x00007fff449e0000 - 0x00007fff44a09000 	C:\Windows\System32\GDI32.dll
0x00007fff43730000 - 0x00007fff438db000 	C:\Windows\System32\gdi32full.dll
0x00007fff435c0000 - 0x00007fff43660000 	C:\Windows\System32\msvcp_win.dll
0x00007fff31040000 - 0x00007fff312b9000 	C:\Windows\WinSxS\amd64_microsoft.windows.common-controls_6595b64144ccf1df_6.0.17763.5206_none_de6d611a534ecc77\COMCTL32.dll
0x00007fff44540000 - 0x00007fff4486b000 	C:\Windows\System32\combase.dll
0x00007fff438e0000 - 0x00007fff43962000 	C:\Windows\System32\bcryptPrimitives.dll
0x00007fff43000000 - 0x00007fff4300a000 	C:\Windows\SYSTEM32\VERSION.dll
0x00007fff45be0000 - 0x00007fff45c0e000 	C:\Windows\System32\IMM32.DLL
0x000000006aef0000 - 0x000000006aefd000 	C:\Program Files (x86)\360\360Safe\safemon\SafeWrapper.dll
0x00007fff2f400000 - 0x00007fff2f4ac000 	C:\Program Files (x86)\360\360Safe\safemon\libzdtp64.dll
0x00007fff45cc0000 - 0x00007fff471b8000 	C:\Windows\System32\SHELL32.dll
0x00007fff43360000 - 0x00007fff433aa000 	C:\Windows\System32\cfgmgr32.dll
0x00007fff471d0000 - 0x00007fff47277000 	C:\Windows\System32\shcore.dll
0x00007fff43d90000 - 0x00007fff444d7000 	C:\Windows\System32\windows.storage.dll
0x00007fff432a0000 - 0x00007fff432c3000 	C:\Windows\System32\profapi.dll
0x00007fff432d0000 - 0x00007fff4332d000 	C:\Windows\System32\powrprof.dll
0x00007fff45960000 - 0x00007fff459b2000 	C:\Windows\System32\shlwapi.dll
0x00007fff43260000 - 0x00007fff43271000 	C:\Windows\System32\kernel.appcore.dll
0x00007fff43710000 - 0x00007fff4372b000 	C:\Windows\System32\cryptsp.dll
0x00007fff26db0000 - 0x00007fff26dbc000 	C:\Program Files\Java\jdk-17\bin\vcruntime140_1.dll
0x00007fff069e0000 - 0x00007fff06a6e000 	C:\Program Files\Java\jdk-17\bin\msvcp140.dll
0x00007ffee7a20000 - 0x00007ffee8601000 	C:\Program Files\Java\jdk-17\bin\server\jvm.dll
0x00007fff45bd0000 - 0x00007fff45bd8000 	C:\Windows\System32\PSAPI.DLL
0x00007fff40950000 - 0x00007fff40974000 	C:\Windows\SYSTEM32\WINMM.dll
0x00007fff3eee0000 - 0x00007fff3eee9000 	C:\Windows\SYSTEM32\WSOCK32.dll
0x00007fff45ae0000 - 0x00007fff45b4d000 	C:\Windows\System32\WS2_32.dll
0x00007fff40800000 - 0x00007fff4082d000 	C:\Windows\SYSTEM32\winmmbase.dll
0x00007fff25f30000 - 0x00007fff25f3a000 	C:\Program Files\Java\jdk-17\bin\jimage.dll
0x00007fff42b30000 - 0x00007fff42d1d000 	C:\Windows\SYSTEM32\DBGHELP.DLL
0x00007fff42a80000 - 0x00007fff42aaa000 	C:\Windows\SYSTEM32\dbgcore.DLL
0x00007fff3b470000 - 0x00007fff3b4ab000 	C:\Program Files\Java\jdk-17\bin\jdwp.dll
0x00007fff24dc0000 - 0x00007fff24dce000 	C:\Program Files\Java\jdk-17\bin\instrument.dll
0x00007fff109e0000 - 0x00007fff10a05000 	C:\Program Files\Java\jdk-17\bin\java.dll
0x00007fff17730000 - 0x00007fff17748000 	C:\Program Files\Java\jdk-17\bin\zip.dll
0x00007fff005d0000 - 0x00007fff006a7000 	C:\Program Files\Java\jdk-17\bin\jsvml.dll
0x00007fff3b460000 - 0x00007fff3b46c000 	C:\Program Files\Java\jdk-17\bin\dt_socket.dll
0x00007fff427a0000 - 0x00007fff427dd000 	C:\Windows\SYSTEM32\IPHLPAPI.DLL
0x00007fff42500000 - 0x00007fff42567000 	C:\Windows\system32\mswsock.dll
0x00007fff22390000 - 0x00007fff223a9000 	C:\Program Files\Java\jdk-17\bin\net.dll
0x00007fff3a2e0000 - 0x00007fff3a3dd000 	C:\Windows\SYSTEM32\WINHTTP.dll
0x00007fff1be90000 - 0x00007fff1bea6000 	C:\Program Files\Java\jdk-17\bin\nio.dll
0x00007fff42270000 - 0x00007fff42336000 	C:\Windows\SYSTEM32\DNSAPI.dll
0x00007fff471c0000 - 0x00007fff471c8000 	C:\Windows\System32\NSI.dll
0x00007fff366f0000 - 0x00007fff366fa000 	C:\Windows\System32\rasadhlp.dll
0x00007fff36b80000 - 0x00007fff36bf9000 	C:\Windows\System32\fwpuclnt.dll
0x00007fff43330000 - 0x00007fff43356000 	C:\Windows\System32\bcrypt.dll
0x00007fff24db0000 - 0x00007fff24dba000 	C:\Program Files\Java\jdk-17\bin\management.dll
0x00007fff24da0000 - 0x00007fff24dab000 	C:\Program Files\Java\jdk-17\bin\management_ext.dll
0x00007fff420e0000 - 0x00007fff42113000 	C:\Windows\system32\rsaenh.dll
0x00007fff43160000 - 0x00007fff43189000 	C:\Windows\SYSTEM32\USERENV.dll
0x00007fff42730000 - 0x00007fff4273c000 	C:\Windows\SYSTEM32\CRYPTBASE.dll
0x00007fff3d300000 - 0x00007fff3d316000 	C:\Windows\SYSTEM32\dhcpcsvc6.DLL
0x00007fff3d2e0000 - 0x00007fff3d2fc000 	C:\Windows\SYSTEM32\dhcpcsvc.DLL
0x00007fff1bdc0000 - 0x00007fff1bdd6000 	C:\Windows\system32\napinsp.dll
0x00007fff1bda0000 - 0x00007fff1bdba000 	C:\Windows\system32\pnrpnsp.dll
0x00007fff1bd90000 - 0x00007fff1bd9e000 	C:\Windows\System32\winrnr.dll
0x00007fff3f070000 - 0x00007fff3f08b000 	C:\Windows\system32\NLAapi.dll
0x00007fff3b220000 - 0x00007fff3b235000 	C:\Windows\system32\wshbth.dll
0x00007fff21690000 - 0x00007fff2169e000 	C:\Program Files\Java\jdk-17\bin\sunmscapi.dll
0x00007fff433b0000 - 0x00007fff435b4000 	C:\Windows\System32\CRYPT32.dll
0x00007fff43280000 - 0x00007fff43292000 	C:\Windows\System32\MSASN1.dll
0x00007fff42930000 - 0x00007fff4295c000 	C:\Windows\SYSTEM32\ncrypt.dll
0x00007fff428f0000 - 0x00007fff4292c000 	C:\Windows\SYSTEM32\NTASN1.dll
0x00007fff230e0000 - 0x00007fff230f0000 	C:\Program Files\Java\jdk-17\bin\verify.dll
0x00007fff2ec40000 - 0x00007fff2ec47000 	C:\Windows\system32\wshunix.dll

dbghelp: loaded successfully - version: 4.0.5 - missing functions: none
symbol engine: initialized successfully - sym options: 0x614 - pdb path: .;C:\Program Files\Java\jdk-17\bin;C:\Windows\SYSTEM32;C:\Windows\WinSxS\amd64_microsoft.windows.common-controls_6595b64144ccf1df_6.0.17763.5206_none_de6d611a534ecc77;C:\Program Files (x86)\360\360Safe\safemon;C:\Program Files\Java\jdk-17\bin\server

VM Arguments:
jvm_args: -agentlib:jdwp=transport=dt_socket,address=127.0.0.1:61909,suspend=y,server=n -XX:TieredStopAtLevel=1 -Dspring.output.ansi.enabled=always -Dcom.sun.management.jmxremote -Dspring.jmx.enabled=true -Dspring.liveBeansView.mbeanDomain -Dspring.application.admin.enabled=true -Dmanagement.endpoints.jmx.exposure.include=* -javaagent:C:\Users\SXRBS\AppData\Local\JetBrains\IntelliJIdea2023.3\captureAgent\debugger-agent.jar=file:/C:/Users/SXRBS/AppData/Local/Temp/capture.props -Dfile.encoding=UTF-8 
java_command: com.sqds.SqdsbackApplication
java_class_path (initial): K:\mywork\springjwtstudy\sqdsback\build\classes\java\main;K:\mywork\springjwtstudy\sqdsback\build\resources\main;C:\Users\SXRBS\.gradle\caches\modules-2\files-2.1\org.projectlombok\lombok\1.18.30\f195ee86e6c896ea47a1d39defbe20eb59cd149d\lombok-1.18.30.jar;C:\Users\SXRBS\.gradle\caches\modules-2\files-2.1\org.springframework.boot\spring-boot-starter-data-redis\3.2.0\59a9a4674277151840f7c8711c3c254cdb7d949d\spring-boot-starter-data-redis-3.2.0.jar;C:\Users\SXRBS\.gradle\caches\modules-2\files-2.1\org.springframework.boot\spring-boot-starter-security\3.2.0\c692cc94ac3b5bfa9eb47fa04afa5b570a5b24b2\spring-boot-starter-security-3.2.0.jar;C:\Users\SXRBS\.gradle\caches\modules-2\files-2.1\org.springframework.boot\spring-boot-starter-data-jpa\3.2.0\6a8ad077a37f8a0cef6949dcfd91a9b2115cade\spring-boot-starter-data-jpa-3.2.0.jar;C:\Users\SXRBS\.gradle\caches\modules-2\files-2.1\org.springframework.boot\spring-boot-starter-web\3.2.0\e609f839e7c2ff9c90bc75d7c05dbcbb19315319\spring-boot-starter-web-3.2.0.jar;C:\Users\SXRBS\.gradle\caches\modules-2\files-2.1\org.springframework.boot\spring-boot-starter-cache\3.2.0\bcdd3dd28886f772a8d514006764479912a77f9e\spring-boot-starter-cache-3.2.0.jar;C:\Users\SXRBS\.gradle\caches\modules-2\files-2.1\org.apache.poi\poi-ooxml\3.9\bbe83c739d22eecfacd06d7e0b99ba13277040ed\poi-ooxml-3.9.jar;C:\Users\SXRBS\.gradle\caches\modules-2\files-2.1\org.apache.poi\poi\3.9\5d5e41354e88322e4bc590b31f3d2d1d52b3e6ac\poi-3.9.jar;C:\Users\SXRBS\.gradle\caches\modules-2\files-2.1\com.itextpdf\itextpdf\5.5.13.2\132a841cf4b14fe64ff236b4156eb4842f9bbc09\itextpdf-5.5.13.2.jar;C:\Users\SXRBS\.gradle\caches\modules-2\files-2.1\com.itextpdf\itext-asian\5.2.0\2932ae1179ad058104349b3375305b582ce5a219\itext-asian-5.2.0.jar;C:\Users\SXRBS\.gradle\caches\modules-2\files-2.1\com.itextpdf.tool\xmlworker\5.5.13.2\51b90d953cdb0edb9d14c12629e0ff5b516aad83\xmlworker-5.5.13.2.jar;C:\Users\SXRBS\.gradle\caches\modules-2\files-2.1\io.jsonwebtoken\jjwt-impl
Launcher Type: SUN_STANDARD

[Global flags]
     intx CICompilerCount                          = 4                                         {product} {ergonomic}
     uint ConcGCThreads                            = 2                                         {product} {ergonomic}
     uint G1ConcRefinementThreads                  = 8                                         {product} {ergonomic}
   size_t G1HeapRegionSize                         = 4194304                                   {product} {ergonomic}
    uintx GCDrainStackTargetSize                   = 64                                        {product} {ergonomic}
   size_t InitialHeapSize                          = 536870912                                 {product} {ergonomic}
     bool ManagementServer                         = true                                      {product} {command line}
   size_t MarkStackSize                            = 4194304                                   {product} {ergonomic}
   size_t MaxHeapSize                              = 8568963072                                {product} {ergonomic}
   size_t MaxNewSize                               = 5138022400                                {product} {ergonomic}
   size_t MinHeapDeltaBytes                        = 4194304                                   {product} {ergonomic}
   size_t MinHeapSize                              = 8388608                                   {product} {ergonomic}
    uintx NonProfiledCodeHeapSize                  = 0                                      {pd product} {ergonomic}
     bool ProfileInterpreter                       = false                                  {pd product} {command line}
    uintx ProfiledCodeHeapSize                     = 0                                      {pd product} {ergonomic}
   size_t SoftMaxHeapSize                          = 8568963072                             {manageable} {ergonomic}
     intx TieredStopAtLevel                        = 1                                         {product} {command line}
     bool UseCompressedClassPointers               = true                           {product lp64_product} {ergonomic}
     bool UseCompressedOops                        = true                           {product lp64_product} {ergonomic}
     bool UseG1GC                                  = true                                      {product} {ergonomic}
     bool UseLargePagesIndividualAllocation        = false                                  {pd product} {ergonomic}

Logging:
Log output configuration:
 #0: stdout all=warning uptime,level,tags
 #1: stderr all=off uptime,level,tags

Environment Variables:
JAVA_HOME=C:\Program Files\Java\jdk-17
PATH=C:\Program Files\Common Files\Oracle\Java\javapath;C:\Windows\system32;C:\Windows;C:\Windows\System32\Wbem;C:\Windows\System32\WindowsPowerShell\v1.0\;C:\Windows\System32\OpenSSH\;C:\Program Files\Java\jdk-17\bin;C:\Program Files\nodejs\;C:\Program Files\Redis;C:\Program Files\Microsoft SQL Server\150\Tools\Binn\;C:\Program Files\Microsoft SQL Server\Client SDK\ODBC\170\Tools\Binn\;C:\Program Files\dotnet\;C:\Program Files (x86)\Microsoft SQL Server\160\DTS\Binn\;C:\Program Files\Azure Data Studio\bin;C:\Program Files (x86)\NetSarang\Xshell 7\;C:\Program Files (x86)\NetSarang\Xftp 7\;C:\Users\SXRBS\AppData\Local\Microsoft\WindowsApps;C:\Users\SXRBS\AppData\Roaming\npm;C:\Users\SXRBS\.dotnet\tools;C:\Program Files\Azure Data Studio\bin;C:\Users\SXRBS\AppData\Local\Programs\Microsoft VS Code\bin
USERNAME=SXRBS
OS=Windows_NT
PROCESSOR_IDENTIFIER=Intel64 Family 6 Model 158 Stepping 9, GenuineIntel



---------------  S Y S T E M  ---------------

OS:
 Windows 10 , 64 bit Build 17763 (10.0.17763.4974)
OS uptime: 2 days 22:15 hours

CPU: total 8 (initial active 8) (4 cores per cpu, 2 threads per core) family 6 model 158 stepping 9 microcode 0x8e, cx8, cmov, fxsr, ht, mmx, 3dnowpref, sse, sse2, sse3, ssse3, sse4.1, sse4.2, popcnt, lzcnt, tsc, tscinvbit, avx, avx2, aes, erms, clmul, bmi1, bmi2, rtm, adx, fma, vzeroupper, clflush, clflushopt

Memory: 4k page, system-wide physical 32674M (17529M free)
TotalPageFile size 45474M (AvailPageFile size 22132M)
current process WorkingSet (physical memory assigned to process): 409M, peak: 782M
current process commit charge ("private bytes"): 454M, peak: 890M

vm_info: Java HotSpot(TM) 64-Bit Server VM (17.0.9+11-LTS-201) for windows-amd64 JRE (17.0.9+11-LTS-201), built on Oct 10 2023 23:16:06 by "mach5one" with MS VC++ 17.1 (VS2022)

END.
