#
# A fatal error has been detected by the Java Runtime Environment:
#
#  EXCEPTION_ACCESS_VIOLATION (0xc0000005) at pc=0x00007ffc98e359d4, pid=26480, tid=25412
#
# JRE version: Java(TM) SE Runtime Environment (17.0.9+11) (build 17.0.9+11-LTS-201)
# Java VM: Java HotSpot(TM) 64-Bit Server VM (17.0.9+11-LTS-201, mixed mode, emulated-client, sharing, tiered, compressed oops, compressed class ptrs, g1 gc, windows-amd64)
# Problematic frame:
# V  [jvm.dll+0x3159d4]
#
# No core dump will be written. Minidumps are not enabled by default on client versions of Windows
#
# If you would like to submit a bug report, please visit:
#   https://bugreport.java.com/bugreport/crash.jsp
#

---------------  S U M M A R Y ------------

Command Line: -agentlib:jdwp=transport=dt_socket,address=127.0.0.1:57093,suspend=y,server=n -XX:TieredStopAtLevel=1 -Dspring.output.ansi.enabled=always -Dcom.sun.management.jmxremote -Dspring.jmx.enabled=true -Dspring.liveBeansView.mbeanDomain -Dspring.application.admin.enabled=true -Dmanagement.endpoints.jmx.exposure.include=* -javaagent:C:\Users\SXRBS\AppData\Local\JetBrains\IntelliJIdea2023.3\captureAgent\debugger-agent.jar=file:/C:/Users/SXRBS/AppData/Local/Temp/capture.props -Dfile.encoding=GBK com.sqds.SqdsbackApplication

Host: Intel(R) Core(TM) i7-7700 CPU @ 3.60GHz, 8 cores, 31G,  Windows 10 , 64 bit Build 17763 (10.0.17763.4974)
Time: Fri Feb  2 18:07:21 2024 中国标准时间 elapsed time: 2.815655 seconds (0d 0h 0m 2s)

---------------  T H R E A D  ---------------

Current thread (0x000001c9f77fe850):  GCTaskThread "GC Thread#4" [stack: 0x0000008e2d000000,0x0000008e2d100000] [id=25412]

Stack: [0x0000008e2d000000,0x0000008e2d100000],  sp=0x0000008e2d0ff6d0,  free space=1021k
Native frames: (J=compiled Java code, j=interpreted, Vv=VM code, C=native code)
V  [jvm.dll+0x3159d4]
V  [jvm.dll+0x1f4d94]
V  [jvm.dll+0x1f4c75]
V  [jvm.dll+0x302f6b]
V  [jvm.dll+0x1f7198]
V  [jvm.dll+0x3169d0]
V  [jvm.dll+0x316815]
V  [jvm.dll+0x2ddc64]
V  [jvm.dll+0x2df55b]
V  [jvm.dll+0x807b5b]
V  [jvm.dll+0x807ba6]
V  [jvm.dll+0x78998a]
V  [jvm.dll+0x677875]
C  [ucrtbase.dll+0x2268a]
C  [KERNEL32.DLL+0x17ac4]
C  [ntdll.dll+0x5a4e1]


siginfo: EXCEPTION_ACCESS_VIOLATION (0xc0000005), reading address 0x00000352116fb1f6


Register to memory mapping:

RIP=0x00007ffc98e359d4 jvm.dll
RAX=0x000001c9d16fb1f6 points into unknown readable memory: 00 00
RBX=0x000001c9f7a132b8 points into unknown readable memory: 0x00007ffc99421980 | 80 19 42 99 fc 7f 00 00
RCX=0x0000000000000016 is an unknown value
RDX=0x000001c9f7ec9f72 points into unknown readable memory: 33 1f 06 00 00 00
RSP=0x0000008e2d0ff6d0 points into unknown readable memory: 0x0000000000000000 | 00 00 00 00 00 00 00 00
RBP=0x000001c9f77c98e0 points into unknown readable memory: 0x000001c900000008 | 08 00 00 00 c9 01 00 00
RSI=0x0000000000690000 is an unknown value
RDI=0x000001c9f7ec9f72 points into unknown readable memory: 33 1f 06 00 00 00
R8 =0x000000c420000000 is an unknown value
R9 =0x000001c9d16e0f60 points into unknown readable memory: 0x00007ffc99419510 | 10 95 41 99 fc 7f 00 00
R10=0x3108000000061f33 is an unknown value
R11=0x0000000000000001 is an unknown value
R12=0x000001c9f76aee08 points into unknown readable memory: 0x88000600765eb1e2 | e2 b1 5e 76 00 06 00 88
R13=0x00000000000003d8 is an unknown value
R14=0x000001c9f7a132b8 points into unknown readable memory: 0x00007ffc99421980 | 80 19 42 99 fc 7f 00 00
R15=0x000001c9f7ec9f72 points into unknown readable memory: 33 1f 06 00 00 00


Registers:
RAX=0x000001c9d16fb1f6, RBX=0x000001c9f7a132b8, RCX=0x0000000000000016, RDX=0x000001c9f7ec9f72
RSP=0x0000008e2d0ff6d0, RBP=0x000001c9f77c98e0, RSI=0x0000000000690000, RDI=0x000001c9f7ec9f72
R8 =0x000000c420000000, R9 =0x000001c9d16e0f60, R10=0x3108000000061f33, R11=0x0000000000000001
R12=0x000001c9f76aee08, R13=0x00000000000003d8, R14=0x000001c9f7a132b8, R15=0x000001c9f7ec9f72
RIP=0x00007ffc98e359d4, EFLAGS=0x0000000000010206

Top of Stack: (sp=0x0000008e2d0ff6d0)
0x0000008e2d0ff6d0:   0000000000000000 0000000000000001
0x0000008e2d0ff6e0:   0000000000000008 0000000000000001
0x0000008e2d0ff6f0:   000001c9f7ec9f72 00007ffc98d14d94
0x0000008e2d0ff700:   0000000000000000 00007ffc9919208f
0x0000008e2d0ff710:   000001c9f77c9801 00007ffc9919208f
0x0000008e2d0ff720:   000001c9f7a13190 00007ffc98d14c75
0x0000008e2d0ff730:   000001c9f7a13318 000001c9f7a13318
0x0000008e2d0ff740:   000001c9f7ec9f72 000001c9f7a132b8
0x0000008e2d0ff750:   0000008e2bbfeaf0 00007ffc98e22f6b
0x0000008e2d0ff760:   000001c9f77c98e0 00007ffc98e19598
0x0000008e2d0ff770:   0000008e2d0ff7f0 000001c9f7a13228
0x0000008e2d0ff780:   000001c9f817b970 00007ffc98d17198
0x0000008e2d0ff790:   0000000000000101 000000000001695a
0x0000008e2d0ff7a0:   0000000001aae706 00000002533e86e9
0x0000008e2d0ff7b0:   000001c9f77c9801 00007ffc98e369d0
0x0000008e2d0ff7c0:   000001c9f7a13318 0000000000000002 

Instructions: (pc=0x00007ffc98e359d4)
0x00007ffc98e358d4:   5e 00 45 33 c9 48 8d 4f 08 48 89 07 4c 8b c6 48
0x00007ffc98e358e4:   8b d3 e8 45 fd ff ff 48 8d 8f f8 00 00 00 45 33
0x00007ffc98e358f4:   c9 4c 8b c6 48 8b d3 e8 30 fd ff ff 48 8b c7 48
0x00007ffc98e35904:   8b 5c 24 30 48 8b 74 24 38 48 83 c4 20 5f c3 b9
0x00007ffc98e35914:   f8 00 00 00 e8 b3 f7 d8 ff 48 8b f8 48 85 c0 74
0x00007ffc98e35924:   46 80 bb a1 03 00 00 00 74 0e 80 bb a7 03 00 00
0x00007ffc98e35934:   00 75 05 41 b1 01 eb 03 45 32 c9 48 8d 05 6a c0
0x00007ffc98e35944:   5e 00 4c 8b c6 48 8d 4f 08 48 89 07 48 8b d3 e8
0x00007ffc98e35954:   d8 fd ff ff 48 8b c7 48 8b 5c 24 30 48 8b 74 24
0x00007ffc98e35964:   38 48 83 c4 20 5f c3 48 8b 5c 24 30 33 c0 48 8b
0x00007ffc98e35974:   74 24 38 48 83 c4 20 5f c3 cc cc cc e9 1b f9 ff
0x00007ffc98e35984:   ff cc cc cc cc cc cc cc cc cc cc cc e9 6b fa ff
0x00007ffc98e35994:   ff cc cc cc cc cc cc cc cc cc cc cc 48 89 5c 24
0x00007ffc98e359a4:   08 57 48 83 ec 20 4c 8b 12 48 8b fa 48 8b d9 4d
0x00007ffc98e359b4:   85 d2 0f 84 f3 00 00 00 4c 8b 49 08 4d 8b c2 49
0x00007ffc98e359c4:   8b 81 80 05 00 00 41 8b 89 90 05 00 00 49 d3 e8
0x00007ffc98e359d4:   42 0f b7 14 40 0f b7 c2 66 c1 e8 08 84 c0 78 6f
0x00007ffc98e359e4:   4d 8b 02 41 0f b6 c0 24 03 3c 03 75 1e 80 3d 4d
0x00007ffc98e359f4:   45 7f 00 00 74 0f 41 0f b6 c0 24 07 3c 05 75 05
0x00007ffc98e35a04:   45 33 c0 eb 18 49 83 e0 fc eb 12 48 8b 4b 10 4d
0x00007ffc98e35a14:   8b c8 4d 8b c2 e8 22 f7 fe ff 4c 8b c0 4c 89 07
0x00007ffc98e35a24:   48 8b 53 08 8b 8a c0 01 00 00 49 d3 e8 48 8b 8a
0x00007ffc98e35a34:   b0 01 00 00 4a 8b 04 c1 8b 88 94 00 00 00 d1 e9
0x00007ffc98e35a44:   f6 c1 01 74 5d 48 8b 43 20 c6 40 22 01 eb 53 3c
0x00007ffc98e35a54:   fe 75 3f 41 8b 89 c0 01 00 00 49 8b 81 b8 01 00
0x00007ffc98e35a64:   00 48 d3 e0 8b 0d 82 4d 7f 00 4c 2b d0 49 8b 81
0x00007ffc98e35a74:   70 03 00 00 49 d3 ea 41 8b ca 80 3c 08 00 74 22
0x00007ffc98e35a84:   c6 04 08 00 49 8b 81 70 05 00 00 c6 44 48 01 ff
0x00007ffc98e35a94:   eb 10 3c fd 75 0c 48 8b 4b 10 48 8b d7 e8 da fa
0x00007ffc98e35aa4:   ff ff 48 8b 4b 10 e8 e1 d4 fe ff 48 8b 5c 24 30
0x00007ffc98e35ab4:   48 83 c4 20 5f c3 cc cc cc cc cc cc 48 89 5c 24
0x00007ffc98e35ac4:   08 57 48 83 ec 20 8b 02 48 8b fa 48 8b d9 85 c0 


Stack slot to memory mapping:
stack at sp + 0 slots: 0x0 is NULL
stack at sp + 1 slots: 0x0000000000000001 is an unknown value
stack at sp + 2 slots: 0x0000000000000008 is an unknown value
stack at sp + 3 slots: 0x0000000000000001 is an unknown value
stack at sp + 4 slots: 0x000001c9f7ec9f72 points into unknown readable memory: 33 1f 06 00 00 00
stack at sp + 5 slots: 0x00007ffc98d14d94 jvm.dll
stack at sp + 6 slots: 0x0 is NULL
stack at sp + 7 slots: 0x00007ffc9919208f jvm.dll


---------------  P R O C E S S  ---------------

Threads class SMR info:
_java_thread_list=0x000001c9f7e0f230, length=22, elements={
0x000001c9d16ceac0, 0x000001c9dccf3e60, 0x000001c9dccf54d0, 0x000001c9dcd0a480,
0x000001c9dcd0ef60, 0x000001c9dcd10110, 0x000001c9dcd112c0, 0x000001c9dcd155a0,
0x000001c9f26855b0, 0x000001c9f27655a0, 0x000001c9f2766ea0, 0x000001c9f27af730,
0x000001c9f27c4ed0, 0x000001c9f27c63d0, 0x000001c9f76f41b0, 0x000001c9f77c0430,
0x000001c9f77c3e60, 0x000001c9f77c4380, 0x000001c9f795c7b0, 0x000001c9f797b020,
0x000001c9f7a15e30, 0x000001c9f7a16310
}

Java Threads: ( => current thread )
  0x000001c9d16ceac0 JavaThread "main" [_thread_blocked, id=14792, stack(0x0000008e2b500000,0x0000008e2b600000)]
  0x000001c9dccf3e60 JavaThread "Reference Handler" daemon [_thread_blocked, id=18252, stack(0x0000008e2bc00000,0x0000008e2bd00000)]
  0x000001c9dccf54d0 JavaThread "Finalizer" daemon [_thread_blocked, id=25376, stack(0x0000008e2bd00000,0x0000008e2be00000)]
  0x000001c9dcd0a480 JavaThread "Signal Dispatcher" daemon [_thread_blocked, id=16416, stack(0x0000008e2be00000,0x0000008e2bf00000)]
  0x000001c9dcd0ef60 JavaThread "Attach Listener" daemon [_thread_blocked, id=12920, stack(0x0000008e2bf00000,0x0000008e2c000000)]
  0x000001c9dcd10110 JavaThread "Service Thread" daemon [_thread_blocked, id=24508, stack(0x0000008e2c000000,0x0000008e2c100000)]
  0x000001c9dcd112c0 JavaThread "Monitor Deflation Thread" daemon [_thread_blocked, id=25352, stack(0x0000008e2c100000,0x0000008e2c200000)]
  0x000001c9dcd155a0 JavaThread "C1 CompilerThread0" daemon [_thread_blocked, id=18820, stack(0x0000008e2c200000,0x0000008e2c300000)]
  0x000001c9f26855b0 JavaThread "Sweeper thread" daemon [_thread_blocked, id=25920, stack(0x0000008e2c300000,0x0000008e2c400000)]
  0x000001c9f27655a0 JavaThread "Common-Cleaner" daemon [_thread_blocked, id=24336, stack(0x0000008e2c400000,0x0000008e2c500000)]
  0x000001c9f2766ea0 JavaThread "C1 CompilerThread1" daemon [_thread_blocked, id=14708, stack(0x0000008e2c500000,0x0000008e2c600000)]
  0x000001c9f27af730 JavaThread "JDWP Transport Listener: dt_socket" daemon [_thread_blocked, id=25548, stack(0x0000008e2c600000,0x0000008e2c700000)]
  0x000001c9f27c4ed0 JavaThread "JDWP Event Helper Thread" daemon [_thread_blocked, id=24996, stack(0x0000008e2c700000,0x0000008e2c800000)]
  0x000001c9f27c63d0 JavaThread "JDWP Command Reader" daemon [_thread_in_native, id=26396, stack(0x0000008e2c800000,0x0000008e2c900000)]
  0x000001c9f76f41b0 JavaThread "Notification Thread" daemon [_thread_blocked, id=24608, stack(0x0000008e2c900000,0x0000008e2ca00000)]
  0x000001c9f77c0430 JavaThread "C1 CompilerThread2" daemon [_thread_blocked, id=23380, stack(0x0000008e2ca00000,0x0000008e2cb00000)]
  0x000001c9f77c3e60 JavaThread "C1 CompilerThread3" daemon [_thread_blocked, id=26420, stack(0x0000008e2cb00000,0x0000008e2cc00000)]
  0x000001c9f77c4380 JavaThread "RMI TCP Accept-0" daemon [_thread_in_native, id=19872, stack(0x0000008e2cc00000,0x0000008e2cd00000)]
  0x000001c9f795c7b0 JavaThread "RMI TCP Connection(1)-10.18.8.50" daemon [_thread_in_native, id=21564, stack(0x0000008e2d600000,0x0000008e2d700000)]
  0x000001c9f797b020 JavaThread "RMI Scheduler(0)" daemon [_thread_blocked, id=8832, stack(0x0000008e2d700000,0x0000008e2d800000)]
  0x000001c9f7a15e30 JavaThread "Thread-0" [_thread_blocked, id=7424, stack(0x0000008e2d800000,0x0000008e2d900000)]
  0x000001c9f7a16310 JavaThread "restartedMain" [_thread_blocked, id=15280, stack(0x0000008e2d900000,0x0000008e2da00000)]

Other Threads:
  0x000001c9dccec740 VMThread "VM Thread" [stack: 0x0000008e2bb00000,0x0000008e2bc00000] [id=25840]
  0x000001c9d17195c0 WatcherThread [stack: 0x0000008e2d500000,0x0000008e2d600000] [id=8364]
  0x000001c9dcba0d00 GCTaskThread "GC Thread#0" [stack: 0x0000008e2b600000,0x0000008e2b700000] [id=22372]
  0x000001c9f77fd3f0 GCTaskThread "GC Thread#1" [stack: 0x0000008e2cd00000,0x0000008e2ce00000] [id=9516]
  0x000001c9f77fdac0 GCTaskThread "GC Thread#2" [stack: 0x0000008e2ce00000,0x0000008e2cf00000] [id=25176]
  0x000001c9f77fe590 GCTaskThread "GC Thread#3" [stack: 0x0000008e2cf00000,0x0000008e2d000000] [id=25172]
=>0x000001c9f77fe850 GCTaskThread "GC Thread#4" [stack: 0x0000008e2d000000,0x0000008e2d100000] [id=25412]
  0x000001c9f7825f70 GCTaskThread "GC Thread#5" [stack: 0x0000008e2d100000,0x0000008e2d200000] [id=25688]
  0x000001c9f7826230 GCTaskThread "GC Thread#6" [stack: 0x0000008e2d200000,0x0000008e2d300000] [id=18588]
  0x000001c9f78264f0 GCTaskThread "GC Thread#7" [stack: 0x0000008e2d300000,0x0000008e2d400000] [id=24024]
  0x000001c9d16ec530 ConcurrentGCThread "G1 Main Marker" [stack: 0x0000008e2b700000,0x0000008e2b800000] [id=24324]
  0x000001c9d1711df0 ConcurrentGCThread "G1 Conc#0" [stack: 0x0000008e2b800000,0x0000008e2b900000] [id=21220]
  0x000001c9d172ded0 ConcurrentGCThread "G1 Refine#0" [stack: 0x0000008e2b900000,0x0000008e2ba00000] [id=26424]
  0x000001c9f784cb90 ConcurrentGCThread "G1 Refine#1" [stack: 0x0000008e2d400000,0x0000008e2d500000] [id=18676]
  0x000001c9dcc804e0 ConcurrentGCThread "G1 Service" [stack: 0x0000008e2ba00000,0x0000008e2bb00000] [id=15916]

Threads with active compile tasks:

VM state: at safepoint (normal execution)

VM Mutex/Monitor currently owned by a thread:  ([mutex/lock_event])
[0x000001c9d16cbab0] Threads_lock - owner thread: 0x000001c9dccec740
[0x000001c9d16cbfc0] Heap_lock - owner thread: 0x000001c9f7a16310

Heap address: 0x0000000601400000, size: 8172 MB, Compressed Oops mode: Zero based, Oop shift amount: 3

CDS archive(s) mapped at: [0x000001c980000000-0x000001c980bd0000-0x000001c980bd0000), size 12386304, SharedBaseAddress: 0x000001c980000000, ArchiveRelocationMode: 1.
Compressed class space mapped at: 0x000001c981000000-0x000001c9c1000000, reserved size: 1073741824
Narrow klass base: 0x000001c980000000, Narrow klass shift: 0, Narrow klass range: 0x100000000

GC Precious Log:
 CPUs: 8 total, 8 available
 Memory: 32674M
 Large Page Support: Disabled
 NUMA Support: Disabled
 Compressed Oops: Enabled (Zero based)
 Heap Region Size: 4M
 Heap Min Capacity: 8M
 Heap Initial Capacity: 512M
 Heap Max Capacity: 8172M
 Pre-touch: Disabled
 Parallel Workers: 8
 Concurrent Workers: 2
 Concurrent Refinement Workers: 8
 Periodic GC: Disabled

Heap:
 garbage-first heap   total 524288K, used 58385K [0x0000000601400000, 0x0000000800000000)
  region size 4096K, 13 young (53248K), 2 survivors (8192K)
 Metaspace       used 21210K, committed 21504K, reserved 1114112K
  class space    used 2766K, committed 2944K, reserved 1048576K

Heap Regions: E=young(eden), S=young(survivor), O=old, HS=humongous(starts), HC=humongous(continues), CS=collection set, F=free, OA=open archive, CA=closed archive, TAMS=top-at-mark-start (previous, next)
|   0|0x0000000601400000, 0x0000000601800000, 0x0000000601800000|100%| O|  |TAMS 0x0000000601400000, 0x0000000601800000| Untracked 
|   1|0x0000000601800000, 0x0000000601c00000, 0x0000000601c00000|100%| O|  |TAMS 0x0000000601800000, 0x0000000601c00000| Untracked 
|   2|0x0000000601c00000, 0x0000000601da0200, 0x0000000602000000| 40%| O|  |TAMS 0x0000000601c00000, 0x0000000601da0200| Untracked 
|   3|0x0000000602000000, 0x0000000602000000, 0x0000000602400000|  0%| F|  |TAMS 0x0000000602000000, 0x0000000602000000| Untracked 
|   4|0x0000000602400000, 0x0000000602400000, 0x0000000602800000|  0%| F|  |TAMS 0x0000000602400000, 0x0000000602400000| Untracked 
|   5|0x0000000602800000, 0x0000000602800000, 0x0000000602c00000|  0%| F|  |TAMS 0x0000000602800000, 0x0000000602800000| Untracked 
|   6|0x0000000602c00000, 0x0000000602c00000, 0x0000000603000000|  0%| F|  |TAMS 0x0000000602c00000, 0x0000000602c00000| Untracked 
|   7|0x0000000603000000, 0x0000000603000000, 0x0000000603400000|  0%| F|  |TAMS 0x0000000603000000, 0x0000000603000000| Untracked 
|   8|0x0000000603400000, 0x0000000603400000, 0x0000000603800000|  0%| F|  |TAMS 0x0000000603400000, 0x0000000603400000| Untracked 
|   9|0x0000000603800000, 0x0000000603800000, 0x0000000603c00000|  0%| F|  |TAMS 0x0000000603800000, 0x0000000603800000| Untracked 
|  10|0x0000000603c00000, 0x0000000603c00000, 0x0000000604000000|  0%| F|  |TAMS 0x0000000603c00000, 0x0000000603c00000| Untracked 
|  11|0x0000000604000000, 0x0000000604000000, 0x0000000604400000|  0%| F|  |TAMS 0x0000000604000000, 0x0000000604000000| Untracked 
|  12|0x0000000604400000, 0x0000000604400000, 0x0000000604800000|  0%| F|  |TAMS 0x0000000604400000, 0x0000000604400000| Untracked 
|  13|0x0000000604800000, 0x0000000604800000, 0x0000000604c00000|  0%| F|  |TAMS 0x0000000604800000, 0x0000000604800000| Untracked 
|  14|0x0000000604c00000, 0x0000000604c00000, 0x0000000605000000|  0%| F|  |TAMS 0x0000000604c00000, 0x0000000604c00000| Untracked 
|  15|0x0000000605000000, 0x0000000605000000, 0x0000000605400000|  0%| F|  |TAMS 0x0000000605000000, 0x0000000605000000| Untracked 
|  16|0x0000000605400000, 0x0000000605400000, 0x0000000605800000|  0%| F|  |TAMS 0x0000000605400000, 0x0000000605400000| Untracked 
|  17|0x0000000605800000, 0x0000000605800000, 0x0000000605c00000|  0%| F|  |TAMS 0x0000000605800000, 0x0000000605800000| Untracked 
|  18|0x0000000605c00000, 0x0000000605c00000, 0x0000000606000000|  0%| F|  |TAMS 0x0000000605c00000, 0x0000000605c00000| Untracked 
|  19|0x0000000606000000, 0x0000000606000000, 0x0000000606400000|  0%| F|  |TAMS 0x0000000606000000, 0x0000000606000000| Untracked 
|  20|0x0000000606400000, 0x0000000606400000, 0x0000000606800000|  0%| F|  |TAMS 0x0000000606400000, 0x0000000606400000| Untracked 
|  21|0x0000000606800000, 0x0000000606800000, 0x0000000606c00000|  0%| F|  |TAMS 0x0000000606800000, 0x0000000606800000| Untracked 
|  22|0x0000000606c00000, 0x0000000606c00000, 0x0000000607000000|  0%| F|  |TAMS 0x0000000606c00000, 0x0000000606c00000| Untracked 
|  23|0x0000000607000000, 0x0000000607000000, 0x0000000607400000|  0%| F|  |TAMS 0x0000000607000000, 0x0000000607000000| Untracked 
|  24|0x0000000607400000, 0x0000000607400000, 0x0000000607800000|  0%| F|  |TAMS 0x0000000607400000, 0x0000000607400000| Untracked 
|  25|0x0000000607800000, 0x0000000607800000, 0x0000000607c00000|  0%| F|  |TAMS 0x0000000607800000, 0x0000000607800000| Untracked 
|  26|0x0000000607c00000, 0x0000000607c00000, 0x0000000608000000|  0%| F|  |TAMS 0x0000000607c00000, 0x0000000607c00000| Untracked 
|  27|0x0000000608000000, 0x0000000608000000, 0x0000000608400000|  0%| F|  |TAMS 0x0000000608000000, 0x0000000608000000| Untracked 
|  28|0x0000000608400000, 0x0000000608400000, 0x0000000608800000|  0%| F|  |TAMS 0x0000000608400000, 0x0000000608400000| Untracked 
|  29|0x0000000608800000, 0x0000000608800000, 0x0000000608c00000|  0%| F|  |TAMS 0x0000000608800000, 0x0000000608800000| Untracked 
|  30|0x0000000608c00000, 0x0000000608c00000, 0x0000000609000000|  0%| F|  |TAMS 0x0000000608c00000, 0x0000000608c00000| Untracked 
|  31|0x0000000609000000, 0x0000000609000000, 0x0000000609400000|  0%| F|  |TAMS 0x0000000609000000, 0x0000000609000000| Untracked 
|  32|0x0000000609400000, 0x0000000609400000, 0x0000000609800000|  0%| F|  |TAMS 0x0000000609400000, 0x0000000609400000| Untracked 
|  33|0x0000000609800000, 0x0000000609800000, 0x0000000609c00000|  0%| F|  |TAMS 0x0000000609800000, 0x0000000609800000| Untracked 
|  34|0x0000000609c00000, 0x0000000609c00000, 0x000000060a000000|  0%| F|  |TAMS 0x0000000609c00000, 0x0000000609c00000| Untracked 
|  35|0x000000060a000000, 0x000000060a000000, 0x000000060a400000|  0%| F|  |TAMS 0x000000060a000000, 0x000000060a000000| Untracked 
|  36|0x000000060a400000, 0x000000060a400000, 0x000000060a800000|  0%| F|  |TAMS 0x000000060a400000, 0x000000060a400000| Untracked 
|  37|0x000000060a800000, 0x000000060a800000, 0x000000060ac00000|  0%| F|  |TAMS 0x000000060a800000, 0x000000060a800000| Untracked 
|  38|0x000000060ac00000, 0x000000060ac00000, 0x000000060b000000|  0%| F|  |TAMS 0x000000060ac00000, 0x000000060ac00000| Untracked 
|  39|0x000000060b000000, 0x000000060b000000, 0x000000060b400000|  0%| F|  |TAMS 0x000000060b000000, 0x000000060b000000| Untracked 
|  40|0x000000060b400000, 0x000000060b400000, 0x000000060b800000|  0%| F|  |TAMS 0x000000060b400000, 0x000000060b400000| Untracked 
|  41|0x000000060b800000, 0x000000060b800000, 0x000000060bc00000|  0%| F|  |TAMS 0x000000060b800000, 0x000000060b800000| Untracked 
|  42|0x000000060bc00000, 0x000000060bc00000, 0x000000060c000000|  0%| F|  |TAMS 0x000000060bc00000, 0x000000060bc00000| Untracked 
|  43|0x000000060c000000, 0x000000060c000000, 0x000000060c400000|  0%| F|  |TAMS 0x000000060c000000, 0x000000060c000000| Untracked 
|  44|0x000000060c400000, 0x000000060c400000, 0x000000060c800000|  0%| F|  |TAMS 0x000000060c400000, 0x000000060c400000| Untracked 
|  45|0x000000060c800000, 0x000000060c800000, 0x000000060cc00000|  0%| F|  |TAMS 0x000000060c800000, 0x000000060c800000| Untracked 
|  46|0x000000060cc00000, 0x000000060cc00000, 0x000000060d000000|  0%| F|  |TAMS 0x000000060cc00000, 0x000000060cc00000| Untracked 
|  47|0x000000060d000000, 0x000000060d000000, 0x000000060d400000|  0%| F|  |TAMS 0x000000060d000000, 0x000000060d000000| Untracked 
|  48|0x000000060d400000, 0x000000060d400000, 0x000000060d800000|  0%| F|  |TAMS 0x000000060d400000, 0x000000060d400000| Untracked 
|  49|0x000000060d800000, 0x000000060d800000, 0x000000060dc00000|  0%| F|  |TAMS 0x000000060d800000, 0x000000060d800000| Untracked 
|  50|0x000000060dc00000, 0x000000060dc00000, 0x000000060e000000|  0%| F|  |TAMS 0x000000060dc00000, 0x000000060dc00000| Untracked 
|  51|0x000000060e000000, 0x000000060e000000, 0x000000060e400000|  0%| F|  |TAMS 0x000000060e000000, 0x000000060e000000| Untracked 
|  52|0x000000060e400000, 0x000000060e400000, 0x000000060e800000|  0%| F|  |TAMS 0x000000060e400000, 0x000000060e400000| Untracked 
|  53|0x000000060e800000, 0x000000060e800000, 0x000000060ec00000|  0%| F|  |TAMS 0x000000060e800000, 0x000000060e800000| Untracked 
|  54|0x000000060ec00000, 0x000000060ec00000, 0x000000060f000000|  0%| F|  |TAMS 0x000000060ec00000, 0x000000060ec00000| Untracked 
|  55|0x000000060f000000, 0x000000060f000000, 0x000000060f400000|  0%| F|  |TAMS 0x000000060f000000, 0x000000060f000000| Untracked 
|  56|0x000000060f400000, 0x000000060f400000, 0x000000060f800000|  0%| F|  |TAMS 0x000000060f400000, 0x000000060f400000| Untracked 
|  57|0x000000060f800000, 0x000000060f800000, 0x000000060fc00000|  0%| F|  |TAMS 0x000000060f800000, 0x000000060f800000| Untracked 
|  58|0x000000060fc00000, 0x000000060fc00000, 0x0000000610000000|  0%| F|  |TAMS 0x000000060fc00000, 0x000000060fc00000| Untracked 
|  59|0x0000000610000000, 0x0000000610000000, 0x0000000610400000|  0%| F|  |TAMS 0x0000000610000000, 0x0000000610000000| Untracked 
|  60|0x0000000610400000, 0x0000000610400000, 0x0000000610800000|  0%| F|  |TAMS 0x0000000610400000, 0x0000000610400000| Untracked 
|  61|0x0000000610800000, 0x0000000610800000, 0x0000000610c00000|  0%| F|  |TAMS 0x0000000610800000, 0x0000000610800000| Untracked 
|  62|0x0000000610c00000, 0x0000000610c00000, 0x0000000611000000|  0%| F|  |TAMS 0x0000000610c00000, 0x0000000610c00000| Untracked 
|  63|0x0000000611000000, 0x0000000611000000, 0x0000000611400000|  0%| F|  |TAMS 0x0000000611000000, 0x0000000611000000| Untracked 
|  64|0x0000000611400000, 0x0000000611400000, 0x0000000611800000|  0%| F|  |TAMS 0x0000000611400000, 0x0000000611400000| Untracked 
|  65|0x0000000611800000, 0x0000000611800000, 0x0000000611c00000|  0%| F|  |TAMS 0x0000000611800000, 0x0000000611800000| Untracked 
|  66|0x0000000611c00000, 0x0000000611c00000, 0x0000000612000000|  0%| F|  |TAMS 0x0000000611c00000, 0x0000000611c00000| Untracked 
|  67|0x0000000612000000, 0x0000000612000000, 0x0000000612400000|  0%| F|  |TAMS 0x0000000612000000, 0x0000000612000000| Untracked 
|  68|0x0000000612400000, 0x0000000612400000, 0x0000000612800000|  0%| F|  |TAMS 0x0000000612400000, 0x0000000612400000| Untracked 
|  69|0x0000000612800000, 0x0000000612800000, 0x0000000612c00000|  0%| F|  |TAMS 0x0000000612800000, 0x0000000612800000| Untracked 
|  70|0x0000000612c00000, 0x0000000612c00000, 0x0000000613000000|  0%| F|  |TAMS 0x0000000612c00000, 0x0000000612c00000| Untracked 
|  71|0x0000000613000000, 0x0000000613000000, 0x0000000613400000|  0%| F|  |TAMS 0x0000000613000000, 0x0000000613000000| Untracked 
|  72|0x0000000613400000, 0x0000000613400000, 0x0000000613800000|  0%| F|  |TAMS 0x0000000613400000, 0x0000000613400000| Untracked 
|  73|0x0000000613800000, 0x0000000613800000, 0x0000000613c00000|  0%| F|  |TAMS 0x0000000613800000, 0x0000000613800000| Untracked 
|  74|0x0000000613c00000, 0x0000000613c00000, 0x0000000614000000|  0%| F|  |TAMS 0x0000000613c00000, 0x0000000613c00000| Untracked 
|  75|0x0000000614000000, 0x0000000614000000, 0x0000000614400000|  0%| F|  |TAMS 0x0000000614000000, 0x0000000614000000| Untracked 
|  76|0x0000000614400000, 0x0000000614400000, 0x0000000614800000|  0%| F|  |TAMS 0x0000000614400000, 0x0000000614400000| Untracked 
|  77|0x0000000614800000, 0x0000000614800000, 0x0000000614c00000|  0%| F|  |TAMS 0x0000000614800000, 0x0000000614800000| Untracked 
|  78|0x0000000614c00000, 0x0000000614c00000, 0x0000000615000000|  0%| F|  |TAMS 0x0000000614c00000, 0x0000000614c00000| Untracked 
|  79|0x0000000615000000, 0x0000000615000000, 0x0000000615400000|  0%| F|  |TAMS 0x0000000615000000, 0x0000000615000000| Untracked 
|  80|0x0000000615400000, 0x0000000615400000, 0x0000000615800000|  0%| F|  |TAMS 0x0000000615400000, 0x0000000615400000| Untracked 
|  81|0x0000000615800000, 0x0000000615800000, 0x0000000615c00000|  0%| F|  |TAMS 0x0000000615800000, 0x0000000615800000| Untracked 
|  82|0x0000000615c00000, 0x0000000615c00000, 0x0000000616000000|  0%| F|  |TAMS 0x0000000615c00000, 0x0000000615c00000| Untracked 
|  83|0x0000000616000000, 0x0000000616000000, 0x0000000616400000|  0%| F|  |TAMS 0x0000000616000000, 0x0000000616000000| Untracked 
|  84|0x0000000616400000, 0x0000000616400000, 0x0000000616800000|  0%| F|  |TAMS 0x0000000616400000, 0x0000000616400000| Untracked 
|  85|0x0000000616800000, 0x0000000616800000, 0x0000000616c00000|  0%| F|  |TAMS 0x0000000616800000, 0x0000000616800000| Untracked 
|  86|0x0000000616c00000, 0x0000000616c00000, 0x0000000617000000|  0%| F|  |TAMS 0x0000000616c00000, 0x0000000616c00000| Untracked 
|  87|0x0000000617000000, 0x0000000617000000, 0x0000000617400000|  0%| F|  |TAMS 0x0000000617000000, 0x0000000617000000| Untracked 
|  88|0x0000000617400000, 0x0000000617400000, 0x0000000617800000|  0%| F|  |TAMS 0x0000000617400000, 0x0000000617400000| Untracked 
|  89|0x0000000617800000, 0x0000000617800000, 0x0000000617c00000|  0%| F|  |TAMS 0x0000000617800000, 0x0000000617800000| Untracked 
|  90|0x0000000617c00000, 0x0000000617c00000, 0x0000000618000000|  0%| F|  |TAMS 0x0000000617c00000, 0x0000000617c00000| Untracked 
|  91|0x0000000618000000, 0x0000000618000000, 0x0000000618400000|  0%| F|  |TAMS 0x0000000618000000, 0x0000000618000000| Untracked 
|  92|0x0000000618400000, 0x0000000618400000, 0x0000000618800000|  0%| F|  |TAMS 0x0000000618400000, 0x0000000618400000| Untracked 
|  93|0x0000000618800000, 0x0000000618800000, 0x0000000618c00000|  0%| F|  |TAMS 0x0000000618800000, 0x0000000618800000| Untracked 
|  94|0x0000000618c00000, 0x0000000618c00000, 0x0000000619000000|  0%| F|  |TAMS 0x0000000618c00000, 0x0000000618c00000| Untracked 
|  95|0x0000000619000000, 0x0000000619000000, 0x0000000619400000|  0%| F|  |TAMS 0x0000000619000000, 0x0000000619000000| Untracked 
|  96|0x0000000619400000, 0x0000000619400000, 0x0000000619800000|  0%| F|  |TAMS 0x0000000619400000, 0x0000000619400000| Untracked 
|  97|0x0000000619800000, 0x0000000619800000, 0x0000000619c00000|  0%| F|  |TAMS 0x0000000619800000, 0x0000000619800000| Untracked 
|  98|0x0000000619c00000, 0x0000000619c00000, 0x000000061a000000|  0%| F|  |TAMS 0x0000000619c00000, 0x0000000619c00000| Untracked 
|  99|0x000000061a000000, 0x000000061a000000, 0x000000061a400000|  0%| F|  |TAMS 0x000000061a000000, 0x000000061a000000| Untracked 
| 100|0x000000061a400000, 0x000000061a400000, 0x000000061a800000|  0%| F|  |TAMS 0x000000061a400000, 0x000000061a400000| Untracked 
| 101|0x000000061a800000, 0x000000061a800000, 0x000000061ac00000|  0%| F|  |TAMS 0x000000061a800000, 0x000000061a800000| Untracked 
| 102|0x000000061ac00000, 0x000000061ac00000, 0x000000061b000000|  0%| F|  |TAMS 0x000000061ac00000, 0x000000061ac00000| Untracked 
| 103|0x000000061b000000, 0x000000061b000000, 0x000000061b400000|  0%| F|  |TAMS 0x000000061b000000, 0x000000061b000000| Untracked 
| 104|0x000000061b400000, 0x000000061b400000, 0x000000061b800000|  0%| F|  |TAMS 0x000000061b400000, 0x000000061b400000| Untracked 
| 105|0x000000061b800000, 0x000000061b800000, 0x000000061bc00000|  0%| F|  |TAMS 0x000000061b800000, 0x000000061b800000| Untracked 
| 106|0x000000061bc00000, 0x000000061bc00000, 0x000000061c000000|  0%| F|  |TAMS 0x000000061bc00000, 0x000000061bc00000| Untracked 
| 107|0x000000061c000000, 0x000000061c000000, 0x000000061c400000|  0%| F|  |TAMS 0x000000061c000000, 0x000000061c000000| Untracked 
| 108|0x000000061c400000, 0x000000061c400000, 0x000000061c800000|  0%| F|  |TAMS 0x000000061c400000, 0x000000061c400000| Untracked 
| 109|0x000000061c800000, 0x000000061c800000, 0x000000061cc00000|  0%| F|  |TAMS 0x000000061c800000, 0x000000061c800000| Untracked 
| 110|0x000000061cc00000, 0x000000061cc00000, 0x000000061d000000|  0%| F|  |TAMS 0x000000061cc00000, 0x000000061cc00000| Untracked 
| 111|0x000000061d000000, 0x000000061d000000, 0x000000061d400000|  0%| F|  |TAMS 0x000000061d000000, 0x000000061d000000| Untracked 
| 112|0x000000061d400000, 0x000000061d416608, 0x000000061d800000|  2%| E|CS|TAMS 0x000000061d400000, 0x000000061d416608| Complete 
| 113|0x000000061d800000, 0x000000061dc00000, 0x000000061dc00000|100%| E|CS|TAMS 0x000000061d800000, 0x000000061dc00000| Complete 
| 114|0x000000061dc00000, 0x000000061dc00000, 0x000000061e000000|  0%| F|  |TAMS 0x000000061dc00000, 0x000000061dc00000| Untracked 
| 115|0x000000061e000000, 0x000000061e272d78, 0x000000061e400000| 61%| S|  |TAMS 0x000000061e000000, 0x000000061e000000| Complete 
| 116|0x000000061e400000, 0x000000061e800000, 0x000000061e800000|100%| S|  |TAMS 0x000000061e400000, 0x000000061e400000| Complete 
| 117|0x000000061e800000, 0x000000061eb4dc28, 0x000000061ec00000| 82%| E|CS|TAMS 0x000000061e800000, 0x000000061eb4dc28| Complete 
| 118|0x000000061ec00000, 0x000000061f000000, 0x000000061f000000|100%| E|CS|TAMS 0x000000061ec00000, 0x000000061f000000| Complete 
| 119|0x000000061f000000, 0x000000061f400000, 0x000000061f400000|100%| E|CS|TAMS 0x000000061f000000, 0x000000061f400000| Complete 
| 120|0x000000061f400000, 0x000000061f800000, 0x000000061f800000|100%| E|CS|TAMS 0x000000061f400000, 0x000000061f800000| Complete 
| 121|0x000000061f800000, 0x000000061fc00000, 0x000000061fc00000|100%| E|CS|TAMS 0x000000061f800000, 0x000000061fc00000| Complete 
| 122|0x000000061fc00000, 0x0000000620000000, 0x0000000620000000|100%| E|CS|TAMS 0x000000061fc00000, 0x0000000620000000| Complete 
| 123|0x0000000620000000, 0x0000000620400000, 0x0000000620400000|100%| E|CS|TAMS 0x0000000620000000, 0x0000000620400000| Complete 
| 124|0x0000000620400000, 0x0000000620800000, 0x0000000620800000|100%| E|CS|TAMS 0x0000000620400000, 0x0000000620800000| Complete 
| 125|0x0000000620800000, 0x0000000620c00000, 0x0000000620c00000|100%| E|CS|TAMS 0x0000000620800000, 0x0000000620c00000| Complete 
| 126|0x0000000620c00000, 0x0000000621000000, 0x0000000621000000|100%| E|CS|TAMS 0x0000000620c00000, 0x0000000621000000| Complete 
| 127|0x0000000621000000, 0x0000000621400000, 0x0000000621400000|100%| E|CS|TAMS 0x0000000621000000, 0x0000000621400000| Complete 

Card table byte_map: [0x000001c9ddd20000,0x000001c9ded20000] _byte_map_base: 0x000001c9dad16000

Marking Bits (Prev, Next): (CMBitMap*) 0x000001c9d16ffe00, (CMBitMap*) 0x000001c9d16ffe40
 Prev Bits: [0x000001c9dfd20000, 0x000001c9e7cd0000)
 Next Bits: [0x000001c9e7cd0000, 0x000001c9efc80000)

Polling page: 0x000001c9cfde0000

Metaspace:

Usage:
  Non-class:     18.01 MB used.
      Class:      2.70 MB used.
       Both:     20.71 MB used.

Virtual space:
  Non-class space:       64.00 MB reserved,      18.13 MB ( 28%) committed,  1 nodes.
      Class space:        1.00 GB reserved,       2.88 MB ( <1%) committed,  1 nodes.
             Both:        1.06 GB reserved,      21.00 MB (  2%) committed. 

Chunk freelists:
   Non-Class:  13.13 MB
       Class:  13.06 MB
        Both:  26.19 MB

MaxMetaspaceSize: unlimited
CompressedClassSpaceSize: 1.00 GB
Initial GC threshold: 21.00 MB
Current GC threshold: 21.00 MB
CDS: on
MetaspaceReclaimPolicy: balanced
 - commit_granule_bytes: 65536.
 - commit_granule_words: 8192.
 - virtual_space_node_default_size: 8388608.
 - enlarge_chunks_in_place: 1.
 - new_chunks_are_fully_committed: 0.
 - uncommit_free_chunks: 1.
 - use_allocation_guard: 0.
 - handle_deallocations: 1.


Internal statistics:

num_allocs_failed_limit: 3.
num_arena_births: 350.
num_arena_deaths: 0.
num_vsnodes_births: 2.
num_vsnodes_deaths: 0.
num_space_committed: 336.
num_space_uncommitted: 0.
num_chunks_returned_to_freelist: 3.
num_chunks_taken_from_freelist: 1002.
num_chunk_merges: 3.
num_chunk_splits: 697.
num_chunks_enlarged: 512.
num_inconsistent_stats: 0.

CodeCache: size=49152Kb used=8090Kb max_used=8090Kb free=41061Kb
 bounds [0x000001c9d9240000, 0x000001c9d9a30000, 0x000001c9dc240000]
 total_blobs=3645 nmethods=3135 adapters=434
 compilation: enabled
              stopped_count=0, restarted_count=0
 full_count=0

Compilation events (20 events):
Event: 2.781 Thread 0x000001c9f2766ea0 nmethod 3124 0x000001c9d9a22390 code [0x000001c9d9a22580, 0x000001c9d9a22928]
Event: 2.781 Thread 0x000001c9f77c3e60 nmethod 3123 0x000001c9d9a22b90 code [0x000001c9d9a22dc0, 0x000001c9d9a23398]
Event: 2.781 Thread 0x000001c9dcd155a0 nmethod 3127 0x000001c9d9a23710 code [0x000001c9d9a238a0, 0x000001c9d9a239a8]
Event: 2.781 Thread 0x000001c9f77c0430 nmethod 3122 0x000001c9d9a23a90 code [0x000001c9d9a23ca0, 0x000001c9d9a24178]
Event: 2.782 Thread 0x000001c9dcd155a0 3128       1       org.springframework.boot.autoconfigure.condition.FilteringSpringBootCondition::match (119 bytes)
Event: 2.782 Thread 0x000001c9f2766ea0 3129       1       org.springframework.boot.autoconfigure.condition.ConditionEvaluationReport::find (17 bytes)
Event: 2.782 Thread 0x000001c9f2766ea0 nmethod 3129 0x000001c9d9a24490 code [0x000001c9d9a24640, 0x000001c9d9a24808]
Event: 2.782 Thread 0x000001c9dcd155a0 nmethod 3128 0x000001c9d9a24890 code [0x000001c9d9a24a80, 0x000001c9d9a24fd8]
Event: 2.784 Thread 0x000001c9dcd155a0 3130       1       org.springframework.core.type.filter.AssignableTypeFilter::matchClassName (12 bytes)
Event: 2.784 Thread 0x000001c9dcd155a0 nmethod 3130 0x000001c9d9a25310 code [0x000001c9d9a254c0, 0x000001c9d9a25618]
Event: 2.785 Thread 0x000001c9f77c3e60 3131       1       java.net.URL::<init> (7 bytes)
Event: 2.785 Thread 0x000001c9f77c3e60 nmethod 3131 0x000001c9d9a25710 code [0x000001c9d9a258a0, 0x000001c9d9a259a8]
Event: 2.786 Thread 0x000001c9f77c3e60 3132       1       org.springframework.context.annotation.ConfigurationClass::hashCode (13 bytes)
Event: 2.786 Thread 0x000001c9f77c3e60 nmethod 3132 0x000001c9d9a25a90 code [0x000001c9d9a25c40, 0x000001c9d9a25d58]
Event: 2.788 Thread 0x000001c9f77c3e60 3133       1       sun.net.www.protocol.jar.URLJarFile::isFileURL (50 bytes)
Event: 2.788 Thread 0x000001c9f77c3e60 nmethod 3133 0x000001c9d9a25e10 code [0x000001c9d9a25fe0, 0x000001c9d9a261a8]
Event: 2.788 Thread 0x000001c9f77c3e60 3134       1       org.springframework.util.MultiValueMapAdapter::add (28 bytes)
Event: 2.789 Thread 0x000001c9f77c3e60 nmethod 3134 0x000001c9d9a26310 code [0x000001c9d9a264c0, 0x000001c9d9a26658]
Event: 2.791 Thread 0x000001c9f77c3e60 3135       1       org.springframework.core.annotation.MergedAnnotations::from (9 bytes)
Event: 2.791 Thread 0x000001c9f77c3e60 nmethod 3135 0x000001c9d9a26710 code [0x000001c9d9a268a0, 0x000001c9d9a269a8]

GC Heap History (7 events):
Event: 1.017 GC heap before
{Heap before GC invocations=0 (full 0):
 garbage-first heap   total 524288K, used 24576K [0x0000000601400000, 0x0000000800000000)
  region size 4096K, 6 young (24576K), 0 survivors (0K)
 Metaspace       used 5231K, committed 5440K, reserved 1114112K
  class space    used 653K, committed 768K, reserved 1048576K
}
Event: 1.024 GC heap after
{Heap after GC invocations=1 (full 0):
 garbage-first heap   total 524288K, used 10118K [0x0000000601400000, 0x0000000800000000)
  region size 4096K, 1 young (4096K), 1 survivors (4096K)
 Metaspace       used 5231K, committed 5440K, reserved 1114112K
  class space    used 653K, committed 768K, reserved 1048576K
}
Event: 1.472 GC heap before
{Heap before GC invocations=1 (full 0):
 garbage-first heap   total 524288K, used 30598K [0x0000000601400000, 0x0000000800000000)
  region size 4096K, 6 young (24576K), 1 survivors (4096K)
 Metaspace       used 8842K, committed 9024K, reserved 1114112K
  class space    used 1108K, committed 1216K, reserved 1048576K
}
Event: 1.474 GC heap after
{Heap after GC invocations=2 (full 0):
 garbage-first heap   total 524288K, used 11234K [0x0000000601400000, 0x0000000800000000)
  region size 4096K, 1 young (4096K), 1 survivors (4096K)
 Metaspace       used 8842K, committed 9024K, reserved 1114112K
  class space    used 1108K, committed 1216K, reserved 1048576K
}
Event: 2.203 GC heap before
{Heap before GC invocations=2 (full 0):
 garbage-first heap   total 524288K, used 64482K [0x0000000601400000, 0x0000000800000000)
  region size 4096K, 14 young (57344K), 1 survivors (4096K)
 Metaspace       used 17980K, committed 18304K, reserved 1114112K
  class space    used 2357K, committed 2496K, reserved 1048576K
}
Event: 2.207 GC heap after
{Heap after GC invocations=3 (full 0):
 garbage-first heap   total 524288K, used 14042K [0x0000000601400000, 0x0000000800000000)
  region size 4096K, 2 young (8192K), 2 survivors (8192K)
 Metaspace       used 17980K, committed 18304K, reserved 1114112K
  class space    used 2357K, committed 2496K, reserved 1048576K
}
Event: 2.797 GC heap before
{Heap before GC invocations=3 (full 0):
 garbage-first heap   total 524288K, used 55002K [0x0000000601400000, 0x0000000800000000)
  region size 4096K, 13 young (53248K), 2 survivors (8192K)
 Metaspace       used 21210K, committed 21504K, reserved 1114112K
  class space    used 2766K, committed 2944K, reserved 1048576K
}

Deoptimization events (20 events):
Event: 2.796 Thread 0x000001c9f7a16310 DEOPT PACKING pc=0x000001c9d99beb4c sp=0x0000008e2d9fcf30
Event: 2.796 Thread 0x000001c9f7a16310 DEOPT UNPACKING pc=0x000001c9d9292b43 sp=0x0000008e2d9fc500 mode 1
Event: 2.796 Thread 0x000001c9f7a16310 DEOPT PACKING pc=0x000001c9d96d4d64 sp=0x0000008e2d9fc520
Event: 2.796 Thread 0x000001c9f7a16310 DEOPT UNPACKING pc=0x000001c9d9292b43 sp=0x0000008e2d9fb9b8 mode 1
Event: 2.796 Thread 0x000001c9f7a16310 DEOPT PACKING pc=0x000001c9d96d35fc sp=0x0000008e2d9fc5f0
Event: 2.796 Thread 0x000001c9f7a16310 DEOPT UNPACKING pc=0x000001c9d9292b43 sp=0x0000008e2d9fbaa8 mode 1
Event: 2.796 Thread 0x000001c9f7a16310 DEOPT PACKING pc=0x000001c9d954da5c sp=0x0000008e2d9fcf80
Event: 2.796 Thread 0x000001c9f7a16310 DEOPT UNPACKING pc=0x000001c9d9292b43 sp=0x0000008e2d9fc470 mode 1
Event: 2.796 Thread 0x000001c9f7a16310 DEOPT PACKING pc=0x000001c9d96d35fc sp=0x0000008e2d9fd0f0
Event: 2.796 Thread 0x000001c9f7a16310 DEOPT UNPACKING pc=0x000001c9d9292b43 sp=0x0000008e2d9fc5a8 mode 1
Event: 2.796 Thread 0x000001c9f7a16310 DEOPT PACKING pc=0x000001c9d954da5c sp=0x0000008e2d9fda80
Event: 2.796 Thread 0x000001c9f7a16310 DEOPT UNPACKING pc=0x000001c9d9292b43 sp=0x0000008e2d9fcf58 mode 1
Event: 2.796 Thread 0x000001c9f7a16310 DEOPT PACKING pc=0x000001c9d9a09354 sp=0x0000008e2d9fdb20
Event: 2.796 Thread 0x000001c9f7a16310 DEOPT UNPACKING pc=0x000001c9d9292b43 sp=0x0000008e2d9fcf78 mode 1
Event: 2.796 Thread 0x000001c9f7a16310 DEOPT PACKING pc=0x000001c9d99bba34 sp=0x0000008e2d9fccd0
Event: 2.796 Thread 0x000001c9f7a16310 DEOPT UNPACKING pc=0x000001c9d9292b43 sp=0x0000008e2d9fc208 mode 1
Event: 2.796 Thread 0x000001c9f7a16310 DEOPT PACKING pc=0x000001c9d99bc95c sp=0x0000008e2d9fcdc0
Event: 2.796 Thread 0x000001c9f7a16310 DEOPT UNPACKING pc=0x000001c9d9292b43 sp=0x0000008e2d9fc370 mode 1
Event: 2.796 Thread 0x000001c9f7a16310 DEOPT PACKING pc=0x000001c9d99beb4c sp=0x0000008e2d9fcf30
Event: 2.796 Thread 0x000001c9f7a16310 DEOPT UNPACKING pc=0x000001c9d9292b43 sp=0x0000008e2d9fc500 mode 1

Classes unloaded (0 events):
No events

Classes redefined (0 events):
No events

Internal exceptions (20 events):
Event: 2.218 Thread 0x000001c9f7bd3f20 Exception <a 'java/lang/NoSuchMethodError'{0x0000000621072918}: 'long java.lang.invoke.DirectMethodHandle$Holder.invokeSpecial(java.lang.Object, java.lang.Object)'> (0x0000000621072918) 
thrown [s\open\src\hotspot\share\interpreter\linkResolver.cpp, line 759]
Event: 2.220 Thread 0x000001c9f7bd3f20 Exception <a 'java/lang/NoSuchMethodError'{0x000000062107d7e8}: 'long java.lang.invoke.DirectMethodHandle$Holder.invokeStatic(java.lang.Object, java.lang.Object)'> (0x000000062107d7e8) 
thrown [s\open\src\hotspot\share\interpreter\linkResolver.cpp, line 759]
Event: 2.220 Thread 0x000001c9f7bd3f20 Exception <a 'java/lang/NoSuchMethodError'{0x0000000621080de8}: 'long java.lang.invoke.DirectMethodHandle$Holder.invokeStaticInit(java.lang.Object, java.lang.Object)'> (0x0000000621080de8) 
thrown [s\open\src\hotspot\share\interpreter\linkResolver.cpp, line 759]
Event: 2.221 Thread 0x000001c9f7bd3f20 Exception <a 'java/lang/NoSuchMethodError'{0x000000062108e990}: 'long java.lang.invoke.DirectMethodHandle$Holder.invokeInterface(java.lang.Object, java.lang.Object)'> (0x000000062108e990) 
thrown [s\open\src\hotspot\share\interpreter\linkResolver.cpp, line 759]
Event: 2.221 Thread 0x000001c9f7bd3f20 Exception <a 'java/lang/IncompatibleClassChangeError'{0x0000000621091f20}: Found class java.lang.Object, but interface was expected> (0x0000000621091f20) 
thrown [s\open\src\hotspot\share\interpreter\linkResolver.cpp, line 826]
Event: 2.233 Thread 0x000001c9f7bd3f20 Exception <a 'java/lang/NoSuchMethodError'{0x0000000621135d28}: 'java.lang.Object java.lang.invoke.DirectMethodHandle$Holder.invokeVirtual(java.lang.Object, java.lang.Object, java.lang.Object, java.lang.Object)'> (0x0000000621135d28) 
thrown [s\open\src\hotspot\share\interpreter\linkResolver.cpp, line 759]
Event: 2.259 Thread 0x000001c9f7a16310 Exception <a 'sun/nio/fs/WindowsException'{0x0000000620e5c3a0}> (0x0000000620e5c3a0) 
thrown [s\open\src\hotspot\share\prims\jni.cpp, line 516]
Event: 2.299 Thread 0x000001c9f7a16310 Exception <a 'sun/nio/fs/WindowsException'{0x0000000620ad4778}> (0x0000000620ad4778) 
thrown [s\open\src\hotspot\share\prims\jni.cpp, line 516]
Event: 2.304 Thread 0x000001c9f7a16310 Exception <a 'sun/nio/fs/WindowsException'{0x0000000620416448}> (0x0000000620416448) 
thrown [s\open\src\hotspot\share\prims\jni.cpp, line 516]
Event: 2.306 Thread 0x000001c9f7a16310 Exception <a 'sun/nio/fs/WindowsException'{0x000000062043d928}> (0x000000062043d928) 
thrown [s\open\src\hotspot\share\prims\jni.cpp, line 516]
Event: 2.308 Thread 0x000001c9f7a16310 Exception <a 'sun/nio/fs/WindowsException'{0x000000062045efa8}> (0x000000062045efa8) 
thrown [s\open\src\hotspot\share\prims\jni.cpp, line 516]
Event: 2.312 Thread 0x000001c9f7a16310 Exception <a 'sun/nio/fs/WindowsException'{0x00000006204a51f8}> (0x00000006204a51f8) 
thrown [s\open\src\hotspot\share\prims\jni.cpp, line 516]
Event: 2.316 Thread 0x000001c9f7a16310 Exception <a 'sun/nio/fs/WindowsException'{0x00000006204bfd58}> (0x00000006204bfd58) 
thrown [s\open\src\hotspot\share\prims\jni.cpp, line 516]
Event: 2.333 Thread 0x000001c9f7a16310 Exception <a 'sun/nio/fs/WindowsException'{0x00000006205bb188}> (0x00000006205bb188) 
thrown [s\open\src\hotspot\share\prims\jni.cpp, line 516]
Event: 2.337 Thread 0x000001c9f7a16310 Exception <a 'sun/nio/fs/WindowsException'{0x00000006205cef10}> (0x00000006205cef10) 
thrown [s\open\src\hotspot\share\prims\jni.cpp, line 516]
Event: 2.339 Thread 0x000001c9f7a16310 Exception <a 'sun/nio/fs/WindowsException'{0x00000006205e3b70}> (0x00000006205e3b70) 
thrown [s\open\src\hotspot\share\prims\jni.cpp, line 516]
Event: 2.412 Thread 0x000001c9f7a16310 Exception <a 'sun/nio/fs/WindowsException'{0x00000006202aa658}> (0x00000006202aa658) 
thrown [s\open\src\hotspot\share\prims\jni.cpp, line 516]
Event: 2.413 Thread 0x000001c9f7a16310 Exception <a 'sun/nio/fs/WindowsException'{0x00000006202b9b98}> (0x00000006202b9b98) 
thrown [s\open\src\hotspot\share\prims\jni.cpp, line 516]
Event: 2.567 Thread 0x000001c9f7a16310 Exception <a 'java/lang/IncompatibleClassChangeError'{0x000000061f4e75d0}: Found class java.lang.Object, but interface was expected> (0x000000061f4e75d0) 
thrown [s\open\src\hotspot\share\interpreter\linkResolver.cpp, line 826]
Event: 2.703 Thread 0x000001c9f795c7b0 Exception <a 'java/lang/reflect/InvocationTargetException'{0x000000061f358cd8}> (0x000000061f358cd8) 
thrown [s\open\src\hotspot\share\runtime\reflection.cpp, line 1121]

VM Operations (20 events):
Event: 1.474 Executing VM operation: G1CollectForAllocation done
Event: 1.735 Executing VM operation: HandshakeAllThreads
Event: 1.735 Executing VM operation: HandshakeAllThreads done
Event: 1.915 Executing VM operation: HandshakeAllThreads
Event: 1.915 Executing VM operation: HandshakeAllThreads done
Event: 1.921 Executing VM operation: HandshakeAllThreads
Event: 1.921 Executing VM operation: HandshakeAllThreads done
Event: 1.942 Executing VM operation: ICBufferFull
Event: 1.942 Executing VM operation: ICBufferFull done
Event: 2.130 Executing VM operation: HandshakeAllThreads
Event: 2.130 Executing VM operation: HandshakeAllThreads done
Event: 2.168 Executing VM operation: HandshakeAllThreads
Event: 2.169 Executing VM operation: HandshakeAllThreads done
Event: 2.203 Executing VM operation: G1CollectForAllocation
Event: 2.207 Executing VM operation: G1CollectForAllocation done
Event: 2.274 Executing VM operation: HandshakeAllThreads
Event: 2.274 Executing VM operation: HandshakeAllThreads done
Event: 2.703 Executing VM operation: ICBufferFull
Event: 2.703 Executing VM operation: ICBufferFull done
Event: 2.797 Executing VM operation: CollectForMetadataAllocation

Events (20 events):
Event: 2.774 loading class org/springframework/boot/autoconfigure/condition/ConditionalOnCheckpointRestore
Event: 2.774 loading class org/springframework/boot/autoconfigure/condition/ConditionalOnCheckpointRestore done
Event: 2.777 loading class oracle/ucp/jdbc/PoolDataSource
Event: 2.777 loading class oracle/ucp/jdbc/PoolDataSource done
Event: 2.778 loading class oracle/jdbc/OracleConnection
Event: 2.778 loading class oracle/jdbc/OracleConnection done
Event: 2.779 loading class org/apache/commons/dbcp2/BasicDataSource
Event: 2.779 loading class org/apache/commons/dbcp2/BasicDataSource done
Event: 2.780 loading class org/apache/tomcat/jdbc/pool/DataSource
Event: 2.780 loading class org/apache/tomcat/jdbc/pool/DataSource done
Event: 2.780 loading class org/crac/Resource
Event: 2.780 loading class org/crac/Resource done
Event: 2.792 loading class io/lettuce/core/RedisClient
Event: 2.792 loading class io/lettuce/core/RedisClient done
Event: 2.793 loading class io/lettuce/core/AbstractRedisClient
Event: 2.793 loading class io/lettuce/core/AbstractRedisClient done
Event: 2.796 loading class org/apache/commons/pool2/impl/GenericObjectPool
Event: 2.796 loading class org/apache/commons/pool2/impl/GenericObjectPool done
Event: 2.796 loading class org/springframework/data/redis/connection/jedis/JedisConnection
Event: 2.796 loading class org/springframework/data/redis/connection/jedis/JedisConnection done


Dynamic libraries:
0x00007ff6c6e90000 - 0x00007ff6c6ea0000 	C:\Program Files\Java\jdk-17\bin\java.exe
0x00007ffcf3d20000 - 0x00007ffcf3f0e000 	C:\Windows\SYSTEM32\ntdll.dll
0x00007ffcf3a20000 - 0x00007ffcf3ad3000 	C:\Windows\System32\KERNEL32.DLL
0x00007ffcf0c10000 - 0x00007ffcf0ead000 	C:\Windows\System32\KERNELBASE.dll
0x00007ffcefda0000 - 0x00007ffcefe9a000 	C:\Windows\System32\ucrtbase.dll
0x00007ffcd5700000 - 0x00007ffcd571b000 	C:\Program Files\Java\jdk-17\bin\VCRUNTIME140.dll
0x00007ffcd5660000 - 0x00007ffcd5679000 	C:\Program Files\Java\jdk-17\bin\jli.dll
0x00007ffcf2630000 - 0x00007ffcf26d8000 	C:\Windows\System32\ADVAPI32.dll
0x00007ffcf2e40000 - 0x00007ffcf2ede000 	C:\Windows\System32\msvcrt.dll
0x00007ffcf3ae0000 - 0x00007ffcf3b82000 	C:\Windows\System32\sechost.dll
0x00007ffcf0f40000 - 0x00007ffcf105e000 	C:\Windows\System32\RPCRT4.dll
0x00007ffcf00f0000 - 0x00007ffcf0116000 	C:\Windows\System32\bcrypt.dll
0x00007ffcf26f0000 - 0x00007ffcf2887000 	C:\Windows\System32\USER32.dll
0x00007ffcf0bf0000 - 0x00007ffcf0c10000 	C:\Windows\System32\win32u.dll
0x00007ffcf39f0000 - 0x00007ffcf3a19000 	C:\Windows\System32\GDI32.dll
0x00007ffcefea0000 - 0x00007ffcf004a000 	C:\Windows\System32\gdi32full.dll
0x00007ffcf0050000 - 0x00007ffcf00f0000 	C:\Windows\System32\msvcp_win.dll
0x00007ffcde0f0000 - 0x00007ffcde369000 	C:\Windows\WinSxS\amd64_microsoft.windows.common-controls_6595b64144ccf1df_6.0.17763.5329_none_de6f1d32534d4c59\COMCTL32.dll
0x00007ffcf30e0000 - 0x00007ffcf340b000 	C:\Windows\System32\combase.dll
0x00007ffcf0eb0000 - 0x00007ffcf0f32000 	C:\Windows\System32\bcryptPrimitives.dll
0x00007ffcefa70000 - 0x00007ffcefa7a000 	C:\Windows\SYSTEM32\VERSION.dll
0x00007ffcf3410000 - 0x00007ffcf343e000 	C:\Windows\System32\IMM32.DLL
0x000000005b390000 - 0x000000005b39d000 	C:\Program Files (x86)\360\360Safe\safemon\SafeWrapper.dll
0x00007ffcda2e0000 - 0x00007ffcda38c000 	C:\Program Files (x86)\360\360Safe\safemon\libzdtp64.dll
0x00007ffcf1130000 - 0x00007ffcf2628000 	C:\Windows\System32\SHELL32.dll
0x00007ffcf0a90000 - 0x00007ffcf0ada000 	C:\Windows\System32\cfgmgr32.dll
0x00007ffcf38e0000 - 0x00007ffcf3987000 	C:\Windows\System32\shcore.dll
0x00007ffcf0140000 - 0x00007ffcf0887000 	C:\Windows\System32\windows.storage.dll
0x00007ffcefd70000 - 0x00007ffcefd93000 	C:\Windows\System32\profapi.dll
0x00007ffcefcd0000 - 0x00007ffcefd2d000 	C:\Windows\System32\powrprof.dll
0x00007ffcf3c10000 - 0x00007ffcf3c62000 	C:\Windows\System32\shlwapi.dll
0x00007ffcefd50000 - 0x00007ffcefd61000 	C:\Windows\System32\kernel.appcore.dll
0x00007ffcf0120000 - 0x00007ffcf013b000 	C:\Windows\System32\cryptsp.dll
0x00007ffcd5040000 - 0x00007ffcd504c000 	C:\Program Files\Java\jdk-17\bin\vcruntime140_1.dll
0x00007ffc99710000 - 0x00007ffc9979e000 	C:\Program Files\Java\jdk-17\bin\msvcp140.dll
0x00007ffc98b20000 - 0x00007ffc99701000 	C:\Program Files\Java\jdk-17\bin\server\jvm.dll
0x00007ffcf3c70000 - 0x00007ffcf3c78000 	C:\Windows\System32\PSAPI.DLL
0x00007ffcedad0000 - 0x00007ffcedaf4000 	C:\Windows\SYSTEM32\WINMM.dll
0x00007ffcd83f0000 - 0x00007ffcd83f9000 	C:\Windows\SYSTEM32\WSOCK32.dll
0x00007ffcf3c80000 - 0x00007ffcf3ced000 	C:\Windows\System32\WS2_32.dll
0x00007ffced980000 - 0x00007ffced9ad000 	C:\Windows\SYSTEM32\winmmbase.dll
0x00007ffcd3990000 - 0x00007ffcd399a000 	C:\Program Files\Java\jdk-17\bin\jimage.dll
0x00007ffcef520000 - 0x00007ffcef70d000 	C:\Windows\SYSTEM32\DBGHELP.DLL
0x00007ffcef4f0000 - 0x00007ffcef51a000 	C:\Windows\SYSTEM32\dbgcore.DLL
0x00007ffcd6bf0000 - 0x00007ffcd6c2b000 	C:\Program Files\Java\jdk-17\bin\jdwp.dll
0x00007ffcd6280000 - 0x00007ffcd628e000 	C:\Program Files\Java\jdk-17\bin\instrument.dll
0x00007ffc98af0000 - 0x00007ffc98b15000 	C:\Program Files\Java\jdk-17\bin\java.dll
0x00007ffccb360000 - 0x00007ffccb378000 	C:\Program Files\Java\jdk-17\bin\zip.dll
0x00007ffc98a10000 - 0x00007ffc98ae7000 	C:\Program Files\Java\jdk-17\bin\jsvml.dll
0x00007ffcec110000 - 0x00007ffcec11c000 	C:\Program Files\Java\jdk-17\bin\dt_socket.dll
0x00007ffcef210000 - 0x00007ffcef24d000 	C:\Windows\SYSTEM32\IPHLPAPI.DLL
0x00007ffceef70000 - 0x00007ffceefd7000 	C:\Windows\system32\mswsock.dll
0x00007ffcce4f0000 - 0x00007ffcce509000 	C:\Program Files\Java\jdk-17\bin\net.dll
0x00007ffce27c0000 - 0x00007ffce28bd000 	C:\Windows\SYSTEM32\WINHTTP.dll
0x00007ffccca60000 - 0x00007ffccca76000 	C:\Program Files\Java\jdk-17\bin\nio.dll
0x00007ffceece0000 - 0x00007ffceeda6000 	C:\Windows\SYSTEM32\DNSAPI.dll
0x00007ffcf26e0000 - 0x00007ffcf26e8000 	C:\Windows\System32\NSI.dll
0x00007ffce1e80000 - 0x00007ffce1e8a000 	C:\Windows\System32\rasadhlp.dll
0x00007ffce2380000 - 0x00007ffce23f9000 	C:\Windows\System32\fwpuclnt.dll
0x00007ffcbac00000 - 0x00007ffcbac0a000 	C:\Program Files\Java\jdk-17\bin\management.dll
0x00007ffcbaab0000 - 0x00007ffcbaabb000 	C:\Program Files\Java\jdk-17\bin\management_ext.dll
0x00007ffceeb50000 - 0x00007ffceeb83000 	C:\Windows\system32\rsaenh.dll
0x00007ffcefbd0000 - 0x00007ffcefbf9000 	C:\Windows\SYSTEM32\USERENV.dll
0x00007ffcef140000 - 0x00007ffcef14c000 	C:\Windows\SYSTEM32\CRYPTBASE.dll
0x00007ffce8c10000 - 0x00007ffce8c26000 	C:\Windows\SYSTEM32\dhcpcsvc6.DLL
0x00007ffce86b0000 - 0x00007ffce86cc000 	C:\Windows\SYSTEM32\dhcpcsvc.DLL
0x00007ffcead10000 - 0x00007ffcead26000 	C:\Windows\system32\napinsp.dll
0x00007ffceacf0000 - 0x00007ffcead0a000 	C:\Windows\system32\pnrpnsp.dll
0x00007ffceac50000 - 0x00007ffceac5e000 	C:\Windows\System32\winrnr.dll
0x00007ffcebfc0000 - 0x00007ffcebfdb000 	C:\Windows\system32\NLAapi.dll
0x00007ffce7140000 - 0x00007ffce7155000 	C:\Windows\system32\wshbth.dll
0x00007ffcbaaa0000 - 0x00007ffcbaaae000 	C:\Program Files\Java\jdk-17\bin\sunmscapi.dll
0x00007ffcf0890000 - 0x00007ffcf0a8e000 	C:\Windows\System32\CRYPT32.dll
0x00007ffcefd30000 - 0x00007ffcefd42000 	C:\Windows\System32\MSASN1.dll
0x00007ffcef3a0000 - 0x00007ffcef3cc000 	C:\Windows\SYSTEM32\ncrypt.dll
0x00007ffcef360000 - 0x00007ffcef39c000 	C:\Windows\SYSTEM32\NTASN1.dll

dbghelp: loaded successfully - version: 4.0.5 - missing functions: none
symbol engine: initialized successfully - sym options: 0x614 - pdb path: .;C:\Program Files\Java\jdk-17\bin;C:\Windows\SYSTEM32;C:\Windows\WinSxS\amd64_microsoft.windows.common-controls_6595b64144ccf1df_6.0.17763.5329_none_de6f1d32534d4c59;C:\Program Files (x86)\360\360Safe\safemon;C:\Program Files\Java\jdk-17\bin\server

VM Arguments:
jvm_args: -agentlib:jdwp=transport=dt_socket,address=127.0.0.1:57093,suspend=y,server=n -XX:TieredStopAtLevel=1 -Dspring.output.ansi.enabled=always -Dcom.sun.management.jmxremote -Dspring.jmx.enabled=true -Dspring.liveBeansView.mbeanDomain -Dspring.application.admin.enabled=true -Dmanagement.endpoints.jmx.exposure.include=* -javaagent:C:\Users\SXRBS\AppData\Local\JetBrains\IntelliJIdea2023.3\captureAgent\debugger-agent.jar=file:/C:/Users/SXRBS/AppData/Local/Temp/capture.props -Dfile.encoding=GBK 
java_command: com.sqds.SqdsbackApplication
java_class_path (initial): K:\mywork\springjwtstudy\sqdsback\build\classes\java\main;K:\mywork\springjwtstudy\sqdsback\build\resources\main;C:\Users\SXRBS\.gradle\caches\modules-2\files-2.1\org.projectlombok\lombok\1.18.30\f195ee86e6c896ea47a1d39defbe20eb59cd149d\lombok-1.18.30.jar;C:\Users\SXRBS\.gradle\caches\modules-2\files-2.1\org.springframework.boot\spring-boot-starter-data-redis\3.2.0\59a9a4674277151840f7c8711c3c254cdb7d949d\spring-boot-starter-data-redis-3.2.0.jar;C:\Users\SXRBS\.gradle\caches\modules-2\files-2.1\com.squareup.okhttp3\okhttp\4.12.0\2f4525d4a200e97e1b87449c2cd9bd2e25b7e8cd\okhttp-4.12.0.jar;C:\Users\SXRBS\.gradle\caches\modules-2\files-2.1\org.json\json\20220320\6df2c050972619466f6dcef7654ef9bcc01dfd0\json-20220320.jar;C:\Users\SXRBS\.gradle\caches\modules-2\files-2.1\org.springframework.boot\spring-boot-starter-security\3.2.0\c692cc94ac3b5bfa9eb47fa04afa5b570a5b24b2\spring-boot-starter-security-3.2.0.jar;C:\Users\SXRBS\.gradle\caches\modules-2\files-2.1\org.springframework.boot\spring-boot-starter-data-jpa\3.2.0\6a8ad077a37f8a0cef6949dcfd91a9b2115cade\spring-boot-starter-data-jpa-3.2.0.jar;C:\Users\SXRBS\.gradle\caches\modules-2\files-2.1\org.springframework.boot\spring-boot-starter-web\3.2.0\e609f839e7c2ff9c90bc75d7c05dbcbb19315319\spring-boot-starter-web-3.2.0.jar;C:\Users\SXRBS\.gradle\caches\modules-2\files-2.1\org.springframework.boot\spring-boot-starter-cache\3.2.0\bcdd3dd28886f772a8d514006764479912a77f9e\spring-boot-starter-cache-3.2.0.jar;C:\Users\SXRBS\.gradle\caches\modules-2\files-2.1\org.springframework.modulith\spring-modulith-starter-jpa\1.1.2\ccdf062f35f888210e6d11dbc872639c60d2bc73\spring-modulith-starter-jpa-1.1.2.jar;C:\Users\SXRBS\.gradle\caches\modules-2\files-2.1\org.springframework.modulith\spring-modulith-starter-core\1.1.2\2f910ab9b3d6d5c6cacddefbc634d9f96a96dde7\spring-modulith-starter-core-1.1.2.jar;C:\Users\SXRBS\.gradle\caches\modules-2\files-2.1\org.springframework.boot\spring-boot-configuration-processor\3.2.0\
Launcher Type: SUN_STANDARD

[Global flags]
     intx CICompilerCount                          = 4                                         {product} {ergonomic}
     uint ConcGCThreads                            = 2                                         {product} {ergonomic}
     uint G1ConcRefinementThreads                  = 8                                         {product} {ergonomic}
   size_t G1HeapRegionSize                         = 4194304                                   {product} {ergonomic}
    uintx GCDrainStackTargetSize                   = 64                                        {product} {ergonomic}
   size_t InitialHeapSize                          = 536870912                                 {product} {ergonomic}
     bool ManagementServer                         = true                                      {product} {command line}
   size_t MarkStackSize                            = 4194304                                   {product} {ergonomic}
   size_t MaxHeapSize                              = 8568963072                                {product} {ergonomic}
   size_t MaxNewSize                               = 5138022400                                {product} {ergonomic}
   size_t MinHeapDeltaBytes                        = 4194304                                   {product} {ergonomic}
   size_t MinHeapSize                              = 8388608                                   {product} {ergonomic}
    uintx NonProfiledCodeHeapSize                  = 0                                      {pd product} {ergonomic}
     bool ProfileInterpreter                       = false                                  {pd product} {command line}
    uintx ProfiledCodeHeapSize                     = 0                                      {pd product} {ergonomic}
   size_t SoftMaxHeapSize                          = 8568963072                             {manageable} {ergonomic}
     intx TieredStopAtLevel                        = 1                                         {product} {command line}
     bool UseCompressedClassPointers               = true                           {product lp64_product} {ergonomic}
     bool UseCompressedOops                        = true                           {product lp64_product} {ergonomic}
     bool UseG1GC                                  = true                                      {product} {ergonomic}
     bool UseLargePagesIndividualAllocation        = false                                  {pd product} {ergonomic}

Logging:
Log output configuration:
 #0: stdout all=warning uptime,level,tags
 #1: stderr all=off uptime,level,tags

Environment Variables:
JAVA_HOME=C:\Program Files\Java\jdk-17
PATH=C:\Program Files\Common Files\Oracle\Java\javapath;C:\Windows\system32;C:\Windows;C:\Windows\System32\Wbem;C:\Windows\System32\WindowsPowerShell\v1.0\;C:\Windows\System32\OpenSSH\;C:\Program Files\Java\jdk-17\bin;C:\Program Files\nodejs\;C:\Program Files\Redis;C:\Program Files\Microsoft SQL Server\150\Tools\Binn\;C:\Program Files\Microsoft SQL Server\Client SDK\ODBC\170\Tools\Binn\;C:\Program Files\dotnet\;C:\Program Files (x86)\Microsoft SQL Server\160\DTS\Binn\;C:\Program Files\Azure Data Studio\bin;C:\Program Files (x86)\NetSarang\Xshell 7\;C:\Program Files (x86)\NetSarang\Xftp 7\;C:\Users\SXRBS\AppData\Local\Microsoft\WindowsApps;C:\Users\SXRBS\AppData\Roaming\npm;C:\Users\SXRBS\.dotnet\tools;C:\Program Files\Azure Data Studio\bin;C:\Users\SXRBS\AppData\Local\Programs\Microsoft VS Code\bin
USERNAME=SXRBS
OS=Windows_NT
PROCESSOR_IDENTIFIER=Intel64 Family 6 Model 158 Stepping 9, GenuineIntel



---------------  S Y S T E M  ---------------

OS:
 Windows 10 , 64 bit Build 17763 (10.0.17763.4974)
OS uptime: 1 days 18:56 hours

CPU: total 8 (initial active 8) (4 cores per cpu, 2 threads per core) family 6 model 158 stepping 9 microcode 0x8e, cx8, cmov, fxsr, ht, mmx, 3dnowpref, sse, sse2, sse3, ssse3, sse4.1, sse4.2, popcnt, lzcnt, tsc, tscinvbit, avx, avx2, aes, erms, clmul, bmi1, bmi2, rtm, adx, fma, vzeroupper, clflush, clflushopt

Memory: 4k page, system-wide physical 32674M (8578M free)
TotalPageFile size 65442M (AvailPageFile size 36469M)
current process WorkingSet (physical memory assigned to process): 151M, peak: 151M
current process commit charge ("private bytes"): 653M, peak: 653M

vm_info: Java HotSpot(TM) 64-Bit Server VM (17.0.9+11-LTS-201) for windows-amd64 JRE (17.0.9+11-LTS-201), built on Oct 10 2023 23:16:06 by "mach5one" with MS VC++ 17.1 (VS2022)

END.
