#
# A fatal error has been detected by the Java Runtime Environment:
#
#  EXCEPTION_ACCESS_VIOLATION (0xc0000005) at pc=0x00007ffdb790a1b9, pid=3824, tid=13568
#
# JRE version: OpenJDK Runtime Environment Temurin-17.0.10+7 (17.0.10+7) (build 17.0.10+7)
# Java VM: OpenJDK 64-Bit Server VM Temurin-17.0.10+7 (17.0.10+7, mixed mode, tiered, compressed oops, compressed class ptrs, g1 gc, windows-amd64)
# Problematic frame:
# V  [jvm.dll+0x30a1b9]
#
# No core dump will be written. Minidumps are not enabled by default on client versions of Windows
#
# If you would like to submit a bug report, please visit:
#   https://github.com/adoptium/adoptium-support/issues
#

---------------  S U M M A R Y ------------

Command Line: org.springframework.modulith.core.util.ApplicationModulesExporter com.sqds C:\Users\SXRBS\AppData\Local\Temp\sqdsback-com.sqds10962054300921895413json

Host: Intel(R) Core(TM) i7-7700 CPU @ 3.60GHz, 8 cores, 31G,  Windows 10 , 64 bit Build 17763 (10.0.17763.4974)
Time: Tue Feb 27 08:02:26 2024 中国标准时间 elapsed time: 8.023085 seconds (0d 0h 0m 8s)

---------------  T H R E A D  ---------------

Current thread (0x000002106b66cbc0):  GCTaskThread "GC Thread#3" [stack: 0x000000b973100000,0x000000b973200000] [id=13568]

Stack: [0x000000b973100000,0x000000b973200000],  sp=0x000000b9731ff410,  free space=1021k
Native frames: (J=compiled Java code, j=interpreted, Vv=VM code, C=native code)
V  [jvm.dll+0x30a1b9]
V  [jvm.dll+0x309da8]
V  [jvm.dll+0x2dd424]
V  [jvm.dll+0x2ddbca]
V  [jvm.dll+0x2ddcc7]
V  [jvm.dll+0x2e32bb]
V  [jvm.dll+0x86226b]
V  [jvm.dll+0x8622b6]
V  [jvm.dll+0x7e3fba]
V  [jvm.dll+0x67c1b5]
C  [ucrtbase.dll+0x2268a]
C  [KERNEL32.DLL+0x17ac4]
C  [ntdll.dll+0x5a4e1]


siginfo: EXCEPTION_ACCESS_VIOLATION (0xc0000005), reading address 0x0000000000000030


Registers:
RAX=0x0000000000000000, RBX=0x0000000602297021, RCX=0x0000000000000016, RDX=0x0000000000000000
RSP=0x000000b9731ff410, RBP=0x0000000000000112, RSI=0x0000000602297020, RDI=0x000002106f3649f0
R8 =0x0000000602297010, R9 =0x00007ffdb8117fb8, R10=0x0000000000000030, R11=0x00000210504e74b9
R12=0x0000000000000007, R13=0x000000b9731ff570, R14=0x0000000000000000, R15=0x0000000000000000
RIP=0x00007ffdb790a1b9, EFLAGS=0x0000000000010246


Register to memory mapping:

RIP=0x00007ffdb790a1b9 jvm.dll
RAX=0x0 is NULL
RBX=0x0000000602297021 is pointing into object: com.tngtech.archunit.thirdparty.com.google.common.collect.SingletonImmutableBiMap 
{0x0000000602297010} - klass: 'com/tngtech/archunit/thirdparty/com/google/common/collect/SingletonImmutableBiMap'
 - ---- fields (total size 6 words):
 - private transient 'entrySet' 'Lcom/tngtech/archunit/thirdparty/com/google/common/collect/ImmutableSet;' @12  NULL (0)
 - private transient 'keySet' 'Lcom/tngtech/archunit/thirdparty/com/google/common/collect/ImmutableSet;' @16  
[error occurred during error reporting (printing register info), id 0xc0000005, EXCEPTION_ACCESS_VIOLATION (0xc0000005) at pc=0x00007ffdb799403e]

Top of Stack: (sp=0x000000b9731ff410)
0x000000b9731ff410:   0000000000000000 0000000003010100
0x000000b9731ff420:   0000000000000000 0000000000000009
0x000000b9731ff430:   0000000000000004 000002106f3649f0
0x000000b9731ff440:   000000b9722fe800 000000060209787c
0x000000b9731ff450:   000002103d8773d0 00007ffdb7909da8
0x000000b9731ff460:   0000021066190000 000002106f3649f0
0x000000b9731ff470:   0000021000000000 0000000000000009
0x000000b9731ff480:   000000b9731ff4f0 00007ffdb78dd424
0x000000b9731ff490:   000000060209787d 00007ffdb7f57238
0x000000b9731ff4a0:   000000b9722fe800 0000000000000000
0x000000b9731ff4b0:   0000000000000008 00007ffdb78fea87
0x000000b9731ff4c0:   0000000000000000 0000000000000000
0x000000b9731ff4d0:   000000b900000000 00007ffdb7df282e
0x000000b9731ff4e0:   0000000000000000 0000000000000000
0x000000b9731ff4f0:   0000021066192c90 000002106b3f5050
0x000000b9731ff500:   00000000000003d8 0000021066193078
0x000000b9731ff510:   000000b9722fe830 0000000000000013
0x000000b9731ff520:   0000000000000001 00007ffdb78ddbca
0x000000b9731ff530:   0000000000000007 000002106f3649f0
0x000000b9731ff540:   000002106f3649f0 0000000000000000
0x000000b9731ff550:   00007ffdb7f5a970 0000000100000001
0x000000b9731ff560:   0000000004befb9b 000000068e494b0c
0x000000b9731ff570:   00007ffdb7f530d8 0000000000000000
0x000000b9731ff580:   0000000000000000 0000000000000000
0x000000b9731ff590:   000002103d878ce0 000002106f3649f0
0x000000b9731ff5a0:   000002103d8773d0 000000b9722fe860
0x000000b9731ff5b0:   0000000000000013 0000000000000000
0x000000b9731ff5c0:   0000000000000000 0000000000000000
0x000000b9731ff5d0:   0000021066192ca0 00007ffdb78ddcc7
0x000000b9731ff5e0:   000002106f3649f0 0000000000000001
0x000000b9731ff5f0:   000002106b623970 000000b9722fe830
0x000000b9731ff600:   0000000000000015 0000000000000013 

Instructions: (pc=0x00007ffdb790a1b9)
0x00007ffdb790a0b9:   ff 48 8d 53 fe 48 8b cf e8 6a f4 ff ff e9 35 fd
0x00007ffdb790a0c9:   ff ff 0f 1f 44 00 00 48 8b 77 10 8b ae 80 00 00
0x00007ffdb790a0d9:   00 8b cd 8b 86 00 01 00 00 2b c8 81 e1 ff ff 01
0x00007ffdb790a0e9:   00 41 3b ce 0f 86 e9 02 00 00 ff cd 81 e5 ff ff
0x00007ffdb790a0f9:   01 00 89 ae 80 00 00 00 e8 5a 45 36 00 90 8b d5
0x00007ffdb790a109:   8b 86 00 01 00 00 8b cd 48 8b 9e 80 01 00 00 2b
0x00007ffdb790a119:   c8 81 e1 ff ff 01 00 81 f9 ff ff 01 00 48 8b 1c
0x00007ffdb790a129:   eb 41 0f 44 cf 85 c9 75 3d 90 89 6c 24 50 48 8b
0x00007ffdb790a139:   86 00 01 00 00 48 8b c8 48 c1 e9 20 ff c1 89 4c
0x00007ffdb790a149:   24 54 3b e8 0f 85 77 02 00 00 48 c1 e1 20 48 0b
0x00007ffdb790a159:   ca f0 48 0f b1 8e 00 01 00 00 0f 85 61 02 00 00
0x00007ffdb790a169:   8b 86 00 01 00 00 f6 c3 01 0f 84 2f 01 00 00 8b
0x00007ffdb790a179:   0d 6a d1 80 00 48 8d 73 ff 48 8b 47 08 44 8b 16
0x00007ffdb790a189:   49 d3 e2 4c 03 15 4d d1 80 00 8b 88 90 05 00 00
0x00007ffdb790a199:   49 8b d2 48 8b 80 80 05 00 00 48 d3 ea 0f b7 14
0x00007ffdb790a1a9:   50 0f b7 c2 66 c1 e8 08 84 c0 0f 88 17 ff ff ff
0x00007ffdb790a1b9:   4d 8b 02 41 0f b6 c0 24 03 3c 03 75 1e 44 38 3d
0x00007ffdb790a1c9:   c5 92 87 00 74 0f 41 0f b6 c0 24 07 3c 05 75 05
0x00007ffdb790a1d9:   4d 8b c7 eb 17 49 83 e0 fc eb 11 4d 8b c8 48 8b
0x00007ffdb790a1e9:   cf 4d 8b c2 e8 2e ef ff ff 4c 8b c0 8b 0d ed d0
0x00007ffdb790a1f9:   80 00 49 8b d0 48 2b 15 db d0 80 00 48 d3 ea 89
0x00007ffdb790a209:   16 49 8b d0 8b 0d fd 9a 87 00 48 33 d6 48 d3 ea
0x00007ffdb790a219:   48 85 d2 0f 84 ae fe ff ff 48 8b 47 08 48 8b d6
0x00007ffdb790a229:   8b 88 c0 01 00 00 48 8b 80 b0 01 00 00 48 d3 ea
0x00007ffdb790a239:   48 8b 0c d0 8b 81 94 00 00 00 d1 e8 a8 01 0f 85
0x00007ffdb790a249:   83 fe ff ff 48 8b 47 08 8b 88 90 05 00 00 48 8b
0x00007ffdb790a259:   80 80 05 00 00 49 d3 e8 46 38 3c 40 0f 84 65 fe
0x00007ffdb790a269:   ff ff 48 8b 47 60 48 c1 ee 09 48 8b 58 40 48 8b
0x00007ffdb790a279:   48 38 48 03 de 48 2b d9 48 39 9f b0 01 00 00 0f
0x00007ffdb790a289:   84 42 fe ff ff 48 8d 14 0b 48 8d 4f 18 e8 a5 40
0x00007ffdb790a299:   00 00 48 89 9f b0 01 00 00 e9 29 fe ff ff f6 c3
0x00007ffdb790a2a9:   03 0f 85 09 01 00 00 48 8b 47 08 4c 8b 13 49 8b 


Stack slot to memory mapping:
stack at sp + 0 slots: 0x0 is NULL
stack at sp + 1 slots: 0x0000000003010100 is an unknown value
stack at sp + 2 slots: 0x0 is NULL
stack at sp + 3 slots: 0x0000000000000009 is an unknown value
stack at sp + 4 slots: 0x0000000000000004 is an unknown value
stack at sp + 5 slots: 0x000002106f3649f0 points into unknown readable memory: 0x00007ffdb7f598a8 | a8 98 f5 b7 fd 7f 00 00
stack at sp + 6 slots: 0x000000b9722fe800 points into unknown readable memory: 0x00000210503653e0 | e0 53 36 50 10 02 00 00
stack at sp + 7 slots: 0x000000060209787c is pointing into object: com.tngtech.archunit.thirdparty.com.google.common.collect.RegularImmutableMap 
{0x0000000602097858} - klass: 'com/tngtech/archunit/thirdparty/com/google/common/collect/RegularImmutableMap'
 - ---- fields (total size 5 words):
 - private transient 'entrySet' 'Lcom/tngtech/archunit/thirdparty/com/google/common/collect/ImmutableSet;' @12  NULL (0)
 - private transient 'keySet' 'Lcom/tngtech/archunit/thirdparty/com/google/common/collect/ImmutableSet;' @16  NULL (0)
 - private transient 'values' 'Lcom/tngtech/archunit/thirdparty/com/google/common/collect/ImmutableCollection;' @20  NULL (0)
 - private transient 'multimapView' 'Lcom/tngtech/archunit/thirdparty/com/google/common/collect/ImmutableSetMultimap;' @24  NULL (0)
 - private final transient 'mask' 'I' @28  127 (7f)
 - final transient 'entries' '[Ljava/util/Map$Entry;' @32  a 'java/util/Map$Entry'[134] {0x0000000602097880} (c0412f10)
 - private final transient 'table' '[Lcom/tngtech/archunit/thirdparty/com/google/common/collect/ImmutableMapEntry;' @36  a 'com/tngtech/archunit/thirdparty/com/google/common/collect/ImmutableMapEntry'[128] {0x00000006021ab8a0} (c0435714)


---------------  P R O C E S S  ---------------

Threads class SMR info:
_java_thread_list=0x000002106cad6b90, length=14, elements={
0x000002103d867760, 0x0000021065dbf760, 0x0000021065dc04f0, 0x0000021065e116b0,
0x0000021065e12180, 0x0000021065e12b50, 0x0000021065e13820, 0x0000021065de7380,
0x0000021065de7c90, 0x0000021065dea5b0, 0x000002106615b000, 0x000002106604ff10,
0x000002106b182f10, 0x000002106b180490
}

Java Threads: ( => current thread )
  0x000002103d867760 JavaThread "main" [_thread_blocked, id=15608, stack(0x000000b971c00000,0x000000b971d00000)]
  0x0000021065dbf760 JavaThread "Reference Handler" daemon [_thread_blocked, id=11800, stack(0x000000b972300000,0x000000b972400000)]
  0x0000021065dc04f0 JavaThread "Finalizer" daemon [_thread_blocked, id=9320, stack(0x000000b972400000,0x000000b972500000)]
  0x0000021065e116b0 JavaThread "Signal Dispatcher" daemon [_thread_blocked, id=11720, stack(0x000000b972500000,0x000000b972600000)]
  0x0000021065e12180 JavaThread "Attach Listener" daemon [_thread_blocked, id=4792, stack(0x000000b972600000,0x000000b972700000)]
  0x0000021065e12b50 JavaThread "Service Thread" daemon [_thread_blocked, id=11796, stack(0x000000b972700000,0x000000b972800000)]
  0x0000021065e13820 JavaThread "Monitor Deflation Thread" daemon [_thread_blocked, id=13092, stack(0x000000b972800000,0x000000b972900000)]
  0x0000021065de7380 JavaThread "C2 CompilerThread0" daemon [_thread_blocked, id=13564, stack(0x000000b972900000,0x000000b972a00000)]
  0x0000021065de7c90 JavaThread "C1 CompilerThread0" daemon [_thread_blocked, id=2020, stack(0x000000b972a00000,0x000000b972b00000)]
  0x0000021065dea5b0 JavaThread "Sweeper thread" daemon [_thread_blocked, id=8464, stack(0x000000b972b00000,0x000000b972c00000)]
  0x000002106615b000 JavaThread "Notification Thread" daemon [_thread_blocked, id=17832, stack(0x000000b972c00000,0x000000b972d00000)]
  0x000002106604ff10 JavaThread "Common-Cleaner" daemon [_thread_blocked, id=15864, stack(0x000000b972e00000,0x000000b972f00000)]
  0x000002106b182f10 JavaThread "C2 CompilerThread1" daemon [_thread_blocked, id=13660, stack(0x000000b973600000,0x000000b973700000)]
  0x000002106b180490 JavaThread "C2 CompilerThread2" daemon [_thread_in_native, id=15144, stack(0x000000b973700000,0x000000b973800000)]

Other Threads:
  0x0000021065da5d60 VMThread "VM Thread" [stack: 0x000000b972200000,0x000000b972300000] [id=16424]
  0x0000021065ebe680 WatcherThread [stack: 0x000000b972d00000,0x000000b972e00000] [id=10956]
  0x0000021050360c40 GCTaskThread "GC Thread#0" [stack: 0x000000b971d00000,0x000000b971e00000] [id=2024]
  0x000002106b66c640 GCTaskThread "GC Thread#1" [stack: 0x000000b972f00000,0x000000b973000000] [id=3928]
  0x000002106b66c900 GCTaskThread "GC Thread#2" [stack: 0x000000b973000000,0x000000b973100000] [id=13956]
=>0x000002106b66cbc0 GCTaskThread "GC Thread#3" [stack: 0x000000b973100000,0x000000b973200000] [id=13568]
  0x000002106b66ce80 GCTaskThread "GC Thread#4" [stack: 0x000000b973200000,0x000000b973300000] [id=12688]
  0x000002106b165ce0 GCTaskThread "GC Thread#5" [stack: 0x000000b973300000,0x000000b973400000] [id=14284]
  0x000002106b165fa0 GCTaskThread "GC Thread#6" [stack: 0x000000b973400000,0x000000b973500000] [id=1676]
  0x000002106b166260 GCTaskThread "GC Thread#7" [stack: 0x000000b973500000,0x000000b973600000] [id=15084]
  0x000002103d8a2be0 ConcurrentGCThread "G1 Main Marker" [stack: 0x000000b971e00000,0x000000b971f00000] [id=17464]
  0x000002103d8a3510 ConcurrentGCThread "G1 Conc#0" [stack: 0x000000b971f00000,0x000000b972000000] [id=6664]
  0x000002103d8aeb10 ConcurrentGCThread "G1 Refine#0" [stack: 0x000000b972000000,0x000000b972100000] [id=2184]
  0x000002105042beb0 ConcurrentGCThread "G1 Service" [stack: 0x000000b972100000,0x000000b972200000] [id=5108]

Threads with active compile tasks:
C2 CompilerThread0     8106 3346       4       java.net.URLStreamHandler::parseURL (1201 bytes)
C2 CompilerThread1     8106 3321       4       com.tngtech.archunit.core.importer.DomainBuilders$JavaCodeUnitBuilder::asJavaClasses (55 bytes)
C2 CompilerThread2     8106 3282       4       com.tngtech.archunit.core.importer.ImportedClasses::getOrResolve (28 bytes)

VM state: at safepoint (normal execution)

VM Mutex/Monitor currently owned by a thread:  ([mutex/lock_event])
[0x000002103d862c60] Threads_lock - owner thread: 0x0000021065da5d60
[0x000002103d862fc0] Heap_lock - owner thread: 0x000002103d867760

Heap address: 0x0000000601400000, size: 8172 MB, Compressed Oops mode: Zero based, Oop shift amount: 3

CDS archive(s) not mapped
Compressed class space mapped at: 0x0000000800000000-0x0000000840000000, reserved size: 1073741824
Narrow klass base: 0x0000000800000000, Narrow klass shift: 0, Narrow klass range: 0x40000000

GC Precious Log:
 CPUs: 8 total, 8 available
 Memory: 32674M
 Large Page Support: Disabled
 NUMA Support: Disabled
 Compressed Oops: Enabled (Zero based)
 Heap Region Size: 4M
 Heap Min Capacity: 8M
 Heap Initial Capacity: 512M
 Heap Max Capacity: 8172M
 Pre-touch: Disabled
 Parallel Workers: 8
 Concurrent Workers: 2
 Concurrent Refinement Workers: 8
 Periodic GC: Disabled

Heap:
 garbage-first heap   total 524288K, used 225948K [0x0000000601400000, 0x0000000800000000)
  region size 4096K, 53 young (217088K), 7 survivors (28672K)
 Metaspace       used 15045K, committed 15232K, reserved 1114112K
  class space    used 1578K, committed 1664K, reserved 1048576K

Heap Regions: E=young(eden), S=young(survivor), O=old, HS=humongous(starts), HC=humongous(continues), CS=collection set, F=free, OA=open archive, CA=closed archive, TAMS=top-at-mark-start (previous, next)
|   0|0x0000000601400000, 0x0000000601800000, 0x0000000601800000|100%| O|  |TAMS 0x0000000601400000, 0x0000000601400000| Untracked 
|   1|0x0000000601800000, 0x0000000601c00000, 0x0000000601c00000|100%| O|  |TAMS 0x0000000601800000, 0x0000000601800000| Untracked 
|   2|0x0000000601c00000, 0x0000000602000000, 0x0000000602000000|100%| O|  |TAMS 0x0000000601c00000, 0x0000000601c00000| Untracked 
|   3|0x0000000602000000, 0x0000000602400000, 0x0000000602400000|100%| O|  |TAMS 0x0000000602000000, 0x0000000602000000| Untracked 
|   4|0x0000000602400000, 0x0000000602800000, 0x0000000602800000|100%| O|  |TAMS 0x0000000602400000, 0x0000000602400000| Untracked 
|   5|0x0000000602800000, 0x0000000602c00000, 0x0000000602c00000|100%| O|  |TAMS 0x0000000602800000, 0x0000000602800000| Untracked 
|   6|0x0000000602c00000, 0x0000000603000000, 0x0000000603000000|100%| O|  |TAMS 0x0000000602c00000, 0x0000000602c00000| Untracked 
|   7|0x0000000603000000, 0x0000000603400000, 0x0000000603400000|100%| O|  |TAMS 0x0000000603000000, 0x0000000603000000| Untracked 
|   8|0x0000000603400000, 0x0000000603800000, 0x0000000603800000|100%| O|  |TAMS 0x0000000603400000, 0x0000000603400000| Untracked 
|   9|0x0000000603800000, 0x00000006038798d0, 0x0000000603c00000| 11%| O|  |TAMS 0x0000000603800000, 0x0000000603800000| Untracked 
|  10|0x0000000603c00000, 0x0000000603c00000, 0x0000000604000000|  0%| F|  |TAMS 0x0000000603c00000, 0x0000000603c00000| Untracked 
|  11|0x0000000604000000, 0x0000000604000000, 0x0000000604400000|  0%| F|  |TAMS 0x0000000604000000, 0x0000000604000000| Untracked 
|  12|0x0000000604400000, 0x0000000604400000, 0x0000000604800000|  0%| F|  |TAMS 0x0000000604400000, 0x0000000604400000| Untracked 
|  13|0x0000000604800000, 0x0000000604800000, 0x0000000604c00000|  0%| F|  |TAMS 0x0000000604800000, 0x0000000604800000| Untracked 
|  14|0x0000000604c00000, 0x0000000604c00000, 0x0000000605000000|  0%| F|  |TAMS 0x0000000604c00000, 0x0000000604c00000| Untracked 
|  15|0x0000000605000000, 0x0000000605000000, 0x0000000605400000|  0%| F|  |TAMS 0x0000000605000000, 0x0000000605000000| Untracked 
|  16|0x0000000605400000, 0x0000000605400000, 0x0000000605800000|  0%| F|  |TAMS 0x0000000605400000, 0x0000000605400000| Untracked 
|  17|0x0000000605800000, 0x0000000605800000, 0x0000000605c00000|  0%| F|  |TAMS 0x0000000605800000, 0x0000000605800000| Untracked 
|  18|0x0000000605c00000, 0x0000000605c00000, 0x0000000606000000|  0%| F|  |TAMS 0x0000000605c00000, 0x0000000605c00000| Untracked 
|  19|0x0000000606000000, 0x0000000606000000, 0x0000000606400000|  0%| F|  |TAMS 0x0000000606000000, 0x0000000606000000| Untracked 
|  20|0x0000000606400000, 0x0000000606400000, 0x0000000606800000|  0%| F|  |TAMS 0x0000000606400000, 0x0000000606400000| Untracked 
|  21|0x0000000606800000, 0x0000000606800000, 0x0000000606c00000|  0%| F|  |TAMS 0x0000000606800000, 0x0000000606800000| Untracked 
|  22|0x0000000606c00000, 0x0000000606c00000, 0x0000000607000000|  0%| F|  |TAMS 0x0000000606c00000, 0x0000000606c00000| Untracked 
|  23|0x0000000607000000, 0x0000000607000000, 0x0000000607400000|  0%| F|  |TAMS 0x0000000607000000, 0x0000000607000000| Untracked 
|  24|0x0000000607400000, 0x0000000607400000, 0x0000000607800000|  0%| F|  |TAMS 0x0000000607400000, 0x0000000607400000| Untracked 
|  25|0x0000000607800000, 0x0000000607800000, 0x0000000607c00000|  0%| F|  |TAMS 0x0000000607800000, 0x0000000607800000| Untracked 
|  26|0x0000000607c00000, 0x0000000607c00000, 0x0000000608000000|  0%| F|  |TAMS 0x0000000607c00000, 0x0000000607c00000| Untracked 
|  27|0x0000000608000000, 0x0000000608000000, 0x0000000608400000|  0%| F|  |TAMS 0x0000000608000000, 0x0000000608000000| Untracked 
|  28|0x0000000608400000, 0x0000000608400000, 0x0000000608800000|  0%| F|  |TAMS 0x0000000608400000, 0x0000000608400000| Untracked 
|  29|0x0000000608800000, 0x0000000608800000, 0x0000000608c00000|  0%| F|  |TAMS 0x0000000608800000, 0x0000000608800000| Untracked 
|  30|0x0000000608c00000, 0x0000000608c00000, 0x0000000609000000|  0%| F|  |TAMS 0x0000000608c00000, 0x0000000608c00000| Untracked 
|  31|0x0000000609000000, 0x0000000609000000, 0x0000000609400000|  0%| F|  |TAMS 0x0000000609000000, 0x0000000609000000| Untracked 
|  32|0x0000000609400000, 0x0000000609400000, 0x0000000609800000|  0%| F|  |TAMS 0x0000000609400000, 0x0000000609400000| Untracked 
|  33|0x0000000609800000, 0x0000000609800000, 0x0000000609c00000|  0%| F|  |TAMS 0x0000000609800000, 0x0000000609800000| Untracked 
|  34|0x0000000609c00000, 0x0000000609c00000, 0x000000060a000000|  0%| F|  |TAMS 0x0000000609c00000, 0x0000000609c00000| Untracked 
|  35|0x000000060a000000, 0x000000060a000000, 0x000000060a400000|  0%| F|  |TAMS 0x000000060a000000, 0x000000060a000000| Untracked 
|  36|0x000000060a400000, 0x000000060a400000, 0x000000060a800000|  0%| F|  |TAMS 0x000000060a400000, 0x000000060a400000| Untracked 
|  37|0x000000060a800000, 0x000000060a800000, 0x000000060ac00000|  0%| F|  |TAMS 0x000000060a800000, 0x000000060a800000| Untracked 
|  38|0x000000060ac00000, 0x000000060ac00000, 0x000000060b000000|  0%| F|  |TAMS 0x000000060ac00000, 0x000000060ac00000| Untracked 
|  39|0x000000060b000000, 0x000000060b000000, 0x000000060b400000|  0%| F|  |TAMS 0x000000060b000000, 0x000000060b000000| Untracked 
|  40|0x000000060b400000, 0x000000060b400000, 0x000000060b800000|  0%| F|  |TAMS 0x000000060b400000, 0x000000060b400000| Untracked 
|  41|0x000000060b800000, 0x000000060b800000, 0x000000060bc00000|  0%| F|  |TAMS 0x000000060b800000, 0x000000060b800000| Untracked 
|  42|0x000000060bc00000, 0x000000060bc00000, 0x000000060c000000|  0%| F|  |TAMS 0x000000060bc00000, 0x000000060bc00000| Untracked 
|  43|0x000000060c000000, 0x000000060c000000, 0x000000060c400000|  0%| F|  |TAMS 0x000000060c000000, 0x000000060c000000| Untracked 
|  44|0x000000060c400000, 0x000000060c400000, 0x000000060c800000|  0%| F|  |TAMS 0x000000060c400000, 0x000000060c400000| Untracked 
|  45|0x000000060c800000, 0x000000060c800000, 0x000000060cc00000|  0%| F|  |TAMS 0x000000060c800000, 0x000000060c800000| Untracked 
|  46|0x000000060cc00000, 0x000000060cc00000, 0x000000060d000000|  0%| F|  |TAMS 0x000000060cc00000, 0x000000060cc00000| Untracked 
|  47|0x000000060d000000, 0x000000060d000000, 0x000000060d400000|  0%| F|  |TAMS 0x000000060d000000, 0x000000060d000000| Untracked 
|  48|0x000000060d400000, 0x000000060d400000, 0x000000060d800000|  0%| F|  |TAMS 0x000000060d400000, 0x000000060d400000| Untracked 
|  49|0x000000060d800000, 0x000000060d800000, 0x000000060dc00000|  0%| F|  |TAMS 0x000000060d800000, 0x000000060d800000| Untracked 
|  50|0x000000060dc00000, 0x000000060dc00000, 0x000000060e000000|  0%| F|  |TAMS 0x000000060dc00000, 0x000000060dc00000| Untracked 
|  51|0x000000060e000000, 0x000000060e000000, 0x000000060e400000|  0%| F|  |TAMS 0x000000060e000000, 0x000000060e000000| Untracked 
|  52|0x000000060e400000, 0x000000060e400000, 0x000000060e800000|  0%| F|  |TAMS 0x000000060e400000, 0x000000060e400000| Untracked 
|  53|0x000000060e800000, 0x000000060e800000, 0x000000060ec00000|  0%| F|  |TAMS 0x000000060e800000, 0x000000060e800000| Untracked 
|  54|0x000000060ec00000, 0x000000060ec00000, 0x000000060f000000|  0%| F|  |TAMS 0x000000060ec00000, 0x000000060ec00000| Untracked 
|  55|0x000000060f000000, 0x000000060f000000, 0x000000060f400000|  0%| F|  |TAMS 0x000000060f000000, 0x000000060f000000| Untracked 
|  56|0x000000060f400000, 0x000000060f6e6140, 0x000000060f800000| 72%| E|CS|TAMS 0x000000060f400000, 0x000000060f400000| Complete 
|  57|0x000000060f800000, 0x000000060fc00000, 0x000000060fc00000|100%| E|CS|TAMS 0x000000060f800000, 0x000000060f800000| Complete 
|  58|0x000000060fc00000, 0x0000000610000000, 0x0000000610000000|100%| E|CS|TAMS 0x000000060fc00000, 0x000000060fc00000| Complete 
|  59|0x0000000610000000, 0x0000000610400000, 0x0000000610400000|100%| E|CS|TAMS 0x0000000610000000, 0x0000000610000000| Complete 
|  60|0x0000000610400000, 0x0000000610800000, 0x0000000610800000|100%| E|CS|TAMS 0x0000000610400000, 0x0000000610400000| Complete 
|  61|0x0000000610800000, 0x0000000610c00000, 0x0000000610c00000|100%| E|CS|TAMS 0x0000000610800000, 0x0000000610800000| Complete 
|  62|0x0000000610c00000, 0x0000000611000000, 0x0000000611000000|100%| E|CS|TAMS 0x0000000610c00000, 0x0000000610c00000| Complete 
|  63|0x0000000611000000, 0x0000000611000000, 0x0000000611400000|  0%| F|  |TAMS 0x0000000611000000, 0x0000000611000000| Untracked 
|  64|0x0000000611400000, 0x0000000611400000, 0x0000000611800000|  0%| F|  |TAMS 0x0000000611400000, 0x0000000611400000| Untracked 
|  65|0x0000000611800000, 0x0000000611800000, 0x0000000611c00000|  0%| F|  |TAMS 0x0000000611800000, 0x0000000611800000| Untracked 
|  66|0x0000000611c00000, 0x0000000611c00000, 0x0000000612000000|  0%| F|  |TAMS 0x0000000611c00000, 0x0000000611c00000| Untracked 
|  67|0x0000000612000000, 0x0000000612000000, 0x0000000612400000|  0%| F|  |TAMS 0x0000000612000000, 0x0000000612000000| Untracked 
|  68|0x0000000612400000, 0x0000000612400000, 0x0000000612800000|  0%| F|  |TAMS 0x0000000612400000, 0x0000000612400000| Untracked 
|  69|0x0000000612800000, 0x0000000612800000, 0x0000000612c00000|  0%| F|  |TAMS 0x0000000612800000, 0x0000000612800000| Untracked 
|  70|0x0000000612c00000, 0x0000000612c00000, 0x0000000613000000|  0%| F|  |TAMS 0x0000000612c00000, 0x0000000612c00000| Untracked 
|  71|0x0000000613000000, 0x0000000613000000, 0x0000000613400000|  0%| F|  |TAMS 0x0000000613000000, 0x0000000613000000| Untracked 
|  72|0x0000000613400000, 0x0000000613400000, 0x0000000613800000|  0%| F|  |TAMS 0x0000000613400000, 0x0000000613400000| Untracked 
|  73|0x0000000613800000, 0x0000000613800000, 0x0000000613c00000|  0%| F|  |TAMS 0x0000000613800000, 0x0000000613800000| Untracked 
|  74|0x0000000613c00000, 0x0000000613c00000, 0x0000000614000000|  0%| F|  |TAMS 0x0000000613c00000, 0x0000000613c00000| Untracked 
|  75|0x0000000614000000, 0x0000000614400000, 0x0000000614400000|100%| S|  |TAMS 0x0000000614000000, 0x0000000614000000| Complete 
|  76|0x0000000614400000, 0x0000000614800000, 0x0000000614800000|100%| S|  |TAMS 0x0000000614400000, 0x0000000614400000| Complete 
|  77|0x0000000614800000, 0x0000000614c00000, 0x0000000614c00000|100%| S|  |TAMS 0x0000000614800000, 0x0000000614800000| Complete 
|  78|0x0000000614c00000, 0x0000000615000000, 0x0000000615000000|100%| S|  |TAMS 0x0000000614c00000, 0x0000000614c00000| Complete 
|  79|0x0000000615000000, 0x0000000615400000, 0x0000000615400000|100%| S|  |TAMS 0x0000000615000000, 0x0000000615000000| Complete 
|  80|0x0000000615400000, 0x0000000615800000, 0x0000000615800000|100%| S|  |TAMS 0x0000000615400000, 0x0000000615400000| Complete 
|  81|0x0000000615800000, 0x0000000615c00000, 0x0000000615c00000|100%| S|  |TAMS 0x0000000615800000, 0x0000000615800000| Complete 
|  82|0x0000000615c00000, 0x0000000616000000, 0x0000000616000000|100%| E|CS|TAMS 0x0000000615c00000, 0x0000000615c00000| Complete 
|  83|0x0000000616000000, 0x0000000616400000, 0x0000000616400000|100%| E|CS|TAMS 0x0000000616000000, 0x0000000616000000| Complete 
|  84|0x0000000616400000, 0x0000000616800000, 0x0000000616800000|100%| E|CS|TAMS 0x0000000616400000, 0x0000000616400000| Complete 
|  85|0x0000000616800000, 0x0000000616c00000, 0x0000000616c00000|100%| E|CS|TAMS 0x0000000616800000, 0x0000000616800000| Complete 
|  86|0x0000000616c00000, 0x0000000617000000, 0x0000000617000000|100%| E|CS|TAMS 0x0000000616c00000, 0x0000000616c00000| Complete 
|  87|0x0000000617000000, 0x0000000617400000, 0x0000000617400000|100%| E|CS|TAMS 0x0000000617000000, 0x0000000617000000| Complete 
|  88|0x0000000617400000, 0x0000000617800000, 0x0000000617800000|100%| E|CS|TAMS 0x0000000617400000, 0x0000000617400000| Complete 
|  89|0x0000000617800000, 0x0000000617c00000, 0x0000000617c00000|100%| E|CS|TAMS 0x0000000617800000, 0x0000000617800000| Complete 
|  90|0x0000000617c00000, 0x0000000618000000, 0x0000000618000000|100%| E|CS|TAMS 0x0000000617c00000, 0x0000000617c00000| Complete 
|  91|0x0000000618000000, 0x0000000618400000, 0x0000000618400000|100%| E|CS|TAMS 0x0000000618000000, 0x0000000618000000| Complete 
|  92|0x0000000618400000, 0x0000000618800000, 0x0000000618800000|100%| E|CS|TAMS 0x0000000618400000, 0x0000000618400000| Complete 
|  93|0x0000000618800000, 0x0000000618c00000, 0x0000000618c00000|100%| E|CS|TAMS 0x0000000618800000, 0x0000000618800000| Complete 
|  94|0x0000000618c00000, 0x0000000619000000, 0x0000000619000000|100%| E|CS|TAMS 0x0000000618c00000, 0x0000000618c00000| Complete 
|  95|0x0000000619000000, 0x0000000619400000, 0x0000000619400000|100%| E|CS|TAMS 0x0000000619000000, 0x0000000619000000| Complete 
|  96|0x0000000619400000, 0x0000000619800000, 0x0000000619800000|100%| E|CS|TAMS 0x0000000619400000, 0x0000000619400000| Complete 
|  97|0x0000000619800000, 0x0000000619c00000, 0x0000000619c00000|100%| E|CS|TAMS 0x0000000619800000, 0x0000000619800000| Complete 
|  98|0x0000000619c00000, 0x000000061a000000, 0x000000061a000000|100%| E|CS|TAMS 0x0000000619c00000, 0x0000000619c00000| Complete 
|  99|0x000000061a000000, 0x000000061a400000, 0x000000061a400000|100%| E|CS|TAMS 0x000000061a000000, 0x000000061a000000| Complete 
| 100|0x000000061a400000, 0x000000061a800000, 0x000000061a800000|100%| E|CS|TAMS 0x000000061a400000, 0x000000061a400000| Complete 
| 101|0x000000061a800000, 0x000000061ac00000, 0x000000061ac00000|100%| E|CS|TAMS 0x000000061a800000, 0x000000061a800000| Complete 
| 102|0x000000061ac00000, 0x000000061b000000, 0x000000061b000000|100%| E|CS|TAMS 0x000000061ac00000, 0x000000061ac00000| Complete 
| 103|0x000000061b000000, 0x000000061b400000, 0x000000061b400000|100%| E|CS|TAMS 0x000000061b000000, 0x000000061b000000| Complete 
| 104|0x000000061b400000, 0x000000061b800000, 0x000000061b800000|100%| E|CS|TAMS 0x000000061b400000, 0x000000061b400000| Complete 
| 105|0x000000061b800000, 0x000000061bc00000, 0x000000061bc00000|100%| E|CS|TAMS 0x000000061b800000, 0x000000061b800000| Complete 
| 106|0x000000061bc00000, 0x000000061c000000, 0x000000061c000000|100%| E|CS|TAMS 0x000000061bc00000, 0x000000061bc00000| Complete 
| 107|0x000000061c000000, 0x000000061c400000, 0x000000061c400000|100%| E|CS|TAMS 0x000000061c000000, 0x000000061c000000| Complete 
| 108|0x000000061c400000, 0x000000061c800000, 0x000000061c800000|100%| E|CS|TAMS 0x000000061c400000, 0x000000061c400000| Complete 
| 109|0x000000061c800000, 0x000000061cc00000, 0x000000061cc00000|100%| E|CS|TAMS 0x000000061c800000, 0x000000061c800000| Complete 
| 110|0x000000061cc00000, 0x000000061d000000, 0x000000061d000000|100%| E|CS|TAMS 0x000000061cc00000, 0x000000061cc00000| Complete 
| 111|0x000000061d000000, 0x000000061d400000, 0x000000061d400000|100%| E|CS|TAMS 0x000000061d000000, 0x000000061d000000| Complete 
| 112|0x000000061d400000, 0x000000061d800000, 0x000000061d800000|100%| E|CS|TAMS 0x000000061d400000, 0x000000061d400000| Complete 
| 113|0x000000061d800000, 0x000000061dc00000, 0x000000061dc00000|100%| E|CS|TAMS 0x000000061d800000, 0x000000061d800000| Complete 
| 114|0x000000061dc00000, 0x000000061e000000, 0x000000061e000000|100%| E|CS|TAMS 0x000000061dc00000, 0x000000061dc00000| Complete 
| 115|0x000000061e000000, 0x000000061e400000, 0x000000061e400000|100%| E|CS|TAMS 0x000000061e000000, 0x000000061e000000| Complete 
| 116|0x000000061e400000, 0x000000061e800000, 0x000000061e800000|100%| E|CS|TAMS 0x000000061e400000, 0x000000061e400000| Complete 
| 117|0x000000061e800000, 0x000000061ec00000, 0x000000061ec00000|100%| E|CS|TAMS 0x000000061e800000, 0x000000061e800000| Complete 
| 118|0x000000061ec00000, 0x000000061f000000, 0x000000061f000000|100%| E|CS|TAMS 0x000000061ec00000, 0x000000061ec00000| Complete 
| 119|0x000000061f000000, 0x000000061f400000, 0x000000061f400000|100%| E|CS|TAMS 0x000000061f000000, 0x000000061f000000| Complete 
| 120|0x000000061f400000, 0x000000061f800000, 0x000000061f800000|100%| E|CS|TAMS 0x000000061f400000, 0x000000061f400000| Complete 
| 121|0x000000061f800000, 0x000000061fc00000, 0x000000061fc00000|100%| E|CS|TAMS 0x000000061f800000, 0x000000061f800000| Complete 
| 122|0x000000061fc00000, 0x0000000620000000, 0x0000000620000000|100%| E|CS|TAMS 0x000000061fc00000, 0x000000061fc00000| Complete 
| 123|0x0000000620000000, 0x0000000620400000, 0x0000000620400000|100%| E|CS|TAMS 0x0000000620000000, 0x0000000620000000| Complete 
| 124|0x0000000620400000, 0x0000000620800000, 0x0000000620800000|100%| E|CS|TAMS 0x0000000620400000, 0x0000000620400000| Complete 
| 125|0x0000000620800000, 0x0000000620c00000, 0x0000000620c00000|100%| E|CS|TAMS 0x0000000620800000, 0x0000000620800000| Complete 
| 126|0x0000000620c00000, 0x0000000621000000, 0x0000000621000000|100%| E|CS|TAMS 0x0000000620c00000, 0x0000000620c00000| Complete 
| 127|0x0000000621000000, 0x0000000621400000, 0x0000000621400000|100%| E|CS|TAMS 0x0000000621000000, 0x0000000621000000| Complete 

Card table byte_map: [0x00000210514e0000,0x00000210524e0000] _byte_map_base: 0x000002104e4d6000

Marking Bits (Prev, Next): (CMBitMap*) 0x000002103d892360, (CMBitMap*) 0x000002103d8923a0
 Prev Bits: [0x00000210534e0000, 0x000002105b490000)
 Next Bits: [0x000002105b490000, 0x0000021063440000)

Polling page: 0x000002103be70000

Metaspace:

Usage:
  Non-class:     13.15 MB used.
      Class:      1.54 MB used.
       Both:     14.69 MB used.

Virtual space:
  Non-class space:       64.00 MB reserved,      13.25 MB ( 21%) committed,  1 nodes.
      Class space:        1.00 GB reserved,       1.63 MB ( <1%) committed,  1 nodes.
             Both:        1.06 GB reserved,      14.88 MB (  1%) committed. 

Chunk freelists:
   Non-Class:  2.58 MB
       Class:  14.28 MB
        Both:  16.86 MB

MaxMetaspaceSize: unlimited
CompressedClassSpaceSize: 1.00 GB
Initial GC threshold: 21.00 MB
Current GC threshold: 21.00 MB
CDS: off
MetaspaceReclaimPolicy: balanced
 - commit_granule_bytes: 65536.
 - commit_granule_words: 8192.
 - virtual_space_node_default_size: 8388608.
 - enlarge_chunks_in_place: 1.
 - new_chunks_are_fully_committed: 0.
 - uncommit_free_chunks: 1.
 - use_allocation_guard: 0.
 - handle_deallocations: 1.


Internal statistics:

num_allocs_failed_limit: 0.
num_arena_births: 90.
num_arena_deaths: 0.
num_vsnodes_births: 2.
num_vsnodes_deaths: 0.
num_space_committed: 238.
num_space_uncommitted: 0.
num_chunks_returned_to_freelist: 0.
num_chunks_taken_from_freelist: 347.
num_chunk_merges: 0.
num_chunk_splits: 215.
num_chunks_enlarged: 171.
num_inconsistent_stats: 0.

CodeHeap 'non-profiled nmethods': size=120000Kb used=2546Kb max_used=2546Kb free=117453Kb
 bounds [0x0000021048340000, 0x00000210485c0000, 0x000002104f870000]
CodeHeap 'profiled nmethods': size=120000Kb used=6705Kb max_used=6705Kb free=113294Kb
 bounds [0x0000021040870000, 0x0000021040f00000, 0x0000021047da0000]
CodeHeap 'non-nmethods': size=5760Kb used=1178Kb max_used=1276Kb free=4582Kb
 bounds [0x0000021047da0000, 0x0000021048010000, 0x0000021048340000]
 total_blobs=3847 nmethods=3376 adapters=383
 compilation: enabled
              stopped_count=0, restarted_count=0
 full_count=0

Compilation events (20 events):
Event: 7.871 Thread 0x0000021065de7c90 3388       3       com.tngtech.archunit.core.domain.JavaAnnotation::startWithLowerCase (41 bytes)
Event: 7.872 Thread 0x0000021065de7c90 nmethod 3388 0x0000021040ef5210 code [0x0000021040ef54c0, 0x0000021040ef6088]
Event: 7.872 Thread 0x0000021065de7c90 3391       3       com.tngtech.archunit.thirdparty.org.objectweb.asm.MethodVisitor::visitIincInsn (17 bytes)
Event: 7.872 Thread 0x0000021065de7c90 nmethod 3391 0x0000021040ef6490 code [0x0000021040ef6640, 0x0000021040ef6968]
Event: 7.872 Thread 0x0000021065de7c90 3386       2       com.tngtech.archunit.core.importer.JavaClassProcessor$AnnotationArrayProcessor$ArrayValueBuilder::build (17 bytes)
Event: 7.873 Thread 0x0000021065de7c90 nmethod 3386 0x0000021040ef6a90 code [0x0000021040ef6c80, 0x0000021040ef7178]
Event: 7.873 Thread 0x0000021065de7c90 3387       2       com.tngtech.archunit.core.importer.JavaClassProcessor$AnnotationArrayProcessor$ArrayValueBuilder::determineComponentType (75 bytes)
Event: 7.873 Thread 0x0000021065de7c90 nmethod 3387 0x0000021040ef7390 code [0x0000021040ef75e0, 0x0000021040ef7db8]
Event: 7.873 Thread 0x0000021065de7c90 3392       2       com.tngtech.archunit.core.domain.JavaParameter$$Lambda$144/0x00000008001b0210::apply (14 bytes)
Event: 7.873 Thread 0x0000021065de7c90 nmethod 3392 0x0000021040ef8290 code [0x0000021040ef8440, 0x0000021040ef85a8]
Event: 7.880 Thread 0x0000021065de7c90 3393       3       com.tngtech.archunit.core.domain.JavaAnnotation::createDescription (79 bytes)
Event: 7.880 Thread 0x0000021065de7c90 nmethod 3393 0x0000021040ef8690 code [0x0000021040ef89a0, 0x0000021040ef98c8]
Event: 7.884 Thread 0x0000021065de7c90 3395       3       com.tngtech.archunit.core.domain.JavaAnnotation::<init> (61 bytes)
Event: 7.884 Thread 0x0000021065de7c90 nmethod 3395 0x0000021040ef9d90 code [0x0000021040efa040, 0x0000021040efafd8]
Event: 7.885 Thread 0x0000021065de7c90 3396       2       com.tngtech.archunit.thirdparty.com.google.common.collect.RegularImmutableList::internalArrayEnd (6 bytes)
Event: 7.885 Thread 0x0000021065de7c90 nmethod 3396 0x0000021040efb410 code [0x0000021040efb5a0, 0x0000021040efb6b8]
Event: 7.887 Thread 0x0000021065de7c90 3397       2       com.tngtech.archunit.core.importer.ClassFileProcessor$ClassDetailsRecorder::onDeclaredInstanceofCheck (9 bytes)
Event: 7.887 Thread 0x0000021065de7c90 nmethod 3397 0x0000021040efb790 code [0x0000021040efb920, 0x0000021040efba88]
Event: 7.902 Thread 0x0000021065de7c90 3398       3       com.tngtech.archunit.thirdparty.com.google.common.collect.ImmutableSet$RegularSetBuilderImpl::hashFloodingDetected (108 bytes)
Event: 7.902 Thread 0x0000021065de7c90 nmethod 3398 0x0000021040efbb90 code [0x0000021040efbd80, 0x0000021040efc2c8]

GC Heap History (9 events):
Event: 2.576 GC heap before
{Heap before GC invocations=0 (full 0):
 garbage-first heap   total 524288K, used 20480K [0x0000000601400000, 0x0000000800000000)
  region size 4096K, 6 young (24576K), 0 survivors (0K)
 Metaspace       used 10724K, committed 10880K, reserved 1114112K
  class space    used 1129K, committed 1216K, reserved 1048576K
}
Event: 2.621 GC heap after
{Heap after GC invocations=1 (full 0):
 garbage-first heap   total 524288K, used 10232K [0x0000000601400000, 0x0000000800000000)
  region size 4096K, 1 young (4096K), 1 survivors (4096K)
 Metaspace       used 10724K, committed 10880K, reserved 1114112K
  class space    used 1129K, committed 1216K, reserved 1048576K
}
Event: 3.174 GC heap before
{Heap before GC invocations=1 (full 0):
 garbage-first heap   total 524288K, used 30712K [0x0000000601400000, 0x0000000800000000)
  region size 4096K, 6 young (24576K), 1 survivors (4096K)
 Metaspace       used 11395K, committed 11520K, reserved 1114112K
  class space    used 1193K, committed 1280K, reserved 1048576K
}
Event: 3.177 GC heap after
{Heap after GC invocations=2 (full 0):
 garbage-first heap   total 524288K, used 12379K [0x0000000601400000, 0x0000000800000000)
  region size 4096K, 1 young (4096K), 1 survivors (4096K)
 Metaspace       used 11395K, committed 11520K, reserved 1114112K
  class space    used 1193K, committed 1280K, reserved 1048576K
}
Event: 3.278 GC heap before
{Heap before GC invocations=2 (full 0):
 garbage-first heap   total 524288K, used 45147K [0x0000000601400000, 0x0000000800000000)
  region size 4096K, 9 young (36864K), 1 survivors (4096K)
 Metaspace       used 11408K, committed 11520K, reserved 1114112K
  class space    used 1193K, committed 1280K, reserved 1048576K
}
Event: 3.280 GC heap after
{Heap after GC invocations=3 (full 0):
 garbage-first heap   total 524288K, used 14272K [0x0000000601400000, 0x0000000800000000)
  region size 4096K, 2 young (8192K), 2 survivors (8192K)
 Metaspace       used 11408K, committed 11520K, reserved 1114112K
  class space    used 1193K, committed 1280K, reserved 1048576K
}
Event: 6.011 GC heap before
{Heap before GC invocations=3 (full 0):
 garbage-first heap   total 524288K, used 272320K [0x0000000601400000, 0x0000000800000000)
  region size 4096K, 65 young (266240K), 2 survivors (8192K)
 Metaspace       used 14370K, committed 14528K, reserved 1114112K
  class space    used 1506K, committed 1600K, reserved 1048576K
}
Event: 6.027 GC heap after
{Heap after GC invocations=4 (full 0):
 garbage-first heap   total 524288K, used 37532K [0x0000000601400000, 0x0000000800000000)
  region size 4096K, 7 young (28672K), 7 survivors (28672K)
 Metaspace       used 14370K, committed 14528K, reserved 1114112K
  class space    used 1506K, committed 1600K, reserved 1048576K
}
Event: 7.959 GC heap before
{Heap before GC invocations=4 (full 0):
 garbage-first heap   total 524288K, used 225948K [0x0000000601400000, 0x0000000800000000)
  region size 4096K, 53 young (217088K), 7 survivors (28672K)
 Metaspace       used 15045K, committed 15232K, reserved 1114112K
  class space    used 1578K, committed 1664K, reserved 1048576K
}

Dll operation events (6 events):
Event: 0.137 Loaded shared library C:\Users\SXRBS\.vscode\extensions\redhat.java-1.28.1-win32-x64\jre\17.0.10-win32-x86_64\bin\java.dll
Event: 0.927 Loaded shared library C:\Users\SXRBS\.vscode\extensions\redhat.java-1.28.1-win32-x64\jre\17.0.10-win32-x86_64\bin\net.dll
Event: 0.947 Loaded shared library C:\Users\SXRBS\.vscode\extensions\redhat.java-1.28.1-win32-x64\jre\17.0.10-win32-x86_64\bin\nio.dll
Event: 0.954 Loaded shared library C:\Users\SXRBS\.vscode\extensions\redhat.java-1.28.1-win32-x64\jre\17.0.10-win32-x86_64\bin\zip.dll
Event: 1.528 Loaded shared library C:\Users\SXRBS\.vscode\extensions\redhat.java-1.28.1-win32-x64\jre\17.0.10-win32-x86_64\bin\jimage.dll
Event: 4.834 Loaded shared library C:\Users\SXRBS\.vscode\extensions\redhat.java-1.28.1-win32-x64\jre\17.0.10-win32-x86_64\bin\verify.dll

Deoptimization events (20 events):
Event: 7.677 Thread 0x000002103d867760 DEOPT PACKING pc=0x000002104858f854 sp=0x000000b971cfe6a0
Event: 7.677 Thread 0x000002103d867760 DEOPT UNPACKING pc=0x0000021047df69a3 sp=0x000000b971cfe678 mode 2
Event: 7.677 Thread 0x000002103d867760 Uncommon trap: trap_request=0xffffffde fr.pc=0x000002104858f854 relative=0x0000000000001134
Event: 7.677 Thread 0x000002103d867760 Uncommon trap: reason=class_check action=maybe_recompile pc=0x000002104858f854 method=java.util.stream.ReferencePipeline.collect(Ljava/util/stream/Collector;)Ljava/lang/Object; @ 118 c2
Event: 7.677 Thread 0x000002103d867760 DEOPT PACKING pc=0x000002104858f854 sp=0x000000b971cfe6a0
Event: 7.677 Thread 0x000002103d867760 DEOPT UNPACKING pc=0x0000021047df69a3 sp=0x000000b971cfe678 mode 2
Event: 7.677 Thread 0x000002103d867760 Uncommon trap: trap_request=0xffffffde fr.pc=0x000002104858f854 relative=0x0000000000001134
Event: 7.677 Thread 0x000002103d867760 Uncommon trap: reason=class_check action=maybe_recompile pc=0x000002104858f854 method=java.util.stream.ReferencePipeline.collect(Ljava/util/stream/Collector;)Ljava/lang/Object; @ 118 c2
Event: 7.677 Thread 0x000002103d867760 DEOPT PACKING pc=0x000002104858f854 sp=0x000000b971cfe500
Event: 7.677 Thread 0x000002103d867760 DEOPT UNPACKING pc=0x0000021047df69a3 sp=0x000000b971cfe4d8 mode 2
Event: 7.683 Thread 0x000002103d867760 DEOPT PACKING pc=0x0000021040c1d3bf sp=0x000000b971cfdca0
Event: 7.683 Thread 0x000002103d867760 DEOPT UNPACKING pc=0x0000021047df7143 sp=0x000000b971cfd3c0 mode 0
Event: 7.700 Thread 0x000002103d867760 DEOPT PACKING pc=0x0000021040c1e330 sp=0x000000b971cfde00
Event: 7.700 Thread 0x000002103d867760 DEOPT UNPACKING pc=0x0000021047df7143 sp=0x000000b971cfd520 mode 0
Event: 7.714 Thread 0x000002103d867760 DEOPT PACKING pc=0x0000021040c1e330 sp=0x000000b971cfddb0
Event: 7.714 Thread 0x000002103d867760 DEOPT UNPACKING pc=0x0000021047df7143 sp=0x000000b971cfd4d0 mode 0
Event: 7.841 Thread 0x000002103d867760 Uncommon trap: trap_request=0xffffff45 fr.pc=0x00000210484b33f4 relative=0x00000000000004d4
Event: 7.841 Thread 0x000002103d867760 Uncommon trap: reason=unstable_if action=reinterpret pc=0x00000210484b33f4 method=java.util.regex.Pattern$BmpCharPropertyGreedy.match(Ljava/util/regex/Matcher;ILjava/lang/CharSequence;)Z @ 60 c2
Event: 7.841 Thread 0x000002103d867760 DEOPT PACKING pc=0x00000210484b33f4 sp=0x000000b971cfeb70
Event: 7.841 Thread 0x000002103d867760 DEOPT UNPACKING pc=0x0000021047df69a3 sp=0x000000b971cfeb18 mode 2

Classes unloaded (0 events):
No events

Classes redefined (0 events):
No events

Internal exceptions (20 events):
Event: 1.090 Thread 0x000002103d867760 Exception <a 'java/lang/NoSuchMethodError'{0x0000000620d8b170}: 'java.lang.Object java.lang.invoke.DirectMethodHandle$Holder.invokeInterface(java.lang.Object, java.lang.Object)'> (0x0000000620d8b170) 
thrown [s\src\hotspot\share\interpreter\linkResolver.cpp, line 759]
Event: 1.096 Thread 0x000002103d867760 Exception <a 'java/lang/NoSuchMethodError'{0x0000000620d9df80}: 'java.lang.Object java.lang.invoke.DirectMethodHandle$Holder.invokeSpecialIFC(java.lang.Object, java.lang.Object, java.lang.Object, java.lang.Object)'> (0x0000000620d9df80) 
thrown [s\src\hotspot\share\interpreter\linkResolver.cpp, line 759]
Event: 1.480 Thread 0x000002103d867760 Exception <a 'java/lang/NoSuchMethodError'{0x0000000620511138}: 'void java.lang.invoke.DirectMethodHandle$Holder.invokeStatic(java.lang.Object, java.lang.Object, java.lang.Object, java.lang.Object)'> (0x0000000620511138) 
thrown [s\src\hotspot\share\interpreter\linkResolver.cpp, line 759]
Event: 1.639 Thread 0x000002103d867760 Exception <a 'java/lang/NoSuchMethodError'{0x00000006206e45a0}: 'java.lang.Object java.lang.invoke.DirectMethodHandle$Holder.invokeSpecial(java.lang.Object, java.lang.Object, java.lang.Object, long, java.lang.Object)'> (0x00000006206e45a0) 
thrown [s\src\hotspot\share\interpreter\linkResolver.cpp, line 759]
Event: 1.640 Thread 0x000002103d867760 Exception <a 'java/lang/NoSuchMethodError'{0x00000006206e8170}: 'java.lang.Object java.lang.invoke.Invokers$Holder.linkToTargetMethod(java.lang.Object, long, java.lang.Object, java.lang.Object)'> (0x00000006206e8170) 
thrown [s\src\hotspot\share\interpreter\linkResolver.cpp, line 759]
Event: 1.712 Thread 0x000002103d867760 Exception <a 'java/lang/ClassNotFoundException'{0x000000062071f9a0}: javax/smartcardio/CardPermission> (0x000000062071f9a0) 
thrown [s\src\hotspot\share\classfile\systemDictionary.cpp, line 256]
Event: 1.719 Thread 0x000002103d867760 Exception <a 'java/io/FileNotFoundException'{0x000000062072dfa0}> (0x000000062072dfa0) 
thrown [s\src\hotspot\share\prims\jni.cpp, line 516]
Event: 2.393 Thread 0x000002103d867760 Exception <a 'sun/nio/fs/WindowsException'{0x000000061fc6aae0}> (0x000000061fc6aae0) 
thrown [s\src\hotspot\share\prims\jni.cpp, line 516]
Event: 2.549 Thread 0x000002103d867760 Exception <a 'java/lang/NoSuchMethodError'{0x000000061ff15230}: 'void java.lang.invoke.DirectMethodHandle$Holder.invokeStatic(java.lang.Object, java.lang.Object, java.lang.Object)'> (0x000000061ff15230) 
thrown [s\src\hotspot\share\interpreter\linkResolver.cpp, line 759]
Event: 3.690 Thread 0x000002103d867760 Exception <a 'java/lang/NoSuchMethodError'{0x000000061c5f44b0}: 'int java.lang.invoke.DirectMethodHandle$Holder.invokeVirtual(java.lang.Object, java.lang.Object, java.lang.Object)'> (0x000000061c5f44b0) 
thrown [s\src\hotspot\share\interpreter\linkResolver.cpp, line 759]
Event: 4.636 Thread 0x000002103d867760 Exception <a 'java/lang/NoSuchMethodError'{0x0000000614e275b0}: 'int java.lang.invoke.DirectMethodHandle$Holder.invokeSpecialIFC(java.lang.Object, java.lang.Object, java.lang.Object)'> (0x0000000614e275b0) 
thrown [s\src\hotspot\share\interpreter\linkResolver.cpp, line 759]
Event: 4.823 Thread 0x000002103d867760 Exception <a 'java/lang/NoSuchMethodError'{0x00000006149dde28}: 'java.lang.Object java.lang.invoke.DirectMethodHandle$Holder.invokeInterface(java.lang.Object, java.lang.Object, java.lang.Object)'> (0x00000006149dde28) 
thrown [s\src\hotspot\share\interpreter\linkResolver.cpp, line 759]
Event: 4.959 Thread 0x000002103d867760 Exception <a 'java/lang/NoSuchMethodError'{0x0000000614488400}: 'int java.lang.invoke.DirectMethodHandle$Holder.invokeStaticInit(java.lang.Object, java.lang.Object, java.lang.Object)'> (0x0000000614488400) 
thrown [s\src\hotspot\share\interpreter\linkResolver.cpp, line 759]
Event: 5.094 Thread 0x000002103d867760 Exception <a 'java/lang/NoSuchMethodError'{0x0000000614764530}: 'void java.lang.invoke.DirectMethodHandle$Holder.invokeStatic(java.lang.Object, java.lang.Object, int, java.lang.Object)'> (0x0000000614764530) 
thrown [s\src\hotspot\share\interpreter\linkResolver.cpp, line 759]
Event: 5.095 Thread 0x000002103d867760 Exception <a 'java/lang/NoSuchMethodError'{0x000000061476b968}: 'java.lang.Object java.lang.invoke.DirectMethodHandle$Holder.newInvokeSpecial(java.lang.Object, java.lang.Object, int)'> (0x000000061476b968) 
thrown [s\src\hotspot\share\interpreter\linkResolver.cpp, line 759]
Event: 5.124 Thread 0x000002103d867760 Exception <a 'java/lang/NoSuchMethodError'{0x0000000614017fd8}: 'void java.lang.invoke.DirectMethodHandle$Holder.invokeSpecial(java.lang.Object, java.lang.Object, java.lang.Object)'> (0x0000000614017fd8) 
thrown [s\src\hotspot\share\interpreter\linkResolver.cpp, line 759]
Event: 6.722 Thread 0x000002103d867760 Exception <a 'java/lang/NoSuchMethodError'{0x000000061d64d3c8}: 'java.lang.Object java.lang.invoke.DirectMethodHandle$Holder.invokeVirtual(java.lang.Object, java.lang.Object, java.lang.Object)'> (0x000000061d64d3c8) 
thrown [s\src\hotspot\share\interpreter\linkResolver.cpp, line 759]
Event: 6.809 Thread 0x000002103d867760 Exception <a 'java/lang/NoSuchMethodError'{0x000000061d6f2d08}: 'java.lang.Object java.lang.invoke.DirectMethodHandle$Holder.invokeStaticInit(java.lang.Object)'> (0x000000061d6f2d08) 
thrown [s\src\hotspot\share\interpreter\linkResolver.cpp, line 759]
Event: 7.485 Thread 0x000002103d867760 Implicit null exception at 0x00000210483aaf72 to 0x00000210483ab710
Event: 7.485 Thread 0x000002103d867760 Implicit null exception at 0x00000210483a80f2 to 0x00000210483a88b0

VM Operations (20 events):
Event: 3.690 Executing VM operation: HandshakeAllThreads done
Event: 4.690 Executing VM operation: Cleanup
Event: 4.690 Executing VM operation: Cleanup done
Event: 4.860 Executing VM operation: HandshakeAllThreads
Event: 4.860 Executing VM operation: HandshakeAllThreads done
Event: 5.267 Executing VM operation: ICBufferFull
Event: 5.267 Executing VM operation: ICBufferFull done
Event: 5.535 Executing VM operation: ICBufferFull
Event: 5.535 Executing VM operation: ICBufferFull done
Event: 6.011 Executing VM operation: G1CollectForAllocation
Event: 6.027 Executing VM operation: G1CollectForAllocation done
Event: 6.647 Executing VM operation: HandshakeAllThreads
Event: 6.647 Executing VM operation: HandshakeAllThreads done
Event: 6.724 Executing VM operation: HandshakeAllThreads
Event: 6.724 Executing VM operation: HandshakeAllThreads done
Event: 6.899 Executing VM operation: ICBufferFull
Event: 6.899 Executing VM operation: ICBufferFull done
Event: 7.553 Executing VM operation: ICBufferFull
Event: 7.553 Executing VM operation: ICBufferFull done
Event: 7.959 Executing VM operation: G1CollectForAllocation

Events (20 events):
Event: 5.379 loading class jdk/internal/jimage/decompressor/CompressedResourceHeader done
Event: 5.379 loading class jdk/internal/jimage/decompressor/ResourceDecompressorRepository
Event: 5.379 loading class jdk/internal/jimage/decompressor/ResourceDecompressorRepository done
Event: 5.379 loading class jdk/internal/jimage/decompressor/ZipDecompressorFactory
Event: 5.379 loading class jdk/internal/jimage/decompressor/ResourceDecompressorFactory
Event: 5.379 loading class jdk/internal/jimage/decompressor/ResourceDecompressorFactory done
Event: 5.379 loading class jdk/internal/jimage/decompressor/ZipDecompressorFactory done
Event: 5.379 loading class jdk/internal/jimage/decompressor/StringSharingDecompressorFactory
Event: 5.379 loading class jdk/internal/jimage/decompressor/StringSharingDecompressorFactory done
Event: 5.379 loading class jdk/internal/jimage/decompressor/ZipDecompressor
Event: 5.379 loading class jdk/internal/jimage/decompressor/ResourceDecompressor
Event: 5.380 loading class jdk/internal/jimage/decompressor/ResourceDecompressor done
Event: 5.380 loading class jdk/internal/jimage/decompressor/ZipDecompressor done
Event: 5.537 Thread 0x000002106b180490 Thread added: 0x000002106b180490
Event: 6.723 loading class java/util/ArrayList$ListItr
Event: 6.723 loading class java/util/ArrayList$ListItr done
Event: 6.800 loading class java/lang/invoke/MethodHandle$1
Event: 6.800 loading class java/lang/invoke/MethodHandle$1 done
Event: 7.256 loading class java/util/StringJoiner
Event: 7.256 loading class java/util/StringJoiner done


Dynamic libraries:
0x00007ff7e0120000 - 0x00007ff7e012e000 	C:\Users\SXRBS\.vscode\extensions\redhat.java-1.28.1-win32-x64\jre\17.0.10-win32-x86_64\bin\java.exe
0x00007ffdf4f20000 - 0x00007ffdf510e000 	C:\Windows\SYSTEM32\ntdll.dll
0x00007ffdf4d30000 - 0x00007ffdf4de3000 	C:\Windows\System32\KERNEL32.DLL
0x00007ffdf1a20000 - 0x00007ffdf1cbd000 	C:\Windows\System32\KERNELBASE.dll
0x00007ffdf1e10000 - 0x00007ffdf1f0a000 	C:\Windows\System32\ucrtbase.dll
0x00007ffdd8810000 - 0x00007ffdd882b000 	C:\Users\SXRBS\.vscode\extensions\redhat.java-1.28.1-win32-x64\jre\17.0.10-win32-x86_64\bin\VCRUNTIME140.dll
0x00007ffdd94a0000 - 0x00007ffdd94b7000 	C:\Users\SXRBS\.vscode\extensions\redhat.java-1.28.1-win32-x64\jre\17.0.10-win32-x86_64\bin\jli.dll
0x00007ffdf49b0000 - 0x00007ffdf4b47000 	C:\Windows\System32\USER32.dll
0x00007ffdf1200000 - 0x00007ffdf1220000 	C:\Windows\System32\win32u.dll
0x00007ffdf4be0000 - 0x00007ffdf4c09000 	C:\Windows\System32\GDI32.dll
0x00007ffdf0ff0000 - 0x00007ffdf119a000 	C:\Windows\System32\gdi32full.dll
0x00007ffdf1cc0000 - 0x00007ffdf1d60000 	C:\Windows\System32\msvcp_win.dll
0x00007ffde0410000 - 0x00007ffde0689000 	C:\Windows\WinSxS\amd64_microsoft.windows.common-controls_6595b64144ccf1df_6.0.17763.5458_none_de7234b4534a7f0e\COMCTL32.dll
0x00007ffdf4c10000 - 0x00007ffdf4cae000 	C:\Windows\System32\msvcrt.dll
0x00007ffdf4510000 - 0x00007ffdf483b000 	C:\Windows\System32\combase.dll
0x00007ffdf2140000 - 0x00007ffdf225d000 	C:\Windows\System32\RPCRT4.dll
0x00007ffdf1d80000 - 0x00007ffdf1e02000 	C:\Windows\System32\bcryptPrimitives.dll
0x00007ffdf4bb0000 - 0x00007ffdf4bde000 	C:\Windows\System32\IMM32.DLL
0x00000000510f0000 - 0x00000000510fd000 	C:\Program Files (x86)\360\360Safe\safemon\SafeWrapper.dll
0x00007ffdf2490000 - 0x00007ffdf2538000 	C:\Windows\System32\ADVAPI32.dll
0x00007ffdf2670000 - 0x00007ffdf2712000 	C:\Windows\System32\sechost.dll
0x00007ffdf2110000 - 0x00007ffdf2136000 	C:\Windows\System32\bcrypt.dll
0x00007ffddd050000 - 0x00007ffddd0fc000 	C:\Program Files (x86)\360\360Safe\safemon\libzdtp64.dll
0x00007ffdf2c10000 - 0x00007ffdf4108000 	C:\Windows\System32\SHELL32.dll
0x00007ffdf0fa0000 - 0x00007ffdf0fea000 	C:\Windows\System32\cfgmgr32.dll
0x00007ffdf2280000 - 0x00007ffdf2327000 	C:\Windows\System32\shcore.dll
0x00007ffdf12d0000 - 0x00007ffdf1a17000 	C:\Windows\System32\windows.storage.dll
0x00007ffdf0f70000 - 0x00007ffdf0f93000 	C:\Windows\System32\profapi.dll
0x00007ffdf0ef0000 - 0x00007ffdf0f4d000 	C:\Windows\System32\powrprof.dll
0x00007ffdf4b50000 - 0x00007ffdf4ba2000 	C:\Windows\System32\shlwapi.dll
0x00007ffdf0ed0000 - 0x00007ffdf0ee1000 	C:\Windows\System32\kernel.appcore.dll
0x00007ffdf1d60000 - 0x00007ffdf1d7b000 	C:\Windows\System32\cryptsp.dll
0x00007ffdf0c70000 - 0x00007ffdf0c7a000 	C:\Windows\SYSTEM32\VERSION.dll
0x00007ffde17b0000 - 0x00007ffde17bc000 	C:\Users\SXRBS\.vscode\extensions\redhat.java-1.28.1-win32-x64\jre\17.0.10-win32-x86_64\bin\vcruntime140_1.dll
0x00007ffdb9da0000 - 0x00007ffdb9e2d000 	C:\Users\SXRBS\.vscode\extensions\redhat.java-1.28.1-win32-x64\jre\17.0.10-win32-x86_64\bin\msvcp140.dll
0x00007ffdb7600000 - 0x00007ffdb8262000 	C:\Users\SXRBS\.vscode\extensions\redhat.java-1.28.1-win32-x64\jre\17.0.10-win32-x86_64\bin\server\jvm.dll
0x00007ffde9160000 - 0x00007ffde9169000 	C:\Windows\SYSTEM32\WSOCK32.dll
0x00007ffdf4e80000 - 0x00007ffdf4eed000 	C:\Windows\System32\WS2_32.dll
0x00007ffdeecb0000 - 0x00007ffdeecd4000 	C:\Windows\SYSTEM32\WINMM.dll
0x00007ffdeeb90000 - 0x00007ffdeebbd000 	C:\Windows\SYSTEM32\WINMMBASE.dll
0x00007ffde08d0000 - 0x00007ffde08da000 	C:\Users\SXRBS\.vscode\extensions\redhat.java-1.28.1-win32-x64\jre\17.0.10-win32-x86_64\bin\jimage.dll
0x00007ffdf07a0000 - 0x00007ffdf098d000 	C:\Windows\SYSTEM32\DBGHELP.DLL
0x00007ffdf06f0000 - 0x00007ffdf071a000 	C:\Windows\SYSTEM32\dbgcore.DLL
0x00007ffdce310000 - 0x00007ffdce335000 	C:\Users\SXRBS\.vscode\extensions\redhat.java-1.28.1-win32-x64\jre\17.0.10-win32-x86_64\bin\java.dll
0x00007ffddd010000 - 0x00007ffddd028000 	C:\Users\SXRBS\.vscode\extensions\redhat.java-1.28.1-win32-x64\jre\17.0.10-win32-x86_64\bin\zip.dll
0x00007ffdd0060000 - 0x00007ffdd0079000 	C:\Users\SXRBS\.vscode\extensions\redhat.java-1.28.1-win32-x64\jre\17.0.10-win32-x86_64\bin\net.dll
0x00007ffde5210000 - 0x00007ffde530d000 	C:\Windows\SYSTEM32\WINHTTP.dll
0x00007ffdf0170000 - 0x00007ffdf01d7000 	C:\Windows\system32\mswsock.dll
0x00007ffdceae0000 - 0x00007ffdceaf6000 	C:\Users\SXRBS\.vscode\extensions\redhat.java-1.28.1-win32-x64\jre\17.0.10-win32-x86_64\bin\nio.dll
0x00007ffddc890000 - 0x00007ffddc8a0000 	C:\Users\SXRBS\.vscode\extensions\redhat.java-1.28.1-win32-x64\jre\17.0.10-win32-x86_64\bin\verify.dll

dbghelp: loaded successfully - version: 4.0.5 - missing functions: none
symbol engine: initialized successfully - sym options: 0x614 - pdb path: .;C:\Users\SXRBS\.vscode\extensions\redhat.java-1.28.1-win32-x64\jre\17.0.10-win32-x86_64\bin;C:\Windows\SYSTEM32;C:\Windows\WinSxS\amd64_microsoft.windows.common-controls_6595b64144ccf1df_6.0.17763.5458_none_de7234b4534a7f0e;C:\Program Files (x86)\360\360Safe\safemon;C:\Users\SXRBS\.vscode\extensions\redhat.java-1.28.1-win32-x64\jre\17.0.10-win32-x86_64\bin\server

VM Arguments:
java_command: org.springframework.modulith.core.util.ApplicationModulesExporter com.sqds C:\Users\SXRBS\AppData\Local\Temp\sqdsback-com.sqds10962054300921895413json
java_class_path (initial): K:\mywork\springjwtstudy\sqdsback\build\resources\test;K:\mywork\springjwtstudy\sqdsback\build\classes\java\test;K:\mywork\springjwtstudy\sqdsback\build\resources\main;K:\mywork\springjwtstudy\sqdsback\build\classes\java\main;K:\mywork\springjwtstudy\sqdsback\build\classes\java\test;K:\mywork\springjwtstudy\sqdsback\build\classes\java\main;C:\Program Files\Java\jdk-17\lib\jrt-fs.jar;C:\Users\SXRBS\.gradle\caches\modules-2\files-2.1\jakarta.activation\jakarta.activation-api\2.1.2\640c0d5aff45dbff1e1a1bc09673ff3a02b1ba12\jakarta.activation-api-2.1.2.jar;C:\Users\SXRBS\.gradle\caches\modules-2\files-2.1\org.slf4j\jcl-over-slf4j\2.0.9\89eb336cf1183ce075253c7c3788aa196d56f71a\jcl-over-slf4j-2.0.9.jar;C:\Users\SXRBS\.gradle\caches\modules-2\files-2.1\org.springframework.boot\spring-boot-starter-aop\3.2.0\1c4e5498a0ae4c179d0c192e9b674ac656f3e0b9\spring-boot-starter-aop-3.2.0.jar;C:\Users\SXRBS\.gradle\caches\modules-2\files-2.1\io.netty\netty-resolver\4.1.101.Final\5e7eddfa4dfffcbd375d265d1fd08297df94f82f\netty-resolver-4.1.101.Final.jar;C:\Users\SXRBS\.gradle\caches\modules-2\files-2.1\org.apache.logging.log4j\log4j-api\2.21.1\74c65e87b9ce1694a01524e192d7be989ba70486\log4j-api-2.21.1.jar;C:\Users\SXRBS\.gradle\caches\modules-2\files-2.1\org.springframework\spring-aspects\6.1.1\bfcb6682e205b4ef6ae7986ac7ea35eae29f31f4\spring-aspects-6.1.1.jar;C:\Users\SXRBS\.gradle\caches\modules-2\files-2.1\com.tngtech.archunit\archunit\1.1.0\c4af2d17b4afa00c7cadceed99f5d3d1f21067ef\archunit-1.1.0.jar;C:\Users\SXRBS\.gradle\caches\modules-2\files-2.1\org.slf4j\jul-to-slf4j\2.0.9\9ef7c70b248185845f013f49a33ff9ca65b7975\jul-to-slf4j-2.0.9.jar;C:\Users\SXRBS\.gradle\caches\modules-2\files-2.1\org.aspectj\aspectjweaver\1.9.20.1\33b0e41476658229933eec7134678cf336e66dd4\aspectjweaver-1.9.20.1.jar;C:\Users\SXRBS\.gradle\caches\modules-2\files-2.1\org.slf4j\slf4j-api\2.0.9\7cf2726fdcfbc8610f9a71fb3ed639871f315340\slf4j-api-2.0.9.jar;C:\Users\SXRBS\.gradle\caches\modul
Launcher Type: SUN_STANDARD

[Global flags]
     intx CICompilerCount                          = 4                                         {product} {ergonomic}
     uint ConcGCThreads                            = 2                                         {product} {ergonomic}
     uint G1ConcRefinementThreads                  = 8                                         {product} {ergonomic}
   size_t G1HeapRegionSize                         = 4194304                                   {product} {ergonomic}
    uintx GCDrainStackTargetSize                   = 64                                        {product} {ergonomic}
   size_t InitialHeapSize                          = 536870912                                 {product} {ergonomic}
   size_t MarkStackSize                            = 4194304                                   {product} {ergonomic}
   size_t MaxHeapSize                              = 8568963072                                {product} {ergonomic}
   size_t MaxNewSize                               = 5138022400                                {product} {ergonomic}
   size_t MinHeapDeltaBytes                        = 4194304                                   {product} {ergonomic}
   size_t MinHeapSize                              = 8388608                                   {product} {ergonomic}
    uintx NonNMethodCodeHeapSize                   = 5839372                                {pd product} {ergonomic}
    uintx NonProfiledCodeHeapSize                  = 122909434                              {pd product} {ergonomic}
    uintx ProfiledCodeHeapSize                     = 122909434                              {pd product} {ergonomic}
    uintx ReservedCodeCacheSize                    = 251658240                              {pd product} {ergonomic}
     bool SegmentedCodeCache                       = true                                      {product} {ergonomic}
   size_t SoftMaxHeapSize                          = 8568963072                             {manageable} {ergonomic}
     bool UseCompressedClassPointers               = true                           {product lp64_product} {ergonomic}
     bool UseCompressedOops                        = true                           {product lp64_product} {ergonomic}
     bool UseG1GC                                  = true                                      {product} {ergonomic}
     bool UseLargePagesIndividualAllocation        = false                                  {pd product} {ergonomic}

Logging:
Log output configuration:
 #0: stdout all=warning uptime,level,tags
 #1: stderr all=off uptime,level,tags

Environment Variables:
JAVA_HOME=C:\Program Files\Java\jdk-17
PATH=C:\Program Files\Common Files\Oracle\Java\javapath;C:\Windows\system32;C:\Windows;C:\Windows\System32\Wbem;C:\Windows\System32\WindowsPowerShell\v1.0\;C:\Windows\System32\OpenSSH\;C:\Program Files\Java\jdk-17\bin;C:\Program Files\nodejs\;C:\Program Files\Redis;C:\Program Files\Microsoft SQL Server\150\Tools\Binn\;C:\Program Files\Microsoft SQL Server\Client SDK\ODBC\170\Tools\Binn\;C:\Program Files\dotnet\;C:\Program Files (x86)\Microsoft SQL Server\160\DTS\Binn\;C:\Program Files\Azure Data Studio\bin;C:\Program Files (x86)\NetSarang\Xshell 7\;C:\Program Files (x86)\NetSarang\Xftp 7\;C:\Users\SXRBS\AppData\Local\Microsoft\WindowsApps;C:\Users\SXRBS\AppData\Roaming\npm;C:\Users\SXRBS\.dotnet\tools;C:\Program Files\Azure Data Studio\bin;C:\Users\SXRBS\AppData\Local\Programs\Microsoft VS Code\bin
USERNAME=SXRBS
OS=Windows_NT
PROCESSOR_IDENTIFIER=Intel64 Family 6 Model 158 Stepping 9, GenuineIntel
TMP=C:\Users\SXRBS\AppData\Local\Temp
TEMP=C:\Users\SXRBS\AppData\Local\Temp



Periodic native trim disabled


---------------  S Y S T E M  ---------------

OS:
 Windows 10 , 64 bit Build 17763 (10.0.17763.4974)
OS uptime: 0 days 0:37 hours

CPU: total 8 (initial active 8) (4 cores per cpu, 2 threads per core) family 6 model 158 stepping 9 microcode 0x8e, cx8, cmov, fxsr, ht, mmx, 3dnowpref, sse, sse2, sse3, ssse3, sse4.1, sse4.2, popcnt, lzcnt, tsc, tscinvbit, avx, avx2, aes, erms, clmul, bmi1, bmi2, rtm, adx, fma, vzeroupper, clflush, clflushopt
Processor Information for all 8 processors :
  Max Mhz: 3600, Current Mhz: 3600, Mhz Limit: 3600

Memory: 4k page, system-wide physical 32674M (20610M free)
TotalPageFile size 65442M (AvailPageFile size 50487M)
current process WorkingSet (physical memory assigned to process): 458M, peak: 458M
current process commit charge ("private bytes"): 701M, peak: 706M

vm_info: OpenJDK 64-Bit Server VM (17.0.10+7) for windows-amd64 JRE (17.0.10+7), built on Jan 16 2024 23:25:11 by "admin" with MS VC++ 16.10 / 16.11 (VS2019)

END.
