#
# A fatal error has been detected by the Java Runtime Environment:
#
#  EXCEPTION_ACCESS_VIOLATION (0xc0000005) at pc=0x00007ffb2422417b, pid=15284, tid=18928
#
# JRE version: Java(TM) SE Runtime Environment (17.0.9+11) (build 17.0.9+11-LTS-201)
# Java VM: Java HotSpot(TM) 64-Bit Server VM (17.0.9+11-LTS-201, mixed mode, emulated-client, sharing, tiered, compressed oops, compressed class ptrs, g1 gc, windows-amd64)
# Problematic frame:
# V  [jvm.dll+0x6f417b]
#
# No core dump will be written. Minidumps are not enabled by default on client versions of Windows
#
# If you would like to submit a bug report, please visit:
#   https://bugreport.java.com/bugreport/crash.jsp
#

---------------  S U M M A R Y ------------

Command Line: -agentlib:jdwp=transport=dt_socket,address=127.0.0.1:59872,suspend=y,server=n -XX:TieredStopAtLevel=1 -Dspring.output.ansi.enabled=always -Dcom.sun.management.jmxremote -Dspring.jmx.enabled=true -Dspring.liveBeansView.mbeanDomain -Dspring.application.admin.enabled=true -Dmanagement.endpoints.jmx.exposure.include=* -javaagent:C:\Users\SXRBS\AppData\Local\JetBrains\IntelliJIdea2023.3\captureAgent\debugger-agent.jar=file:/C:/Users/SXRBS/AppData/Local/Temp/capture.props -Dfile.encoding=GBK com.sqds.SqdsbackApplication

Host: Intel(R) Core(TM) i7-7700 CPU @ 3.60GHz, 8 cores, 31G,  Windows 10 , 64 bit Build 17763 (10.0.17763.4974)
Time: Wed Jan 31 08:30:41 2024 中国标准时间 elapsed time: 1.530554 seconds (0d 0h 0m 1s)

---------------  T H R E A D  ---------------

Current thread (0x0000021bf4200070):  JavaThread "restartedMain" [_thread_in_vm, id=18928, stack(0x000000265b000000,0x000000265b100000)]

Stack: [0x000000265b000000,0x000000265b100000],  sp=0x000000265b0fd150,  free space=1012k
Native frames: (J=compiled Java code, j=interpreted, Vv=VM code, C=native code)
V  [jvm.dll+0x6f417b]
V  [jvm.dll+0x2c6b83]
V  [jvm.dll+0x381c07]
V  [jvm.dll+0x3813bf]
C  0x0000021bd5d54a62

Java frames: (J=compiled Java code, j=interpreted, Vv=VM code)
j  java.util.stream.StreamSpliterators$WrappingSpliterator.<init>(Ljava/util/stream/PipelineHelper;Ljava/util/function/Supplier;Z)V+4 java.base@17.0.9
j  java.util.stream.ReferencePipeline.wrap(Ljava/util/stream/PipelineHelper;Ljava/util/function/Supplier;Z)Ljava/util/Spliterator;+7 java.base@17.0.9
j  java.util.stream.AbstractPipeline.spliterator()Ljava/util/Spliterator;+112 java.base@17.0.9
j  java.util.stream.ReferencePipeline.iterator()Ljava/util/Iterator;+1 java.base@17.0.9
j  org.springframework.boot.context.properties.source.IterableConfigurationPropertySource.iterator()Ljava/util/Iterator;+6
j  org.springframework.boot.context.properties.bind.IndexedElementsBinder.getKnownIndexedChildren(Lorg/springframework/boot/context/properties/source/ConfigurationPropertySource;Lorg/springframework/boot/context/properties/source/ConfigurationPropertyName;)Lorg/springframework/util/MultiValueMap;+44
j  org.springframework.boot.context.properties.bind.IndexedElementsBinder.bindIndexed(Lorg/springframework/boot/context/properties/source/ConfigurationPropertySource;Lorg/springframework/boot/context/properties/source/ConfigurationPropertyName;Lorg/springframework/boot/context/properties/bind/AggregateElementBinder;Lorg/springframework/boot/context/properties/bind/IndexedElementsBinder$IndexedCollectionSupplier;Lorg/springframework/core/ResolvableType;)V+3
j  org.springframework.boot.context.properties.bind.IndexedElementsBinder.bindIndexed(Lorg/springframework/boot/context/properties/source/ConfigurationPropertySource;Lorg/springframework/boot/context/properties/source/ConfigurationPropertyName;Lorg/springframework/boot/context/properties/bind/Bindable;Lorg/springframework/boot/context/properties/bind/AggregateElementBinder;Lorg/springframework/boot/context/properties/bind/IndexedElementsBinder$IndexedCollectionSupplier;Lorg/springframework/core/ResolvableType;Lorg/springframework/core/ResolvableType;)V+57
j  org.springframework.boot.context.properties.bind.IndexedElementsBinder.bindIndexed(Lorg/springframework/boot/context/properties/source/ConfigurationPropertyName;Lorg/springframework/boot/context/properties/bind/Bindable;Lorg/springframework/boot/context/properties/bind/AggregateElementBinder;Lorg/springframework/core/ResolvableType;Lorg/springframework/core/ResolvableType;Lorg/springframework/boot/context/properties/bind/IndexedElementsBinder$IndexedCollectionSupplier;)V+48
j  org.springframework.boot.context.properties.bind.ArrayBinder.bindAggregate(Lorg/springframework/boot/context/properties/source/ConfigurationPropertyName;Lorg/springframework/boot/context/properties/bind/Bindable;Lorg/springframework/boot/context/properties/bind/AggregateElementBinder;)Ljava/lang/Object;+39
j  org.springframework.boot.context.properties.bind.AggregateBinder.bind(Lorg/springframework/boot/context/properties/source/ConfigurationPropertyName;Lorg/springframework/boot/context/properties/bind/Bindable;Lorg/springframework/boot/context/properties/bind/AggregateElementBinder;)Ljava/lang/Object;+4
j  org.springframework.boot.context.properties.bind.Binder.lambda$bindAggregate$3(Lorg/springframework/boot/context/properties/bind/AggregateBinder;Lorg/springframework/boot/context/properties/source/ConfigurationPropertyName;Lorg/springframework/boot/context/properties/bind/Bindable;Lorg/springframework/boot/context/properties/bind/AggregateElementBinder;)Ljava/lang/Object;+4
j  org.springframework.boot.context.properties.bind.Binder$$Lambda$210+0x0000021b8117ee20.get()Ljava/lang/Object;+16
j  org.springframework.boot.context.properties.bind.Binder$Context.withIncreasedDepth(Ljava/util/function/Supplier;)Ljava/lang/Object;+5
j  org.springframework.boot.context.properties.bind.Binder.bindAggregate(Lorg/springframework/boot/context/properties/source/ConfigurationPropertyName;Lorg/springframework/boot/context/properties/bind/Bindable;Lorg/springframework/boot/context/properties/bind/BindHandler;Lorg/springframework/boot/context/properties/bind/Binder$Context;Lorg/springframework/boot/context/properties/bind/AggregateBinder;)Ljava/lang/Object;+26
j  org.springframework.boot.context.properties.bind.Binder.bindObject(Lorg/springframework/boot/context/properties/source/ConfigurationPropertyName;Lorg/springframework/boot/context/properties/bind/Bindable;Lorg/springframework/boot/context/properties/bind/BindHandler;Lorg/springframework/boot/context/properties/bind/Binder$Context;Z)Ljava/lang/Object;+60
j  org.springframework.boot.context.properties.bind.Binder.bind(Lorg/springframework/boot/context/properties/source/ConfigurationPropertyName;Lorg/springframework/boot/context/properties/bind/Bindable;Lorg/springframework/boot/context/properties/bind/BindHandler;Lorg/springframework/boot/context/properties/bind/Binder$Context;ZZ)Ljava/lang/Object;+41
j  org.springframework.boot.context.properties.bind.Binder.bind(Lorg/springframework/boot/context/properties/source/ConfigurationPropertyName;Lorg/springframework/boot/context/properties/bind/Bindable;Lorg/springframework/boot/context/properties/bind/BindHandler;Z)Ljava/lang/Object;+44
j  org.springframework.boot.context.properties.bind.Binder.bind(Lorg/springframework/boot/context/properties/source/ConfigurationPropertyName;Lorg/springframework/boot/context/properties/bind/Bindable;Lorg/springframework/boot/context/properties/bind/BindHandler;)Lorg/springframework/boot/context/properties/bind/BindResult;+5
j  org.springframework.boot.context.properties.bind.Binder.bind(Ljava/lang/String;Lorg/springframework/boot/context/properties/bind/Bindable;)Lorg/springframework/boot/context/properties/bind/BindResult;+7
j  org.springframework.boot.context.config.ConfigDataEnvironment.bindLocations(Lorg/springframework/boot/context/properties/bind/Binder;Ljava/lang/String;[Lorg/springframework/boot/context/config/ConfigDataLocation;)[Lorg/springframework/boot/context/config/ConfigDataLocation;+5
j  org.springframework.boot.context.config.ConfigDataEnvironment.getInitialImportContributors(Lorg/springframework/boot/context/properties/bind/Binder;)Ljava/util/List;+17
j  org.springframework.boot.context.config.ConfigDataEnvironment.createContributors(Lorg/springframework/boot/context/properties/bind/Binder;)Lorg/springframework/boot/context/config/ConfigDataEnvironmentContributors;+119
j  org.springframework.boot.context.config.ConfigDataEnvironment.<init>(Lorg/springframework/boot/logging/DeferredLogFactory;Lorg/springframework/boot/ConfigurableBootstrapContext;Lorg/springframework/core/env/ConfigurableEnvironment;Lorg/springframework/core/io/ResourceLoader;Ljava/util/Collection;Lorg/springframework/boot/context/config/ConfigDataEnvironmentUpdateListener;)V+125
j  org.springframework.boot.context.config.ConfigDataEnvironmentPostProcessor.getConfigDataEnvironment(Lorg/springframework/core/env/ConfigurableEnvironment;Lorg/springframework/core/io/ResourceLoader;Ljava/util/Collection;)Lorg/springframework/boot/context/config/ConfigDataEnvironment;+19
j  org.springframework.boot.context.config.ConfigDataEnvironmentPostProcessor.postProcessEnvironment(Lorg/springframework/core/env/ConfigurableEnvironment;Lorg/springframework/core/io/ResourceLoader;Ljava/util/Collection;)V+31
j  org.springframework.boot.context.config.ConfigDataEnvironmentPostProcessor.postProcessEnvironment(Lorg/springframework/core/env/ConfigurableEnvironment;Lorg/springframework/boot/SpringApplication;)V+10
j  org.springframework.boot.env.EnvironmentPostProcessorApplicationListener.onApplicationEnvironmentPreparedEvent(Lorg/springframework/boot/context/event/ApplicationEnvironmentPreparedEvent;)V+55
j  org.springframework.boot.env.EnvironmentPostProcessorApplicationListener.onApplicationEvent(Lorg/springframework/context/ApplicationEvent;)V+14
j  org.springframework.context.event.SimpleApplicationEventMulticaster.doInvokeListener(Lorg/springframework/context/ApplicationListener;Lorg/springframework/context/ApplicationEvent;)V+2
j  org.springframework.context.event.SimpleApplicationEventMulticaster.invokeListener(Lorg/springframework/context/ApplicationListener;Lorg/springframework/context/ApplicationEvent;)V+34
j  org.springframework.context.event.SimpleApplicationEventMulticaster.multicastEvent(Lorg/springframework/context/ApplicationEvent;Lorg/springframework/core/ResolvableType;)V+92
j  org.springframework.context.event.SimpleApplicationEventMulticaster.multicastEvent(Lorg/springframework/context/ApplicationEvent;)V+3
j  org.springframework.boot.context.event.EventPublishingRunListener.multicastInitialEvent(Lorg/springframework/context/ApplicationEvent;)V+9
j  org.springframework.boot.context.event.EventPublishingRunListener.environmentPrepared(Lorg/springframework/boot/ConfigurableBootstrapContext;Lorg/springframework/core/env/ConfigurableEnvironment;)V+18
j  org.springframework.boot.SpringApplicationRunListeners.lambda$environmentPrepared$2(Lorg/springframework/boot/ConfigurableBootstrapContext;Lorg/springframework/core/env/ConfigurableEnvironment;Lorg/springframework/boot/SpringApplicationRunListener;)V+3
j  org.springframework.boot.SpringApplicationRunListeners$$Lambda$186+0x0000021b8116adc0.accept(Ljava/lang/Object;)V+12
j  java.lang.Iterable.forEach(Ljava/util/function/Consumer;)V+30 java.base@17.0.9
j  org.springframework.boot.SpringApplicationRunListeners.doWithListeners(Ljava/lang/String;Ljava/util/function/Consumer;Ljava/util/function/Consumer;)V+17
j  org.springframework.boot.SpringApplicationRunListeners.doWithListeners(Ljava/lang/String;Ljava/util/function/Consumer;)V+4
j  org.springframework.boot.SpringApplicationRunListeners.environmentPrepared(Lorg/springframework/boot/ConfigurableBootstrapContext;Lorg/springframework/core/env/ConfigurableEnvironment;)V+10
j  org.springframework.boot.SpringApplication.prepareEnvironment(Lorg/springframework/boot/SpringApplicationRunListeners;Lorg/springframework/boot/DefaultBootstrapContext;Lorg/springframework/boot/ApplicationArguments;)Lorg/springframework/core/env/ConfigurableEnvironment;+27
j  org.springframework.boot.SpringApplication.run([Ljava/lang/String;)Lorg/springframework/context/ConfigurableApplicationContext;+62
j  org.springframework.boot.SpringApplication.run([Ljava/lang/Class;[Ljava/lang/String;)Lorg/springframework/context/ConfigurableApplicationContext;+9
j  org.springframework.boot.SpringApplication.run(Ljava/lang/Class;[Ljava/lang/String;)Lorg/springframework/context/ConfigurableApplicationContext;+9
j  com.sqds.SqdsbackApplication.main([Ljava/lang/String;)V+3
v  ~StubRoutines::call_stub
j  jdk.internal.reflect.NativeMethodAccessorImpl.invoke0(Ljava/lang/reflect/Method;Ljava/lang/Object;[Ljava/lang/Object;)Ljava/lang/Object;+0 java.base@17.0.9
j  jdk.internal.reflect.NativeMethodAccessorImpl.invoke(Ljava/lang/Object;[Ljava/lang/Object;)Ljava/lang/Object;+133 java.base@17.0.9
j  jdk.internal.reflect.DelegatingMethodAccessorImpl.invoke(Ljava/lang/Object;[Ljava/lang/Object;)Ljava/lang/Object;+6 java.base@17.0.9
j  java.lang.reflect.Method.invoke(Ljava/lang/Object;[Ljava/lang/Object;)Ljava/lang/Object;+59 java.base@17.0.9
j  org.springframework.boot.devtools.restart.RestartLauncher.run()V+47
v  ~StubRoutines::call_stub

siginfo: EXCEPTION_ACCESS_VIOLATION (0xc0000005), reading address 0x0000000000000004


Register to memory mapping:

RIP=0x00007ffb2422417b jvm.dll
RAX=0x0 is NULL
RBX=0x0 is NULL
RCX=0x000000265b0fd170 is pointing into the stack for thread: 0x0000021bf4200070
RDX=0x0 is NULL
RSP=0x000000265b0fd150 is pointing into the stack for thread: 0x0000021bf4200070
RBP=0x000000265b0fd300 is pointing into the stack for thread: 0x0000021bf4200070
RSI=0x00000000000000b7 is an unknown value
RDI=0x0000021bf4200070 is a thread
R8 =0x0 is NULL
R9 =0x0000021bf0781450 is pointing into metadata
R10=0x0000021bd5d30000 points into unknown readable memory: 0x0000000000000006 | 06 00 00 00 00 00 00 00
R11=0x0000021bd614f940 is at entry_point+32 in (nmethod*)0x0000021bd614f790
Compiled method (c1)    1558 1234       1       java.util.stream.AbstractPipeline::isParallel (8 bytes)
 total in heap  [0x0000021bd614f790,0x0000021bd614fa58] = 712
 relocation     [0x0000021bd614f8e8,0x0000021bd614f910] = 40
 main code      [0x0000021bd614f920,0x0000021bd614f9c0] = 160
 stub code      [0x0000021bd614f9c0,0x0000021bd614f9f8] = 56
 metadata       [0x0000021bd614f9f8,0x0000021bd614fa00] = 8
 scopes data    [0x0000021bd614fa00,0x0000021bd614fa10] = 16
 scopes pcs     [0x0000021bd614fa10,0x0000021bd614fa40] = 48
 dependencies   [0x0000021bd614fa40,0x0000021bd614fa48] = 8
 nul chk table  [0x0000021bd614fa48,0x0000021bd614fa58] = 16
R12=0x0000021bef2ae320 points into unknown readable memory: 0x0000000000000000 | 00 00 00 00 00 00 00 00
R13=0x0000021bf0781ab4 is pointing into metadata
R14=0x000000265b0fd1d0 is pointing into the stack for thread: 0x0000021bf4200070
R15=0x0000021bef2ae330 points into unknown readable memory: 0x6974752e6176616a | 6a 61 76 61 2e 75 74 69


Registers:
RAX=0x0000000000000000, RBX=0x0000000000000000, RCX=0x000000265b0fd170, RDX=0x0000000000000000
RSP=0x000000265b0fd150, RBP=0x000000265b0fd300, RSI=0x00000000000000b7, RDI=0x0000021bf4200070
R8 =0x0000000000000000, R9 =0x0000021bf0781450, R10=0x0000021bd5d30000, R11=0x0000021bd614f940
R12=0x0000021bef2ae320, R13=0x0000021bf0781ab4, R14=0x000000265b0fd1d0, R15=0x0000021bef2ae330
RIP=0x00007ffb2422417b, EFLAGS=0x0000000000010246

Top of Stack: (sp=0x000000265b0fd150)
0x000000265b0fd150:   000000265b0fd150 0000021b8072e9e1
0x000000265b0fd160:   000000265b0fd1c8 00007ffb23df8acf
0x000000265b0fd170:   0000000000000000 000000060194b2f8
0x000000265b0fd180:   0000021b8013def0 00000006208b5220
0x000000265b0fd190:   0000021bf4200070 00007ffb23df8a5c
0x000000265b0fd1a0:   0000021bf41e2300 00007ffb23df6b83
0x000000265b0fd1b0:   00000000000000b7 000000265b0fd268
0x000000265b0fd1c0:   0000021bf4200070 00007ffb23d6da3e
0x000000265b0fd1d0:   0000000000000000 0000021b00000063
0x000000265b0fd1e0:   0000000000000000 0000021b00000000
0x000000265b0fd1f0:   0000000000000000 00007ffb23eb1c07
0x000000265b0fd200:   0000021b8013ad98 0000000000000000
0x000000265b0fd210:   00000006019b80e0 0000000000000084
0x000000265b0fd220:   000000265b0fd3a8 0000021bd6048f11
0x000000265b0fd230:   0000021bf0781af8 0000021bf4200070
0x000000265b0fd240:   0000000000000080 00000006019b1c10 

Instructions: (pc=0x00007ffb2422417b)
0x00007ffb2422407b:   c7 44 24 2c 01 00 00 00 c7 44 24 28 01 00 00 00
0x00007ffb2422408b:   89 5c 24 34 48 89 5c 24 48 e8 77 0d 00 00 83 7c
0x00007ffb2422409b:   24 3c 03 74 26 8b fb 0f 1f 40 00 66 66 0f 1f 84
0x00007ffb242240ab:   00 00 00 00 00 ff c7 48 8d 4c 24 20 89 7e 18 e8
0x00007ffb242240bb:   51 0d 00 00 83 7c 24 3c 03 75 ea 8b 44 24 38 48
0x00007ffb242240cb:   8b 4c 24 40 89 46 08 48 3b 0d df 52 43 00 74 55
0x00007ffb242240db:   48 89 6c 24 60 e8 6b 2e 05 00 48 8b 6c 24 48 48
0x00007ffb242240eb:   85 ed 74 29 39 5d 00 7e 24 48 8b fb 66 0f 1f 84
0x00007ffb242240fb:   00 00 00 00 00 48 8b 4d 08 48 8b 0c 0f e8 43 2e
0x00007ffb2422410b:   05 00 ff c3 48 8d 7f 08 3b 5d 00 7c e8 48 8b 6c
0x00007ffb2422411b:   24 60 48 8b c6 48 8b 5c 24 68 48 8b 74 24 70 48
0x00007ffb2422412b:   83 c4 50 5f c3 48 8b 5c 24 68 48 8b c6 48 8b 74
0x00007ffb2422413b:   24 70 48 83 c4 50 5f c3 cc cc cc cc cc cc cc cc
0x00007ffb2422414b:   cc cc cc cc cc 48 89 5c 24 10 48 89 7c 24 18 41
0x00007ffb2422415b:   56 48 83 ec 50 33 db 48 89 11 48 89 59 10 4c 8b
0x00007ffb2422416b:   f1 89 59 18 c7 41 08 63 00 00 00 48 8d 4c 24 20
0x00007ffb2422417b:   0f b7 42 04 89 44 24 30 48 8b 05 2e 52 43 00 48
0x00007ffb2422418b:   89 44 24 40 48 89 54 24 20 c7 44 24 3c 01 00 00
0x00007ffb2422419b:   00 c7 44 24 2c 01 00 00 00 c7 44 24 28 01 00 00
0x00007ffb242241ab:   00 89 5c 24 34 48 89 5c 24 48 e8 56 0c 00 00 83
0x00007ffb242241bb:   7c 24 3c 03 74 37 8b fb 0f 1f 40 00 66 0f 1f 84
0x00007ffb242241cb:   00 00 00 00 00 8b 44 24 38 83 c0 f9 83 e0 fb f7
0x00007ffb242241db:   d8 1b c9 83 c1 02 03 f9 48 8d 4c 24 20 41 89 7e
0x00007ffb242241eb:   18 e8 1f 0c 00 00 83 7c 24 3c 03 75 d8 8b 44 24
0x00007ffb242241fb:   38 48 8b 4c 24 40 41 89 46 08 48 3b 0d ac 51 43
0x00007ffb2422420b:   00 74 52 48 89 74 24 60 e8 38 2d 05 00 48 8b 74
0x00007ffb2422421b:   24 48 48 85 f6 74 25 39 1e 7e 21 48 8b fb 0f 1f
0x00007ffb2422422b:   80 00 00 00 00 48 8b 4e 08 48 8b 0c 39 e8 13 2d
0x00007ffb2422423b:   05 00 ff c3 48 8d 7f 08 3b 1e 7c e9 48 8b 74 24
0x00007ffb2422424b:   60 49 8b c6 48 8b 5c 24 68 48 8b 7c 24 70 48 83
0x00007ffb2422425b:   c4 50 41 5e c3 48 8b 5c 24 68 49 8b c6 48 8b 7c
0x00007ffb2422426b:   24 70 48 83 c4 50 41 5e c3 cc cc cc cc cc cc cc 


Stack slot to memory mapping:
stack at sp + 0 slots: 0x000000265b0fd150 is pointing into the stack for thread: 0x0000021bf4200070
stack at sp + 1 slots: 0x0000021b8072e9e1 is pointing into metadata
stack at sp + 2 slots: 0x000000265b0fd1c8 is pointing into the stack for thread: 0x0000021bf4200070
stack at sp + 3 slots: 0x00007ffb23df8acf jvm.dll
stack at sp + 4 slots: 0x0 is NULL
stack at sp + 5 slots: 0x000000060194b2f8 is an oop: java.lang.Class 
{0x000000060194b2f8} - klass: 'java/lang/Class'
 - ---- fields (total size 14 words):
 - private volatile transient 'classRedefinedCount' 'I' @12  0
 - private volatile transient 'cachedConstructor' 'Ljava/lang/reflect/Constructor;' @40  NULL (0)
 - private transient 'name' 'Ljava/lang/String;' @44  "java.util.concurrent.ConcurrentHashMap$Traverser"{0x0000000601944530} (c03288a6)
 - private transient 'module' 'Ljava/lang/Module;' @48  a 'java/lang/Module'{0x00000006019ca7f0} (c03394fe)
 - private final 'classLoader' 'Ljava/lang/ClassLoader;' @52  NULL (0)
 - private transient 'classData' 'Ljava/lang/Object;' @56  NULL (0)
 - private transient 'packageName' 'Ljava/lang/String;' @60  NULL (0)
 - private final 'componentType' 'Ljava/lang/Class;' @64  NULL (0)
 - private volatile transient 'reflectionData' 'Ljava/lang/ref/SoftReference;' @68  NULL (0)
 - private volatile transient 'genericInfo' 'Lsun/reflect/generics/repository/ClassRepository;' @72  NULL (0)
 - private volatile transient 'enumConstants' '[Ljava/lang/Object;' @76  NULL (0)
 - private volatile transient 'enumConstantDirectory' 'Ljava/util/Map;' @80  NULL (0)
 - private volatile transient 'annotationData' 'Ljava/lang/Class$AnnotationData;' @84  NULL (0)
 - private volatile transient 'annotationType' 'Lsun/reflect/annotation/AnnotationType;' @88  NULL (0)
 - transient 'classValueMap' 'Ljava/lang/ClassValue$ClassValueMap;' @92  NULL (0)
 - signature: Ljava/util/concurrent/ConcurrentHashMap$Traverser;
 - fake entry for mirror: 'java/util/concurrent/ConcurrentHashMap$Traverser'
 - fake entry for array: NULL
 - fake entry for oop_size: 14
 - fake entry for static_oop_field_count: 0
stack at sp + 6 slots: {method} {0x0000021b8013def8} '<init>' '([Ljava/util/concurrent/ConcurrentHashMap$Node;III)V' in 'java/util/concurrent/ConcurrentHashMap$Traverser'
stack at sp + 7 slots: 0x00000006208b5220 is an oop: java.util.concurrent.ConcurrentHashMap$KeyIterator 
{0x00000006208b5220} - klass: 'java/util/concurrent/ConcurrentHashMap$KeyIterator'
 - ---- fields (total size 7 words):
 - 'index' 'I' @12  128 (80)
 - 'baseIndex' 'I' @16  128 (80)
 - 'baseLimit' 'I' @20  128 (80)
 - final 'baseSize' 'I' @24  128 (80)
 - 'tab' '[Ljava/util/concurrent/ConcurrentHashMap$Node;' @28  a 'java/util/concurrent/ConcurrentHashMap$Node'[128] {0x00000006019b1c10} (c0336382)
 - 'next' 'Ljava/util/concurrent/ConcurrentHashMap$Node;' @32  NULL (0)
 - 'stack' 'Ljava/util/concurrent/ConcurrentHashMap$TableStack;' @36  NULL (0)
 - 'spare' 'Ljava/util/concurrent/ConcurrentHashMap$TableStack;' @40  NULL (0)
 - final 'map' 'Ljava/util/concurrent/ConcurrentHashMap;' @44  a 'java/util/concurrent/ConcurrentHashMap'{0x00000006019b1bd0} (c033637a)
 - 'lastReturned' 'Ljava/util/concurrent/ConcurrentHashMap$Node;' @48  a 'java/util/concurrent/ConcurrentHashMap$Node'{0x00000006019b80e0} (c033701c)


---------------  P R O C E S S  ---------------

Threads class SMR info:
_java_thread_list=0x0000021befc6b340, length=21, elements={
0x0000021bce15cb10, 0x0000021bef0cc0e0, 0x0000021bef0ccf60, 0x0000021bef0e0cd0,
0x0000021bef0e1b50, 0x0000021bef0e9740, 0x0000021bef0f4120, 0x0000021bef1180a0,
0x0000021bef11aab0, 0x0000021bef17b5f0, 0x0000021bef0c04c0, 0x0000021bef203ed0,
0x0000021bef26d4a0, 0x0000021bef26f940, 0x0000021bef275160, 0x0000021befb5de80,
0x0000021befc4a440, 0x0000021bf4187fa0, 0x0000021bf41e0270, 0x0000021bf41e1b90,
0x0000021bf4200070
}

Java Threads: ( => current thread )
  0x0000021bce15cb10 JavaThread "main" [_thread_blocked, id=17304, stack(0x0000002658c00000,0x0000002658d00000)]
  0x0000021bef0cc0e0 JavaThread "Reference Handler" daemon [_thread_blocked, id=16408, stack(0x0000002659300000,0x0000002659400000)]
  0x0000021bef0ccf60 JavaThread "Finalizer" daemon [_thread_blocked, id=22032, stack(0x0000002659400000,0x0000002659500000)]
  0x0000021bef0e0cd0 JavaThread "Signal Dispatcher" daemon [_thread_blocked, id=22020, stack(0x0000002659500000,0x0000002659600000)]
  0x0000021bef0e1b50 JavaThread "Attach Listener" daemon [_thread_blocked, id=21972, stack(0x0000002659600000,0x0000002659700000)]
  0x0000021bef0e9740 JavaThread "Service Thread" daemon [_thread_blocked, id=21272, stack(0x0000002659700000,0x0000002659800000)]
  0x0000021bef0f4120 JavaThread "Monitor Deflation Thread" daemon [_thread_blocked, id=20632, stack(0x0000002659800000,0x0000002659900000)]
  0x0000021bef1180a0 JavaThread "C1 CompilerThread0" daemon [_thread_blocked, id=2988, stack(0x0000002659900000,0x0000002659a00000)]
  0x0000021bef11aab0 JavaThread "Sweeper thread" daemon [_thread_blocked, id=9892, stack(0x0000002659a00000,0x0000002659b00000)]
  0x0000021bef17b5f0 JavaThread "Common-Cleaner" daemon [_thread_blocked, id=21968, stack(0x0000002659b00000,0x0000002659c00000)]
  0x0000021bef0c04c0 JavaThread "C1 CompilerThread1" daemon [_thread_blocked, id=21112, stack(0x0000002659c00000,0x0000002659d00000)]
  0x0000021bef203ed0 JavaThread "C1 CompilerThread2" daemon [_thread_blocked, id=21140, stack(0x0000002659d00000,0x0000002659e00000)]
  0x0000021bef26d4a0 JavaThread "JDWP Transport Listener: dt_socket" daemon [_thread_blocked, id=13584, stack(0x0000002659e00000,0x0000002659f00000)]
  0x0000021bef26f940 JavaThread "JDWP Event Helper Thread" daemon [_thread_blocked, id=21348, stack(0x0000002659f00000,0x000000265a000000)]
  0x0000021bef275160 JavaThread "JDWP Command Reader" daemon [_thread_in_native, id=21804, stack(0x000000265a000000,0x000000265a100000)]
  0x0000021befb5de80 JavaThread "Notification Thread" daemon [_thread_blocked, id=21064, stack(0x000000265a100000,0x000000265a200000)]
  0x0000021befc4a440 JavaThread "RMI TCP Accept-0" daemon [_thread_in_native, id=20380, stack(0x000000265a200000,0x000000265a300000)]
  0x0000021bf4187fa0 JavaThread "RMI TCP Connection(1)-10.18.8.50" daemon [_thread_in_native, id=21476, stack(0x000000265ac00000,0x000000265ad00000)]
  0x0000021bf41e0270 JavaThread "RMI Scheduler(0)" daemon [_thread_blocked, id=12248, stack(0x000000265ad00000,0x000000265ae00000)]
  0x0000021bf41e1b90 JavaThread "Thread-0" [_thread_blocked, id=21212, stack(0x000000265ae00000,0x000000265af00000)]
=>0x0000021bf4200070 JavaThread "restartedMain" [_thread_in_vm, id=18928, stack(0x000000265b000000,0x000000265b100000)]

Other Threads:
  0x0000021bef0c44b0 VMThread "VM Thread" [stack: 0x0000002659200000,0x0000002659300000] [id=21388]
  0x0000021bce1b1360 WatcherThread [stack: 0x000000265ab00000,0x000000265ac00000] [id=22024]
  0x0000021bd9640d00 GCTaskThread "GC Thread#0" [stack: 0x0000002658d00000,0x0000002658e00000] [id=21248]
  0x0000021bef27e4f0 GCTaskThread "GC Thread#1" [stack: 0x000000265a300000,0x000000265a400000] [id=10972]
  0x0000021bef27f570 GCTaskThread "GC Thread#2" [stack: 0x000000265a400000,0x000000265a500000] [id=22360]
  0x0000021bef27ed30 GCTaskThread "GC Thread#3" [stack: 0x000000265a500000,0x000000265a600000] [id=22392]
  0x0000021bef27fdb0 GCTaskThread "GC Thread#4" [stack: 0x000000265a600000,0x000000265a700000] [id=22456]
  0x0000021bef27e7b0 GCTaskThread "GC Thread#5" [stack: 0x000000265a700000,0x000000265a800000] [id=12776]
  0x0000021bef27f830 GCTaskThread "GC Thread#6" [stack: 0x000000265a800000,0x000000265a900000] [id=22504]
  0x0000021bef27faf0 GCTaskThread "GC Thread#7" [stack: 0x000000265a900000,0x000000265aa00000] [id=21536]
  0x0000021bce17ad20 ConcurrentGCThread "G1 Main Marker" [stack: 0x0000002658e00000,0x0000002658f00000] [id=21912]
  0x0000021bce1a0240 ConcurrentGCThread "G1 Conc#0" [stack: 0x0000002658f00000,0x0000002659000000] [id=22480]
  0x0000021bce1be630 ConcurrentGCThread "G1 Refine#0" [stack: 0x0000002659000000,0x0000002659100000] [id=22320]
  0x0000021befc61c40 ConcurrentGCThread "G1 Refine#1" [stack: 0x000000265aa00000,0x000000265ab00000] [id=19816]
  0x0000021bd9703460 ConcurrentGCThread "G1 Service" [stack: 0x0000002659100000,0x0000002659200000] [id=21992]

Threads with active compile tasks:

VM state: not at safepoint (normal execution)

VM Mutex/Monitor currently owned by a thread: None

Heap address: 0x0000000601400000, size: 8172 MB, Compressed Oops mode: Zero based, Oop shift amount: 3

CDS archive(s) mapped at: [0x0000021b80000000-0x0000021b80bd0000-0x0000021b80bd0000), size 12386304, SharedBaseAddress: 0x0000021b80000000, ArchiveRelocationMode: 1.
Compressed class space mapped at: 0x0000021b81000000-0x0000021bc1000000, reserved size: 1073741824
Narrow klass base: 0x0000021b80000000, Narrow klass shift: 0, Narrow klass range: 0x100000000

GC Precious Log:
 CPUs: 8 total, 8 available
 Memory: 32674M
 Large Page Support: Disabled
 NUMA Support: Disabled
 Compressed Oops: Enabled (Zero based)
 Heap Region Size: 4M
 Heap Min Capacity: 8M
 Heap Initial Capacity: 512M
 Heap Max Capacity: 8172M
 Pre-touch: Disabled
 Parallel Workers: 8
 Concurrent Workers: 2
 Concurrent Refinement Workers: 8
 Periodic GC: Disabled

Heap:
 garbage-first heap   total 524288K, used 19303K [0x0000000601400000, 0x0000000800000000)
  region size 4096K, 4 young (16384K), 1 survivors (4096K)
 Metaspace       used 10273K, committed 10560K, reserved 1114112K
  class space    used 1318K, committed 1472K, reserved 1048576K

Heap Regions: E=young(eden), S=young(survivor), O=old, HS=humongous(starts), HC=humongous(continues), CS=collection set, F=free, OA=open archive, CA=closed archive, TAMS=top-at-mark-start (previous, next)
|   0|0x0000000601400000, 0x0000000601800000, 0x0000000601800000|100%| O|  |TAMS 0x0000000601400000, 0x0000000601400000| Untracked 
|   1|0x0000000601800000, 0x0000000601c00000, 0x0000000601c00000|100%| O|  |TAMS 0x0000000601800000, 0x0000000601800000| Untracked 
|   2|0x0000000601c00000, 0x0000000601d94600, 0x0000000602000000| 39%| O|  |TAMS 0x0000000601c00000, 0x0000000601c00000| Untracked 
|   3|0x0000000602000000, 0x0000000602000000, 0x0000000602400000|  0%| F|  |TAMS 0x0000000602000000, 0x0000000602000000| Untracked 
|   4|0x0000000602400000, 0x0000000602400000, 0x0000000602800000|  0%| F|  |TAMS 0x0000000602400000, 0x0000000602400000| Untracked 
|   5|0x0000000602800000, 0x0000000602800000, 0x0000000602c00000|  0%| F|  |TAMS 0x0000000602800000, 0x0000000602800000| Untracked 
|   6|0x0000000602c00000, 0x0000000602c00000, 0x0000000603000000|  0%| F|  |TAMS 0x0000000602c00000, 0x0000000602c00000| Untracked 
|   7|0x0000000603000000, 0x0000000603000000, 0x0000000603400000|  0%| F|  |TAMS 0x0000000603000000, 0x0000000603000000| Untracked 
|   8|0x0000000603400000, 0x0000000603400000, 0x0000000603800000|  0%| F|  |TAMS 0x0000000603400000, 0x0000000603400000| Untracked 
|   9|0x0000000603800000, 0x0000000603800000, 0x0000000603c00000|  0%| F|  |TAMS 0x0000000603800000, 0x0000000603800000| Untracked 
|  10|0x0000000603c00000, 0x0000000603c00000, 0x0000000604000000|  0%| F|  |TAMS 0x0000000603c00000, 0x0000000603c00000| Untracked 
|  11|0x0000000604000000, 0x0000000604000000, 0x0000000604400000|  0%| F|  |TAMS 0x0000000604000000, 0x0000000604000000| Untracked 
|  12|0x0000000604400000, 0x0000000604400000, 0x0000000604800000|  0%| F|  |TAMS 0x0000000604400000, 0x0000000604400000| Untracked 
|  13|0x0000000604800000, 0x0000000604800000, 0x0000000604c00000|  0%| F|  |TAMS 0x0000000604800000, 0x0000000604800000| Untracked 
|  14|0x0000000604c00000, 0x0000000604c00000, 0x0000000605000000|  0%| F|  |TAMS 0x0000000604c00000, 0x0000000604c00000| Untracked 
|  15|0x0000000605000000, 0x0000000605000000, 0x0000000605400000|  0%| F|  |TAMS 0x0000000605000000, 0x0000000605000000| Untracked 
|  16|0x0000000605400000, 0x0000000605400000, 0x0000000605800000|  0%| F|  |TAMS 0x0000000605400000, 0x0000000605400000| Untracked 
|  17|0x0000000605800000, 0x0000000605800000, 0x0000000605c00000|  0%| F|  |TAMS 0x0000000605800000, 0x0000000605800000| Untracked 
|  18|0x0000000605c00000, 0x0000000605c00000, 0x0000000606000000|  0%| F|  |TAMS 0x0000000605c00000, 0x0000000605c00000| Untracked 
|  19|0x0000000606000000, 0x0000000606000000, 0x0000000606400000|  0%| F|  |TAMS 0x0000000606000000, 0x0000000606000000| Untracked 
|  20|0x0000000606400000, 0x0000000606400000, 0x0000000606800000|  0%| F|  |TAMS 0x0000000606400000, 0x0000000606400000| Untracked 
|  21|0x0000000606800000, 0x0000000606800000, 0x0000000606c00000|  0%| F|  |TAMS 0x0000000606800000, 0x0000000606800000| Untracked 
|  22|0x0000000606c00000, 0x0000000606c00000, 0x0000000607000000|  0%| F|  |TAMS 0x0000000606c00000, 0x0000000606c00000| Untracked 
|  23|0x0000000607000000, 0x0000000607000000, 0x0000000607400000|  0%| F|  |TAMS 0x0000000607000000, 0x0000000607000000| Untracked 
|  24|0x0000000607400000, 0x0000000607400000, 0x0000000607800000|  0%| F|  |TAMS 0x0000000607400000, 0x0000000607400000| Untracked 
|  25|0x0000000607800000, 0x0000000607800000, 0x0000000607c00000|  0%| F|  |TAMS 0x0000000607800000, 0x0000000607800000| Untracked 
|  26|0x0000000607c00000, 0x0000000607c00000, 0x0000000608000000|  0%| F|  |TAMS 0x0000000607c00000, 0x0000000607c00000| Untracked 
|  27|0x0000000608000000, 0x0000000608000000, 0x0000000608400000|  0%| F|  |TAMS 0x0000000608000000, 0x0000000608000000| Untracked 
|  28|0x0000000608400000, 0x0000000608400000, 0x0000000608800000|  0%| F|  |TAMS 0x0000000608400000, 0x0000000608400000| Untracked 
|  29|0x0000000608800000, 0x0000000608800000, 0x0000000608c00000|  0%| F|  |TAMS 0x0000000608800000, 0x0000000608800000| Untracked 
|  30|0x0000000608c00000, 0x0000000608c00000, 0x0000000609000000|  0%| F|  |TAMS 0x0000000608c00000, 0x0000000608c00000| Untracked 
|  31|0x0000000609000000, 0x0000000609000000, 0x0000000609400000|  0%| F|  |TAMS 0x0000000609000000, 0x0000000609000000| Untracked 
|  32|0x0000000609400000, 0x0000000609400000, 0x0000000609800000|  0%| F|  |TAMS 0x0000000609400000, 0x0000000609400000| Untracked 
|  33|0x0000000609800000, 0x0000000609800000, 0x0000000609c00000|  0%| F|  |TAMS 0x0000000609800000, 0x0000000609800000| Untracked 
|  34|0x0000000609c00000, 0x0000000609c00000, 0x000000060a000000|  0%| F|  |TAMS 0x0000000609c00000, 0x0000000609c00000| Untracked 
|  35|0x000000060a000000, 0x000000060a000000, 0x000000060a400000|  0%| F|  |TAMS 0x000000060a000000, 0x000000060a000000| Untracked 
|  36|0x000000060a400000, 0x000000060a400000, 0x000000060a800000|  0%| F|  |TAMS 0x000000060a400000, 0x000000060a400000| Untracked 
|  37|0x000000060a800000, 0x000000060a800000, 0x000000060ac00000|  0%| F|  |TAMS 0x000000060a800000, 0x000000060a800000| Untracked 
|  38|0x000000060ac00000, 0x000000060ac00000, 0x000000060b000000|  0%| F|  |TAMS 0x000000060ac00000, 0x000000060ac00000| Untracked 
|  39|0x000000060b000000, 0x000000060b000000, 0x000000060b400000|  0%| F|  |TAMS 0x000000060b000000, 0x000000060b000000| Untracked 
|  40|0x000000060b400000, 0x000000060b400000, 0x000000060b800000|  0%| F|  |TAMS 0x000000060b400000, 0x000000060b400000| Untracked 
|  41|0x000000060b800000, 0x000000060b800000, 0x000000060bc00000|  0%| F|  |TAMS 0x000000060b800000, 0x000000060b800000| Untracked 
|  42|0x000000060bc00000, 0x000000060bc00000, 0x000000060c000000|  0%| F|  |TAMS 0x000000060bc00000, 0x000000060bc00000| Untracked 
|  43|0x000000060c000000, 0x000000060c000000, 0x000000060c400000|  0%| F|  |TAMS 0x000000060c000000, 0x000000060c000000| Untracked 
|  44|0x000000060c400000, 0x000000060c400000, 0x000000060c800000|  0%| F|  |TAMS 0x000000060c400000, 0x000000060c400000| Untracked 
|  45|0x000000060c800000, 0x000000060c800000, 0x000000060cc00000|  0%| F|  |TAMS 0x000000060c800000, 0x000000060c800000| Untracked 
|  46|0x000000060cc00000, 0x000000060cc00000, 0x000000060d000000|  0%| F|  |TAMS 0x000000060cc00000, 0x000000060cc00000| Untracked 
|  47|0x000000060d000000, 0x000000060d000000, 0x000000060d400000|  0%| F|  |TAMS 0x000000060d000000, 0x000000060d000000| Untracked 
|  48|0x000000060d400000, 0x000000060d400000, 0x000000060d800000|  0%| F|  |TAMS 0x000000060d400000, 0x000000060d400000| Untracked 
|  49|0x000000060d800000, 0x000000060d800000, 0x000000060dc00000|  0%| F|  |TAMS 0x000000060d800000, 0x000000060d800000| Untracked 
|  50|0x000000060dc00000, 0x000000060dc00000, 0x000000060e000000|  0%| F|  |TAMS 0x000000060dc00000, 0x000000060dc00000| Untracked 
|  51|0x000000060e000000, 0x000000060e000000, 0x000000060e400000|  0%| F|  |TAMS 0x000000060e000000, 0x000000060e000000| Untracked 
|  52|0x000000060e400000, 0x000000060e400000, 0x000000060e800000|  0%| F|  |TAMS 0x000000060e400000, 0x000000060e400000| Untracked 
|  53|0x000000060e800000, 0x000000060e800000, 0x000000060ec00000|  0%| F|  |TAMS 0x000000060e800000, 0x000000060e800000| Untracked 
|  54|0x000000060ec00000, 0x000000060ec00000, 0x000000060f000000|  0%| F|  |TAMS 0x000000060ec00000, 0x000000060ec00000| Untracked 
|  55|0x000000060f000000, 0x000000060f000000, 0x000000060f400000|  0%| F|  |TAMS 0x000000060f000000, 0x000000060f000000| Untracked 
|  56|0x000000060f400000, 0x000000060f400000, 0x000000060f800000|  0%| F|  |TAMS 0x000000060f400000, 0x000000060f400000| Untracked 
|  57|0x000000060f800000, 0x000000060f800000, 0x000000060fc00000|  0%| F|  |TAMS 0x000000060f800000, 0x000000060f800000| Untracked 
|  58|0x000000060fc00000, 0x000000060fc00000, 0x0000000610000000|  0%| F|  |TAMS 0x000000060fc00000, 0x000000060fc00000| Untracked 
|  59|0x0000000610000000, 0x0000000610000000, 0x0000000610400000|  0%| F|  |TAMS 0x0000000610000000, 0x0000000610000000| Untracked 
|  60|0x0000000610400000, 0x0000000610400000, 0x0000000610800000|  0%| F|  |TAMS 0x0000000610400000, 0x0000000610400000| Untracked 
|  61|0x0000000610800000, 0x0000000610800000, 0x0000000610c00000|  0%| F|  |TAMS 0x0000000610800000, 0x0000000610800000| Untracked 
|  62|0x0000000610c00000, 0x0000000610c00000, 0x0000000611000000|  0%| F|  |TAMS 0x0000000610c00000, 0x0000000610c00000| Untracked 
|  63|0x0000000611000000, 0x0000000611000000, 0x0000000611400000|  0%| F|  |TAMS 0x0000000611000000, 0x0000000611000000| Untracked 
|  64|0x0000000611400000, 0x0000000611400000, 0x0000000611800000|  0%| F|  |TAMS 0x0000000611400000, 0x0000000611400000| Untracked 
|  65|0x0000000611800000, 0x0000000611800000, 0x0000000611c00000|  0%| F|  |TAMS 0x0000000611800000, 0x0000000611800000| Untracked 
|  66|0x0000000611c00000, 0x0000000611c00000, 0x0000000612000000|  0%| F|  |TAMS 0x0000000611c00000, 0x0000000611c00000| Untracked 
|  67|0x0000000612000000, 0x0000000612000000, 0x0000000612400000|  0%| F|  |TAMS 0x0000000612000000, 0x0000000612000000| Untracked 
|  68|0x0000000612400000, 0x0000000612400000, 0x0000000612800000|  0%| F|  |TAMS 0x0000000612400000, 0x0000000612400000| Untracked 
|  69|0x0000000612800000, 0x0000000612800000, 0x0000000612c00000|  0%| F|  |TAMS 0x0000000612800000, 0x0000000612800000| Untracked 
|  70|0x0000000612c00000, 0x0000000612c00000, 0x0000000613000000|  0%| F|  |TAMS 0x0000000612c00000, 0x0000000612c00000| Untracked 
|  71|0x0000000613000000, 0x0000000613000000, 0x0000000613400000|  0%| F|  |TAMS 0x0000000613000000, 0x0000000613000000| Untracked 
|  72|0x0000000613400000, 0x0000000613400000, 0x0000000613800000|  0%| F|  |TAMS 0x0000000613400000, 0x0000000613400000| Untracked 
|  73|0x0000000613800000, 0x0000000613800000, 0x0000000613c00000|  0%| F|  |TAMS 0x0000000613800000, 0x0000000613800000| Untracked 
|  74|0x0000000613c00000, 0x0000000613c00000, 0x0000000614000000|  0%| F|  |TAMS 0x0000000613c00000, 0x0000000613c00000| Untracked 
|  75|0x0000000614000000, 0x0000000614000000, 0x0000000614400000|  0%| F|  |TAMS 0x0000000614000000, 0x0000000614000000| Untracked 
|  76|0x0000000614400000, 0x0000000614400000, 0x0000000614800000|  0%| F|  |TAMS 0x0000000614400000, 0x0000000614400000| Untracked 
|  77|0x0000000614800000, 0x0000000614800000, 0x0000000614c00000|  0%| F|  |TAMS 0x0000000614800000, 0x0000000614800000| Untracked 
|  78|0x0000000614c00000, 0x0000000614c00000, 0x0000000615000000|  0%| F|  |TAMS 0x0000000614c00000, 0x0000000614c00000| Untracked 
|  79|0x0000000615000000, 0x0000000615000000, 0x0000000615400000|  0%| F|  |TAMS 0x0000000615000000, 0x0000000615000000| Untracked 
|  80|0x0000000615400000, 0x0000000615400000, 0x0000000615800000|  0%| F|  |TAMS 0x0000000615400000, 0x0000000615400000| Untracked 
|  81|0x0000000615800000, 0x0000000615800000, 0x0000000615c00000|  0%| F|  |TAMS 0x0000000615800000, 0x0000000615800000| Untracked 
|  82|0x0000000615c00000, 0x0000000615c00000, 0x0000000616000000|  0%| F|  |TAMS 0x0000000615c00000, 0x0000000615c00000| Untracked 
|  83|0x0000000616000000, 0x0000000616000000, 0x0000000616400000|  0%| F|  |TAMS 0x0000000616000000, 0x0000000616000000| Untracked 
|  84|0x0000000616400000, 0x0000000616400000, 0x0000000616800000|  0%| F|  |TAMS 0x0000000616400000, 0x0000000616400000| Untracked 
|  85|0x0000000616800000, 0x0000000616800000, 0x0000000616c00000|  0%| F|  |TAMS 0x0000000616800000, 0x0000000616800000| Untracked 
|  86|0x0000000616c00000, 0x0000000616c00000, 0x0000000617000000|  0%| F|  |TAMS 0x0000000616c00000, 0x0000000616c00000| Untracked 
|  87|0x0000000617000000, 0x0000000617000000, 0x0000000617400000|  0%| F|  |TAMS 0x0000000617000000, 0x0000000617000000| Untracked 
|  88|0x0000000617400000, 0x0000000617400000, 0x0000000617800000|  0%| F|  |TAMS 0x0000000617400000, 0x0000000617400000| Untracked 
|  89|0x0000000617800000, 0x0000000617800000, 0x0000000617c00000|  0%| F|  |TAMS 0x0000000617800000, 0x0000000617800000| Untracked 
|  90|0x0000000617c00000, 0x0000000617c00000, 0x0000000618000000|  0%| F|  |TAMS 0x0000000617c00000, 0x0000000617c00000| Untracked 
|  91|0x0000000618000000, 0x0000000618000000, 0x0000000618400000|  0%| F|  |TAMS 0x0000000618000000, 0x0000000618000000| Untracked 
|  92|0x0000000618400000, 0x0000000618400000, 0x0000000618800000|  0%| F|  |TAMS 0x0000000618400000, 0x0000000618400000| Untracked 
|  93|0x0000000618800000, 0x0000000618800000, 0x0000000618c00000|  0%| F|  |TAMS 0x0000000618800000, 0x0000000618800000| Untracked 
|  94|0x0000000618c00000, 0x0000000618c00000, 0x0000000619000000|  0%| F|  |TAMS 0x0000000618c00000, 0x0000000618c00000| Untracked 
|  95|0x0000000619000000, 0x0000000619000000, 0x0000000619400000|  0%| F|  |TAMS 0x0000000619000000, 0x0000000619000000| Untracked 
|  96|0x0000000619400000, 0x0000000619400000, 0x0000000619800000|  0%| F|  |TAMS 0x0000000619400000, 0x0000000619400000| Untracked 
|  97|0x0000000619800000, 0x0000000619800000, 0x0000000619c00000|  0%| F|  |TAMS 0x0000000619800000, 0x0000000619800000| Untracked 
|  98|0x0000000619c00000, 0x0000000619c00000, 0x000000061a000000|  0%| F|  |TAMS 0x0000000619c00000, 0x0000000619c00000| Untracked 
|  99|0x000000061a000000, 0x000000061a000000, 0x000000061a400000|  0%| F|  |TAMS 0x000000061a000000, 0x000000061a000000| Untracked 
| 100|0x000000061a400000, 0x000000061a400000, 0x000000061a800000|  0%| F|  |TAMS 0x000000061a400000, 0x000000061a400000| Untracked 
| 101|0x000000061a800000, 0x000000061a800000, 0x000000061ac00000|  0%| F|  |TAMS 0x000000061a800000, 0x000000061a800000| Untracked 
| 102|0x000000061ac00000, 0x000000061ac00000, 0x000000061b000000|  0%| F|  |TAMS 0x000000061ac00000, 0x000000061ac00000| Untracked 
| 103|0x000000061b000000, 0x000000061b000000, 0x000000061b400000|  0%| F|  |TAMS 0x000000061b000000, 0x000000061b000000| Untracked 
| 104|0x000000061b400000, 0x000000061b400000, 0x000000061b800000|  0%| F|  |TAMS 0x000000061b400000, 0x000000061b400000| Untracked 
| 105|0x000000061b800000, 0x000000061b800000, 0x000000061bc00000|  0%| F|  |TAMS 0x000000061b800000, 0x000000061b800000| Untracked 
| 106|0x000000061bc00000, 0x000000061bc00000, 0x000000061c000000|  0%| F|  |TAMS 0x000000061bc00000, 0x000000061bc00000| Untracked 
| 107|0x000000061c000000, 0x000000061c000000, 0x000000061c400000|  0%| F|  |TAMS 0x000000061c000000, 0x000000061c000000| Untracked 
| 108|0x000000061c400000, 0x000000061c400000, 0x000000061c800000|  0%| F|  |TAMS 0x000000061c400000, 0x000000061c400000| Untracked 
| 109|0x000000061c800000, 0x000000061c800000, 0x000000061cc00000|  0%| F|  |TAMS 0x000000061c800000, 0x000000061c800000| Untracked 
| 110|0x000000061cc00000, 0x000000061cc00000, 0x000000061d000000|  0%| F|  |TAMS 0x000000061cc00000, 0x000000061cc00000| Untracked 
| 111|0x000000061d000000, 0x000000061d000000, 0x000000061d400000|  0%| F|  |TAMS 0x000000061d000000, 0x000000061d000000| Untracked 
| 112|0x000000061d400000, 0x000000061d400000, 0x000000061d800000|  0%| F|  |TAMS 0x000000061d400000, 0x000000061d400000| Untracked 
| 113|0x000000061d800000, 0x000000061d800000, 0x000000061dc00000|  0%| F|  |TAMS 0x000000061d800000, 0x000000061d800000| Untracked 
| 114|0x000000061dc00000, 0x000000061dc00000, 0x000000061e000000|  0%| F|  |TAMS 0x000000061dc00000, 0x000000061dc00000| Untracked 
| 115|0x000000061e000000, 0x000000061e000000, 0x000000061e400000|  0%| F|  |TAMS 0x000000061e000000, 0x000000061e000000| Untracked 
| 116|0x000000061e400000, 0x000000061e400000, 0x000000061e800000|  0%| F|  |TAMS 0x000000061e400000, 0x000000061e400000| Untracked 
| 117|0x000000061e800000, 0x000000061e800000, 0x000000061ec00000|  0%| F|  |TAMS 0x000000061e800000, 0x000000061e800000| Untracked 
| 118|0x000000061ec00000, 0x000000061ec00000, 0x000000061f000000|  0%| F|  |TAMS 0x000000061ec00000, 0x000000061ec00000| Untracked 
| 119|0x000000061f000000, 0x000000061f000000, 0x000000061f400000|  0%| F|  |TAMS 0x000000061f000000, 0x000000061f000000| Untracked 
| 120|0x000000061f400000, 0x000000061f400000, 0x000000061f800000|  0%| F|  |TAMS 0x000000061f400000, 0x000000061f400000| Untracked 
| 121|0x000000061f800000, 0x000000061f800000, 0x000000061fc00000|  0%| F|  |TAMS 0x000000061f800000, 0x000000061f800000| Untracked 
| 122|0x000000061fc00000, 0x000000061fd45980, 0x0000000620000000| 31%| S|CS|TAMS 0x000000061fc00000, 0x000000061fc00000| Complete 
| 123|0x0000000620000000, 0x0000000620000000, 0x0000000620400000|  0%| F|  |TAMS 0x0000000620000000, 0x0000000620000000| Untracked 
| 124|0x0000000620400000, 0x0000000620400000, 0x0000000620800000|  0%| F|  |TAMS 0x0000000620400000, 0x0000000620400000| Untracked 
| 125|0x0000000620800000, 0x00000006208ec670, 0x0000000620c00000| 23%| E|  |TAMS 0x0000000620800000, 0x0000000620800000| Complete 
| 126|0x0000000620c00000, 0x0000000621000000, 0x0000000621000000|100%| E|CS|TAMS 0x0000000620c00000, 0x0000000620c00000| Complete 
| 127|0x0000000621000000, 0x0000000621400000, 0x0000000621400000|100%| E|CS|TAMS 0x0000000621000000, 0x0000000621000000| Complete 

Card table byte_map: [0x0000021bda7c0000,0x0000021bdb7c0000] _byte_map_base: 0x0000021bd77b6000

Marking Bits (Prev, Next): (CMBitMap*) 0x0000021bce18ee60, (CMBitMap*) 0x0000021bce18eea0
 Prev Bits: [0x0000021bdc7c0000, 0x0000021be4770000)
 Next Bits: [0x0000021be4770000, 0x0000021bec720000)

Polling page: 0x0000021bcc8e0000

Metaspace:

Usage:
  Non-class:      8.75 MB used.
      Class:      1.29 MB used.
       Both:     10.03 MB used.

Virtual space:
  Non-class space:       64.00 MB reserved,       8.88 MB ( 14%) committed,  1 nodes.
      Class space:        1.00 GB reserved,       1.44 MB ( <1%) committed,  1 nodes.
             Both:        1.06 GB reserved,      10.31 MB ( <1%) committed. 

Chunk freelists:
   Non-Class:  6.70 MB
       Class:  14.48 MB
        Both:  21.18 MB

MaxMetaspaceSize: unlimited
CompressedClassSpaceSize: 1.00 GB
Initial GC threshold: 21.00 MB
Current GC threshold: 21.00 MB
CDS: on
MetaspaceReclaimPolicy: balanced
 - commit_granule_bytes: 65536.
 - commit_granule_words: 8192.
 - virtual_space_node_default_size: 8388608.
 - enlarge_chunks_in_place: 1.
 - new_chunks_are_fully_committed: 0.
 - uncommit_free_chunks: 1.
 - use_allocation_guard: 0.
 - handle_deallocations: 1.


Internal statistics:

num_allocs_failed_limit: 0.
num_arena_births: 228.
num_arena_deaths: 0.
num_vsnodes_births: 2.
num_vsnodes_deaths: 0.
num_space_committed: 165.
num_space_uncommitted: 0.
num_chunks_returned_to_freelist: 0.
num_chunks_taken_from_freelist: 446.
num_chunk_merges: 0.
num_chunk_splits: 286.
num_chunks_enlarged: 188.
num_inconsistent_stats: 0.

CodeCache: size=49152Kb used=5163Kb max_used=5163Kb free=43988Kb
 bounds [0x0000021bd5d30000, 0x0000021bd6240000, 0x0000021bd8d30000]
 total_blobs=2253 nmethods=1791 adapters=387
 compilation: enabled
              stopped_count=0, restarted_count=0
 full_count=0

Compilation events (20 events):
Event: 1.504 Thread 0x0000021bef1180a0 nmethod 1778 0x0000021bd622c910 code [0x0000021bd622cba0, 0x0000021bd622d228]
Event: 1.505 Thread 0x0000021bef203ed0 nmethod 1763 0x0000021bd622d690 code [0x0000021bd622dc00, 0x0000021bd6232f98]
Event: 1.505 Thread 0x0000021bef203ed0 1779       1       java.lang.invoke.MethodHandles$Lookup::findBoundCallerLookup (30 bytes)
Event: 1.505 Thread 0x0000021bef0c04c0 1780       1       java.lang.invoke.MethodHandles$Lookup::getDirectMethodCommon (280 bytes)
Event: 1.505 Thread 0x0000021bef1180a0 1781       1       java.lang.invoke.MethodHandles$Lookup::checkMethod (87 bytes)
Event: 1.506 Thread 0x0000021bef203ed0 nmethod 1779 0x0000021bd6235e90 code [0x0000021bd6236040, 0x0000021bd62362b8]
Event: 1.506 Thread 0x0000021bef203ed0 1782       1       java.lang.invoke.MethodHandles$Lookup::maybeBindCaller (72 bytes)
Event: 1.506 Thread 0x0000021bef1180a0 nmethod 1781 0x0000021bd6236410 code [0x0000021bd62365c0, 0x0000021bd6236818]
Event: 1.506 Thread 0x0000021bef203ed0 nmethod 1782 0x0000021bd6236990 code [0x0000021bd6236b60, 0x0000021bd6236e68]
Event: 1.506 Thread 0x0000021bef0c04c0 nmethod 1780 0x0000021bd6237010 code [0x0000021bd62372a0, 0x0000021bd6237a18]
Event: 1.510 Thread 0x0000021bef0c04c0 1783       1       java.util.stream.Sink$ChainedReference::cancellationRequested (10 bytes)
Event: 1.510 Thread 0x0000021bef0c04c0 nmethod 1783 0x0000021bd6237f10 code [0x0000021bd62380a0, 0x0000021bd62381a8]
Event: 1.511 Thread 0x0000021bef0c04c0 1788       1       org.springframework.boot.context.properties.source.ConfigurationPropertyName::isAncestorOf (25 bytes)
Event: 1.511 Thread 0x0000021bef0c04c0 nmethod 1788 0x0000021bd6238e10 code [0x0000021bd6238fc0, 0x0000021bd62391b8]
Event: 1.516 Thread 0x0000021bef0c04c0 1789       1       java.util.Collections::emptySet (4 bytes)
Event: 1.516 Thread 0x0000021bef0c04c0 nmethod 1789 0x0000021bd6239390 code [0x0000021bd6239520, 0x0000021bd62395d8]
Event: 1.516 Thread 0x0000021bef0c04c0 1790       1       org.springframework.core.ResolvableType::getGenerics (171 bytes)
Event: 1.517 Thread 0x0000021bef0c04c0 nmethod 1790 0x0000021bd6239690 code [0x0000021bd62398e0, 0x0000021bd623a418]
Event: 1.518 Thread 0x0000021bef0c04c0 1791       1       org.springframework.core.env.PropertySource::getName (5 bytes)
Event: 1.518 Thread 0x0000021bef0c04c0 nmethod 1791 0x0000021bd623a990 code [0x0000021bd623ab20, 0x0000021bd623abf8]

GC Heap History (4 events):
Event: 1.008 GC heap before
{Heap before GC invocations=0 (full 0):
 garbage-first heap   total 524288K, used 24576K [0x0000000601400000, 0x0000000800000000)
  region size 4096K, 6 young (24576K), 0 survivors (0K)
 Metaspace       used 5360K, committed 5568K, reserved 1114112K
  class space    used 663K, committed 768K, reserved 1048576K
}
Event: 1.011 GC heap after
{Heap after GC invocations=1 (full 0):
 garbage-first heap   total 524288K, used 9825K [0x0000000601400000, 0x0000000800000000)
  region size 4096K, 1 young (4096K), 1 survivors (4096K)
 Metaspace       used 5360K, committed 5568K, reserved 1114112K
  class space    used 663K, committed 768K, reserved 1048576K
}
Event: 1.347 GC heap before
{Heap before GC invocations=1 (full 0):
 garbage-first heap   total 524288K, used 30305K [0x0000000601400000, 0x0000000800000000)
  region size 4096K, 6 young (24576K), 1 survivors (4096K)
 Metaspace       used 8845K, committed 9024K, reserved 1114112K
  class space    used 1107K, committed 1216K, reserved 1048576K
}
Event: 1.350 GC heap after
{Heap after GC invocations=2 (full 0):
 garbage-first heap   total 524288K, used 11111K [0x0000000601400000, 0x0000000800000000)
  region size 4096K, 1 young (4096K), 1 survivors (4096K)
 Metaspace       used 8845K, committed 9024K, reserved 1114112K
  class space    used 1107K, committed 1216K, reserved 1048576K
}

Deoptimization events (20 events):
Event: 1.299 Thread 0x0000021bf4200070 DEOPT PACKING pc=0x0000021bd6137e7c sp=0x000000265b0fcb00
Event: 1.299 Thread 0x0000021bf4200070 DEOPT UNPACKING pc=0x0000021bd5d82b43 sp=0x000000265b0fbfb8 mode 1
Event: 1.299 Thread 0x0000021bf4200070 DEOPT PACKING pc=0x0000021bd60cb95c sp=0x000000265b0fd490
Event: 1.299 Thread 0x0000021bf4200070 DEOPT UNPACKING pc=0x0000021bd5d82b43 sp=0x000000265b0fc980 mode 1
Event: 1.299 Thread 0x0000021bf4200070 DEOPT PACKING pc=0x0000021bd61395e4 sp=0x000000265b0fc9e0
Event: 1.299 Thread 0x0000021bf4200070 DEOPT UNPACKING pc=0x0000021bd5d82b43 sp=0x000000265b0fbe78 mode 1
Event: 1.299 Thread 0x0000021bf4200070 DEOPT PACKING pc=0x0000021bd6137e7c sp=0x000000265b0fcab0
Event: 1.299 Thread 0x0000021bf4200070 DEOPT UNPACKING pc=0x0000021bd5d82b43 sp=0x000000265b0fbf68 mode 1
Event: 1.299 Thread 0x0000021bf4200070 DEOPT PACKING pc=0x0000021bd60cb95c sp=0x000000265b0fd440
Event: 1.299 Thread 0x0000021bf4200070 DEOPT UNPACKING pc=0x0000021bd5d82b43 sp=0x000000265b0fc930 mode 1
Event: 1.299 Thread 0x0000021bf4200070 DEOPT PACKING pc=0x0000021bd6137e7c sp=0x000000265b0fd5b0
Event: 1.299 Thread 0x0000021bf4200070 DEOPT UNPACKING pc=0x0000021bd5d82b43 sp=0x000000265b0fca68 mode 1
Event: 1.299 Thread 0x0000021bf4200070 DEOPT PACKING pc=0x0000021bd60cb95c sp=0x000000265b0fdf40
Event: 1.299 Thread 0x0000021bf4200070 DEOPT UNPACKING pc=0x0000021bd5d82b43 sp=0x000000265b0fd430 mode 1
Event: 1.379 Thread 0x0000021bf4200070 DEOPT PACKING pc=0x0000021bd61395e4 sp=0x000000265b0fd090
Event: 1.379 Thread 0x0000021bf4200070 DEOPT UNPACKING pc=0x0000021bd5d82b43 sp=0x000000265b0fc528 mode 1
Event: 1.379 Thread 0x0000021bf4200070 DEOPT PACKING pc=0x0000021bd6137e7c sp=0x000000265b0fd160
Event: 1.379 Thread 0x0000021bf4200070 DEOPT UNPACKING pc=0x0000021bd5d82b43 sp=0x000000265b0fc618 mode 1
Event: 1.379 Thread 0x0000021bf4200070 DEOPT PACKING pc=0x0000021bd60cb95c sp=0x000000265b0fdaf0
Event: 1.379 Thread 0x0000021bf4200070 DEOPT UNPACKING pc=0x0000021bd5d82b43 sp=0x000000265b0fcfe0 mode 1

Classes unloaded (0 events):
No events

Classes redefined (0 events):
No events

Internal exceptions (20 events):
Event: 1.140 Thread 0x0000021bce15cb10 Exception <a 'java/lang/NoSuchMethodError'{0x0000000620ea98b0}: 'java.lang.Object java.lang.invoke.DirectMethodHandle$Holder.invokeInterface(java.lang.Object, java.lang.Object)'> (0x0000000620ea98b0) 
thrown [s\open\src\hotspot\share\interpreter\linkResolver.cpp, line 759]
Event: 1.148 Thread 0x0000021bce15cb10 Exception <a 'java/lang/NoSuchMethodError'{0x0000000620f0ac98}: 'java.lang.Object java.lang.invoke.DirectMethodHandle$Holder.invokeSpecialIFC(java.lang.Object, java.lang.Object, java.lang.Object, java.lang.Object)'> (0x0000000620f0ac98) 
thrown [s\open\src\hotspot\share\interpreter\linkResolver.cpp, line 759]
Event: 1.152 Thread 0x0000021bce15cb10 Exception <a 'java/lang/NoSuchMethodError'{0x0000000620f2ef40}: 'java.lang.Object java.lang.invoke.DirectMethodHandle$Holder.invokeInterface(java.lang.Object, java.lang.Object, java.lang.Object)'> (0x0000000620f2ef40) 
thrown [s\open\src\hotspot\share\interpreter\linkResolver.cpp, line 759]
Event: 1.257 Thread 0x0000021bf4187fa0 Exception <a 'java/lang/NoSuchMethodError'{0x00000006206f42e0}: static [B.<clinit>()V> (0x00000006206f42e0) 
thrown [s\open\src\hotspot\share\prims\jni.cpp, line 1107]
Event: 1.265 Thread 0x0000021bf4187fa0 Exception <a 'java/lang/ClassNotFoundException'{0x00000006207dbeb0}: javax/management/remote/rmi/RMIConnectionImpl_Skel> (0x00000006207dbeb0) 
thrown [s\open\src\hotspot\share\classfile\systemDictionary.cpp, line 256]
Event: 1.265 Thread 0x0000021bf41f6eb0 Exception <a 'java/lang/NoSuchMethodError'{0x00000006207f5960}: 'java.lang.Object java.lang.invoke.Invokers$Holder.linkToTargetMethod(java.lang.Object, long, java.lang.Object)'> (0x00000006207f5960) 
thrown [s\open\src\hotspot\share\interpreter\linkResolver.cpp, line 759]
Event: 1.280 Thread 0x0000021bf4187fa0 Exception <a 'java/lang/reflect/InvocationTargetException'{0x0000000620044530}> (0x0000000620044530) 
thrown [s\open\src\hotspot\share\runtime\reflection.cpp, line 1121]
Event: 1.283 Thread 0x0000021bf4187fa0 Exception <a 'java/lang/NoSuchMethodError'{0x00000006200a82d0}: static [Ljava/lang/StackTraceElement;.<clinit>()V> (0x00000006200a82d0) 
thrown [s\open\src\hotspot\share\prims\jni.cpp, line 1107]
Event: 1.302 Thread 0x0000021bf4200070 Exception <a 'java/lang/NoSuchMethodError'{0x00000006201ba690}: 'int java.lang.invoke.DirectMethodHandle$Holder.invokeStaticInit(java.lang.Object, java.lang.Object, java.lang.Object)'> (0x00000006201ba690) 
thrown [s\open\src\hotspot\share\interpreter\linkResolver.cpp, line 759]
Event: 1.310 Thread 0x0000021bf4200070 Exception <a 'java/lang/NoSuchMethodError'{0x0000000620222740}: 'java.lang.Object java.lang.invoke.DirectMethodHandle$Holder.newInvokeSpecial(java.lang.Object, java.lang.Object, java.lang.Object, java.lang.Object, java.lang.Object)'> (0x0000000620222740) 
thrown [s\open\src\hotspot\share\interpreter\linkResolver.cpp, line 759]
Event: 1.314 Thread 0x0000021bf4200070 Exception <a 'java/lang/NoSuchMethodError'{0x0000000620282268}: 'java.lang.Object java.lang.invoke.DirectMethodHandle$Holder.invokeStaticInit(java.lang.Object, java.lang.Object, java.lang.Object)'> (0x0000000620282268) 
thrown [s\open\src\hotspot\share\interpreter\linkResolver.cpp, line 759]
Event: 1.325 Thread 0x0000021bf4200070 Exception <a 'java/lang/IncompatibleClassChangeError'{0x00000006203130c0}: Found class java.lang.Object, but interface was expected> (0x00000006203130c0) 
thrown [s\open\src\hotspot\share\interpreter\linkResolver.cpp, line 826]
Event: 1.341 Thread 0x0000021bf4200070 Exception <a 'sun/nio/fs/WindowsException'{0x00000006203b7258}> (0x00000006203b7258) 
thrown [s\open\src\hotspot\share\prims\jni.cpp, line 516]
Event: 1.495 Thread 0x0000021bf4200070 Exception <a 'java/lang/NoSuchMethodError'{0x0000000620f0f978}: 'java.lang.Object java.lang.invoke.DirectMethodHandle$Holder.newInvokeSpecial(java.lang.Object, java.lang.Object, java.lang.Object, java.lang.Object, java.lang.Object, java.lang.Object, java.lang.Object)'> (0x0000000620f0f978) 
thrown [s\open\src\hotspot\share\interpreter\linkResolver.cpp, line 759]
Event: 1.495 Thread 0x0000021bf4200070 Exception <a 'java/lang/NoSuchMethodError'{0x0000000620f14288}: 'java.lang.Object java.lang.invoke.Invokers$Holder.linkToTargetMethod(java.lang.Object, java.lang.Object, java.lang.Object, java.lang.Object, java.lang.Object, java.lang.Object, java.lang.Object)'> (0x0000000620f14288) 
thrown [s\open\src\hotspot\share\interpreter\linkResolver.cpp, line 759]
Event: 1.501 Thread 0x0000021bf4200070 Exception <a 'java/lang/NoSuchMethodError'{0x0000000620f6b360}: 'int java.lang.invoke.DirectMethodHandle$Holder.invokeStatic(java.lang.Object, java.lang.Object, java.lang.Object, java.lang.Object)'> (0x0000000620f6b360) 
thrown [s\open\src\hotspot\share\interpreter\linkResolver.cpp, line 759]
Event: 1.501 Thread 0x0000021bf4200070 Exception <a 'java/lang/NoSuchMethodError'{0x0000000620f6ee78}: 'java.lang.Object java.lang.invoke.Invokers$Holder.invokeExact_MT(java.lang.Object, java.lang.Object, java.lang.Object, java.lang.Object, java.lang.Object, java.lang.Object)'> (0x0000000620f6ee78) 
thrown [s\open\src\hotspot\share\interpreter\linkResolver.cpp, line 759]
Event: 1.510 Thread 0x0000021bf4200070 Exception <a 'java/lang/NoSuchMethodError'{0x000000062082eb98}: 'java.lang.Object java.lang.invoke.DirectMethodHandle$Holder.invokeSpecial(java.lang.Object, java.lang.Object, java.lang.Object, java.lang.Object, java.lang.Object, java.lang.Object, int)'> (0x000000062082eb98) 
thrown [s\open\src\hotspot\share\interpreter\linkResolver.cpp, line 759]
Event: 1.510 Thread 0x0000021bf4200070 Exception <a 'java/lang/NoSuchMethodError'{0x0000000620839138}: 'java.lang.Object java.lang.invoke.DirectMethodHandle$Holder.newInvokeSpecial(java.lang.Object, java.lang.Object, java.lang.Object, java.lang.Object, java.lang.Object, java.lang.Object, int)'> (0x0000000620839138) 
thrown [s\open\src\hotspot\share\interpreter\linkResolver.cpp, line 759]
Event: 1.511 Thread 0x0000021bf4200070 Exception <a 'java/lang/NoSuchMethodError'{0x000000062083e178}: 'java.lang.Object java.lang.invoke.DirectMethodHandle$Holder.invokeSpecial(java.lang.Object, java.lang.Object, java.lang.Object, java.lang.Object, java.lang.Object, java.lang.Object, java.lang.Object, int)'> (0x000000062083e178) 
thrown [s\open\src\hotspot\share\interpreter\linkResolver.cpp, line 759]

VM Operations (20 events):
Event: 1.023 Executing VM operation: ChangeBreakpoints
Event: 1.023 Executing VM operation: ChangeBreakpoints done
Event: 1.179 Executing VM operation: HandshakeAllThreads
Event: 1.179 Executing VM operation: HandshakeAllThreads done
Event: 1.263 Executing VM operation: HandshakeAllThreads
Event: 1.264 Executing VM operation: HandshakeAllThreads done
Event: 1.273 Executing VM operation: ChangeBreakpoints
Event: 1.273 Executing VM operation: ChangeBreakpoints done
Event: 1.274 Executing VM operation: ChangeBreakpoints
Event: 1.274 Executing VM operation: ChangeBreakpoints done
Event: 1.275 Executing VM operation: ChangeBreakpoints
Event: 1.275 Executing VM operation: ChangeBreakpoints done
Event: 1.276 Executing VM operation: ChangeBreakpoints
Event: 1.277 Executing VM operation: ChangeBreakpoints done
Event: 1.278 Executing VM operation: ChangeBreakpoints
Event: 1.278 Executing VM operation: ChangeBreakpoints done
Event: 1.342 Executing VM operation: HandshakeAllThreads
Event: 1.342 Executing VM operation: HandshakeAllThreads done
Event: 1.347 Executing VM operation: G1CollectForAllocation
Event: 1.350 Executing VM operation: G1CollectForAllocation done

Events (20 events):
Event: 1.514 loading class org/springframework/boot/context/config/ConfigTreeConfigDataResource
Event: 1.514 loading class org/springframework/boot/context/config/ConfigTreeConfigDataResource done
Event: 1.514 loading class org/springframework/boot/context/config/StandardConfigDataLoader
Event: 1.514 loading class org/springframework/boot/context/config/StandardConfigDataLoader done
Event: 1.515 loading class org/springframework/boot/context/config/StandardConfigDataResource
Event: 1.515 loading class org/springframework/boot/context/config/StandardConfigDataResource done
Event: 1.515 loading class org/springframework/boot/context/config/ConfigData$Option
Event: 1.515 loading class org/springframework/boot/context/config/ConfigData$Option done
Event: 1.515 loading class org/springframework/boot/context/config/ConfigData$PropertySourceOptions
Event: 1.515 loading class org/springframework/boot/context/config/ConfigData$PropertySourceOptions done
Event: 1.515 loading class org/springframework/boot/context/config/ConfigData$AlwaysPropertySourceOptions
Event: 1.515 loading class org/springframework/boot/context/config/ConfigData$AlwaysPropertySourceOptions done
Event: 1.516 loading class org/springframework/boot/context/config/ConfigData$Options
Event: 1.516 loading class org/springframework/boot/context/config/ConfigData$Options done
Event: 1.516 loading class org/springframework/boot/DefaultPropertiesPropertySource
Event: 1.516 loading class org/springframework/boot/DefaultPropertiesPropertySource done
Event: 1.517 loading class org/springframework/boot/context/config/ConfigDataEnvironmentContributor
Event: 1.517 loading class org/springframework/boot/context/config/ConfigDataEnvironmentContributor done
Event: 1.518 loading class org/springframework/boot/context/config/ConfigDataEnvironmentContributor$Kind
Event: 1.518 loading class org/springframework/boot/context/config/ConfigDataEnvironmentContributor$Kind done


Dynamic libraries:
0x00007ff773630000 - 0x00007ff773640000 	C:\Program Files\Java\jdk-17\bin\java.exe
0x00007ffb8e160000 - 0x00007ffb8e34e000 	C:\Windows\SYSTEM32\ntdll.dll
0x00007ffb8db90000 - 0x00007ffb8dc43000 	C:\Windows\System32\KERNEL32.DLL
0x00007ffb8ab50000 - 0x00007ffb8aded000 	C:\Windows\System32\KERNELBASE.dll
0x00007ffb8b280000 - 0x00007ffb8b37a000 	C:\Windows\System32\ucrtbase.dll
0x00007ffb85780000 - 0x00007ffb85799000 	C:\Program Files\Java\jdk-17\bin\jli.dll
0x00007ffb857b0000 - 0x00007ffb857cb000 	C:\Program Files\Java\jdk-17\bin\VCRUNTIME140.dll
0x00007ffb8b6b0000 - 0x00007ffb8b758000 	C:\Windows\System32\ADVAPI32.dll
0x00007ffb8c1a0000 - 0x00007ffb8c23e000 	C:\Windows\System32\msvcrt.dll
0x00007ffb8c500000 - 0x00007ffb8c5a2000 	C:\Windows\System32\sechost.dll
0x00007ffb8e010000 - 0x00007ffb8e12e000 	C:\Windows\System32\RPCRT4.dll
0x00007ffb8ae50000 - 0x00007ffb8ae76000 	C:\Windows\System32\bcrypt.dll
0x00007ffb8b870000 - 0x00007ffb8ba07000 	C:\Windows\System32\USER32.dll
0x00007ffb8ab30000 - 0x00007ffb8ab50000 	C:\Windows\System32\win32u.dll
0x00007ffb8dab0000 - 0x00007ffb8dad9000 	C:\Windows\System32\GDI32.dll
0x00007ffb8ae80000 - 0x00007ffb8b02a000 	C:\Windows\System32\gdi32full.dll
0x00007ffb8aa90000 - 0x00007ffb8ab30000 	C:\Windows\System32\msvcp_win.dll
0x00007ffb77e90000 - 0x00007ffb78109000 	C:\Windows\WinSxS\amd64_microsoft.windows.common-controls_6595b64144ccf1df_6.0.17763.5329_none_de6f1d32534d4c59\COMCTL32.dll
0x00007ffb8b380000 - 0x00007ffb8b6ab000 	C:\Windows\System32\combase.dll
0x00007ffb8a1e0000 - 0x00007ffb8a262000 	C:\Windows\System32\bcryptPrimitives.dll
0x00007ffb89eb0000 - 0x00007ffb89eba000 	C:\Windows\SYSTEM32\VERSION.dll
0x00007ffb8c4d0000 - 0x00007ffb8c4fe000 	C:\Windows\System32\IMM32.DLL
0x0000000077a70000 - 0x0000000077a7d000 	C:\Program Files (x86)\360\360Safe\safemon\SafeWrapper.dll
0x00007ffb74bb0000 - 0x00007ffb74c5c000 	C:\Program Files (x86)\360\360Safe\safemon\libzdtp64.dll
0x00007ffb8c5b0000 - 0x00007ffb8daa8000 	C:\Windows\System32\SHELL32.dll
0x00007ffb8b030000 - 0x00007ffb8b07a000 	C:\Windows\System32\cfgmgr32.dll
0x00007ffb8b760000 - 0x00007ffb8b807000 	C:\Windows\System32\shcore.dll
0x00007ffb8a290000 - 0x00007ffb8a9d7000 	C:\Windows\System32\windows.storage.dll
0x00007ffb8a150000 - 0x00007ffb8a173000 	C:\Windows\System32\profapi.dll
0x00007ffb8a180000 - 0x00007ffb8a1dd000 	C:\Windows\System32\powrprof.dll
0x00007ffb8bfd0000 - 0x00007ffb8c022000 	C:\Windows\System32\shlwapi.dll
0x00007ffb8a110000 - 0x00007ffb8a121000 	C:\Windows\System32\kernel.appcore.dll
0x00007ffb8a270000 - 0x00007ffb8a28b000 	C:\Windows\System32\cryptsp.dll
0x00007ffb85ee0000 - 0x00007ffb85eec000 	C:\Program Files\Java\jdk-17\bin\vcruntime140_1.dll
0x00007ffb5ad40000 - 0x00007ffb5adce000 	C:\Program Files\Java\jdk-17\bin\msvcp140.dll
0x00007ffb23b30000 - 0x00007ffb24711000 	C:\Program Files\Java\jdk-17\bin\server\jvm.dll
0x00007ffb8ba10000 - 0x00007ffb8ba18000 	C:\Windows\System32\PSAPI.DLL
0x00007ffb83f70000 - 0x00007ffb83f79000 	C:\Windows\SYSTEM32\WSOCK32.dll
0x00007ffb878c0000 - 0x00007ffb878e4000 	C:\Windows\SYSTEM32\WINMM.dll
0x00007ffb8c240000 - 0x00007ffb8c2ad000 	C:\Windows\System32\WS2_32.dll
0x00007ffb877a0000 - 0x00007ffb877cd000 	C:\Windows\SYSTEM32\winmmbase.dll
0x00007ffb80f90000 - 0x00007ffb80f9a000 	C:\Program Files\Java\jdk-17\bin\jimage.dll
0x00007ffb89960000 - 0x00007ffb89b4d000 	C:\Windows\SYSTEM32\DBGHELP.DLL
0x00007ffb89930000 - 0x00007ffb8995a000 	C:\Windows\SYSTEM32\dbgcore.DLL
0x00007ffb79270000 - 0x00007ffb792ab000 	C:\Program Files\Java\jdk-17\bin\jdwp.dll
0x00007ffb78540000 - 0x00007ffb7854e000 	C:\Program Files\Java\jdk-17\bin\instrument.dll
0x00007ffb74760000 - 0x00007ffb74785000 	C:\Program Files\Java\jdk-17\bin\java.dll
0x00007ffb72dd0000 - 0x00007ffb72de8000 	C:\Program Files\Java\jdk-17\bin\zip.dll
0x00007ffb405c0000 - 0x00007ffb40697000 	C:\Program Files\Java\jdk-17\bin\jsvml.dll
0x00007ffb862c0000 - 0x00007ffb862cc000 	C:\Program Files\Java\jdk-17\bin\dt_socket.dll
0x00007ffb895f0000 - 0x00007ffb8962d000 	C:\Windows\SYSTEM32\IPHLPAPI.DLL
0x00007ffb893b0000 - 0x00007ffb89417000 	C:\Windows\system32\mswsock.dll
0x00007ffb79370000 - 0x00007ffb79389000 	C:\Program Files\Java\jdk-17\bin\net.dll
0x00007ffb7f120000 - 0x00007ffb7f21d000 	C:\Windows\SYSTEM32\WINHTTP.dll
0x00007ffb79070000 - 0x00007ffb79086000 	C:\Program Files\Java\jdk-17\bin\nio.dll
0x00007ffb89120000 - 0x00007ffb891e6000 	C:\Windows\SYSTEM32\DNSAPI.dll
0x00007ffb8c190000 - 0x00007ffb8c198000 	C:\Windows\System32\NSI.dll
0x00007ffb7e950000 - 0x00007ffb7e95a000 	C:\Windows\System32\rasadhlp.dll
0x00007ffb7e960000 - 0x00007ffb7e9d9000 	C:\Windows\System32\fwpuclnt.dll
0x00007ffb6e420000 - 0x00007ffb6e42a000 	C:\Program Files\Java\jdk-17\bin\management.dll
0x00007ffb6e2c0000 - 0x00007ffb6e2cb000 	C:\Program Files\Java\jdk-17\bin\management_ext.dll
0x00007ffb88f90000 - 0x00007ffb88fc3000 	C:\Windows\system32\rsaenh.dll
0x00007ffb8a040000 - 0x00007ffb8a069000 	C:\Windows\SYSTEM32\USERENV.dll
0x00007ffb89580000 - 0x00007ffb8958c000 	C:\Windows\SYSTEM32\CRYPTBASE.dll
0x00007ffb83b90000 - 0x00007ffb83ba6000 	C:\Windows\SYSTEM32\dhcpcsvc6.DLL
0x00007ffb83a50000 - 0x00007ffb83a6c000 	C:\Windows\SYSTEM32\dhcpcsvc.DLL
0x00007ffb84e90000 - 0x00007ffb84ea6000 	C:\Windows\system32\napinsp.dll
0x00007ffb85030000 - 0x00007ffb8504a000 	C:\Windows\system32\pnrpnsp.dll
0x00007ffb85050000 - 0x00007ffb8505e000 	C:\Windows\System32\winrnr.dll
0x00007ffb85ec0000 - 0x00007ffb85edb000 	C:\Windows\system32\NLAapi.dll
0x00007ffb80be0000 - 0x00007ffb80bf5000 	C:\Windows\system32\wshbth.dll

dbghelp: loaded successfully - version: 4.0.5 - missing functions: none
symbol engine: initialized successfully - sym options: 0x614 - pdb path: .;C:\Program Files\Java\jdk-17\bin;C:\Windows\SYSTEM32;C:\Windows\WinSxS\amd64_microsoft.windows.common-controls_6595b64144ccf1df_6.0.17763.5329_none_de6f1d32534d4c59;C:\Program Files (x86)\360\360Safe\safemon;C:\Program Files\Java\jdk-17\bin\server

VM Arguments:
jvm_args: -agentlib:jdwp=transport=dt_socket,address=127.0.0.1:59872,suspend=y,server=n -XX:TieredStopAtLevel=1 -Dspring.output.ansi.enabled=always -Dcom.sun.management.jmxremote -Dspring.jmx.enabled=true -Dspring.liveBeansView.mbeanDomain -Dspring.application.admin.enabled=true -Dmanagement.endpoints.jmx.exposure.include=* -javaagent:C:\Users\SXRBS\AppData\Local\JetBrains\IntelliJIdea2023.3\captureAgent\debugger-agent.jar=file:/C:/Users/SXRBS/AppData/Local/Temp/capture.props -Dfile.encoding=GBK 
java_command: com.sqds.SqdsbackApplication
java_class_path (initial): K:\mywork\springjwtstudy\sqdsback\build\classes\java\main;K:\mywork\springjwtstudy\sqdsback\build\resources\main;C:\Users\SXRBS\.gradle\caches\modules-2\files-2.1\org.projectlombok\lombok\1.18.30\f195ee86e6c896ea47a1d39defbe20eb59cd149d\lombok-1.18.30.jar;C:\Users\SXRBS\.gradle\caches\modules-2\files-2.1\org.springframework.boot\spring-boot-starter-data-redis\3.2.0\59a9a4674277151840f7c8711c3c254cdb7d949d\spring-boot-starter-data-redis-3.2.0.jar;C:\Users\SXRBS\.gradle\caches\modules-2\files-2.1\com.squareup.okhttp3\okhttp\4.12.0\2f4525d4a200e97e1b87449c2cd9bd2e25b7e8cd\okhttp-4.12.0.jar;C:\Users\SXRBS\.gradle\caches\modules-2\files-2.1\org.json\json\20220320\6df2c050972619466f6dcef7654ef9bcc01dfd0\json-20220320.jar;C:\Users\SXRBS\.gradle\caches\modules-2\files-2.1\org.springframework.boot\spring-boot-starter-security\3.2.0\c692cc94ac3b5bfa9eb47fa04afa5b570a5b24b2\spring-boot-starter-security-3.2.0.jar;C:\Users\SXRBS\.gradle\caches\modules-2\files-2.1\org.springframework.boot\spring-boot-starter-data-jpa\3.2.0\6a8ad077a37f8a0cef6949dcfd91a9b2115cade\spring-boot-starter-data-jpa-3.2.0.jar;C:\Users\SXRBS\.gradle\caches\modules-2\files-2.1\org.springframework.boot\spring-boot-starter-web\3.2.0\e609f839e7c2ff9c90bc75d7c05dbcbb19315319\spring-boot-starter-web-3.2.0.jar;C:\Users\SXRBS\.gradle\caches\modules-2\files-2.1\org.springframework.boot\spring-boot-starter-cache\3.2.0\bcdd3dd28886f772a8d514006764479912a77f9e\spring-boot-starter-cache-3.2.0.jar;C:\Users\SXRBS\.gradle\caches\modules-2\files-2.1\org.springframework.modulith\spring-modulith-starter-jpa\1.1.2\ccdf062f35f888210e6d11dbc872639c60d2bc73\spring-modulith-starter-jpa-1.1.2.jar;C:\Users\SXRBS\.gradle\caches\modules-2\files-2.1\org.springframework.modulith\spring-modulith-starter-core\1.1.2\2f910ab9b3d6d5c6cacddefbc634d9f96a96dde7\spring-modulith-starter-core-1.1.2.jar;C:\Users\SXRBS\.gradle\caches\modules-2\files-2.1\org.springframework.boot\spring-boot-configuration-processor\3.2.0\
Launcher Type: SUN_STANDARD

[Global flags]
     intx CICompilerCount                          = 4                                         {product} {ergonomic}
     uint ConcGCThreads                            = 2                                         {product} {ergonomic}
     uint G1ConcRefinementThreads                  = 8                                         {product} {ergonomic}
   size_t G1HeapRegionSize                         = 4194304                                   {product} {ergonomic}
    uintx GCDrainStackTargetSize                   = 64                                        {product} {ergonomic}
   size_t InitialHeapSize                          = 536870912                                 {product} {ergonomic}
     bool ManagementServer                         = true                                      {product} {command line}
   size_t MarkStackSize                            = 4194304                                   {product} {ergonomic}
   size_t MaxHeapSize                              = 8568963072                                {product} {ergonomic}
   size_t MaxNewSize                               = 5138022400                                {product} {ergonomic}
   size_t MinHeapDeltaBytes                        = 4194304                                   {product} {ergonomic}
   size_t MinHeapSize                              = 8388608                                   {product} {ergonomic}
    uintx NonProfiledCodeHeapSize                  = 0                                      {pd product} {ergonomic}
     bool ProfileInterpreter                       = false                                  {pd product} {command line}
    uintx ProfiledCodeHeapSize                     = 0                                      {pd product} {ergonomic}
   size_t SoftMaxHeapSize                          = 8568963072                             {manageable} {ergonomic}
     intx TieredStopAtLevel                        = 1                                         {product} {command line}
     bool UseCompressedClassPointers               = true                           {product lp64_product} {ergonomic}
     bool UseCompressedOops                        = true                           {product lp64_product} {ergonomic}
     bool UseG1GC                                  = true                                      {product} {ergonomic}
     bool UseLargePagesIndividualAllocation        = false                                  {pd product} {ergonomic}

Logging:
Log output configuration:
 #0: stdout all=warning uptime,level,tags
 #1: stderr all=off uptime,level,tags

Environment Variables:
JAVA_HOME=C:\Program Files\Java\jdk-17
PATH=C:\Program Files\Common Files\Oracle\Java\javapath;C:\Windows\system32;C:\Windows;C:\Windows\System32\Wbem;C:\Windows\System32\WindowsPowerShell\v1.0\;C:\Windows\System32\OpenSSH\;C:\Program Files\Java\jdk-17\bin;C:\Program Files\nodejs\;C:\Program Files\Redis;C:\Program Files\Microsoft SQL Server\150\Tools\Binn\;C:\Program Files\Microsoft SQL Server\Client SDK\ODBC\170\Tools\Binn\;C:\Program Files\dotnet\;C:\Program Files (x86)\Microsoft SQL Server\160\DTS\Binn\;C:\Program Files\Azure Data Studio\bin;C:\Program Files (x86)\NetSarang\Xshell 7\;C:\Program Files (x86)\NetSarang\Xftp 7\;C:\Users\SXRBS\AppData\Local\Microsoft\WindowsApps;C:\Users\SXRBS\AppData\Roaming\npm;C:\Users\SXRBS\.dotnet\tools;C:\Program Files\Azure Data Studio\bin;C:\Users\SXRBS\AppData\Local\Programs\Microsoft VS Code\bin
USERNAME=SXRBS
OS=Windows_NT
PROCESSOR_IDENTIFIER=Intel64 Family 6 Model 158 Stepping 9, GenuineIntel



---------------  S Y S T E M  ---------------

OS:
 Windows 10 , 64 bit Build 17763 (10.0.17763.4974)
OS uptime: 0 days 21:05 hours

CPU: total 8 (initial active 8) (4 cores per cpu, 2 threads per core) family 6 model 158 stepping 9 microcode 0x8e, cx8, cmov, fxsr, ht, mmx, 3dnowpref, sse, sse2, sse3, ssse3, sse4.1, sse4.2, popcnt, lzcnt, tsc, tscinvbit, avx, avx2, aes, erms, clmul, bmi1, bmi2, rtm, adx, fma, vzeroupper, clflush, clflushopt

Memory: 4k page, system-wide physical 32674M (14217M free)
TotalPageFile size 37538M (AvailPageFile size 14411M)
current process WorkingSet (physical memory assigned to process): 98M, peak: 98M
current process commit charge ("private bytes"): 632M, peak: 632M

vm_info: Java HotSpot(TM) 64-Bit Server VM (17.0.9+11-LTS-201) for windows-amd64 JRE (17.0.9+11-LTS-201), built on Oct 10 2023 23:16:06 by "mach5one" with MS VC++ 17.1 (VS2022)

END.
