#
# A fatal error has been detected by the Java Runtime Environment:
#
#  EXCEPTION_ACCESS_VIOLATION (0xc0000005) at pc=0x00007ffa61b88b97, pid=9540, tid=12660
#
# JRE version: OpenJDK Runtime Environment Temurin-17.0.10+7 (17.0.10+7) (build 17.0.10+7)
# Java VM: OpenJDK 64-Bit Server VM Temurin-17.0.10+7 (17.0.10+7, mixed mode, tiered, compressed oops, compressed class ptrs, parallel gc, windows-amd64)
# Problematic frame:
# V  [jvm.dll+0x598b97]
#
# No core dump will be written. Minidumps are not enabled by default on client versions of Windows
#
# If you would like to submit a bug report, please visit:
#   https://github.com/adoptium/adoptium-support/issues
#

---------------  S U M M A R Y ------------

Command Line: --add-modules=ALL-SYSTEM --add-opens=java.base/java.util=ALL-UNNAMED --add-opens=java.base/java.lang=ALL-UNNAMED --add-opens=java.base/sun.nio.fs=ALL-UNNAMED -Declipse.application=org.eclipse.jdt.ls.core.id1 -Dosgi.bundles.defaultStartLevel=4 -Declipse.product=org.eclipse.jdt.ls.core.product -Djava.import.generatesMetadataFilesAtProjectRoot=false -DDetectVMInstallationsJob.disabled=true -Dfile.encoding=utf8 -XX:+UseParallelGC -XX:GCTimeRatio=4 -XX:AdaptiveSizePolicyWeight=90 -Dsun.zip.disableMemoryMapping=true -Xmx1G -Xms100m -Xlog:disable -javaagent:c:\Users\SXRBS\.vscode\extensions\redhat.java-1.28.1-win32-x64\lombok\lombok-1.18.31.jar c:\Users\SXRBS\.vscode\extensions\redhat.java-1.28.1-win32-x64\server\plugins\org.eclipse.equinox.launcher_1.6.700.v20231214-2017.jar -configuration c:\Users\SXRBS\AppData\Roaming\Code\User\globalStorage\redhat.java\1.28.1\config_ss_win -data c:\Users\SXRBS\AppData\Roaming\Code\User\workspaceStorage\c8669b37ec549c97780dae6a6d3fc7b2\redhat.java\ss_ws --stdio

Host: Intel(R) Core(TM) i7-7700 CPU @ 3.60GHz, 8 cores, 31G,  Windows 10 , 64 bit Build 17763 (10.0.17763.4974)
Time: Tue Feb 27 08:09:06 2024 中国标准时间 elapsed time: 2.010645 seconds (0d 0h 0m 2s)

---------------  T H R E A D  ---------------

Current thread (0x000002b919517ac0):  JavaThread "C2 CompilerThread0" daemon [_thread_in_native, id=12660, stack(0x000000c624e00000,0x000000c624f00000)]


Current CompileTask:
C2:   2010 2327       4       org.lombokweb.asm.ClassReader::readMethod (1066 bytes)

Stack: [0x000000c624e00000,0x000000c624f00000],  sp=0x000000c624efa2a0,  free space=1000k
Native frames: (J=compiled Java code, j=interpreted, Vv=VM code, C=native code)
V  [jvm.dll+0x598b97]
V  [jvm.dll+0x58537a]
V  [jvm.dll+0x2228a2]
V  [jvm.dll+0x222c8f]
V  [jvm.dll+0x21bdb6]
V  [jvm.dll+0x219201]
V  [jvm.dll+0x1a502d]
V  [jvm.dll+0x2290de]
V  [jvm.dll+0x2272ac]
V  [jvm.dll+0x7e9bb7]
V  [jvm.dll+0x7e3fba]
V  [jvm.dll+0x67c1b5]
C  [ucrtbase.dll+0x2268a]
C  [KERNEL32.DLL+0x17ac4]
C  [ntdll.dll+0x5a4e1]


siginfo: EXCEPTION_ACCESS_VIOLATION (0xc0000005), reading address 0xffffffffffffffff


Registers:
RAX=0x000002b91ac68710, RBX=0x000000c624efa360, RCX=0x000002b91ac68932, RDX=0x0000000000000000
RSP=0x000000c624efa2a0, RBP=0x000002b91ac68710, RSI=0x0000000000000001, RDI=0x000002b91ac68710
R8 =0x0000000000000008, R9 =0x0000000000080000, R10=0x000002b91adb1168, R11=0x000000c624efa228
R12=0x0000000000000013, R13=0x000000c624efa670, R14=0x0000000000000002, R15=0x8950000002b9197c
RIP=0x00007ffa61b88b97, EFLAGS=0x0000000000010203


Register to memory mapping:

RIP=0x00007ffa61b88b97 jvm.dll
RAX=0x000002b91ac68710 points into unknown readable memory: 0x00007ffa61f3dec0 | c0 de f3 61 fa 7f 00 00
RBX=0x000000c624efa360 is pointing into the stack for thread: 0x000002b919517ac0
RCX=0x000002b91ac68932 points into unknown readable memory: 7c 19 b9 02 00 00
RDX=0x0 is NULL
RSP=0x000000c624efa2a0 is pointing into the stack for thread: 0x000002b919517ac0
RBP=0x000002b91ac68710 points into unknown readable memory: 0x00007ffa61f3dec0 | c0 de f3 61 fa 7f 00 00
RSI=0x0000000000000001 is an unknown value
RDI=0x000002b91ac68710 points into unknown readable memory: 0x00007ffa61f3dec0 | c0 de f3 61 fa 7f 00 00
R8 =0x0000000000000008 is an unknown value
R9 =0x0000000000080000 is an unknown value
R10=0x000002b91adb1168 points into unknown readable memory: 0x0000000000000000 | 00 00 00 00 00 00 00 00
R11=0x000000c624efa228 is pointing into the stack for thread: 0x000002b919517ac0
R12=0x0000000000000013 is an unknown value
R13=0x000000c624efa670 is pointing into the stack for thread: 0x000002b919517ac0
R14=0x0000000000000002 is an unknown value
R15=0x8950000002b9197c is an unknown value


Top of Stack: (sp=0x000000c624efa2a0)
0x000000c624efa2a0:   000000c624efa360 0000000000000035
0x000000c624efa2b0:   0000000000000002 000002b91ac68650
0x000000c624efa2c0:   0000000000000000 0000000000088200
0x000000c624efa2d0:   000002b91b7dc360 000002b91b7dc360
0x000000c624efa2e0:   000000c624efa3f0 00007ffa61b7537a
0x000000c624efa2f0:   000002b97f820110 000000c624efa340
0x000000c624efa300:   0000000000000000 000000c624efa670
0x000000c624efa310:   000000c624efa360 000000c624efa320
0x000000c624efa320:   000002b919512a20 00007ffa00001000
0x000000c624efa330:   000002b91bb7e030 000002b900000000
0x000000c624efa340:   0000000000000100 000002b91bd13b80
0x000000c624efa350:   0000000000000100 000002b919512a20
0x000000c624efa360:   000002b91bbba0e0 000002b91bbc59f0
0x000000c624efa370:   000002b91bbb9810 000002b919512a20
0x000000c624efa380:   000002b919512a20 00007ffa00000004
0x000000c624efa390:   000002b91bd230e0 0000000000000000
0x000000c624efa3a0:   0000000000000000 000000c624efa3b0
0x000000c624efa3b0:   0000000000000003 00007ffa61de6f9a
0x000000c624efa3c0:   000002b91adb5b50 000002b91aeefe60
0x000000c624efa3d0:   0000000000000000 000002b91adb55e8
0x000000c624efa3e0:   000002b91bdb6520 00007ffa61de702f
0x000000c624efa3f0:   000002b91bb4fa10 0000000000000000
0x000000c624efa400:   000000007fffffff 0000000000000000
0x000000c624efa410:   000002b91b744748 00007ffa61de702f
0x000000c624efa420:   000002b91adb5b50 000002b91aeefe60
0x000000c624efa430:   0000000000000000 000000c624efb740
0x000000c624efa440:   0000000000088220 000002b91b9240b8
0x000000c624efa450:   000000c624efa520 000000000000000d
0x000000c624efa460:   0000000000010000 00007ffa997eb5c6
0x000000c624efa470:   0000000000000000 0000000000010010
0x000000c624efa480:   0000000000000003 0000000000000000
0x000000c624efa490:   000000c624efa520 00007ffa99314513 

Instructions: (pc=0x00007ffa61b88b97)
0x00007ffa61b88a97:   58 10 e8 c2 9d fd ff 48 3b c3 75 57 8b 5f 28 48
0x00007ffa61b88aa7:   89 6c 24 38 3b 5e 28 72 0b 8b d3 48 8d 4e 20 e8
0x00007ffa61b88ab7:   05 20 0c 00 48 8b 46 30 49 8d 56 01 48 8b 6c 24
0x00007ffa61b88ac7:   38 48 89 14 d8 33 db 39 5f 20 76 27 0f 1f 40 00
0x00007ffa61b88ad7:   66 0f 1f 84 00 00 00 00 00 48 8b 57 10 4d 8b c6
0x00007ffa61b88ae7:   48 8b ce 48 8b 14 da e8 6d ff ff ff ff c3 3b 5f
0x00007ffa61b88af7:   20 72 e6 48 8b 5c 24 30 48 8b 74 24 40 48 8b 7c
0x00007ffa61b88b07:   24 48 48 83 c4 20 41 5e c3 48 89 5c 24 20 48 89
0x00007ffa61b88b17:   54 24 10 55 56 57 41 55 41 56 48 83 ec 20 48 8b
0x00007ffa61b88b27:   41 10 49 8b d8 48 8b fa 4c 8b e9 4c 8b b0 d0 02
0x00007ffa61b88b37:   00 00 41 8b 6e 28 8b f5 c1 ee 05 3b 32 72 0a 8b
0x00007ffa61b88b47:   d6 48 8b cf e8 50 55 28 00 48 8b 47 08 83 e5 1f
0x00007ffa61b88b57:   49 8b d6 49 8b cd 4c 8d 04 b0 8b 04 b0 0f ab e8
0x00007ffa61b88b67:   41 89 00 e8 71 09 00 00 4c 89 64 24 50 48 8b f8
0x00007ffa61b88b77:   4c 89 7c 24 60 44 8b 70 20 33 f6 41 3b f6 0f 83
0x00007ffa61b88b87:   96 00 00 00 48 8b 4f 10 8b d6 ff c6 4c 8b 3c d1
0x00007ffa61b88b97:   41 83 7f 20 00 74 e4 45 8b 67 28 41 8b ec 48 8b
0x00007ffa61b88ba7:   44 24 58 c1 ed 05 3b 28 72 0f 8b d5 48 8b c8 e8
0x00007ffa61b88bb7:   e5 54 28 00 48 8b 44 24 58 48 8b 40 08 41 83 e4
0x00007ffa61b88bc7:   1f 4c 8d 04 a8 41 0f b6 cc 41 b9 01 00 00 00 41
0x00007ffa61b88bd7:   d3 e1 41 8b 08 8b c1 41 0b c1 41 89 00 41 85 c9
0x00007ffa61b88be7:   75 99 49 8b d7 49 8b cd e8 ec 08 00 00 48 83 03
0x00007ffa61b88bf7:   10 48 8b e8 48 8b 0b 48 3b 4b 08 72 0b 48 8b cb
0x00007ffa61b88c07:   e8 44 1f 0c 00 48 8b 0b 48 89 39 48 8b fd 89 71
0x00007ffa61b88c17:   08 44 8b 75 20 e9 5f ff ff ff 45 85 f6 74 15 8b
0x00007ffa61b88c27:   47 30 c1 e8 04 a8 01 75 0b 48 8b d7 49 8b cd e8
0x00007ffa61b88c37:   75 00 00 00 49 8b 45 10 44 8b 80 40 02 00 00 8b
0x00007ffa61b88c47:   48 68 44 2b 80 68 02 00 00 03 c9 b8 cd cc cc cc
0x00007ffa61b88c57:   f7 e1 c1 ea 02 44 3b c2 76 0b 48 8b 43 10 48 83
0x00007ffa61b88c67:   e8 10 48 89 03 48 8b 03 48 3b 43 10 72 16 48 8b
0x00007ffa61b88c77:   38 8b 70 08 48 83 c0 f0 44 8b 77 20 48 89 03 e9
0x00007ffa61b88c87:   f7 fe ff ff 4c 8b 7c 24 60 4c 8b 64 24 50 48 8b 


Stack slot to memory mapping:
stack at sp + 0 slots: 0x000000c624efa360 is pointing into the stack for thread: 0x000002b919517ac0
stack at sp + 1 slots: 0x0000000000000035 is an unknown value
stack at sp + 2 slots: 0x0000000000000002 is an unknown value
stack at sp + 3 slots: 0x000002b91ac68650 points into unknown readable memory: 0x00007ffa61f3dde8 | e8 dd f3 61 fa 7f 00 00
stack at sp + 4 slots: 0x0 is NULL
stack at sp + 5 slots: 0x0000000000088200 is an unknown value
stack at sp + 6 slots: 0x000002b91b7dc360 points into unknown readable memory: 0x0000000000000000 | 00 00 00 00 00 00 00 00
stack at sp + 7 slots: 0x000002b91b7dc360 points into unknown readable memory: 0x0000000000000000 | 00 00 00 00 00 00 00 00


---------------  P R O C E S S  ---------------

Threads class SMR info:
_java_thread_list=0x000002b91c0c0640, length=21, elements={
0x000002b97f80c990, 0x000002b91457ab20, 0x000002b91457ea50, 0x000002b91950b820,
0x000002b91950c4b0, 0x000002b91950d610, 0x000002b919511530, 0x000002b919517ac0,
0x000002b919518850, 0x000002b91951a540, 0x000002b9195e87d0, 0x000002b919848aa0,
0x000002b91af38ee0, 0x000002b91b082670, 0x000002b91b39f9a0, 0x000002b91b20c930,
0x000002b91b164590, 0x000002b91b441040, 0x000002b91984bf10, 0x000002b91984c420,
0x000002b91984dd70
}

Java Threads: ( => current thread )
  0x000002b97f80c990 JavaThread "main" [_thread_blocked, id=6412, stack(0x000000c624500000,0x000000c624600000)]
  0x000002b91457ab20 JavaThread "Reference Handler" daemon [_thread_blocked, id=13212, stack(0x000000c624800000,0x000000c624900000)]
  0x000002b91457ea50 JavaThread "Finalizer" daemon [_thread_blocked, id=7536, stack(0x000000c624900000,0x000000c624a00000)]
  0x000002b91950b820 JavaThread "Signal Dispatcher" daemon [_thread_blocked, id=4504, stack(0x000000c624a00000,0x000000c624b00000)]
  0x000002b91950c4b0 JavaThread "Attach Listener" daemon [_thread_blocked, id=11896, stack(0x000000c624b00000,0x000000c624c00000)]
  0x000002b91950d610 JavaThread "Service Thread" daemon [_thread_blocked, id=6636, stack(0x000000c624c00000,0x000000c624d00000)]
  0x000002b919511530 JavaThread "Monitor Deflation Thread" daemon [_thread_blocked, id=11436, stack(0x000000c624d00000,0x000000c624e00000)]
=>0x000002b919517ac0 JavaThread "C2 CompilerThread0" daemon [_thread_in_native, id=12660, stack(0x000000c624e00000,0x000000c624f00000)]
  0x000002b919518850 JavaThread "C1 CompilerThread0" daemon [_thread_blocked, id=3868, stack(0x000000c624f00000,0x000000c625000000)]
  0x000002b91951a540 JavaThread "Sweeper thread" daemon [_thread_blocked, id=6520, stack(0x000000c625000000,0x000000c625100000)]
  0x000002b9195e87d0 JavaThread "Common-Cleaner" daemon [_thread_blocked, id=1236, stack(0x000000c625100000,0x000000c625200000)]
  0x000002b919848aa0 JavaThread "Notification Thread" daemon [_thread_blocked, id=6484, stack(0x000000c625300000,0x000000c625400000)]
  0x000002b91af38ee0 JavaThread "Active Thread: Equinox Container: fd97ef2f-6e44-4381-97ec-74bcedc6d551" [_thread_blocked, id=12812, stack(0x000000c625c00000,0x000000c625d00000)]
  0x000002b91b082670 JavaThread "Framework Event Dispatcher: Equinox Container: fd97ef2f-6e44-4381-97ec-74bcedc6d551" daemon [_thread_blocked, id=12836, stack(0x000000c625d00000,0x000000c625e00000)]
  0x000002b91b39f9a0 JavaThread "Start Level: Equinox Container: fd97ef2f-6e44-4381-97ec-74bcedc6d551" daemon [_thread_blocked, id=12844, stack(0x000000c625e00000,0x000000c625f00000)]
  0x000002b91b20c930 JavaThread "SCR Component Actor" daemon [_thread_blocked, id=10572, stack(0x000000c625f00000,0x000000c626000000)]
  0x000002b91b164590 JavaThread "SCR Component Registry" daemon [_thread_blocked, id=11644, stack(0x000000c626100000,0x000000c626200000)]
  0x000002b91b441040 JavaThread "Worker-JM" [_thread_blocked, id=5856, stack(0x000000c626200000,0x000000c626300000)]
  0x000002b91984bf10 JavaThread "Worker-0" [_thread_blocked, id=7432, stack(0x000000c626300000,0x000000c626400000)]
  0x000002b91984c420 JavaThread "Worker-1" [_thread_blocked, id=6492, stack(0x000000c625500000,0x000000c625600000)]
  0x000002b91984dd70 JavaThread "Java indexing" daemon [_thread_blocked, id=7080, stack(0x000000c626400000,0x000000c626500000)]

Other Threads:
  0x000002b9194b1d40 VMThread "VM Thread" [stack: 0x000000c624700000,0x000000c624800000] [id=3852]
  0x000002b91a75fa20 WatcherThread [stack: 0x000000c625400000,0x000000c625500000] [id=1240]
  0x000002b97f8224f0 GCTaskThread "GC Thread#0" [stack: 0x000000c624600000,0x000000c624700000] [id=11296]
  0x000002b91ab16020 GCTaskThread "GC Thread#1" [stack: 0x000000c625600000,0x000000c625700000] [id=6388]
  0x000002b91ad44490 GCTaskThread "GC Thread#2" [stack: 0x000000c625700000,0x000000c625800000] [id=11960]
  0x000002b91ad46a60 GCTaskThread "GC Thread#3" [stack: 0x000000c625800000,0x000000c625900000] [id=11944]
  0x000002b91ad46f30 GCTaskThread "GC Thread#4" [stack: 0x000000c625900000,0x000000c625a00000] [id=7124]
  0x000002b91abef540 GCTaskThread "GC Thread#5" [stack: 0x000000c625a00000,0x000000c625b00000] [id=11972]
  0x000002b91a9c79c0 GCTaskThread "GC Thread#6" [stack: 0x000000c625b00000,0x000000c625c00000] [id=12144]
  0x000002b91b20da40 GCTaskThread "GC Thread#7" [stack: 0x000000c626000000,0x000000c626100000] [id=4136]

Threads with active compile tasks:
C2 CompilerThread0     2205 2327       4       org.lombokweb.asm.ClassReader::readMethod (1066 bytes)

VM state: not at safepoint (normal execution)

VM Mutex/Monitor currently owned by a thread: None

Heap address: 0x00000000c0000000, size: 1024 MB, Compressed Oops mode: 32-bit

CDS archive(s) not mapped
Compressed class space mapped at: 0x0000000100000000-0x0000000140000000, reserved size: 1073741824
Narrow klass base: 0x0000000000000000, Narrow klass shift: 3, Narrow klass range: 0x140000000

GC Precious Log:
 CPUs: 8 total, 8 available
 Memory: 32674M
 Large Page Support: Disabled
 NUMA Support: Disabled
 Compressed Oops: Enabled (32-bit)
 Alignments: Space 512K, Generation 512K, Heap 2M
 Heap Min Capacity: 100M
 Heap Initial Capacity: 100M
 Heap Max Capacity: 1G
 Pre-touch: Disabled
 Parallel Workers: 8

Heap:
 PSYoungGen      total 27648K, used 9165K [0x00000000eab00000, 0x00000000ecc00000, 0x0000000100000000)
  eden space 24576K, 26% used [0x00000000eab00000,0x00000000eb165d28,0x00000000ec300000)
  from space 3072K, 85% used [0x00000000ec900000,0x00000000ecb8d790,0x00000000ecc00000)
  to   space 3072K, 0% used [0x00000000ec600000,0x00000000ec600000,0x00000000ec900000)
 ParOldGen       total 68608K, used 15323K [0x00000000c0000000, 0x00000000c4300000, 0x00000000eab00000)
  object space 68608K, 22% used [0x00000000c0000000,0x00000000c0ef6c18,0x00000000c4300000)
 Metaspace       used 27749K, committed 28160K, reserved 1114112K
  class space    used 2685K, committed 2880K, reserved 1048576K

Card table byte_map: [0x000002b911df0000,0x000002b912000000] _byte_map_base: 0x000002b9117f0000

Marking Bits: (ParMarkBitMap*) 0x00007ffa6218d7d0
 Begin Bits: [0x000002b912160000, 0x000002b913160000)
 End Bits:   [0x000002b913160000, 0x000002b914160000)

Polling page: 0x000002b902be0000

Metaspace:

Usage:
  Non-class:     24.48 MB used.
      Class:      2.62 MB used.
       Both:     27.10 MB used.

Virtual space:
  Non-class space:       64.00 MB reserved,      24.69 MB ( 39%) committed,  1 nodes.
      Class space:        1.00 GB reserved,       2.81 MB ( <1%) committed,  1 nodes.
             Both:        1.06 GB reserved,      27.50 MB (  3%) committed. 

Chunk freelists:
   Non-Class:  7.21 MB
       Class:  13.00 MB
        Both:  20.21 MB

MaxMetaspaceSize: unlimited
CompressedClassSpaceSize: 1.00 GB
Initial GC threshold: 21.00 MB
Current GC threshold: 35.00 MB
CDS: off
MetaspaceReclaimPolicy: balanced
 - commit_granule_bytes: 65536.
 - commit_granule_words: 8192.
 - virtual_space_node_default_size: 8388608.
 - enlarge_chunks_in_place: 1.
 - new_chunks_are_fully_committed: 0.
 - uncommit_free_chunks: 1.
 - use_allocation_guard: 0.
 - handle_deallocations: 1.


Internal statistics:

num_allocs_failed_limit: 3.
num_arena_births: 284.
num_arena_deaths: 14.
num_vsnodes_births: 2.
num_vsnodes_deaths: 0.
num_space_committed: 440.
num_space_uncommitted: 0.
num_chunks_returned_to_freelist: 17.
num_chunks_taken_from_freelist: 1037.
num_chunk_merges: 6.
num_chunk_splits: 682.
num_chunks_enlarged: 474.
num_inconsistent_stats: 0.

CodeHeap 'non-profiled nmethods': size=120000Kb used=1064Kb max_used=1064Kb free=118935Kb
 bounds [0x000002b90a6d0000, 0x000002b90a940000, 0x000002b911c00000]
CodeHeap 'profiled nmethods': size=120000Kb used=4836Kb max_used=4836Kb free=115163Kb
 bounds [0x000002b902c00000, 0x000002b9030c0000, 0x000002b90a130000]
CodeHeap 'non-nmethods': size=5760Kb used=1234Kb max_used=1258Kb free=4525Kb
 bounds [0x000002b90a130000, 0x000002b90a3a0000, 0x000002b90a6d0000]
 total_blobs=3012 nmethods=2464 adapters=462
 compilation: enabled
              stopped_count=0, restarted_count=0
 full_count=0

Compilation events (20 events):
Event: 1.922 Thread 0x000002b919518850 2353       3       org.lombokweb.asm.ByteVector::put11 (52 bytes)
Event: 1.922 Thread 0x000002b919518850 nmethod 2353 0x000002b903071210 code [0x000002b9030713c0, 0x000002b9030715c8]
Event: 1.922 Thread 0x000002b919518850 2354       3       org.lombokweb.asm.MethodVisitor::visitInsn (16 bytes)
Event: 1.922 Thread 0x000002b919518850 nmethod 2354 0x000002b903071710 code [0x000002b9030718c0, 0x000002b903071ac8]
Event: 1.922 Thread 0x000002b919518850 2352       1       lombok.patcher.MethodLogistics::getReturnOpcode (5 bytes)
Event: 1.922 Thread 0x000002b919518850 nmethod 2352 0x000002b90a7ca890 code [0x000002b90a7caa20, 0x000002b90a7caaf8]
Event: 1.922 Thread 0x000002b919518850 2351       3       java.util.regex.Pattern$BranchConn::match (11 bytes)
Event: 1.922 Thread 0x000002b919518850 nmethod 2351 0x000002b903071b90 code [0x000002b903071d40, 0x000002b903071f08]
Event: 1.930 Thread 0x000002b919518850 2355       3       org.lombokweb.asm.ClassReader::<init> (371 bytes)
Event: 1.932 Thread 0x000002b919518850 nmethod 2355 0x000002b903072010 code [0x000002b9030722e0, 0x000002b903073498]
Event: 1.932 Thread 0x000002b919518850 2356       3       org.lombokweb.asm.SymbolTable::<init> (536 bytes)
Event: 1.933 Thread 0x000002b919518850 nmethod 2356 0x000002b903073a10 code [0x000002b903073f80, 0x000002b903076808]
Event: 1.933 Thread 0x000002b919518850 2359       3       org.lombokweb.asm.MethodWriter::visitMethodInsn (191 bytes)
Event: 1.934 Thread 0x000002b919518850 nmethod 2359 0x000002b903077910 code [0x000002b903077b40, 0x000002b903078348]
Event: 1.934 Thread 0x000002b919518850 2360       3       org.lombokweb.asm.SymbolTable::addConstantMethodref (24 bytes)
Event: 1.934 Thread 0x000002b919518850 nmethod 2360 0x000002b903078690 code [0x000002b903078840, 0x000002b9030789e8]
Event: 1.934 Thread 0x000002b919518850 2362       3       org.lombokweb.asm.ByteVector::putUTF8 (144 bytes)
Event: 1.934 Thread 0x000002b919518850 nmethod 2362 0x000002b903078a90 code [0x000002b903078d00, 0x000002b903079808]
Event: 1.934 Thread 0x000002b919518850 2357       3       org.lombokweb.asm.ClassReader::readLong (29 bytes)
Event: 1.934 Thread 0x000002b919518850 nmethod 2357 0x000002b903079d10 code [0x000002b903079ec0, 0x000002b90307a078]

GC Heap History (12 events):
Event: 0.613 GC heap before
{Heap before GC invocations=1 (full 0):
 PSYoungGen      total 29696K, used 25600K [0x00000000eab00000, 0x00000000ecc00000, 0x0000000100000000)
  eden space 25600K, 100% used [0x00000000eab00000,0x00000000ec400000,0x00000000ec400000)
  from space 4096K, 0% used [0x00000000ec800000,0x00000000ec800000,0x00000000ecc00000)
  to   space 4096K, 0% used [0x00000000ec400000,0x00000000ec400000,0x00000000ec800000)
 ParOldGen       total 68608K, used 0K [0x00000000c0000000, 0x00000000c4300000, 0x00000000eab00000)
  object space 68608K, 0% used [0x00000000c0000000,0x00000000c0000000,0x00000000c4300000)
 Metaspace       used 10993K, committed 11200K, reserved 1114112K
  class space    used 1097K, committed 1216K, reserved 1048576K
}
Event: 0.620 GC heap after
{Heap after GC invocations=1 (full 0):
 PSYoungGen      total 29696K, used 3301K [0x00000000eab00000, 0x00000000ecc00000, 0x0000000100000000)
  eden space 25600K, 0% used [0x00000000eab00000,0x00000000eab00000,0x00000000ec400000)
  from space 4096K, 80% used [0x00000000ec400000,0x00000000ec7395c8,0x00000000ec800000)
  to   space 4096K, 0% used [0x00000000ec800000,0x00000000ec800000,0x00000000ecc00000)
 ParOldGen       total 68608K, used 16K [0x00000000c0000000, 0x00000000c4300000, 0x00000000eab00000)
  object space 68608K, 0% used [0x00000000c0000000,0x00000000c0004000,0x00000000c4300000)
 Metaspace       used 10993K, committed 11200K, reserved 1114112K
  class space    used 1097K, committed 1216K, reserved 1048576K
}
Event: 1.059 GC heap before
{Heap before GC invocations=2 (full 0):
 PSYoungGen      total 29696K, used 28901K [0x00000000eab00000, 0x00000000ecc00000, 0x0000000100000000)
  eden space 25600K, 100% used [0x00000000eab00000,0x00000000ec400000,0x00000000ec400000)
  from space 4096K, 80% used [0x00000000ec400000,0x00000000ec7395c8,0x00000000ec800000)
  to   space 4096K, 0% used [0x00000000ec800000,0x00000000ec800000,0x00000000ecc00000)
 ParOldGen       total 68608K, used 16K [0x00000000c0000000, 0x00000000c4300000, 0x00000000eab00000)
  object space 68608K, 0% used [0x00000000c0000000,0x00000000c0004000,0x00000000c4300000)
 Metaspace       used 14769K, committed 15040K, reserved 1114112K
  class space    used 1496K, committed 1664K, reserved 1048576K
}
Event: 1.062 GC heap after
{Heap after GC invocations=2 (full 0):
 PSYoungGen      total 29696K, used 4091K [0x00000000eab00000, 0x00000000ecc00000, 0x0000000100000000)
  eden space 25600K, 0% used [0x00000000eab00000,0x00000000eab00000,0x00000000ec400000)
  from space 4096K, 99% used [0x00000000ec800000,0x00000000ecbfee00,0x00000000ecc00000)
  to   space 4096K, 0% used [0x00000000ec400000,0x00000000ec400000,0x00000000ec800000)
 ParOldGen       total 68608K, used 875K [0x00000000c0000000, 0x00000000c4300000, 0x00000000eab00000)
  object space 68608K, 1% used [0x00000000c0000000,0x00000000c00dafe8,0x00000000c4300000)
 Metaspace       used 14769K, committed 15040K, reserved 1114112K
  class space    used 1496K, committed 1664K, reserved 1048576K
}
Event: 1.352 GC heap before
{Heap before GC invocations=3 (full 0):
 PSYoungGen      total 29696K, used 29691K [0x00000000eab00000, 0x00000000ecc00000, 0x0000000100000000)
  eden space 25600K, 100% used [0x00000000eab00000,0x00000000ec400000,0x00000000ec400000)
  from space 4096K, 99% used [0x00000000ec800000,0x00000000ecbfee00,0x00000000ecc00000)
  to   space 4096K, 0% used [0x00000000ec400000,0x00000000ec400000,0x00000000ec800000)
 ParOldGen       total 68608K, used 875K [0x00000000c0000000, 0x00000000c4300000, 0x00000000eab00000)
  object space 68608K, 1% used [0x00000000c0000000,0x00000000c00dafe8,0x00000000c4300000)
 Metaspace       used 19865K, committed 20224K, reserved 1114112K
  class space    used 2032K, committed 2176K, reserved 1048576K
}
Event: 1.355 GC heap after
{Heap after GC invocations=3 (full 0):
 PSYoungGen      total 29696K, used 4095K [0x00000000eab00000, 0x00000000ecc00000, 0x0000000100000000)
  eden space 25600K, 0% used [0x00000000eab00000,0x00000000eab00000,0x00000000ec400000)
  from space 4096K, 99% used [0x00000000ec400000,0x00000000ec7ffcc8,0x00000000ec800000)
  to   space 4096K, 0% used [0x00000000ec800000,0x00000000ec800000,0x00000000ecc00000)
 ParOldGen       total 68608K, used 2738K [0x00000000c0000000, 0x00000000c4300000, 0x00000000eab00000)
  object space 68608K, 3% used [0x00000000c0000000,0x00000000c02aca40,0x00000000c4300000)
 Metaspace       used 19865K, committed 20224K, reserved 1114112K
  class space    used 2032K, committed 2176K, reserved 1048576K
}
Event: 1.724 GC heap before
{Heap before GC invocations=4 (full 0):
 PSYoungGen      total 29696K, used 24895K [0x00000000eab00000, 0x00000000ecc00000, 0x0000000100000000)
  eden space 25600K, 81% used [0x00000000eab00000,0x00000000ebf502b0,0x00000000ec400000)
  from space 4096K, 99% used [0x00000000ec400000,0x00000000ec7ffcc8,0x00000000ec800000)
  to   space 4096K, 0% used [0x00000000ec800000,0x00000000ec800000,0x00000000ecc00000)
 ParOldGen       total 68608K, used 2738K [0x00000000c0000000, 0x00000000c4300000, 0x00000000eab00000)
  object space 68608K, 3% used [0x00000000c0000000,0x00000000c02aca40,0x00000000c4300000)
 Metaspace       used 21093K, committed 21504K, reserved 1114112K
  class space    used 2165K, committed 2368K, reserved 1048576K
}
Event: 1.733 GC heap after
{Heap after GC invocations=4 (full 0):
 PSYoungGen      total 29696K, used 4073K [0x00000000eab00000, 0x00000000ecc00000, 0x0000000100000000)
  eden space 25600K, 0% used [0x00000000eab00000,0x00000000eab00000,0x00000000ec400000)
  from space 4096K, 99% used [0x00000000ec800000,0x00000000ecbfa670,0x00000000ecc00000)
  to   space 4096K, 0% used [0x00000000ec400000,0x00000000ec400000,0x00000000ec800000)
 ParOldGen       total 68608K, used 11449K [0x00000000c0000000, 0x00000000c4300000, 0x00000000eab00000)
  object space 68608K, 16% used [0x00000000c0000000,0x00000000c0b2e410,0x00000000c4300000)
 Metaspace       used 21093K, committed 21504K, reserved 1114112K
  class space    used 2165K, committed 2368K, reserved 1048576K
}
Event: 1.733 GC heap before
{Heap before GC invocations=5 (full 1):
 PSYoungGen      total 29696K, used 4073K [0x00000000eab00000, 0x00000000ecc00000, 0x0000000100000000)
  eden space 25600K, 0% used [0x00000000eab00000,0x00000000eab00000,0x00000000ec400000)
  from space 4096K, 99% used [0x00000000ec800000,0x00000000ecbfa670,0x00000000ecc00000)
  to   space 4096K, 0% used [0x00000000ec400000,0x00000000ec400000,0x00000000ec800000)
 ParOldGen       total 68608K, used 11449K [0x00000000c0000000, 0x00000000c4300000, 0x00000000eab00000)
  object space 68608K, 16% used [0x00000000c0000000,0x00000000c0b2e410,0x00000000c4300000)
 Metaspace       used 21093K, committed 21504K, reserved 1114112K
  class space    used 2165K, committed 2368K, reserved 1048576K
}
Event: 1.758 GC heap after
{Heap after GC invocations=5 (full 1):
 PSYoungGen      total 29696K, used 0K [0x00000000eab00000, 0x00000000ecc00000, 0x0000000100000000)
  eden space 25600K, 0% used [0x00000000eab00000,0x00000000eab00000,0x00000000ec400000)
  from space 4096K, 0% used [0x00000000ec800000,0x00000000ec800000,0x00000000ecc00000)
  to   space 4096K, 0% used [0x00000000ec400000,0x00000000ec400000,0x00000000ec800000)
 ParOldGen       total 68608K, used 15307K [0x00000000c0000000, 0x00000000c4300000, 0x00000000eab00000)
  object space 68608K, 22% used [0x00000000c0000000,0x00000000c0ef2c18,0x00000000c4300000)
 Metaspace       used 21080K, committed 21504K, reserved 1114112K
  class space    used 2162K, committed 2368K, reserved 1048576K
}
Event: 1.875 GC heap before
{Heap before GC invocations=6 (full 1):
 PSYoungGen      total 29696K, used 25600K [0x00000000eab00000, 0x00000000ecc00000, 0x0000000100000000)
  eden space 25600K, 100% used [0x00000000eab00000,0x00000000ec400000,0x00000000ec400000)
  from space 4096K, 0% used [0x00000000ec800000,0x00000000ec800000,0x00000000ecc00000)
  to   space 4096K, 0% used [0x00000000ec400000,0x00000000ec400000,0x00000000ec800000)
 ParOldGen       total 68608K, used 15307K [0x00000000c0000000, 0x00000000c4300000, 0x00000000eab00000)
  object space 68608K, 22% used [0x00000000c0000000,0x00000000c0ef2c18,0x00000000c4300000)
 Metaspace       used 24192K, committed 24704K, reserved 1114112K
  class space    used 2376K, committed 2560K, reserved 1048576K
}
Event: 1.875 GC heap after
{Heap after GC invocations=6 (full 1):
 PSYoungGen      total 29184K, used 876K [0x00000000eab00000, 0x00000000ece80000, 0x0000000100000000)
  eden space 25088K, 0% used [0x00000000eab00000,0x00000000eab00000,0x00000000ec380000)
  from space 4096K, 21% used [0x00000000ec400000,0x00000000ec4db238,0x00000000ec800000)
  to   space 5632K, 0% used [0x00000000ec900000,0x00000000ec900000,0x00000000ece80000)
 ParOldGen       total 68608K, used 15315K [0x00000000c0000000, 0x00000000c4300000, 0x00000000eab00000)
  object space 68608K, 22% used [0x00000000c0000000,0x00000000c0ef4c18,0x00000000c4300000)
 Metaspace       used 24192K, committed 24704K, reserved 1114112K
  class space    used 2376K, committed 2560K, reserved 1048576K
}

Dll operation events (9 events):
Event: 0.018 Loaded shared library c:\Users\SXRBS\.vscode\extensions\redhat.java-1.28.1-win32-x64\jre\17.0.10-win32-x86_64\bin\java.dll
Event: 0.124 Loaded shared library c:\Users\SXRBS\.vscode\extensions\redhat.java-1.28.1-win32-x64\jre\17.0.10-win32-x86_64\bin\zip.dll
Event: 0.129 Loaded shared library C:\Users\SXRBS\.vscode\extensions\redhat.java-1.28.1-win32-x64\jre\17.0.10-win32-x86_64\bin\instrument.dll
Event: 0.140 Loaded shared library C:\Users\SXRBS\.vscode\extensions\redhat.java-1.28.1-win32-x64\jre\17.0.10-win32-x86_64\bin\net.dll
Event: 0.143 Loaded shared library C:\Users\SXRBS\.vscode\extensions\redhat.java-1.28.1-win32-x64\jre\17.0.10-win32-x86_64\bin\nio.dll
Event: 0.147 Loaded shared library C:\Users\SXRBS\.vscode\extensions\redhat.java-1.28.1-win32-x64\jre\17.0.10-win32-x86_64\bin\zip.dll
Event: 0.158 Loaded shared library C:\Users\SXRBS\.vscode\extensions\redhat.java-1.28.1-win32-x64\jre\17.0.10-win32-x86_64\bin\jimage.dll
Event: 0.209 Loaded shared library c:\Users\SXRBS\.vscode\extensions\redhat.java-1.28.1-win32-x64\jre\17.0.10-win32-x86_64\bin\verify.dll
Event: 0.996 Loaded shared library C:\Users\SXRBS\AppData\Roaming\Code\User\globalStorage\redhat.java\1.28.1\config_ss_win\org.eclipse.equinox.launcher\org.eclipse.equinox.launcher.win32.win32.x86_64_1.2.900.v20240129-1338\eclipse_11900.dll

Deoptimization events (20 events):
Event: 1.405 Thread 0x000002b91b39f9a0 Uncommon trap: trap_request=0xffffffcc fr.pc=0x000002b90a7a3974 relative=0x0000000000000354
Event: 1.405 Thread 0x000002b91b39f9a0 Uncommon trap: reason=intrinsic_or_type_checked_inlining action=make_not_entrant pc=0x000002b90a7a3974 method=java.util.Arrays.copyOf([Ljava/lang/Object;ILjava/lang/Class;)[Ljava/lang/Object; @ 35 c2
Event: 1.405 Thread 0x000002b91b39f9a0 DEOPT PACKING pc=0x000002b90a7a3974 sp=0x000000c625ef92f0
Event: 1.405 Thread 0x000002b91b39f9a0 DEOPT UNPACKING pc=0x000002b90a1866a3 sp=0x000000c625ef9280 mode 2
Event: 1.410 Thread 0x000002b91b39f9a0 Uncommon trap: trap_request=0x00000030 fr.pc=0x000002b90a7387d0 relative=0x0000000000000ad0
Event: 1.410 Thread 0x000002b91b39f9a0 Uncommon trap: reason=unloaded action=reinterpret pc=0x000002b90a7387d0 method=java.io.DataInputStream.readUnsignedShort()I @ 21 c2
Event: 1.410 Thread 0x000002b91b39f9a0 DEOPT PACKING pc=0x000002b90a7387d0 sp=0x000000c625ef9960
Event: 1.410 Thread 0x000002b91b39f9a0 DEOPT UNPACKING pc=0x000002b90a1866a3 sp=0x000000c625ef9898 mode 2
Event: 1.421 Thread 0x000002b91b39f9a0 Uncommon trap: trap_request=0xffffff45 fr.pc=0x000002b90a7a6310 relative=0x0000000000000090
Event: 1.421 Thread 0x000002b91b39f9a0 Uncommon trap: reason=unstable_if action=reinterpret pc=0x000002b90a7a6310 method=org.eclipse.core.runtime.Path.<init>(Ljava/lang/String;[Ljava/lang/String;I)V @ 9 c2
Event: 1.421 Thread 0x000002b91b39f9a0 DEOPT PACKING pc=0x000002b90a7a6310 sp=0x000000c625ef9840
Event: 1.421 Thread 0x000002b91b39f9a0 DEOPT UNPACKING pc=0x000002b90a1866a3 sp=0x000000c625ef97e8 mode 2
Event: 1.463 Thread 0x000002b91b39f9a0 Uncommon trap: trap_request=0xffffff45 fr.pc=0x000002b90a75f4c0 relative=0x0000000000000040
Event: 1.463 Thread 0x000002b91b39f9a0 Uncommon trap: reason=unstable_if action=reinterpret pc=0x000002b90a75f4c0 method=sun.nio.fs.WindowsPathParser.isSlash(C)Z @ 9 c2
Event: 1.463 Thread 0x000002b91b39f9a0 DEOPT PACKING pc=0x000002b90a75f4c0 sp=0x000000c625ef9410
Event: 1.463 Thread 0x000002b91b39f9a0 DEOPT UNPACKING pc=0x000002b90a1866a3 sp=0x000000c625ef9398 mode 2
Event: 1.474 Thread 0x000002b91b39f9a0 Uncommon trap: trap_request=0xffffff45 fr.pc=0x000002b90a7a4a7c relative=0x000000000000071c
Event: 1.474 Thread 0x000002b91b39f9a0 Uncommon trap: reason=unstable_if action=reinterpret pc=0x000002b90a7a4a7c method=java.io.BufferedInputStream.read([BII)I @ 56 c2
Event: 1.474 Thread 0x000002b91b39f9a0 DEOPT PACKING pc=0x000002b90a7a4a7c sp=0x000000c625ef9330
Event: 1.474 Thread 0x000002b91b39f9a0 DEOPT UNPACKING pc=0x000002b90a1866a3 sp=0x000000c625ef9308 mode 2

Classes unloaded (7 events):
Event: 1.742 Thread 0x000002b9194b1d40 Unloading class 0x000000010021a400 'java/lang/invoke/LambdaForm$MH+0x000000010021a400'
Event: 1.742 Thread 0x000002b9194b1d40 Unloading class 0x000000010021a000 'java/lang/invoke/LambdaForm$MH+0x000000010021a000'
Event: 1.742 Thread 0x000002b9194b1d40 Unloading class 0x0000000100219c00 'java/lang/invoke/LambdaForm$MH+0x0000000100219c00'
Event: 1.742 Thread 0x000002b9194b1d40 Unloading class 0x0000000100219800 'java/lang/invoke/LambdaForm$MH+0x0000000100219800'
Event: 1.742 Thread 0x000002b9194b1d40 Unloading class 0x0000000100219400 'java/lang/invoke/LambdaForm$BMH+0x0000000100219400'
Event: 1.742 Thread 0x000002b9194b1d40 Unloading class 0x0000000100219000 'java/lang/invoke/LambdaForm$DMH+0x0000000100219000'
Event: 1.742 Thread 0x000002b9194b1d40 Unloading class 0x0000000100214400 'java/lang/invoke/LambdaForm$DMH+0x0000000100214400'

Classes redefined (0 events):
No events

Internal exceptions (20 events):
Event: 1.289 Thread 0x000002b91b39f9a0 Exception <a 'java/lang/NoSuchMethodError'{0x00000000ebfbb6b8}: 'int java.lang.invoke.DirectMethodHandle$Holder.invokeStatic(java.lang.Object, java.lang.Object, int)'> (0x00000000ebfbb6b8) 
thrown [s\src\hotspot\share\interpreter\linkResolver.cpp, line 759]
Event: 1.289 Thread 0x000002b91b39f9a0 Exception <a 'java/lang/NoSuchMethodError'{0x00000000ebfbf6e0}: 'int java.lang.invoke.DirectMethodHandle$Holder.invokeSpecial(java.lang.Object, java.lang.Object, java.lang.Object, int)'> (0x00000000ebfbf6e0) 
thrown [s\src\hotspot\share\interpreter\linkResolver.cpp, line 759]
Event: 1.290 Thread 0x000002b91b39f9a0 Exception <a 'java/lang/NoSuchMethodError'{0x00000000ebfda640}: 'java.lang.Object java.lang.invoke.DirectMethodHandle$Holder.invokeStatic(java.lang.Object, java.lang.Object, java.lang.Object, java.lang.Object, int)'> (0x00000000ebfda640) 
thrown [s\src\hotspot\share\interpreter\linkResolver.cpp, line 759]
Event: 1.291 Thread 0x000002b91b39f9a0 Exception <a 'java/lang/NoSuchMethodError'{0x00000000ebfe6638}: 'java.lang.Object java.lang.invoke.DelegatingMethodHandle$Holder.reinvoke_L(java.lang.Object, java.lang.Object, java.lang.Object, java.lang.Object, int, int)'> (0x00000000ebfe6638) 
thrown [s\src\hotspot\share\interpreter\linkResolver.cpp, line 759]
Event: 1.292 Thread 0x000002b91b39f9a0 Exception <a 'java/lang/NoSuchMethodError'{0x00000000ebffae90}: 'java.lang.Object java.lang.invoke.Invokers$Holder.invokeExact_MT(java.lang.Object, java.lang.Object, java.lang.Object, java.lang.Object)'> (0x00000000ebffae90) 
thrown [s\src\hotspot\share\interpreter\linkResolver.cpp, line 759]
Event: 1.338 Thread 0x000002b91b39f9a0 Exception <a 'java/io/FileNotFoundException'{0x00000000ec26abb8}> (0x00000000ec26abb8) 
thrown [s\src\hotspot\share\prims\jni.cpp, line 516]
Event: 1.339 Thread 0x000002b91b39f9a0 Exception <a 'java/io/FileNotFoundException'{0x00000000ec2718b0}> (0x00000000ec2718b0) 
thrown [s\src\hotspot\share\prims\jni.cpp, line 516]
Event: 1.406 Thread 0x000002b91b39f9a0 Exception <a 'java/lang/NoSuchMethodError'{0x00000000eb980eb8}: 'java.lang.Object java.lang.invoke.DirectMethodHandle$Holder.newInvokeSpecial(java.lang.Object, java.lang.Object, java.lang.Object, java.lang.Object, java.lang.Object)'> (0x00000000eb980eb8) 
thrown [s\src\hotspot\share\interpreter\linkResolver.cpp, line 759]
Event: 1.498 Thread 0x000002b91b39f9a0 Exception <a 'java/lang/NoSuchMethodError'{0x00000000ebd33120}: 'java.lang.Object java.lang.invoke.DirectMethodHandle$Holder.invokeSpecial(java.lang.Object, java.lang.Object, java.lang.Object, long, java.lang.Object)'> (0x00000000ebd33120) 
thrown [s\src\hotspot\share\interpreter\linkResolver.cpp, line 759]
Event: 1.498 Thread 0x000002b91b39f9a0 Exception <a 'java/lang/NoSuchMethodError'{0x00000000ebd3b2d8}: 'java.lang.Object java.lang.invoke.DirectMethodHandle$Holder.newInvokeSpecial(java.lang.Object, java.lang.Object, java.lang.Object, long)'> (0x00000000ebd3b2d8) 
thrown [s\src\hotspot\share\interpreter\linkResolver.cpp, line 759]
Event: 1.499 Thread 0x000002b91b39f9a0 Exception <a 'java/lang/NoSuchMethodError'{0x00000000ebd3f878}: 'java.lang.Object java.lang.invoke.DirectMethodHandle$Holder.invokeSpecial(java.lang.Object, java.lang.Object, java.lang.Object, java.lang.Object, long)'> (0x00000000ebd3f878) 
thrown [s\src\hotspot\share\interpreter\linkResolver.cpp, line 759]
Event: 1.499 Thread 0x000002b91b39f9a0 Exception <a 'java/lang/NoSuchMethodError'{0x00000000ebd436f0}: 'java.lang.Object java.lang.invoke.Invokers$Holder.linkToTargetMethod(java.lang.Object, java.lang.Object, long, java.lang.Object)'> (0x00000000ebd436f0) 
thrown [s\src\hotspot\share\interpreter\linkResolver.cpp, line 759]
Event: 1.503 Thread 0x000002b91b39f9a0 Exception <a 'java/lang/NoSuchMethodError'{0x00000000ebdc1670}: 'int java.lang.invoke.DirectMethodHandle$Holder.invokeStaticInit(java.lang.Object, java.lang.Object, java.lang.Object)'> (0x00000000ebdc1670) 
thrown [s\src\hotspot\share\interpreter\linkResolver.cpp, line 759]
Event: 1.507 Thread 0x000002b91b39f9a0 Exception <a 'java/lang/IncompatibleClassChangeError'{0x00000000ebe37118}: Found class java.lang.Object, but interface was expected> (0x00000000ebe37118) 
thrown [s\src\hotspot\share\interpreter\linkResolver.cpp, line 826]
Event: 1.698 Thread 0x000002b91b39f9a0 Exception <a 'java/lang/NoSuchMethodError'{0x00000000ebe4c020}: 'java.lang.Object java.lang.invoke.DirectMethodHandle$Holder.invokeSpecial(java.lang.Object, java.lang.Object, java.lang.Object, int, java.lang.Object, java.lang.Object)'> (0x00000000ebe4c020) 
thrown [s\src\hotspot\share\interpreter\linkResolver.cpp, line 759]
Event: 1.699 Thread 0x000002b91b39f9a0 Exception <a 'java/lang/NoSuchMethodError'{0x00000000ebe547a8}: 'java.lang.Object java.lang.invoke.DirectMethodHandle$Holder.newInvokeSpecial(java.lang.Object, java.lang.Object, java.lang.Object, int, java.lang.Object)'> (0x00000000ebe547a8) 
thrown [s\src\hotspot\share\interpreter\linkResolver.cpp, line 759]
Event: 1.700 Thread 0x000002b91b39f9a0 Exception <a 'java/lang/NoSuchMethodError'{0x00000000ebe58c00}: 'java.lang.Object java.lang.invoke.DirectMethodHandle$Holder.invokeSpecial(java.lang.Object, java.lang.Object, java.lang.Object, java.lang.Object, int, java.lang.Object)'> (0x00000000ebe58c00) 
thrown [s\src\hotspot\share\interpreter\linkResolver.cpp, line 759]
Event: 1.701 Thread 0x000002b91984bf10 Exception <a 'java/lang/NoSuchMethodError'{0x00000000ebd64070}: 'java.lang.Object java.lang.invoke.DirectMethodHandle$Holder.invokeSpecial(java.lang.Object, java.lang.Object, int, java.lang.Object, java.lang.Object)'> (0x00000000ebd64070) 
thrown [s\src\hotspot\share\interpreter\linkResolver.cpp, line 759]
Event: 1.704 Thread 0x000002b91984bf10 Exception <a 'java/lang/NoSuchMethodError'{0x00000000ebd6b740}: 'java.lang.Object java.lang.invoke.DirectMethodHandle$Holder.newInvokeSpecial(java.lang.Object, java.lang.Object, int, java.lang.Object)'> (0x00000000ebd6b740) 
thrown [s\src\hotspot\share\interpreter\linkResolver.cpp, line 759]
Event: 1.705 Thread 0x000002b91984bf10 Exception <a 'java/lang/NoSuchMethodError'{0x00000000ebd6f250}: 'java.lang.Object java.lang.invoke.DirectMethodHandle$Holder.invokeSpecial(java.lang.Object, java.lang.Object, java.lang.Object, int, java.lang.Object)'> (0x00000000ebd6f250) 
thrown [s\src\hotspot\share\interpreter\linkResolver.cpp, line 759]

VM Operations (20 events):
Event: 0.845 Executing VM operation: HandshakeAllThreads
Event: 0.845 Executing VM operation: HandshakeAllThreads done
Event: 1.033 Executing VM operation: ICBufferFull
Event: 1.033 Executing VM operation: ICBufferFull done
Event: 1.040 Executing VM operation: HandshakeAllThreads
Event: 1.040 Executing VM operation: HandshakeAllThreads done
Event: 1.059 Executing VM operation: ParallelGCFailedAllocation
Event: 1.062 Executing VM operation: ParallelGCFailedAllocation done
Event: 1.226 Executing VM operation: HandshakeAllThreads
Event: 1.226 Executing VM operation: HandshakeAllThreads done
Event: 1.287 Executing VM operation: HandshakeAllThreads
Event: 1.287 Executing VM operation: HandshakeAllThreads done
Event: 1.352 Executing VM operation: ParallelGCFailedAllocation
Event: 1.355 Executing VM operation: ParallelGCFailedAllocation done
Event: 1.724 Executing VM operation: CollectForMetadataAllocation
Event: 1.758 Executing VM operation: CollectForMetadataAllocation done
Event: 1.759 Executing VM operation: HandshakeAllThreads
Event: 1.759 Executing VM operation: HandshakeAllThreads done
Event: 1.875 Executing VM operation: ParallelGCFailedAllocation
Event: 1.875 Executing VM operation: ParallelGCFailedAllocation done

Events (20 events):
Event: 1.790 loading class java/io/StringReader done
Event: 1.792 loading class java/util/zip/GZIPInputStream
Event: 1.792 loading class java/util/zip/GZIPInputStream done
Event: 1.794 loading class java/net/SocketTimeoutException
Event: 1.794 loading class java/io/InterruptedIOException
Event: 1.794 loading class java/io/InterruptedIOException done
Event: 1.794 loading class java/net/SocketTimeoutException done
Event: 1.794 loading class java/net/SocketException
Event: 1.794 loading class java/net/SocketException done
Event: 1.794 loading class java/net/UnknownHostException
Event: 1.794 loading class java/net/UnknownHostException done
Event: 1.794 loading class java/net/ProtocolException
Event: 1.794 loading class java/net/ProtocolException done
Event: 1.802 loading class java/lang/ThreadLocal$SuppliedThreadLocal
Event: 1.802 loading class java/lang/ThreadLocal$SuppliedThreadLocal done
Event: 1.805 loading class java/io/FileWriter
Event: 1.806 loading class java/io/FileWriter done
Event: 1.806 loading class java/lang/NegativeArraySizeException
Event: 1.806 loading class java/lang/NegativeArraySizeException done
Event: 1.821 Thread 0x000002b91ba81be0 Thread added: 0x000002b91ba81be0


Dynamic libraries:
0x00007ff7916c0000 - 0x00007ff7916ce000 	c:\Users\SXRBS\.vscode\extensions\redhat.java-1.28.1-win32-x64\jre\17.0.10-win32-x86_64\bin\java.exe
0x00007ffa9d0b0000 - 0x00007ffa9d29e000 	C:\Windows\SYSTEM32\ntdll.dll
0x00007ffa9cee0000 - 0x00007ffa9cf93000 	C:\Windows\System32\KERNEL32.DLL
0x00007ffa992e0000 - 0x00007ffa9957d000 	C:\Windows\System32\KERNELBASE.dll
0x00007ffa997e0000 - 0x00007ffa998da000 	C:\Windows\System32\ucrtbase.dll
0x00007ffa93770000 - 0x00007ffa93787000 	c:\Users\SXRBS\.vscode\extensions\redhat.java-1.28.1-win32-x64\jre\17.0.10-win32-x86_64\bin\jli.dll
0x00007ffa92090000 - 0x00007ffa920ab000 	c:\Users\SXRBS\.vscode\extensions\redhat.java-1.28.1-win32-x64\jre\17.0.10-win32-x86_64\bin\VCRUNTIME140.dll
0x00007ffa9a500000 - 0x00007ffa9a697000 	C:\Windows\System32\USER32.dll
0x00007ffa992c0000 - 0x00007ffa992e0000 	C:\Windows\System32\win32u.dll
0x00007ffa9c440000 - 0x00007ffa9c469000 	C:\Windows\System32\GDI32.dll
0x00007ffa9a0d0000 - 0x00007ffa9a27a000 	C:\Windows\System32\gdi32full.dll
0x00007ffa998e0000 - 0x00007ffa99980000 	C:\Windows\System32\msvcp_win.dll
0x00007ffa881b0000 - 0x00007ffa88429000 	C:\Windows\WinSxS\amd64_microsoft.windows.common-controls_6595b64144ccf1df_6.0.17763.5458_none_de7234b4534a7f0e\COMCTL32.dll
0x00007ffa9c190000 - 0x00007ffa9c22e000 	C:\Windows\System32\msvcrt.dll
0x00007ffa9cb50000 - 0x00007ffa9ce7b000 	C:\Windows\System32\combase.dll
0x00007ffa9c960000 - 0x00007ffa9ca7d000 	C:\Windows\System32\RPCRT4.dll
0x00007ffa99210000 - 0x00007ffa99292000 	C:\Windows\System32\bcryptPrimitives.dll
0x00007ffa9d050000 - 0x00007ffa9d07e000 	C:\Windows\System32\IMM32.DLL
0x000000005d770000 - 0x000000005d77d000 	C:\Program Files (x86)\360\360Safe\safemon\SafeWrapper.dll
0x00007ffa9a810000 - 0x00007ffa9a8b8000 	C:\Windows\System32\ADVAPI32.dll
0x00007ffa9cfa0000 - 0x00007ffa9d042000 	C:\Windows\System32\sechost.dll
0x00007ffa99130000 - 0x00007ffa99156000 	C:\Windows\System32\bcrypt.dll
0x00007ffa86140000 - 0x00007ffa861ec000 	C:\Program Files (x86)\360\360Safe\safemon\libzdtp64.dll
0x00007ffa9ac90000 - 0x00007ffa9c188000 	C:\Windows\System32\SHELL32.dll
0x00007ffa9a280000 - 0x00007ffa9a2ca000 	C:\Windows\System32\cfgmgr32.dll
0x00007ffa9c390000 - 0x00007ffa9c437000 	C:\Windows\System32\shcore.dll
0x00007ffa99980000 - 0x00007ffa9a0c7000 	C:\Windows\System32\windows.storage.dll
0x00007ffa99100000 - 0x00007ffa99123000 	C:\Windows\System32\profapi.dll
0x00007ffa99080000 - 0x00007ffa990dd000 	C:\Windows\System32\powrprof.dll
0x00007ffa9ac30000 - 0x00007ffa9ac82000 	C:\Windows\System32\shlwapi.dll
0x00007ffa990e0000 - 0x00007ffa990f1000 	C:\Windows\System32\kernel.appcore.dll
0x00007ffa992a0000 - 0x00007ffa992bb000 	C:\Windows\System32\cryptsp.dll
0x00007ffa98e00000 - 0x00007ffa98e0a000 	C:\Windows\SYSTEM32\VERSION.dll
0x00007ffa93760000 - 0x00007ffa9376c000 	c:\Users\SXRBS\.vscode\extensions\redhat.java-1.28.1-win32-x64\jre\17.0.10-win32-x86_64\bin\vcruntime140_1.dll
0x00007ffa92000000 - 0x00007ffa9208d000 	c:\Users\SXRBS\.vscode\extensions\redhat.java-1.28.1-win32-x64\jre\17.0.10-win32-x86_64\bin\msvcp140.dll
0x00007ffa615f0000 - 0x00007ffa62252000 	c:\Users\SXRBS\.vscode\extensions\redhat.java-1.28.1-win32-x64\jre\17.0.10-win32-x86_64\bin\server\jvm.dll
0x00007ffa946a0000 - 0x00007ffa946a9000 	C:\Windows\SYSTEM32\WSOCK32.dll
0x00007ffa9cae0000 - 0x00007ffa9cb4d000 	C:\Windows\System32\WS2_32.dll
0x00007ffa96e70000 - 0x00007ffa96e94000 	C:\Windows\SYSTEM32\WINMM.dll
0x00007ffa96d20000 - 0x00007ffa96d4d000 	C:\Windows\SYSTEM32\winmmbase.dll
0x00007ffa91f10000 - 0x00007ffa91f1a000 	c:\Users\SXRBS\.vscode\extensions\redhat.java-1.28.1-win32-x64\jre\17.0.10-win32-x86_64\bin\jimage.dll
0x00007ffa98930000 - 0x00007ffa98b1d000 	C:\Windows\SYSTEM32\DBGHELP.DLL
0x00007ffa98880000 - 0x00007ffa988aa000 	C:\Windows\SYSTEM32\dbgcore.DLL
0x00007ffa91f00000 - 0x00007ffa91f0e000 	c:\Users\SXRBS\.vscode\extensions\redhat.java-1.28.1-win32-x64\jre\17.0.10-win32-x86_64\bin\instrument.dll
0x00007ffa91ed0000 - 0x00007ffa91ef5000 	c:\Users\SXRBS\.vscode\extensions\redhat.java-1.28.1-win32-x64\jre\17.0.10-win32-x86_64\bin\java.dll
0x00007ffa91e50000 - 0x00007ffa91e68000 	c:\Users\SXRBS\.vscode\extensions\redhat.java-1.28.1-win32-x64\jre\17.0.10-win32-x86_64\bin\zip.dll
0x00007ffa91530000 - 0x00007ffa91549000 	C:\Users\SXRBS\.vscode\extensions\redhat.java-1.28.1-win32-x64\jre\17.0.10-win32-x86_64\bin\net.dll
0x00007ffa8f830000 - 0x00007ffa8f92d000 	C:\Windows\SYSTEM32\WINHTTP.dll
0x00007ffa98300000 - 0x00007ffa98367000 	C:\Windows\system32\mswsock.dll
0x00007ffa91510000 - 0x00007ffa91526000 	C:\Users\SXRBS\.vscode\extensions\redhat.java-1.28.1-win32-x64\jre\17.0.10-win32-x86_64\bin\nio.dll
0x00007ffa91d70000 - 0x00007ffa91d80000 	c:\Users\SXRBS\.vscode\extensions\redhat.java-1.28.1-win32-x64\jre\17.0.10-win32-x86_64\bin\verify.dll
0x00007ffa914d0000 - 0x00007ffa9150e000 	C:\Users\SXRBS\AppData\Roaming\Code\User\globalStorage\redhat.java\1.28.1\config_ss_win\org.eclipse.equinox.launcher\org.eclipse.equinox.launcher.win32.win32.x86_64_1.2.900.v20240129-1338\eclipse_11900.dll
0x00007ffa9c230000 - 0x00007ffa9c386000 	C:\Windows\System32\ole32.dll

dbghelp: loaded successfully - version: 4.0.5 - missing functions: none
symbol engine: initialized successfully - sym options: 0x614 - pdb path: .;c:\Users\SXRBS\.vscode\extensions\redhat.java-1.28.1-win32-x64\jre\17.0.10-win32-x86_64\bin;C:\Windows\SYSTEM32;C:\Windows\WinSxS\amd64_microsoft.windows.common-controls_6595b64144ccf1df_6.0.17763.5458_none_de7234b4534a7f0e;C:\Program Files (x86)\360\360Safe\safemon;c:\Users\SXRBS\.vscode\extensions\redhat.java-1.28.1-win32-x64\jre\17.0.10-win32-x86_64\bin\server;C:\Users\SXRBS\AppData\Roaming\Code\User\globalStorage\redhat.java\1.28.1\config_ss_win\org.eclipse.equinox.launcher\org.eclipse.equinox.launcher.win32.win32.x86_64_1.2.900.v20240129-1338

VM Arguments:
jvm_args: --add-modules=ALL-SYSTEM --add-opens=java.base/java.util=ALL-UNNAMED --add-opens=java.base/java.lang=ALL-UNNAMED --add-opens=java.base/sun.nio.fs=ALL-UNNAMED -Declipse.application=org.eclipse.jdt.ls.core.id1 -Dosgi.bundles.defaultStartLevel=4 -Declipse.product=org.eclipse.jdt.ls.core.product -Djava.import.generatesMetadataFilesAtProjectRoot=false -DDetectVMInstallationsJob.disabled=true -Dfile.encoding=utf8 -XX:+UseParallelGC -XX:GCTimeRatio=4 -XX:AdaptiveSizePolicyWeight=90 -Dsun.zip.disableMemoryMapping=true -Xmx1G -Xms100m -Xlog:disable -javaagent:c:\Users\SXRBS\.vscode\extensions\redhat.java-1.28.1-win32-x64\lombok\lombok-1.18.31.jar 
java_command: c:\Users\SXRBS\.vscode\extensions\redhat.java-1.28.1-win32-x64\server\plugins\org.eclipse.equinox.launcher_1.6.700.v20231214-2017.jar -configuration c:\Users\SXRBS\AppData\Roaming\Code\User\globalStorage\redhat.java\1.28.1\config_ss_win -data c:\Users\SXRBS\AppData\Roaming\Code\User\workspaceStorage\c8669b37ec549c97780dae6a6d3fc7b2\redhat.java\ss_ws --stdio
java_class_path (initial): c:\Users\SXRBS\.vscode\extensions\redhat.java-1.28.1-win32-x64\server\plugins\org.eclipse.equinox.launcher_1.6.700.v20231214-2017.jar
Launcher Type: SUN_STANDARD

[Global flags]
    uintx AdaptiveSizePolicyWeight                 = 90                                        {product} {command line}
     intx CICompilerCount                          = 4                                         {product} {ergonomic}
    uintx GCTimeRatio                              = 4                                         {product} {command line}
   size_t InitialHeapSize                          = 104857600                                 {product} {command line}
   size_t MaxHeapSize                              = 1073741824                                {product} {command line}
   size_t MaxNewSize                               = 357564416                                 {product} {ergonomic}
   size_t MinHeapDeltaBytes                        = 524288                                    {product} {ergonomic}
   size_t MinHeapSize                              = 104857600                                 {product} {command line}
   size_t NewSize                                  = 34603008                                  {product} {ergonomic}
    uintx NonNMethodCodeHeapSize                   = 5839372                                {pd product} {ergonomic}
    uintx NonProfiledCodeHeapSize                  = 122909434                              {pd product} {ergonomic}
   size_t OldSize                                  = 70254592                                  {product} {ergonomic}
    uintx ProfiledCodeHeapSize                     = 122909434                              {pd product} {ergonomic}
    uintx ReservedCodeCacheSize                    = 251658240                              {pd product} {ergonomic}
     bool SegmentedCodeCache                       = true                                      {product} {ergonomic}
   size_t SoftMaxHeapSize                          = 1073741824                             {manageable} {ergonomic}
     bool UseCompressedClassPointers               = true                           {product lp64_product} {ergonomic}
     bool UseCompressedOops                        = true                           {product lp64_product} {ergonomic}
     bool UseLargePagesIndividualAllocation        = false                                  {pd product} {ergonomic}
     bool UseParallelGC                            = true                                      {product} {command line}

Logging:
Log output configuration:
 #0: stdout all=off uptime,level,tags
 #1: stderr all=off uptime,level,tags

Environment Variables:
JAVA_HOME=C:\Program Files\Java\jdk-17
PATH=C:\Program Files\Common Files\Oracle\Java\javapath;C:\Windows\system32;C:\Windows;C:\Windows\System32\Wbem;C:\Windows\System32\WindowsPowerShell\v1.0\;C:\Windows\System32\OpenSSH\;C:\Program Files\Java\jdk-17\bin;C:\Program Files\nodejs\;C:\Program Files\Redis;C:\Program Files\Microsoft SQL Server\150\Tools\Binn\;C:\Program Files\Microsoft SQL Server\Client SDK\ODBC\170\Tools\Binn\;C:\Program Files\dotnet\;C:\Program Files (x86)\Microsoft SQL Server\160\DTS\Binn\;C:\Program Files\Azure Data Studio\bin;C:\Program Files (x86)\NetSarang\Xshell 7\;C:\Program Files (x86)\NetSarang\Xftp 7\;C:\Users\SXRBS\AppData\Local\Microsoft\WindowsApps;C:\Users\SXRBS\AppData\Roaming\npm;C:\Users\SXRBS\.dotnet\tools;C:\Program Files\Azure Data Studio\bin;C:\Users\SXRBS\AppData\Local\Programs\Microsoft VS Code\bin
USERNAME=SXRBS
OS=Windows_NT
PROCESSOR_IDENTIFIER=Intel64 Family 6 Model 158 Stepping 9, GenuineIntel
TMP=C:\Users\SXRBS\AppData\Local\Temp
TEMP=C:\Users\SXRBS\AppData\Local\Temp



Periodic native trim disabled


---------------  S Y S T E M  ---------------

OS:
 Windows 10 , 64 bit Build 17763 (10.0.17763.4974)
OS uptime: 0 days 0:01 hours

CPU: total 8 (initial active 8) (4 cores per cpu, 2 threads per core) family 6 model 158 stepping 9 microcode 0x8e, cx8, cmov, fxsr, ht, mmx, 3dnowpref, sse, sse2, sse3, ssse3, sse4.1, sse4.2, popcnt, lzcnt, tsc, tscinvbit, avx, avx2, aes, erms, clmul, bmi1, bmi2, rtm, adx, fma, vzeroupper, clflush, clflushopt
Processor Information for all 8 processors :
  Max Mhz: 3600, Current Mhz: 3600, Mhz Limit: 3600

Memory: 4k page, system-wide physical 32674M (27843M free)
TotalPageFile size 65442M (AvailPageFile size 57580M)
current process WorkingSet (physical memory assigned to process): 137M, peak: 137M
current process commit charge ("private bytes"): 235M, peak: 237M

vm_info: OpenJDK 64-Bit Server VM (17.0.10+7) for windows-amd64 JRE (17.0.10+7), built on Jan 16 2024 23:25:11 by "admin" with MS VC++ 16.10 / 16.11 (VS2019)

END.
