#
# A fatal error has been detected by the Java Runtime Environment:
#
#  EXCEPTION_ACCESS_VIOLATION (0xc0000005) at pc=0x00007ffdb4c61244, pid=13416, tid=1400
#
# JRE version: OpenJDK Runtime Environment Temurin-17.0.10+7 (17.0.10+7) (build 17.0.10+7)
# Java VM: OpenJDK 64-Bit Server VM Temurin-17.0.10+7 (17.0.10+7, mixed mode, tiered, compressed oops, compressed class ptrs, parallel gc, windows-amd64)
# Problematic frame:
# V  [jvm.dll+0x221244]
#
# No core dump will be written. Minidumps are not enabled by default on client versions of Windows
#
# If you would like to submit a bug report, please visit:
#   https://github.com/adoptium/adoptium-support/issues
#

---------------  S U M M A R Y ------------

Command Line: --add-modules=ALL-SYSTEM --add-opens=java.base/java.util=ALL-UNNAMED --add-opens=java.base/java.lang=ALL-UNNAMED --add-opens=java.base/sun.nio.fs=ALL-UNNAMED -Declipse.application=org.eclipse.jdt.ls.core.id1 -Dosgi.bundles.defaultStartLevel=4 -Declipse.product=org.eclipse.jdt.ls.core.product -Djava.import.generatesMetadataFilesAtProjectRoot=false -DDetectVMInstallationsJob.disabled=true -Dfile.encoding=utf8 -XX:+UseParallelGC -XX:GCTimeRatio=4 -XX:AdaptiveSizePolicyWeight=90 -Dsun.zip.disableMemoryMapping=true -Xmx1G -Xms100m -Xlog:disable -javaagent:c:\Users\SXRBS\.vscode\extensions\redhat.java-1.28.1-win32-x64\lombok\lombok-1.18.31.jar -XX:+HeapDumpOnOutOfMemoryError -XX:HeapDumpPath=c:\Users\SXRBS\AppData\Roaming\Code\User\workspaceStorage\c8669b37ec549c97780dae6a6d3fc7b2\redhat.java -Daether.dependencyCollector.impl=bf c:\Users\SXRBS\.vscode\extensions\redhat.java-1.28.1-win32-x64\server\plugins\org.eclipse.equinox.launcher_1.6.700.v20231214-2017.jar -configuration c:\Users\SXRBS\AppData\Roaming\Code\User\globalStorage\redhat.java\1.28.1\config_win -data c:\Users\SXRBS\AppData\Roaming\Code\User\workspaceStorage\c8669b37ec549c97780dae6a6d3fc7b2\redhat.java\jdt_ws --stdio

Host: Intel(R) Core(TM) i7-7700 CPU @ 3.60GHz, 8 cores, 31G,  Windows 10 , 64 bit Build 17763 (10.0.17763.4974)
Time: Tue Feb 27 07:38:55 2024 中国标准时间 elapsed time: 4.964742 seconds (0d 0h 0m 4s)

---------------  T H R E A D  ---------------

Current thread (0x00000153316532e0):  JavaThread "C2 CompilerThread1" daemon [_thread_in_native, id=1400, stack(0x00000012c4d00000,0x00000012c4e00000)]


Current CompileTask:
C2:   4964 5989  s    4       jdk.internal.jimage.ImageReader$SharedImageReader::findNode (36 bytes)

Stack: [0x00000012c4d00000,0x00000012c4e00000],  sp=0x00000012c4dfda40,  free space=1014k
Native frames: (J=compiled Java code, j=interpreted, Vv=VM code, C=native code)
V  [jvm.dll+0x221244]
V  [jvm.dll+0x6a0561]
V  [jvm.dll+0x219039]
V  [jvm.dll+0x1a502d]
V  [jvm.dll+0x2290de]
V  [jvm.dll+0x2272ac]
V  [jvm.dll+0x7e9bb7]
V  [jvm.dll+0x7e3fba]
V  [jvm.dll+0x67c1b5]
C  [ucrtbase.dll+0x2268a]
C  [KERNEL32.DLL+0x17ac4]
C  [ntdll.dll+0x5a4e1]


siginfo: EXCEPTION_ACCESS_VIOLATION (0xc0000005), reading address 0xffffffffffffffff


Registers:
RAX=0x3697e74000007ffd, RBX=0x00000012c4dfdcd0, RCX=0x0000000000000384, RDX=0x000000000000057d
RSP=0x00000012c4dfda40, RBP=0x00000012c4dfdb90, RSI=0x0000000000000050, RDI=0x0000000000000000
R8 =0x0000000001000000, R9 =0x0000000000000000, R10=0x00007ffddcc70000, R11=0x00000153423dc850
R12=0x0000000000000024, R13=0x000001533697e654, R14=0x0000000000000000, R15=0x0000000000000018
RIP=0x00007ffdb4c61244, EFLAGS=0x0000000000010246


Register to memory mapping:

RIP=0x00007ffdb4c61244 jvm.dll
RAX=0x3697e74000007ffd is an unknown value
RBX=0x00000012c4dfdcd0 is pointing into the stack for thread: 0x00000153316532e0
RCX=0x0000000000000384 is an unknown value
RDX=0x000000000000057d is an unknown value
RSP=0x00000012c4dfda40 is pointing into the stack for thread: 0x00000153316532e0
RBP=0x00000012c4dfdb90 is pointing into the stack for thread: 0x00000153316532e0
RSI=0x0000000000000050 is an unknown value
RDI=0x0 is NULL
R8 =0x0000000001000000 is an unknown value
R9 =0x0 is NULL
R10=0x00007ffddcc70000 VCRUNTIME140.dll
R11=0x00000153423dc850 points into unknown readable memory: 0x0000000000000000 | 00 00 00 00 00 00 00 00
R12=0x0000000000000024 is an unknown value
R13=0x000001533697e654 points into unknown readable memory: 53 01 00 00
R14=0x0 is NULL
R15=0x0000000000000018 is an unknown value


Top of Stack: (sp=0x00000012c4dfda40)
0x00000012c4dfda40:   00000012c4dfdcd0 00000012c4dfdb90
0x00000012c4dfda50:   00000012c4dfeb80 0000000000001302
0x00000012c4dfda60:   0000000000000003 00000012c4dfdcc0
0x00000012c4dfda70:   00000012c4dfe120 0000000000000002
0x00000012c4dfda80:   000001533791a650 00007ffdb50e0561
0x00000012c4dfda90:   0000015300000384 00000012c4dfdb90
0x00000012c4dfdaa0:   0000015337fc7bf8 0000015316698e10
0x00000012c4dfdab0:   00000012c4dfeb80 00007ffdb4c59039
0x00000012c4dfdac0:   000001533791a650 00000012c4dfdbc0
0x00000012c4dfdad0:   0000000000000002 0000000000000001
0x00000012c4dfdae0:   0000000000000000 0000000000000000
0x00000012c4dfdaf0:   0000000000000000 0000000000000000
0x00000012c4dfdb00:   0000000000000000 0000000000000000
0x00000012c4dfdb10:   0000000000000000 00007ffdb536128c
0x00000012c4dfdb20:   0000000000000000 0000000000000000
0x00000012c4dfdb30:   0000000000000000 00007ffdb536128c
0x00000012c4dfdb40:   0000000000000000 0000000000000000
0x00000012c4dfdb50:   00000153317dc390 00000153381fca40
0x00000012c4dfdb60:   00000153381fd060 0000015338204a28
0x00000012c4dfdb70:   0000000000028310 0000000000000000
0x00000012c4dfdb80:   0000000000000000 0000000000000000
0x00000012c4dfdb90:   00000012c4dfecb8 0000000000000800
0x00000012c4dfdba0:   00000153382cf2c0 00000000000005c4
0x00000012c4dfdbb0:   0000000000000200 0000015337d1ec70
0x00000012c4dfdbc0:   0000000000000200 00000012c4dfecb8
0x00000012c4dfdbd0:   0000000000000000 0000000000000000
0x00000012c4dfdbe0:   0000000000000000 0000000000000000
0x00000012c4dfdbf0:   0000000000000000 0000000000000000
0x00000012c4dfdc00:   0000000000000000 0000000000000000
0x00000012c4dfdc10:   0000000000000000 0000000000000000
0x00000012c4dfdc20:   0000000000000000 0000000000000000
0x00000012c4dfdc30:   0000000000000000 0000000000000000 

Instructions: (pc=0x00007ffdb4c61244)
0x00007ffdb4c61144:   ff 41 8b c6 48 f7 d8 4d 8d 3c c7 4c 89 bc 24 88
0x00007ffdb4c61154:   00 00 00 4c 3b 7c 24 20 0f 83 11 fe ff ff 4c 8b
0x00007ffdb4c61164:   74 24 30 4c 8b 64 24 38 48 8b 7c 24 40 48 8b ac
0x00007ffdb4c61174:   24 80 00 00 00 48 83 c4 48 41 5f 41 5d 5e 5b c3
0x00007ffdb4c61184:   cc cc cc cc cc cc cc cc cc cc cc cc 40 53 56 57
0x00007ffdb4c61194:   48 83 ec 30 8b b9 40 02 00 00 48 8b da 2b b9 68
0x00007ffdb4c611a4:   02 00 00 48 8b f1 3b 7a 08 72 0a 8b d7 48 8b cb
0x00007ffdb4c611b4:   e8 07 99 43 00 48 8b 43 10 48 c7 04 f8 00 00 00
0x00007ffdb4c611c4:   00 48 8b 96 d0 02 00 00 48 85 d2 74 08 48 8b cb
0x00007ffdb4c611d4:   e8 37 2c e8 ff 48 8b 96 d8 02 00 00 48 85 d2 74
0x00007ffdb4c611e4:   08 48 8b cb e8 23 2c e8 ff 8b 53 18 33 c0 89 44
0x00007ffdb4c611f4:   24 50 85 d2 0f 84 f8 00 00 00 48 89 6c 24 58 4c
0x00007ffdb4c61204:   89 64 24 60 4c 89 6c 24 68 4c 89 74 24 28 4c 89
0x00007ffdb4c61214:   7c 24 20 66 0f 1f 84 00 00 00 00 00 8b c8 48 8b
0x00007ffdb4c61224:   43 10 4c 8b 2c c8 41 8b 45 1c 85 c0 0f 84 95 00
0x00007ffdb4c61234:   00 00 45 33 f6 44 8b e0 0f 1f 40 00 49 8b 45 08
0x00007ffdb4c61244:   49 8b 3c 06 48 85 ff 74 6d 40 f6 c7 01 75 67 48
0x00007ffdb4c61254:   83 3f fe 74 61 44 8b 7f 28 41 8b f7 c1 ee 05 3b
0x00007ffdb4c61264:   73 20 72 0b 8b d6 48 8d 4b 20 e8 2d ce 5f 00 48
0x00007ffdb4c61274:   8b 43 28 41 83 e7 1f 48 8d 14 b0 41 0f b6 cf 41
0x00007ffdb4c61284:   b8 01 00 00 00 41 d3 e0 8b 0a 8b c1 41 0b c0 89
0x00007ffdb4c61294:   02 41 85 c8 75 20 8b 73 18 8d 46 01 89 43 18 3b
0x00007ffdb4c612a4:   73 08 72 0a 8b d6 48 8b cb e8 0e 98 43 00 48 8b
0x00007ffdb4c612b4:   43 10 48 89 3c f0 49 83 c6 08 49 83 ec 01 0f 85
0x00007ffdb4c612c4:   78 ff ff ff 8b 53 18 8b 44 24 50 ff c0 89 44 24
0x00007ffdb4c612d4:   50 3b c2 0f 82 43 ff ff ff 4c 8b 7c 24 20 4c 8b
0x00007ffdb4c612e4:   74 24 28 4c 8b 6c 24 68 4c 8b 64 24 60 48 8b 6c
0x00007ffdb4c612f4:   24 58 48 83 c4 30 5f 5e 5b c3 cc cc 40 53 48 83
0x00007ffdb4c61304:   ec 20 48 8b 81 e0 02 00 00 48 8b d9 48 85 c0 75
0x00007ffdb4c61314:   27 e8 d6 39 00 00 48 8b d0 48 8b 48 10 48 8b 01
0x00007ffdb4c61324:   48 3b c2 74 06 83 78 38 02 74 06 48 83 c1 08 eb
0x00007ffdb4c61334:   ec 48 89 83 e0 02 00 00 48 83 c4 20 5b c3 cc cc 


Stack slot to memory mapping:
stack at sp + 0 slots: 0x00000012c4dfdcd0 is pointing into the stack for thread: 0x00000153316532e0
stack at sp + 1 slots: 0x00000012c4dfdb90 is pointing into the stack for thread: 0x00000153316532e0
stack at sp + 2 slots: 0x00000012c4dfeb80 is pointing into the stack for thread: 0x00000153316532e0
stack at sp + 3 slots: 0x0000000000001302 is an unknown value
stack at sp + 4 slots: 0x0000000000000003 is an unknown value
stack at sp + 5 slots: 0x00000012c4dfdcc0 is pointing into the stack for thread: 0x00000153316532e0
stack at sp + 6 slots: 0x00000012c4dfe120 is pointing into the stack for thread: 0x00000153316532e0
stack at sp + 7 slots: 0x0000000000000002 is an unknown value


---------------  P R O C E S S  ---------------

Threads class SMR info:
_java_thread_list=0x0000015336b91790, length=32, elements={
0x0000015316635850, 0x000001532c72be80, 0x000001532c72e280, 0x000001533161a240,
0x000001533161afd0, 0x000001533161cde0, 0x0000015331623a30, 0x000001533162a6d0,
0x0000015331651850, 0x000001533165e3c0, 0x000001531669a130, 0x00000153316532e0,
0x00000153328dd000, 0x00000153333f1600, 0x00000153333a45f0, 0x00000153332df210,
0x00000153335078e0, 0x0000015333761eb0, 0x00000153334c8020, 0x0000015331737420,
0x0000015331738d70, 0x000001533173a1b0, 0x0000015331739280, 0x0000015331651da0,
0x0000015331737930, 0x0000015331736a00, 0x0000015331739ca0, 0x0000015331738350,
0x0000015335a4d070, 0x0000015335a47f70, 0x0000015335a493b0, 0x0000015335a49dd0
}

Java Threads: ( => current thread )
  0x0000015316635850 JavaThread "main" [_thread_blocked, id=15700, stack(0x00000012c4000000,0x00000012c4100000)]
  0x000001532c72be80 JavaThread "Reference Handler" daemon [_thread_blocked, id=8576, stack(0x00000012c4300000,0x00000012c4400000)]
  0x000001532c72e280 JavaThread "Finalizer" daemon [_thread_blocked, id=13932, stack(0x00000012c4400000,0x00000012c4500000)]
  0x000001533161a240 JavaThread "Signal Dispatcher" daemon [_thread_blocked, id=572, stack(0x00000012c4500000,0x00000012c4600000)]
  0x000001533161afd0 JavaThread "Attach Listener" daemon [_thread_blocked, id=6860, stack(0x00000012c4600000,0x00000012c4700000)]
  0x000001533161cde0 JavaThread "Service Thread" daemon [_thread_blocked, id=15884, stack(0x00000012c4700000,0x00000012c4800000)]
  0x0000015331623a30 JavaThread "Monitor Deflation Thread" daemon [_thread_blocked, id=924, stack(0x00000012c4800000,0x00000012c4900000)]
  0x000001533162a6d0 JavaThread "C2 CompilerThread0" daemon [_thread_in_native, id=15852, stack(0x00000012c4900000,0x00000012c4a00000)]
  0x0000015331651850 JavaThread "C1 CompilerThread0" daemon [_thread_blocked, id=15116, stack(0x00000012c4a00000,0x00000012c4b00000)]
  0x000001533165e3c0 JavaThread "Sweeper thread" daemon [_thread_blocked, id=2424, stack(0x00000012c4b00000,0x00000012c4c00000)]
  0x000001531669a130 JavaThread "Common-Cleaner" daemon [_thread_blocked, id=4980, stack(0x00000012c4c00000,0x00000012c4d00000)]
=>0x00000153316532e0 JavaThread "C2 CompilerThread1" daemon [_thread_in_native, id=1400, stack(0x00000012c4d00000,0x00000012c4e00000)]
  0x00000153328dd000 JavaThread "Notification Thread" daemon [_thread_blocked, id=15416, stack(0x00000012c4e00000,0x00000012c4f00000)]
  0x00000153333f1600 JavaThread "Active Thread: Equinox Container: 4e54b2e9-1c57-4286-bb90-48a1307d4ffc" [_thread_blocked, id=1136, stack(0x00000012c5700000,0x00000012c5800000)]
  0x00000153333a45f0 JavaThread "Framework Event Dispatcher: Equinox Container: 4e54b2e9-1c57-4286-bb90-48a1307d4ffc" daemon [_thread_blocked, id=7888, stack(0x00000012c5800000,0x00000012c5900000)]
  0x00000153332df210 JavaThread "Start Level: Equinox Container: 4e54b2e9-1c57-4286-bb90-48a1307d4ffc" daemon [_thread_blocked, id=1328, stack(0x00000012c5900000,0x00000012c5a00000)]
  0x00000153335078e0 JavaThread "Bundle File Closer" daemon [_thread_blocked, id=8864, stack(0x00000012c5b00000,0x00000012c5c00000)]
  0x0000015333761eb0 JavaThread "SCR Component Actor" daemon [_thread_blocked, id=3484, stack(0x00000012c5c00000,0x00000012c5d00000)]
  0x00000153334c8020 JavaThread "SCR Component Registry" daemon [_thread_blocked, id=11896, stack(0x00000012c5d00000,0x00000012c5e00000)]
  0x0000015331737420 JavaThread "Worker-JM" [_thread_blocked, id=16084, stack(0x00000012c5e00000,0x00000012c5f00000)]
  0x0000015331738d70 JavaThread "Worker-0: Java indexing... " [_thread_blocked, id=13684, stack(0x00000012c5f00000,0x00000012c6000000)]
  0x000001533173a1b0 JavaThread "Worker-1: Refreshing workspace" [_thread_in_Java, id=2688, stack(0x00000012c6000000,0x00000012c6100000)]
  0x0000015331739280 JavaThread "Worker-2: Updating Maven Dependencies" [_thread_blocked, id=9732, stack(0x00000012c5000000,0x00000012c5100000)]
  0x0000015331651da0 JavaThread "C2 CompilerThread2" daemon [_thread_in_native, id=6936, stack(0x00000012c6100000,0x00000012c6200000)]
  0x0000015331737930 JavaThread "Java indexing" daemon [_thread_in_Java, id=13364, stack(0x00000012c6200000,0x00000012c6300000)]
  0x0000015331736a00 JavaThread "JNA Cleaner" daemon [_thread_blocked, id=15288, stack(0x00000012c6300000,0x00000012c6400000)]
  0x0000015331739ca0 JavaThread "Worker-3: Updating workspace" [_thread_blocked, id=2960, stack(0x00000012c6400000,0x00000012c6500000)]
  0x0000015331738350 JavaThread "pool-2-thread-1" [_thread_blocked, id=7488, stack(0x00000012c6500000,0x00000012c6600000)]
  0x0000015335a4d070 JavaThread "WorkspaceEventsHandler" [_thread_blocked, id=4920, stack(0x00000012c6600000,0x00000012c6700000)]
  0x0000015335a47f70 JavaThread "pool-1-thread-1" [_thread_blocked, id=15748, stack(0x00000012c6700000,0x00000012c6800000)]
  0x0000015335a493b0 JavaThread "Worker-4" [_thread_blocked, id=2116, stack(0x00000012c6800000,0x00000012c6900000)]
  0x0000015335a49dd0 JavaThread "Worker-5" [_thread_blocked, id=16016, stack(0x00000012c6900000,0x00000012c6a00000)]

Other Threads:
  0x000001532c720b50 VMThread "VM Thread" [stack: 0x00000012c4200000,0x00000012c4300000] [id=12472]
  0x00000153328ddc80 WatcherThread [stack: 0x00000012c4f00000,0x00000012c5000000] [id=14200]
  0x000001531664b910 GCTaskThread "GC Thread#0" [stack: 0x00000012c4100000,0x00000012c4200000] [id=13816]
  0x0000015333124c40 GCTaskThread "GC Thread#1" [stack: 0x00000012c5100000,0x00000012c5200000] [id=14724]
  0x0000015332b11ef0 GCTaskThread "GC Thread#2" [stack: 0x00000012c5200000,0x00000012c5300000] [id=3896]
  0x0000015332b121b0 GCTaskThread "GC Thread#3" [stack: 0x00000012c5300000,0x00000012c5400000] [id=12464]
  0x0000015332b12470 GCTaskThread "GC Thread#4" [stack: 0x00000012c5400000,0x00000012c5500000] [id=15380]
  0x0000015332b12730 GCTaskThread "GC Thread#5" [stack: 0x00000012c5500000,0x00000012c5600000] [id=11444]
  0x0000015332b12c00 GCTaskThread "GC Thread#6" [stack: 0x00000012c5600000,0x00000012c5700000] [id=13276]
  0x000001533316bc30 GCTaskThread "GC Thread#7" [stack: 0x00000012c5a00000,0x00000012c5b00000] [id=1788]

Threads with active compile tasks:
C2 CompilerThread0     5087 6055       4       jdk.internal.jrtfs.JrtPath::getFileName (78 bytes)
C2 CompilerThread1     5087 5989  s    4       jdk.internal.jimage.ImageReader$SharedImageReader::findNode (36 bytes)
C2 CompilerThread2     5087 6003       4       jdk.internal.jrtfs.SystemImage$1::findNode (9 bytes)

VM state: not at safepoint (normal execution)

VM Mutex/Monitor currently owned by a thread: None

Heap address: 0x00000000c0000000, size: 1024 MB, Compressed Oops mode: 32-bit

CDS archive(s) not mapped
Compressed class space mapped at: 0x0000000100000000-0x0000000140000000, reserved size: 1073741824
Narrow klass base: 0x0000000000000000, Narrow klass shift: 3, Narrow klass range: 0x140000000

GC Precious Log:
 CPUs: 8 total, 8 available
 Memory: 32674M
 Large Page Support: Disabled
 NUMA Support: Disabled
 Compressed Oops: Enabled (32-bit)
 Alignments: Space 512K, Generation 512K, Heap 2M
 Heap Min Capacity: 100M
 Heap Initial Capacity: 100M
 Heap Max Capacity: 1G
 Pre-touch: Disabled
 Parallel Workers: 8

Heap:
 PSYoungGen      total 18944K, used 13651K [0x00000000eab00000, 0x00000000ec700000, 0x0000000100000000)
  eden space 16896K, 68% used [0x00000000eab00000,0x00000000eb658208,0x00000000ebb80000)
  from space 2048K, 99% used [0x00000000ec000000,0x00000000ec1fcb68,0x00000000ec200000)
  to   space 4608K, 0% used [0x00000000ebb80000,0x00000000ebb80000,0x00000000ec000000)
 ParOldGen       total 68608K, used 34528K [0x00000000c0000000, 0x00000000c4300000, 0x00000000eab00000)
  object space 68608K, 50% used [0x00000000c0000000,0x00000000c21b8040,0x00000000c4300000)
 Metaspace       used 51049K, committed 51968K, reserved 1114112K
  class space    used 5470K, committed 5888K, reserved 1048576K

Card table byte_map: [0x0000015329fc0000,0x000001532a1d0000] _byte_map_base: 0x00000153299c0000

Marking Bits: (ParMarkBitMap*) 0x00007ffdb55dd7d0
 Begin Bits: [0x000001532a330000, 0x000001532b330000)
 End Bits:   [0x000001532b330000, 0x000001532c330000)

Polling page: 0x0000015316460000

Metaspace:

Usage:
  Non-class:     44.51 MB used.
      Class:      5.34 MB used.
       Both:     49.85 MB used.

Virtual space:
  Non-class space:       64.00 MB reserved,      45.00 MB ( 70%) committed,  1 nodes.
      Class space:        1.00 GB reserved,       5.75 MB ( <1%) committed,  1 nodes.
             Both:        1.06 GB reserved,      50.75 MB (  5%) committed. 

Chunk freelists:
   Non-Class:  3.02 MB
       Class:  10.19 MB
        Both:  13.20 MB

MaxMetaspaceSize: unlimited
CompressedClassSpaceSize: 1.00 GB
Initial GC threshold: 21.00 MB
Current GC threshold: 58.38 MB
CDS: off
MetaspaceReclaimPolicy: balanced
 - commit_granule_bytes: 65536.
 - commit_granule_words: 8192.
 - virtual_space_node_default_size: 8388608.
 - enlarge_chunks_in_place: 1.
 - new_chunks_are_fully_committed: 0.
 - uncommit_free_chunks: 1.
 - use_allocation_guard: 0.
 - handle_deallocations: 1.


Internal statistics:

num_allocs_failed_limit: 6.
num_arena_births: 452.
num_arena_deaths: 14.
num_vsnodes_births: 2.
num_vsnodes_deaths: 0.
num_space_committed: 812.
num_space_uncommitted: 0.
num_chunks_returned_to_freelist: 20.
num_chunks_taken_from_freelist: 2328.
num_chunk_merges: 8.
num_chunk_splits: 1466.
num_chunks_enlarged: 905.
num_inconsistent_stats: 0.

CodeHeap 'non-profiled nmethods': size=120000Kb used=2850Kb max_used=2850Kb free=117149Kb
 bounds [0x00000153229a0000, 0x0000015322c80000, 0x0000015329ed0000]
CodeHeap 'profiled nmethods': size=120000Kb used=10593Kb max_used=10593Kb free=109406Kb
 bounds [0x000001531aed0000, 0x000001531b930000, 0x0000015322400000]
CodeHeap 'non-nmethods': size=5760Kb used=1285Kb max_used=1387Kb free=4474Kb
 bounds [0x0000015322400000, 0x0000015322670000, 0x00000153229a0000]
 total_blobs=6081 nmethods=5468 adapters=526
 compilation: enabled
              stopped_count=0, restarted_count=0
 full_count=0

Compilation events (20 events):
Event: 4.878 Thread 0x0000015331651850 nmethod 6129 0x000001531aeecc90 code [0x000001531aeece40, 0x000001531aeed048]
Event: 4.878 Thread 0x000001533162a6d0 nmethod 5971 0x0000015322b78b90 code [0x0000015322b78f20, 0x0000015322b7cb38]
Event: 4.878 Thread 0x000001533162a6d0 5998       4       jdk.internal.jrtfs.JrtPath::getResolvedPath (39 bytes)
Event: 4.878 Thread 0x0000015331651850 6130       2       jdk.internal.org.objectweb.asm.FieldWriter::visitEnd (1 bytes)
Event: 4.878 Thread 0x0000015331651850 nmethod 6130 0x000001531aeec990 code [0x000001531aeecb20, 0x000001531aeecc18]
Event: 4.879 Thread 0x0000015331651850 6131   !   2       com.google.inject.internal.Initializer$InjectableReference::get (254 bytes)
Event: 4.880 Thread 0x0000015331651850 nmethod 6131 0x000001531aeeb510 code [0x000001531aeeb7e0, 0x000001531aeec0e8]
Event: 4.880 Thread 0x0000015331651850 6132       3       com.google.inject.TypeLiteral::equals (30 bytes)
Event: 4.880 Thread 0x0000015331651850 nmethod 6132 0x000001531aeeae90 code [0x000001531aeeb040, 0x000001531aeeb3e8]
Event: 4.880 Thread 0x0000015331651850 6140       2       com.google.common.collect.AbstractMultimap::containsValue (51 bytes)
Event: 4.880 Thread 0x0000015331651850 nmethod 6140 0x000001531aeea810 code [0x000001531aeeaa00, 0x000001531aeeacf8]
Event: 4.880 Thread 0x0000015331651850 6134       2       com.google.inject.internal.InternalContext::close (38 bytes)
Event: 4.881 Thread 0x0000015331651850 nmethod 6134 0x000001531aeea310 code [0x000001531aeea4c0, 0x000001531aeea6e8]
Event: 4.881 Thread 0x0000015331651850 6133       1       com.google.inject.internal.InternalContext::setDependency (6 bytes)
Event: 4.881 Thread 0x0000015331651850 nmethod 6133 0x0000015322b78890 code [0x0000015322b78a20, 0x0000015322b78af8]
Event: 4.881 Thread 0x0000015331651850 6135       2       com.google.common.collect.ImmutableListMultimap::of (4 bytes)
Event: 4.881 Thread 0x0000015331651850 nmethod 6135 0x000001531aeea010 code [0x000001531aeea1a0, 0x000001531aeea298]
Event: 4.881 Thread 0x0000015331651850 6136       2       com.google.common.collect.ImmutableMultimap::isEmpty (5 bytes)
Event: 4.881 Thread 0x0000015331651850 nmethod 6136 0x000001531aee9c90 code [0x000001531aee9e20, 0x000001531aee9f38]
Event: 4.881 Thread 0x0000015331651850 6137       2       com.google.common.collect.AbstractMultimap::isEmpty (13 bytes)

GC Heap History (20 events):
Event: 3.709 GC heap before
{Heap before GC invocations=18 (full 2):
 PSYoungGen      total 21504K, used 20224K [0x00000000eab00000, 0x00000000ec200000, 0x0000000100000000)
  eden space 19968K, 100% used [0x00000000eab00000,0x00000000ebe80000,0x00000000ebe80000)
  from space 1536K, 16% used [0x00000000ebf80000,0x00000000ebfc0000,0x00000000ec100000)
  to   space 1024K, 0% used [0x00000000ec100000,0x00000000ec100000,0x00000000ec200000)
 ParOldGen       total 68608K, used 25443K [0x00000000c0000000, 0x00000000c4300000, 0x00000000eab00000)
  object space 68608K, 37% used [0x00000000c0000000,0x00000000c18d8de8,0x00000000c4300000)
 Metaspace       used 37248K, committed 38080K, reserved 1114112K
  class space    used 3628K, committed 3968K, reserved 1048576K
}
Event: 3.710 GC heap after
{Heap after GC invocations=18 (full 2):
 PSYoungGen      total 20480K, used 288K [0x00000000eab00000, 0x00000000ec180000, 0x0000000100000000)
  eden space 19968K, 0% used [0x00000000eab00000,0x00000000eab00000,0x00000000ebe80000)
  from space 512K, 56% used [0x00000000ec100000,0x00000000ec148000,0x00000000ec180000)
  to   space 512K, 0% used [0x00000000ec080000,0x00000000ec080000,0x00000000ec100000)
 ParOldGen       total 68608K, used 25515K [0x00000000c0000000, 0x00000000c4300000, 0x00000000eab00000)
  object space 68608K, 37% used [0x00000000c0000000,0x00000000c18eade8,0x00000000c4300000)
 Metaspace       used 37248K, committed 38080K, reserved 1114112K
  class space    used 3628K, committed 3968K, reserved 1048576K
}
Event: 3.784 GC heap before
{Heap before GC invocations=19 (full 2):
 PSYoungGen      total 20480K, used 20256K [0x00000000eab00000, 0x00000000ec180000, 0x0000000100000000)
  eden space 19968K, 100% used [0x00000000eab00000,0x00000000ebe80000,0x00000000ebe80000)
  from space 512K, 56% used [0x00000000ec100000,0x00000000ec148000,0x00000000ec180000)
  to   space 512K, 0% used [0x00000000ec080000,0x00000000ec080000,0x00000000ec100000)
 ParOldGen       total 68608K, used 25515K [0x00000000c0000000, 0x00000000c4300000, 0x00000000eab00000)
  object space 68608K, 37% used [0x00000000c0000000,0x00000000c18eade8,0x00000000c4300000)
 Metaspace       used 38472K, committed 39296K, reserved 1114112K
  class space    used 3805K, committed 4160K, reserved 1048576K
}
Event: 3.785 GC heap after
{Heap after GC invocations=19 (full 2):
 PSYoungGen      total 20480K, used 352K [0x00000000eab00000, 0x00000000ec180000, 0x0000000100000000)
  eden space 19968K, 0% used [0x00000000eab00000,0x00000000eab00000,0x00000000ebe80000)
  from space 512K, 68% used [0x00000000ec080000,0x00000000ec0d8000,0x00000000ec100000)
  to   space 512K, 0% used [0x00000000ec100000,0x00000000ec100000,0x00000000ec180000)
 ParOldGen       total 68608K, used 25659K [0x00000000c0000000, 0x00000000c4300000, 0x00000000eab00000)
  object space 68608K, 37% used [0x00000000c0000000,0x00000000c190ede8,0x00000000c4300000)
 Metaspace       used 38472K, committed 39296K, reserved 1114112K
  class space    used 3805K, committed 4160K, reserved 1048576K
}
Event: 3.922 GC heap before
{Heap before GC invocations=20 (full 2):
 PSYoungGen      total 20480K, used 20320K [0x00000000eab00000, 0x00000000ec180000, 0x0000000100000000)
  eden space 19968K, 100% used [0x00000000eab00000,0x00000000ebe80000,0x00000000ebe80000)
  from space 512K, 68% used [0x00000000ec080000,0x00000000ec0d8000,0x00000000ec100000)
  to   space 512K, 0% used [0x00000000ec100000,0x00000000ec100000,0x00000000ec180000)
 ParOldGen       total 68608K, used 25659K [0x00000000c0000000, 0x00000000c4300000, 0x00000000eab00000)
  object space 68608K, 37% used [0x00000000c0000000,0x00000000c190ede8,0x00000000c4300000)
 Metaspace       used 40799K, committed 41664K, reserved 1114112K
  class space    used 4149K, committed 4480K, reserved 1048576K
}
Event: 3.923 GC heap after
{Heap after GC invocations=20 (full 2):
 PSYoungGen      total 20480K, used 512K [0x00000000eab00000, 0x00000000ec180000, 0x0000000100000000)
  eden space 19968K, 0% used [0x00000000eab00000,0x00000000eab00000,0x00000000ebe80000)
  from space 512K, 100% used [0x00000000ec100000,0x00000000ec180000,0x00000000ec180000)
  to   space 1024K, 0% used [0x00000000ebf80000,0x00000000ebf80000,0x00000000ec080000)
 ParOldGen       total 68608K, used 25980K [0x00000000c0000000, 0x00000000c4300000, 0x00000000eab00000)
  object space 68608K, 37% used [0x00000000c0000000,0x00000000c195f350,0x00000000c4300000)
 Metaspace       used 40799K, committed 41664K, reserved 1114112K
  class space    used 4149K, committed 4480K, reserved 1048576K
}
Event: 4.047 GC heap before
{Heap before GC invocations=21 (full 2):
 PSYoungGen      total 20480K, used 20480K [0x00000000eab00000, 0x00000000ec180000, 0x0000000100000000)
  eden space 19968K, 100% used [0x00000000eab00000,0x00000000ebe80000,0x00000000ebe80000)
  from space 512K, 100% used [0x00000000ec100000,0x00000000ec180000,0x00000000ec180000)
  to   space 1024K, 0% used [0x00000000ebf80000,0x00000000ebf80000,0x00000000ec080000)
 ParOldGen       total 68608K, used 25980K [0x00000000c0000000, 0x00000000c4300000, 0x00000000eab00000)
  object space 68608K, 37% used [0x00000000c0000000,0x00000000c195f350,0x00000000c4300000)
 Metaspace       used 42210K, committed 43008K, reserved 1114112K
  class space    used 4339K, committed 4672K, reserved 1048576K
}
Event: 4.049 GC heap after
{Heap after GC invocations=21 (full 2):
 PSYoungGen      total 20992K, used 912K [0x00000000eab00000, 0x00000000ec180000, 0x0000000100000000)
  eden space 19968K, 0% used [0x00000000eab00000,0x00000000eab00000,0x00000000ebe80000)
  from space 1024K, 89% used [0x00000000ebf80000,0x00000000ec064308,0x00000000ec080000)
  to   space 1024K, 0% used [0x00000000ec080000,0x00000000ec080000,0x00000000ec180000)
 ParOldGen       total 68608K, used 26356K [0x00000000c0000000, 0x00000000c4300000, 0x00000000eab00000)
  object space 68608K, 38% used [0x00000000c0000000,0x00000000c19bd350,0x00000000c4300000)
 Metaspace       used 42210K, committed 43008K, reserved 1114112K
  class space    used 4339K, committed 4672K, reserved 1048576K
}
Event: 4.241 GC heap before
{Heap before GC invocations=22 (full 2):
 PSYoungGen      total 20992K, used 20880K [0x00000000eab00000, 0x00000000ec180000, 0x0000000100000000)
  eden space 19968K, 100% used [0x00000000eab00000,0x00000000ebe80000,0x00000000ebe80000)
  from space 1024K, 89% used [0x00000000ebf80000,0x00000000ec064308,0x00000000ec080000)
  to   space 1024K, 0% used [0x00000000ec080000,0x00000000ec080000,0x00000000ec180000)
 ParOldGen       total 68608K, used 26356K [0x00000000c0000000, 0x00000000c4300000, 0x00000000eab00000)
  object space 68608K, 38% used [0x00000000c0000000,0x00000000c19bd350,0x00000000c4300000)
 Metaspace       used 43820K, committed 44672K, reserved 1114112K
  class space    used 4548K, committed 4864K, reserved 1048576K
}
Event: 4.242 GC heap after
{Heap after GC invocations=22 (full 2):
 PSYoungGen      total 20992K, used 640K [0x00000000eab00000, 0x00000000ec180000, 0x0000000100000000)
  eden space 19968K, 0% used [0x00000000eab00000,0x00000000eab00000,0x00000000ebe80000)
  from space 1024K, 62% used [0x00000000ec080000,0x00000000ec120000,0x00000000ec180000)
  to   space 1024K, 0% used [0x00000000ebf80000,0x00000000ebf80000,0x00000000ec080000)
 ParOldGen       total 68608K, used 27070K [0x00000000c0000000, 0x00000000c4300000, 0x00000000eab00000)
  object space 68608K, 39% used [0x00000000c0000000,0x00000000c1a6f960,0x00000000c4300000)
 Metaspace       used 43820K, committed 44672K, reserved 1114112K
  class space    used 4548K, committed 4864K, reserved 1048576K
}
Event: 4.459 GC heap before
{Heap before GC invocations=23 (full 2):
 PSYoungGen      total 20992K, used 20608K [0x00000000eab00000, 0x00000000ec180000, 0x0000000100000000)
  eden space 19968K, 100% used [0x00000000eab00000,0x00000000ebe80000,0x00000000ebe80000)
  from space 1024K, 62% used [0x00000000ec080000,0x00000000ec120000,0x00000000ec180000)
  to   space 1024K, 0% used [0x00000000ebf80000,0x00000000ebf80000,0x00000000ec080000)
 ParOldGen       total 68608K, used 27070K [0x00000000c0000000, 0x00000000c4300000, 0x00000000eab00000)
  object space 68608K, 39% used [0x00000000c0000000,0x00000000c1a6f960,0x00000000c4300000)
 Metaspace       used 45969K, committed 46848K, reserved 1114112K
  class space    used 4833K, committed 5248K, reserved 1048576K
}
Event: 4.461 GC heap after
{Heap after GC invocations=23 (full 2):
 PSYoungGen      total 20992K, used 976K [0x00000000eab00000, 0x00000000ec180000, 0x0000000100000000)
  eden space 19968K, 0% used [0x00000000eab00000,0x00000000eab00000,0x00000000ebe80000)
  from space 1024K, 95% used [0x00000000ebf80000,0x00000000ec074010,0x00000000ec080000)
  to   space 1024K, 0% used [0x00000000ec080000,0x00000000ec080000,0x00000000ec180000)
 ParOldGen       total 68608K, used 27566K [0x00000000c0000000, 0x00000000c4300000, 0x00000000eab00000)
  object space 68608K, 40% used [0x00000000c0000000,0x00000000c1aeb960,0x00000000c4300000)
 Metaspace       used 45969K, committed 46848K, reserved 1114112K
  class space    used 4833K, committed 5248K, reserved 1048576K
}
Event: 4.619 GC heap before
{Heap before GC invocations=24 (full 2):
 PSYoungGen      total 20992K, used 20944K [0x00000000eab00000, 0x00000000ec180000, 0x0000000100000000)
  eden space 19968K, 100% used [0x00000000eab00000,0x00000000ebe80000,0x00000000ebe80000)
  from space 1024K, 95% used [0x00000000ebf80000,0x00000000ec074010,0x00000000ec080000)
  to   space 1024K, 0% used [0x00000000ec080000,0x00000000ec080000,0x00000000ec180000)
 ParOldGen       total 68608K, used 27566K [0x00000000c0000000, 0x00000000c4300000, 0x00000000eab00000)
  object space 68608K, 40% used [0x00000000c0000000,0x00000000c1aeb960,0x00000000c4300000)
 Metaspace       used 48014K, committed 49024K, reserved 1114112K
  class space    used 5067K, committed 5504K, reserved 1048576K
}
Event: 4.621 GC heap after
{Heap after GC invocations=24 (full 2):
 PSYoungGen      total 20480K, used 992K [0x00000000eab00000, 0x00000000ec380000, 0x0000000100000000)
  eden space 19456K, 0% used [0x00000000eab00000,0x00000000eab00000,0x00000000ebe00000)
  from space 1024K, 96% used [0x00000000ec080000,0x00000000ec178020,0x00000000ec180000)
  to   space 2560K, 0% used [0x00000000ebe00000,0x00000000ebe00000,0x00000000ec080000)
 ParOldGen       total 68608K, used 28749K [0x00000000c0000000, 0x00000000c4300000, 0x00000000eab00000)
  object space 68608K, 41% used [0x00000000c0000000,0x00000000c1c136a0,0x00000000c4300000)
 Metaspace       used 48014K, committed 49024K, reserved 1114112K
  class space    used 5067K, committed 5504K, reserved 1048576K
}
Event: 4.707 GC heap before
{Heap before GC invocations=25 (full 2):
 PSYoungGen      total 20480K, used 20448K [0x00000000eab00000, 0x00000000ec380000, 0x0000000100000000)
  eden space 19456K, 100% used [0x00000000eab00000,0x00000000ebe00000,0x00000000ebe00000)
  from space 1024K, 96% used [0x00000000ec080000,0x00000000ec178020,0x00000000ec180000)
  to   space 2560K, 0% used [0x00000000ebe00000,0x00000000ebe00000,0x00000000ec080000)
 ParOldGen       total 68608K, used 28749K [0x00000000c0000000, 0x00000000c4300000, 0x00000000eab00000)
  object space 68608K, 41% used [0x00000000c0000000,0x00000000c1c136a0,0x00000000c4300000)
 Metaspace       used 48716K, committed 49600K, reserved 1114112K
  class space    used 5170K, committed 5568K, reserved 1048576K
}
Event: 4.709 GC heap after
{Heap after GC invocations=25 (full 2):
 PSYoungGen      total 21504K, used 1696K [0x00000000eab00000, 0x00000000ec200000, 0x0000000100000000)
  eden space 19456K, 0% used [0x00000000eab00000,0x00000000eab00000,0x00000000ebe00000)
  from space 2048K, 82% used [0x00000000ebe00000,0x00000000ebfa8020,0x00000000ec000000)
  to   space 2048K, 0% used [0x00000000ec000000,0x00000000ec000000,0x00000000ec200000)
 ParOldGen       total 68608K, used 29700K [0x00000000c0000000, 0x00000000c4300000, 0x00000000eab00000)
  object space 68608K, 43% used [0x00000000c0000000,0x00000000c1d01010,0x00000000c4300000)
 Metaspace       used 48716K, committed 49600K, reserved 1114112K
  class space    used 5170K, committed 5568K, reserved 1048576K
}
Event: 4.784 GC heap before
{Heap before GC invocations=26 (full 2):
 PSYoungGen      total 21504K, used 21152K [0x00000000eab00000, 0x00000000ec200000, 0x0000000100000000)
  eden space 19456K, 100% used [0x00000000eab00000,0x00000000ebe00000,0x00000000ebe00000)
  from space 2048K, 82% used [0x00000000ebe00000,0x00000000ebfa8020,0x00000000ec000000)
  to   space 2048K, 0% used [0x00000000ec000000,0x00000000ec000000,0x00000000ec200000)
 ParOldGen       total 68608K, used 29700K [0x00000000c0000000, 0x00000000c4300000, 0x00000000eab00000)
  object space 68608K, 43% used [0x00000000c0000000,0x00000000c1d01010,0x00000000c4300000)
 Metaspace       used 49298K, committed 50304K, reserved 1114112K
  class space    used 5253K, committed 5696K, reserved 1048576K
}
Event: 4.786 GC heap after
{Heap after GC invocations=26 (full 2):
 PSYoungGen      total 21504K, used 1696K [0x00000000eab00000, 0x00000000ec200000, 0x0000000100000000)
  eden space 19456K, 0% used [0x00000000eab00000,0x00000000eab00000,0x00000000ebe00000)
  from space 2048K, 82% used [0x00000000ec000000,0x00000000ec1a8010,0x00000000ec200000)
  to   space 2048K, 0% used [0x00000000ebe00000,0x00000000ebe00000,0x00000000ec000000)
 ParOldGen       total 68608K, used 31232K [0x00000000c0000000, 0x00000000c4300000, 0x00000000eab00000)
  object space 68608K, 45% used [0x00000000c0000000,0x00000000c1e80030,0x00000000c4300000)
 Metaspace       used 49298K, committed 50304K, reserved 1114112K
  class space    used 5253K, committed 5696K, reserved 1048576K
}
Event: 4.826 GC heap before
{Heap before GC invocations=27 (full 2):
 PSYoungGen      total 21504K, used 21152K [0x00000000eab00000, 0x00000000ec200000, 0x0000000100000000)
  eden space 19456K, 100% used [0x00000000eab00000,0x00000000ebe00000,0x00000000ebe00000)
  from space 2048K, 82% used [0x00000000ec000000,0x00000000ec1a8010,0x00000000ec200000)
  to   space 2048K, 0% used [0x00000000ebe00000,0x00000000ebe00000,0x00000000ec000000)
 ParOldGen       total 68608K, used 31232K [0x00000000c0000000, 0x00000000c4300000, 0x00000000eab00000)
  object space 68608K, 45% used [0x00000000c0000000,0x00000000c1e80030,0x00000000c4300000)
 Metaspace       used 49640K, committed 50624K, reserved 1114112K
  class space    used 5307K, committed 5760K, reserved 1048576K
}
Event: 4.828 GC heap after
{Heap after GC invocations=27 (full 2):
 PSYoungGen      total 21504K, used 1632K [0x00000000eab00000, 0x00000000ec200000, 0x0000000100000000)
  eden space 19456K, 0% used [0x00000000eab00000,0x00000000eab00000,0x00000000ebe00000)
  from space 2048K, 79% used [0x00000000ebe00000,0x00000000ebf98010,0x00000000ec000000)
  to   space 2048K, 0% used [0x00000000ec000000,0x00000000ec000000,0x00000000ec200000)
 ParOldGen       total 68608K, used 32744K [0x00000000c0000000, 0x00000000c4300000, 0x00000000eab00000)
  object space 68608K, 47% used [0x00000000c0000000,0x00000000c1ffa030,0x00000000c4300000)
 Metaspace       used 49640K, committed 50624K, reserved 1114112K
  class space    used 5307K, committed 5760K, reserved 1048576K
}

Dll operation events (10 events):
Event: 0.017 Loaded shared library c:\Users\SXRBS\.vscode\extensions\redhat.java-1.28.1-win32-x64\jre\17.0.10-win32-x86_64\bin\java.dll
Event: 0.131 Loaded shared library c:\Users\SXRBS\.vscode\extensions\redhat.java-1.28.1-win32-x64\jre\17.0.10-win32-x86_64\bin\zip.dll
Event: 0.138 Loaded shared library C:\Users\SXRBS\.vscode\extensions\redhat.java-1.28.1-win32-x64\jre\17.0.10-win32-x86_64\bin\instrument.dll
Event: 0.147 Loaded shared library C:\Users\SXRBS\.vscode\extensions\redhat.java-1.28.1-win32-x64\jre\17.0.10-win32-x86_64\bin\net.dll
Event: 0.152 Loaded shared library C:\Users\SXRBS\.vscode\extensions\redhat.java-1.28.1-win32-x64\jre\17.0.10-win32-x86_64\bin\nio.dll
Event: 0.157 Loaded shared library C:\Users\SXRBS\.vscode\extensions\redhat.java-1.28.1-win32-x64\jre\17.0.10-win32-x86_64\bin\zip.dll
Event: 0.171 Loaded shared library C:\Users\SXRBS\.vscode\extensions\redhat.java-1.28.1-win32-x64\jre\17.0.10-win32-x86_64\bin\jimage.dll
Event: 0.234 Loaded shared library c:\Users\SXRBS\.vscode\extensions\redhat.java-1.28.1-win32-x64\jre\17.0.10-win32-x86_64\bin\verify.dll
Event: 1.119 Loaded shared library C:\Users\SXRBS\AppData\Roaming\Code\User\globalStorage\redhat.java\1.28.1\config_win\org.eclipse.equinox.launcher\org.eclipse.equinox.launcher.win32.win32.x86_64_1.2.900.v20240129-1338\eclipse_11900.dll
Event: 3.505 Loaded shared library C:\Users\SXRBS\AppData\Local\Temp\jna-79354782\jna13714123151042514890.dll

Deoptimization events (20 events):
Event: 4.753 Thread 0x0000015331738d70 DEOPT PACKING pc=0x000001531afe27e0 sp=0x00000012c5ffd240
Event: 4.753 Thread 0x0000015331738d70 DEOPT UNPACKING pc=0x0000015322456e43 sp=0x00000012c5ffc750 mode 0
Event: 4.795 Thread 0x000001533173a1b0 Uncommon trap: trap_request=0xffffff6e fr.pc=0x0000015322a3cca4 relative=0x0000000000000204
Event: 4.795 Thread 0x000001533173a1b0 Uncommon trap: reason=loop_limit_check action=maybe_recompile pc=0x0000015322a3cca4 method=org.eclipse.jdt.internal.core.util.HashtableOfArrayToObject.hashCode([Ljava/lang/Object;I)I @ 27 c2
Event: 4.795 Thread 0x000001533173a1b0 DEOPT PACKING pc=0x0000015322a3cca4 sp=0x00000012c60fd100
Event: 4.795 Thread 0x000001533173a1b0 DEOPT UNPACKING pc=0x00000153224566a3 sp=0x00000012c60fd088 mode 2
Event: 4.839 Thread 0x000001533173a1b0 DEOPT PACKING pc=0x000001531b35c4cc sp=0x00000012c60fd850
Event: 4.839 Thread 0x000001533173a1b0 DEOPT UNPACKING pc=0x0000015322456e43 sp=0x00000012c60fccd8 mode 0
Event: 4.842 Thread 0x0000015331738d70 Uncommon trap: trap_request=0x000000e1 fr.pc=0x0000015322bfa274 relative=0x00000000000000d4
Event: 4.842 Thread 0x0000015331738d70 Uncommon trap: reason=unloaded action=reinterpret pc=0x0000015322bfa274 method=org.codehaus.plexus.util.xml.pull.MXParser.more()C @ 22 c2
Event: 4.842 Thread 0x0000015331738d70 DEOPT PACKING pc=0x0000015322bfa274 sp=0x00000012c5ffe8a0
Event: 4.842 Thread 0x0000015331738d70 DEOPT UNPACKING pc=0x00000153224566a3 sp=0x00000012c5ffe840 mode 2
Event: 4.843 Thread 0x000001533173a1b0 DEOPT PACKING pc=0x000001531b2019a8 sp=0x00000012c60fddf0
Event: 4.843 Thread 0x000001533173a1b0 DEOPT UNPACKING pc=0x0000015322456e43 sp=0x00000012c60fd278 mode 0
Event: 4.845 Thread 0x0000015331739280 Uncommon trap: trap_request=0xffffff45 fr.pc=0x0000015322b48168 relative=0x0000000000001b28
Event: 4.845 Thread 0x0000015331739280 Uncommon trap: reason=unstable_if action=reinterpret pc=0x0000015322b48168 method=java.util.concurrent.locks.ReentrantLock$Sync.lock()V @ 4 c2
Event: 4.845 Thread 0x0000015331739280 DEOPT PACKING pc=0x0000015322b48168 sp=0x00000012c50fdd00
Event: 4.845 Thread 0x0000015331739280 DEOPT UNPACKING pc=0x00000153224566a3 sp=0x00000012c50fdbf8 mode 2
Event: 4.853 Thread 0x0000015331738d70 DEOPT PACKING pc=0x000001531b31b0be sp=0x00000012c5ff87b0
Event: 4.853 Thread 0x0000015331738d70 DEOPT UNPACKING pc=0x0000015322456e43 sp=0x00000012c5ff7cb8 mode 0

Classes unloaded (7 events):
Event: 3.440 Thread 0x000001532c720b50 Unloading class 0x0000000100251400 'java/lang/invoke/LambdaForm$MH+0x0000000100251400'
Event: 3.440 Thread 0x000001532c720b50 Unloading class 0x0000000100251000 'java/lang/invoke/LambdaForm$MH+0x0000000100251000'
Event: 3.440 Thread 0x000001532c720b50 Unloading class 0x0000000100250c00 'java/lang/invoke/LambdaForm$MH+0x0000000100250c00'
Event: 3.440 Thread 0x000001532c720b50 Unloading class 0x0000000100250800 'java/lang/invoke/LambdaForm$MH+0x0000000100250800'
Event: 3.440 Thread 0x000001532c720b50 Unloading class 0x0000000100250400 'java/lang/invoke/LambdaForm$BMH+0x0000000100250400'
Event: 3.440 Thread 0x000001532c720b50 Unloading class 0x0000000100250000 'java/lang/invoke/LambdaForm$DMH+0x0000000100250000'
Event: 3.440 Thread 0x000001532c720b50 Unloading class 0x0000000100249400 'java/lang/invoke/LambdaForm$DMH+0x0000000100249400'

Classes redefined (0 events):
No events

Internal exceptions (20 events):
Event: 3.656 Thread 0x0000015331739280 Exception <a 'java/lang/NoSuchMethodError'{0x00000000eaec3488}: 'void java.lang.invoke.DirectMethodHandle$Holder.invokeStatic(java.lang.Object, java.lang.Object, java.lang.Object, java.lang.Object)'> (0x00000000eaec3488) 
thrown [s\src\hotspot\share\interpreter\linkResolver.cpp, line 759]
Event: 3.669 Thread 0x0000015331739280 Exception <a 'java/lang/NoSuchMethodError'{0x00000000eb89b998}: 'java.lang.Object java.lang.invoke.DirectMethodHandle$Holder.newInvokeSpecial(java.lang.Object, java.lang.Object, java.lang.Object, java.lang.Object, java.lang.Object)'> (0x00000000eb89b998) 
thrown [s\src\hotspot\share\interpreter\linkResolver.cpp, line 759]
Event: 3.702 Thread 0x0000015331738d70 Exception <a 'java/lang/NoSuchMethodError'{0x00000000eb6d2c18}: 'java.lang.Object java.lang.invoke.DirectMethodHandle$Holder.invokeSpecialIFC(java.lang.Object, java.lang.Object, java.lang.Object, java.lang.Object)'> (0x00000000eb6d2c18) 
thrown [s\src\hotspot\share\interpreter\linkResolver.cpp, line 759]
Event: 3.732 Thread 0x0000015316635850 Exception <a 'java/lang/NoSuchMethodError'{0x00000000eb720e20}: 'java.lang.Object java.lang.invoke.DirectMethodHandle$Holder.invokeStatic(java.lang.Object, java.lang.Object, long, java.lang.Object)'> (0x00000000eb720e20) 
thrown [s\src\hotspot\share\interpreter\linkResolver.cpp, line 759]
Event: 3.733 Thread 0x0000015316635850 Exception <a 'java/lang/NoSuchMethodError'{0x00000000eb7248b8}: 'java.lang.Object java.lang.invoke.DirectMethodHandle$Holder.invokeStaticInit(java.lang.Object, java.lang.Object, long, java.lang.Object)'> (0x00000000eb7248b8) 
thrown [s\src\hotspot\share\interpreter\linkResolver.cpp, line 759]
Event: 3.734 Thread 0x0000015316635850 Exception <a 'java/lang/NoSuchMethodError'{0x00000000eb7aae08}: 'java.lang.Object java.lang.invoke.DirectMethodHandle$Holder.newInvokeSpecial(java.lang.Object, java.lang.Object, long)'> (0x00000000eb7aae08) 
thrown [s\src\hotspot\share\interpreter\linkResolver.cpp, line 759]
Event: 3.843 Thread 0x0000015331738d70 Exception <a 'java/lang/NoSuchMethodError'{0x00000000eb140438}: 'int java.lang.invoke.DirectMethodHandle$Holder.invokeSpecialIFC(java.lang.Object, java.lang.Object, java.lang.Object, java.lang.Object, java.lang.Object)'> (0x00000000eb140438) 
thrown [s\src\hotspot\share\interpreter\linkResolver.cpp, line 759]
Event: 3.933 Thread 0x0000015331738d70 Exception <a 'java/lang/NoClassDefFoundError'{0x00000000eac7abb0}: javax/enterprise/inject/Typed> (0x00000000eac7abb0) 
thrown [s\src\hotspot\share\classfile\systemDictionary.cpp, line 245]
Event: 3.939 Thread 0x0000015316635850 Exception <a 'java/lang/NoSuchMethodError'{0x00000000ead37458}: 'void java.lang.invoke.DirectMethodHandle$Holder.invokeSpecial(java.lang.Object, java.lang.Object, java.lang.Object, java.lang.Object, java.lang.Object, java.lang.Object)'> (0x00000000ead37458) 
thrown [s\src\hotspot\share\interpreter\linkResolver.cpp, line 759]
Event: 3.940 Thread 0x0000015316635850 Exception <a 'java/lang/IncompatibleClassChangeError'{0x00000000ead40c88}: Found class java.lang.Object, but interface was expected> (0x00000000ead40c88) 
thrown [s\src\hotspot\share\interpreter\linkResolver.cpp, line 826]
Event: 4.498 Thread 0x000001533173a1b0 Exception <a 'java/lang/NoSuchMethodError'{0x00000000eafcde48}: 'java.lang.Object java.lang.invoke.Invokers$Holder.invoke_MT(java.lang.Object, java.lang.Object, java.lang.Object)'> (0x00000000eafcde48) 
thrown [s\src\hotspot\share\interpreter\linkResolver.cpp, line 759]
Event: 4.552 Thread 0x0000015331738d70 Exception <a 'java/lang/NoSuchMethodError'{0x00000000eb5bda60}: 'void java.lang.invoke.DirectMethodHandle$Holder.invokeStaticInit(java.lang.Object, java.lang.Object, java.lang.Object)'> (0x00000000eb5bda60) 
thrown [s\src\hotspot\share\interpreter\linkResolver.cpp, line 759]
Event: 4.556 Thread 0x0000015331738d70 Exception <a 'java/lang/ExceptionInInitializerError'{0x00000000eb6418e8}> (0x00000000eb6418e8) 
thrown [s\src\hotspot\share\oops\instanceKlass.cpp, line 1218]
Event: 4.585 Thread 0x0000015331738d70 Implicit null exception at 0x0000015322ac982f to 0x0000015322ac99d8
Event: 4.585 Thread 0x0000015331738d70 Implicit null exception at 0x0000015322a33509 to 0x0000015322a3494c
Event: 4.587 Thread 0x0000015331738d70 Exception <a 'java/lang/NoSuchMethodError'{0x00000000eb918320}: 'java.lang.Object java.lang.invoke.Invokers$Holder.invokeExact_MT(java.lang.Object, int, java.lang.Object)'> (0x00000000eb918320) 
thrown [s\src\hotspot\share\interpreter\linkResolver.cpp, line 759]
Event: 4.595 Thread 0x0000015331738d70 Exception <a 'java/lang/NoSuchMethodError'{0x00000000eba6b360}: 'int java.lang.invoke.DirectMethodHandle$Holder.invokeSpecial(java.lang.Object, java.lang.Object, java.lang.Object, java.lang.Object)'> (0x00000000eba6b360) 
thrown [s\src\hotspot\share\interpreter\linkResolver.cpp, line 759]
Event: 4.726 Thread 0x000001533173a1b0 Exception <a 'java/io/FileNotFoundException'{0x00000000eae01b30}> (0x00000000eae01b30) 
thrown [s\src\hotspot\share\prims\jni.cpp, line 516]
Event: 4.726 Thread 0x000001533173a1b0 Exception <a 'java/io/FileNotFoundException'{0x00000000eae037b8}> (0x00000000eae037b8) 
thrown [s\src\hotspot\share\prims\jni.cpp, line 516]
Event: 4.823 Thread 0x0000015331738d70 Exception <a 'java/lang/NoClassDefFoundError'{0x00000000ebc7a850}: com/google/inject/servlet/ServletModuleTargetVisitor> (0x00000000ebc7a850) 
thrown [s\src\hotspot\share\classfile\systemDictionary.cpp, line 245]

VM Operations (20 events):
Event: 4.459 Executing VM operation: ParallelGCFailedAllocation
Event: 4.461 Executing VM operation: ParallelGCFailedAllocation done
Event: 4.485 Executing VM operation: HandshakeAllThreads
Event: 4.485 Executing VM operation: HandshakeAllThreads done
Event: 4.511 Executing VM operation: HandshakeAllThreads
Event: 4.511 Executing VM operation: HandshakeAllThreads done
Event: 4.512 Executing VM operation: HandshakeAllThreads
Event: 4.512 Executing VM operation: HandshakeAllThreads done
Event: 4.553 Executing VM operation: HandshakeAllThreads
Event: 4.553 Executing VM operation: HandshakeAllThreads done
Event: 4.618 Executing VM operation: HandshakeAllThreads
Event: 4.618 Executing VM operation: HandshakeAllThreads done
Event: 4.619 Executing VM operation: ParallelGCFailedAllocation
Event: 4.621 Executing VM operation: ParallelGCFailedAllocation done
Event: 4.707 Executing VM operation: ParallelGCFailedAllocation
Event: 4.709 Executing VM operation: ParallelGCFailedAllocation done
Event: 4.784 Executing VM operation: ParallelGCFailedAllocation
Event: 4.786 Executing VM operation: ParallelGCFailedAllocation done
Event: 4.826 Executing VM operation: ParallelGCFailedAllocation
Event: 4.828 Executing VM operation: ParallelGCFailedAllocation done

Events (20 events):
Event: 4.554 loading class java/nio/file/FileTreeWalker$EventType
Event: 4.554 loading class java/nio/file/FileTreeWalker$EventType done
Event: 4.554 loading class java/nio/file/Files$3
Event: 4.554 loading class java/nio/file/Files$3 done
Event: 4.554 loading class java/nio/file/FileVisitResult
Event: 4.554 loading class java/nio/file/FileVisitResult done
Event: 4.555 loading class java/lang/ExceptionInInitializerError
Event: 4.555 loading class java/lang/ExceptionInInitializerError done
Event: 4.586 loading class java/util/function/ToIntFunction
Event: 4.586 loading class java/util/function/ToIntFunction done
Event: 4.597 loading class java/util/regex/Pattern$BackRef
Event: 4.597 loading class java/util/regex/Pattern$BackRef done
Event: 4.631 loading class java/nio/channels/Channels$ReadableByteChannelImpl
Event: 4.632 loading class java/nio/channels/Channels$ReadableByteChannelImpl done
Event: 4.633 loading class java/nio/channels/NonWritableChannelException
Event: 4.633 loading class java/nio/channels/NonWritableChannelException done
Event: 4.633 loading class sun/nio/ch/ChannelInputStream
Event: 4.633 loading class sun/nio/ch/ChannelInputStream done
Event: 4.837 loading class java/lang/ProcessEnvironment$CheckedKeySet
Event: 4.838 loading class java/lang/ProcessEnvironment$CheckedKeySet done


Dynamic libraries:
0x00007ff7e0120000 - 0x00007ff7e012e000 	c:\Users\SXRBS\.vscode\extensions\redhat.java-1.28.1-win32-x64\jre\17.0.10-win32-x86_64\bin\java.exe
0x00007ffdf4f20000 - 0x00007ffdf510e000 	C:\Windows\SYSTEM32\ntdll.dll
0x00007ffdf4d30000 - 0x00007ffdf4de3000 	C:\Windows\System32\KERNEL32.DLL
0x00007ffdf1a20000 - 0x00007ffdf1cbd000 	C:\Windows\System32\KERNELBASE.dll
0x00007ffdf1e10000 - 0x00007ffdf1f0a000 	C:\Windows\System32\ucrtbase.dll
0x00007ffddcc70000 - 0x00007ffddcc8b000 	c:\Users\SXRBS\.vscode\extensions\redhat.java-1.28.1-win32-x64\jre\17.0.10-win32-x86_64\bin\VCRUNTIME140.dll
0x00007ffddbec0000 - 0x00007ffddbed7000 	c:\Users\SXRBS\.vscode\extensions\redhat.java-1.28.1-win32-x64\jre\17.0.10-win32-x86_64\bin\jli.dll
0x00007ffdf49b0000 - 0x00007ffdf4b47000 	C:\Windows\System32\USER32.dll
0x00007ffdf1200000 - 0x00007ffdf1220000 	C:\Windows\System32\win32u.dll
0x00007ffdf4be0000 - 0x00007ffdf4c09000 	C:\Windows\System32\GDI32.dll
0x00007ffdf0ff0000 - 0x00007ffdf119a000 	C:\Windows\System32\gdi32full.dll
0x00007ffdf1cc0000 - 0x00007ffdf1d60000 	C:\Windows\System32\msvcp_win.dll
0x00007ffde0410000 - 0x00007ffde0689000 	C:\Windows\WinSxS\amd64_microsoft.windows.common-controls_6595b64144ccf1df_6.0.17763.5458_none_de7234b4534a7f0e\COMCTL32.dll
0x00007ffdf4c10000 - 0x00007ffdf4cae000 	C:\Windows\System32\msvcrt.dll
0x00007ffdf4510000 - 0x00007ffdf483b000 	C:\Windows\System32\combase.dll
0x00007ffdf2140000 - 0x00007ffdf225d000 	C:\Windows\System32\RPCRT4.dll
0x00007ffdf1d80000 - 0x00007ffdf1e02000 	C:\Windows\System32\bcryptPrimitives.dll
0x00007ffdf4bb0000 - 0x00007ffdf4bde000 	C:\Windows\System32\IMM32.DLL
0x00000000510f0000 - 0x00000000510fd000 	C:\Program Files (x86)\360\360Safe\safemon\SafeWrapper.dll
0x00007ffdf2490000 - 0x00007ffdf2538000 	C:\Windows\System32\ADVAPI32.dll
0x00007ffdf2670000 - 0x00007ffdf2712000 	C:\Windows\System32\sechost.dll
0x00007ffdf2110000 - 0x00007ffdf2136000 	C:\Windows\System32\bcrypt.dll
0x00007ffddd050000 - 0x00007ffddd0fc000 	C:\Program Files (x86)\360\360Safe\safemon\libzdtp64.dll
0x00007ffdf2c10000 - 0x00007ffdf4108000 	C:\Windows\System32\SHELL32.dll
0x00007ffdf0fa0000 - 0x00007ffdf0fea000 	C:\Windows\System32\cfgmgr32.dll
0x00007ffdf2280000 - 0x00007ffdf2327000 	C:\Windows\System32\shcore.dll
0x00007ffdf12d0000 - 0x00007ffdf1a17000 	C:\Windows\System32\windows.storage.dll
0x00007ffdf0f70000 - 0x00007ffdf0f93000 	C:\Windows\System32\profapi.dll
0x00007ffdf0ef0000 - 0x00007ffdf0f4d000 	C:\Windows\System32\powrprof.dll
0x00007ffdf4b50000 - 0x00007ffdf4ba2000 	C:\Windows\System32\shlwapi.dll
0x00007ffdf0ed0000 - 0x00007ffdf0ee1000 	C:\Windows\System32\kernel.appcore.dll
0x00007ffdf1d60000 - 0x00007ffdf1d7b000 	C:\Windows\System32\cryptsp.dll
0x00007ffdf0c70000 - 0x00007ffdf0c7a000 	C:\Windows\SYSTEM32\VERSION.dll
0x00007ffde8ef0000 - 0x00007ffde8efc000 	c:\Users\SXRBS\.vscode\extensions\redhat.java-1.28.1-win32-x64\jre\17.0.10-win32-x86_64\bin\vcruntime140_1.dll
0x00007ffdccc30000 - 0x00007ffdcccbd000 	c:\Users\SXRBS\.vscode\extensions\redhat.java-1.28.1-win32-x64\jre\17.0.10-win32-x86_64\bin\msvcp140.dll
0x00007ffdb4a40000 - 0x00007ffdb56a2000 	c:\Users\SXRBS\.vscode\extensions\redhat.java-1.28.1-win32-x64\jre\17.0.10-win32-x86_64\bin\server\jvm.dll
0x00007ffde9160000 - 0x00007ffde9169000 	C:\Windows\SYSTEM32\WSOCK32.dll
0x00007ffdf4e80000 - 0x00007ffdf4eed000 	C:\Windows\System32\WS2_32.dll
0x00007ffdeecb0000 - 0x00007ffdeecd4000 	C:\Windows\SYSTEM32\WINMM.dll
0x00007ffdeeb90000 - 0x00007ffdeebbd000 	C:\Windows\SYSTEM32\winmmbase.dll
0x00007ffde3360000 - 0x00007ffde336a000 	c:\Users\SXRBS\.vscode\extensions\redhat.java-1.28.1-win32-x64\jre\17.0.10-win32-x86_64\bin\jimage.dll
0x00007ffdf07a0000 - 0x00007ffdf098d000 	C:\Windows\SYSTEM32\DBGHELP.DLL
0x00007ffdf06f0000 - 0x00007ffdf071a000 	C:\Windows\SYSTEM32\dbgcore.DLL
0x00007ffde08d0000 - 0x00007ffde08de000 	c:\Users\SXRBS\.vscode\extensions\redhat.java-1.28.1-win32-x64\jre\17.0.10-win32-x86_64\bin\instrument.dll
0x00007ffdd5a70000 - 0x00007ffdd5a95000 	c:\Users\SXRBS\.vscode\extensions\redhat.java-1.28.1-win32-x64\jre\17.0.10-win32-x86_64\bin\java.dll
0x00007ffdceb40000 - 0x00007ffdceb58000 	c:\Users\SXRBS\.vscode\extensions\redhat.java-1.28.1-win32-x64\jre\17.0.10-win32-x86_64\bin\zip.dll
0x00007ffdceae0000 - 0x00007ffdceaf9000 	C:\Users\SXRBS\.vscode\extensions\redhat.java-1.28.1-win32-x64\jre\17.0.10-win32-x86_64\bin\net.dll
0x00007ffde5210000 - 0x00007ffde530d000 	C:\Windows\SYSTEM32\WINHTTP.dll
0x00007ffdf0170000 - 0x00007ffdf01d7000 	C:\Windows\system32\mswsock.dll
0x00007ffdce930000 - 0x00007ffdce946000 	C:\Users\SXRBS\.vscode\extensions\redhat.java-1.28.1-win32-x64\jre\17.0.10-win32-x86_64\bin\nio.dll
0x00007ffddae50000 - 0x00007ffddae60000 	c:\Users\SXRBS\.vscode\extensions\redhat.java-1.28.1-win32-x64\jre\17.0.10-win32-x86_64\bin\verify.dll
0x00007ffddc8a0000 - 0x00007ffddc8de000 	C:\Users\SXRBS\AppData\Roaming\Code\User\globalStorage\redhat.java\1.28.1\config_win\org.eclipse.equinox.launcher\org.eclipse.equinox.launcher.win32.win32.x86_64_1.2.900.v20240129-1338\eclipse_11900.dll
0x00007ffdf2330000 - 0x00007ffdf2486000 	C:\Windows\System32\ole32.dll
0x00007ffdefd50000 - 0x00007ffdefd83000 	C:\Windows\system32\rsaenh.dll
0x00007ffdf0e00000 - 0x00007ffdf0e29000 	C:\Windows\SYSTEM32\USERENV.dll
0x00007ffdf0340000 - 0x00007ffdf034c000 	C:\Windows\SYSTEM32\CRYPTBASE.dll
0x00007ffdf0410000 - 0x00007ffdf044d000 	C:\Windows\SYSTEM32\IPHLPAPI.DLL
0x00007ffdf4e70000 - 0x00007ffdf4e78000 	C:\Windows\System32\NSI.dll
0x00007ffde9c80000 - 0x00007ffde9c96000 	C:\Windows\SYSTEM32\dhcpcsvc6.DLL
0x00007ffde9bb0000 - 0x00007ffde9bcc000 	C:\Windows\SYSTEM32\dhcpcsvc.DLL
0x00007ffdefee0000 - 0x00007ffdeffa6000 	C:\Windows\SYSTEM32\DNSAPI.dll
0x00007ffdd8850000 - 0x00007ffdd8895000 	C:\Users\SXRBS\AppData\Local\Temp\jna-79354782\jna13714123151042514890.dll
0x00007ffdf2c00000 - 0x00007ffdf2c08000 	C:\Windows\System32\PSAPI.DLL

dbghelp: loaded successfully - version: 4.0.5 - missing functions: none
symbol engine: initialized successfully - sym options: 0x614 - pdb path: .;c:\Users\SXRBS\.vscode\extensions\redhat.java-1.28.1-win32-x64\jre\17.0.10-win32-x86_64\bin;C:\Windows\SYSTEM32;C:\Windows\WinSxS\amd64_microsoft.windows.common-controls_6595b64144ccf1df_6.0.17763.5458_none_de7234b4534a7f0e;C:\Program Files (x86)\360\360Safe\safemon;c:\Users\SXRBS\.vscode\extensions\redhat.java-1.28.1-win32-x64\jre\17.0.10-win32-x86_64\bin\server;C:\Users\SXRBS\AppData\Roaming\Code\User\globalStorage\redhat.java\1.28.1\config_win\org.eclipse.equinox.launcher\org.eclipse.equinox.launcher.win32.win32.x86_64_1.2.900.v20240129-1338;C:\Users\SXRBS\AppData\Local\Temp\jna-79354782

VM Arguments:
jvm_args: --add-modules=ALL-SYSTEM --add-opens=java.base/java.util=ALL-UNNAMED --add-opens=java.base/java.lang=ALL-UNNAMED --add-opens=java.base/sun.nio.fs=ALL-UNNAMED -Declipse.application=org.eclipse.jdt.ls.core.id1 -Dosgi.bundles.defaultStartLevel=4 -Declipse.product=org.eclipse.jdt.ls.core.product -Djava.import.generatesMetadataFilesAtProjectRoot=false -DDetectVMInstallationsJob.disabled=true -Dfile.encoding=utf8 -XX:+UseParallelGC -XX:GCTimeRatio=4 -XX:AdaptiveSizePolicyWeight=90 -Dsun.zip.disableMemoryMapping=true -Xmx1G -Xms100m -Xlog:disable -javaagent:c:\Users\SXRBS\.vscode\extensions\redhat.java-1.28.1-win32-x64\lombok\lombok-1.18.31.jar -XX:+HeapDumpOnOutOfMemoryError -XX:HeapDumpPath=c:\Users\SXRBS\AppData\Roaming\Code\User\workspaceStorage\c8669b37ec549c97780dae6a6d3fc7b2\redhat.java -Daether.dependencyCollector.impl=bf 
java_command: c:\Users\SXRBS\.vscode\extensions\redhat.java-1.28.1-win32-x64\server\plugins\org.eclipse.equinox.launcher_1.6.700.v20231214-2017.jar -configuration c:\Users\SXRBS\AppData\Roaming\Code\User\globalStorage\redhat.java\1.28.1\config_win -data c:\Users\SXRBS\AppData\Roaming\Code\User\workspaceStorage\c8669b37ec549c97780dae6a6d3fc7b2\redhat.java\jdt_ws --stdio
java_class_path (initial): c:\Users\SXRBS\.vscode\extensions\redhat.java-1.28.1-win32-x64\server\plugins\org.eclipse.equinox.launcher_1.6.700.v20231214-2017.jar
Launcher Type: SUN_STANDARD

[Global flags]
    uintx AdaptiveSizePolicyWeight                 = 90                                        {product} {command line}
     intx CICompilerCount                          = 4                                         {product} {ergonomic}
    uintx GCTimeRatio                              = 4                                         {product} {command line}
     bool HeapDumpOnOutOfMemoryError               = true                                   {manageable} {command line}
    ccstr HeapDumpPath                             = c:\Users\SXRBS\AppData\Roaming\Code\User\workspaceStorage\c8669b37ec549c97780dae6a6d3fc7b2\redhat.java         {manageable} {command line}
   size_t InitialHeapSize                          = 104857600                                 {product} {command line}
   size_t MaxHeapSize                              = 1073741824                                {product} {command line}
   size_t MaxNewSize                               = 357564416                                 {product} {ergonomic}
   size_t MinHeapDeltaBytes                        = 524288                                    {product} {ergonomic}
   size_t MinHeapSize                              = 104857600                                 {product} {command line}
   size_t NewSize                                  = 34603008                                  {product} {ergonomic}
    uintx NonNMethodCodeHeapSize                   = 5839372                                {pd product} {ergonomic}
    uintx NonProfiledCodeHeapSize                  = 122909434                              {pd product} {ergonomic}
   size_t OldSize                                  = 70254592                                  {product} {ergonomic}
    uintx ProfiledCodeHeapSize                     = 122909434                              {pd product} {ergonomic}
    uintx ReservedCodeCacheSize                    = 251658240                              {pd product} {ergonomic}
     bool SegmentedCodeCache                       = true                                      {product} {ergonomic}
   size_t SoftMaxHeapSize                          = 1073741824                             {manageable} {ergonomic}
     bool UseCompressedClassPointers               = true                           {product lp64_product} {ergonomic}
     bool UseCompressedOops                        = true                           {product lp64_product} {ergonomic}
     bool UseLargePagesIndividualAllocation        = false                                  {pd product} {ergonomic}
     bool UseParallelGC                            = true                                      {product} {command line}

Logging:
Log output configuration:
 #0: stdout all=off uptime,level,tags
 #1: stderr all=off uptime,level,tags

Environment Variables:
JAVA_HOME=C:\Program Files\Java\jdk-17
PATH=C:\Program Files\Common Files\Oracle\Java\javapath;C:\Windows\system32;C:\Windows;C:\Windows\System32\Wbem;C:\Windows\System32\WindowsPowerShell\v1.0\;C:\Windows\System32\OpenSSH\;C:\Program Files\Java\jdk-17\bin;C:\Program Files\nodejs\;C:\Program Files\Redis;C:\Program Files\Microsoft SQL Server\150\Tools\Binn\;C:\Program Files\Microsoft SQL Server\Client SDK\ODBC\170\Tools\Binn\;C:\Program Files\dotnet\;C:\Program Files (x86)\Microsoft SQL Server\160\DTS\Binn\;C:\Program Files\Azure Data Studio\bin;C:\Program Files (x86)\NetSarang\Xshell 7\;C:\Program Files (x86)\NetSarang\Xftp 7\;C:\Users\SXRBS\AppData\Local\Microsoft\WindowsApps;C:\Users\SXRBS\AppData\Roaming\npm;C:\Users\SXRBS\.dotnet\tools;C:\Program Files\Azure Data Studio\bin;C:\Users\SXRBS\AppData\Local\Programs\Microsoft VS Code\bin
USERNAME=SXRBS
OS=Windows_NT
PROCESSOR_IDENTIFIER=Intel64 Family 6 Model 158 Stepping 9, GenuineIntel
TMP=C:\Users\SXRBS\AppData\Local\Temp
TEMP=C:\Users\SXRBS\AppData\Local\Temp



Periodic native trim disabled


---------------  S Y S T E M  ---------------

OS:
 Windows 10 , 64 bit Build 17763 (10.0.17763.4974)
OS uptime: 0 days 0:13 hours

CPU: total 8 (initial active 8) (4 cores per cpu, 2 threads per core) family 6 model 158 stepping 9 microcode 0x8e, cx8, cmov, fxsr, ht, mmx, 3dnowpref, sse, sse2, sse3, ssse3, sse4.1, sse4.2, popcnt, lzcnt, tsc, tscinvbit, avx, avx2, aes, erms, clmul, bmi1, bmi2, rtm, adx, fma, vzeroupper, clflush, clflushopt
Processor Information for all 8 processors :
  Max Mhz: 3600, Current Mhz: 3600, Mhz Limit: 3600

Memory: 4k page, system-wide physical 32674M (20976M free)
TotalPageFile size 65442M (AvailPageFile size 51006M)
current process WorkingSet (physical memory assigned to process): 367M, peak: 373M
current process commit charge ("private bytes"): 447M, peak: 455M

vm_info: OpenJDK 64-Bit Server VM (17.0.10+7) for windows-amd64 JRE (17.0.10+7), built on Jan 16 2024 23:25:11 by "admin" with MS VC++ 16.10 / 16.11 (VS2019)

END.
