#
# A fatal error has been detected by the Java Runtime Environment:
#
#  EXCEPTION_ACCESS_VIOLATION (0xc0000005) at pc=0x00007ffee8024b41, pid=1240, tid=13884
#
# JRE version: Java(TM) SE Runtime Environment (17.0.9+11) (build 17.0.9+11-LTS-201)
# Java VM: Java HotSpot(TM) 64-Bit Server VM (17.0.9+11-LTS-201, mixed mode, emulated-client, sharing, tiered, compressed oops, compressed class ptrs, g1 gc, windows-amd64)
# Problematic frame:
# V  [jvm.dll+0x604b41]
#
# No core dump will be written. Minidumps are not enabled by default on client versions of Windows
#
# If you would like to submit a bug report, please visit:
#   https://bugreport.java.com/bugreport/crash.jsp
#

---------------  S U M M A R Y ------------

Command Line: -agentlib:jdwp=transport=dt_socket,address=127.0.0.1:50040,suspend=y,server=n -XX:TieredStopAtLevel=1 -Dspring.output.ansi.enabled=always -Dcom.sun.management.jmxremote -Dspring.jmx.enabled=true -Dspring.liveBeansView.mbeanDomain -Dspring.application.admin.enabled=true -Dmanagement.endpoints.jmx.exposure.include=* -javaagent:C:\Users\SXRBS\AppData\Local\JetBrains\IntelliJIdea2023.3\captureAgent\debugger-agent.jar=file:/C:/Users/SXRBS/AppData/Local/Temp/capture.props -Dfile.encoding=UTF-8 com.sqds.SqdsbackApplication

Host: Intel(R) Core(TM) i7-7700 CPU @ 3.60GHz, 8 cores, 31G,  Windows 10 , 64 bit Build 17763 (10.0.17763.4974)
Time: Sat Dec 30 09:52:52 2023 中国标准时间 elapsed time: 2.536431 seconds (0d 0h 0m 2s)

---------------  T H R E A D  ---------------

Current thread (0x000001ae58f80010):  GCTaskThread "GC Thread#2" [stack: 0x0000000bfcd00000,0x0000000bfce00000] [id=13884]

Stack: [0x0000000bfcd00000,0x0000000bfce00000],  sp=0x0000000bfcdff830,  free space=1022k
Native frames: (J=compiled Java code, j=interpreted, Vv=VM code, C=native code)
V  [jvm.dll+0x604b41]
V  [jvm.dll+0x3051e7]
V  [jvm.dll+0x3062e2]
V  [jvm.dll+0x305e98]
V  [jvm.dll+0x2d9930]
V  [jvm.dll+0x2d9fea]
V  [jvm.dll+0x2da0e7]
V  [jvm.dll+0x2df56b]
V  [jvm.dll+0x807b5b]
V  [jvm.dll+0x807ba6]
V  [jvm.dll+0x78998a]
V  [jvm.dll+0x677875]
C  [ucrtbase.dll+0x2268a]
C  [KERNEL32.DLL+0x17ac4]
C  [ntdll.dll+0x5a4e1]


siginfo: EXCEPTION_ACCESS_VIOLATION (0xc0000005), reading address 0xffffffffffffffff


Register to memory mapping:

RIP=0x00007ffee8024b41 jvm.dll
RAX=0x000000000000003a is an unknown value
RBX=0x0000000bfcdff8b0 points into unknown readable memory: 0x000000061da4ec30 | 30 ec a4 1d 06 00 00 00
RCX=0x0000000bfcdff8a0 points into unknown readable memory: 0x7265766e6f436574 | 74 65 43 6f 6e 76 65 72
RDX=0x0000000bfcdff8b0 points into unknown readable memory: 0x000000061da4ec30 | 30 ec a4 1d 06 00 00 00
RSP=0x0000000bfcdff830 points into unknown readable memory: 0x000000061dac2198 | 98 21 ac 1d 06 00 00 00
RBP=0x0 is NULL
RSI=0x000000061dac2198 is pointing into object: java.util.HashMap$Node 
{0x000000061dac2188} - klass: 'java/util/HashMap$Node'
 - ---- fields (total size 4 words):
 - final 'hash' 'I' @12  -860314682 (ccb8a3c6)
 - final 'key' 'Ljava/lang/Object;' @16  
[error occurred during error reporting (printing register info), id 0xc0000005, EXCEPTION_ACCESS_VIOLATION (0xc0000005) at pc=0x00007ffee8085279]

Registers:
RAX=0x000000000000003a, RBX=0x0000000bfcdff8b0, RCX=0x0000000bfcdff8a0, RDX=0x0000000bfcdff8b0
RSP=0x0000000bfcdff830, RBP=0x0000000000000000, RSI=0x000000061dac2198, RDI=0x0000000bfcdff8a0
R8 =0x7265766e6f436574, R9 =0x000001ae59726574, R10=0x00000006206a9218, R11=0x00007fff259a15c3
R12=0x0000000000036000, R13=0x0000000000000000, R14=0x000001ae9e4d48b0, R15=0x000001ae59726574
RIP=0x00007ffee8024b41, EFLAGS=0x0000000000010246

Top of Stack: (sp=0x0000000bfcdff830)
0x0000000bfcdff830:   000000061dac2198 000001ae9e4d4a30
0x0000000bfcdff840:   000001ae5914cc90 0000000000000000
0x0000000bfcdff850:   000001ae5914ca58 000001ae9e4d48b0
0x0000000bfcdff860:   00000006206a9218 00007ffee7d251e7
0x0000000bfcdff870:   0000000000000001 00000006206ad090
0x0000000bfcdff880:   0000000000000001 0000000000000000
0x0000000bfcdff890:   000000061dac15c4 00007ffee7d23a69
0x0000000bfcdff8a0:   7265766e6f436574 000001ae42a43570
0x0000000bfcdff8b0:   000000061da4ec30 00007ffee7d255cb
0x0000000bfcdff8c0:   000001ae9e4d4a30 0000000000000000
0x0000000bfcdff8d0:   0000000000000000 000001ae9e4d48b0
0x0000000bfcdff8e0:   000001ae585492d8 000001ae9e4d48b0
0x0000000bfcdff8f0:   000000061dac2198 0000000000000377
0x0000000bfcdff900:   000000061dac2199 00007ffee7d262e2
0x0000000bfcdff910:   0000000620680000 0000000000000001
0x0000000bfcdff920:   0000000000000008 7265766e6f436574 

Instructions: (pc=0x00007ffee8024b41)
0x00007ffee8024a41:   13 0d 4b 00 48 03 0d 04 0d 4b 00 48 8b 15 ad c5
0x00007ffee8024a51:   50 00 48 03 d1 48 8d 0d 03 9a 33 00 e8 3e 3f c4
0x00007ffee8024a61:   ff 48 39 1d 97 c5 50 00 76 29 48 8b d3 66 90 48
0x00007ffee8024a71:   8b 05 99 c5 50 00 48 8d 52 10 48 ff c3 48 8b 4c
0x00007ffee8024a81:   02 f8 48 8b 44 02 f0 48 89 08 48 3b 1d 6e c5 50
0x00007ffee8024a91:   00 72 dc 48 8b 0d cd 0c 4b 00 48 85 c9 74 68 48
0x00007ffee8024aa1:   89 7c 24 30 48 8b 05 a4 0c 4b 00 48 83 e8 01 48
0x00007ffee8024ab1:   89 05 99 0c 4b 00 48 8b 3c c1 75 0c 48 8d 0d 6c
0x00007ffee8024ac1:   0c 4b 00 e8 a7 8a c4 ff 48 8b 05 30 0c 4b 00 48
0x00007ffee8024ad1:   8b 1d 41 0c 4b 00 48 83 e8 01 48 89 05 1e 0c 4b
0x00007ffee8024ae1:   00 48 8b 1c c3 75 0c 48 8d 0d f1 0b 4b 00 e8 7c
0x00007ffee8024af1:   8a c4 ff 48 89 1f 48 8b 0d 6a 0c 4b 00 48 85 c9
0x00007ffee8024b01:   75 a2 48 8b 7c 24 30 48 83 c4 20 5b c3 cc cc 48
0x00007ffee8024b11:   89 0d 01 c5 50 00 48 89 0d 72 0c 4b 00 c3 cc 48
0x00007ffee8024b21:   89 5c 24 08 57 48 83 ec 30 4c 8b 01 48 8b da 41
0x00007ffee8024b31:   0f b6 c0 48 8b f9 d0 e8 a8 01 74 18 49 83 f0 02
0x00007ffee8024b41:   49 8b 00 48 89 02 48 8b c3 48 8b 5c 24 40 48 83
0x00007ffee8024b51:   c4 30 5f c3 41 f6 c0 03 74 e6 4c 89 44 24 20 4c
0x00007ffee8024b61:   8d 0d 11 99 33 00 41 b8 2b 00 00 00 48 8d 15 1c
0x00007ffee8024b71:   99 33 00 b9 00 00 00 e0 e8 42 0f c4 ff e8 dd 39
0x00007ffee8024b81:   07 00 48 8b 07 48 89 03 48 8b c3 48 8b 5c 24 40
0x00007ffee8024b91:   48 83 c4 30 5f c3 cc cc cc cc cc cc cc cc cc 48
0x00007ffee8024ba1:   83 ec 38 4c 8b 01 41 0f b6 c0 d0 e8 a8 01 74 0c
0x00007ffee8024bb1:   49 83 f0 02 49 89 10 48 83 c4 38 c3 41 f6 c0 03
0x00007ffee8024bc1:   74 f2 4c 89 44 24 20 4c 8d 0d a9 98 33 00 41 b8
0x00007ffee8024bd1:   3d 00 00 00 48 8d 15 b4 98 33 00 b9 00 00 00 e0
0x00007ffee8024be1:   e8 da 0e c4 ff 48 83 c4 38 e9 71 39 07 00 cc 48
0x00007ffee8024bf1:   89 5c 24 08 48 89 6c 24 10 48 89 74 24 18 57 41
0x00007ffee8024c01:   56 41 57 48 83 ec 20 ba 06 00 00 00 48 8b f9 e8
0x00007ffee8024c11:   cb 78 09 00 48 8d 05 94 9c 33 00 ba 06 00 00 00
0x00007ffee8024c21:   41 b8 d8 27 00 00 48 89 07 48 8d 8f 88 09 00 00
0x00007ffee8024c31:   e8 0a 5c aa ff 48 8d 8f b8 09 00 00 48 8d 97 88 


Stack slot to memory mapping:
stack at sp + 0 slots: 0x000000061dac2198 is pointing into object: java.util.HashMap$Node 
{0x000000061dac2188} - klass: 'java/util/HashMap$Node'
 - ---- fields (total size 4 words):
 - final 'hash' 'I' @12  -860314682 (ccb8a3c6)
 - final 'key' 'Ljava/lang/Object;' @16  
[error occurred during error reporting (inspecting top of stack), id 0xc0000005, EXCEPTION_ACCESS_VIOLATION (0xc0000005) at pc=0x00007ffee8085279]


---------------  P R O C E S S  ---------------

Threads class SMR info:
_java_thread_list=0x000001ae9e44f940, length=23, elements={
0x000001ae37432820, 0x000001ae584276e0, 0x000001ae58428560, 0x000001ae58437b10,
0x000001ae58438ae0, 0x000001ae584396a0, 0x000001ae5843c070, 0x000001ae58446840,
0x000001ae58457280, 0x000001ae584b5e40, 0x000001ae42b1c5d0, 0x000001ae58545e30,
0x000001ae58574320, 0x000001ae585ca5e0, 0x000001ae585b7820, 0x000001ae585cdce0,
0x000001ae58e0b350, 0x000001ae58f31430, 0x000001ae9e226790, 0x000001ae9e29c580,
0x000001ae9e2b9250, 0x000001ae9e2c14a0, 0x000001ae9e4af8c0
}

Java Threads: ( => current thread )
  0x000001ae37432820 JavaThread "main" [_thread_blocked, id=18576, stack(0x0000000bfb300000,0x0000000bfb400000)]
  0x000001ae584276e0 JavaThread "Reference Handler" daemon [_thread_blocked, id=12048, stack(0x0000000bfba00000,0x0000000bfbb00000)]
  0x000001ae58428560 JavaThread "Finalizer" daemon [_thread_blocked, id=19300, stack(0x0000000bfbb00000,0x0000000bfbc00000)]
  0x000001ae58437b10 JavaThread "Signal Dispatcher" daemon [_thread_blocked, id=22256, stack(0x0000000bfbc00000,0x0000000bfbd00000)]
  0x000001ae58438ae0 JavaThread "Attach Listener" daemon [_thread_blocked, id=7596, stack(0x0000000bfbd00000,0x0000000bfbe00000)]
  0x000001ae584396a0 JavaThread "Service Thread" daemon [_thread_blocked, id=18264, stack(0x0000000bfbe00000,0x0000000bfbf00000)]
  0x000001ae5843c070 JavaThread "Monitor Deflation Thread" daemon [_thread_blocked, id=3336, stack(0x0000000bfbf00000,0x0000000bfc000000)]
  0x000001ae58446840 JavaThread "C1 CompilerThread0" daemon [_thread_blocked, id=18772, stack(0x0000000bfc000000,0x0000000bfc100000)]
  0x000001ae58457280 JavaThread "Sweeper thread" daemon [_thread_blocked, id=22928, stack(0x0000000bfc100000,0x0000000bfc200000)]
  0x000001ae584b5e40 JavaThread "Common-Cleaner" daemon [_thread_blocked, id=16788, stack(0x0000000bfc200000,0x0000000bfc300000)]
  0x000001ae42b1c5d0 JavaThread "C1 CompilerThread1" daemon [_thread_blocked, id=21312, stack(0x0000000bfc300000,0x0000000bfc400000)]
  0x000001ae58545e30 JavaThread "C1 CompilerThread2" daemon [_thread_blocked, id=16612, stack(0x0000000bfc400000,0x0000000bfc500000)]
  0x000001ae58574320 JavaThread "C1 CompilerThread3" daemon [_thread_blocked, id=5972, stack(0x0000000bfc500000,0x0000000bfc600000)]
  0x000001ae585ca5e0 JavaThread "JDWP Transport Listener: dt_socket" daemon [_thread_blocked, id=17084, stack(0x0000000bfc600000,0x0000000bfc700000)]
  0x000001ae585b7820 JavaThread "JDWP Event Helper Thread" daemon [_thread_blocked, id=9776, stack(0x0000000bfc700000,0x0000000bfc800000)]
  0x000001ae585cdce0 JavaThread "JDWP Command Reader" daemon [_thread_in_native, id=22024, stack(0x0000000bfc800000,0x0000000bfc900000)]
  0x000001ae58e0b350 JavaThread "Notification Thread" daemon [_thread_blocked, id=16584, stack(0x0000000bfc900000,0x0000000bfca00000)]
  0x000001ae58f31430 JavaThread "RMI TCP Accept-0" daemon [_thread_in_native, id=20072, stack(0x0000000bfca00000,0x0000000bfcb00000)]
  0x000001ae9e226790 JavaThread "RMI TCP Connection(1)-10.18.8.50" daemon [_thread_in_native, id=16456, stack(0x0000000bfd500000,0x0000000bfd600000)]
  0x000001ae9e29c580 JavaThread "RMI Scheduler(0)" daemon [_thread_blocked, id=15352, stack(0x0000000bfd600000,0x0000000bfd700000)]
  0x000001ae9e2b9250 JavaThread "Thread-0" [_thread_blocked, id=1560, stack(0x0000000bfd700000,0x0000000bfd800000)]
  0x000001ae9e2c14a0 JavaThread "restartedMain" [_thread_blocked, id=13520, stack(0x0000000bfd800000,0x0000000bfd900000)]
  0x000001ae9e4af8c0 JavaThread "background-preinit" [_thread_blocked, id=13784, stack(0x0000000bfd900000,0x0000000bfda00000)]

Other Threads:
  0x000001ae42b26340 VMThread "VM Thread" [stack: 0x0000000bfb900000,0x0000000bfba00000] [id=16388]
  0x000001ae37491450 WatcherThread [stack: 0x0000000bfcb00000,0x0000000bfcc00000] [id=20408]
  0x000001ae429b09e0 GCTaskThread "GC Thread#0" [stack: 0x0000000bfb400000,0x0000000bfb500000] [id=24068]
  0x000001ae58f4da30 GCTaskThread "GC Thread#1" [stack: 0x0000000bfcc00000,0x0000000bfcd00000] [id=15900]
=>0x000001ae58f80010 GCTaskThread "GC Thread#2" [stack: 0x0000000bfcd00000,0x0000000bfce00000] [id=13884]
  0x000001ae58f806e0 GCTaskThread "GC Thread#3" [stack: 0x0000000bfce00000,0x0000000bfcf00000] [id=18052]
  0x000001ae58f809a0 GCTaskThread "GC Thread#4" [stack: 0x0000000bfcf00000,0x0000000bfd000000] [id=3012]
  0x000001ae58f53280 GCTaskThread "GC Thread#5" [stack: 0x0000000bfd000000,0x0000000bfd100000] [id=21688]
  0x000001ae58f53d50 GCTaskThread "GC Thread#6" [stack: 0x0000000bfd100000,0x0000000bfd200000] [id=12912]
  0x000001ae58f54010 GCTaskThread "GC Thread#7" [stack: 0x0000000bfd200000,0x0000000bfd300000] [id=14472]
  0x000001ae37473540 ConcurrentGCThread "G1 Main Marker" [stack: 0x0000000bfb500000,0x0000000bfb600000] [id=4852]
  0x000001ae37473e60 ConcurrentGCThread "G1 Conc#0" [stack: 0x0000000bfb600000,0x0000000bfb700000] [id=23104]
  0x000001ae42a66560 ConcurrentGCThread "G1 Refine#0" [stack: 0x0000000bfb700000,0x0000000bfb800000] [id=9272]
  0x000001ae58f542d0 ConcurrentGCThread "G1 Refine#1" [stack: 0x0000000bfd300000,0x0000000bfd400000] [id=21908]
  0x000001ae58f54dd0 ConcurrentGCThread "G1 Refine#2" [stack: 0x0000000bfd400000,0x0000000bfd500000] [id=20180]
  0x000001ae42a66ea0 ConcurrentGCThread "G1 Service" [stack: 0x0000000bfb800000,0x0000000bfb900000] [id=9676]

Threads with active compile tasks:

VM state: at safepoint (normal execution)

VM Mutex/Monitor currently owned by a thread:  ([mutex/lock_event])
[0x000001ae3742f540] Threads_lock - owner thread: 0x000001ae42b26340
[0x000001ae37430620] Heap_lock - owner thread: 0x000001ae9e4af8c0

Heap address: 0x0000000601400000, size: 8172 MB, Compressed Oops mode: Zero based, Oop shift amount: 3

CDS archive(s) mapped at: [0x000001ae59000000-0x000001ae59bd0000-0x000001ae59bd0000), size 12386304, SharedBaseAddress: 0x000001ae59000000, ArchiveRelocationMode: 1.
Compressed class space mapped at: 0x000001ae5a000000-0x000001ae9a000000, reserved size: 1073741824
Narrow klass base: 0x000001ae59000000, Narrow klass shift: 0, Narrow klass range: 0x100000000

GC Precious Log:
 CPUs: 8 total, 8 available
 Memory: 32674M
 Large Page Support: Disabled
 NUMA Support: Disabled
 Compressed Oops: Enabled (Zero based)
 Heap Region Size: 4M
 Heap Min Capacity: 8M
 Heap Initial Capacity: 512M
 Heap Max Capacity: 8172M
 Pre-touch: Disabled
 Parallel Workers: 8
 Concurrent Workers: 2
 Concurrent Refinement Workers: 8
 Periodic GC: Disabled

Heap:
 garbage-first heap   total 524288K, used 63836K [0x0000000601400000, 0x0000000800000000)
  region size 4096K, 15 young (61440K), 2 survivors (8192K)
 Metaspace       used 18518K, committed 18816K, reserved 1114112K
  class space    used 2442K, committed 2560K, reserved 1048576K

Heap Regions: E=young(eden), S=young(survivor), O=old, HS=humongous(starts), HC=humongous(continues), CS=collection set, F=free, OA=open archive, CA=closed archive, TAMS=top-at-mark-start (previous, next)
|   0|0x0000000601400000, 0x0000000601800000, 0x0000000601800000|100%| O|  |TAMS 0x0000000601400000, 0x0000000601400000| Untracked 
|   1|0x0000000601800000, 0x0000000601c00000, 0x0000000601c00000|100%| O|  |TAMS 0x0000000601800000, 0x0000000601800000| Untracked 
|   2|0x0000000601c00000, 0x0000000601d03208, 0x0000000602000000| 25%| O|  |TAMS 0x0000000601c00000, 0x0000000601c00000| Untracked 
|   3|0x0000000602000000, 0x0000000602000000, 0x0000000602400000|  0%| F|  |TAMS 0x0000000602000000, 0x0000000602000000| Untracked 
|   4|0x0000000602400000, 0x0000000602400000, 0x0000000602800000|  0%| F|  |TAMS 0x0000000602400000, 0x0000000602400000| Untracked 
|   5|0x0000000602800000, 0x0000000602800000, 0x0000000602c00000|  0%| F|  |TAMS 0x0000000602800000, 0x0000000602800000| Untracked 
|   6|0x0000000602c00000, 0x0000000602c00000, 0x0000000603000000|  0%| F|  |TAMS 0x0000000602c00000, 0x0000000602c00000| Untracked 
|   7|0x0000000603000000, 0x0000000603000000, 0x0000000603400000|  0%| F|  |TAMS 0x0000000603000000, 0x0000000603000000| Untracked 
|   8|0x0000000603400000, 0x0000000603400000, 0x0000000603800000|  0%| F|  |TAMS 0x0000000603400000, 0x0000000603400000| Untracked 
|   9|0x0000000603800000, 0x0000000603800000, 0x0000000603c00000|  0%| F|  |TAMS 0x0000000603800000, 0x0000000603800000| Untracked 
|  10|0x0000000603c00000, 0x0000000603c00000, 0x0000000604000000|  0%| F|  |TAMS 0x0000000603c00000, 0x0000000603c00000| Untracked 
|  11|0x0000000604000000, 0x0000000604000000, 0x0000000604400000|  0%| F|  |TAMS 0x0000000604000000, 0x0000000604000000| Untracked 
|  12|0x0000000604400000, 0x0000000604400000, 0x0000000604800000|  0%| F|  |TAMS 0x0000000604400000, 0x0000000604400000| Untracked 
|  13|0x0000000604800000, 0x0000000604800000, 0x0000000604c00000|  0%| F|  |TAMS 0x0000000604800000, 0x0000000604800000| Untracked 
|  14|0x0000000604c00000, 0x0000000604c00000, 0x0000000605000000|  0%| F|  |TAMS 0x0000000604c00000, 0x0000000604c00000| Untracked 
|  15|0x0000000605000000, 0x0000000605000000, 0x0000000605400000|  0%| F|  |TAMS 0x0000000605000000, 0x0000000605000000| Untracked 
|  16|0x0000000605400000, 0x0000000605400000, 0x0000000605800000|  0%| F|  |TAMS 0x0000000605400000, 0x0000000605400000| Untracked 
|  17|0x0000000605800000, 0x0000000605800000, 0x0000000605c00000|  0%| F|  |TAMS 0x0000000605800000, 0x0000000605800000| Untracked 
|  18|0x0000000605c00000, 0x0000000605c00000, 0x0000000606000000|  0%| F|  |TAMS 0x0000000605c00000, 0x0000000605c00000| Untracked 
|  19|0x0000000606000000, 0x0000000606000000, 0x0000000606400000|  0%| F|  |TAMS 0x0000000606000000, 0x0000000606000000| Untracked 
|  20|0x0000000606400000, 0x0000000606400000, 0x0000000606800000|  0%| F|  |TAMS 0x0000000606400000, 0x0000000606400000| Untracked 
|  21|0x0000000606800000, 0x0000000606800000, 0x0000000606c00000|  0%| F|  |TAMS 0x0000000606800000, 0x0000000606800000| Untracked 
|  22|0x0000000606c00000, 0x0000000606c00000, 0x0000000607000000|  0%| F|  |TAMS 0x0000000606c00000, 0x0000000606c00000| Untracked 
|  23|0x0000000607000000, 0x0000000607000000, 0x0000000607400000|  0%| F|  |TAMS 0x0000000607000000, 0x0000000607000000| Untracked 
|  24|0x0000000607400000, 0x0000000607400000, 0x0000000607800000|  0%| F|  |TAMS 0x0000000607400000, 0x0000000607400000| Untracked 
|  25|0x0000000607800000, 0x0000000607800000, 0x0000000607c00000|  0%| F|  |TAMS 0x0000000607800000, 0x0000000607800000| Untracked 
|  26|0x0000000607c00000, 0x0000000607c00000, 0x0000000608000000|  0%| F|  |TAMS 0x0000000607c00000, 0x0000000607c00000| Untracked 
|  27|0x0000000608000000, 0x0000000608000000, 0x0000000608400000|  0%| F|  |TAMS 0x0000000608000000, 0x0000000608000000| Untracked 
|  28|0x0000000608400000, 0x0000000608400000, 0x0000000608800000|  0%| F|  |TAMS 0x0000000608400000, 0x0000000608400000| Untracked 
|  29|0x0000000608800000, 0x0000000608800000, 0x0000000608c00000|  0%| F|  |TAMS 0x0000000608800000, 0x0000000608800000| Untracked 
|  30|0x0000000608c00000, 0x0000000608c00000, 0x0000000609000000|  0%| F|  |TAMS 0x0000000608c00000, 0x0000000608c00000| Untracked 
|  31|0x0000000609000000, 0x0000000609000000, 0x0000000609400000|  0%| F|  |TAMS 0x0000000609000000, 0x0000000609000000| Untracked 
|  32|0x0000000609400000, 0x0000000609400000, 0x0000000609800000|  0%| F|  |TAMS 0x0000000609400000, 0x0000000609400000| Untracked 
|  33|0x0000000609800000, 0x0000000609800000, 0x0000000609c00000|  0%| F|  |TAMS 0x0000000609800000, 0x0000000609800000| Untracked 
|  34|0x0000000609c00000, 0x0000000609c00000, 0x000000060a000000|  0%| F|  |TAMS 0x0000000609c00000, 0x0000000609c00000| Untracked 
|  35|0x000000060a000000, 0x000000060a000000, 0x000000060a400000|  0%| F|  |TAMS 0x000000060a000000, 0x000000060a000000| Untracked 
|  36|0x000000060a400000, 0x000000060a400000, 0x000000060a800000|  0%| F|  |TAMS 0x000000060a400000, 0x000000060a400000| Untracked 
|  37|0x000000060a800000, 0x000000060a800000, 0x000000060ac00000|  0%| F|  |TAMS 0x000000060a800000, 0x000000060a800000| Untracked 
|  38|0x000000060ac00000, 0x000000060ac00000, 0x000000060b000000|  0%| F|  |TAMS 0x000000060ac00000, 0x000000060ac00000| Untracked 
|  39|0x000000060b000000, 0x000000060b000000, 0x000000060b400000|  0%| F|  |TAMS 0x000000060b000000, 0x000000060b000000| Untracked 
|  40|0x000000060b400000, 0x000000060b400000, 0x000000060b800000|  0%| F|  |TAMS 0x000000060b400000, 0x000000060b400000| Untracked 
|  41|0x000000060b800000, 0x000000060b800000, 0x000000060bc00000|  0%| F|  |TAMS 0x000000060b800000, 0x000000060b800000| Untracked 
|  42|0x000000060bc00000, 0x000000060bc00000, 0x000000060c000000|  0%| F|  |TAMS 0x000000060bc00000, 0x000000060bc00000| Untracked 
|  43|0x000000060c000000, 0x000000060c000000, 0x000000060c400000|  0%| F|  |TAMS 0x000000060c000000, 0x000000060c000000| Untracked 
|  44|0x000000060c400000, 0x000000060c400000, 0x000000060c800000|  0%| F|  |TAMS 0x000000060c400000, 0x000000060c400000| Untracked 
|  45|0x000000060c800000, 0x000000060c800000, 0x000000060cc00000|  0%| F|  |TAMS 0x000000060c800000, 0x000000060c800000| Untracked 
|  46|0x000000060cc00000, 0x000000060cc00000, 0x000000060d000000|  0%| F|  |TAMS 0x000000060cc00000, 0x000000060cc00000| Untracked 
|  47|0x000000060d000000, 0x000000060d000000, 0x000000060d400000|  0%| F|  |TAMS 0x000000060d000000, 0x000000060d000000| Untracked 
|  48|0x000000060d400000, 0x000000060d400000, 0x000000060d800000|  0%| F|  |TAMS 0x000000060d400000, 0x000000060d400000| Untracked 
|  49|0x000000060d800000, 0x000000060d800000, 0x000000060dc00000|  0%| F|  |TAMS 0x000000060d800000, 0x000000060d800000| Untracked 
|  50|0x000000060dc00000, 0x000000060dc00000, 0x000000060e000000|  0%| F|  |TAMS 0x000000060dc00000, 0x000000060dc00000| Untracked 
|  51|0x000000060e000000, 0x000000060e000000, 0x000000060e400000|  0%| F|  |TAMS 0x000000060e000000, 0x000000060e000000| Untracked 
|  52|0x000000060e400000, 0x000000060e400000, 0x000000060e800000|  0%| F|  |TAMS 0x000000060e400000, 0x000000060e400000| Untracked 
|  53|0x000000060e800000, 0x000000060e800000, 0x000000060ec00000|  0%| F|  |TAMS 0x000000060e800000, 0x000000060e800000| Untracked 
|  54|0x000000060ec00000, 0x000000060ec00000, 0x000000060f000000|  0%| F|  |TAMS 0x000000060ec00000, 0x000000060ec00000| Untracked 
|  55|0x000000060f000000, 0x000000060f000000, 0x000000060f400000|  0%| F|  |TAMS 0x000000060f000000, 0x000000060f000000| Untracked 
|  56|0x000000060f400000, 0x000000060f400000, 0x000000060f800000|  0%| F|  |TAMS 0x000000060f400000, 0x000000060f400000| Untracked 
|  57|0x000000060f800000, 0x000000060f800000, 0x000000060fc00000|  0%| F|  |TAMS 0x000000060f800000, 0x000000060f800000| Untracked 
|  58|0x000000060fc00000, 0x000000060fc00000, 0x0000000610000000|  0%| F|  |TAMS 0x000000060fc00000, 0x000000060fc00000| Untracked 
|  59|0x0000000610000000, 0x0000000610000000, 0x0000000610400000|  0%| F|  |TAMS 0x0000000610000000, 0x0000000610000000| Untracked 
|  60|0x0000000610400000, 0x0000000610400000, 0x0000000610800000|  0%| F|  |TAMS 0x0000000610400000, 0x0000000610400000| Untracked 
|  61|0x0000000610800000, 0x0000000610800000, 0x0000000610c00000|  0%| F|  |TAMS 0x0000000610800000, 0x0000000610800000| Untracked 
|  62|0x0000000610c00000, 0x0000000610c00000, 0x0000000611000000|  0%| F|  |TAMS 0x0000000610c00000, 0x0000000610c00000| Untracked 
|  63|0x0000000611000000, 0x0000000611000000, 0x0000000611400000|  0%| F|  |TAMS 0x0000000611000000, 0x0000000611000000| Untracked 
|  64|0x0000000611400000, 0x0000000611400000, 0x0000000611800000|  0%| F|  |TAMS 0x0000000611400000, 0x0000000611400000| Untracked 
|  65|0x0000000611800000, 0x0000000611800000, 0x0000000611c00000|  0%| F|  |TAMS 0x0000000611800000, 0x0000000611800000| Untracked 
|  66|0x0000000611c00000, 0x0000000611c00000, 0x0000000612000000|  0%| F|  |TAMS 0x0000000611c00000, 0x0000000611c00000| Untracked 
|  67|0x0000000612000000, 0x0000000612000000, 0x0000000612400000|  0%| F|  |TAMS 0x0000000612000000, 0x0000000612000000| Untracked 
|  68|0x0000000612400000, 0x0000000612400000, 0x0000000612800000|  0%| F|  |TAMS 0x0000000612400000, 0x0000000612400000| Untracked 
|  69|0x0000000612800000, 0x0000000612800000, 0x0000000612c00000|  0%| F|  |TAMS 0x0000000612800000, 0x0000000612800000| Untracked 
|  70|0x0000000612c00000, 0x0000000612c00000, 0x0000000613000000|  0%| F|  |TAMS 0x0000000612c00000, 0x0000000612c00000| Untracked 
|  71|0x0000000613000000, 0x0000000613000000, 0x0000000613400000|  0%| F|  |TAMS 0x0000000613000000, 0x0000000613000000| Untracked 
|  72|0x0000000613400000, 0x0000000613400000, 0x0000000613800000|  0%| F|  |TAMS 0x0000000613400000, 0x0000000613400000| Untracked 
|  73|0x0000000613800000, 0x0000000613800000, 0x0000000613c00000|  0%| F|  |TAMS 0x0000000613800000, 0x0000000613800000| Untracked 
|  74|0x0000000613c00000, 0x0000000613c00000, 0x0000000614000000|  0%| F|  |TAMS 0x0000000613c00000, 0x0000000613c00000| Untracked 
|  75|0x0000000614000000, 0x0000000614000000, 0x0000000614400000|  0%| F|  |TAMS 0x0000000614000000, 0x0000000614000000| Untracked 
|  76|0x0000000614400000, 0x0000000614400000, 0x0000000614800000|  0%| F|  |TAMS 0x0000000614400000, 0x0000000614400000| Untracked 
|  77|0x0000000614800000, 0x0000000614800000, 0x0000000614c00000|  0%| F|  |TAMS 0x0000000614800000, 0x0000000614800000| Untracked 
|  78|0x0000000614c00000, 0x0000000614c00000, 0x0000000615000000|  0%| F|  |TAMS 0x0000000614c00000, 0x0000000614c00000| Untracked 
|  79|0x0000000615000000, 0x0000000615000000, 0x0000000615400000|  0%| F|  |TAMS 0x0000000615000000, 0x0000000615000000| Untracked 
|  80|0x0000000615400000, 0x0000000615400000, 0x0000000615800000|  0%| F|  |TAMS 0x0000000615400000, 0x0000000615400000| Untracked 
|  81|0x0000000615800000, 0x0000000615800000, 0x0000000615c00000|  0%| F|  |TAMS 0x0000000615800000, 0x0000000615800000| Untracked 
|  82|0x0000000615c00000, 0x0000000615c00000, 0x0000000616000000|  0%| F|  |TAMS 0x0000000615c00000, 0x0000000615c00000| Untracked 
|  83|0x0000000616000000, 0x0000000616000000, 0x0000000616400000|  0%| F|  |TAMS 0x0000000616000000, 0x0000000616000000| Untracked 
|  84|0x0000000616400000, 0x0000000616400000, 0x0000000616800000|  0%| F|  |TAMS 0x0000000616400000, 0x0000000616400000| Untracked 
|  85|0x0000000616800000, 0x0000000616800000, 0x0000000616c00000|  0%| F|  |TAMS 0x0000000616800000, 0x0000000616800000| Untracked 
|  86|0x0000000616c00000, 0x0000000616c00000, 0x0000000617000000|  0%| F|  |TAMS 0x0000000616c00000, 0x0000000616c00000| Untracked 
|  87|0x0000000617000000, 0x0000000617000000, 0x0000000617400000|  0%| F|  |TAMS 0x0000000617000000, 0x0000000617000000| Untracked 
|  88|0x0000000617400000, 0x0000000617400000, 0x0000000617800000|  0%| F|  |TAMS 0x0000000617400000, 0x0000000617400000| Untracked 
|  89|0x0000000617800000, 0x0000000617800000, 0x0000000617c00000|  0%| F|  |TAMS 0x0000000617800000, 0x0000000617800000| Untracked 
|  90|0x0000000617c00000, 0x0000000617c00000, 0x0000000618000000|  0%| F|  |TAMS 0x0000000617c00000, 0x0000000617c00000| Untracked 
|  91|0x0000000618000000, 0x0000000618000000, 0x0000000618400000|  0%| F|  |TAMS 0x0000000618000000, 0x0000000618000000| Untracked 
|  92|0x0000000618400000, 0x0000000618400000, 0x0000000618800000|  0%| F|  |TAMS 0x0000000618400000, 0x0000000618400000| Untracked 
|  93|0x0000000618800000, 0x0000000618800000, 0x0000000618c00000|  0%| F|  |TAMS 0x0000000618800000, 0x0000000618800000| Untracked 
|  94|0x0000000618c00000, 0x0000000618c00000, 0x0000000619000000|  0%| F|  |TAMS 0x0000000618c00000, 0x0000000618c00000| Untracked 
|  95|0x0000000619000000, 0x0000000619000000, 0x0000000619400000|  0%| F|  |TAMS 0x0000000619000000, 0x0000000619000000| Untracked 
|  96|0x0000000619400000, 0x0000000619400000, 0x0000000619800000|  0%| F|  |TAMS 0x0000000619400000, 0x0000000619400000| Untracked 
|  97|0x0000000619800000, 0x0000000619800000, 0x0000000619c00000|  0%| F|  |TAMS 0x0000000619800000, 0x0000000619800000| Untracked 
|  98|0x0000000619c00000, 0x0000000619c00000, 0x000000061a000000|  0%| F|  |TAMS 0x0000000619c00000, 0x0000000619c00000| Untracked 
|  99|0x000000061a000000, 0x000000061a000000, 0x000000061a400000|  0%| F|  |TAMS 0x000000061a000000, 0x000000061a000000| Untracked 
| 100|0x000000061a400000, 0x000000061a400000, 0x000000061a800000|  0%| F|  |TAMS 0x000000061a400000, 0x000000061a400000| Untracked 
| 101|0x000000061a800000, 0x000000061a800000, 0x000000061ac00000|  0%| F|  |TAMS 0x000000061a800000, 0x000000061a800000| Untracked 
| 102|0x000000061ac00000, 0x000000061ac00000, 0x000000061b000000|  0%| F|  |TAMS 0x000000061ac00000, 0x000000061ac00000| Untracked 
| 103|0x000000061b000000, 0x000000061b000000, 0x000000061b400000|  0%| F|  |TAMS 0x000000061b000000, 0x000000061b000000| Untracked 
| 104|0x000000061b400000, 0x000000061b400000, 0x000000061b800000|  0%| F|  |TAMS 0x000000061b400000, 0x000000061b400000| Untracked 
| 105|0x000000061b800000, 0x000000061b800000, 0x000000061bc00000|  0%| F|  |TAMS 0x000000061b800000, 0x000000061b800000| Untracked 
| 106|0x000000061bc00000, 0x000000061bc00000, 0x000000061c000000|  0%| F|  |TAMS 0x000000061bc00000, 0x000000061bc00000| Untracked 
| 107|0x000000061c000000, 0x000000061c000000, 0x000000061c400000|  0%| F|  |TAMS 0x000000061c000000, 0x000000061c000000| Untracked 
| 108|0x000000061c400000, 0x000000061c400000, 0x000000061c800000|  0%| F|  |TAMS 0x000000061c400000, 0x000000061c400000| Untracked 
| 109|0x000000061c800000, 0x000000061c800000, 0x000000061cc00000|  0%| F|  |TAMS 0x000000061c800000, 0x000000061c800000| Untracked 
| 110|0x000000061cc00000, 0x000000061cc00000, 0x000000061d000000|  0%| F|  |TAMS 0x000000061cc00000, 0x000000061cc00000| Untracked 
| 111|0x000000061d000000, 0x000000061d000000, 0x000000061d400000|  0%| F|  |TAMS 0x000000061d000000, 0x000000061d000000| Untracked 
| 112|0x000000061d400000, 0x000000061d40ec60, 0x000000061d800000|  1%| S|  |TAMS 0x000000061d400000, 0x000000061d400000| Complete 
| 113|0x000000061d800000, 0x000000061dc00000, 0x000000061dc00000|100%| S|  |TAMS 0x000000061d800000, 0x000000061d800000| Complete 
| 114|0x000000061dc00000, 0x000000061e000000, 0x000000061e000000|100%| E|CS|TAMS 0x000000061dc00000, 0x000000061dc00000| Complete 
| 115|0x000000061e000000, 0x000000061e400000, 0x000000061e400000|100%| E|CS|TAMS 0x000000061e000000, 0x000000061e000000| Complete 
| 116|0x000000061e400000, 0x000000061e800000, 0x000000061e800000|100%| E|CS|TAMS 0x000000061e400000, 0x000000061e400000| Complete 
| 117|0x000000061e800000, 0x000000061ec00000, 0x000000061ec00000|100%| E|CS|TAMS 0x000000061e800000, 0x000000061e800000| Complete 
| 118|0x000000061ec00000, 0x000000061f000000, 0x000000061f000000|100%| E|CS|TAMS 0x000000061ec00000, 0x000000061ec00000| Complete 
| 119|0x000000061f000000, 0x000000061f400000, 0x000000061f400000|100%| E|CS|TAMS 0x000000061f000000, 0x000000061f000000| Complete 
| 120|0x000000061f400000, 0x000000061f800000, 0x000000061f800000|100%| E|CS|TAMS 0x000000061f400000, 0x000000061f400000| Complete 
| 121|0x000000061f800000, 0x000000061fc00000, 0x000000061fc00000|100%| E|CS|TAMS 0x000000061f800000, 0x000000061f800000| Complete 
| 122|0x000000061fc00000, 0x000000061fd540d8, 0x0000000620000000| 33%| E|CS|TAMS 0x000000061fc00000, 0x000000061fc00000| Complete 
| 123|0x0000000620000000, 0x0000000620400000, 0x0000000620400000|100%| E|CS|TAMS 0x0000000620000000, 0x0000000620000000| Complete 
| 124|0x0000000620400000, 0x0000000620800000, 0x0000000620800000|100%| E|CS|TAMS 0x0000000620400000, 0x0000000620400000| Complete 
| 125|0x0000000620800000, 0x0000000620c00000, 0x0000000620c00000|100%| E|CS|TAMS 0x0000000620800000, 0x0000000620800000| Complete 
| 126|0x0000000620c00000, 0x0000000621000000, 0x0000000621000000|100%| E|CS|TAMS 0x0000000620c00000, 0x0000000620c00000| Complete 
| 127|0x0000000621000000, 0x0000000621400000, 0x0000000621400000|100%| E|CS|TAMS 0x0000000621000000, 0x0000000621000000| Complete 

Card table byte_map: [0x000001ae43b30000,0x000001ae44b30000] _byte_map_base: 0x000001ae40b26000

Marking Bits (Prev, Next): (CMBitMap*) 0x000001ae37462cc0, (CMBitMap*) 0x000001ae37462d00
 Prev Bits: [0x000001ae45b30000, 0x000001ae4dae0000)
 Next Bits: [0x000001ae4dae0000, 0x000001ae55a90000)

Polling page: 0x000001ae374a0000

Metaspace:

Usage:
  Non-class:     15.70 MB used.
      Class:      2.38 MB used.
       Both:     18.08 MB used.

Virtual space:
  Non-class space:       64.00 MB reserved,      15.88 MB ( 25%) committed,  1 nodes.
      Class space:        1.00 GB reserved,       2.50 MB ( <1%) committed,  1 nodes.
             Both:        1.06 GB reserved,      18.38 MB (  2%) committed. 

Chunk freelists:
   Non-Class:  15.81 MB
       Class:  13.45 MB
        Both:  29.26 MB

MaxMetaspaceSize: unlimited
CompressedClassSpaceSize: 1.00 GB
Initial GC threshold: 21.00 MB
Current GC threshold: 21.00 MB
CDS: on
MetaspaceReclaimPolicy: balanced
 - commit_granule_bytes: 65536.
 - commit_granule_words: 8192.
 - virtual_space_node_default_size: 8388608.
 - enlarge_chunks_in_place: 1.
 - new_chunks_are_fully_committed: 0.
 - uncommit_free_chunks: 1.
 - use_allocation_guard: 0.
 - handle_deallocations: 1.


Internal statistics:

num_allocs_failed_limit: 0.
num_arena_births: 328.
num_arena_deaths: 0.
num_vsnodes_births: 2.
num_vsnodes_deaths: 0.
num_space_committed: 294.
num_space_uncommitted: 0.
num_chunks_returned_to_freelist: 0.
num_chunks_taken_from_freelist: 878.
num_chunk_merges: 0.
num_chunk_splits: 597.
num_chunks_enlarged: 427.
num_inconsistent_stats: 0.

CodeCache: size=49152Kb used=6669Kb max_used=6669Kb free=42482Kb
 bounds [0x000001ae3f090000, 0x000001ae3f720000, 0x000001ae42090000]
 total_blobs=2853 nmethods=2346 adapters=431
 compilation: enabled
              stopped_count=0, restarted_count=0
 full_count=0

Compilation events (20 events):
Event: 2.507 Thread 0x000001ae58545e30 2338       1       sun.reflect.annotation.AnnotationParser::parseSig (62 bytes)
Event: 2.507 Thread 0x000001ae42b1c5d0 2339       1       sun.reflect.generics.parser.SignatureParser::parseTypeSig (10 bytes)
Event: 2.507 Thread 0x000001ae58574320 2340       1       sun.reflect.annotation.AnnotationParser::toClass (32 bytes)
Event: 2.507 Thread 0x000001ae42b1c5d0 nmethod 2339 0x000001ae3f710490 code [0x000001ae3f710620, 0x000001ae3f710768]
Event: 2.507 Thread 0x000001ae58574320 nmethod 2340 0x000001ae3f710810 code [0x000001ae3f710a00, 0x000001ae3f710dc8]
Event: 2.508 Thread 0x000001ae58545e30 nmethod 2338 0x000001ae3f710f90 code [0x000001ae3f7111a0, 0x000001ae3f711898]
Event: 2.509 Thread 0x000001ae58574320 2341       1       jdk.internal.reflect.ClassFileAssembler::getLength (11 bytes)
Event: 2.509 Thread 0x000001ae58574320 nmethod 2341 0x000001ae3f711c10 code [0x000001ae3f711da0, 0x000001ae3f711eb8]
Event: 2.511 Thread 0x000001ae58574320 2342       1       org.springframework.asm.ClassReader::readUnsignedShort (26 bytes)
Event: 2.511 Thread 0x000001ae58574320 nmethod 2342 0x000001ae3f711f90 code [0x000001ae3f712120, 0x000001ae3f712258]
Event: 2.520 Thread 0x000001ae58574320 2343       1       sun.reflect.annotation.AnnotationType::memberTypes (5 bytes)
Event: 2.520 Thread 0x000001ae42b1c5d0 2344       1       sun.reflect.annotation.AnnotationType::memberDefaults (5 bytes)
Event: 2.520 Thread 0x000001ae42b1c5d0 nmethod 2344 0x000001ae3f712310 code [0x000001ae3f7124a0, 0x000001ae3f712578]
Event: 2.520 Thread 0x000001ae58574320 nmethod 2343 0x000001ae3f712610 code [0x000001ae3f7127a0, 0x000001ae3f712878]
Event: 2.520 Thread 0x000001ae58446840 2345       1       sun.reflect.annotation.AnnotationType::getInstance (65 bytes)
Event: 2.520 Thread 0x000001ae58545e30 2346       1       java.lang.System$2::getAnnotationType (5 bytes)
Event: 2.520 Thread 0x000001ae58545e30 nmethod 2346 0x000001ae3f712910 code [0x000001ae3f712aa0, 0x000001ae3f712b78]
Event: 2.520 Thread 0x000001ae58574320 2347       1       jdk.internal.reflect.ClassFileAssembler::incStack (11 bytes)
Event: 2.520 Thread 0x000001ae58574320 nmethod 2347 0x000001ae3f712c10 code [0x000001ae3f712da0, 0x000001ae3f712e78]
Event: 2.520 Thread 0x000001ae58446840 nmethod 2345 0x000001ae3f712f10 code [0x000001ae3f7130c0, 0x000001ae3f7133c8]

GC Heap History (5 events):
Event: 0.912 GC heap before
{Heap before GC invocations=0 (full 0):
 garbage-first heap   total 524288K, used 20480K [0x0000000601400000, 0x0000000800000000)
  region size 4096K, 6 young (24576K), 0 survivors (0K)
 Metaspace       used 5725K, committed 5888K, reserved 1114112K
  class space    used 695K, committed 768K, reserved 1048576K
}
Event: 0.915 GC heap after
{Heap after GC invocations=1 (full 0):
 garbage-first heap   total 524288K, used 8974K [0x0000000601400000, 0x0000000800000000)
  region size 4096K, 1 young (4096K), 1 survivors (4096K)
 Metaspace       used 5725K, committed 5888K, reserved 1114112K
  class space    used 695K, committed 768K, reserved 1048576K
}
Event: 1.436 GC heap before
{Heap before GC invocations=1 (full 0):
 garbage-first heap   total 524288K, used 29454K [0x0000000601400000, 0x0000000800000000)
  region size 4096K, 6 young (24576K), 1 survivors (4096K)
 Metaspace       used 9232K, committed 9472K, reserved 1114112K
  class space    used 1160K, committed 1280K, reserved 1048576K
}
Event: 1.438 GC heap after
{Heap after GC invocations=2 (full 0):
 garbage-first heap   total 524288K, used 10588K [0x0000000601400000, 0x0000000800000000)
  region size 4096K, 1 young (4096K), 1 survivors (4096K)
 Metaspace       used 9232K, committed 9472K, reserved 1114112K
  class space    used 1160K, committed 1280K, reserved 1048576K
}
Event: 2.521 GC heap before
{Heap before GC invocations=2 (full 0):
 garbage-first heap   total 524288K, used 59740K [0x0000000601400000, 0x0000000800000000)
  region size 4096K, 14 young (57344K), 1 survivors (4096K)
 Metaspace       used 18518K, committed 18816K, reserved 1114112K
  class space    used 2442K, committed 2560K, reserved 1048576K
}

Deoptimization events (20 events):
Event: 2.498 Thread 0x000001ae9e4af8c0 DEOPT PACKING pc=0x000001ae3f5048e4 sp=0x0000000bfd9fe040
Event: 2.498 Thread 0x000001ae9e4af8c0 DEOPT UNPACKING pc=0x000001ae3f0e2b43 sp=0x0000000bfd9fd4d8 mode 1
Event: 2.498 Thread 0x000001ae9e4af8c0 DEOPT PACKING pc=0x000001ae3f503b7c sp=0x0000000bfd9fe110
Event: 2.498 Thread 0x000001ae9e4af8c0 DEOPT UNPACKING pc=0x000001ae3f0e2b43 sp=0x0000000bfd9fd5c8 mode 1
Event: 2.505 Thread 0x000001ae9e4af8c0 DEOPT PACKING pc=0x000001ae3f5048e4 sp=0x0000000bfd9fe110
Event: 2.505 Thread 0x000001ae9e4af8c0 DEOPT UNPACKING pc=0x000001ae3f0e2b43 sp=0x0000000bfd9fd5a8 mode 1
Event: 2.505 Thread 0x000001ae9e4af8c0 DEOPT PACKING pc=0x000001ae3f503b7c sp=0x0000000bfd9fe1e0
Event: 2.505 Thread 0x000001ae9e4af8c0 DEOPT UNPACKING pc=0x000001ae3f0e2b43 sp=0x0000000bfd9fd698 mode 1
Event: 2.505 Thread 0x000001ae9e4af8c0 DEOPT PACKING pc=0x000001ae3f5048e4 sp=0x0000000bfd9fe1d0
Event: 2.505 Thread 0x000001ae9e4af8c0 DEOPT UNPACKING pc=0x000001ae3f0e2b43 sp=0x0000000bfd9fd668 mode 1
Event: 2.505 Thread 0x000001ae9e4af8c0 DEOPT PACKING pc=0x000001ae3f503b7c sp=0x0000000bfd9fe2a0
Event: 2.505 Thread 0x000001ae9e4af8c0 DEOPT UNPACKING pc=0x000001ae3f0e2b43 sp=0x0000000bfd9fd758 mode 1
Event: 2.506 Thread 0x000001ae9e4af8c0 DEOPT PACKING pc=0x000001ae3f5048e4 sp=0x0000000bfd9fe2a0
Event: 2.506 Thread 0x000001ae9e4af8c0 DEOPT UNPACKING pc=0x000001ae3f0e2b43 sp=0x0000000bfd9fd738 mode 1
Event: 2.506 Thread 0x000001ae9e4af8c0 DEOPT PACKING pc=0x000001ae3f503b7c sp=0x0000000bfd9fe370
Event: 2.506 Thread 0x000001ae9e4af8c0 DEOPT UNPACKING pc=0x000001ae3f0e2b43 sp=0x0000000bfd9fd828 mode 1
Event: 2.506 Thread 0x000001ae9e4af8c0 DEOPT PACKING pc=0x000001ae3f5048e4 sp=0x0000000bfd9fe360
Event: 2.506 Thread 0x000001ae9e4af8c0 DEOPT UNPACKING pc=0x000001ae3f0e2b43 sp=0x0000000bfd9fd7f8 mode 1
Event: 2.506 Thread 0x000001ae9e4af8c0 DEOPT PACKING pc=0x000001ae3f503b7c sp=0x0000000bfd9fe430
Event: 2.506 Thread 0x000001ae9e4af8c0 DEOPT UNPACKING pc=0x000001ae3f0e2b43 sp=0x0000000bfd9fd8e8 mode 1

Classes unloaded (0 events):
No events

Classes redefined (0 events):
No events

Internal exceptions (20 events):
Event: 1.866 Thread 0x000001ae9e2c14a0 Exception <a 'java/lang/NoSuchMethodError'{0x00000006204901b8}: 'java.lang.Object java.lang.invoke.DirectMethodHandle$Holder.invokeStatic(java.lang.Object, java.lang.Object, long, java.lang.Object)'> (0x00000006204901b8) 
thrown [s\open\src\hotspot\share\interpreter\linkResolver.cpp, line 759]
Event: 1.866 Thread 0x000001ae9e2c14a0 Exception <a 'java/lang/NoSuchMethodError'{0x0000000620493c50}: 'java.lang.Object java.lang.invoke.DirectMethodHandle$Holder.invokeStaticInit(java.lang.Object, java.lang.Object, long, java.lang.Object)'> (0x0000000620493c50) 
thrown [s\open\src\hotspot\share\interpreter\linkResolver.cpp, line 759]
Event: 1.868 Thread 0x000001ae9e2c14a0 Exception <a 'java/lang/NoSuchMethodError'{0x000000062049a1d0}: 'java.lang.Object java.lang.invoke.DirectMethodHandle$Holder.newInvokeSpecial(java.lang.Object, java.lang.Object, long)'> (0x000000062049a1d0) 
thrown [s\open\src\hotspot\share\interpreter\linkResolver.cpp, line 759]
Event: 1.888 Thread 0x000001ae9e2c14a0 Exception <a 'java/lang/NoSuchMethodError'{0x0000000620504d28}: 'void java.lang.invoke.DirectMethodHandle$Holder.invokeSpecial(java.lang.Object, java.lang.Object, java.lang.Object, java.lang.Object, java.lang.Object)'> (0x0000000620504d28) 
thrown [s\open\src\hotspot\share\interpreter\linkResolver.cpp, line 759]
Event: 1.890 Thread 0x000001ae9e2c14a0 Exception <a 'java/lang/NoSuchMethodError'{0x000000062050d2b8}: 'void java.lang.invoke.DirectMethodHandle$Holder.invokeVirtual(java.lang.Object, java.lang.Object, java.lang.Object, java.lang.Object)'> (0x000000062050d2b8) 
thrown [s\open\src\hotspot\share\interpreter\linkResolver.cpp, line 759]
Event: 1.962 Thread 0x000001ae9e2c14a0 Exception <a 'java/lang/NoSuchMethodError'{0x0000000620731ee8}: 'void java.lang.invoke.DirectMethodHandle$Holder.invokeSpecial(java.lang.Object, java.lang.Object, java.lang.Object)'> (0x0000000620731ee8) 
thrown [s\open\src\hotspot\share\interpreter\linkResolver.cpp, line 759]
Event: 1.972 Thread 0x000001ae9e4af8c0 Exception <a 'java/lang/NoClassDefFoundError'{0x00000006207717e8}: jakarta/validation/Validation> (0x00000006207717e8) 
thrown [s\open\src\hotspot\share\classfile\systemDictionary.cpp, line 245]
Event: 1.983 Thread 0x000001ae9e2c14a0 Exception <a 'java/lang/NoSuchMethodError'{0x00000006200182e0}: 'java.lang.Object java.lang.invoke.DirectMethodHandle$Holder.invokeStatic(java.lang.Object, java.lang.Object, int)'> (0x00000006200182e0) 
thrown [s\open\src\hotspot\share\interpreter\linkResolver.cpp, line 759]
Event: 1.985 Thread 0x000001ae9e2c14a0 Exception <a 'java/lang/NoSuchMethodError'{0x0000000620023a50}: 'void java.lang.invoke.DelegatingMethodHandle$Holder.delegate(java.lang.Object, java.lang.Object, int, java.lang.Object)'> (0x0000000620023a50) 
thrown [s\open\src\hotspot\share\interpreter\linkResolver.cpp, line 759]
Event: 2.010 Thread 0x000001ae9e2c14a0 Exception <a 'java/lang/IncompatibleClassChangeError'{0x000000062026aba0}: Found class java.lang.Object, but interface was expected> (0x000000062026aba0) 
thrown [s\open\src\hotspot\share\interpreter\linkResolver.cpp, line 826]
Event: 2.246 Thread 0x000001ae9e226790 Exception <a 'java/lang/reflect/InvocationTargetException'{0x000000062094a2c0}> (0x000000062094a2c0) 
thrown [s\open\src\hotspot\share\runtime\reflection.cpp, line 1121]
Event: 2.431 Thread 0x000001ae9e4af8c0 Exception <a 'java/lang/NoSuchMethodError'{0x000000061e3daba8}: 'long java.lang.invoke.DirectMethodHandle$Holder.invokeSpecial(java.lang.Object, java.lang.Object)'> (0x000000061e3daba8) 
thrown [s\open\src\hotspot\share\interpreter\linkResolver.cpp, line 759]
Event: 2.437 Thread 0x000001ae9e4af8c0 Exception <a 'java/lang/NoSuchMethodError'{0x000000061e3e5f70}: 'long java.lang.invoke.DirectMethodHandle$Holder.invokeStatic(java.lang.Object, java.lang.Object)'> (0x000000061e3e5f70) 
thrown [s\open\src\hotspot\share\interpreter\linkResolver.cpp, line 759]
Event: 2.438 Thread 0x000001ae9e4af8c0 Exception <a 'java/lang/NoSuchMethodError'{0x000000061e3e9570}: 'long java.lang.invoke.DirectMethodHandle$Holder.invokeStaticInit(java.lang.Object, java.lang.Object)'> (0x000000061e3e9570) 
thrown [s\open\src\hotspot\share\interpreter\linkResolver.cpp, line 759]
Event: 2.443 Thread 0x000001ae9e4af8c0 Exception <a 'java/lang/NoSuchMethodError'{0x000000061e3f7098}: 'long java.lang.invoke.DirectMethodHandle$Holder.invokeInterface(java.lang.Object, java.lang.Object)'> (0x000000061e3f7098) 
thrown [s\open\src\hotspot\share\interpreter\linkResolver.cpp, line 759]
Event: 2.444 Thread 0x000001ae9e4af8c0 Exception <a 'java/lang/IncompatibleClassChangeError'{0x000000061dc82fd8}: Found class java.lang.Object, but interface was expected> (0x000000061dc82fd8) 
thrown [s\open\src\hotspot\share\interpreter\linkResolver.cpp, line 826]
Event: 2.472 Thread 0x000001ae9e2c14a0 Exception <a 'sun/nio/fs/WindowsException'{0x000000061dd6e2f8}> (0x000000061dd6e2f8) 
thrown [s\open\src\hotspot\share\prims\jni.cpp, line 516]
Event: 2.472 Thread 0x000001ae9e2c14a0 Exception <a 'java/lang/NoSuchMethodError'{0x000000061dd6f890}: 'int java.lang.invoke.DirectMethodHandle$Holder.invokeSpecial(java.lang.Object, java.lang.Object, java.lang.Object, java.lang.Object, java.lang.Object)'> (0x000000061dd6f890) 
thrown [s\open\src\hotspot\share\interpreter\linkResolver.cpp, line 759]
Event: 2.477 Thread 0x000001ae9e4af8c0 Exception <a 'java/lang/NoSuchMethodError'{0x000000061dd96b58}: 'java.lang.Object java.lang.invoke.DirectMethodHandle$Holder.invokeVirtual(java.lang.Object, java.lang.Object, java.lang.Object, java.lang.Object)'> (0x000000061dd96b58) 
thrown [s\open\src\hotspot\share\interpreter\linkResolver.cpp, line 759]
Event: 2.478 Thread 0x000001ae9e2c14a0 Exception <a 'java/lang/NoSuchMethodError'{0x000000061dd7c3f0}: 'void java.lang.invoke.DirectMethodHandle$Holder.invokeVirtual(java.lang.Object, java.lang.Object)'> (0x000000061dd7c3f0) 
thrown [s\open\src\hotspot\share\interpreter\linkResolver.cpp, line 759]

VM Operations (20 events):
Event: 1.258 Executing VM operation: ChangeBreakpoints done
Event: 1.262 Executing VM operation: ChangeBreakpoints
Event: 1.262 Executing VM operation: ChangeBreakpoints done
Event: 1.362 Executing VM operation: HandshakeAllThreads
Event: 1.362 Executing VM operation: HandshakeAllThreads done
Event: 1.436 Executing VM operation: G1CollectForAllocation
Event: 1.438 Executing VM operation: G1CollectForAllocation done
Event: 1.703 Executing VM operation: HandshakeAllThreads
Event: 1.703 Executing VM operation: HandshakeAllThreads done
Event: 1.943 Executing VM operation: HandshakeAllThreads
Event: 1.943 Executing VM operation: HandshakeAllThreads done
Event: 1.956 Executing VM operation: HandshakeAllThreads
Event: 1.956 Executing VM operation: HandshakeAllThreads done
Event: 2.018 Executing VM operation: ICBufferFull
Event: 2.018 Executing VM operation: ICBufferFull done
Event: 2.362 Executing VM operation: HandshakeAllThreads
Event: 2.362 Executing VM operation: HandshakeAllThreads done
Event: 2.436 Executing VM operation: HandshakeAllThreads
Event: 2.436 Executing VM operation: HandshakeAllThreads done
Event: 2.521 Executing VM operation: G1CollectForAllocation

Events (20 events):
Event: 2.513 loading class org/springframework/core/type/classreading/SimpleMethodMetadata
Event: 2.513 loading class org/springframework/core/type/classreading/SimpleMethodMetadata done
Event: 2.513 loading class org/apache/catalina/util/LifecycleBase
Event: 2.513 loading class org/apache/catalina/util/LifecycleBase done
Event: 2.513 loading class org/springframework/core/type/MethodMetadata
Event: 2.513 loading class org/springframework/core/type/MethodMetadata done
Event: 2.513 loading class org/apache/catalina/Lifecycle
Event: 2.513 loading class org/apache/catalina/Lifecycle done
Event: 2.514 loading class org/springframework/asm/MethodWriter
Event: 2.514 loading class org/springframework/asm/MethodWriter done
Event: 2.514 loading class org/apache/catalina/LifecycleException
Event: 2.514 loading class org/apache/catalina/LifecycleException done
Event: 2.515 loading class org/springframework/core/type/classreading/SimpleMethodMetadataReadingVisitor$Source
Event: 2.515 loading class org/springframework/core/type/classreading/SimpleMethodMetadataReadingVisitor$Source done
Event: 2.517 loading class org/springframework/core/annotation/MergedAnnotation
Event: 2.517 loading class org/springframework/core/annotation/MergedAnnotation done
Event: 2.518 loading class org/springframework/context/annotation/Bean
Event: 2.518 loading class org/springframework/context/annotation/Bean done
Event: 2.520 loading class jakarta/servlet/http/HttpServletResponse
Event: 2.520 loading class jakarta/servlet/http/HttpServletResponse done


Dynamic libraries:
0x00007ff720cf0000 - 0x00007ff720d00000 	C:\Program Files\Java\jdk-17\bin\java.exe
0x00007fff472b0000 - 0x00007fff4749e000 	C:\Windows\SYSTEM32\ntdll.dll
0x00007fff44a10000 - 0x00007fff44ac3000 	C:\Windows\System32\KERNEL32.DLL
0x00007fff43a90000 - 0x00007fff43d2d000 	C:\Windows\System32\KERNELBASE.dll
0x00007fff43990000 - 0x00007fff43a8a000 	C:\Windows\System32\ucrtbase.dll
0x00007fff23130000 - 0x00007fff23149000 	C:\Program Files\Java\jdk-17\bin\jli.dll
0x00007fff259a0000 - 0x00007fff259bb000 	C:\Program Files\Java\jdk-17\bin\VCRUNTIME140.dll
0x00007fff45170000 - 0x00007fff45217000 	C:\Windows\System32\ADVAPI32.dll
0x00007fff450d0000 - 0x00007fff4516e000 	C:\Windows\System32\msvcrt.dll
0x00007fff44ad0000 - 0x00007fff44b6f000 	C:\Windows\System32\sechost.dll
0x00007fff459c0000 - 0x00007fff45ade000 	C:\Windows\System32\RPCRT4.dll
0x00007fff45740000 - 0x00007fff458d7000 	C:\Windows\System32\USER32.dll
0x00007fff43970000 - 0x00007fff43990000 	C:\Windows\System32\win32u.dll
0x00007fff449e0000 - 0x00007fff44a09000 	C:\Windows\System32\GDI32.dll
0x00007fff43730000 - 0x00007fff438db000 	C:\Windows\System32\gdi32full.dll
0x00007fff435c0000 - 0x00007fff43660000 	C:\Windows\System32\msvcp_win.dll
0x00007fff31040000 - 0x00007fff312b9000 	C:\Windows\WinSxS\amd64_microsoft.windows.common-controls_6595b64144ccf1df_6.0.17763.5206_none_de6d611a534ecc77\COMCTL32.dll
0x00007fff44540000 - 0x00007fff4486b000 	C:\Windows\System32\combase.dll
0x00007fff438e0000 - 0x00007fff43962000 	C:\Windows\System32\bcryptPrimitives.dll
0x00007fff43000000 - 0x00007fff4300a000 	C:\Windows\SYSTEM32\VERSION.dll
0x00007fff45be0000 - 0x00007fff45c0e000 	C:\Windows\System32\IMM32.DLL
0x000000006aef0000 - 0x000000006aefd000 	C:\Program Files (x86)\360\360Safe\safemon\SafeWrapper.dll
0x00007fff2f400000 - 0x00007fff2f4ac000 	C:\Program Files (x86)\360\360Safe\safemon\libzdtp64.dll
0x00007fff45cc0000 - 0x00007fff471b8000 	C:\Windows\System32\SHELL32.dll
0x00007fff43360000 - 0x00007fff433aa000 	C:\Windows\System32\cfgmgr32.dll
0x00007fff471d0000 - 0x00007fff47277000 	C:\Windows\System32\shcore.dll
0x00007fff43d90000 - 0x00007fff444d7000 	C:\Windows\System32\windows.storage.dll
0x00007fff432a0000 - 0x00007fff432c3000 	C:\Windows\System32\profapi.dll
0x00007fff432d0000 - 0x00007fff4332d000 	C:\Windows\System32\powrprof.dll
0x00007fff45960000 - 0x00007fff459b2000 	C:\Windows\System32\shlwapi.dll
0x00007fff43260000 - 0x00007fff43271000 	C:\Windows\System32\kernel.appcore.dll
0x00007fff43710000 - 0x00007fff4372b000 	C:\Windows\System32\cryptsp.dll
0x00007fff26db0000 - 0x00007fff26dbc000 	C:\Program Files\Java\jdk-17\bin\vcruntime140_1.dll
0x00007fff069e0000 - 0x00007fff06a6e000 	C:\Program Files\Java\jdk-17\bin\msvcp140.dll
0x00007ffee7a20000 - 0x00007ffee8601000 	C:\Program Files\Java\jdk-17\bin\server\jvm.dll
0x00007fff45bd0000 - 0x00007fff45bd8000 	C:\Windows\System32\PSAPI.DLL
0x00007fff3eee0000 - 0x00007fff3eee9000 	C:\Windows\SYSTEM32\WSOCK32.dll
0x00007fff40950000 - 0x00007fff40974000 	C:\Windows\SYSTEM32\WINMM.dll
0x00007fff45ae0000 - 0x00007fff45b4d000 	C:\Windows\System32\WS2_32.dll
0x00007fff40800000 - 0x00007fff4082d000 	C:\Windows\SYSTEM32\winmmbase.dll
0x00007fff25f30000 - 0x00007fff25f3a000 	C:\Program Files\Java\jdk-17\bin\jimage.dll
0x00007fff42b30000 - 0x00007fff42d1d000 	C:\Windows\SYSTEM32\DBGHELP.DLL
0x00007fff42a80000 - 0x00007fff42aaa000 	C:\Windows\SYSTEM32\dbgcore.DLL
0x00007fff19270000 - 0x00007fff192ab000 	C:\Program Files\Java\jdk-17\bin\jdwp.dll
0x00007fff3b4a0000 - 0x00007fff3b4ae000 	C:\Program Files\Java\jdk-17\bin\instrument.dll
0x00007fff109e0000 - 0x00007fff10a05000 	C:\Program Files\Java\jdk-17\bin\java.dll
0x00007fff17730000 - 0x00007fff17748000 	C:\Program Files\Java\jdk-17\bin\zip.dll
0x00007fff005d0000 - 0x00007fff006a7000 	C:\Program Files\Java\jdk-17\bin\jsvml.dll
0x00007fff3f090000 - 0x00007fff3f09c000 	C:\Program Files\Java\jdk-17\bin\dt_socket.dll
0x00007fff427a0000 - 0x00007fff427dd000 	C:\Windows\SYSTEM32\IPHLPAPI.DLL
0x00007fff42500000 - 0x00007fff42567000 	C:\Windows\system32\mswsock.dll
0x00007fff22390000 - 0x00007fff223a9000 	C:\Program Files\Java\jdk-17\bin\net.dll
0x00007fff3a2e0000 - 0x00007fff3a3dd000 	C:\Windows\SYSTEM32\WINHTTP.dll
0x00007fff1be90000 - 0x00007fff1bea6000 	C:\Program Files\Java\jdk-17\bin\nio.dll
0x00007fff42270000 - 0x00007fff42336000 	C:\Windows\SYSTEM32\DNSAPI.dll
0x00007fff471c0000 - 0x00007fff471c8000 	C:\Windows\System32\NSI.dll
0x00007fff366f0000 - 0x00007fff366fa000 	C:\Windows\System32\rasadhlp.dll
0x00007fff36b80000 - 0x00007fff36bf9000 	C:\Windows\System32\fwpuclnt.dll
0x00007fff43330000 - 0x00007fff43356000 	C:\Windows\System32\bcrypt.dll
0x00007fff3b490000 - 0x00007fff3b49a000 	C:\Program Files\Java\jdk-17\bin\management.dll
0x00007fff3b480000 - 0x00007fff3b48b000 	C:\Program Files\Java\jdk-17\bin\management_ext.dll
0x00007fff420e0000 - 0x00007fff42113000 	C:\Windows\system32\rsaenh.dll
0x00007fff43160000 - 0x00007fff43189000 	C:\Windows\SYSTEM32\USERENV.dll
0x00007fff42730000 - 0x00007fff4273c000 	C:\Windows\SYSTEM32\CRYPTBASE.dll
0x00007fff3d300000 - 0x00007fff3d316000 	C:\Windows\SYSTEM32\dhcpcsvc6.DLL
0x00007fff3d2e0000 - 0x00007fff3d2fc000 	C:\Windows\SYSTEM32\dhcpcsvc.DLL
0x00007fff1bdc0000 - 0x00007fff1bdd6000 	C:\Windows\system32\napinsp.dll
0x00007fff1bda0000 - 0x00007fff1bdba000 	C:\Windows\system32\pnrpnsp.dll
0x00007fff1bd90000 - 0x00007fff1bd9e000 	C:\Windows\System32\winrnr.dll
0x00007fff3f070000 - 0x00007fff3f08b000 	C:\Windows\system32\NLAapi.dll
0x00007fff3b220000 - 0x00007fff3b235000 	C:\Windows\system32\wshbth.dll

dbghelp: loaded successfully - version: 4.0.5 - missing functions: none
symbol engine: initialized successfully - sym options: 0x614 - pdb path: .;C:\Program Files\Java\jdk-17\bin;C:\Windows\SYSTEM32;C:\Windows\WinSxS\amd64_microsoft.windows.common-controls_6595b64144ccf1df_6.0.17763.5206_none_de6d611a534ecc77;C:\Program Files (x86)\360\360Safe\safemon;C:\Program Files\Java\jdk-17\bin\server

VM Arguments:
jvm_args: -agentlib:jdwp=transport=dt_socket,address=127.0.0.1:50040,suspend=y,server=n -XX:TieredStopAtLevel=1 -Dspring.output.ansi.enabled=always -Dcom.sun.management.jmxremote -Dspring.jmx.enabled=true -Dspring.liveBeansView.mbeanDomain -Dspring.application.admin.enabled=true -Dmanagement.endpoints.jmx.exposure.include=* -javaagent:C:\Users\SXRBS\AppData\Local\JetBrains\IntelliJIdea2023.3\captureAgent\debugger-agent.jar=file:/C:/Users/SXRBS/AppData/Local/Temp/capture.props -Dfile.encoding=UTF-8 
java_command: com.sqds.SqdsbackApplication
java_class_path (initial): K:\mywork\springjwtstudy\sqdsback\build\classes\java\main;K:\mywork\springjwtstudy\sqdsback\build\resources\main;C:\Users\SXRBS\.gradle\caches\modules-2\files-2.1\org.projectlombok\lombok\1.18.30\f195ee86e6c896ea47a1d39defbe20eb59cd149d\lombok-1.18.30.jar;C:\Users\SXRBS\.gradle\caches\modules-2\files-2.1\org.springframework.boot\spring-boot-starter-data-redis\3.2.0\59a9a4674277151840f7c8711c3c254cdb7d949d\spring-boot-starter-data-redis-3.2.0.jar;C:\Users\SXRBS\.gradle\caches\modules-2\files-2.1\org.springframework.boot\spring-boot-starter-security\3.2.0\c692cc94ac3b5bfa9eb47fa04afa5b570a5b24b2\spring-boot-starter-security-3.2.0.jar;C:\Users\SXRBS\.gradle\caches\modules-2\files-2.1\org.springframework.boot\spring-boot-starter-data-jpa\3.2.0\6a8ad077a37f8a0cef6949dcfd91a9b2115cade\spring-boot-starter-data-jpa-3.2.0.jar;C:\Users\SXRBS\.gradle\caches\modules-2\files-2.1\org.springframework.boot\spring-boot-starter-web\3.2.0\e609f839e7c2ff9c90bc75d7c05dbcbb19315319\spring-boot-starter-web-3.2.0.jar;C:\Users\SXRBS\.gradle\caches\modules-2\files-2.1\org.springframework.boot\spring-boot-starter-cache\3.2.0\bcdd3dd28886f772a8d514006764479912a77f9e\spring-boot-starter-cache-3.2.0.jar;C:\Users\SXRBS\.gradle\caches\modules-2\files-2.1\org.apache.poi\poi-ooxml\3.9\bbe83c739d22eecfacd06d7e0b99ba13277040ed\poi-ooxml-3.9.jar;C:\Users\SXRBS\.gradle\caches\modules-2\files-2.1\org.apache.poi\poi\3.9\5d5e41354e88322e4bc590b31f3d2d1d52b3e6ac\poi-3.9.jar;C:\Users\SXRBS\.gradle\caches\modules-2\files-2.1\com.itextpdf\itextpdf\5.5.13.2\132a841cf4b14fe64ff236b4156eb4842f9bbc09\itextpdf-5.5.13.2.jar;C:\Users\SXRBS\.gradle\caches\modules-2\files-2.1\com.itextpdf\itext-asian\5.2.0\2932ae1179ad058104349b3375305b582ce5a219\itext-asian-5.2.0.jar;C:\Users\SXRBS\.gradle\caches\modules-2\files-2.1\com.itextpdf.tool\xmlworker\5.5.13.2\51b90d953cdb0edb9d14c12629e0ff5b516aad83\xmlworker-5.5.13.2.jar;C:\Users\SXRBS\.gradle\caches\modules-2\files-2.1\io.jsonwebtoken\jjwt-impl
Launcher Type: SUN_STANDARD

[Global flags]
     intx CICompilerCount                          = 4                                         {product} {ergonomic}
     uint ConcGCThreads                            = 2                                         {product} {ergonomic}
     uint G1ConcRefinementThreads                  = 8                                         {product} {ergonomic}
   size_t G1HeapRegionSize                         = 4194304                                   {product} {ergonomic}
    uintx GCDrainStackTargetSize                   = 64                                        {product} {ergonomic}
   size_t InitialHeapSize                          = 536870912                                 {product} {ergonomic}
     bool ManagementServer                         = true                                      {product} {command line}
   size_t MarkStackSize                            = 4194304                                   {product} {ergonomic}
   size_t MaxHeapSize                              = 8568963072                                {product} {ergonomic}
   size_t MaxNewSize                               = 5138022400                                {product} {ergonomic}
   size_t MinHeapDeltaBytes                        = 4194304                                   {product} {ergonomic}
   size_t MinHeapSize                              = 8388608                                   {product} {ergonomic}
    uintx NonProfiledCodeHeapSize                  = 0                                      {pd product} {ergonomic}
     bool ProfileInterpreter                       = false                                  {pd product} {command line}
    uintx ProfiledCodeHeapSize                     = 0                                      {pd product} {ergonomic}
   size_t SoftMaxHeapSize                          = 8568963072                             {manageable} {ergonomic}
     intx TieredStopAtLevel                        = 1                                         {product} {command line}
     bool UseCompressedClassPointers               = true                           {product lp64_product} {ergonomic}
     bool UseCompressedOops                        = true                           {product lp64_product} {ergonomic}
     bool UseG1GC                                  = true                                      {product} {ergonomic}
     bool UseLargePagesIndividualAllocation        = false                                  {pd product} {ergonomic}

Logging:
Log output configuration:
 #0: stdout all=warning uptime,level,tags
 #1: stderr all=off uptime,level,tags

Environment Variables:
JAVA_HOME=C:\Program Files\Java\jdk-17
PATH=C:\Program Files\Common Files\Oracle\Java\javapath;C:\Windows\system32;C:\Windows;C:\Windows\System32\Wbem;C:\Windows\System32\WindowsPowerShell\v1.0\;C:\Windows\System32\OpenSSH\;C:\Program Files\Java\jdk-17\bin;C:\Program Files\nodejs\;C:\Program Files\Redis;C:\Program Files\Microsoft SQL Server\150\Tools\Binn\;C:\Program Files\Microsoft SQL Server\Client SDK\ODBC\170\Tools\Binn\;C:\Program Files\dotnet\;C:\Program Files (x86)\Microsoft SQL Server\160\DTS\Binn\;C:\Program Files\Azure Data Studio\bin;C:\Program Files (x86)\NetSarang\Xshell 7\;C:\Program Files (x86)\NetSarang\Xftp 7\;C:\Users\SXRBS\AppData\Local\Microsoft\WindowsApps;C:\Users\SXRBS\AppData\Roaming\npm;C:\Users\SXRBS\.dotnet\tools;C:\Program Files\Azure Data Studio\bin;C:\Users\SXRBS\AppData\Local\Programs\Microsoft VS Code\bin
USERNAME=SXRBS
OS=Windows_NT
PROCESSOR_IDENTIFIER=Intel64 Family 6 Model 158 Stepping 9, GenuineIntel



---------------  S Y S T E M  ---------------

OS:
 Windows 10 , 64 bit Build 17763 (10.0.17763.4974)
OS uptime: 2 days 23:10 hours

CPU: total 8 (initial active 8) (4 cores per cpu, 2 threads per core) family 6 model 158 stepping 9 microcode 0x8e, cx8, cmov, fxsr, ht, mmx, 3dnowpref, sse, sse2, sse3, ssse3, sse4.1, sse4.2, popcnt, lzcnt, tsc, tscinvbit, avx, avx2, aes, erms, clmul, bmi1, bmi2, rtm, adx, fma, vzeroupper, clflush, clflushopt

Memory: 4k page, system-wide physical 32674M (18266M free)
TotalPageFile size 45474M (AvailPageFile size 23127M)
current process WorkingSet (physical memory assigned to process): 142M, peak: 142M
current process commit charge ("private bytes"): 645M, peak: 645M

vm_info: Java HotSpot(TM) 64-Bit Server VM (17.0.9+11-LTS-201) for windows-amd64 JRE (17.0.9+11-LTS-201), built on Oct 10 2023 23:16:06 by "mach5one" with MS VC++ 17.1 (VS2022)

END.
