#
# A fatal error has been detected by the Java Runtime Environment:
#
#  EXCEPTION_ACCESS_VIOLATION (0xc0000005) at pc=0x00007ffdb50f0316, pid=2012, tid=7180
#
# JRE version: OpenJDK Runtime Environment Temurin-17.0.10+7 (17.0.10+7) (build 17.0.10+7)
# Java VM: OpenJDK 64-Bit Server VM Temurin-17.0.10+7 (17.0.10+7, mixed mode, tiered, compressed oops, compressed class ptrs, parallel gc, windows-amd64)
# Problematic frame:
# V  [jvm.dll+0x6b0316]
#
# No core dump will be written. Minidumps are not enabled by default on client versions of Windows
#
# If you would like to submit a bug report, please visit:
#   https://github.com/adoptium/adoptium-support/issues
#

---------------  S U M M A R Y ------------

Command Line: --add-modules=ALL-SYSTEM --add-opens=java.base/java.util=ALL-UNNAMED --add-opens=java.base/java.lang=ALL-UNNAMED --add-opens=java.base/sun.nio.fs=ALL-UNNAMED -Declipse.application=org.eclipse.jdt.ls.core.id1 -Dosgi.bundles.defaultStartLevel=4 -Declipse.product=org.eclipse.jdt.ls.core.product -Djava.import.generatesMetadataFilesAtProjectRoot=false -DDetectVMInstallationsJob.disabled=true -Dfile.encoding=utf8 -XX:+UseParallelGC -XX:GCTimeRatio=4 -XX:AdaptiveSizePolicyWeight=90 -Dsun.zip.disableMemoryMapping=true -Xmx1G -Xms100m -Xlog:disable -javaagent:c:\Users\SXRBS\.vscode\extensions\redhat.java-1.28.1-win32-x64\lombok\lombok-1.18.31.jar -XX:+HeapDumpOnOutOfMemoryError -XX:HeapDumpPath=c:\Users\SXRBS\AppData\Roaming\Code\User\workspaceStorage\c8669b37ec549c97780dae6a6d3fc7b2\redhat.java -Daether.dependencyCollector.impl=bf c:\Users\SXRBS\.vscode\extensions\redhat.java-1.28.1-win32-x64\server\plugins\org.eclipse.equinox.launcher_1.6.700.v20231214-2017.jar -configuration c:\Users\SXRBS\AppData\Roaming\Code\User\globalStorage\redhat.java\1.28.1\config_win -data c:\Users\SXRBS\AppData\Roaming\Code\User\workspaceStorage\c8669b37ec549c97780dae6a6d3fc7b2\redhat.java\jdt_ws --stdio

Host: Intel(R) Core(TM) i7-7700 CPU @ 3.60GHz, 8 cores, 31G,  Windows 10 , 64 bit Build 17763 (10.0.17763.4974)
Time: Tue Feb 27 07:39:27 2024 中国标准时间 elapsed time: 8.318504 seconds (0d 0h 0m 8s)

---------------  T H R E A D  ---------------

Current thread (0x000001796df046c0):  GCTaskThread "GC Thread#1" [stack: 0x00000024d7800000,0x00000024d7900000] [id=7180]

Stack: [0x00000024d7800000,0x00000024d7900000],  sp=0x00000024d78ff790,  free space=1021k
Native frames: (J=compiled Java code, j=interpreted, Vv=VM code, C=native code)
V  [jvm.dll+0x6b0316]
V  [jvm.dll+0x6b0663]
V  [jvm.dll+0x6b8cfc]
V  [jvm.dll+0x6b9cfa]
V  [jvm.dll+0x86226b]
V  [jvm.dll+0x8622b6]
V  [jvm.dll+0x7e3fba]
V  [jvm.dll+0x67c1b5]
C  [ucrtbase.dll+0x2268a]
C  [KERNEL32.DLL+0x17ac4]
C  [ntdll.dll+0x5a4e1]


siginfo: EXCEPTION_ACCESS_VIOLATION (0xc0000005), reading address 0xffffffffffffffff


Registers:
RAX=0x1fffffffe8000009, RBX=0x0000000000000048, RCX=0x0000000000000009, RDX=0x0000017965050000
RSP=0x00000024d78ff790, RBP=0x000001796c350090, RSI=0x000000000000001b, RDI=0x00000000ca59e620
R8 =0x007fffffffa00000, R9 =0x0000000000000660, R10=0x00000000ca530ad0, R11=0x000000000000014a
R12=0x00000024d69feb58, R13=0x0000000000000010, R14=0x00000000ca59e64c, R15=0x0000000000000000
RIP=0x00007ffdb50f0316, EFLAGS=0x0000000000010206


Register to memory mapping:

RIP=0x00007ffdb50f0316 jvm.dll
RAX=0x1fffffffe8000009 is an unknown value
RBX=0x0000000000000048 is an unknown value
RCX=0x0000000000000009 is an unknown value
RDX=0x0000017965050000 points into unknown readable memory: 0x00000924914a0009 | 09 00 4a 91 24 09 00 00
RSP=0x00000024d78ff790 points into unknown readable memory: 0x00000000ca530ad0 | d0 0a 53 ca 00 00 00 00
RBP=0x000001796c350090 points into unknown readable memory: 0x000001796743cfd0 | d0 cf 43 67 79 01 00 00
RSI=0x000000000000001b is an unknown value
RDI=0x00000000ca59e620 is pointing into object: [[C 
{0x00000000ca59e5b8} - klass: {type array char}[]
 - length: 33
R8 =0x007fffffffa00000 is an unknown value
R9 =0x0000000000000660 is an unknown value
R10=0x00000000ca530ad0 is an oop: [C 
{0x00000000ca530ad0} - klass: {type array char}
 - length: 99
R11=0x000000000000014a is an unknown value
R12=0x00000024d69feb58 points into unknown readable memory: 0x0000000000000008 | 08 00 00 00 00 00 00 00
R13=0x0000000000000010 is an unknown value
R14=0x00000000ca59e64c is pointing into object: [[C 
{0x00000000ca59e5b8} - klass: {type array char}[]
 - length: 33
R15=0x0 is NULL


Top of Stack: (sp=0x00000024d78ff790)
0x00000024d78ff790:   00000000ca530ad0 00000000ca59e61c
0x00000024d78ff7a0:   0000000000000000 00007ffdb556c7a0
0x00000024d78ff7b0:   00007ffdb556c7a0 00007ffdb50f0663
0x00000024d78ff7c0:   000001796c350090 00007ffdb535bb90
0x00000024d78ff7d0:   00007ffdb53f1158 0000000000000656
0x00000024d78ff7e0:   00000000c1ebade0 00007ffd00001800
0x00000024d78ff7f0:   0000000100041de8 00007ffdb50eedee
0x00000024d78ff800:   00000000c037b37c 00007ffdb50f035e
0x00000024d78ff810:   00007ffdb535bb90 0000017952b64e40
0x00000024d78ff820:   0000000000000003 000001796c350090
0x00000024d78ff830:   0000000000000000 0000000000000000
0x00000024d78ff840:   0000000000000007 00000000c7422598
0x00000024d78ff850:   00000000c7422598 000000000000000c
0x00000024d78ff860:   000001796c350090 00007ffdb50f8cfc
0x00000024d78ff870:   00000000c4872d28 00000000c7422594
0x00000024d78ff880:   000001796c350090 00000000c4872d28
0x00000024d78ff890:   00000000c7412588 0000002400003800
0x00000024d78ff8a0:   00007ffd00000003 000001796c350090
0x00000024d78ff8b0:   0000000000000000 0000000000000000
0x00000024d78ff8c0:   0000000000000020 000001796c3ae700
0x00000024d78ff8d0:   00000024d69feb18 00000024d69fea10
0x00000024d78ff8e0:   0000000000000000 00007ffdb50f9cfa
0x00000024d78ff8f0:   0000000000000005 00000024d78ff970
0x00000024d78ff900:   0000000000000000 0000000000000001
0x00000024d78ff910:   00000024d69fedb0 000001796c615c10
0x00000024d78ff920:   0000000700000002 000001796c350090
0x00000024d78ff930:   00007ffdb53f1948 000001796c350090
0x00000024d78ff940:   00007ffdb53f1b50 0000000000000007
0x00000024d78ff950:   0000000000000000 0000000000000001
0x00000024d78ff960:   0000000000000001 0000aca654602c18
0x00000024d78ff970:   0000000000000000 000001796df046c0
0x00000024d78ff980:   0000000000000000 0000000000000000 

Instructions: (pc=0x00007ffdb50f0316)
0x00007ffdb50f0216:   48 8b 74 24 48 48 83 c4 20 5f c3 cc cc cc cc cc
0x00007ffdb50f0226:   cc cc cc cc cc cc cc cc cc cc 48 89 5c 24 08 48
0x00007ffdb50f0236:   89 6c 24 10 48 89 74 24 18 48 89 7c 24 20 41 56
0x00007ffdb50f0246:   48 83 ec 20 80 3d 30 31 4d 00 00 bb 10 00 00 00
0x00007ffdb50f0256:   48 8b e9 4d 63 d0 4c 8b da 8b c3 8d 4b fc 0f 84
0x00007ffdb50f0266:   06 01 00 00 44 0f b6 0d 10 31 4d 00 45 84 c9 0f
0x00007ffdb50f0276:   45 c1 4c 63 04 10 49 8b d2 49 8b c0 49 2b c2 41
0x00007ffdb50f0286:   ba 00 08 00 00 49 3b c2 4c 0f 42 d0 b8 18 00 00
0x00007ffdb50f0296:   00 4c 03 d2 45 84 c9 0f 45 c3 49 03 c3 48 8d 3c
0x00007ffdb50f02a6:   90 4e 8d 34 90 4d 3b d0 73 0e 4d 8b c2 49 8b d3
0x00007ffdb50f02b6:   48 8b cd e8 82 0b 00 00 49 3b fe 0f 83 90 01 00
0x00007ffdb50f02c6:   00 66 0f 1f 84 00 00 00 00 00 8b 07 85 c0 0f 84
0x00007ffdb50f02d6:   84 00 00 00 8b 0d 08 70 46 00 8b d8 48 8b 15 17
0x00007ffdb50f02e6:   d3 4e 00 48 d3 e3 48 03 1d ed 6f 46 00 8b 0d 3f
0x00007ffdb50f02f6:   7f 46 00 48 8b c3 48 2b 02 48 8b 52 10 48 c1 e8
0x00007ffdb50f0306:   03 48 d3 e8 4c 8b c0 24 3f 49 c1 e8 06 0f b6 c8
0x00007ffdb50f0316:   4a 8b 04 c2 48 0f a3 c8 72 3e 48 8b cb e8 78 c7
0x00007ffdb50f0326:   95 ff 48 63 f0 48 8d 0d 9e d4 4e 00 4c 8b c6 48
0x00007ffdb50f0336:   8b d3 e8 d3 72 fd ff 84 c0 74 1d 4c 8b c6 48 8d
0x00007ffdb50f0346:   0d c5 d4 4e 00 48 8b d3 e8 0d 2f 00 00 48 8b d3
0x00007ffdb50f0356:   48 8b cd e8 42 0a 00 00 48 83 c7 04 49 3b fe 0f
0x00007ffdb50f0366:   82 65 ff ff ff e9 e7 00 00 00 0f b6 15 0b 30 4d
0x00007ffdb50f0376:   00 84 d2 48 0f 45 c1 49 8b ca 4e 63 0c 18 49 8b
0x00007ffdb50f0386:   c1 49 2b c2 41 ba 00 08 00 00 49 3b c2 4c 0f 42
0x00007ffdb50f0396:   d0 b8 18 00 00 00 4c 03 d1 84 d2 48 0f 45 c3 49
0x00007ffdb50f03a6:   03 c3 48 8d 3c c8 4e 8d 34 d0 4d 3b d1 73 0e 4d
0x00007ffdb50f03b6:   8b c2 49 8b d3 48 8b cd e8 7d 0a 00 00 49 3b fe
0x00007ffdb50f03c6:   0f 83 8b 00 00 00 0f 1f 40 00 48 8b 1f 48 85 db
0x00007ffdb50f03d6:   74 72 48 8b 15 21 d2 4e 00 48 8b c3 8b 0d 50 7e
0x00007ffdb50f03e6:   46 00 48 2b 02 48 8b 52 10 48 c1 e8 03 48 d3 e8
0x00007ffdb50f03f6:   4c 8b c0 24 3f 49 c1 e8 06 0f b6 c8 4a 8b 04 c2
0x00007ffdb50f0406:   48 0f a3 c8 72 3e 48 8b cb e8 8c c6 95 ff 48 63 


Stack slot to memory mapping:
stack at sp + 0 slots: 0x00000000ca530ad0 is an oop: [C 
{0x00000000ca530ad0} - klass: {type array char}
 - length: 99
stack at sp + 1 slots: 0x00000000ca59e61c is pointing into object: [[C 
{0x00000000ca59e5b8} - klass: {type array char}[]
 - length: 33
stack at sp + 2 slots: 0x0 is NULL
stack at sp + 3 slots: 0x00007ffdb556c7a0 jvm.dll
stack at sp + 4 slots: 0x00007ffdb556c7a0 jvm.dll
stack at sp + 5 slots: 0x00007ffdb50f0663 jvm.dll
stack at sp + 6 slots: 0x000001796c350090 points into unknown readable memory: 0x000001796743cfd0 | d0 cf 43 67 79 01 00 00
stack at sp + 7 slots: 0x00007ffdb535bb90 jvm.dll


---------------  P R O C E S S  ---------------

Threads class SMR info:
_java_thread_list=0x0000017970479a30, length=31, elements={
0x0000017952b65920, 0x0000017967448550, 0x000001796c3a95b0, 0x000001796c3c30e0,
0x000001796c3c3f60, 0x000001796c3c5200, 0x000001796c40d040, 0x000001796c431860,
0x000001796c434690, 0x000001796c435090, 0x0000017952bc9e00, 0x000001796d664030,
0x000001796ddb2870, 0x000001796dee25f0, 0x000001796e00fe70, 0x000001796e4dda70,
0x000001796e0d5970, 0x000001796e551b70, 0x000001796e54ede0, 0x000001796e54fd10,
0x000001796e550730, 0x000001796e551150, 0x000001796e550220, 0x000001796e550c40,
0x000001796e54f800, 0x0000017970106e70, 0x00000179701091e0, 0x00000179701087c0,
0x00000179701031b0, 0x0000017970109c00, 0x0000017970105010
}

Java Threads: ( => current thread )
  0x0000017952b65920 JavaThread "main" [_thread_blocked, id=6448, stack(0x00000024d6700000,0x00000024d6800000)]
  0x0000017967448550 JavaThread "Reference Handler" daemon [_thread_blocked, id=15900, stack(0x00000024d6a00000,0x00000024d6b00000)]
  0x000001796c3a95b0 JavaThread "Finalizer" daemon [_thread_blocked, id=13492, stack(0x00000024d6b00000,0x00000024d6c00000)]
  0x000001796c3c30e0 JavaThread "Signal Dispatcher" daemon [_thread_blocked, id=2556, stack(0x00000024d6c00000,0x00000024d6d00000)]
  0x000001796c3c3f60 JavaThread "Attach Listener" daemon [_thread_blocked, id=13684, stack(0x00000024d6d00000,0x00000024d6e00000)]
  0x000001796c3c5200 JavaThread "Service Thread" daemon [_thread_blocked, id=15748, stack(0x00000024d6e00000,0x00000024d6f00000)]
  0x000001796c40d040 JavaThread "Monitor Deflation Thread" daemon [_thread_blocked, id=16128, stack(0x00000024d6f00000,0x00000024d7000000)]
  0x000001796c431860 JavaThread "C2 CompilerThread0" daemon [_thread_blocked, id=15040, stack(0x00000024d7000000,0x00000024d7100000)]
  0x000001796c434690 JavaThread "C1 CompilerThread0" daemon [_thread_blocked, id=15376, stack(0x00000024d7100000,0x00000024d7200000)]
  0x000001796c435090 JavaThread "Sweeper thread" daemon [_thread_blocked, id=3376, stack(0x00000024d7200000,0x00000024d7300000)]
  0x0000017952bc9e00 JavaThread "Common-Cleaner" daemon [_thread_blocked, id=12740, stack(0x00000024d7300000,0x00000024d7400000)]
  0x000001796d664030 JavaThread "Notification Thread" daemon [_thread_blocked, id=13108, stack(0x00000024d7500000,0x00000024d7600000)]
  0x000001796ddb2870 JavaThread "Active Thread: Equinox Container: 9044befe-0366-4e50-b403-d38d9c9d7ff9" [_thread_blocked, id=9372, stack(0x00000024d7e00000,0x00000024d7f00000)]
  0x000001796dee25f0 JavaThread "Framework Event Dispatcher: Equinox Container: 9044befe-0366-4e50-b403-d38d9c9d7ff9" daemon [_thread_blocked, id=14484, stack(0x00000024d7f00000,0x00000024d8000000)]
  0x000001796e00fe70 JavaThread "Start Level: Equinox Container: 9044befe-0366-4e50-b403-d38d9c9d7ff9" daemon [_thread_blocked, id=13940, stack(0x00000024d8000000,0x00000024d8100000)]
  0x000001796e4dda70 JavaThread "Bundle File Closer" daemon [_thread_blocked, id=12636, stack(0x00000024d8200000,0x00000024d8300000)]
  0x000001796e0d5970 JavaThread "SCR Component Actor" daemon [_thread_blocked, id=13260, stack(0x00000024d8300000,0x00000024d8400000)]
  0x000001796e551b70 JavaThread "Worker-JM" [_thread_blocked, id=1508, stack(0x00000024d7700000,0x00000024d7800000)]
  0x000001796e54ede0 JavaThread "Worker-0: Initialize Workspace" [_thread_blocked, id=12536, stack(0x00000024d8600000,0x00000024d8700000)]
  0x000001796e54fd10 JavaThread "Worker-1: Refreshing workspace" [_thread_blocked, id=12864, stack(0x00000024d8700000,0x00000024d8800000)]
  0x000001796e550730 JavaThread "Worker-2" [_thread_blocked, id=15892, stack(0x00000024d8800000,0x00000024d8900000)]
  0x000001796e551150 JavaThread "Java indexing" daemon [_thread_blocked, id=14228, stack(0x00000024d8900000,0x00000024d8a00000)]
  0x000001796e550220 JavaThread "JNA Cleaner" daemon [_thread_blocked, id=14996, stack(0x00000024d8a00000,0x00000024d8b00000)]
  0x000001796e550c40 JavaThread "Worker-3" [_thread_blocked, id=14888, stack(0x00000024d8b00000,0x00000024d8c00000)]
  0x000001796e54f800 JavaThread "pool-2-thread-1" [_thread_blocked, id=15068, stack(0x00000024d8c00000,0x00000024d8d00000)]
  0x0000017970106e70 JavaThread "WorkspaceEventsHandler" [_thread_blocked, id=12876, stack(0x00000024d8d00000,0x00000024d8e00000)]
  0x00000179701091e0 JavaThread "pool-1-thread-1" [_thread_blocked, id=11840, stack(0x00000024d8e00000,0x00000024d8f00000)]
  0x00000179701087c0 JavaThread "Worker-4" [_thread_blocked, id=13508, stack(0x00000024d8f00000,0x00000024d9000000)]
  0x00000179701031b0 JavaThread "Worker-5: Java indexing... " [_thread_blocked, id=14824, stack(0x00000024d9000000,0x00000024d9100000)]
  0x0000017970109c00 JavaThread "Worker-6" [_thread_blocked, id=15332, stack(0x00000024d9100000,0x00000024d9200000)]
  0x0000017970105010 JavaThread "pool-3-thread-1" [_thread_in_native, id=6396, stack(0x00000024d9200000,0x00000024d9300000)]

Other Threads:
  0x0000017967441af0 VMThread "VM Thread" [stack: 0x00000024d6900000,0x00000024d6a00000] [id=5164]
  0x000001796d66ac80 WatcherThread [stack: 0x00000024d7600000,0x00000024d7700000] [id=11748]
  0x0000017952b7b9e0 GCTaskThread "GC Thread#0" [stack: 0x00000024d6800000,0x00000024d6900000] [id=12428]
=>0x000001796df046c0 GCTaskThread "GC Thread#1" [stack: 0x00000024d7800000,0x00000024d7900000] [id=7180]
  0x000001796e01e020 GCTaskThread "GC Thread#2" [stack: 0x00000024d7900000,0x00000024d7a00000] [id=5460]
  0x000001796e01e2e0 GCTaskThread "GC Thread#3" [stack: 0x00000024d7a00000,0x00000024d7b00000] [id=11488]
  0x000001796d990bb0 GCTaskThread "GC Thread#4" [stack: 0x00000024d7b00000,0x00000024d7c00000] [id=14692]
  0x000001796d990e70 GCTaskThread "GC Thread#5" [stack: 0x00000024d7c00000,0x00000024d7d00000] [id=3368]
  0x000001796d991130 GCTaskThread "GC Thread#6" [stack: 0x00000024d7d00000,0x00000024d7e00000] [id=11880]
  0x000001796de6ba40 GCTaskThread "GC Thread#7" [stack: 0x00000024d8100000,0x00000024d8200000] [id=7200]

Threads with active compile tasks:

VM state: at safepoint (normal execution)

VM Mutex/Monitor currently owned by a thread:  ([mutex/lock_event])
[0x0000017952b60910] Threads_lock - owner thread: 0x0000017967441af0
[0x0000017952b602e0] Heap_lock - owner thread: 0x000001796e551150

Heap address: 0x00000000c0000000, size: 1024 MB, Compressed Oops mode: 32-bit

CDS archive(s) not mapped
Compressed class space mapped at: 0x0000000100000000-0x0000000140000000, reserved size: 1073741824
Narrow klass base: 0x0000000000000000, Narrow klass shift: 3, Narrow klass range: 0x140000000

GC Precious Log:
 CPUs: 8 total, 8 available
 Memory: 32674M
 Large Page Support: Disabled
 NUMA Support: Disabled
 Compressed Oops: Enabled (32-bit)
 Alignments: Space 512K, Generation 512K, Heap 2M
 Heap Min Capacity: 100M
 Heap Initial Capacity: 100M
 Heap Max Capacity: 1G
 Pre-touch: Disabled
 Parallel Workers: 8

Heap:
 PSYoungGen      total 11264K, used 1999K [0x00000000eab00000, 0x00000000ebc80000, 0x0000000100000000)
  eden space 9216K, 0% used [0x00000000eab00000,0x00000000eab00000,0x00000000eb400000)
  from space 2048K, 97% used [0x00000000eb400000,0x00000000eb5f3e48,0x00000000eb600000)
  to   space 3584K, 0% used [0x00000000eb900000,0x00000000eb900000,0x00000000ebc80000)
 ParOldGen       total 196096K, used 195375K [0x00000000c0000000, 0x00000000cbf80000, 0x00000000eab00000)
  object space 196096K, 99% used [0x00000000c0000000,0x00000000cbecbd70,0x00000000cbf80000)
 Metaspace       used 55902K, committed 56960K, reserved 1114112K
  class space    used 5983K, committed 6400K, reserved 1048576K

Card table byte_map: [0x0000017964ce0000,0x0000017964ef0000] _byte_map_base: 0x00000179646e0000

Marking Bits: (ParMarkBitMap*) 0x00007ffdb55dd7d0
 Begin Bits: [0x0000017965050000, 0x0000017966050000)
 End Bits:   [0x0000017966050000, 0x0000017967050000)

Polling page: 0x0000017951160000

Metaspace:

Usage:
  Non-class:     48.75 MB used.
      Class:      5.84 MB used.
       Both:     54.59 MB used.

Virtual space:
  Non-class space:       64.00 MB reserved,      49.38 MB ( 77%) committed,  1 nodes.
      Class space:        1.00 GB reserved,       6.25 MB ( <1%) committed,  1 nodes.
             Both:        1.06 GB reserved,      55.63 MB (  5%) committed. 

Chunk freelists:
   Non-Class:  13.77 MB
       Class:  9.70 MB
        Both:  23.47 MB

MaxMetaspaceSize: unlimited
CompressedClassSpaceSize: 1.00 GB
Initial GC threshold: 21.00 MB
Current GC threshold: 92.75 MB
CDS: off
MetaspaceReclaimPolicy: balanced
 - commit_granule_bytes: 65536.
 - commit_granule_words: 8192.
 - virtual_space_node_default_size: 8388608.
 - enlarge_chunks_in_place: 1.
 - new_chunks_are_fully_committed: 0.
 - uncommit_free_chunks: 1.
 - use_allocation_guard: 0.
 - handle_deallocations: 1.


Internal statistics:

num_allocs_failed_limit: 6.
num_arena_births: 498.
num_arena_deaths: 14.
num_vsnodes_births: 2.
num_vsnodes_deaths: 0.
num_space_committed: 890.
num_space_uncommitted: 0.
num_chunks_returned_to_freelist: 20.
num_chunks_taken_from_freelist: 2611.
num_chunk_merges: 9.
num_chunk_splits: 1652.
num_chunks_enlarged: 1006.
num_inconsistent_stats: 0.

CodeHeap 'non-profiled nmethods': size=120000Kb used=4856Kb max_used=4856Kb free=115143Kb
 bounds [0x000001795d5d0000, 0x000001795da90000, 0x0000017964b00000]
CodeHeap 'profiled nmethods': size=120000Kb used=13785Kb max_used=13785Kb free=106214Kb
 bounds [0x0000017955b00000, 0x0000017956880000, 0x000001795d030000]
CodeHeap 'non-nmethods': size=5760Kb used=1308Kb max_used=1407Kb free=4452Kb
 bounds [0x000001795d030000, 0x000001795d2a0000, 0x000001795d5d0000]
 total_blobs=7614 nmethods=6976 adapters=551
 compilation: enabled
              stopped_count=0, restarted_count=0
 full_count=0

Compilation events (20 events):
Event: 8.213 Thread 0x000001796c431860 7794       4       java.util.Collection::stream (11 bytes)
Event: 8.214 Thread 0x000001796c431860 nmethod 7794 0x000001795da8cd10 code [0x000001795da8cea0, 0x000001795da8d0f8]
Event: 8.223 Thread 0x000001796c434690 7795       3       org.eclipse.osgi.storage.bundlefile.NestedDirBundleFile::getEntry (23 bytes)
Event: 8.223 Thread 0x000001796c434690 nmethod 7795 0x0000017956871d10 code [0x0000017956871ee0, 0x00000179568721a8]
Event: 8.224 Thread 0x000001796c434690 7796       3       com.google.gson.stream.JsonWriter::string (169 bytes)
Event: 8.225 Thread 0x000001796c434690 nmethod 7796 0x0000017956872290 code [0x0000017956872520, 0x0000017956873408]
Event: 8.225 Thread 0x000001796c434690 7797  s    3       java.lang.StringBuffer::toString (59 bytes)
Event: 8.225 Thread 0x000001796c434690 nmethod 7797 0x0000017956873a10 code [0x0000017956873c00, 0x0000017956874198]
Event: 8.225 Thread 0x000001796c434690 7799       3       com.google.gson.stream.JsonWriter::newline (47 bytes)
Event: 8.225 Thread 0x000001796c434690 nmethod 7799 0x0000017956874310 code [0x00000179568744e0, 0x00000179568748b8]
Event: 8.227 Thread 0x000001796c431860 7800 %     4       java.lang.AbstractStringBuilder::appendChars @ 26 (130 bytes)
Event: 8.231 Thread 0x000001796c431860 nmethod 7800% 0x000001795da8d710 code [0x000001795da8d8a0, 0x000001795da8dd18]
Event: 8.234 Thread 0x000001796c431860 7801       4       org.eclipse.jdt.internal.core.search.matching.ConstructorPattern::createDefaultDeclarationIndexKey (13 bytes)
Event: 8.235 Thread 0x000001796c431860 nmethod 7801 0x000001795da8df10 code [0x000001795da8e0a0, 0x000001795da8e148]
Event: 8.264 Thread 0x000001796c434690 7802       3       org.eclipse.jdt.internal.core.search.indexing.BinaryIndexer::removeFirstSyntheticParameter (73 bytes)
Event: 8.264 Thread 0x000001796c434690 nmethod 7802 0x0000017956874a10 code [0x0000017956874c00, 0x00000179568750d8]
Event: 8.266 Thread 0x000001796c434690 7803       3       org.eclipse.jdt.core.compiler.CharOperation::fragmentEquals (89 bytes)
Event: 8.266 Thread 0x000001796c434690 nmethod 7803 0x0000017956875290 code [0x0000017956875480, 0x00000179568759d8]
Event: 8.275 Thread 0x000001796c434690 7804       3       org.eclipse.jdt.core.Signature::checkName (102 bytes)
Event: 8.275 Thread 0x000001796c434690 nmethod 7804 0x0000017956875c10 code [0x0000017956875e00, 0x00000179568762d8]

GC Heap History (20 events):
Event: 8.120 GC heap after
{Heap after GC invocations=133 (full 7):
 PSYoungGen      total 10240K, used 3583K [0x00000000eab00000, 0x00000000ebb80000, 0x0000000100000000)
  eden space 6656K, 0% used [0x00000000eab00000,0x00000000eab00000,0x00000000eb180000)
  from space 3584K, 99% used [0x00000000eb600000,0x00000000eb97fc80,0x00000000eb980000)
  to   space 4608K, 0% used [0x00000000eb180000,0x00000000eb180000,0x00000000eb600000)
 ParOldGen       total 196096K, used 177509K [0x00000000c0000000, 0x00000000cbf80000, 0x00000000eab00000)
  object space 196096K, 90% used [0x00000000c0000000,0x00000000cad596f0,0x00000000cbf80000)
 Metaspace       used 55885K, committed 56960K, reserved 1114112K
  class space    used 5980K, committed 6400K, reserved 1048576K
}
Event: 8.131 GC heap before
{Heap before GC invocations=134 (full 7):
 PSYoungGen      total 10240K, used 10239K [0x00000000eab00000, 0x00000000ebb80000, 0x0000000100000000)
  eden space 6656K, 100% used [0x00000000eab00000,0x00000000eb180000,0x00000000eb180000)
  from space 3584K, 99% used [0x00000000eb600000,0x00000000eb97fc80,0x00000000eb980000)
  to   space 4608K, 0% used [0x00000000eb180000,0x00000000eb180000,0x00000000eb600000)
 ParOldGen       total 196096K, used 177509K [0x00000000c0000000, 0x00000000cbf80000, 0x00000000eab00000)
  object space 196096K, 90% used [0x00000000c0000000,0x00000000cad596f0,0x00000000cbf80000)
 Metaspace       used 55885K, committed 56960K, reserved 1114112K
  class space    used 5980K, committed 6400K, reserved 1048576K
}
Event: 8.134 GC heap after
{Heap after GC invocations=134 (full 7):
 PSYoungGen      total 11264K, used 2848K [0x00000000eab00000, 0x00000000eb980000, 0x0000000100000000)
  eden space 6656K, 0% used [0x00000000eab00000,0x00000000eab00000,0x00000000eb180000)
  from space 4608K, 61% used [0x00000000eb180000,0x00000000eb448180,0x00000000eb600000)
  to   space 3584K, 0% used [0x00000000eb600000,0x00000000eb600000,0x00000000eb980000)
 ParOldGen       total 196096K, used 179825K [0x00000000c0000000, 0x00000000cbf80000, 0x00000000eab00000)
  object space 196096K, 91% used [0x00000000c0000000,0x00000000caf9c638,0x00000000cbf80000)
 Metaspace       used 55885K, committed 56960K, reserved 1114112K
  class space    used 5980K, committed 6400K, reserved 1048576K
}
Event: 8.145 GC heap before
{Heap before GC invocations=135 (full 7):
 PSYoungGen      total 11264K, used 9504K [0x00000000eab00000, 0x00000000eb980000, 0x0000000100000000)
  eden space 6656K, 100% used [0x00000000eab00000,0x00000000eb180000,0x00000000eb180000)
  from space 4608K, 61% used [0x00000000eb180000,0x00000000eb448180,0x00000000eb600000)
  to   space 3584K, 0% used [0x00000000eb600000,0x00000000eb600000,0x00000000eb980000)
 ParOldGen       total 196096K, used 179825K [0x00000000c0000000, 0x00000000cbf80000, 0x00000000eab00000)
  object space 196096K, 91% used [0x00000000c0000000,0x00000000caf9c638,0x00000000cbf80000)
 Metaspace       used 55885K, committed 56960K, reserved 1114112K
  class space    used 5980K, committed 6400K, reserved 1048576K
}
Event: 8.147 GC heap after
{Heap after GC invocations=135 (full 7):
 PSYoungGen      total 11264K, used 3202K [0x00000000eab00000, 0x00000000eb980000, 0x0000000100000000)
  eden space 7680K, 0% used [0x00000000eab00000,0x00000000eab00000,0x00000000eb280000)
  from space 3584K, 89% used [0x00000000eb600000,0x00000000eb920bb8,0x00000000eb980000)
  to   space 3584K, 0% used [0x00000000eb280000,0x00000000eb280000,0x00000000eb600000)
 ParOldGen       total 196096K, used 181128K [0x00000000c0000000, 0x00000000cbf80000, 0x00000000eab00000)
  object space 196096K, 92% used [0x00000000c0000000,0x00000000cb0e21c0,0x00000000cbf80000)
 Metaspace       used 55885K, committed 56960K, reserved 1114112K
  class space    used 5980K, committed 6400K, reserved 1048576K
}
Event: 8.161 GC heap before
{Heap before GC invocations=136 (full 7):
 PSYoungGen      total 11264K, used 10872K [0x00000000eab00000, 0x00000000eb980000, 0x0000000100000000)
  eden space 7680K, 99% used [0x00000000eab00000,0x00000000eb27d568,0x00000000eb280000)
  from space 3584K, 89% used [0x00000000eb600000,0x00000000eb920bb8,0x00000000eb980000)
  to   space 3584K, 0% used [0x00000000eb280000,0x00000000eb280000,0x00000000eb600000)
 ParOldGen       total 196096K, used 181128K [0x00000000c0000000, 0x00000000cbf80000, 0x00000000eab00000)
  object space 196096K, 92% used [0x00000000c0000000,0x00000000cb0e21c0,0x00000000cbf80000)
 Metaspace       used 55885K, committed 56960K, reserved 1114112K
  class space    used 5980K, committed 6400K, reserved 1048576K
}
Event: 8.163 GC heap after
{Heap after GC invocations=136 (full 7):
 PSYoungGen      total 11264K, used 3345K [0x00000000eab00000, 0x00000000eba80000, 0x0000000100000000)
  eden space 7680K, 0% used [0x00000000eab00000,0x00000000eab00000,0x00000000eb280000)
  from space 3584K, 93% used [0x00000000eb280000,0x00000000eb5c44a0,0x00000000eb600000)
  to   space 3584K, 0% used [0x00000000eb700000,0x00000000eb700000,0x00000000eba80000)
 ParOldGen       total 196096K, used 182591K [0x00000000c0000000, 0x00000000cbf80000, 0x00000000eab00000)
  object space 196096K, 93% used [0x00000000c0000000,0x00000000cb24fdb8,0x00000000cbf80000)
 Metaspace       used 55885K, committed 56960K, reserved 1114112K
  class space    used 5980K, committed 6400K, reserved 1048576K
}
Event: 8.180 GC heap before
{Heap before GC invocations=137 (full 7):
 PSYoungGen      total 11264K, used 11025K [0x00000000eab00000, 0x00000000eba80000, 0x0000000100000000)
  eden space 7680K, 100% used [0x00000000eab00000,0x00000000eb280000,0x00000000eb280000)
  from space 3584K, 93% used [0x00000000eb280000,0x00000000eb5c44a0,0x00000000eb600000)
  to   space 3584K, 0% used [0x00000000eb700000,0x00000000eb700000,0x00000000eba80000)
 ParOldGen       total 196096K, used 182591K [0x00000000c0000000, 0x00000000cbf80000, 0x00000000eab00000)
  object space 196096K, 93% used [0x00000000c0000000,0x00000000cb24fdb8,0x00000000cbf80000)
 Metaspace       used 55885K, committed 56960K, reserved 1114112K
  class space    used 5980K, committed 6400K, reserved 1048576K
}
Event: 8.182 GC heap after
{Heap after GC invocations=137 (full 7):
 PSYoungGen      total 12288K, used 3461K [0x00000000eab00000, 0x00000000eba80000, 0x0000000100000000)
  eden space 8704K, 0% used [0x00000000eab00000,0x00000000eab00000,0x00000000eb380000)
  from space 3584K, 96% used [0x00000000eb700000,0x00000000eba617a8,0x00000000eba80000)
  to   space 3584K, 0% used [0x00000000eb380000,0x00000000eb380000,0x00000000eb700000)
 ParOldGen       total 196096K, used 184148K [0x00000000c0000000, 0x00000000cbf80000, 0x00000000eab00000)
  object space 196096K, 93% used [0x00000000c0000000,0x00000000cb3d5208,0x00000000cbf80000)
 Metaspace       used 55885K, committed 56960K, reserved 1114112K
  class space    used 5980K, committed 6400K, reserved 1048576K
}
Event: 8.199 GC heap before
{Heap before GC invocations=138 (full 7):
 PSYoungGen      total 12288K, used 12165K [0x00000000eab00000, 0x00000000eba80000, 0x0000000100000000)
  eden space 8704K, 100% used [0x00000000eab00000,0x00000000eb380000,0x00000000eb380000)
  from space 3584K, 96% used [0x00000000eb700000,0x00000000eba617a8,0x00000000eba80000)
  to   space 3584K, 0% used [0x00000000eb380000,0x00000000eb380000,0x00000000eb700000)
 ParOldGen       total 196096K, used 184148K [0x00000000c0000000, 0x00000000cbf80000, 0x00000000eab00000)
  object space 196096K, 93% used [0x00000000c0000000,0x00000000cb3d5208,0x00000000cbf80000)
 Metaspace       used 55885K, committed 56960K, reserved 1114112K
  class space    used 5980K, committed 6400K, reserved 1048576K
}
Event: 8.202 GC heap after
{Heap after GC invocations=138 (full 7):
 PSYoungGen      total 12288K, used 3576K [0x00000000eab00000, 0x00000000ebd00000, 0x0000000100000000)
  eden space 8704K, 0% used [0x00000000eab00000,0x00000000eab00000,0x00000000eb380000)
  from space 3584K, 99% used [0x00000000eb380000,0x00000000eb6fe140,0x00000000eb700000)
  to   space 4096K, 0% used [0x00000000eb900000,0x00000000eb900000,0x00000000ebd00000)
 ParOldGen       total 196096K, used 185910K [0x00000000c0000000, 0x00000000cbf80000, 0x00000000eab00000)
  object space 196096K, 94% used [0x00000000c0000000,0x00000000cb58d8d0,0x00000000cbf80000)
 Metaspace       used 55885K, committed 56960K, reserved 1114112K
  class space    used 5980K, committed 6400K, reserved 1048576K
}
Event: 8.218 GC heap before
{Heap before GC invocations=139 (full 7):
 PSYoungGen      total 12288K, used 12280K [0x00000000eab00000, 0x00000000ebd00000, 0x0000000100000000)
  eden space 8704K, 100% used [0x00000000eab00000,0x00000000eb380000,0x00000000eb380000)
  from space 3584K, 99% used [0x00000000eb380000,0x00000000eb6fe140,0x00000000eb700000)
  to   space 4096K, 0% used [0x00000000eb900000,0x00000000eb900000,0x00000000ebd00000)
 ParOldGen       total 196096K, used 185910K [0x00000000c0000000, 0x00000000cbf80000, 0x00000000eab00000)
  object space 196096K, 94% used [0x00000000c0000000,0x00000000cb58d8d0,0x00000000cbf80000)
 Metaspace       used 55885K, committed 56960K, reserved 1114112K
  class space    used 5980K, committed 6400K, reserved 1048576K
}
Event: 8.221 GC heap after
{Heap after GC invocations=139 (full 7):
 PSYoungGen      total 14336K, used 3771K [0x00000000eab00000, 0x00000000ebd00000, 0x0000000100000000)
  eden space 10240K, 0% used [0x00000000eab00000,0x00000000eab00000,0x00000000eb500000)
  from space 4096K, 92% used [0x00000000eb900000,0x00000000ebcaec38,0x00000000ebd00000)
  to   space 4096K, 0% used [0x00000000eb500000,0x00000000eb500000,0x00000000eb900000)
 ParOldGen       total 196096K, used 187549K [0x00000000c0000000, 0x00000000cbf80000, 0x00000000eab00000)
  object space 196096K, 95% used [0x00000000c0000000,0x00000000cb727468,0x00000000cbf80000)
 Metaspace       used 55885K, committed 56960K, reserved 1114112K
  class space    used 5980K, committed 6400K, reserved 1048576K
}
Event: 8.237 GC heap before
{Heap before GC invocations=140 (full 7):
 PSYoungGen      total 14336K, used 14011K [0x00000000eab00000, 0x00000000ebd00000, 0x0000000100000000)
  eden space 10240K, 100% used [0x00000000eab00000,0x00000000eb500000,0x00000000eb500000)
  from space 4096K, 92% used [0x00000000eb900000,0x00000000ebcaec38,0x00000000ebd00000)
  to   space 4096K, 0% used [0x00000000eb500000,0x00000000eb500000,0x00000000eb900000)
 ParOldGen       total 196096K, used 187549K [0x00000000c0000000, 0x00000000cbf80000, 0x00000000eab00000)
  object space 196096K, 95% used [0x00000000c0000000,0x00000000cb727468,0x00000000cbf80000)
 Metaspace       used 55902K, committed 56960K, reserved 1114112K
  class space    used 5983K, committed 6400K, reserved 1048576K
}
Event: 8.240 GC heap after
{Heap after GC invocations=140 (full 7):
 PSYoungGen      total 14336K, used 4017K [0x00000000eab00000, 0x00000000ebe80000, 0x0000000100000000)
  eden space 10240K, 0% used [0x00000000eab00000,0x00000000eab00000,0x00000000eb500000)
  from space 4096K, 98% used [0x00000000eb500000,0x00000000eb8ec658,0x00000000eb900000)
  to   space 4096K, 0% used [0x00000000eba80000,0x00000000eba80000,0x00000000ebe80000)
 ParOldGen       total 196096K, used 189375K [0x00000000c0000000, 0x00000000cbf80000, 0x00000000eab00000)
  object space 196096K, 96% used [0x00000000c0000000,0x00000000cb8eff88,0x00000000cbf80000)
 Metaspace       used 55902K, committed 56960K, reserved 1114112K
  class space    used 5983K, committed 6400K, reserved 1048576K
}
Event: 8.257 GC heap before
{Heap before GC invocations=141 (full 7):
 PSYoungGen      total 14336K, used 14257K [0x00000000eab00000, 0x00000000ebe80000, 0x0000000100000000)
  eden space 10240K, 100% used [0x00000000eab00000,0x00000000eb500000,0x00000000eb500000)
  from space 4096K, 98% used [0x00000000eb500000,0x00000000eb8ec658,0x00000000eb900000)
  to   space 4096K, 0% used [0x00000000eba80000,0x00000000eba80000,0x00000000ebe80000)
 ParOldGen       total 196096K, used 189375K [0x00000000c0000000, 0x00000000cbf80000, 0x00000000eab00000)
  object space 196096K, 96% used [0x00000000c0000000,0x00000000cb8eff88,0x00000000cbf80000)
 Metaspace       used 55902K, committed 56960K, reserved 1114112K
  class space    used 5983K, committed 6400K, reserved 1048576K
}
Event: 8.261 GC heap after
{Heap after GC invocations=141 (full 7):
 PSYoungGen      total 13312K, used 4073K [0x00000000eab00000, 0x00000000ec380000, 0x0000000100000000)
  eden space 9216K, 0% used [0x00000000eab00000,0x00000000eab00000,0x00000000eb400000)
  from space 4096K, 99% used [0x00000000eba80000,0x00000000ebe7a460,0x00000000ebe80000)
  to   space 6656K, 0% used [0x00000000eb400000,0x00000000eb400000,0x00000000eba80000)
 ParOldGen       total 196096K, used 191308K [0x00000000c0000000, 0x00000000cbf80000, 0x00000000eab00000)
  object space 196096K, 97% used [0x00000000c0000000,0x00000000cbad3380,0x00000000cbf80000)
 Metaspace       used 55902K, committed 56960K, reserved 1114112K
  class space    used 5983K, committed 6400K, reserved 1048576K
}
Event: 8.278 GC heap before
{Heap before GC invocations=142 (full 7):
 PSYoungGen      total 13312K, used 13289K [0x00000000eab00000, 0x00000000ec380000, 0x0000000100000000)
  eden space 9216K, 100% used [0x00000000eab00000,0x00000000eb400000,0x00000000eb400000)
  from space 4096K, 99% used [0x00000000eba80000,0x00000000ebe7a460,0x00000000ebe80000)
  to   space 6656K, 0% used [0x00000000eb400000,0x00000000eb400000,0x00000000eba80000)
 ParOldGen       total 196096K, used 191308K [0x00000000c0000000, 0x00000000cbf80000, 0x00000000eab00000)
  object space 196096K, 97% used [0x00000000c0000000,0x00000000cbad3380,0x00000000cbf80000)
 Metaspace       used 55902K, committed 56960K, reserved 1114112K
  class space    used 5983K, committed 6400K, reserved 1048576K
}
Event: 8.282 GC heap after
{Heap after GC invocations=142 (full 7):
 PSYoungGen      total 11264K, used 1999K [0x00000000eab00000, 0x00000000ebc80000, 0x0000000100000000)
  eden space 9216K, 0% used [0x00000000eab00000,0x00000000eab00000,0x00000000eb400000)
  from space 2048K, 97% used [0x00000000eb400000,0x00000000eb5f3e48,0x00000000eb600000)
  to   space 3584K, 0% used [0x00000000eb900000,0x00000000eb900000,0x00000000ebc80000)
 ParOldGen       total 196096K, used 195375K [0x00000000c0000000, 0x00000000cbf80000, 0x00000000eab00000)
  object space 196096K, 99% used [0x00000000c0000000,0x00000000cbecbd70,0x00000000cbf80000)
 Metaspace       used 55902K, committed 56960K, reserved 1114112K
  class space    used 5983K, committed 6400K, reserved 1048576K
}
Event: 8.282 GC heap before
{Heap before GC invocations=143 (full 8):
 PSYoungGen      total 11264K, used 1999K [0x00000000eab00000, 0x00000000ebc80000, 0x0000000100000000)
  eden space 9216K, 0% used [0x00000000eab00000,0x00000000eab00000,0x00000000eb400000)
  from space 2048K, 97% used [0x00000000eb400000,0x00000000eb5f3e48,0x00000000eb600000)
  to   space 3584K, 0% used [0x00000000eb900000,0x00000000eb900000,0x00000000ebc80000)
 ParOldGen       total 196096K, used 195375K [0x00000000c0000000, 0x00000000cbf80000, 0x00000000eab00000)
  object space 196096K, 99% used [0x00000000c0000000,0x00000000cbecbd70,0x00000000cbf80000)
 Metaspace       used 55902K, committed 56960K, reserved 1114112K
  class space    used 5983K, committed 6400K, reserved 1048576K
}

Dll operation events (10 events):
Event: 0.019 Loaded shared library c:\Users\SXRBS\.vscode\extensions\redhat.java-1.28.1-win32-x64\jre\17.0.10-win32-x86_64\bin\java.dll
Event: 0.119 Loaded shared library c:\Users\SXRBS\.vscode\extensions\redhat.java-1.28.1-win32-x64\jre\17.0.10-win32-x86_64\bin\zip.dll
Event: 0.124 Loaded shared library C:\Users\SXRBS\.vscode\extensions\redhat.java-1.28.1-win32-x64\jre\17.0.10-win32-x86_64\bin\instrument.dll
Event: 0.135 Loaded shared library C:\Users\SXRBS\.vscode\extensions\redhat.java-1.28.1-win32-x64\jre\17.0.10-win32-x86_64\bin\net.dll
Event: 0.138 Loaded shared library C:\Users\SXRBS\.vscode\extensions\redhat.java-1.28.1-win32-x64\jre\17.0.10-win32-x86_64\bin\nio.dll
Event: 0.145 Loaded shared library C:\Users\SXRBS\.vscode\extensions\redhat.java-1.28.1-win32-x64\jre\17.0.10-win32-x86_64\bin\zip.dll
Event: 0.156 Loaded shared library C:\Users\SXRBS\.vscode\extensions\redhat.java-1.28.1-win32-x64\jre\17.0.10-win32-x86_64\bin\jimage.dll
Event: 0.211 Loaded shared library c:\Users\SXRBS\.vscode\extensions\redhat.java-1.28.1-win32-x64\jre\17.0.10-win32-x86_64\bin\verify.dll
Event: 1.111 Loaded shared library C:\Users\SXRBS\AppData\Roaming\Code\User\globalStorage\redhat.java\1.28.1\config_win\org.eclipse.equinox.launcher\org.eclipse.equinox.launcher.win32.win32.x86_64_1.2.900.v20240129-1338\eclipse_11900.dll
Event: 3.474 Loaded shared library C:\Users\SXRBS\AppData\Local\Temp\jna-79354782\jna14691172041917699860.dll

Deoptimization events (20 events):
Event: 7.137 Thread 0x000001796e54ede0 Uncommon trap: trap_request=0xffffff45 fr.pc=0x000001795d9633c0 relative=0x0000000000000100
Event: 7.137 Thread 0x000001796e54ede0 Uncommon trap: reason=unstable_if action=reinterpret pc=0x000001795d9633c0 method=java.nio.file.FileTreeWalker.getAttributes(Ljava/nio/file/Path;Z)Ljava/nio/file/attribute/BasicFileAttributes; @ 8 c2
Event: 7.137 Thread 0x000001796e54ede0 DEOPT PACKING pc=0x000001795d9633c0 sp=0x00000024d86feec0
Event: 7.137 Thread 0x000001796e54ede0 DEOPT UNPACKING pc=0x000001795d0866a3 sp=0x00000024d86fee60 mode 2
Event: 7.137 Thread 0x000001796e54ede0 Uncommon trap: trap_request=0xffffffc6 fr.pc=0x000001795d918728 relative=0x00000000000037c8
Event: 7.137 Thread 0x000001796e54ede0 Uncommon trap: reason=bimorphic_or_optimized_type_check action=maybe_recompile pc=0x000001795d918728 method=java.nio.file.FileTreeWalker.next()Ljava/nio/file/FileTreeWalker$Event; @ 37 c2
Event: 7.137 Thread 0x000001796e54ede0 DEOPT PACKING pc=0x000001795d918728 sp=0x00000024d86fef80
Event: 7.137 Thread 0x000001796e54ede0 DEOPT UNPACKING pc=0x000001795d0866a3 sp=0x00000024d86fef80 mode 2
Event: 7.138 Thread 0x000001796e54ede0 Uncommon trap: trap_request=0xffffffc6 fr.pc=0x000001795d918728 relative=0x00000000000037c8
Event: 7.138 Thread 0x000001796e54ede0 Uncommon trap: reason=bimorphic_or_optimized_type_check action=maybe_recompile pc=0x000001795d918728 method=java.nio.file.FileTreeWalker.next()Ljava/nio/file/FileTreeWalker$Event; @ 37 c2
Event: 7.139 Thread 0x000001796e54ede0 DEOPT PACKING pc=0x000001795d918728 sp=0x00000024d86fef80
Event: 7.139 Thread 0x000001796e54ede0 DEOPT UNPACKING pc=0x000001795d0866a3 sp=0x00000024d86fef80 mode 2
Event: 7.146 Thread 0x000001796e54ede0 Uncommon trap: trap_request=0xffffff45 fr.pc=0x000001795d7b8b84 relative=0x0000000000000324
Event: 7.146 Thread 0x000001796e54ede0 Uncommon trap: reason=unstable_if action=reinterpret pc=0x000001795d7b8b84 method=sun.nio.fs.NativeBuffers.releaseNativeBuffer(Lsun/nio/fs/NativeBuffer;)V @ 35 c2
Event: 7.146 Thread 0x000001796e54ede0 DEOPT PACKING pc=0x000001795d7b8b84 sp=0x00000024d86fee60
Event: 7.146 Thread 0x000001796e54ede0 DEOPT UNPACKING pc=0x000001795d0866a3 sp=0x00000024d86fedf8 mode 2
Event: 7.196 Thread 0x000001796e54ede0 Uncommon trap: trap_request=0xffffff45 fr.pc=0x000001795d73bb9c relative=0x000000000000011c
Event: 7.196 Thread 0x000001796e54ede0 Uncommon trap: reason=unstable_if action=reinterpret pc=0x000001795d73bb9c method=sun.nio.fs.WindowsPathParser.nextNonSlash(Ljava/lang/String;II)I @ 2 c2
Event: 7.196 Thread 0x000001796e54ede0 DEOPT PACKING pc=0x000001795d73bb9c sp=0x00000024d86fec10
Event: 7.196 Thread 0x000001796e54ede0 DEOPT UNPACKING pc=0x000001795d0866a3 sp=0x00000024d86feb90 mode 2

Classes unloaded (7 events):
Event: 3.421 Thread 0x0000017967441af0 Unloading class 0x0000000100252400 'java/lang/invoke/LambdaForm$MH+0x0000000100252400'
Event: 3.422 Thread 0x0000017967441af0 Unloading class 0x0000000100252000 'java/lang/invoke/LambdaForm$MH+0x0000000100252000'
Event: 3.422 Thread 0x0000017967441af0 Unloading class 0x0000000100251c00 'java/lang/invoke/LambdaForm$MH+0x0000000100251c00'
Event: 3.422 Thread 0x0000017967441af0 Unloading class 0x0000000100251800 'java/lang/invoke/LambdaForm$MH+0x0000000100251800'
Event: 3.422 Thread 0x0000017967441af0 Unloading class 0x0000000100251400 'java/lang/invoke/LambdaForm$BMH+0x0000000100251400'
Event: 3.422 Thread 0x0000017967441af0 Unloading class 0x0000000100251000 'java/lang/invoke/LambdaForm$DMH+0x0000000100251000'
Event: 3.422 Thread 0x0000017967441af0 Unloading class 0x000000010024c400 'java/lang/invoke/LambdaForm$DMH+0x000000010024c400'

Classes redefined (0 events):
No events

Internal exceptions (20 events):
Event: 7.168 Thread 0x000001796e54ede0 Exception <a 'sun/nio/fs/WindowsException'{0x00000000eac69a30}> (0x00000000eac69a30) 
thrown [s\src\hotspot\share\prims\jni.cpp, line 516]
Event: 7.169 Thread 0x000001796e54ede0 Exception <a 'sun/nio/fs/WindowsException'{0x00000000eac6d168}> (0x00000000eac6d168) 
thrown [s\src\hotspot\share\prims\jni.cpp, line 516]
Event: 7.170 Thread 0x000001796e54ede0 Exception <a 'sun/nio/fs/WindowsException'{0x00000000eac70840}> (0x00000000eac70840) 
thrown [s\src\hotspot\share\prims\jni.cpp, line 516]
Event: 7.172 Thread 0x000001796e54ede0 Exception <a 'sun/nio/fs/WindowsException'{0x00000000eac73f30}> (0x00000000eac73f30) 
thrown [s\src\hotspot\share\prims\jni.cpp, line 516]
Event: 7.173 Thread 0x000001796e54ede0 Exception <a 'sun/nio/fs/WindowsException'{0x00000000eaeb6f00}> (0x00000000eaeb6f00) 
thrown [s\src\hotspot\share\prims\jni.cpp, line 516]
Event: 7.174 Thread 0x000001796e54ede0 Exception <a 'sun/nio/fs/WindowsException'{0x00000000eaeba158}> (0x00000000eaeba158) 
thrown [s\src\hotspot\share\prims\jni.cpp, line 516]
Event: 7.175 Thread 0x000001796e54ede0 Exception <a 'sun/nio/fs/WindowsException'{0x00000000eaebd568}> (0x00000000eaebd568) 
thrown [s\src\hotspot\share\prims\jni.cpp, line 516]
Event: 7.177 Thread 0x000001796e54ede0 Exception <a 'sun/nio/fs/WindowsException'{0x00000000eaec0b58}> (0x00000000eaec0b58) 
thrown [s\src\hotspot\share\prims\jni.cpp, line 516]
Event: 7.179 Thread 0x000001796e54ede0 Exception <a 'sun/nio/fs/WindowsException'{0x00000000eb0d16e0}> (0x00000000eb0d16e0) 
thrown [s\src\hotspot\share\prims\jni.cpp, line 516]
Event: 7.180 Thread 0x000001796e54ede0 Exception <a 'sun/nio/fs/WindowsException'{0x00000000eb0d4e08}> (0x00000000eb0d4e08) 
thrown [s\src\hotspot\share\prims\jni.cpp, line 516]
Event: 7.182 Thread 0x000001796e54ede0 Exception <a 'sun/nio/fs/WindowsException'{0x00000000eb0d8a20}> (0x00000000eb0d8a20) 
thrown [s\src\hotspot\share\prims\jni.cpp, line 516]
Event: 7.183 Thread 0x000001796e54ede0 Exception <a 'sun/nio/fs/WindowsException'{0x00000000eb0dcbe0}> (0x00000000eb0dcbe0) 
thrown [s\src\hotspot\share\prims\jni.cpp, line 516]
Event: 7.184 Thread 0x000001796e54ede0 Exception <a 'sun/nio/fs/WindowsException'{0x00000000eb0e0260}> (0x00000000eb0e0260) 
thrown [s\src\hotspot\share\prims\jni.cpp, line 516]
Event: 7.185 Thread 0x000001796e54ede0 Exception <a 'sun/nio/fs/WindowsException'{0x00000000eb2e2488}> (0x00000000eb2e2488) 
thrown [s\src\hotspot\share\prims\jni.cpp, line 516]
Event: 7.186 Thread 0x000001796e54ede0 Exception <a 'sun/nio/fs/WindowsException'{0x00000000eb2e5918}> (0x00000000eb2e5918) 
thrown [s\src\hotspot\share\prims\jni.cpp, line 516]
Event: 7.187 Thread 0x000001796e54ede0 Exception <a 'sun/nio/fs/WindowsException'{0x00000000eb2e8d28}> (0x00000000eb2e8d28) 
thrown [s\src\hotspot\share\prims\jni.cpp, line 516]
Event: 7.190 Thread 0x000001796e54ede0 Exception <a 'sun/nio/fs/WindowsException'{0x00000000eab223f8}> (0x00000000eab223f8) 
thrown [s\src\hotspot\share\prims\jni.cpp, line 516]
Event: 7.190 Thread 0x000001796e54ede0 Exception <a 'sun/nio/fs/WindowsException'{0x00000000eab25d88}> (0x00000000eab25d88) 
thrown [s\src\hotspot\share\prims\jni.cpp, line 516]
Event: 7.314 Thread 0x000001796e54ede0 Exception <a 'java/lang/NoSuchMethodError'{0x00000000eab01610}: 'void java.lang.invoke.DirectMethodHandle$Holder.invokeStatic(java.lang.Object, long)'> (0x00000000eab01610) 
thrown [s\src\hotspot\share\interpreter\linkResolver.cpp, line 759]
Event: 7.315 Thread 0x000001796e54ede0 Exception <a 'java/lang/NoSuchMethodError'{0x00000000eab069b8}: 'java.lang.Object java.lang.invoke.DirectMethodHandle$Holder.newInvokeSpecial(java.lang.Object, long)'> (0x00000000eab069b8) 
thrown [s\src\hotspot\share\interpreter\linkResolver.cpp, line 759]

VM Operations (20 events):
Event: 8.106 Executing VM operation: ParallelGCFailedAllocation done
Event: 8.118 Executing VM operation: ParallelGCFailedAllocation
Event: 8.120 Executing VM operation: ParallelGCFailedAllocation done
Event: 8.131 Executing VM operation: ParallelGCFailedAllocation
Event: 8.134 Executing VM operation: ParallelGCFailedAllocation done
Event: 8.145 Executing VM operation: ParallelGCFailedAllocation
Event: 8.147 Executing VM operation: ParallelGCFailedAllocation done
Event: 8.161 Executing VM operation: ParallelGCFailedAllocation
Event: 8.164 Executing VM operation: ParallelGCFailedAllocation done
Event: 8.180 Executing VM operation: ParallelGCFailedAllocation
Event: 8.182 Executing VM operation: ParallelGCFailedAllocation done
Event: 8.199 Executing VM operation: ParallelGCFailedAllocation
Event: 8.202 Executing VM operation: ParallelGCFailedAllocation done
Event: 8.218 Executing VM operation: ParallelGCFailedAllocation
Event: 8.221 Executing VM operation: ParallelGCFailedAllocation done
Event: 8.237 Executing VM operation: ParallelGCFailedAllocation
Event: 8.240 Executing VM operation: ParallelGCFailedAllocation done
Event: 8.257 Executing VM operation: ParallelGCFailedAllocation
Event: 8.261 Executing VM operation: ParallelGCFailedAllocation done
Event: 8.278 Executing VM operation: ParallelGCFailedAllocation

Events (20 events):
Event: 7.133 loading class java/nio/file/PathMatcher done
Event: 7.133 loading class sun/nio/fs/WindowsFileSystem$2 done
Event: 7.192 loading class java/lang/Class$EnclosingMethodInfo
Event: 7.193 loading class java/lang/Class$EnclosingMethodInfo done
Event: 7.196 loading class java/lang/ProcessBuilder
Event: 7.197 loading class java/lang/ProcessBuilder done
Event: 7.197 loading class java/lang/ProcessImpl
Event: 7.197 loading class java/lang/ProcessImpl done
Event: 7.315 loading class java/lang/ProcessImpl$2
Event: 7.315 loading class java/lang/ProcessImpl$2 done
Event: 7.315 loading class java/lang/Process$PipeInputStream
Event: 7.315 loading class java/lang/Process$PipeInputStream done
Event: 7.316 loading class jdk/internal/event/ProcessStartEvent
Event: 7.316 loading class jdk/internal/event/ProcessStartEvent done
Event: 7.332 Thread 0x0000017970105010 Thread added: 0x0000017970105010
Event: 7.345 loading class java/util/concurrent/CompletableFuture$Signaller
Event: 7.345 loading class java/util/concurrent/CompletableFuture$Signaller done
Event: 7.582 Thread 0x000001796e5e79d0 Thread exited: 0x000001796e5e79d0
Event: 8.024 Thread 0x000001796e575030 Thread exited: 0x000001796e575030
Event: 8.158 Thread 0x000001796c5a3070 Thread exited: 0x000001796c5a3070


Dynamic libraries:
0x00007ff7e0120000 - 0x00007ff7e012e000 	c:\Users\SXRBS\.vscode\extensions\redhat.java-1.28.1-win32-x64\jre\17.0.10-win32-x86_64\bin\java.exe
0x00007ffdf4f20000 - 0x00007ffdf510e000 	C:\Windows\SYSTEM32\ntdll.dll
0x00007ffdf4d30000 - 0x00007ffdf4de3000 	C:\Windows\System32\KERNEL32.DLL
0x00007ffdf1a20000 - 0x00007ffdf1cbd000 	C:\Windows\System32\KERNELBASE.dll
0x00007ffdf1e10000 - 0x00007ffdf1f0a000 	C:\Windows\System32\ucrtbase.dll
0x00007ffddbec0000 - 0x00007ffddbed7000 	c:\Users\SXRBS\.vscode\extensions\redhat.java-1.28.1-win32-x64\jre\17.0.10-win32-x86_64\bin\jli.dll
0x00007ffddcc70000 - 0x00007ffddcc8b000 	c:\Users\SXRBS\.vscode\extensions\redhat.java-1.28.1-win32-x64\jre\17.0.10-win32-x86_64\bin\VCRUNTIME140.dll
0x00007ffdf49b0000 - 0x00007ffdf4b47000 	C:\Windows\System32\USER32.dll
0x00007ffdf1200000 - 0x00007ffdf1220000 	C:\Windows\System32\win32u.dll
0x00007ffdf4be0000 - 0x00007ffdf4c09000 	C:\Windows\System32\GDI32.dll
0x00007ffdf0ff0000 - 0x00007ffdf119a000 	C:\Windows\System32\gdi32full.dll
0x00007ffdf1cc0000 - 0x00007ffdf1d60000 	C:\Windows\System32\msvcp_win.dll
0x00007ffde0410000 - 0x00007ffde0689000 	C:\Windows\WinSxS\amd64_microsoft.windows.common-controls_6595b64144ccf1df_6.0.17763.5458_none_de7234b4534a7f0e\COMCTL32.dll
0x00007ffdf4c10000 - 0x00007ffdf4cae000 	C:\Windows\System32\msvcrt.dll
0x00007ffdf4510000 - 0x00007ffdf483b000 	C:\Windows\System32\combase.dll
0x00007ffdf2140000 - 0x00007ffdf225d000 	C:\Windows\System32\RPCRT4.dll
0x00007ffdf1d80000 - 0x00007ffdf1e02000 	C:\Windows\System32\bcryptPrimitives.dll
0x00007ffdf4bb0000 - 0x00007ffdf4bde000 	C:\Windows\System32\IMM32.DLL
0x00000000510f0000 - 0x00000000510fd000 	C:\Program Files (x86)\360\360Safe\safemon\SafeWrapper.dll
0x00007ffdf2490000 - 0x00007ffdf2538000 	C:\Windows\System32\ADVAPI32.dll
0x00007ffdf2670000 - 0x00007ffdf2712000 	C:\Windows\System32\sechost.dll
0x00007ffdf2110000 - 0x00007ffdf2136000 	C:\Windows\System32\bcrypt.dll
0x00007ffddd050000 - 0x00007ffddd0fc000 	C:\Program Files (x86)\360\360Safe\safemon\libzdtp64.dll
0x00007ffdf2c10000 - 0x00007ffdf4108000 	C:\Windows\System32\SHELL32.dll
0x00007ffdf0fa0000 - 0x00007ffdf0fea000 	C:\Windows\System32\cfgmgr32.dll
0x00007ffdf2280000 - 0x00007ffdf2327000 	C:\Windows\System32\shcore.dll
0x00007ffdf12d0000 - 0x00007ffdf1a17000 	C:\Windows\System32\windows.storage.dll
0x00007ffdf0f70000 - 0x00007ffdf0f93000 	C:\Windows\System32\profapi.dll
0x00007ffdf0ef0000 - 0x00007ffdf0f4d000 	C:\Windows\System32\powrprof.dll
0x00007ffdf4b50000 - 0x00007ffdf4ba2000 	C:\Windows\System32\shlwapi.dll
0x00007ffdf0ed0000 - 0x00007ffdf0ee1000 	C:\Windows\System32\kernel.appcore.dll
0x00007ffdf1d60000 - 0x00007ffdf1d7b000 	C:\Windows\System32\cryptsp.dll
0x00007ffdf0c70000 - 0x00007ffdf0c7a000 	C:\Windows\SYSTEM32\VERSION.dll
0x00007ffde8ef0000 - 0x00007ffde8efc000 	c:\Users\SXRBS\.vscode\extensions\redhat.java-1.28.1-win32-x64\jre\17.0.10-win32-x86_64\bin\vcruntime140_1.dll
0x00007ffdccc30000 - 0x00007ffdcccbd000 	c:\Users\SXRBS\.vscode\extensions\redhat.java-1.28.1-win32-x64\jre\17.0.10-win32-x86_64\bin\msvcp140.dll
0x00007ffdb4a40000 - 0x00007ffdb56a2000 	c:\Users\SXRBS\.vscode\extensions\redhat.java-1.28.1-win32-x64\jre\17.0.10-win32-x86_64\bin\server\jvm.dll
0x00007ffde9160000 - 0x00007ffde9169000 	C:\Windows\SYSTEM32\WSOCK32.dll
0x00007ffdeecb0000 - 0x00007ffdeecd4000 	C:\Windows\SYSTEM32\WINMM.dll
0x00007ffdf4e80000 - 0x00007ffdf4eed000 	C:\Windows\System32\WS2_32.dll
0x00007ffdeeb90000 - 0x00007ffdeebbd000 	C:\Windows\SYSTEM32\winmmbase.dll
0x00007ffde3360000 - 0x00007ffde336a000 	c:\Users\SXRBS\.vscode\extensions\redhat.java-1.28.1-win32-x64\jre\17.0.10-win32-x86_64\bin\jimage.dll
0x00007ffdf07a0000 - 0x00007ffdf098d000 	C:\Windows\SYSTEM32\DBGHELP.DLL
0x00007ffdf06f0000 - 0x00007ffdf071a000 	C:\Windows\SYSTEM32\dbgcore.DLL
0x00007ffde08d0000 - 0x00007ffde08de000 	c:\Users\SXRBS\.vscode\extensions\redhat.java-1.28.1-win32-x64\jre\17.0.10-win32-x86_64\bin\instrument.dll
0x00007ffdd5a70000 - 0x00007ffdd5a95000 	c:\Users\SXRBS\.vscode\extensions\redhat.java-1.28.1-win32-x64\jre\17.0.10-win32-x86_64\bin\java.dll
0x00007ffdceb40000 - 0x00007ffdceb58000 	c:\Users\SXRBS\.vscode\extensions\redhat.java-1.28.1-win32-x64\jre\17.0.10-win32-x86_64\bin\zip.dll
0x00007ffdceae0000 - 0x00007ffdceaf9000 	C:\Users\SXRBS\.vscode\extensions\redhat.java-1.28.1-win32-x64\jre\17.0.10-win32-x86_64\bin\net.dll
0x00007ffde5210000 - 0x00007ffde530d000 	C:\Windows\SYSTEM32\WINHTTP.dll
0x00007ffdf0170000 - 0x00007ffdf01d7000 	C:\Windows\system32\mswsock.dll
0x00007ffdce930000 - 0x00007ffdce946000 	C:\Users\SXRBS\.vscode\extensions\redhat.java-1.28.1-win32-x64\jre\17.0.10-win32-x86_64\bin\nio.dll
0x00007ffddae50000 - 0x00007ffddae60000 	c:\Users\SXRBS\.vscode\extensions\redhat.java-1.28.1-win32-x64\jre\17.0.10-win32-x86_64\bin\verify.dll
0x00007ffddc8a0000 - 0x00007ffddc8de000 	C:\Users\SXRBS\AppData\Roaming\Code\User\globalStorage\redhat.java\1.28.1\config_win\org.eclipse.equinox.launcher\org.eclipse.equinox.launcher.win32.win32.x86_64_1.2.900.v20240129-1338\eclipse_11900.dll
0x00007ffdf2330000 - 0x00007ffdf2486000 	C:\Windows\System32\ole32.dll
0x00007ffdefd50000 - 0x00007ffdefd83000 	C:\Windows\system32\rsaenh.dll
0x00007ffdf0e00000 - 0x00007ffdf0e29000 	C:\Windows\SYSTEM32\USERENV.dll
0x00007ffdf0340000 - 0x00007ffdf034c000 	C:\Windows\SYSTEM32\CRYPTBASE.dll
0x00007ffdf0410000 - 0x00007ffdf044d000 	C:\Windows\SYSTEM32\IPHLPAPI.DLL
0x00007ffdf4e70000 - 0x00007ffdf4e78000 	C:\Windows\System32\NSI.dll
0x00007ffde9c80000 - 0x00007ffde9c96000 	C:\Windows\SYSTEM32\dhcpcsvc6.DLL
0x00007ffde9bb0000 - 0x00007ffde9bcc000 	C:\Windows\SYSTEM32\dhcpcsvc.DLL
0x00007ffdefee0000 - 0x00007ffdeffa6000 	C:\Windows\SYSTEM32\DNSAPI.dll
0x00007ffdd8850000 - 0x00007ffdd8895000 	C:\Users\SXRBS\AppData\Local\Temp\jna-79354782\jna14691172041917699860.dll
0x00007ffdf2c00000 - 0x00007ffdf2c08000 	C:\Windows\System32\PSAPI.DLL

dbghelp: loaded successfully - version: 4.0.5 - missing functions: none
symbol engine: initialized successfully - sym options: 0x614 - pdb path: .;c:\Users\SXRBS\.vscode\extensions\redhat.java-1.28.1-win32-x64\jre\17.0.10-win32-x86_64\bin;C:\Windows\SYSTEM32;C:\Windows\WinSxS\amd64_microsoft.windows.common-controls_6595b64144ccf1df_6.0.17763.5458_none_de7234b4534a7f0e;C:\Program Files (x86)\360\360Safe\safemon;c:\Users\SXRBS\.vscode\extensions\redhat.java-1.28.1-win32-x64\jre\17.0.10-win32-x86_64\bin\server;C:\Users\SXRBS\AppData\Roaming\Code\User\globalStorage\redhat.java\1.28.1\config_win\org.eclipse.equinox.launcher\org.eclipse.equinox.launcher.win32.win32.x86_64_1.2.900.v20240129-1338;C:\Users\SXRBS\AppData\Local\Temp\jna-79354782

VM Arguments:
jvm_args: --add-modules=ALL-SYSTEM --add-opens=java.base/java.util=ALL-UNNAMED --add-opens=java.base/java.lang=ALL-UNNAMED --add-opens=java.base/sun.nio.fs=ALL-UNNAMED -Declipse.application=org.eclipse.jdt.ls.core.id1 -Dosgi.bundles.defaultStartLevel=4 -Declipse.product=org.eclipse.jdt.ls.core.product -Djava.import.generatesMetadataFilesAtProjectRoot=false -DDetectVMInstallationsJob.disabled=true -Dfile.encoding=utf8 -XX:+UseParallelGC -XX:GCTimeRatio=4 -XX:AdaptiveSizePolicyWeight=90 -Dsun.zip.disableMemoryMapping=true -Xmx1G -Xms100m -Xlog:disable -javaagent:c:\Users\SXRBS\.vscode\extensions\redhat.java-1.28.1-win32-x64\lombok\lombok-1.18.31.jar -XX:+HeapDumpOnOutOfMemoryError -XX:HeapDumpPath=c:\Users\SXRBS\AppData\Roaming\Code\User\workspaceStorage\c8669b37ec549c97780dae6a6d3fc7b2\redhat.java -Daether.dependencyCollector.impl=bf 
java_command: c:\Users\SXRBS\.vscode\extensions\redhat.java-1.28.1-win32-x64\server\plugins\org.eclipse.equinox.launcher_1.6.700.v20231214-2017.jar -configuration c:\Users\SXRBS\AppData\Roaming\Code\User\globalStorage\redhat.java\1.28.1\config_win -data c:\Users\SXRBS\AppData\Roaming\Code\User\workspaceStorage\c8669b37ec549c97780dae6a6d3fc7b2\redhat.java\jdt_ws --stdio
java_class_path (initial): c:\Users\SXRBS\.vscode\extensions\redhat.java-1.28.1-win32-x64\server\plugins\org.eclipse.equinox.launcher_1.6.700.v20231214-2017.jar
Launcher Type: SUN_STANDARD

[Global flags]
    uintx AdaptiveSizePolicyWeight                 = 90                                        {product} {command line}
     intx CICompilerCount                          = 4                                         {product} {ergonomic}
    uintx GCTimeRatio                              = 4                                         {product} {command line}
     bool HeapDumpOnOutOfMemoryError               = true                                   {manageable} {command line}
    ccstr HeapDumpPath                             = c:\Users\SXRBS\AppData\Roaming\Code\User\workspaceStorage\c8669b37ec549c97780dae6a6d3fc7b2\redhat.java         {manageable} {command line}
   size_t InitialHeapSize                          = 104857600                                 {product} {command line}
   size_t MaxHeapSize                              = 1073741824                                {product} {command line}
   size_t MaxNewSize                               = 357564416                                 {product} {ergonomic}
   size_t MinHeapDeltaBytes                        = 524288                                    {product} {ergonomic}
   size_t MinHeapSize                              = 104857600                                 {product} {command line}
   size_t NewSize                                  = 34603008                                  {product} {ergonomic}
    uintx NonNMethodCodeHeapSize                   = 5839372                                {pd product} {ergonomic}
    uintx NonProfiledCodeHeapSize                  = 122909434                              {pd product} {ergonomic}
   size_t OldSize                                  = 70254592                                  {product} {ergonomic}
    uintx ProfiledCodeHeapSize                     = 122909434                              {pd product} {ergonomic}
    uintx ReservedCodeCacheSize                    = 251658240                              {pd product} {ergonomic}
     bool SegmentedCodeCache                       = true                                      {product} {ergonomic}
   size_t SoftMaxHeapSize                          = 1073741824                             {manageable} {ergonomic}
     bool UseCompressedClassPointers               = true                           {product lp64_product} {ergonomic}
     bool UseCompressedOops                        = true                           {product lp64_product} {ergonomic}
     bool UseLargePagesIndividualAllocation        = false                                  {pd product} {ergonomic}
     bool UseParallelGC                            = true                                      {product} {command line}

Logging:
Log output configuration:
 #0: stdout all=off uptime,level,tags
 #1: stderr all=off uptime,level,tags

Environment Variables:
JAVA_HOME=C:\Program Files\Java\jdk-17
PATH=C:\Program Files\Common Files\Oracle\Java\javapath;C:\Windows\system32;C:\Windows;C:\Windows\System32\Wbem;C:\Windows\System32\WindowsPowerShell\v1.0\;C:\Windows\System32\OpenSSH\;C:\Program Files\Java\jdk-17\bin;C:\Program Files\nodejs\;C:\Program Files\Redis;C:\Program Files\Microsoft SQL Server\150\Tools\Binn\;C:\Program Files\Microsoft SQL Server\Client SDK\ODBC\170\Tools\Binn\;C:\Program Files\dotnet\;C:\Program Files (x86)\Microsoft SQL Server\160\DTS\Binn\;C:\Program Files\Azure Data Studio\bin;C:\Program Files (x86)\NetSarang\Xshell 7\;C:\Program Files (x86)\NetSarang\Xftp 7\;C:\Users\SXRBS\AppData\Local\Microsoft\WindowsApps;C:\Users\SXRBS\AppData\Roaming\npm;C:\Users\SXRBS\.dotnet\tools;C:\Program Files\Azure Data Studio\bin;C:\Users\SXRBS\AppData\Local\Programs\Microsoft VS Code\bin
USERNAME=SXRBS
OS=Windows_NT
PROCESSOR_IDENTIFIER=Intel64 Family 6 Model 158 Stepping 9, GenuineIntel
TMP=C:\Users\SXRBS\AppData\Local\Temp
TEMP=C:\Users\SXRBS\AppData\Local\Temp



Periodic native trim disabled


---------------  S Y S T E M  ---------------

OS:
 Windows 10 , 64 bit Build 17763 (10.0.17763.4974)
OS uptime: 0 days 0:14 hours

CPU: total 8 (initial active 8) (4 cores per cpu, 2 threads per core) family 6 model 158 stepping 9 microcode 0x8e, cx8, cmov, fxsr, ht, mmx, 3dnowpref, sse, sse2, sse3, ssse3, sse4.1, sse4.2, popcnt, lzcnt, tsc, tscinvbit, avx, avx2, aes, erms, clmul, bmi1, bmi2, rtm, adx, fma, vzeroupper, clflush, clflushopt
Processor Information for all 8 processors :
  Max Mhz: 3600, Current Mhz: 3600, Mhz Limit: 3600

Memory: 4k page, system-wide physical 32674M (21339M free)
TotalPageFile size 65442M (AvailPageFile size 50928M)
current process WorkingSet (physical memory assigned to process): 459M, peak: 460M
current process commit charge ("private bytes"): 427M, peak: 447M

vm_info: OpenJDK 64-Bit Server VM (17.0.10+7) for windows-amd64 JRE (17.0.10+7), built on Jan 16 2024 23:25:11 by "admin" with MS VC++ 16.10 / 16.11 (VS2019)

END.
